%roll pitch yaw
0.00687216 -0.0118144 -1.16852
0.00678914 -0.011794 -1.16859
0.00667608 -0.0117589 -1.16864
0.00653655 -0.0117139 -1.16869
0.00640098 -0.0116759 -1.16874
0.00625873 -0.0116561 -1.1688
0.00611464 -0.0116338 -1.16887
0.00598496 -0.0116096 -1.16894
0.00589781 -0.0115797 -1.16899
0.00585284 -0.0115537 -1.16906
0.00582634 -0.0115336 -1.16914
0.0058367 -0.0115306 -1.16921
0.00586354 -0.011535 -1.16926
0.00591917 -0.0115258 -1.16934
0.00599161 -0.0115008 -1.1694
0.00606757 -0.0114683 -1.16948
0.00612586 -0.0114251 -1.16958
0.00619681 -0.0113994 -1.16971
0.00625944 -0.0113855 -1.16986
0.0063017 -0.0113795 -1.17001
0.00632638 -0.0113653 -1.17013
0.00634796 -0.0113423 -1.17024
0.00635141 -0.0113286 -1.17034
0.0063197 -0.0113205 -1.17043
0.00627612 -0.0113087 -1.17051
0.00620605 -0.0112985 -1.17057
0.00613726 -0.0112724 -1.1706
0.00604872 -0.0112422 -1.17063
0.00596187 -0.0112336 -1.17066
0.00585495 -0.0112626 -1.17069
0.00573113 -0.0112959 -1.17072
0.00561185 -0.0113181 -1.17075
0.0054969 -0.011336 -1.17078
0.00538662 -0.0113594 -1.1708
0.00525108 -0.011399 -1.17083
0.00512264 -0.0114233 -1.17086
0.00499476 -0.0114172 -1.1709
0.00491542 -0.011408 -1.17093
0.00495991 -0.0114153 -1.17098
0.00512916 -0.0114323 -1.17103
0.00549323 -0.0114456 -1.17111
0.00605624 -0.0114374 -1.17117
0.00680732 -0.0114269 -1.17126
0.00771274 -0.01142 -1.17134
0.0087197 -0.0114423 -1.17142
0.00979994 -0.011484 -1.17148
0.0109125 -0.0115356 -1.17155
0.0120194 -0.0115858 -1.17162
0.0130913 -0.0116256 -1.17169
0.0141218 -0.0117011 -1.17177
0.0150583 -0.0118125 -1.17184
0.0159196 -0.011916 -1.1719
0.0166663 -0.0119646 -1.17194
0.0173254 -0.0119786 -1.17194
0.0178842 -0.0119752 -1.1719
0.0183415 -0.0119711 -1.17179
0.0186986 -0.0119399 -1.17159
0.0189328 -0.011853 -1.17131
0.0190726 -0.0117219 -1.17091
0.0190838 -0.0116006 -1.17041
0.0190118 -0.0115607 -1.16984
0.0188077 -0.0115912 -1.16918
0.0185225 -0.0115842 -1.16845
0.0181179 -0.0115352 -1.16769
0.0176397 -0.0115423 -1.16691
0.0170991 -0.0116578 -1.16612
0.0164863 -0.0118687 -1.16536
0.015871 -0.0121219 -1.16462
0.0152812 -0.0123838 -1.16392
0.014756 -0.0126254 -1.16324
0.0142826 -0.0128933 -1.16258
0.0139381 -0.0132506 -1.16193
0.0136886 -0.0136903 -1.16131
0.0135845 -0.0141746 -1.16071
0.0135598 -0.0146255 -1.16015
0.013636 -0.0150235 -1.15967
0.0138117 -0.0154823 -1.15927
0.0140022 -0.0159911 -1.15898
0.0142905 -0.0164558 -1.15877
0.0145957 -0.0168581 -1.15866
0.0149753 -0.017277 -1.15864
0.0154449 -0.0177548 -1.15871
0.0159478 -0.018223 -1.15883
0.0165754 -0.0185894 -1.15899
0.0172203 -0.018962 -1.15918
0.0179196 -0.0193833 -1.1594
0.0186339 -0.0198038 -1.15968
0.0192928 -0.0201425 -1.16001
0.0199861 -0.0204597 -1.16038
0.0206166 -0.0208536 -1.16079
0.0211889 -0.0212683 -1.16124
0.0217609 -0.0216081 -1.16174
0.0222402 -0.021905 -1.16228
0.022726 -0.0222515 -1.16285
0.0231615 -0.0226266 -1.16342
0.0235628 -0.0229341 -1.16399
0.0239852 -0.0231935 -1.16458
0.0243695 -0.0235033 -1.16513
0.0247479 -0.0238406 -1.16567
0.0250519 -0.0241275 -1.16622
0.0252763 -0.0243348 -1.16674
0.0254908 -0.0245845 -1.16726
0.0256213 -0.0248864 -1.16778
0.0256788 -0.0251305 -1.16831
0.0256203 -0.0253065 -1.16884
0.025509 -0.0254664 -1.16936
0.0253927 -0.0256899 -1.16986
0.025198 -0.025971 -1.17035
0.0250446 -0.0261975 -1.17084
0.0248904 -0.0264166 -1.17132
0.024707 -0.0266891 -1.17181
0.0245869 -0.0269626 -1.17229
0.0244818 -0.027146 -1.17277
0.0243575 -0.0273265 -1.17325
0.024276 -0.0275822 -1.17372
0.0242297 -0.0278675 -1.1742
0.0242477 -0.0280965 -1.17469
0.0242665 -0.0282115 -1.17518
0.0243759 -0.0282757 -1.17569
0.0244766 -0.0283648 -1.17618
0.0246531 -0.0285313 -1.17666
0.0249327 -0.02869 -1.17712
0.0252299 -0.0287646 -1.17755
0.0255792 -0.0288413 -1.17796
0.0259047 -0.0290315 -1.17835
0.0262894 -0.0292181 -1.17873
0.0267469 -0.0292879 -1.17908
0.0271498 -0.0293603 -1.1794
0.027569 -0.0294745 -1.17969
0.0279263 -0.0295818 -1.17992
0.0283229 -0.0295975 -1.18008
0.028677 -0.0295376 -1.1802
0.0290317 -0.0295025 -1.18027
0.0293867 -0.0296114 -1.18031
0.0297094 -0.0297943 -1.18035
0.0300636 -0.0300006 -1.18039
0.0303387 -0.0302148 -1.18039
0.0305758 -0.0305099 -1.18037
0.030788 -0.0308378 -1.18032
0.0309508 -0.0310644 -1.18026
0.0311092 -0.0312329 -1.18016
0.0311971 -0.031473 -1.18002
0.0312558 -0.0317869 -1.17988
0.0312923 -0.032116 -1.17974
0.0312985 -0.0323954 -1.17957
0.0312996 -0.0326158 -1.17939
0.0312097 -0.032842 -1.17921
0.0311508 -0.0330594 -1.17903
0.0310392 -0.0332225 -1.17886
0.0309176 -0.0332813 -1.17868
0.0307641 -0.0332433 -1.1785
0.0306048 -0.0331942 -1.17829
0.0304806 -0.0332 -1.1781
0.0302902 -0.0332394 -1.17792
0.030134 -0.0332535 -1.17774
0.029955 -0.0332091 -1.17758
0.0298626 -0.0331675 -1.17744
0.029832 -0.0331599 -1.17732
0.0297568 -0.0330967 -1.17724
0.0297405 -0.0329139 -1.17717
0.0297364 -0.0327431 -1.17712
0.0297352 -0.0326521 -1.17714
0.0297324 -0.032554 -1.17718
0.0296884 -0.0324063 -1.17724
0.0297171 -0.0323138 -1.17731
0.0297597 -0.03227 -1.17738
0.0297608 -0.0322229 -1.17742
0.0298195 -0.032128 -1.17745
0.0298648 -0.032017 -1.17745
0.0300054 -0.0319666 -1.17745
0.0301772 -0.031917 -1.17742
0.0303954 -0.0318408 -1.17737
0.0306075 -0.0317702 -1.17732
0.0307671 -0.0317662 -1.17728
0.0309388 -0.0318396 -1.17722
0.0310372 -0.0319318 -1.17714
0.0310758 -0.0319897 -1.17701
0.0310059 -0.0320975 -1.17684
0.0309081 -0.0322826 -1.17665
0.0308359 -0.0324981 -1.17641
0.0307198 -0.0326973 -1.17612
0.0306511 -0.0328669 -1.17575
0.0305788 -0.0330556 -1.17534
0.0305519 -0.0332949 -1.1749
0.030613 -0.0335605 -1.17448
0.0306986 -0.033769 -1.17406
0.0308057 -0.0339515 -1.17366
0.0308258 -0.0342176 -1.1733
0.0308349 -0.0345506 -1.17297
0.0308605 -0.0348472 -1.17265
0.0308892 -0.0351132 -1.17237
0.0309614 -0.0354034 -1.17213
0.0310324 -0.0357495 -1.17192
0.0311665 -0.0360948 -1.17176
0.0313289 -0.0364221 -1.17164
0.0315162 -0.0368209 -1.17157
0.0317668 -0.0373172 -1.17159
0.0319311 -0.0377469 -1.17166
0.03196 -0.0378618 -1.17179
0.0317271 -0.0375404 -1.17197
0.0312267 -0.0368474 -1.17219
0.0304485 -0.0358271 -1.17245
0.0293568 -0.0345004 -1.17277
0.0277934 -0.0327031 -1.1731
0.0260653 -0.0308178 -1.17345
0.0244436 -0.0291377 -1.17377
0.0226956 -0.0273884 -1.17403
0.0209454 -0.0255162 -1.1742
0.0192486 -0.0234503 -1.17431
0.0175601 -0.0211534 -1.1744
0.0158731 -0.0186605 -1.17453
0.0141861 -0.0161006 -1.17471
0.0124937 -0.0135667 -1.17501
0.0108157 -0.0111416 -1.17545
0.00918832 -0.00885742 -1.17605
0.0076497 -0.00670471 -1.17681
0.00625711 -0.0046951 -1.17771
0.0050705 -0.00288167 -1.17872
0.00416606 -0.00128554 -1.17983
0.00352777 5.46005e-05 -1.18103
0.00316952 0.00119609 -1.18228
0.00311447 0.00213487 -1.1836
0.00329546 0.00278592 -1.18498
0.00366923 0.00314955 -1.18642
0.00421083 0.00326373 -1.1879
0.00488991 0.00317336 -1.18939
0.0056959 0.0028856 -1.1909
0.00655377 0.00243666 -1.1924
0.00742872 0.0019118 -1.19388
0.00833154 0.00132285 -1.19534
0.00919917 0.000660589 -1.19678
0.010006 -0.000106593 -1.19821
0.0107011 -0.00098814 -1.19962
0.0113245 -0.00193925 -1.20097
0.011916 -0.00295361 -1.20227
0.0124699 -0.0039729 -1.20352
0.0129599 -0.00493335 -1.20472
0.0133374 -0.00586198 -1.20586
0.0135545 -0.00676651 -1.20692
0.0136458 -0.00762817 -1.20791
0.013551 -0.00842662 -1.20885
0.0132283 -0.00919409 -1.20974
0.0126754 -0.00995432 -1.2106
0.0119155 -0.0105988 -1.21144
0.0109994 -0.0111211 -1.21225
0.00997406 -0.0115568 -1.21301
0.00901393 -0.0118859 -1.21371
0.0079976 -0.0120818 -1.21432
0.00693629 -0.0121567 -1.21483
0.00583397 -0.0121661 -1.21519
0.00471664 -0.0120932 -1.21542
0.0036067 -0.0119559 -1.21553
0.00227582 -0.0117267 -1.21552
0.000961988 -0.0114738 -1.21543
-0.000337484 -0.0111973 -1.21531
-0.00163398 -0.0109346 -1.21518
-0.00287424 -0.0106818 -1.21505
-0.00407585 -0.0104289 -1.21493
-0.00519505 -0.0101994 -1.21481
-0.00620203 -0.0100032 -1.21472
-0.00708982 -0.00988952 -1.21461
-0.00781937 -0.00982738 -1.2145
-0.00807892 -0.00994473 -1.21439
-0.00815281 -0.0101607 -1.21427
-0.00803278 -0.0104386 -1.21416
-0.00772542 -0.0107895 -1.21405
-0.0072774 -0.0112145 -1.21393
-0.00695798 -0.0116675 -1.21383
-0.00654188 -0.012144 -1.21374
-0.00604461 -0.0126587 -1.21365
-0.0055089 -0.0132081 -1.21357
-0.00494603 -0.0138219 -1.21346
-0.00436404 -0.0145183 -1.21332
-0.00374806 -0.0152714 -1.21312
-0.00312751 -0.0160738 -1.21288
-0.00250724 -0.016915 -1.21258
-0.00183371 -0.0176414 -1.21219
-0.00121256 -0.0182683 -1.21171
-0.000673241 -0.0187595 -1.21113
-0.000229223 -0.019164 -1.21045
0.000105881 -0.0195254 -1.20968
0.000281099 -0.0197996 -1.2088
0.00025211 -0.0201351 -1.20783
6.91825e-05 -0.0203983 -1.20678
-0.000206341 -0.0204107 -1.20565
-0.000602926 -0.0202751 -1.20447
-0.00118639 -0.020145 -1.20322
-0.00186149 -0.0198737 -1.20192
-0.00259756 -0.0195053 -1.20058
-0.00337437 -0.0191128 -1.1992
-0.00416628 -0.0186847 -1.19779
-0.00496246 -0.0182053 -1.19638
-0.00572169 -0.0176817 -1.19498
-0.006477 -0.017128 -1.19359
-0.00718599 -0.016553 -1.19226
-0.00786581 -0.0159309 -1.19098
-0.00850131 -0.0152505 -1.18975
-0.00906972 -0.0145456 -1.18859
-0.00958273 -0.0138248 -1.18749
-0.0100237 -0.0131007 -1.18644
-0.0104048 -0.0123939 -1.18544
-0.0107205 -0.0117305 -1.1845
-0.010946 -0.011122 -1.18366
-0.0110781 -0.0105691 -1.18289
-0.0111339 -0.0100965 -1.18218
-0.0110954 -0.00970139 -1.18154
-0.0109869 -0.0093387 -1.18098
-0.0108296 -0.00900413 -1.18048
-0.0106164 -0.00869828 -1.18005
-0.0103577 -0.00839106 -1.17965
-0.0100757 -0.00805612 -1.1793
-0.00978555 -0.00771833 -1.179
-0.00950407 -0.00739287 -1.17872
-0.00923082 -0.007062 -1.17844
-0.00895119 -0.0067365 -1.17816
-0.00869852 -0.00646266 -1.17788
-0.008453 -0.00621775 -1.1776
-0.0082218 -0.00594232 -1.17734
-0.00802027 -0.00561601 -1.1771
-0.00785777 -0.00523423 -1.1769
-0.0077605 -0.00480048 -1.17672
-0.00771042 -0.0043108 -1.17656
-0.00769812 -0.00382819 -1.17644
-0.00773613 -0.00339126 -1.17635
-0.00780328 -0.00299492 -1.1763
-0.0079137 -0.00260595 -1.17627
-0.00806581 -0.00221317 -1.17626
-0.00822988 -0.00178711 -1.17625
-0.00840558 -0.00131786 -1.17629
-0.00860526 -0.000819474 -1.17634
-0.00883044 -0.000309382 -1.17641
-0.00909624 0.000178931 -1.17653
-0.00939118 0.000630745 -1.17673
-0.00972789 0.00106178 -1.177
-0.0101215 0.00151361 -1.17733
-0.0105408 0.00201901 -1.17774
-0.0109635 0.00264015 -1.17824
-0.0114032 0.00332815 -1.17882
-0.0118478 0.0039744 -1.17946
-0.0122952 0.00450788 -1.18014
-0.012711 0.00488446 -1.18084
-0.0131076 0.00507913 -1.18152
-0.0134573 0.00506888 -1.18215
-0.0137768 0.00487349 -1.18274
-0.0141023 0.00455771 -1.18328
-0.0142778 0.00417399 -1.18377
-0.0144957 0.00372222 -1.18426
-0.0147391 0.00320142 -1.18474
-0.0149673 0.00263859 -1.18523
-0.0151838 0.00203325 -1.1857
-0.0155843 0.0013343 -1.18612
-0.0159506 0.000589221 -1.18649
-0.0162874 -0.000181939 -1.18677
-0.0166088 -0.000898203 -1.18696
-0.0169395 -0.00155561 -1.18711
-0.0173034 -0.00217868 -1.18725
-0.0174099 -0.00246857 -1.18738
-0.0174181 -0.00255891 -1.1875
-0.0172165 -0.00233225 -1.18756
-0.0167329 -0.00173011 -1.18756
-0.015941 -0.000768271 -1.18746
-0.0148775 0.000530214 -1.18727
-0.0135976 0.00210933 -1.18704
-0.0121944 0.00390382 -1.18679
-0.0107464 0.00585023 -1.18655
-0.00932669 0.00793441 -1.18635
-0.00794231 0.010136 -1.18615
-0.00659919 0.0123966 -1.18596
-0.00531646 0.0146776 -1.18572
-0.00421728 0.0166968 -1.18541
-0.00323499 0.0185625 -1.18502
-0.00238862 0.0202195 -1.18455
-0.00167153 0.0216582 -1.18399
-0.00108454 0.0229087 -1.18338
-0.000605478 0.0239474 -1.18272
-0.000226974 0.024736 -1.18198
0.000296244 0.0256986 -1.18117
0.000708347 0.0264557 -1.18028
0.0010389 0.0270144 -1.17929
0.00125655 0.0273559 -1.17822
0.00135425 0.0275157 -1.17709
0.00130751 0.0275809 -1.17591
0.000862894 0.0274482 -1.1747
0.000491791 0.0275276 -1.17348
1.34457e-05 0.0276028 -1.17227
-0.000564758 0.0276629 -1.17107
-0.00116313 0.027698 -1.16989
-0.00173923 0.0276658 -1.16874
-0.00230537 0.0275688 -1.1676
-0.00285024 0.0274246 -1.16649
-0.00335558 0.0272284 -1.16539
-0.00381714 0.0270023 -1.16432
-0.00423567 0.0267452 -1.16326
-0.00461601 0.0264543 -1.1622
-0.00494065 0.0261396 -1.16112
-0.0052201 0.0258079 -1.16004
-0.00545535 0.0254459 -1.15896
-0.00567254 0.0250597 -1.15788
-0.00588577 0.0246294 -1.15685
-0.0060745 0.0242079 -1.15587
-0.00626593 0.023777 -1.15496
-0.00642857 0.023346 -1.15411
-0.00652953 0.0229243 -1.15332
-0.00655657 0.0224816 -1.1526
-0.00649397 0.0220482 -1.15192
-0.00632249 0.0216375 -1.15131
-0.00607161 0.0212842 -1.15076
-0.00570987 0.0210012 -1.15029
-0.00530146 0.0207495 -1.14991
-0.00484491 0.0204835 -1.14964
-0.00439562 0.0202126 -1.1495
-0.00397995 0.0199606 -1.1495
-0.00361123 0.01975 -1.14965
-0.00330556 0.0195776 -1.14991
-0.00301341 0.0194267 -1.15027
-0.00275952 0.0192992 -1.15075
-0.00251715 0.0192023 -1.15132
-0.00225208 0.019144 -1.15199
-0.00195034 0.0191235 -1.15273
-0.00163713 0.0190996 -1.15354
-0.00133962 0.0190156 -1.15439
-0.00110621 0.0188928 -1.15529
-0.000904922 0.0187156 -1.15623
-0.000809038 0.018543 -1.15722
-0.000817516 0.0184022 -1.15824
-0.000961725 0.0182392 -1.15929
-0.00119832 0.0180162 -1.16036
-0.00149121 0.0177742 -1.16148
-0.00186509 0.0175046 -1.16263
-0.00233455 0.0171907 -1.16384
-0.00282888 0.0168612 -1.16509
-0.00333828 0.0165039 -1.16636
-0.00384771 0.0161162 -1.16766
-0.00435056 0.0156618 -1.16899
-0.00482043 0.0151126 -1.17034
-0.00524486 0.0145425 -1.17167
-0.00567393 0.0139959 -1.17302
-0.0060571 0.0134439 -1.17436
-0.00641359 0.0128678 -1.17573
-0.00673174 0.012299 -1.17713
-0.00704124 0.0117734 -1.17853
-0.00733265 0.0112819 -1.17992
-0.00754623 0.0107633 -1.18134
-0.00774792 0.0102279 -1.18277
-0.00788508 0.00971715 -1.1842
-0.00797468 0.00928912 -1.18562
-0.00804175 0.00894739 -1.18704
-0.00805624 0.00863842 -1.18847
-0.0080895 0.00831763 -1.18988
-0.00809137 0.00801039 -1.19128
-0.00808726 0.00774308 -1.19265
-0.00806081 0.00755097 -1.19398
-0.00804388 0.00737729 -1.19528
-0.0080402 0.00718263 -1.19655
-0.00806137 0.00692631 -1.19778
-0.00803685 0.0066396 -1.19896
-0.00802827 0.00640185 -1.2001
-0.00795952 0.00626787 -1.20118
-0.00787888 0.00617592 -1.2022
-0.00782046 0.00605988 -1.20316
-0.00767758 0.00593692 -1.20407
-0.0075552 0.00582062 -1.20494
-0.00742455 0.00564821 -1.20575
-0.00727808 0.00535761 -1.2065
-0.00715723 0.00501468 -1.20718
-0.00699969 0.00471419 -1.20779
-0.00688909 0.0044405 -1.20832
-0.00677269 0.00407358 -1.20876
-0.00663506 0.00363072 -1.20914
-0.00654566 0.00325244 -1.20944
-0.00644325 0.00295622 -1.20967
-0.00634207 0.00260842 -1.20983
-0.00625205 0.0022043 -1.20991
-0.00613879 0.00182122 -1.2099
-0.0060879 0.00149111 -1.20982
-0.00599743 0.00110739 -1.20965
-0.00588667 0.000635938 -1.20939
-0.00581244 0.000231055 -1.20905
-0.0057141 -2.43489e-05 -1.20863
-0.00569079 -0.000268085 -1.20816
-0.0056346 -0.000551813 -1.20764
-0.00554026 -0.000817429 -1.2071
-0.00548798 -0.000999961 -1.20652
-0.00540889 -0.00119528 -1.20591
-0.0052949 -0.00148418 -1.20526
-0.00510863 -0.00179532 -1.20455
-0.0049452 -0.00201454 -1.2038
-0.00474895 -0.00213011 -1.20299
-0.00459229 -0.00213471 -1.20214
-0.00439495 -0.00218143 -1.20122
-0.0041607 -0.00223335 -1.20027
-0.00396226 -0.00220234 -1.19929
-0.00369661 -0.00216281 -1.19829
-0.00331301 -0.00227819 -1.19729
-0.00281834 -0.00250514 -1.19627
-0.00213296 -0.00286923 -1.1953
-0.00137237 -0.00333368 -1.19438
-0.000514411 -0.00393524 -1.19353
0.000454098 -0.00460447 -1.19273
0.0014646 -0.00538206 -1.192
0.0024843 -0.0062894 -1.19133
0.00345462 -0.00728991 -1.19078
0.00442455 -0.00840159 -1.19034
0.00534253 -0.00963136 -1.18999
0.00635118 -0.0109298 -1.18971
0.007292 -0.0121973 -1.18944
0.00812483 -0.0135065 -1.18917
0.0089627 -0.0149149 -1.18886
0.00961322 -0.0162031 -1.18852
0.0102163 -0.0174085 -1.18816
0.0107382 -0.0185405 -1.18781
0.0111573 -0.0196868 -1.18749
0.0115118 -0.0207987 -1.18721
0.0117741 -0.0218002 -1.18696
0.0119557 -0.0226529 -1.18675
0.0120269 -0.023402 -1.18657
0.0119429 -0.0239881 -1.18638
0.0117067 -0.0242696 -1.18619
0.0114638 -0.0245222 -1.18602
0.0109713 -0.0243194 -1.18586
0.0101776 -0.0237014 -1.18571
0.00909599 -0.022749 -1.18555
0.00778333 -0.0214613 -1.18536
0.00631539 -0.01987 -1.18515
0.004784 -0.0180558 -1.18488
0.00322545 -0.0160819 -1.18456
0.00172448 -0.0139801 -1.18421
0.00028678 -0.011791 -1.18389
-0.00107737 -0.0095587 -1.18365
-0.00235009 -0.00732938 -1.18352
-0.00347962 -0.00517199 -1.18352
-0.00443521 -0.00311353 -1.18371
-0.00507845 -0.00156292 -1.18407
-0.00555318 -0.000221784 -1.18459
-0.00585408 0.000835346 -1.18525
-0.0060098 0.00159945 -1.18607
-0.00600472 0.00208591 -1.18702
-0.00588837 0.00229661 -1.18808
-0.00561937 0.00219944 -1.18925
-0.00515926 0.00179767 -1.19051
-0.00477135 0.00151277 -1.19188
-0.00421471 0.00100598 -1.19332
-0.00352482 0.000305723 -1.19484
-0.00276402 -0.000582413 -1.19641
-0.00179508 -0.0018074 -1.19807
-0.000824671 -0.0030682 -1.19979
0.000135837 -0.00434278 -1.20154
0.00105411 -0.00563508 -1.20334
0.00179148 -0.00676701 -1.20511
0.00243813 -0.00789483 -1.20686
0.00297868 -0.00900757 -1.20857
0.00344335 -0.0101116 -1.21027
0.00380099 -0.0112148 -1.21196
0.00408826 -0.0122661 -1.21367
0.00432497 -0.0132288 -1.21538
0.00452101 -0.0141062 -1.21709
0.00467361 -0.014913 -1.21878
0.00474551 -0.0156644 -1.22044
0.00473437 -0.0163196 -1.22204
0.00468969 -0.0169033 -1.22361
0.00472425 -0.0174883 -1.22513
0.00466799 -0.0180219 -1.22662
0.00451944 -0.0184692 -1.22807
0.00426308 -0.0188296 -1.22948
0.00393073 -0.0191136 -1.23085
0.00351756 -0.0193251 -1.23216
0.00284639 -0.019457 -1.23343
0.00212395 -0.0195467 -1.23466
0.00138489 -0.0195949 -1.23581
0.000671791 -0.0196207 -1.23685
4.99672e-06 -0.0196423 -1.23781
-0.000609505 -0.0196796 -1.23866
-0.0011446 -0.0196968 -1.23946
-0.00163729 -0.0197039 -1.24021
-0.00211827 -0.019737 -1.24089
-0.0026037 -0.0197866 -1.24152
-0.00313125 -0.0198445 -1.24211
-0.00370189 -0.0199508 -1.24267
-0.0042651 -0.0201195 -1.24318
-0.00480219 -0.0203497 -1.24365
-0.00529776 -0.0206621 -1.24409
-0.00571551 -0.0210498 -1.2445
-0.00603762 -0.021507 -1.24485
-0.0062489 -0.0220194 -1.24518
-0.00633812 -0.0226002 -1.24548
-0.00631321 -0.0232539 -1.24572
-0.0061938 -0.0239661 -1.24589
-0.00599322 -0.0247067 -1.24598
-0.00575588 -0.0254886 -1.246
-0.00551748 -0.0263107 -1.24594
-0.00529666 -0.0271562 -1.24577
-0.00510203 -0.0280124 -1.24549
-0.00494409 -0.0289299 -1.24511
-0.00483205 -0.0299112 -1.24465
-0.00475929 -0.0309089 -1.24409
-0.00472688 -0.0318753 -1.24344
-0.00474955 -0.0327884 -1.2427
-0.00479797 -0.0336635 -1.24185
-0.00492085 -0.0344792 -1.24088
-0.00510293 -0.0351768 -1.23979
-0.00534876 -0.0357808 -1.23859
-0.0056712 -0.0363492 -1.23731
-0.0060569 -0.0369058 -1.23594
-0.0065027 -0.037411 -1.23446
-0.00697742 -0.037833 -1.23292
-0.00750491 -0.0382068 -1.23132
-0.0080661 -0.0385384 -1.22969
-0.0086395 -0.03883 -1.22802
-0.00923776 -0.0390479 -1.22634
-0.00982026 -0.0391773 -1.22467
-0.010383 -0.0392377 -1.22299
-0.0109049 -0.0392502 -1.22132
-0.0113946 -0.0392523 -1.21965
-0.0118359 -0.0392613 -1.21796
-0.012216 -0.0392927 -1.21628
-0.0125263 -0.0393469 -1.21463
-0.0127789 -0.0393713 -1.21303
-0.0129736 -0.0393634 -1.21148
-0.0131386 -0.0393415 -1.20997
-0.0132441 -0.0393529 -1.20851
-0.0133095 -0.0393817 -1.20711
-0.0133565 -0.039438 -1.20578
-0.0133788 -0.0395403 -1.20454
-0.0133993 -0.0396666 -1.20335
-0.0134131 -0.0398049 -1.20223
-0.0134055 -0.0399625 -1.20117
-0.0133917 -0.040167 -1.20017
-0.0133566 -0.0403868 -1.19924
-0.013282 -0.0406341 -1.19833
-0.0131814 -0.0409162 -1.19746
-0.0130293 -0.0412335 -1.19662
-0.0128525 -0.0415538 -1.19578
-0.0126766 -0.041848 -1.19496
-0.0125321 -0.0421011 -1.19415
-0.0124208 -0.0422815 -1.19336
-0.0123712 -0.0424155 -1.19259
-0.0123802 -0.0425557 -1.19188
-0.0124301 -0.0427139 -1.19123
-0.0125483 -0.0428717 -1.19064
-0.0127053 -0.0430302 -1.19012
-0.0129092 -0.0431423 -1.18964
-0.0131122 -0.0431649 -1.18917
-0.0132852 -0.0430859 -1.18873
-0.0134659 -0.0429167 -1.18828
-0.013643 -0.0426726 -1.18783
-0.0138036 -0.042376 -1.1874
-0.0139795 -0.0420631 -1.187
-0.0141912 -0.0417849 -1.18665
-0.0144393 -0.0415534 -1.18637
-0.0147499 -0.0413525 -1.18618
-0.015116 -0.0411453 -1.1861
-0.0155281 -0.0408814 -1.18613
-0.015964 -0.0405553 -1.18626
-0.0163926 -0.0401795 -1.18649
-0.0167777 -0.0398255 -1.18683
-0.0170966 -0.0395382 -1.18724
-0.0172969 -0.0393076 -1.18772
-0.017406 -0.039079 -1.18827
-0.0174454 -0.0388225 -1.18889
-0.0174286 -0.0385106 -1.18958
-0.017398 -0.0381658 -1.19035
-0.0173548 -0.0378127 -1.19121
-0.0173379 -0.0375112 -1.19215
-0.0173618 -0.037264 -1.19318
-0.0174195 -0.037046 -1.19432
-0.0175506 -0.0368464 -1.19555
-0.0177223 -0.0367061 -1.19685
-0.0179057 -0.0366127 -1.19821
-0.0180765 -0.0365358 -1.19963
-0.0181991 -0.036442 -1.20106
-0.0182926 -0.0363929 -1.20252
-0.018366 -0.0364415 -1.20398
-0.0184288 -0.0365536 -1.20545
-0.0185302 -0.0366907 -1.2069
-0.0186755 -0.0369043 -1.20834
-0.0189034 -0.0372375 -1.20976
-0.0191995 -0.0376172 -1.21114
-0.0191599 -0.0375428 -1.21248
-0.0193084 -0.0375883 -1.21378
-0.0192298 -0.0372546 -1.21502
-0.0188988 -0.0365413 -1.21619
-0.0182963 -0.0354847 -1.21729
-0.0170509 -0.0338435 -1.21832
-0.0155867 -0.0320159 -1.21928
-0.013988 -0.0300592 -1.22019
-0.0123151 -0.0280157 -1.22106
-0.0108312 -0.0261736 -1.22188
-0.00928959 -0.0242013 -1.22269
-0.00759502 -0.0218847 -1.22351
-0.00593201 -0.0193845 -1.22436
-0.00423531 -0.0167312 -1.22524
-0.00250031 -0.0140734 -1.22612
-0.000757329 -0.0115378 -1.22695
0.000936551 -0.00916962 -1.22768
0.00262012 -0.00663529 -1.22823
0.00417681 -0.00424417 -1.22857
0.00554637 -0.00197886 -1.22869
0.00667847 0.00014934 -1.22859
0.00755121 0.00204907 -1.22829
0.0081621 0.00359568 -1.22784
0.0084814 0.0047454 -1.22728
0.00848427 0.00554747 -1.22663
0.00824979 0.00605095 -1.22591
0.00786132 0.00626385 -1.22515
0.0073664 0.00622864 -1.22431
0.00678676 0.00594718 -1.2234
0.00618461 0.00543388 -1.22242
0.00559052 0.00475028 -1.22135
0.00503815 0.00397365 -1.22022
0.00453693 0.00313853 -1.21906
0.00410643 0.00220704 -1.21788
0.00374508 0.00119241 -1.2167
0.00345491 0.000116813 -1.21557
0.00319055 -0.000972493 -1.21449
0.00296755 -0.00208054 -1.21347
0.00278837 -0.00317063 -1.21251
0.00267566 -0.0042008 -1.21164
0.00265166 -0.00516603 -1.21084
0.00275562 -0.00609416 -1.21008
0.00299878 -0.00697284 -1.20936
0.00341959 -0.00777657 -1.20863
0.00403319 -0.00849216 -1.2079
0.00482358 -0.00911896 -1.20717
0.00565205 -0.00963392 -1.20643
0.00660201 -0.00995961 -1.20572
0.00762537 -0.0101124 -1.20502
0.00867884 -0.0101202 -1.2044
0.00973199 -0.0100156 -1.20386
0.0107791 -0.00982054 -1.20342
0.0118051 -0.0095678 -1.20309
0.0130189 -0.00921535 -1.20288
0.0141816 -0.00877333 -1.20275
0.0153205 -0.00825697 -1.20271
0.0164255 -0.00771135 -1.20274
0.0175468 -0.00715961 -1.20281
0.0186505 -0.00661512 -1.20288
0.0197542 -0.00611092 -1.20295
0.0206338 -0.00575889 -1.20301
0.0214271 -0.00543832 -1.20305
0.0221342 -0.005183 -1.20306
0.0227154 -0.00502916 -1.20308
0.0231607 -0.00496504 -1.20312
0.0234397 -0.00498329 -1.20318
0.023581 -0.00507016 -1.20329
0.023829 -0.00515481 -1.20339
0.0239185 -0.00532721 -1.20348
0.0238906 -0.00559804 -1.20355
0.0237792 -0.00596835 -1.20364
0.0236543 -0.00640258 -1.20373
0.0235049 -0.00690056 -1.20384
0.0233359 -0.00745849 -1.20395
0.0231303 -0.00806009 -1.20408
0.0229382 -0.00872188 -1.20424
0.0227377 -0.00940714 -1.2044
0.0225345 -0.0100989 -1.20463
0.0223195 -0.0107789 -1.20496
0.0220981 -0.0114541 -1.20535
0.0219296 -0.0121094 -1.20582
0.021808 -0.0127182 -1.20638
0.0218043 -0.013227 -1.20704
0.0218711 -0.0136102 -1.20778
0.0220504 -0.0139332 -1.2086
0.0223453 -0.0142444 -1.20952
0.0227794 -0.0144978 -1.21049
0.0233099 -0.0146401 -1.21152
0.0239282 -0.014633 -1.2126
0.0245907 -0.0145139 -1.21372
0.0252924 -0.0143339 -1.21488
0.0260302 -0.0141093 -1.21608
0.0267255 -0.0137709 -1.21728
0.0274327 -0.0133211 -1.2185
0.0280807 -0.0128315 -1.21972
0.0287361 -0.0123602 -1.22096
0.0293437 -0.0119251 -1.22221
0.0299103 -0.0114727 -1.22343
0.0304307 -0.0109356 -1.22459
0.0308896 -0.0103121 -1.22567
0.0313297 -0.00970045 -1.22667
0.0316842 -0.00915296 -1.22763
0.0320117 -0.00861919 -1.22854
0.03226 -0.00809175 -1.2294
0.0324496 -0.00762184 -1.23018
0.0325613 -0.00726288 -1.23092
0.0325964 -0.00698646 -1.23161
0.0326282 -0.00675658 -1.23227
0.0325629 -0.00655143 -1.23288
0.0324758 -0.0064098 -1.23344
0.0323825 -0.00636474 -1.23394
0.0322522 -0.00632313 -1.23441
0.0321355 -0.00623951 -1.23484
0.0319682 -0.00616977 -1.23522
0.0318312 -0.00618125 -1.23555
0.0317123 -0.00622661 -1.23587
0.0315676 -0.00625199 -1.23616
0.0314633 -0.00623283 -1.23644
0.0313314 -0.00630398 -1.2367
0.0312495 -0.00639864 -1.23694
0.0311616 -0.00646718 -1.23716
0.0311351 -0.00646355 -1.23736
0.031111 -0.00635937 -1.23755
0.0311029 -0.00625692 -1.23771
0.0311353 -0.00620289 -1.23785
0.0311567 -0.00617889 -1.238
0.0312408 -0.00612349 -1.23813
0.0313281 -0.00601544 -1.23821
0.0314799 -0.00583629 -1.23828
0.0316304 -0.00570154 -1.23834
0.0317999 -0.00562107 -1.23839
0.0319765 -0.00551784 -1.23839
0.0321174 -0.00534139 -1.23837
0.0322892 -0.00514775 -1.23831
0.0324677 -0.00496732 -1.23819
0.0326843 -0.0047748 -1.238
0.0329248 -0.00456139 -1.23773
0.0331726 -0.00437592 -1.23741
0.0334903 -0.00422337 -1.23702
0.033762 -0.00402684 -1.23654
0.0340766 -0.00377062 -1.23599
0.0343938 -0.00349852 -1.23537
0.0347335 -0.00334652 -1.23471
0.0350622 -0.00335138 -1.23401
0.0353386 -0.00344793 -1.23332
0.0356656 -0.00362209 -1.23261
0.0359987 -0.00393041 -1.23187
0.0363381 -0.00438959 -1.23115
0.0366597 -0.0049676 -1.23046
0.0369881 -0.00559743 -1.22976
0.0373554 -0.00623356 -1.22907
0.0376796 -0.00690026 -1.2284
0.038013 -0.00765626 -1.22775
0.0382887 -0.00849307 -1.22711
0.0385485 -0.0093446 -1.22654
0.0388168 -0.0101946 -1.22602
0.0391367 -0.0110459 -1.22552
0.0395051 -0.0119246 -1.22504
0.039864 -0.0127849 -1.2246
0.0402419 -0.0135879 -1.22421
0.0402062 -0.0138485 -1.22387
0.0399553 -0.0138139 -1.22363
0.0394665 -0.0134012 -1.22346
0.0386735 -0.0125159 -1.22336
0.0378701 -0.0114596 -1.22331
0.0367953 -0.0100098 -1.2233
0.0355845 -0.00830893 -1.22328
0.0342809 -0.00646301 -1.22329
0.0327677 -0.00449204 -1.22331
0.0312921 -0.00254424 -1.22332
0.030004 -0.000684308 -1.22333
0.0287319 0.00118255 -1.22335
0.0274552 0.00311464 -1.2234
0.0261725 0.00514402 -1.22349
0.0248689 0.00721883 -1.22366
0.0235307 0.00930432 -1.22393
0.0222156 0.0113113 -1.22432
0.0209237 0.01318 -1.22483
0.0196945 0.0148581 -1.22549
0.0185647 0.0163185 -1.22626
0.017561 0.0175411 -1.22713
0.0167307 0.0185335 -1.2281
0.0160664 0.0193505 -1.22917
0.0158757 0.0197243 -1.23033
0.0159054 0.0199462 -1.23159
0.0161431 0.0199998 -1.23297
0.0165453 0.0198876 -1.23443
0.0170739 0.0196199 -1.23596
0.0177132 0.0191631 -1.23756
0.0181744 0.0188519 -1.23918
0.0186951 0.0183088 -1.24082
0.0192825 0.0176368 -1.24248
0.0199142 0.0169236 -1.24412
0.0205978 0.0161681 -1.24576
0.0213011 0.015385 -1.2474
0.0220188 0.0145915 -1.24901
0.0227227 0.0137854 -1.25057
0.0233733 0.0129278 -1.2521
0.0239621 0.0119978 -1.2536
0.0244779 0.0110145 -1.25503
0.0249873 0.0100158 -1.25643
0.0254711 0.00899399 -1.25777
0.0258788 0.00799567 -1.25906
0.026208 0.00705894 -1.26029
0.0264909 0.00622708 -1.26143
0.0267266 0.00545313 -1.26251
0.0268517 0.00471432 -1.26351
0.0268379 0.00403263 -1.26443
0.0266761 0.00343067 -1.26528
0.0263501 0.00292052 -1.26604
0.0258332 0.00250284 -1.26671
0.0251758 0.00220742 -1.26729
0.0243871 0.00202247 -1.26775
0.0235382 0.001931 -1.26812
0.0226896 0.00190991 -1.26835
0.0218621 0.00196769 -1.26846
0.0210586 0.00209842 -1.26848
0.0202932 0.00225268 -1.2684
0.0195464 0.00243406 -1.26824
0.0188168 0.00262668 -1.268
0.0180772 0.00282513 -1.26771
0.0173217 0.00301869 -1.26736
0.0165721 0.00319396 -1.26697
0.0158479 0.00333687 -1.26655
0.0151715 0.00340146 -1.26612
0.0146075 0.00337448 -1.26567
0.0141632 0.00327143 -1.26522
0.013885 0.00309551 -1.26476
0.0137712 0.00282292 -1.2643
0.0138364 0.00245395 -1.26384
0.0140612 0.00201574 -1.26339
0.0144406 0.00152063 -1.26294
0.0149407 0.000964702 -1.26247
0.0155061 0.000337827 -1.26199
0.0161014 -0.000343784 -1.2615
0.0167167 -0.00109659 -1.26101
0.017361 -0.00192814 -1.26052
0.0179892 -0.00283136 -1.26004
0.0186219 -0.00373366 -1.25954
0.0192375 -0.00458668 -1.25901
0.0198355 -0.00542808 -1.25845
0.0204231 -0.00627754 -1.25789
0.0209551 -0.00710507 -1.25729
0.0214562 -0.00789635 -1.25664
0.0218931 -0.00861625 -1.25596
0.0222483 -0.00926596 -1.25523
0.022498 -0.00985558 -1.25446
0.0226178 -0.0103381 -1.25363
0.02265 -0.0105735 -1.25273
0.0225312 -0.0107997 -1.25178
0.0222934 -0.0109368 -1.25082
0.0219323 -0.0110339 -1.24984
0.0214642 -0.0111073 -1.24887
0.0209186 -0.0111505 -1.24788
0.0203274 -0.0111599 -1.2469
0.019707 -0.0111209 -1.24594
0.0190596 -0.0110081 -1.245
0.0183942 -0.0108165 -1.24409
0.0177275 -0.0105588 -1.2432
0.0170589 -0.0102552 -1.24234
0.0163951 -0.00989905 -1.24151
0.0157059 -0.00949564 -1.24073
0.0150127 -0.00906362 -1.23997
0.0143177 -0.00866466 -1.23926
0.0136324 -0.00832523 -1.23863
0.0129674 -0.00804117 -1.23805
0.0123134 -0.00778867 -1.23757
0.0116805 -0.00758264 -1.23717
0.0110872 -0.0074152 -1.23688
0.0105226 -0.00729544 -1.23667
0.0100089 -0.0072311 -1.23656
0.00952411 -0.00719336 -1.23654
0.00904471 -0.00715837 -1.23662
0.00859083 -0.00712871 -1.23679
0.00817404 -0.0071385 -1.237
0.00779736 -0.00719795 -1.23725
0.00744994 -0.00728874 -1.23755
0.00711482 -0.0074175 -1.23789
0.00681917 -0.007582 -1.23828
0.00654959 -0.0077599 -1.2387
0.00629525 -0.00792824 -1.23913
0.00604737 -0.00805787 -1.23959
0.00578061 -0.008138 -1.2401
0.00548324 -0.00818155 -1.24064
0.0051586 -0.00819751 -1.2412
0.0047851 -0.0082461 -1.24177
0.00435577 -0.00833339 -1.24235
0.00385693 -0.00843766 -1.24293
0.00327472 -0.0085281 -1.24352
0.00262794 -0.00858923 -1.24412
0.00193827 -0.00861473 -1.24471
0.00121851 -0.00857803 -1.24526
0.000516775 -0.00851943 -1.24578
-0.000163532 -0.00846001 -1.24628
-0.000837725 -0.00841235 -1.24671
-0.00153621 -0.00837099 -1.24712
-0.00226352 -0.00831943 -1.24754
-0.0031207 -0.00828511 -1.24797
-0.00408683 -0.00827962 -1.24841
-0.00519761 -0.00831719 -1.24888
-0.00641591 -0.0084186 -1.24935
-0.00773732 -0.00862303 -1.24983
-0.00895583 -0.00894936 -1.25027
-0.0101581 -0.00939127 -1.25064
-0.011295 -0.00991659 -1.25095
-0.0123673 -0.010474 -1.25119
-0.0133949 -0.0110683 -1.25138
-0.0143615 -0.0116685 -1.25156
-0.0154418 -0.0123498 -1.25176
-0.0164983 -0.0130488 -1.25201
-0.0175435 -0.0137855 -1.25228
-0.0185587 -0.0145717 -1.25258
-0.0195183 -0.0153861 -1.2529
-0.0204163 -0.0161846 -1.25324
-0.0212555 -0.0169564 -1.25358
-0.0220023 -0.0176867 -1.25394
-0.0226822 -0.0183516 -1.25432
-0.0233073 -0.0189751 -1.25474
-0.0238635 -0.0195738 -1.25516
-0.0243439 -0.0201518 -1.25562
-0.0243667 -0.020202 -1.25609
-0.0241676 -0.0199068 -1.25652
-0.0239722 -0.019579 -1.25689
-0.0234634 -0.0188232 -1.25722
-0.0226649 -0.0176497 -1.2575
-0.0216358 -0.0161418 -1.25773
-0.0204565 -0.014396 -1.25793
-0.0192283 -0.0125137 -1.25813
-0.0179455 -0.0104911 -1.25833
-0.0167481 -0.00841663 -1.25855
-0.0156369 -0.006294 -1.25879
-0.0145654 -0.0040591 -1.25906
-0.0136048 -0.00181774 -1.25932
-0.0127833 0.000373897 -1.25954
-0.0120861 0.00249635 -1.2597
-0.0114692 0.00452573 -1.25975
-0.011059 0.00599405 -1.25971
-0.010749 0.00720855 -1.25955
-0.0105503 0.0081654 -1.25928
-0.0104644 0.00888087 -1.25893
-0.0104856 0.00937044 -1.25849
-0.0106194 0.00963353 -1.25795
-0.0106401 0.0100224 -1.25734
-0.0108116 0.0102653 -1.25665
-0.0111148 0.0104024 -1.25588
-0.0115101 0.0104317 -1.25506
-0.0120193 0.0103227 -1.25417
-0.0126639 0.0100887 -1.25324
-0.0133851 0.00976045 -1.25232
-0.0141352 0.0093725 -1.2514
-0.0149263 0.00894333 -1.25051
-0.0157256 0.00843649 -1.24963
-0.0164774 0.00786889 -1.24874
-0.0171786 0.00724948 -1.24784
-0.0178242 0.00658159 -1.24691
-0.0184526 0.00585945 -1.24595
-0.0190536 0.00508634 -1.24496
-0.0196744 0.00428326 -1.24396
-0.0202842 0.00348136 -1.24294
-0.0208907 0.00264629 -1.24192
-0.0214725 0.00174507 -1.24093
-0.0220247 0.000829293 -1.23995
-0.0224978 -8.59204e-05 -1.23897
-0.0228535 -0.000996774 -1.23798
-0.0230745 -0.00188699 -1.237
-0.0232471 -0.00278779 -1.23603
-0.0232992 -0.00358092 -1.2351
-0.0232726 -0.00432596 -1.23422
-0.0231791 -0.00502398 -1.23341
-0.0230315 -0.00570953 -1.23269
-0.0228891 -0.00633968 -1.23204
-0.0225547 -0.00683397 -1.23148
-0.02223 -0.00722935 -1.23104
-0.02188 -0.00758776 -1.2307
-0.0215055 -0.00789625 -1.23047
-0.0210949 -0.00812507 -1.23033
-0.0206124 -0.00825085 -1.23029
-0.020104 -0.00833429 -1.23032
-0.0195239 -0.00842117 -1.23038
-0.0189289 -0.00852045 -1.23046
-0.0183289 -0.00863347 -1.23055
-0.0177698 -0.00874043 -1.23068
-0.0172778 -0.00886341 -1.23083
-0.0169081 -0.00904783 -1.23103
-0.016677 -0.00927595 -1.23125
-0.0165869 -0.00952209 -1.23147
-0.0166385 -0.00980312 -1.23171
-0.0167784 -0.0101589 -1.23195
-0.0170245 -0.0106035 -1.23221
-0.0173586 -0.0111404 -1.23249
-0.0177746 -0.0117271 -1.23278
-0.0182248 -0.0123736 -1.23305
-0.0186984 -0.0130808 -1.23334
-0.0191891 -0.0138645 -1.23363
-0.0197105 -0.0147079 -1.23394
-0.0202432 -0.0156259 -1.23427
-0.0207682 -0.0165791 -1.23462
-0.0213028 -0.0175451 -1.235
-0.0217896 -0.0184857 -1.23545
-0.0223019 -0.0194216 -1.23595
-0.0227627 -0.0203757 -1.23648
-0.0232085 -0.0213753 -1.23705
-0.023562 -0.0223698 -1.23766
-0.0239078 -0.0231504 -1.23831
-0.0241636 -0.0238211 -1.23899
-0.0243281 -0.0244345 -1.2397
-0.0244258 -0.0250429 -1.24045
-0.0244593 -0.025584 -1.24122
-0.0244052 -0.026121 -1.24204
-0.0242748 -0.0265579 -1.24286
-0.0241111 -0.0269495 -1.2437
-0.0239123 -0.0273617 -1.24456
-0.0237438 -0.027722 -1.24543
-0.0235531 -0.0279654 -1.24629
-0.0233477 -0.0280491 -1.24715
-0.0230948 -0.028001 -1.248
-0.0228417 -0.0278881 -1.24885
-0.0226003 -0.0277731 -1.24969
-0.0223207 -0.0276845 -1.25053
-0.022059 -0.0275127 -1.25134
-0.0217284 -0.0272233 -1.2521
-0.0214295 -0.0269475 -1.25284
-0.021116 -0.0267574 -1.25353
-0.0208338 -0.0265951 -1.2542
-0.0205419 -0.0263884 -1.25483
-0.0201832 -0.0261893 -1.25539
-0.0198768 -0.026061 -1.2559
-0.019542 -0.0260206 -1.25633
-0.0192567 -0.0260225 -1.2567
-0.0189315 -0.0260095 -1.25702
-0.0186633 -0.0259473 -1.25727
-0.0184056 -0.0258459 -1.25746
-0.0182152 -0.025776 -1.25759
-0.0180694 -0.025808 -1.25767
-0.0179245 -0.0258366 -1.25773
-0.0178182 -0.0257865 -1.25773
-0.0177353 -0.0256988 -1.25768
-0.0177244 -0.0256147 -1.25759
-0.0177008 -0.0255742 -1.25744
-0.0176773 -0.0255736 -1.25726
-0.0175894 -0.0255259 -1.25703
-0.0174385 -0.0254072 -1.25676
-0.01732 -0.0253023 -1.25648
-0.017055 -0.0251976 -1.25615
-0.016727 -0.0250301 -1.25581
-0.0163243 -0.0247892 -1.25547
-0.0159214 -0.0245435 -1.25514
-0.0155369 -0.0244243 -1.25481
-0.0151199 -0.024389 -1.25448
-0.0146917 -0.0243019 -1.25416
-0.0142199 -0.0241617 -1.25385
-0.0137666 -0.0241013 -1.25354
-0.0133138 -0.0240301 -1.2532
-0.0127421 -0.0238492 -1.25283
-0.0121417 -0.023621 -1.25243
-0.0114949 -0.0233778 -1.25199
-0.0108049 -0.0231622 -1.25148
-0.0101391 -0.0228896 -1.25092
-0.00946626 -0.0225595 -1.25032
-0.00877287 -0.0222744 -1.24968
-0.00805243 -0.0220588 -1.24903
-0.00732233 -0.0219491 -1.24838
-0.00670938 -0.0219369 -1.24775
-0.0060543 -0.0220185 -1.24717
-0.00538989 -0.0222597 -1.24662
-0.00464095 -0.0226214 -1.24611
-0.00386832 -0.0230044 -1.24561
-0.00310374 -0.0233877 -1.24512
-0.00232183 -0.0238629 -1.24461
-0.0015753 -0.0244299 -1.24412
-0.000631785 -0.0250921 -1.24364
0.000300413 -0.0257314 -1.24318
0.00118175 -0.0264197 -1.24274
0.00198728 -0.0271564 -1.24229
0.00253669 -0.0277267 -1.24185
0.00305241 -0.0282565 -1.24143
0.00352332 -0.0287315 -1.24104
0.00395531 -0.0291591 -1.24069
0.00434227 -0.0295257 -1.24039
0.004621 -0.0297584 -1.24015
0.00477369 -0.0296986 -1.23998
0.0046457 -0.0292829 -1.23987
0.00457244 -0.028911 -1.23985
0.0041738 -0.0281191 -1.2399
0.00345518 -0.0268738 -1.23999
0.00245192 -0.0252336 -1.24009
0.00122946 -0.0233287 -1.24021
-0.000104212 -0.0212531 -1.24028
-0.00151508 -0.0190777 -1.24031
-0.00294651 -0.0168167 -1.24029
-0.00434115 -0.014472 -1.24025
-0.00568876 -0.0120735 -1.24022
-0.00699913 -0.00964906 -1.24028
-0.00820358 -0.00724974 -1.24044
-0.00914992 -0.00522847 -1.24074
-0.00995507 -0.00336698 -1.24116
-0.010583 -0.00172952 -1.24169
-0.0110276 -0.000354915 -1.24232
-0.0112902 0.000783832 -1.24299
-0.0113771 0.00170747 -1.24372
-0.0113038 0.00241133 -1.2445
-0.0110268 0.00285079 -1.2453
-0.0108167 0.00343605 -1.24614
-0.0104088 0.00372706 -1.24703
-0.00987887 0.00378473 -1.24795
-0.00923468 0.0036549 -1.24888
-0.00851482 0.00332751 -1.24982
-0.00776183 0.00279017 -1.25075
-0.00698549 0.00208026 -1.25163
-0.0060493 0.00102096 -1.25246
-0.00514941 -8.97367e-05 -1.25323
-0.00431628 -0.00123135 -1.25395
-0.00357211 -0.00236202 -1.25464
-0.0029784 -0.00324819 -1.2553
-0.00251072 -0.00408246 -1.2559
-0.00213049 -0.00492722 -1.25644
-0.00183092 -0.00579396 -1.25693
-0.00157807 -0.00661382 -1.25737
-0.0013957 -0.00738447 -1.25776
-0.00128465 -0.00814759 -1.2581
-0.00120323 -0.0089039 -1.25845
-0.00114652 -0.00959749 -1.25878
-0.00116056 -0.0101958 -1.25908
-0.00124671 -0.0107392 -1.25938
-0.00128906 -0.0113287 -1.25965
-0.00139204 -0.0118149 -1.25989
-0.00156332 -0.0121914 -1.2601
-0.0018399 -0.012485 -1.26029
-0.00219645 -0.0127091 -1.26042
-0.00263675 -0.0128643 -1.2605
-0.00309873 -0.0129419 -1.26054
-0.00369339 -0.0128992 -1.26053
-0.00426246 -0.0128393 -1.26047
-0.00477945 -0.0127307 -1.26033
-0.00524266 -0.0125709 -1.26015
-0.0056381 -0.0123673 -1.2599
-0.00599182 -0.0121525 -1.25959
-0.00634088 -0.0119208 -1.25923
-0.00670727 -0.0116846 -1.25882
-0.00708996 -0.0114639 -1.25839
-0.00750616 -0.0112721 -1.25796
-0.00794223 -0.0111003 -1.25753
-0.00836562 -0.0109482 -1.2571
-0.00872398 -0.0108401 -1.25668
-0.00900951 -0.0107964 -1.25631
-0.00919999 -0.0107985 -1.25597
-0.00926457 -0.0108355 -1.25564
-0.00918786 -0.0109371 -1.25535
-0.00898087 -0.0111214 -1.25511
-0.00865733 -0.0113628 -1.25489
-0.00825141 -0.0116735 -1.2547
-0.0078036 -0.0120689 -1.25453
-0.00732042 -0.0125086 -1.25437
-0.00684726 -0.0129603 -1.25424
-0.00639574 -0.0134338 -1.2541
-0.00597835 -0.0139349 -1.25396
-0.00560865 -0.0144614 -1.25382
-0.00528166 -0.0150173 -1.25369
-0.00500813 -0.015589 -1.25357
-0.00480059 -0.0161739 -1.25346
-0.00465413 -0.0167479 -1.25335
-0.0045744 -0.0173059 -1.25323
-0.00455945 -0.0178544 -1.25309
-0.00460783 -0.0183915 -1.25292
-0.00472533 -0.018901 -1.25274
-0.00490055 -0.0193327 -1.25254
-0.0051426 -0.0196654 -1.25232
-0.00543318 -0.0199169 -1.25208
-0.0057812 -0.0201405 -1.25182
-0.00616119 -0.0203268 -1.25157
-0.00656393 -0.020446 -1.25133
-0.00697328 -0.0204871 -1.2511
-0.00735487 -0.0204689 -1.25088
-0.00771889 -0.0204255 -1.25068
-0.0080273 -0.0203527 -1.25049
-0.00830367 -0.0202316 -1.25031
-0.00851598 -0.0200822 -1.25017
-0.00866559 -0.0199395 -1.25006
-0.00876193 -0.0197854 -1.24999
-0.00878728 -0.0195882 -1.24996
-0.00877498 -0.0193452 -1.24996
-0.00871072 -0.0190651 -1.25
-0.00861045 -0.0187797 -1.25005
-0.0084735 -0.0185189 -1.25015
-0.00830213 -0.0182643 -1.25029
-0.00811321 -0.0180647 -1.25045
-0.00790622 -0.0179525 -1.25063
-0.00768661 -0.0179146 -1.25082
-0.00745713 -0.0179076 -1.25101
-0.00721288 -0.0178883 -1.25122
-0.00698357 -0.0178684 -1.25146
-0.00675394 -0.0178672 -1.25174
-0.0065267 -0.0178853 -1.25205
-0.00630432 -0.0179542 -1.25236
-0.00607025 -0.0180935 -1.25267
-0.00581884 -0.0182726 -1.25298
-0.00554553 -0.0184694 -1.25327
-0.00525611 -0.0186432 -1.25356
-0.00497331 -0.0188105 -1.25383
-0.0046695 -0.0189891 -1.25409
-0.00438378 -0.0191767 -1.25434
-0.00413699 -0.0193343 -1.25456
-0.00392786 -0.019449 -1.2548
-0.00376877 -0.0195516 -1.25504
-0.00364382 -0.0196683 -1.25526
-0.00357094 -0.0197811 -1.25549
-0.00353107 -0.0198747 -1.2557
-0.00350825 -0.0199665 -1.25589
-0.00350219 -0.0199979 -1.25605
-0.00353652 -0.0199944 -1.25619
-0.00362209 -0.0199548 -1.2563
-0.0037987 -0.01988 -1.25638
-0.00406132 -0.0197314 -1.25648
-0.00445578 -0.019454 -1.25659
-0.00497634 -0.0190818 -1.25673
-0.00562829 -0.0186562 -1.25689
-0.00629902 -0.0181913 -1.2571
-0.0070941 -0.0177467 -1.25736
-0.00800673 -0.0173864 -1.25762
-0.00899429 -0.0171626 -1.25789
-0.010088 -0.0170311 -1.25812
-0.0111858 -0.0169266 -1.25833
-0.0122431 -0.0168062 -1.25853
-0.0132814 -0.0166875 -1.25875
-0.0142716 -0.0165881 -1.259
-0.0152552 -0.0165165 -1.25928
-0.0162294 -0.0164647 -1.2596
-0.0171939 -0.0164341 -1.25993
-0.0181435 -0.0164482 -1.26027
-0.0190731 -0.016482 -1.26064
-0.0199519 -0.0165928 -1.26099
-0.0207676 -0.0167513 -1.26132
-0.0215245 -0.0169508 -1.26164
-0.0222262 -0.0171595 -1.26195
-0.0228727 -0.0173479 -1.26226
-0.0234908 -0.0174982 -1.26255
-0.0240813 -0.0176104 -1.26283
-0.0246517 -0.0176909 -1.2631
-0.0252095 -0.017728 -1.26335
-0.0257262 -0.0177205 -1.26357
-0.0261778 -0.017679 -1.26374
-0.0265154 -0.0176037 -1.26386
-0.0266996 -0.0175058 -1.26397
-0.0267533 -0.0173847 -1.26405
-0.0266472 -0.0172145 -1.26414
