%roll pitch yaw
0.00287381 -0.0104007 -0.91333
0.00283368 -0.010377 -0.913383
0.00276702 -0.0103425 -0.913433
0.00268458 -0.0103019 -0.913503
0.00259081 -0.0102492 -0.913581
0.00247812 -0.0102121 -0.913647
0.00236743 -0.0101726 -0.913718
0.00225286 -0.0101264 -0.91381
0.00215042 -0.0100811 -0.913893
0.00208032 -0.0100481 -0.913972
0.00202388 -0.0100191 -0.914042
0.0019824 -0.00997696 -0.914107
0.0019796 -0.00994351 -0.914176
0.00199565 -0.00991647 -0.914262
0.00202031 -0.0098849 -0.914345
0.0020643 -0.00985224 -0.914427
0.00210376 -0.00982335 -0.914519
0.00215682 -0.0097797 -0.914618
0.00221447 -0.0097249 -0.914713
0.00225738 -0.0096865 -0.914801
0.00229061 -0.00964217 -0.914891
0.00230173 -0.00959038 -0.914991
0.00228204 -0.00953436 -0.915117
0.00225077 -0.00950441 -0.915234
0.00219126 -0.00950492 -0.915337
0.00212664 -0.00950662 -0.915438
0.00206244 -0.00950694 -0.915525
0.00198401 -0.00951997 -0.91561
0.0019115 -0.00955219 -0.915679
0.00184221 -0.00958912 -0.915746
0.00175259 -0.00963423 -0.915805
0.00168196 -0.00971342 -0.915871
0.00160408 -0.00978196 -0.915928
0.00152726 -0.00984359 -0.915987
0.00144354 -0.00990665 -0.91603
0.00134189 -0.00996123 -0.916075
0.00122914 -0.0100042 -0.916131
0.00115245 -0.010034 -0.916182
0.00117864 -0.0100512 -0.916243
0.00133268 -0.0100623 -0.9163
0.00166459 -0.0100861 -0.916363
0.00219354 -0.0101012 -0.916439
0.00291357 -0.0101181 -0.916544
0.00377566 -0.0101152 -0.916644
0.00473138 -0.0101069 -0.916754
0.00576944 -0.0101147 -0.916867
0.00685086 -0.0101243 -0.916975
0.00791741 -0.010123 -0.917069
0.00896286 -0.0101632 -0.917148
0.00995063 -0.0102271 -0.917229
0.0108349 -0.0102939 -0.917309
0.0116143 -0.0103672 -0.917394
0.0122772 -0.0104589 -0.917454
0.0128153 -0.0105251 -0.917461
0.0132865 -0.0105295 -0.917434
0.0136421 -0.0105121 -0.91735
0.0138694 -0.0104762 -0.917175
0.0140205 -0.010365 -0.916882
0.0140543 -0.010184 -0.91647
0.0140115 -0.0100241 -0.915956
0.013841 -0.00997848 -0.915364
0.0135799 -0.0100303 -0.9147
0.0132029 -0.0100417 -0.913974
0.0126892 -0.0100131 -0.913215
0.0121295 -0.0100488 -0.912451
0.0115489 -0.0100987 -0.911681
0.010882 -0.010137 -0.910919
0.0102536 -0.0102524 -0.910156
0.00968218 -0.0104426 -0.909414
0.00918203 -0.0106203 -0.908699
0.0087925 -0.0108161 -0.908017
0.00850807 -0.0111167 -0.907356
0.00831806 -0.0114583 -0.906723
0.00828571 -0.0117729 -0.906115
0.00834897 -0.01213 -0.905556
0.00842369 -0.0125492 -0.905075
0.00863284 -0.0129339 -0.904675
0.00890348 -0.0133214 -0.904363
0.009229 -0.013778 -0.90413
0.00965416 -0.0142185 -0.903975
0.0101428 -0.0146359 -0.903916
0.0106571 -0.0151073 -0.903891
0.0112652 -0.0155181 -0.903929
0.0119708 -0.0158883 -0.904032
0.0126792 -0.0163378 -0.904178
0.013394 -0.0167531 -0.904342
0.0141479 -0.0171372 -0.904528
0.0148417 -0.0175845 -0.904746
0.0154809 -0.0180428 -0.905014
0.0161016 -0.0184374 -0.905327
0.0166198 -0.0188613 -0.90568
0.0170917 -0.0193049 -0.906067
0.017532 -0.0196925 -0.906517
0.0179147 -0.0200562 -0.906999
0.0182784 -0.0204586 -0.907501
0.0186522 -0.020818 -0.908006
0.0190122 -0.0211677 -0.908513
0.0192967 -0.0215519 -0.909014
0.0195663 -0.021855 -0.909502
0.0197699 -0.0221291 -0.909986
0.0199159 -0.0224657 -0.910476
0.0200463 -0.0228215 -0.910978
0.0200542 -0.0230942 -0.911497
0.0199967 -0.0233158 -0.912003
0.0199072 -0.023604 -0.91251
0.0197617 -0.0238741 -0.913023
0.0195734 -0.0241033 -0.913547
0.0194134 -0.0244085 -0.914083
0.0192331 -0.0246892 -0.914627
0.0190443 -0.0248836 -0.915169
0.018924 -0.0251485 -0.915713
0.0187973 -0.0254683 -0.916256
0.0186578 -0.0257093 -0.916785
0.0186154 -0.0259421 -0.917326
0.018573 -0.0262085 -0.917871
0.0185777 -0.0264183 -0.918422
0.0186726 -0.0265882 -0.918981
0.018796 -0.0268148 -0.919529
0.0189057 -0.0269835 -0.920087
0.0191033 -0.0270792 -0.920654
0.0193477 -0.0271971 -0.9212
0.0195872 -0.0273044 -0.921722
0.019922 -0.0273958 -0.922233
0.0203396 -0.0275498 -0.922713
0.0207586 -0.0276445 -0.923181
0.021187 -0.0277403 -0.923636
0.0216733 -0.0279107 -0.924066
0.0221414 -0.0280084 -0.924464
0.0225449 -0.0280621 -0.924819
0.0229772 -0.0281257 -0.92512
0.0234074 -0.0281078 -0.925349
0.0238023 -0.0280924 -0.925526
0.0241576 -0.028164 -0.925651
0.0245512 -0.0282404 -0.925721
0.0248823 -0.0284096 -0.925771
0.0251518 -0.0287167 -0.9258
0.0254176 -0.0290016 -0.925809
0.0256168 -0.0292408 -0.925796
0.0257525 -0.0295466 -0.925774
0.0258806 -0.0298611 -0.9257
0.0259713 -0.0301011 -0.925569
0.0259988 -0.0303827 -0.925403
0.0260288 -0.0306666 -0.925215
0.0260687 -0.0309064 -0.925021
0.0260311 -0.0312249 -0.924841
0.0259413 -0.0315037 -0.924656
0.0258746 -0.0316979 -0.924456
0.0257736 -0.0318934 -0.924248
0.0257156 -0.0320887 -0.92403
0.0256401 -0.0322337 -0.923801
0.0255105 -0.0323157 -0.923567
0.0254389 -0.0324351 -0.923344
0.0253574 -0.0325228 -0.923128
0.0252268 -0.0324797 -0.922921
0.0251437 -0.0324888 -0.922743
0.025076 -0.0325009 -0.922584
0.0250011 -0.0323643 -0.922438
0.0250212 -0.0322576 -0.922315
0.0250735 -0.0321692 -0.922216
0.0250539 -0.0319896 -0.922128
0.0250678 -0.0318422 -0.922081
0.0251484 -0.0318065 -0.922058
0.0252129 -0.0317329 -0.922038
0.0253122 -0.0316037 -0.922016
0.0254049 -0.0315183 -0.921992
0.025465 -0.0314759 -0.921959
0.0256493 -0.0313492 -0.921918
0.0259347 -0.031209 -0.921869
0.0261878 -0.0310847 -0.921826
0.0264283 -0.0308964 -0.921758
0.0267617 -0.0307903 -0.921675
0.0270571 -0.030816 -0.921604
0.0272558 -0.0308357 -0.921537
0.027451 -0.0309141 -0.921457
0.0276149 -0.030953 -0.921334
0.0276705 -0.0309014 -0.921179
0.0276328 -0.0309059 -0.920981
0.0276007 -0.0309265 -0.92074
0.0275789 -0.0310289 -0.920449
0.0275347 -0.0312622 -0.920104
0.0275198 -0.031461 -0.919716
0.0275641 -0.0316698 -0.919305
0.027589 -0.0319215 -0.918861
0.027605 -0.0320424 -0.918376
0.0276679 -0.0321 -0.917864
0.0276959 -0.0322644 -0.917347
0.0276548 -0.0324634 -0.916843
0.0275918 -0.0326459 -0.916351
0.0274923 -0.0329111 -0.915884
0.0273792 -0.0332161 -0.915442
0.0273401 -0.0335119 -0.915056
0.0273409 -0.0338583 -0.914702
0.0273196 -0.0341684 -0.914369
0.027343 -0.0344419 -0.91408
0.0274816 -0.0348161 -0.913843
0.0276716 -0.0352203 -0.913665
0.0278398 -0.0355951 -0.913572
0.0279949 -0.0359333 -0.913552
0.0279788 -0.0360053 -0.913618
0.0277048 -0.0356506 -0.913762
0.0271495 -0.0349476 -0.914012
0.0262837 -0.0338996 -0.91436
0.0251049 -0.0325212 -0.914747
0.0237214 -0.0309262 -0.915127
0.0221921 -0.029192 -0.915499
0.0205595 -0.0273422 -0.915859
0.0188983 -0.0254213 -0.916192
0.017193 -0.0232761 -0.916448
0.0155353 -0.021029 -0.916641
0.0139135 -0.0186685 -0.916838
0.0122917 -0.0162657 -0.91708
0.0106144 -0.0137201 -0.917404
0.0089432 -0.0112276 -0.91786
0.0073507 -0.00884615 -0.918465
0.00585504 -0.00660037 -0.919221
0.00445431 -0.00456724 -0.920121
0.00322062 -0.00270106 -0.921144
0.00259373 -0.00140456 -0.922262
0.00220701 -0.000351556 -0.923457
0.00204063 0.000473365 -0.924711
0.00211021 0.00102846 -0.926024
0.0020659 0.00174298 -0.927369
0.00221746 0.00220454 -0.92873
0.00255009 0.00237475 -0.930079
0.00307146 0.00228165 -0.931446
0.00374353 0.00205315 -0.932804
0.00449421 0.00170482 -0.934167
0.00525845 0.00124538 -0.935501
0.00604723 0.000699661 -0.936786
0.00683244 6.26268e-05 -0.93802
0.00757857 -0.000673719 -0.93919
0.00829286 -0.0014982 -0.940309
0.00894829 -0.00241907 -0.941354
0.00954215 -0.00333205 -0.942353
0.0100951 -0.00418145 -0.943295
0.0106157 -0.00500948 -0.944175
0.0110506 -0.00584664 -0.944974
0.0113556 -0.00666326 -0.945717
0.0115358 -0.00746551 -0.946419
0.0115879 -0.00825883 -0.947076
0.0114655 -0.00901327 -0.947725
0.0111522 -0.00971666 -0.948334
0.0106593 -0.0103298 -0.948911
0.00998392 -0.0108315 -0.949445
0.00913085 -0.0111842 -0.949923
0.00830204 -0.0114351 -0.950349
0.00738927 -0.011596 -0.950691
0.00638953 -0.0116576 -0.950939
0.00529578 -0.011641 -0.951089
0.00417504 -0.0115892 -0.951131
0.0030673 -0.0114787 -0.95106
0.00175257 -0.0112825 -0.950889
0.000469939 -0.0110411 -0.950631
-0.000732327 -0.0107669 -0.950293
-0.00187219 -0.0105046 -0.949905
-0.00297622 -0.0102381 -0.949505
-0.00406905 -0.00997331 -0.949099
-0.00511364 -0.00973961 -0.948688
-0.00609646 -0.00953214 -0.948292
-0.00701469 -0.00936828 -0.947887
-0.00783515 -0.00925817 -0.947488
-0.00852022 -0.00920043 -0.947092
-0.00875301 -0.00932342 -0.946695
-0.00881114 -0.00952522 -0.946299
-0.00869765 -0.0097933 -0.945915
-0.0083919 -0.0101289 -0.945524
-0.0081652 -0.0104655 -0.94513
-0.00781076 -0.0108474 -0.94475
-0.00736342 -0.0112682 -0.944404
-0.00684743 -0.011745 -0.944062
-0.00629751 -0.0122772 -0.943714
-0.00572365 -0.0128592 -0.943359
-0.00515223 -0.0135267 -0.942972
-0.00457379 -0.014274 -0.942579
-0.00399727 -0.0150214 -0.942141
-0.00345338 -0.015776 -0.941646
-0.00284927 -0.0163864 -0.941078
-0.00228144 -0.0169083 -0.940437
-0.00177851 -0.0173656 -0.939723
-0.0014488 -0.0178463 -0.938939
-0.00116025 -0.0181361 -0.938089
-0.000987048 -0.0183597 -0.937176
-0.0010156 -0.0186413 -0.936187
-0.00117387 -0.0188072 -0.935123
-0.00147648 -0.0188626 -0.934019
-0.00191443 -0.0187857 -0.932885
-0.00248125 -0.0185709 -0.931693
-0.00312048 -0.0182602 -0.930464
-0.00381543 -0.0178641 -0.929212
-0.00455113 -0.0174112 -0.927953
-0.00529764 -0.0169551 -0.926659
-0.0060416 -0.016477 -0.925357
-0.00676361 -0.0159287 -0.924069
-0.007447 -0.0153469 -0.92282
-0.00807539 -0.0147259 -0.921612
-0.00865856 -0.0140544 -0.920445
-0.00918773 -0.0133524 -0.919315
-0.00963552 -0.0126292 -0.918241
-0.010022 -0.0118753 -0.917239
-0.0103838 -0.0111247 -0.916298
-0.010686 -0.010402 -0.91542
-0.0109012 -0.00974461 -0.914605
-0.0110383 -0.00917216 -0.913864
-0.0111103 -0.00868329 -0.913199
-0.0111213 -0.00826743 -0.9126
-0.011052 -0.00790357 -0.912066
-0.0109059 -0.00757293 -0.911617
-0.0106984 -0.00729292 -0.911219
-0.0104396 -0.00701658 -0.910883
-0.0101209 -0.00673072 -0.9106
-0.00976768 -0.00645086 -0.910351
-0.00941768 -0.00617126 -0.910122
-0.00905396 -0.00592124 -0.909904
-0.0086839 -0.00571555 -0.909699
-0.00834328 -0.0055306 -0.909497
-0.0080106 -0.00537961 -0.909298
-0.00767723 -0.00520496 -0.909106
-0.00736366 -0.00499385 -0.908951
-0.00709662 -0.00473933 -0.908817
-0.00688437 -0.00441898 -0.908706
-0.00672106 -0.00406369 -0.90861
-0.00662753 -0.0037109 -0.908538
-0.00661355 -0.00338322 -0.908474
-0.0066383 -0.00308013 -0.908424
-0.00669063 -0.00278391 -0.908378
-0.00677848 -0.00244991 -0.908343
-0.00690438 -0.0020481 -0.908338
-0.00706795 -0.00159101 -0.908357
-0.00721954 -0.00111029 -0.908375
-0.00736778 -0.000625147 -0.90842
-0.00751949 -0.000140778 -0.908485
-0.00769515 0.000367466 -0.908565
-0.00789581 0.000920002 -0.908696
-0.00812726 0.00148357 -0.908877
-0.00840752 0.00203926 -0.909108
-0.00874956 0.00258956 -0.909402
-0.00915462 0.00316704 -0.909786
-0.00965943 0.00371893 -0.910255
-0.0102662 0.00422397 -0.910797
-0.0109462 0.0045904 -0.911378
-0.0116825 0.0047288 -0.911974
-0.0124449 0.00468765 -0.91254
-0.0130355 0.00443662 -0.913081
-0.013599 0.0040686 -0.913603
-0.0141273 0.0036245 -0.91412
-0.0146072 0.00312112 -0.914618
-0.0150356 0.00259125 -0.915148
-0.0154257 0.00204041 -0.915719
-0.0157532 0.00144629 -0.916293
-0.0162147 0.000759841 -0.916874
-0.0166443 -1.64702e-06 -0.917445
-0.017029 -0.000810649 -0.917975
-0.0173742 -0.0016175 -0.918475
-0.0177123 -0.00236947 -0.918962
-0.0180515 -0.00309632 -0.919453
-0.0183735 -0.00379953 -0.919948
-0.0183859 -0.00418637 -0.92045
-0.0182547 -0.00439759 -0.920933
-0.0178942 -0.00430778 -0.921367
-0.0172248 -0.0038058 -0.921739
-0.0162509 -0.00290857 -0.922023
-0.0150112 -0.0016724 -0.92221
-0.0136032 -0.000159329 -0.92233
-0.0121109 0.00157065 -0.922427
-0.0106166 0.00342824 -0.922515
-0.00912988 0.00536383 -0.92259
-0.00770861 0.00732716 -0.922655
-0.00638447 0.00933853 -0.922727
-0.00519139 0.0114101 -0.92279
-0.00410719 0.0135149 -0.922827
-0.00326571 0.0153442 -0.922807
-0.00253898 0.01705 -0.922688
-0.00191871 0.0185634 -0.922472
-0.00143863 0.0198446 -0.922131
-0.00109629 0.0209009 -0.921691
-0.000660395 0.0221671 -0.921151
-0.000302549 0.0232013 -0.920503
-1.65887e-05 0.0240183 -0.919748
0.00018196 0.0245971 -0.91892
0.000274804 0.0249347 -0.918008
0.000265223 0.0250925 -0.917022
0.000160536 0.0251077 -0.915982
-3.44479e-05 0.0250385 -0.91492
-0.000327403 0.0249149 -0.913883
-0.00067393 0.0247482 -0.912865
-0.00106143 0.0245455 -0.911857
-0.00147462 0.0243357 -0.910859
-0.00192 0.0241085 -0.909856
-0.00239446 0.023804 -0.90885
-0.00287953 0.023467 -0.907829
-0.00338322 0.0231082 -0.906797
-0.00387054 0.0227591 -0.905739
-0.00432944 0.0224318 -0.904661
-0.00474254 0.0221076 -0.90353
-0.00514347 0.0217586 -0.902338
-0.00550512 0.0213989 -0.90108
-0.00583966 0.0210546 -0.899759
-0.00613499 0.020723 -0.898377
-0.00643433 0.0203856 -0.896977
-0.00670217 0.0200542 -0.895569
-0.00694458 0.0197338 -0.894178
-0.007171 0.0194355 -0.892824
-0.00735193 0.0191286 -0.891515
-0.00750034 0.0188107 -0.890229
-0.00758523 0.0185125 -0.888972
-0.00758319 0.018287 -0.887725
-0.00749547 0.0180831 -0.886492
-0.00729501 0.017866 -0.885294
-0.00701205 0.0176707 -0.884145
-0.0066706 0.0175044 -0.883065
-0.00627122 0.0173108 -0.882071
-0.00585218 0.0170958 -0.881182
-0.00543984 0.0168914 -0.880406
-0.00504479 0.016759 -0.879752
-0.00467468 0.0166872 -0.879228
-0.00432119 0.0166286 -0.878819
-0.00400204 0.0165689 -0.878505
-0.00369088 0.0165131 -0.878277
-0.00336811 0.0164708 -0.878106
-0.00304795 0.016404 -0.877976
-0.00273747 0.0162993 -0.877897
-0.00246497 0.0161801 -0.877875
-0.00220346 0.0160506 -0.877905
-0.00200451 0.0159104 -0.877998
-0.00190271 0.0157307 -0.878165
-0.00188337 0.0155209 -0.878417
-0.00194215 0.01528 -0.878747
-0.00210437 0.0149847 -0.87916
-0.00235376 0.0146774 -0.879636
-0.00267461 0.0143397 -0.880186
-0.00301962 0.0139781 -0.880795
-0.00340049 0.0136115 -0.881478
-0.00379469 0.0131667 -0.882219
-0.00413673 0.0126581 -0.883021
-0.00445209 0.0121319 -0.883881
-0.0047545 0.0115666 -0.884809
-0.00501132 0.0110317 -0.885809
-0.00522368 0.0104824 -0.886862
-0.00543227 0.00988543 -0.887968
-0.0055913 0.00930576 -0.889132
-0.00572979 0.00878724 -0.890357
-0.00588799 0.0082689 -0.891662
-0.0060001 0.00773091 -0.892999
-0.00608994 0.00725 -0.894384
-0.00618357 0.00682099 -0.895809
-0.00624799 0.00640465 -0.89726
-0.00629599 0.00605544 -0.89873
-0.00631869 0.00578184 -0.900226
-0.00630726 0.00549214 -0.901742
-0.00628242 0.00515388 -0.903269
-0.00626813 0.00486913 -0.904806
-0.00620612 0.00459118 -0.906329
-0.00616213 0.00427381 -0.907847
-0.00616233 0.0039729 -0.909364
-0.00614109 0.00373768 -0.910882
-0.00612608 0.00351977 -0.912397
-0.00604608 0.00327395 -0.913888
-0.005965 0.00307162 -0.915353
-0.00588661 0.00296533 -0.916773
-0.00572918 0.00283891 -0.918145
-0.0055397 0.00265045 -0.919477
-0.00537807 0.00245844 -0.920768
-0.00521108 0.00217593 -0.922021
-0.0049721 0.00187422 -0.923228
-0.00473307 0.00156663 -0.924392
-0.00453882 0.00118431 -0.925509
-0.00432054 0.000790447 -0.926552
-0.00410183 0.00046069 -0.927552
-0.00393414 8.86747e-05 -0.928487
-0.00377905 -0.000319821 -0.929367
-0.00363928 -0.000663503 -0.930195
-0.00352445 -0.00105268 -0.930957
-0.00342139 -0.00145911 -0.931673
-0.00329397 -0.00183949 -0.932325
-0.00318881 -0.00232163 -0.932907
-0.00310331 -0.00280166 -0.933396
-0.0029737 -0.0031921 -0.933802
-0.0028763 -0.00361944 -0.934121
-0.00286319 -0.00402124 -0.934371
-0.00281374 -0.00430223 -0.934571
-0.00274549 -0.00460641 -0.934718
-0.00273405 -0.00495319 -0.934792
-0.00271839 -0.00523244 -0.934825
-0.00267383 -0.00550947 -0.93481
-0.00263946 -0.00582234 -0.934736
-0.00254268 -0.00603185 -0.934602
-0.00237234 -0.00615125 -0.934399
-0.00222804 -0.00629842 -0.934127
-0.00209771 -0.00642344 -0.933777
-0.00191668 -0.00648542 -0.933351
-0.00170798 -0.00656128 -0.932858
-0.00152507 -0.00649073 -0.932301
-0.00126617 -0.00640901 -0.931684
-0.000888547 -0.0064761 -0.931031
-0.000423438 -0.00656158 -0.930338
0.000230929 -0.00681352 -0.92961
0.00102786 -0.00731521 -0.9289
0.00189916 -0.00793087 -0.928206
0.00287459 -0.0085527 -0.927514
0.00395197 -0.00927737 -0.92686
0.00501402 -0.0101003 -0.926242
0.00601983 -0.0109916 -0.925645
0.0069975 -0.0119667 -0.925101
0.00792266 -0.0129791 -0.924595
0.00876526 -0.0140045 -0.924092
0.00972357 -0.0151921 -0.923575
0.0106713 -0.016379 -0.923049
0.0115746 -0.0175552 -0.922486
0.0124842 -0.0187863 -0.921883
0.0132299 -0.0197927 -0.921244
0.0139196 -0.0207375 -0.920562
0.0145391 -0.0217101 -0.91984
0.0150927 -0.0226462 -0.919097
0.0155536 -0.0234738 -0.918331
0.0158795 -0.0242411 -0.917558
0.0160789 -0.0249036 -0.916788
0.016095 -0.0253749 -0.916039
0.015856 -0.025621 -0.915339
0.015371 -0.0255005 -0.914678
0.0149097 -0.0253071 -0.914046
0.0141002 -0.0247015 -0.913431
0.0129992 -0.0237245 -0.912816
0.0116312 -0.0223677 -0.912196
0.0100517 -0.0207024 -0.911531
0.00838329 -0.0187983 -0.910822
0.00665336 -0.0166911 -0.9101
0.00491766 -0.0144372 -0.909378
0.00330341 -0.0121723 -0.908677
0.00180322 -0.0099422 -0.908053
0.000466485 -0.00780499 -0.907535
-0.000842169 -0.00558092 -0.907135
-0.0019378 -0.00343671 -0.906871
-0.002833 -0.00133448 -0.906767
-0.00332612 0.000224466 -0.906822
-0.00361234 0.0015351 -0.907043
-0.00376749 0.00254063 -0.907433
-0.00379647 0.00318897 -0.908004
-0.00368243 0.00346444 -0.908742
-0.00344693 0.00343485 -0.909616
-0.00307728 0.00314876 -0.910594
-0.00276956 0.00298117 -0.911669
-0.00230189 0.00261271 -0.912816
-0.0016883 0.00202398 -0.914016
-0.000952395 0.00123379 -0.915231
-0.000122863 0.000308577 -0.916514
0.000732827 -0.000786619 -0.917836
0.0017358 -0.00221397 -0.919171
0.00271461 -0.0036581 -0.920517
0.00360773 -0.00505359 -0.921859
0.00429675 -0.00625161 -0.923179
0.00491223 -0.00743713 -0.924443
0.00539699 -0.00865018 -0.925663
0.00573763 -0.00987506 -0.926827
0.00601654 -0.0110408 -0.927969
0.0062259 -0.0121179 -0.929062
0.00633707 -0.0131251 -0.930109
0.00635952 -0.0140615 -0.93112
0.00634646 -0.0149151 -0.932081
0.00631718 -0.015672 -0.932987
0.00633468 -0.0163515 -0.933839
0.00626882 -0.0169816 -0.934636
0.00613785 -0.0175218 -0.935381
0.00593335 -0.0179386 -0.93606
0.00563292 -0.0182491 -0.936709
0.00522699 -0.018435 -0.937322
0.00473783 -0.0185073 -0.937869
0.00417558 -0.0185084 -0.938355
0.00338225 -0.0184075 -0.938783
0.00255637 -0.0182817 -0.939135
0.00175973 -0.0181273 -0.939433
0.00100423 -0.0179406 -0.939654
0.000303026 -0.0177396 -0.939802
-0.000310171 -0.0175251 -0.939911
-0.000848842 -0.0173096 -0.939977
-0.00134982 -0.0171087 -0.940035
-0.00184117 -0.01693 -0.940084
-0.0023163 -0.0167905 -0.940137
-0.00278485 -0.0166765 -0.940208
-0.00324732 -0.0166105 -0.940308
-0.00368242 -0.0166402 -0.940414
-0.00404205 -0.0167613 -0.940522
-0.00431752 -0.0169925 -0.940615
-0.00447391 -0.0172976 -0.940738
-0.00451151 -0.017692 -0.940862
-0.00443017 -0.0181747 -0.941004
-0.00420448 -0.0187343 -0.941138
-0.0038747 -0.0193571 -0.941269
-0.0034699 -0.0200053 -0.941373
-0.00303123 -0.0207124 -0.941458
-0.00259522 -0.0214885 -0.941507
-0.00217903 -0.0223076 -0.941506
-0.00179994 -0.0231689 -0.941455
-0.00147427 -0.0241007 -0.941353
-0.0011907 -0.0250512 -0.941185
-0.000982203 -0.0259846 -0.940925
-0.000837607 -0.0269287 -0.940587
-0.000754397 -0.0278225 -0.940165
-0.000763165 -0.0286206 -0.939651
-0.0008489 -0.0293391 -0.939046
-0.00100684 -0.0299702 -0.938335
-0.0012762 -0.0304952 -0.937534
-0.00163889 -0.030991 -0.936643
-0.00206869 -0.0314492 -0.935677
-0.00256443 -0.0318435 -0.934648
-0.00311982 -0.0321593 -0.933563
-0.00371109 -0.0323789 -0.93244
-0.00432789 -0.0325071 -0.931305
-0.00497604 -0.0325609 -0.930148
-0.00561191 -0.0325213 -0.928974
-0.00622613 -0.0323964 -0.927803
-0.00683134 -0.032224 -0.926652
-0.0073949 -0.0320455 -0.925483
-0.00790298 -0.0318634 -0.924342
-0.00835245 -0.0317071 -0.923206
-0.00872931 -0.0315696 -0.922098
-0.00902387 -0.0314133 -0.921042
-0.00926686 -0.0312312 -0.920047
-0.00944514 -0.0310287 -0.919104
-0.00956249 -0.0307926 -0.918225
-0.00962263 -0.0305942 -0.917416
-0.00963692 -0.0304543 -0.916667
-0.00962145 -0.0303569 -0.915972
-0.00955292 -0.030302 -0.915347
-0.00945927 -0.0302552 -0.914784
-0.0093569 -0.030231 -0.914275
-0.00922602 -0.030254 -0.913795
-0.00908054 -0.0303201 -0.913355
-0.00893394 -0.030413 -0.91296
-0.00877648 -0.0305497 -0.912575
-0.0086014 -0.0307036 -0.912217
-0.00837578 -0.0308762 -0.911868
-0.00815658 -0.0310431 -0.911518
-0.00796152 -0.0311808 -0.911175
-0.00777898 -0.0312866 -0.910799
-0.00762946 -0.0313464 -0.910409
-0.00755018 -0.0314084 -0.910018
-0.00754972 -0.0315018 -0.909656
-0.00759667 -0.031587 -0.909316
-0.0076974 -0.0316929 -0.909007
-0.00787964 -0.0318012 -0.908717
-0.008102 -0.031867 -0.908468
-0.00833682 -0.0318384 -0.908223
-0.0085771 -0.0317062 -0.907967
-0.00881524 -0.0315222 -0.907719
-0.00902555 -0.031337 -0.907486
-0.00921057 -0.0311717 -0.907229
-0.00940348 -0.0310201 -0.906987
-0.00962889 -0.0308595 -0.90678
-0.00989251 -0.0306541 -0.906642
-0.0102045 -0.0304003 -0.906575
-0.0105766 -0.0300731 -0.906591
-0.0109905 -0.0296734 -0.906691
-0.0114253 -0.0292296 -0.906877
-0.0118595 -0.0288077 -0.907155
-0.0122646 -0.0284642 -0.907506
-0.0126194 -0.0281613 -0.907911
-0.0128936 -0.0278234 -0.908368
-0.0130727 -0.027458 -0.908875
-0.0131774 -0.0270311 -0.909426
-0.0132016 -0.0265509 -0.910033
-0.01316 -0.0260772 -0.910712
-0.0130992 -0.0256221 -0.911468
-0.0130711 -0.0251559 -0.912308
-0.0130668 -0.024751 -0.913211
-0.0131033 -0.0243845 -0.914185
-0.0131892 -0.0240396 -0.915222
-0.0132798 -0.0237321 -0.916311
-0.0133822 -0.0234069 -0.917472
-0.0135069 -0.023038 -0.918683
-0.0136116 -0.0227139 -0.919941
-0.0136667 -0.0224401 -0.921203
-0.0137043 -0.0221869 -0.922466
-0.0137704 -0.0219866 -0.92373
-0.0138454 -0.0218317 -0.924976
-0.0139334 -0.0217407 -0.926207
-0.0140966 -0.0217495 -0.927407
-0.0143382 -0.0218055 -0.928562
-0.0145216 -0.0217863 -0.929662
-0.0145316 -0.0215145 -0.930691
-0.0143224 -0.0208885 -0.931658
-0.0138393 -0.0198854 -0.932558
-0.0130215 -0.0185069 -0.933383
-0.0119383 -0.0167834 -0.934139
-0.0106644 -0.0148233 -0.934842
-0.00913772 -0.0126492 -0.935514
-0.00761229 -0.0104006 -0.936113
-0.00611016 -0.0080895 -0.936682
-0.0046414 -0.00564021 -0.937226
-0.00319793 -0.00313618 -0.937703
-0.00178342 -0.000594592 -0.93808
-0.000413643 0.00193388 -0.938343
0.000744742 0.00400348 -0.938461
0.0017452 0.00585159 -0.938417
0.0025696 0.00746209 -0.938218
0.00322569 0.00881617 -0.937904
0.00400707 0.0104359 -0.937471
0.00465067 0.0117305 -0.936943
0.00515354 0.0126752 -0.936312
0.00551707 0.0132947 -0.935572
0.00572433 0.0136346 -0.93471
0.00577399 0.0137749 -0.933734
0.00568722 0.0137635 -0.932661
0.0055094 0.0136333 -0.93153
0.00527003 0.0133712 -0.93034
0.00477144 0.0127153 -0.929121
0.00439964 0.0122439 -0.927913
0.00404466 0.0116948 -0.926724
0.00368713 0.0110612 -0.925565
0.00331834 0.0104147 -0.924456
0.00296313 0.00979572 -0.923376
0.00265841 0.0092522 -0.922323
0.00239568 0.00877671 -0.921282
0.00220564 0.0083409 -0.920246
0.002089 0.00790509 -0.919209
0.00205729 0.00747347 -0.918184
0.00212314 0.00704548 -0.917128
0.00229421 0.00665787 -0.916041
0.00252311 0.00630876 -0.914951
0.00281281 0.00600814 -0.913862
0.00318322 0.00574818 -0.912775
0.00350601 0.00544889 -0.91172
0.00390913 0.005214 -0.910737
0.00435556 0.00502282 -0.909829
0.00486511 0.0048512 -0.908977
0.00543454 0.00476466 -0.90817
0.00607119 0.0047723 -0.90741
0.00676974 0.00481786 -0.906717
0.00763949 0.00497086 -0.906091
0.00852469 0.0051842 -0.905544
0.00944708 0.00544356 -0.905084
0.0103574 0.00571273 -0.904695
0.0112825 0.00595396 -0.904401
0.012173 0.00618875 -0.904221
0.0130378 0.00644009 -0.90413
0.013915 0.00668269 -0.904099
0.0146056 0.00676179 -0.904128
0.0152761 0.00683074 -0.904205
0.0159348 0.00685629 -0.904316
0.0167632 0.00694766 -0.904496
0.0175339 0.00696625 -0.904718
0.0182426 0.00691841 -0.905
0.0188605 0.00679899 -0.905338
0.0193854 0.00658058 -0.905693
0.0197776 0.00630995 -0.90606
0.0200507 0.00600414 -0.906432
0.0202261 0.00567349 -0.906788
0.0202942 0.00531069 -0.907174
0.0202799 0.0048952 -0.907578
0.020153 0.00443069 -0.90801
0.0199774 0.00394142 -0.908477
0.0197737 0.00340118 -0.908977
0.0195377 0.00281176 -0.909526
0.0193069 0.00220464 -0.910102
0.0190673 0.00166713 -0.91072
0.0188851 0.0011868 -0.911389
0.0187366 0.000710828 -0.912118
0.0186007 0.000237381 -0.912895
0.0185128 -0.000211333 -0.913727
0.0184568 -0.000612545 -0.914625
0.0184863 -0.00102141 -0.91561
0.0185775 -0.00137934 -0.916659
0.0186859 -0.00161813 -0.917749
0.0189137 -0.00177696 -0.918869
0.0192412 -0.00190424 -0.920029
0.0196319 -0.00194336 -0.921231
0.0201126 -0.00187463 -0.922449
0.020662 -0.00180345 -0.923676
0.0212316 -0.00175227 -0.92492
0.0218531 -0.00164669 -0.926173
0.0224434 -0.00144891 -0.927429
0.0230227 -0.00126241 -0.928676
0.0236008 -0.00109814 -0.929899
0.0241345 -0.000850541 -0.931106
0.0246325 -0.00053911 -0.932263
0.0250857 -0.000232493 -0.933378
0.0254518 8.25092e-05 -0.934438
0.0257796 0.00046524 -0.93544
0.0260433 0.000852743 -0.936392
0.0262342 0.00113157 -0.9373
0.0264142 0.00137164 -0.938148
0.026526 0.00162232 -0.938907
0.026591 0.00179954 -0.939599
0.026671 0.00191131 -0.940227
0.0267198 0.00202898 -0.940778
0.0267095 0.00208625 -0.941283
0.0267241 0.00207217 -0.94172
0.0266801 0.00207507 -0.942087
0.026587 0.00207873 -0.942405
0.0265154 0.00193404 -0.942678
0.0263965 0.00173717 -0.942909
0.0262425 0.00152441 -0.943078
0.0260867 0.0012151 -0.943205
0.0259465 0.000933169 -0.943295
0.025784 0.000766301 -0.943351
0.0256426 0.000588116 -0.943388
0.025502 0.000353572 -0.94342
0.0253559 0.000183534 -0.943424
0.0253311 4.88466e-05 -0.943371
0.0253407 -0.000170841 -0.943298
0.0253329 -0.000365922 -0.943193
0.0254017 -0.000442564 -0.943068
0.0255138 -0.000484629 -0.942931
0.0256871 -0.000537929 -0.942784
0.025891 -0.000529447 -0.94261
0.0260793 -0.000502418 -0.942416
0.0263345 -0.000522376 -0.942225
0.0266518 -0.000479537 -0.942019
0.0269271 -0.000338983 -0.941804
0.0271454 -0.000162255 -0.941556
0.0275369 -5.52551e-05 -0.941264
0.0279223 0.000130288 -0.940894
0.0283431 0.000349192 -0.940477
0.0287676 0.000472788 -0.939998
0.0292338 0.000552363 -0.939457
0.0298138 0.000677596 -0.938855
0.0304413 0.000738031 -0.938194
0.0310679 0.000680071 -0.937477
0.0317428 0.000612466 -0.936709
0.0322805 0.000415607 -0.935928
0.0327512 5.24888e-05 -0.935156
0.0332013 -0.00041471 -0.934391
0.0335801 -0.000959008 -0.933643
0.0338734 -0.00164689 -0.932893
0.0341487 -0.00239086 -0.932127
0.0344479 -0.0031599 -0.931321
0.0348554 -0.00406203 -0.930479
0.0352461 -0.00502964 -0.929621
0.0356816 -0.00603631 -0.928731
0.0361235 -0.00714043 -0.927843
0.0365372 -0.00830042 -0.927008
0.036958 -0.00949986 -0.926232
0.0373237 -0.0107191 -0.925497
0.0376372 -0.0119073 -0.924788
0.0379876 -0.0130513 -0.924106
0.0383557 -0.0142237 -0.923436
0.0384764 -0.0151009 -0.922781
0.0385749 -0.0157654 -0.922164
0.0385576 -0.0162127 -0.921613
0.0383289 -0.0163696 -0.921156
0.0381742 -0.0164588 -0.920789
0.0377954 -0.016087 -0.920504
0.0371514 -0.015341 -0.920283
0.0362917 -0.0141924 -0.920101
0.0352697 -0.0127528 -0.919949
0.0341438 -0.0111591 -0.919847
0.0329994 -0.00952586 -0.919775
0.0318228 -0.0078216 -0.919713
0.0305405 -0.00587302 -0.919682
0.0292829 -0.00380825 -0.919689
0.028034 -0.00162156 -0.91973
0.0267894 0.000640799 -0.91981
0.0255502 0.00288276 -0.919992
0.0242689 0.0053056 -0.920309
0.0230074 0.00763571 -0.920758
0.0218202 0.00980426 -0.921357
0.0207351 0.0117967 -0.922106
0.0197753 0.0135563 -0.923009
0.019117 0.0146094 -0.924052
0.0186365 0.0153959 -0.925212
0.0183241 0.0159499 -0.926498
0.0181866 0.0162683 -0.927902
0.0182511 0.0164054 -0.929407
0.0185115 0.0163509 -0.931006
0.0189397 0.0160664 -0.932687
0.0192915 0.0159896 -0.93443
0.0197772 0.0157873 -0.936253
0.0203456 0.0154152 -0.938126
0.0209557 0.0148823 -0.940052
0.0216003 0.014216 -0.942001
0.022275 0.0134451 -0.943974
0.0229836 0.0125974 -0.945965
0.0237299 0.0116893 -0.947966
0.0244757 0.0107099 -0.949967
0.0252275 0.00968522 -0.951939
0.025987 0.0086061 -0.953884
0.0267004 0.00742895 -0.955807
0.0273707 0.00618006 -0.9577
0.028016 0.00492918 -0.95956
0.0286423 0.00368613 -0.961384
0.0292384 0.00249322 -0.963177
0.0297684 0.00134812 -0.964914
0.0302235 0.00019203 -0.966572
0.0305917 -0.000884836 -0.968169
0.0308661 -0.00184869 -0.969693
0.0310551 -0.00273308 -0.971128
0.031177 -0.0034578 -0.97248
0.0311863 -0.00404994 -0.973772
0.0310342 -0.00450921 -0.974981
0.0307279 -0.0048701 -0.976125
0.0302784 -0.0051464 -0.977197
0.029688 -0.00529762 -0.978167
0.0290043 -0.00533254 -0.979057
0.0282783 -0.00525417 -0.979851
0.0275424 -0.00505699 -0.980543
0.026818 -0.00475996 -0.981109
0.0260989 -0.00437079 -0.981568
0.0253784 -0.00391029 -0.981933
0.0246849 -0.00343576 -0.982214
0.0239754 -0.00295054 -0.982423
0.0232539 -0.00250274 -0.982561
0.0225364 -0.00210705 -0.98266
0.0218407 -0.00176961 -0.98273
0.0211827 -0.0015114 -0.982769
0.0205724 -0.00134939 -0.982787
0.020033 -0.0012866 -0.982796
0.0195928 -0.00133881 -0.982813
0.0192706 -0.00147948 -0.982803
0.0190746 -0.00170431 -0.982764
0.0190179 -0.00203488 -0.982692
0.0193023 -0.00257108 -0.982567
0.019505 -0.00311502 -0.982385
0.0199769 -0.00382423 -0.982168
0.0203673 -0.0045688 -0.981935
0.0208077 -0.00540217 -0.981663
0.0212603 -0.00632561 -0.98136
0.0217407 -0.00726248 -0.981012
0.0222232 -0.00821628 -0.980613
0.0226719 -0.00920735 -0.980167
0.0231048 -0.0101912 -0.979663
0.0235145 -0.0111487 -0.979091
0.0238845 -0.0120951 -0.978441
0.0242108 -0.0129801 -0.977728
0.0245102 -0.013808 -0.976929
0.024746 -0.0145879 -0.976016
0.0249145 -0.0152691 -0.975006
0.0251034 -0.015694 -0.973898
0.0251337 -0.016161 -0.972683
0.0250746 -0.0165247 -0.971369
0.0249234 -0.0168283 -0.969966
0.02469 -0.0170999 -0.96847
0.0243623 -0.0173198 -0.9669
0.0239354 -0.0174615 -0.965272
0.0234298 -0.0175279 -0.963606
0.0228418 -0.0174808 -0.961907
0.0221961 -0.0173376 -0.960176
0.0215426 -0.0171203 -0.958404
0.0208813 -0.0168095 -0.956596
0.0202117 -0.0164272 -0.954775
0.0195182 -0.0160119 -0.952949
0.0188344 -0.015573 -0.951116
0.018131 -0.0151507 -0.949289
0.0174365 -0.0147765 -0.947489
0.0167538 -0.0144339 -0.945715
0.0160787 -0.0140999 -0.943987
0.0153992 -0.0137574 -0.942332
0.0147295 -0.0134227 -0.940748
0.0140807 -0.0131495 -0.939245
0.0134541 -0.0129186 -0.937826
0.0128591 -0.0127147 -0.936502
0.0123073 -0.0125493 -0.935278
0.0118378 -0.0124188 -0.934118
0.0114413 -0.0123459 -0.933014
0.0111219 -0.0123325 -0.931974
0.010877 -0.0123619 -0.931007
0.0106991 -0.0124471 -0.930128
0.0105755 -0.0125704 -0.929333
0.0104747 -0.0126895 -0.928616
0.0103668 -0.0127985 -0.927989
0.0102296 -0.0128663 -0.927428
0.0100762 -0.0129063 -0.926952
0.00989856 -0.0129426 -0.926539
0.00968998 -0.0130026 -0.92621
0.00944813 -0.0130869 -0.925946
0.00920326 -0.0132002 -0.925746
0.00896032 -0.0133134 -0.925612
0.00871005 -0.0133801 -0.925517
0.00845736 -0.0133829 -0.925451
0.00821017 -0.0133309 -0.925417
0.00794448 -0.0132776 -0.925422
0.00763862 -0.0132306 -0.925448
0.00726136 -0.0131918 -0.925509
0.00679766 -0.0131382 -0.925609
0.0062124 -0.0129731 -0.925773
0.00551034 -0.0127648 -0.926031
0.00471526 -0.01254 -0.92638
0.0038555 -0.012344 -0.926806
0.00293277 -0.0122311 -0.927259
0.00195665 -0.0122076 -0.927719
0.000945548 -0.0122364 -0.928136
-0.000101667 -0.0123331 -0.928507
-0.00111819 -0.0124997 -0.928838
-0.00218929 -0.012725 -0.92915
-0.00327466 -0.0130082 -0.929457
-0.00435228 -0.0133642 -0.929761
-0.00540694 -0.0137882 -0.930061
-0.00640343 -0.014298 -0.93036
-0.00734607 -0.0148573 -0.930618
-0.00847718 -0.0154781 -0.93085
-0.00959215 -0.016131 -0.931062
-0.0106442 -0.0168283 -0.931283
-0.0116546 -0.0175585 -0.931535
-0.0126385 -0.0183323 -0.931817
-0.0135538 -0.0191511 -0.932086
-0.0141548 -0.0197786 -0.932327
-0.0147005 -0.0203592 -0.932546
-0.0151919 -0.0208678 -0.93271
-0.0155589 -0.0212496 -0.932849
-0.015776 -0.021395 -0.93296
-0.0157772 -0.0211516 -0.933061
-0.0154726 -0.0204773 -0.933136
-0.0150898 -0.0197228 -0.933176
-0.0144225 -0.0186011 -0.933161
-0.0135057 -0.0171764 -0.933088
-0.0124062 -0.015497 -0.932996
-0.0112148 -0.0136059 -0.932908
-0.00999104 -0.0115162 -0.932825
-0.0087534 -0.00926121 -0.932762
-0.0075313 -0.0068953 -0.932727
-0.00637229 -0.00445965 -0.93268
-0.00530827 -0.00200736 -0.932617
-0.00436305 0.000368703 -0.932506
-0.00355586 0.00260695 -0.932336
-0.00284251 0.00468655 -0.932075
-0.0024014 0.00613822 -0.931742
-0.00206512 0.00736153 -0.931335
-0.00182741 0.00831886 -0.930865
-0.00170219 0.00898945 -0.930321
-0.00171428 0.00938538 -0.929735
-0.00157279 0.00997004 -0.9291
-0.00161126 0.0102528 -0.928434
-0.00180015 0.0102277 -0.927765
-0.00212772 0.00992935 -0.927105
-0.00259028 0.00946932 -0.926458
-0.00313019 0.0089253 -0.925815
-0.00368614 0.00835647 -0.925201
-0.00425226 0.00776776 -0.924602
-0.00483196 0.00717491 -0.924021
-0.00543461 0.00654009 -0.923472
-0.00602853 0.00587228 -0.922974
-0.0066075 0.00519491 -0.922552
-0.00716151 0.00453115 -0.92219
-0.00768571 0.00391022 -0.921875
-0.00814652 0.00332093 -0.921589
-0.00854663 0.00274518 -0.921287
-0.00890638 0.00218089 -0.920952
-0.00922149 0.00159947 -0.920619
-0.00950374 0.00103944 -0.920292
-0.00975981 0.00050244 -0.919995
-0.0100234 -1.93114e-05 -0.919736
-0.0102605 -0.000544141 -0.919525
-0.0104602 -0.00100143 -0.919362
-0.0106398 -0.00139662 -0.919239
-0.0107381 -0.0017233 -0.919136
-0.0107646 -0.00205052 -0.919054
-0.0107269 -0.00236119 -0.918976
-0.0105689 -0.00263064 -0.91891
-0.0103508 -0.0028896 -0.918884
-0.0100715 -0.00312119 -0.918901
-0.00974565 -0.00335318 -0.918979
-0.00940251 -0.00356844 -0.919118
-0.00905228 -0.00372481 -0.919309
-0.00872104 -0.003851 -0.919571
-0.0083929 -0.00399208 -0.919901
-0.00808487 -0.00413639 -0.920298
-0.00775246 -0.0042691 -0.920754
-0.00742306 -0.00440702 -0.921271
-0.0070881 -0.00458005 -0.921837
-0.00673952 -0.00479244 -0.92241
-0.00640944 -0.00499753 -0.922967
-0.00610691 -0.00520852 -0.923521
-0.00587849 -0.00544684 -0.924058
-0.0057261 -0.00574649 -0.924572
-0.00565507 -0.00608582 -0.925065
-0.00571661 -0.00641773 -0.925541
-0.00590224 -0.00681692 -0.925998
-0.00617986 -0.00728904 -0.926441
-0.00657428 -0.00779596 -0.926883
-0.00705811 -0.00833116 -0.927306
-0.0076132 -0.00890937 -0.927712
-0.00823345 -0.00953311 -0.928111
-0.00882375 -0.0101439 -0.928503
-0.00941488 -0.0107727 -0.928912
-0.00999372 -0.0114492 -0.929322
-0.0105234 -0.0121265 -0.929723
-0.0110256 -0.0127584 -0.930141
-0.0114625 -0.0133729 -0.930584
-0.0118411 -0.0140464 -0.931056
-0.0121718 -0.0147336 -0.931571
-0.012418 -0.0153722 -0.932121
-0.0125727 -0.0160251 -0.932696
-0.0126453 -0.0166502 -0.933308
-0.0126416 -0.0171563 -0.933952
-0.0125722 -0.0175448 -0.934609
-0.0123868 -0.017901 -0.935283
-0.0121234 -0.018214 -0.935959
-0.0118253 -0.018441 -0.936642
-0.0114813 -0.0186492 -0.937327
-0.0111103 -0.0188988 -0.938028
-0.0107458 -0.019148 -0.93872
-0.0103611 -0.0193124 -0.939402
-0.0100196 -0.0194339 -0.940054
-0.00970846 -0.0195492 -0.940685
-0.00940795 -0.0196159 -0.941241
-0.00916147 -0.019586 -0.941752
-0.00890202 -0.0195632 -0.942226
-0.00867697 -0.0195649 -0.942661
-0.00849814 -0.0195121 -0.94304
-0.00832533 -0.0193824 -0.94337
-0.0082272 -0.0192591 -0.943667
-0.00814713 -0.0192127 -0.943919
-0.00806602 -0.0191908 -0.94411
-0.00809541 -0.0191785 -0.944251
-0.00812921 -0.0192793 -0.944349
-0.00810995 -0.0194036 -0.944411
-0.00811694 -0.0194683 -0.944437
-0.00817431 -0.0196305 -0.944427
-0.00816893 -0.019872 -0.944381
-0.00813973 -0.0200454 -0.944307
-0.00808479 -0.0202079 -0.944218
-0.00797636 -0.0204473 -0.944127
-0.00790861 -0.020651 -0.944025
-0.00785036 -0.0207846 -0.943925
-0.0077524 -0.0209994 -0.943843
-0.00765635 -0.0212535 -0.943762
-0.00752883 -0.0214384 -0.943676
-0.00739865 -0.0215829 -0.943573
-0.00732063 -0.0217879 -0.943438
-0.00715524 -0.0219558 -0.943298
-0.00692745 -0.0219908 -0.943168
-0.00673318 -0.0220072 -0.943016
-0.00651567 -0.0219971 -0.942866
-0.0062144 -0.021912 -0.942732
-0.00590504 -0.0218869 -0.942603
-0.00553103 -0.0218797 -0.942477
-0.00502564 -0.0218411 -0.942354
-0.00452056 -0.021866 -0.942224
-0.00403088 -0.0218653 -0.942052
-0.00347005 -0.0217835 -0.941848
-0.0029017 -0.0217157 -0.941613
-0.00240354 -0.021584 -0.941372
-0.0019032 -0.0213862 -0.941111
-0.00140448 -0.0213514 -0.940823
-0.000984224 -0.0214061 -0.940518
-0.000529141 -0.021356 -0.940187
-9.29384e-05 -0.0211447 -0.939834
0.000394753 -0.0210173 -0.939462
0.000864924 -0.0207593 -0.939058
0.00140831 -0.0205295 -0.938606
0.00197169 -0.0204282 -0.938124
0.00250682 -0.020422 -0.937635
0.00305382 -0.0205581 -0.93717
0.00361945 -0.0208248 -0.936749
0.00416443 -0.0211303 -0.936385
0.00475204 -0.0215114 -0.936077
0.00533854 -0.0219368 -0.935819
0.00575908 -0.0222438 -0.935596
0.0061962 -0.0226505 -0.935386
0.0068572 -0.0232636 -0.935187
0.00754253 -0.0238704 -0.935003
0.00821119 -0.0245487 -0.934849
0.00890249 -0.0253197 -0.934716
0.0095762 -0.0260327 -0.934637
0.0102091 -0.0267195 -0.934566
0.0108483 -0.0274009 -0.934492
0.0115131 -0.0280401 -0.934406
0.0121563 -0.0286892 -0.934322
0.0125049 -0.0289962 -0.934245
0.0127444 -0.0290135 -0.934228
0.012734 -0.0286836 -0.934286
0.0127103 -0.028369 -0.934411
0.0123849 -0.0275672 -0.934576
0.0117086 -0.0263975 -0.934735
0.0106988 -0.0249597 -0.934873
0.00952365 -0.0232401 -0.934951
0.00824118 -0.0212839 -0.934938
0.00691219 -0.0191938 -0.934836
0.00557248 -0.0169866 -0.934665
0.00423983 -0.0146371 -0.934454
0.0029251 -0.0121751 -0.934257
0.00162731 -0.00964573 -0.934096
0.00038247 -0.00711118 -0.934015
-0.000846879 -0.00464786 -0.934028
-0.00177498 -0.00267598 -0.934163
-0.0025361 -0.000913594 -0.9344
-0.00311018 0.000588965 -0.934711
-0.00348547 0.00186569 -0.935116
-0.00367568 0.00290905 -0.935594
-0.00370487 0.00367634 -0.936139
-0.00387613 0.00459439 -0.936742
-0.00379099 0.00520008 -0.937395
-0.00347252 0.00554739 -0.938109
-0.00297444 0.00563751 -0.938856
-0.00227291 0.00554557 -0.93962
-0.00145955 0.00522518 -0.940397
-0.000619547 0.00464698 -0.941153
0.000438228 0.00363895 -0.941883
0.00147478 0.00256148 -0.9426
0.0024484 0.00143687 -0.943316
0.00337241 0.000331759 -0.94401
0.00412927 -0.000546845 -0.944673
0.0047725 -0.00138126 -0.945305
0.00528745 -0.00216452 -0.945892
0.00572008 -0.00293971 -0.946423
0.00606352 -0.00377676 -0.946918
0.00633544 -0.00461903 -0.947378
0.00656168 -0.005413 -0.947801
0.00673213 -0.00614706 -0.948189
0.00685423 -0.0068161 -0.948534
0.00695087 -0.00738879 -0.948849
0.00700642 -0.00786163 -0.949137
0.00697182 -0.0082646 -0.949401
0.00696441 -0.00872227 -0.949645
0.00686809 -0.00910621 -0.949868
0.00668847 -0.00939923 -0.950082
0.00642109 -0.00963313 -0.950267
0.00607915 -0.00982568 -0.950443
0.00567546 -0.00996833 -0.950581
0.0050624 -0.00996836 -0.95068
0.00445222 -0.00990805 -0.950724
0.00387598 -0.00978239 -0.950665
0.00338717 -0.00965547 -0.950512
0.00297457 -0.00949431 -0.950286
0.00264708 -0.00930679 -0.949969
0.00235694 -0.00913303 -0.949573
0.00207591 -0.00895046 -0.949123
0.00178989 -0.0087844 -0.948616
0.0014709 -0.00863568 -0.948081
0.00112998 -0.00847915 -0.94756
0.000757567 -0.00835144 -0.947052
0.00038701 -0.00826287 -0.946553
7.73758e-05 -0.00820456 -0.94606
-0.000150808 -0.00822032 -0.945575
-0.000307965 -0.00830308 -0.945099
-0.000320627 -0.00843012 -0.944633
-0.000177515 -0.0086095 -0.944197
0.000109962 -0.0088281 -0.943775
0.000538053 -0.00908878 -0.943391
0.00107497 -0.00942135 -0.943039
0.00165356 -0.00980784 -0.942701
0.0022359 -0.0102523 -0.942377
0.00279092 -0.0107165 -0.94207
0.00328396 -0.0111935 -0.94178
0.00372862 -0.0116956 -0.941523
0.00413832 -0.0122197 -0.941288
0.00449796 -0.0127616 -0.941068
0.00481225 -0.0133231 -0.940849
0.00508691 -0.0139024 -0.940624
0.00532724 -0.0144914 -0.9404
0.00553534 -0.0150739 -0.940168
0.00570047 -0.0156453 -0.939916
0.00578996 -0.0161608 -0.939639
0.00583304 -0.0166184 -0.939336
0.00581749 -0.0170227 -0.938989
0.00570828 -0.0173438 -0.938647
0.00553227 -0.0175661 -0.938309
0.00529714 -0.0177241 -0.937981
0.00500383 -0.0178101 -0.937679
0.00467342 -0.0178562 -0.937398
0.00436437 -0.0179056 -0.937128
0.00407221 -0.0179242 -0.936878
0.0038135 -0.0179062 -0.936645
0.00362785 -0.017884 -0.936449
0.00349062 -0.0178287 -0.936264
0.00339491 -0.0177316 -0.936116
0.00335958 -0.017632 -0.935999
0.00339298 -0.0175116 -0.935932
0.00347337 -0.0173603 -0.9359
0.00360786 -0.0171925 -0.935905
0.00380389 -0.0169888 -0.935951
0.00403188 -0.0167785 -0.936036
0.00429864 -0.0165959 -0.936165
0.00460293 -0.0164532 -0.936339
0.00492034 -0.016357 -0.936557
0.00524644 -0.01632 -0.93682
0.00559439 -0.0163046 -0.937113
0.00595717 -0.016301 -0.9374
0.00630862 -0.0163547 -0.937702
0.00665872 -0.0164361 -0.938011
0.00701613 -0.0165452 -0.938303
0.0073875 -0.0167008 -0.938622
0.0077637 -0.0168897 -0.938931
0.00815377 -0.0170935 -0.939235
0.00854426 -0.0173184 -0.939542
0.00890488 -0.0175409 -0.939842
0.00926048 -0.0177761 -0.940145
0.00961266 -0.0180565 -0.940429
0.00993231 -0.018326 -0.940716
0.0102314 -0.0185654 -0.941006
0.010523 -0.0187868 -0.941276
0.01079 -0.01899 -0.941514
0.0110255 -0.0191679 -0.941736
0.0112595 -0.0193281 -0.941932
0.0114865 -0.019426 -0.942087
0.011691 -0.0194722 -0.942223
0.0118802 -0.0194894 -0.942329
0.0120691 -0.0194737 -0.9424
0.0122226 -0.0194557 -0.942459
0.012302 -0.0194401 -0.9425
0.0122993 -0.0194095 -0.942502
0.0122165 -0.0193859 -0.942473
0.0120117 -0.019322 -0.942405
0.0116689 -0.0192331 -0.942319
0.0111869 -0.019168 -0.942222
0.0106704 -0.0191105 -0.942096
0.00996876 -0.0190264 -0.941941
0.0091329 -0.0189847 -0.941748
0.00818498 -0.0189644 -0.941534
0.00705987 -0.0188251 -0.941268
0.00590412 -0.0186468 -0.940935
0.00471885 -0.0184361 -0.940546
0.00352504 -0.018178 -0.940103
0.00231643 -0.0178692 -0.939631
0.00109964 -0.0175317 -0.939123
-9.73806e-05 -0.0171955 -0.938583
-0.00124323 -0.0168774 -0.938032
-0.00230909 -0.0165809 -0.937455
-0.00332069 -0.0163548 -0.93683
-0.00426828 -0.0162085 -0.936194
-0.00518009 -0.0161071 -0.935572
-0.00606177 -0.0160447 -0.934969
-0.00690406 -0.0160158 -0.934416
-0.00769728 -0.0160101 -0.933936
-0.00845243 -0.0160278 -0.933497
-0.00913557 -0.0160537 -0.933094
-0.00975058 -0.0160794 -0.93273
-0.0102824 -0.0160928 -0.932401
-0.0107414 -0.0161114 -0.932097
-0.0110967 -0.0161349 -0.931797
-0.0112945 -0.0161623 -0.931514
-0.0113405 -0.0161605 -0.931278
-0.0111995 -0.0161274 -0.931083
-0.0108893 -0.0160414 -0.93092
