%roll pitch yaw
0.00265769 -0.0103181 -0.340882
0.00253606 -0.0102867 -0.340924
0.00241078 -0.0102574 -0.340979
0.00229834 -0.0102127 -0.341035
0.0021993 -0.0101742 -0.341102
0.0021387 -0.0101333 -0.341162
0.00212109 -0.010093 -0.341225
0.00213586 -0.0100415 -0.341299
0.0021703 -0.00999335 -0.341371
0.00223309 -0.00994197 -0.341437
0.00229821 -0.00989653 -0.341499
0.00236837 -0.009845 -0.341567
0.0024493 -0.00980895 -0.341632
0.00252476 -0.0097821 -0.341709
0.00257509 -0.00974573 -0.341793
0.00260506 -0.00972585 -0.341884
0.00261721 -0.00969745 -0.341977
0.00260319 -0.00968021 -0.342068
0.00257004 -0.0096728 -0.342147
0.00252852 -0.00965772 -0.34221
0.0024815 -0.00965218 -0.342282
0.00241201 -0.00964944 -0.34235
0.00231514 -0.00966376 -0.342412
0.00219206 -0.00968882 -0.342465
0.00206347 -0.00972165 -0.34252
0.0019482 -0.00975132 -0.342575
0.00183327 -0.00976021 -0.342641
0.00171711 -0.00976588 -0.342704
0.00162294 -0.00976009 -0.342762
0.00152738 -0.009748 -0.342822
0.00143553 -0.00972451 -0.342887
0.00135452 -0.00971483 -0.342946
0.00126887 -0.00969461 -0.343019
0.00118601 -0.00965382 -0.343125
0.00110546 -0.00961436 -0.343238
0.00103011 -0.00957084 -0.343357
0.00096435 -0.00952903 -0.343493
0.000959933 -0.00948693 -0.343603
0.00106807 -0.00944863 -0.343696
0.00133515 -0.00941487 -0.343779
0.00179531 -0.00941214 -0.343856
0.0024367 -0.00943103 -0.343929
0.00322349 -0.00944774 -0.344002
0.00413499 -0.00948195 -0.34407
0.00515033 -0.00952487 -0.34413
0.00620391 -0.00958889 -0.344195
0.00723501 -0.00970797 -0.344256
0.00822336 -0.00983604 -0.344301
0.00916443 -0.00998499 -0.344352
0.0100406 -0.0101077 -0.344385
0.0108348 -0.0102038 -0.344413
0.0115252 -0.01028 -0.34444
0.012131 -0.0103119 -0.34443
0.0126769 -0.0103247 -0.344394
0.0131576 -0.0102998 -0.344294
0.0135817 -0.0102717 -0.344132
0.0139083 -0.0102008 -0.343899
0.0141175 -0.0101561 -0.343591
0.014206 -0.0100548 -0.343185
0.0141776 -0.00995669 -0.342699
0.0140456 -0.00983761 -0.34212
0.013807 -0.00974233 -0.34147
0.0134327 -0.00975511 -0.340794
0.0129437 -0.00981085 -0.340097
0.0123998 -0.00997865 -0.339412
0.0118509 -0.0101716 -0.338741
0.0112821 -0.0104316 -0.338104
0.0106799 -0.0107021 -0.337509
0.0100892 -0.0110306 -0.336923
0.00959161 -0.0114031 -0.336314
0.00923224 -0.0118092 -0.33572
0.00898436 -0.0122446 -0.335141
0.00886685 -0.0127482 -0.334593
0.00885372 -0.0132499 -0.33409
0.00884904 -0.0137661 -0.333646
0.00890173 -0.014269 -0.33327
0.00902876 -0.0147933 -0.33296
0.00927892 -0.0153156 -0.332729
0.00964045 -0.0158092 -0.332579
0.0101124 -0.0162868 -0.332492
0.0106615 -0.0167486 -0.33248
0.011248 -0.0171922 -0.332525
0.0118678 -0.0176022 -0.332612
0.0125491 -0.0179733 -0.332737
0.0132452 -0.0183498 -0.332898
0.0140221 -0.0186939 -0.333094
0.0148065 -0.0190336 -0.333335
0.0155583 -0.019352 -0.333612
0.0162723 -0.0196989 -0.333934
0.0169176 -0.019987 -0.334317
0.0174875 -0.0203247 -0.334721
0.017984 -0.0206491 -0.33516
0.0184732 -0.020993 -0.335624
0.0189566 -0.0213278 -0.336109
0.0194503 -0.0216656 -0.336596
0.0199054 -0.021976 -0.337075
0.0202966 -0.0222722 -0.337555
0.0206434 -0.0225752 -0.338011
0.0209193 -0.0229191 -0.338451
0.0211241 -0.0232014 -0.33888
0.0212793 -0.0234907 -0.339312
0.0214112 -0.0237685 -0.33974
0.0214944 -0.0240863 -0.340171
0.021528 -0.0243853 -0.340598
0.0214971 -0.0247045 -0.341037
0.021396 -0.024973 -0.341491
0.0212252 -0.0252682 -0.341938
0.0210608 -0.0254995 -0.342354
0.0209332 -0.0258034 -0.342789
0.0208415 -0.0260799 -0.343226
0.0207876 -0.0264143 -0.343662
0.0207306 -0.0267119 -0.344125
0.0206528 -0.02702 -0.344627
0.0205599 -0.027327 -0.345147
0.0205138 -0.0276229 -0.345685
0.020543 -0.0279446 -0.346232
0.0206344 -0.0281619 -0.346787
0.0207344 -0.0283625 -0.347349
0.0208402 -0.0284936 -0.347907
0.0210103 -0.0286502 -0.348464
0.021312 -0.0287838 -0.34902
0.0216929 -0.0289704 -0.34958
0.0220852 -0.0291841 -0.35017
0.0224624 -0.0293877 -0.350741
0.0228311 -0.0295705 -0.351288
0.0232228 -0.0297298 -0.35182
0.0236209 -0.0298447 -0.352301
0.0240375 -0.0299885 -0.352741
0.0244739 -0.0300929 -0.353143
0.0249103 -0.0302114 -0.353478
0.0252965 -0.0303022 -0.35379
0.0256136 -0.030429 -0.354049
0.0258829 -0.0305592 -0.35425
0.0261552 -0.0307566 -0.354408
0.0264537 -0.0309598 -0.354545
0.0267867 -0.0312496 -0.354665
0.0271111 -0.0315621 -0.354767
0.0273434 -0.0318852 -0.354844
0.0274944 -0.0322086 -0.354917
0.0276266 -0.0324643 -0.354983
0.0277539 -0.0327918 -0.355028
0.0278912 -0.0331341 -0.355043
0.0280199 -0.0335238 -0.355031
0.0281192 -0.0338991 -0.355007
0.0281631 -0.0342679 -0.354986
0.0281523 -0.0346139 -0.35495
0.0281034 -0.0349406 -0.354901
0.0280307 -0.0352251 -0.354848
0.0279639 -0.0354162 -0.354792
0.027916 -0.0355703 -0.354707
0.0279075 -0.035655 -0.35462
0.0279067 -0.0357334 -0.354552
0.0278307 -0.0357407 -0.354473
0.027703 -0.0357856 -0.354378
0.0275485 -0.0358126 -0.354292
0.027427 -0.0358115 -0.354191
0.0273506 -0.0357317 -0.354088
0.0273409 -0.0356951 -0.353986
0.0273637 -0.0356153 -0.353887
0.0274123 -0.0355244 -0.353787
0.0274704 -0.035393 -0.353716
0.0275195 -0.0352536 -0.35368
0.0275824 -0.0350693 -0.353676
0.0276576 -0.0349323 -0.353699
0.0277637 -0.0347426 -0.353755
0.0278743 -0.0345896 -0.353821
0.0280016 -0.0344586 -0.353874
0.0281408 -0.0343653 -0.35391
0.0282887 -0.0342512 -0.353914
0.028408 -0.0341932 -0.353896
0.0285403 -0.034153 -0.353826
0.0287422 -0.0341763 -0.353735
0.029014 -0.0341578 -0.353603
0.0293147 -0.0341548 -0.353437
0.0295806 -0.0341157 -0.353236
0.0297829 -0.0341337 -0.353029
0.0299085 -0.0341839 -0.352801
0.0299448 -0.0343658 -0.352539
0.0298848 -0.0345834 -0.352244
0.0297336 -0.0348714 -0.351919
0.0295707 -0.0351141 -0.351551
0.0294555 -0.0354151 -0.351114
0.0294198 -0.0356317 -0.350626
0.0294556 -0.0358518 -0.35006
0.0295363 -0.0360283 -0.349457
0.0296137 -0.0362653 -0.348859
0.0296987 -0.0365372 -0.348284
0.029779 -0.0369244 -0.347732
0.029827 -0.037292 -0.347219
0.0298742 -0.0377296 -0.346741
0.0299793 -0.0381782 -0.346304
0.03012 -0.0386394 -0.345905
0.0302189 -0.0390439 -0.345557
0.0302896 -0.0394994 -0.345246
0.0304137 -0.0399657 -0.344991
0.0306158 -0.0405128 -0.344802
0.030839 -0.0410453 -0.344675
0.0310305 -0.0415156 -0.344615
0.0310826 -0.0416929 -0.344615
0.0308811 -0.0414935 -0.344702
0.0303822 -0.0408479 -0.344852
0.0295758 -0.0398333 -0.345063
0.0284898 -0.0384836 -0.34532
0.0271919 -0.0369129 -0.345601
0.0254871 -0.0349282 -0.345902
0.0236977 -0.0329089 -0.346211
0.0220178 -0.0310838 -0.346495
0.0202574 -0.0291672 -0.346725
0.0184991 -0.0270907 -0.346902
0.0167325 -0.0248115 -0.347043
0.0149488 -0.0223682 -0.347174
0.0131619 -0.0198459 -0.347315
0.0113786 -0.017337 -0.347525
0.00959759 -0.0149074 -0.347842
0.00789256 -0.012595 -0.348275
0.00629555 -0.0104618 -0.348785
0.00485302 -0.0085 -0.349397
0.00358285 -0.00666375 -0.350095
0.00252576 -0.00496572 -0.350858
0.00174529 -0.00349885 -0.351684
0.00127347 -0.00228249 -0.35258
0.00110308 -0.00123742 -0.353558
0.00119293 -0.000420354 -0.354608
0.0014544 0.000103424 -0.355683
0.00186041 0.000320344 -0.356789
0.00239689 0.000330391 -0.357896
0.0030486 0.000175386 -0.359006
0.0037968 -0.00014622 -0.360113
0.00465064 -0.000658 -0.361189
0.00558386 -0.00131169 -0.362256
0.00673023 -0.00232923 -0.363288
0.00764227 -0.00315452 -0.36429
0.00848578 -0.00405749 -0.365255
0.00919254 -0.00506204 -0.366167
0.00981279 -0.00618664 -0.367014
0.010404 -0.00735397 -0.367818
0.0109537 -0.0085367 -0.368579
0.0114376 -0.00974399 -0.369282
0.0118262 -0.010933 -0.369917
0.0120968 -0.0120433 -0.370495
0.0122321 -0.0131062 -0.371015
0.0121742 -0.0141336 -0.37148
0.0119116 -0.0151131 -0.371885
0.0114198 -0.0160284 -0.372237
0.0107152 -0.0168362 -0.372551
0.00983803 -0.0175406 -0.372823
0.00882842 -0.0181352 -0.373022
0.00791316 -0.0186305 -0.373146
0.00697658 -0.0189912 -0.373191
0.00603193 -0.0192462 -0.373148
0.00509169 -0.0194021 -0.373009
0.00414663 -0.0194636 -0.372777
0.00322786 -0.0194602 -0.372443
0.00210535 -0.0193431 -0.372017
0.000989465 -0.019202 -0.371527
-0.00014523 -0.0190468 -0.371009
-0.00130218 -0.0188925 -0.370482
-0.00243826 -0.0187525 -0.369968
-0.00352615 -0.0186316 -0.369475
-0.00451595 -0.0185336 -0.369024
-0.00537146 -0.0184671 -0.368609
-0.00605909 -0.0184502 -0.368231
-0.00629311 -0.0185932 -0.367899
-0.00634302 -0.0188077 -0.367572
-0.00620868 -0.0190892 -0.367256
-0.00590261 -0.0194504 -0.366952
-0.00544317 -0.0198941 -0.366685
-0.00488112 -0.0204147 -0.366456
-0.00443221 -0.0209563 -0.366248
-0.00391479 -0.0215395 -0.366079
-0.00335524 -0.0221728 -0.365961
-0.00277704 -0.0228541 -0.365853
-0.00216544 -0.0235955 -0.365731
-0.00152979 -0.0243988 -0.365591
-0.000867507 -0.025279 -0.365421
-0.000187082 -0.0261897 -0.365215
0.000485532 -0.0271248 -0.36497
0.00121964 -0.027913 -0.36466
0.00188294 -0.0286363 -0.364282
0.00245661 -0.0292494 -0.363844
0.00293205 -0.0297704 -0.363336
0.00322144 -0.0303142 -0.362735
0.00345517 -0.030684 -0.36205
0.00355001 -0.030971 -0.361278
0.00351036 -0.0311678 -0.360424
0.00329083 -0.031412 -0.359491
0.00295309 -0.0315327 -0.358527
0.00251203 -0.0315401 -0.357525
0.00197254 -0.0314285 -0.356483
0.00137452 -0.0311918 -0.355403
0.000746521 -0.030863 -0.354311
0.000116202 -0.0304605 -0.353206
-0.00050575 -0.0300172 -0.352091
-0.00111143 -0.0295581 -0.35099
-0.00169732 -0.0290678 -0.349923
-0.00227447 -0.028541 -0.348895
-0.00281679 -0.0279565 -0.347909
-0.00333173 -0.0273356 -0.346969
-0.00381277 -0.0266942 -0.346086
-0.00425188 -0.0260546 -0.345265
-0.00463587 -0.025436 -0.344502
-0.00496327 -0.0248487 -0.34381
-0.00522667 -0.0242716 -0.343195
-0.00542084 -0.0237365 -0.342657
-0.00553724 -0.0232345 -0.34221
-0.00558532 -0.0228073 -0.341844
-0.00556493 -0.0224539 -0.34156
-0.0054887 -0.0221288 -0.341333
-0.00537435 -0.0218284 -0.341164
-0.00522719 -0.021543 -0.341064
-0.00505146 -0.0212693 -0.341032
-0.00486206 -0.0209824 -0.341076
-0.004674 -0.020689 -0.341169
-0.00448798 -0.0203728 -0.341312
-0.00429309 -0.0200395 -0.341491
-0.00407145 -0.0196938 -0.341683
-0.00382234 -0.0193676 -0.341889
-0.00355494 -0.019062 -0.342106
-0.00326148 -0.0187456 -0.342313
-0.00297381 -0.0184158 -0.342493
-0.00270368 -0.0180649 -0.342666
-0.00246895 -0.0176758 -0.342828
-0.00230909 -0.0172406 -0.343023
-0.00223458 -0.0167768 -0.343224
-0.0022559 -0.0163225 -0.343439
-0.00237429 -0.015914 -0.343659
-0.00257226 -0.0155671 -0.343886
-0.00286342 -0.015234 -0.344111
-0.0032317 -0.0148861 -0.344333
-0.00362725 -0.0145071 -0.344561
-0.00403639 -0.0140903 -0.344804
-0.00445508 -0.0136181 -0.345048
-0.00484681 -0.0131139 -0.345278
-0.00520406 -0.0126005 -0.345505
-0.00553796 -0.012115 -0.345742
-0.00585204 -0.0116408 -0.346005
-0.00617139 -0.0111476 -0.346314
-0.00652515 -0.0106122 -0.346667
-0.00693218 -0.0100866 -0.347057
-0.0074426 -0.00959422 -0.347506
-0.00805705 -0.0091847 -0.348026
-0.00878377 -0.00888259 -0.34862
-0.0096017 -0.00871771 -0.34926
-0.0104443 -0.00868656 -0.349925
-0.0112661 -0.0087716 -0.35058
-0.0118605 -0.00891841 -0.35123
-0.0123554 -0.0091262 -0.35187
-0.0127599 -0.00940408 -0.35249
-0.0132763 -0.0097771 -0.353098
-0.0137287 -0.0101625 -0.353699
-0.0141552 -0.0105264 -0.354313
-0.0145735 -0.0109144 -0.354934
-0.0149972 -0.0113239 -0.355574
-0.0154324 -0.0117714 -0.356215
-0.015888 -0.0122411 -0.356867
-0.0163317 -0.012729 -0.357522
-0.0165112 -0.0129006 -0.358177
-0.0166033 -0.0129093 -0.358802
-0.0165118 -0.0126232 -0.359369
-0.0161554 -0.0119755 -0.359886
-0.0154799 -0.0109462 -0.360365
-0.0144945 -0.00955477 -0.360789
-0.0132424 -0.00786743 -0.361174
-0.0119758 -0.00601602 -0.361532
-0.0106144 -0.00404781 -0.361852
-0.00919271 -0.00202382 -0.362147
-0.00769528 6.55225e-05 -0.362386
-0.00618432 0.00222831 -0.362568
-0.00471851 0.00443786 -0.362712
-0.00332106 0.00668927 -0.362818
-0.00200342 0.00891746 -0.362875
-0.000817028 0.0110521 -0.362872
0.00022065 0.0130419 -0.362785
0.00109594 0.0148581 -0.36262
0.00185859 0.0164865 -0.362357
0.0025 0.0178676 -0.361981
0.00299447 0.0189467 -0.361455
0.00335633 0.019722 -0.3608
0.00356164 0.020251 -0.360032
0.00360528 0.0206115 -0.359178
0.00349087 0.0208184 -0.358243
0.00323529 0.0208567 -0.357245
0.00283405 0.0207391 -0.356199
0.00229632 0.0205268 -0.355108
0.00165119 0.0202347 -0.353983
0.000929264 0.0198672 -0.352831
0.000113091 0.0194241 -0.351659
-0.000765364 0.0189522 -0.35049
-0.00166933 0.0184874 -0.349316
-0.00254727 0.018038 -0.348128
-0.00334831 0.0175969 -0.34691
-0.0040763 0.0171623 -0.345645
-0.00471545 0.0167475 -0.344326
-0.00525353 0.0164053 -0.342911
-0.00569027 0.0161181 -0.341422
-0.00604619 0.015863 -0.339882
-0.00638068 0.015655 -0.338297
-0.00668201 0.0154613 -0.336703
-0.00689914 0.0152841 -0.335116
-0.00712411 0.0149818 -0.33354
-0.00726241 0.0146878 -0.331972
-0.00727975 0.0144459 -0.330389
-0.00714935 0.0142433 -0.328772
-0.00687893 0.0141191 -0.327142
-0.00650238 0.014053 -0.325507
-0.0060407 0.0140224 -0.323866
-0.00537571 0.0141358 -0.322253
-0.00468039 0.0142382 -0.320701
-0.00398887 0.0143627 -0.319215
-0.00332883 0.0144672 -0.317818
-0.00272496 0.0145726 -0.316504
-0.00215327 0.0146931 -0.315275
-0.00160552 0.0148227 -0.314102
-0.00105508 0.014971 -0.313014
-0.000488071 0.0150977 -0.312023
9.30193e-05 0.0152022 -0.311108
0.000685084 0.015272 -0.31026
0.00126818 0.015288 -0.309483
0.00186236 0.0152211 -0.308768
0.00240304 0.0150692 -0.3081
0.0028532 0.014839 -0.307506
0.00322038 0.0145355 -0.306981
0.00347938 0.0141847 -0.30651
0.00362233 0.0137903 -0.306135
0.00361429 0.0133617 -0.305836
0.00351675 0.0128988 -0.305648
0.00335003 0.0123491 -0.305559
0.00313439 0.0117561 -0.305556
0.00285851 0.0111281 -0.305643
0.00257374 0.0104778 -0.305803
0.00228795 0.00980634 -0.306041
0.00197673 0.00913362 -0.306373
0.00167817 0.00843713 -0.306793
0.00142955 0.00775903 -0.307307
0.00121191 0.0070432 -0.307916
0.00101066 0.00635118 -0.308638
0.000811348 0.0056262 -0.30946
0.000611319 0.004885 -0.310393
0.000482912 0.00419788 -0.311406
0.000391669 0.00355013 -0.312502
0.000322619 0.0029824 -0.313686
0.000283339 0.00242011 -0.314942
0.000324468 0.00192359 -0.316264
0.000470809 0.00149471 -0.317638
0.000691747 0.0011265 -0.319068
0.000947027 0.000763527 -0.320527
0.00121634 0.000393695 -0.322023
0.00150288 6.35016e-05 -0.323567
0.00179895 -0.000282411 -0.325147
0.00204499 -0.00064279 -0.326728
0.00227105 -0.00092135 -0.328289
0.0024775 -0.00117645 -0.329839
0.00266982 -0.00140934 -0.331391
0.00280178 -0.00163458 -0.332949
0.00289271 -0.00183678 -0.33448
0.00300658 -0.00200344 -0.335961
0.00314759 -0.00216334 -0.337393
0.00330532 -0.00225083 -0.338801
0.00344278 -0.00237321 -0.340154
0.00355815 -0.00249376 -0.341448
0.00370308 -0.00263046 -0.342697
0.00387104 -0.0028151 -0.343891
0.00402092 -0.00304641 -0.345034
0.00412104 -0.0033902 -0.34614
0.00417191 -0.00375069 -0.347207
0.00417224 -0.00414475 -0.348223
0.00417472 -0.00446388 -0.349178
0.00424453 -0.00486209 -0.350091
0.00435175 -0.00527246 -0.350953
0.00442414 -0.00576538 -0.351755
0.0044435 -0.00625418 -0.352505
0.00446939 -0.00681609 -0.353221
0.00449922 -0.00738057 -0.353903
0.00456453 -0.00798914 -0.354541
0.00467031 -0.00852093 -0.355141
0.00475297 -0.00906612 -0.355681
0.00477966 -0.00950393 -0.356153
0.00478288 -0.00993193 -0.356536
0.0048056 -0.0103305 -0.356866
0.00482185 -0.0107788 -0.357162
0.00482897 -0.0111727 -0.357422
0.00485585 -0.0115765 -0.357652
0.00492219 -0.0119109 -0.357837
0.00504031 -0.0122157 -0.357988
0.00515661 -0.0123956 -0.358128
0.00523282 -0.0125752 -0.358222
0.00527679 -0.0126992 -0.358268
0.00540113 -0.0128872 -0.358274
0.00560752 -0.013033 -0.35822
0.00584215 -0.0132185 -0.358091
0.00607743 -0.0133626 -0.357881
0.00636299 -0.0135303 -0.357623
0.00666954 -0.0135931 -0.357325
0.00696921 -0.0136971 -0.356989
0.00728428 -0.0138273 -0.356628
0.007673 -0.0140343 -0.356227
0.00820185 -0.0142569 -0.355794
0.00887558 -0.0145569 -0.355351
0.00968479 -0.0149654 -0.354888
0.0105513 -0.0154586 -0.354372
0.0114875 -0.0160313 -0.353838
0.0123632 -0.0166372 -0.353285
0.0132084 -0.0173265 -0.352729
0.0139932 -0.0180629 -0.352188
0.0148411 -0.0189882 -0.351675
0.0156174 -0.0199298 -0.351152
0.0163641 -0.0209111 -0.350646
0.0170999 -0.0218676 -0.350121
0.0177999 -0.022827 -0.349558
0.0184565 -0.0237252 -0.34896
0.0190612 -0.0246109 -0.348331
0.0196096 -0.0254406 -0.347677
0.0200839 -0.0262502 -0.346992
0.0202875 -0.0267976 -0.346289
0.0207031 -0.0275823 -0.345563
0.0210951 -0.0282982 -0.34483
0.021148 -0.0286104 -0.344092
0.0210041 -0.0286717 -0.343364
0.0208892 -0.0288161 -0.342697
0.0204517 -0.0285253 -0.342105
0.0196958 -0.0279125 -0.341563
0.0186488 -0.02695 -0.341049
0.0173604 -0.025732 -0.340556
0.0159056 -0.0242846 -0.34002
0.0143651 -0.0226887 -0.339445
0.0127939 -0.020952 -0.338826
0.0112515 -0.0191469 -0.338171
0.00977449 -0.0172585 -0.337517
0.00838399 -0.0152535 -0.336926
0.00705938 -0.0131349 -0.336442
0.00578639 -0.0108951 -0.336088
0.00459157 -0.00858425 -0.335883
0.0036739 -0.00667838 -0.335836
0.00290378 -0.00496465 -0.335956
0.00231193 -0.00353117 -0.336238
0.00192682 -0.00235497 -0.336666
0.00174148 -0.00141947 -0.337245
0.00174152 -0.00070729 -0.337973
0.00193743 -0.000255134 -0.338849
0.00204335 0.00033686 -0.33988
0.00231335 0.000633027 -0.341084
0.00276852 0.000649237 -0.342421
0.00337855 0.000409715 -0.343899
0.00428416 -0.000322519 -0.345504
0.00523579 -0.00118476 -0.347199
0.00620195 -0.00215425 -0.348954
0.00715161 -0.00321813 -0.350752
0.007905 -0.00413852 -0.352575
0.00859682 -0.00513989 -0.354422
0.00924937 -0.00621796 -0.356301
0.00980275 -0.00731141 -0.358199
0.0102696 -0.00839822 -0.360099
0.0106653 -0.00945502 -0.361975
0.010997 -0.0104409 -0.363818
0.0112989 -0.0113379 -0.36561
0.0115657 -0.0122143 -0.367351
0.0117668 -0.0130614 -0.369028
0.0118879 -0.0138769 -0.370646
0.0119351 -0.0146434 -0.372197
0.0118823 -0.0153642 -0.373707
0.0116714 -0.0159455 -0.375181
0.0114552 -0.0164111 -0.376619
0.0111277 -0.0167612 -0.378011
0.0107432 -0.0170131 -0.37936
0.0103372 -0.0171782 -0.38069
0.00992302 -0.0172666 -0.381961
0.00953324 -0.0173085 -0.383136
0.00915319 -0.0172889 -0.384224
0.00878406 -0.0172042 -0.385219
0.00842504 -0.0170453 -0.386114
0.00786703 -0.0167995 -0.386902
0.00730719 -0.0164902 -0.387588
0.00672197 -0.0161517 -0.388196
0.00609623 -0.0158057 -0.388764
0.00543783 -0.0154627 -0.389298
0.00493323 -0.0152508 -0.389815
0.00445837 -0.0150764 -0.390339
0.00404108 -0.0149636 -0.390874
0.00370654 -0.0149166 -0.391398
0.00348831 -0.014944 -0.391892
0.00336495 -0.0150696 -0.39236
0.00309411 -0.015179 -0.392809
0.00295397 -0.0153721 -0.393235
0.00291731 -0.0156771 -0.393652
0.00297306 -0.0160825 -0.39404
0.00308316 -0.0165676 -0.394412
0.00325036 -0.0171308 -0.394757
0.00344643 -0.0177775 -0.395069
0.00368152 -0.018531 -0.395338
0.0039297 -0.0193746 -0.395557
0.00419982 -0.0202824 -0.395712
0.00448669 -0.0212296 -0.395818
0.00479419 -0.0222184 -0.395873
0.00511009 -0.0232432 -0.395857
0.0054035 -0.0242902 -0.395748
0.00565471 -0.0253438 -0.395516
0.00587155 -0.0263903 -0.395149
0.00600465 -0.0274043 -0.394669
0.00606585 -0.0283539 -0.394068
0.00603609 -0.0292225 -0.393372
0.00592616 -0.0300012 -0.392577
0.00572412 -0.0306685 -0.391687
0.00543271 -0.0312073 -0.390688
0.0050554 -0.0316348 -0.389597
0.00460656 -0.0319774 -0.388414
0.00412986 -0.0322833 -0.387135
0.00364558 -0.0325441 -0.385779
0.00315276 -0.0327576 -0.384361
0.0026835 -0.0328871 -0.382895
0.00224153 -0.0329138 -0.381383
0.0018245 -0.0328253 -0.37985
0.00142954 -0.0326725 -0.37831
0.00104494 -0.0324759 -0.37677
0.000696412 -0.0322517 -0.375217
0.000390531 -0.0319975 -0.373664
0.000126736 -0.0317474 -0.37213
-8.25249e-05 -0.0314882 -0.370629
-0.00022312 -0.0312342 -0.369172
-0.000303252 -0.0309744 -0.367742
-0.000323026 -0.0307531 -0.366352
-0.000289719 -0.030566 -0.365021
-0.000217008 -0.0304333 -0.363753
-0.00012248 -0.0303282 -0.362535
7.1536e-06 -0.0302603 -0.361353
0.000184901 -0.0302035 -0.360206
0.000382931 -0.0301479 -0.359099
0.000601155 -0.0301036 -0.358017
0.000830882 -0.03007 -0.356953
0.0010547 -0.0300628 -0.355926
0.00128118 -0.030088 -0.354912
0.00150266 -0.0301601 -0.353925
0.00170651 -0.0302701 -0.352952
0.0018808 -0.0304119 -0.352009
0.00201436 -0.0305473 -0.351088
0.0021372 -0.030647 -0.35018
0.00222307 -0.0306958 -0.349264
0.00229501 -0.0307001 -0.348347
0.002373 -0.0306812 -0.347425
0.00246321 -0.0306669 -0.346497
0.00254285 -0.0306965 -0.345553
0.00260534 -0.0307332 -0.344604
0.00266227 -0.0307609 -0.343653
0.00267997 -0.0307226 -0.34272
0.00262571 -0.0306091 -0.341812
0.00248771 -0.0304304 -0.340947
0.00229591 -0.0301956 -0.340117
0.00204275 -0.0299379 -0.339331
0.00171452 -0.0296871 -0.338613
0.00134243 -0.0294624 -0.337959
0.000965612 -0.0292473 -0.337348
0.000639179 -0.0289834 -0.336747
0.000365687 -0.0286305 -0.336167
0.000150364 -0.0281555 -0.335556
-7.3847e-06 -0.0275996 -0.334898
-0.000122446 -0.0270387 -0.334231
-0.00019512 -0.0265475 -0.333563
-0.000226833 -0.0261021 -0.332908
-0.000240157 -0.0256556 -0.332303
-0.000276396 -0.0251053 -0.331758
-0.000328397 -0.0244659 -0.331282
-0.000396441 -0.0237374 -0.330876
-0.000458736 -0.0230153 -0.330525
-0.000505221 -0.0223271 -0.330209
-0.000526828 -0.0217459 -0.329903
-0.000541839 -0.0212855 -0.329613
-0.000582237 -0.0210337 -0.329335
-0.000671839 -0.0209916 -0.32905
-0.000813833 -0.0211386 -0.328739
-0.00101354 -0.0213806 -0.328411
-0.0011982 -0.0215899 -0.328074
-0.00142208 -0.0218496 -0.327745
-0.0017817 -0.022305 -0.327438
-0.00218076 -0.0227696 -0.32717
-0.0026281 -0.0232515 -0.326928
-0.00312321 -0.0237632 -0.326705
-0.0036589 -0.0243058 -0.326495
-0.00395952 -0.024499 -0.326295
-0.00414924 -0.0244668 -0.326086
-0.0041321 -0.0240732 -0.325841
-0.00384619 -0.0232296 -0.325566
-0.00328137 -0.0219468 -0.325272
-0.00247388 -0.0203092 -0.324982
-0.00158093 -0.018521 -0.324727
-0.000525486 -0.0164796 -0.324535
0.00062174 -0.0143117 -0.324411
0.00182978 -0.0120626 -0.324353
0.00306134 -0.00973843 -0.32439
0.00429235 -0.00732334 -0.324476
0.00553679 -0.00481698 -0.324591
0.00662849 -0.00248696 -0.324732
0.00765598 -0.000262555 -0.324902
0.00861874 0.00179131 -0.325061
0.00945756 0.00360922 -0.325174
0.0103998 0.00566241 -0.325234
0.0111813 0.0074724 -0.325263
0.0117864 0.00905185 -0.325239
0.012209 0.0103693 -0.325139
0.0124518 0.0113975 -0.324956
0.0125138 0.0121456 -0.324708
0.012399 0.012569 -0.324391
0.0121167 0.0126902 -0.324005
0.0115024 0.0122982 -0.323553
0.0108148 0.0117925 -0.323052
0.0102077 0.0114709 -0.322531
0.0096185 0.0110409 -0.32202
0.0090461 0.0105236 -0.321489
0.00851418 0.00995794 -0.320927
0.00808737 0.00930213 -0.320358
0.00777712 0.00858749 -0.319779
0.00755584 0.00785224 -0.319173
0.00739781 0.00712549 -0.318603
0.00730526 0.00646422 -0.318042
0.00724998 0.00588449 -0.317497
0.00725992 0.00534245 -0.316967
0.00731382 0.00478104 -0.316478
0.00745257 0.00421031 -0.316024
0.00770748 0.00367283 -0.315578
0.00808698 0.00316445 -0.315125
0.00858899 0.0026992 -0.314676
0.00911873 0.00217441 -0.314233
0.0097299 0.0017021 -0.313829
0.0103974 0.00129957 -0.313448
0.011091 0.000958201 -0.31311
0.011823 0.000631222 -0.31281
0.0125198 0.000370912 -0.312572
0.0131662 0.000144428 -0.312406
0.0137675 -4.88571e-05 -0.312306
0.0145487 -7.2894e-05 -0.312281
0.0152842 -8.09226e-05 -0.312325
0.0159484 -3.25818e-05 -0.312438
0.0165651 2.42386e-05 -0.312601
0.0171695 9.32933e-05 -0.312817
0.0177718 0.000190189 -0.313082
0.0183739 0.000330183 -0.313387
0.0188045 0.000380917 -0.313731
0.019207 0.00043941 -0.314107
0.0195698 0.000476896 -0.314517
0.0198847 0.000488643 -0.314943
0.0201507 0.000503529 -0.315384
0.0205472 0.000573007 -0.315827
0.0208565 0.000613536 -0.316291
0.0210665 0.000568323 -0.316767
0.0211914 0.000465552 -0.317238
0.0212542 0.000289376 -0.317703
0.0212463 8.2887e-05 -0.31816
0.0211842 -0.000194084 -0.318622
0.021072 -0.00058195 -0.31907
0.0209666 -0.00100775 -0.319506
0.0208606 -0.00147141 -0.319958
0.0207576 -0.00194012 -0.320398
0.0206478 -0.00239827 -0.320819
0.0205406 -0.00289609 -0.321264
0.020433 -0.0034365 -0.32173
0.020374 -0.00404562 -0.32225
0.0203383 -0.00465708 -0.3228
0.0203231 -0.00528468 -0.323435
0.0203384 -0.00588739 -0.324126
0.0204216 -0.00645427 -0.32486
0.0205806 -0.00695171 -0.32563
0.02079 -0.00735206 -0.326444
0.021079 -0.0076989 -0.32729
0.0214365 -0.00799301 -0.328164
0.0218606 -0.00826649 -0.329062
0.0223512 -0.00849511 -0.329979
0.0228785 -0.00872047 -0.330901
0.0234042 -0.0089342 -0.331851
0.0238948 -0.00908913 -0.332796
0.0243787 -0.00924392 -0.333762
0.0248472 -0.00932084 -0.334711
0.0252851 -0.00934058 -0.335654
0.0256678 -0.00927091 -0.336576
0.0259928 -0.00920486 -0.337484
0.0262718 -0.00913486 -0.338361
0.0265077 -0.00910004 -0.339208
0.0267316 -0.00906143 -0.340038
0.0268681 -0.00897125 -0.340831
0.0269638 -0.00893539 -0.341597
0.027052 -0.0089147 -0.342312
0.0271098 -0.00887667 -0.342956
0.0270933 -0.00885022 -0.343572
0.0270181 -0.00878276 -0.344147
0.0269651 -0.0087467 -0.344698
0.026884 -0.00874727 -0.345247
0.0267563 -0.00876283 -0.345788
0.0265862 -0.00883364 -0.346309
0.0263902 -0.00890865 -0.346816
0.0261926 -0.0090486 -0.347296
0.0260438 -0.00925759 -0.347749
0.0259475 -0.00952791 -0.348148
0.025858 -0.00979903 -0.348516
0.0257828 -0.0100508 -0.348861
0.0257048 -0.0102937 -0.349197
0.0255667 -0.0105656 -0.349511
0.0254078 -0.0108275 -0.349806
0.025286 -0.0111035 -0.350067
0.0252468 -0.0113808 -0.350299
0.0252391 -0.0117221 -0.350514
0.0251996 -0.012042 -0.350699
0.0251405 -0.0123342 -0.35085
0.0250823 -0.0125534 -0.350981
0.0250696 -0.0127811 -0.351098
0.0251485 -0.0129204 -0.351197
0.0253032 -0.0130713 -0.351273
0.0254884 -0.0131865 -0.351316
0.0256861 -0.013355 -0.351332
0.0258857 -0.0134538 -0.351334
0.0260622 -0.0135499 -0.351332
0.0262314 -0.0135947 -0.3513
0.0264148 -0.0136683 -0.351205
0.0266266 -0.0136772 -0.35106
0.0268885 -0.0137284 -0.350875
0.0271756 -0.0137494 -0.350633
0.0274382 -0.013823 -0.350348
0.0276838 -0.0138652 -0.350023
0.0279397 -0.0139482 -0.349639
0.0281996 -0.0139891 -0.349214
0.0284513 -0.014013 -0.34875
0.028688 -0.0139599 -0.348252
0.0289188 -0.0139117 -0.347708
0.0290907 -0.0138424 -0.34711
0.029162 -0.0138295 -0.346468
0.0291288 -0.0138354 -0.345767
0.029025 -0.0138835 -0.344994
0.0289247 -0.0139993 -0.344174
0.0288741 -0.0141615 -0.343314
0.028899 -0.0143399 -0.342406
0.0290146 -0.0145556 -0.341485
0.0291831 -0.0148374 -0.340546
0.0293805 -0.015172 -0.339607
0.0295824 -0.0155577 -0.338707
0.0297571 -0.016005 -0.337846
0.0298738 -0.0165191 -0.337016
0.0299831 -0.0170461 -0.336224
0.0301702 -0.0176418 -0.335459
0.0304439 -0.0182777 -0.334727
0.0307352 -0.0189935 -0.334021
0.0309963 -0.0197011 -0.333356
0.0311622 -0.0203041 -0.332763
0.0308423 -0.0201854 -0.33223
0.0305762 -0.0200599 -0.331798
0.030098 -0.019526 -0.331424
0.0293805 -0.0186489 -0.331101
0.028409 -0.0174131 -0.330794
0.0272295 -0.0158933 -0.330494
0.0259191 -0.014164 -0.330183
0.0245228 -0.0122479 -0.32985
0.0230685 -0.0101872 -0.329498
0.0215241 -0.00794747 -0.329114
0.0199889 -0.00563235 -0.328762
0.0184614 -0.00324066 -0.328453
0.0168826 -0.000621004 -0.328225
0.0152976 0.00206668 -0.328113
0.0137861 0.00469631 -0.328134
0.0124804 0.00669246 -0.328316
0.0113479 0.00841979 -0.328668
0.0103824 0.0098757 -0.329191
0.00957231 0.0110509 -0.329856
0.00894192 0.0119032 -0.330648
0.00849071 0.0124103 -0.331523
0.00821979 0.0126052 -0.33249
0.00813249 0.0125376 -0.333531
0.00796585 0.0126192 -0.334633
0.00796959 0.0124475 -0.335796
0.00810969 0.0120277 -0.337011
0.00833475 0.0114408 -0.338262
0.0085818 0.0106953 -0.339528
0.00912989 0.00959433 -0.340796
0.00945156 0.00869127 -0.342034
0.00986262 0.00770211 -0.343238
0.0106098 0.00641586 -0.344395
0.0114076 0.0051423 -0.345504
0.0120498 0.00401372 -0.346584
0.0127155 0.00295178 -0.347635
0.0133827 0.00195286 -0.348644
0.0140078 0.000995414 -0.349613
0.0145453 4.59653e-05 -0.350581
0.0149964 -0.000873421 -0.351523
0.0153923 -0.00176494 -0.352495
0.0157455 -0.00264677 -0.353485
0.0160221 -0.00350148 -0.35451
0.01622 -0.00429992 -0.35557
0.0163307 -0.00501812 -0.356635
0.0164552 -0.00570628 -0.357709
0.0164765 -0.0062894 -0.35879
0.0163448 -0.00674868 -0.359845
0.0160331 -0.00708315 -0.360835
0.015568 -0.00734111 -0.361748
0.0149747 -0.00753551 -0.362597
0.0142728 -0.00767517 -0.363363
0.0134935 -0.00774818 -0.364058
0.0125348 -0.00771517 -0.364691
0.0115734 -0.00763777 -0.365276
0.0106265 -0.00752171 -0.36581
0.00970372 -0.00735252 -0.366283
0.0087773 -0.00714994 -0.366696
0.00783531 -0.00694408 -0.36706
0.00686101 -0.0067453 -0.367361
0.00587909 -0.00658126 -0.367619
0.00489285 -0.00646515 -0.367855
0.00391424 -0.00641254 -0.368071
0.00296809 -0.00643487 -0.36827
0.00209357 -0.00655092 -0.368464
0.0013618 -0.00675359 -0.36866
0.00076169 -0.0070323 -0.368839
0.000335571 -0.00740237 -0.369006
9.34112e-05 -0.00783687 -0.36914
3.69716e-05 -0.00833451 -0.369257
0.000154578 -0.00889204 -0.369352
0.000419815 -0.00953468 -0.369424
0.000772719 -0.0102224 -0.369445
0.00119311 -0.0109509 -0.369424
0.00164169 -0.0117367 -0.369377
0.00209236 -0.0125792 -0.369294
0.00251092 -0.0134793 -0.369163
0.00288847 -0.014373 -0.368975
0.00320891 -0.0152453 -0.368721
0.00347573 -0.0160626 -0.368412
0.00370216 -0.0168492 -0.36802
0.00390748 -0.0175795 -0.367535
0.00405977 -0.0182748 -0.366945
0.0041456 -0.0189344 -0.366245
0.00415248 -0.019523 -0.365436
0.00409044 -0.0200173 -0.364527
0.00394059 -0.0203976 -0.363545
0.00375121 -0.0205503 -0.362462
0.00343972 -0.0206127 -0.361311
0.00295518 -0.020693 -0.360107
0.00235449 -0.0207016 -0.358888
0.00167413 -0.020658 -0.357649
0.000924745 -0.0205983 -0.356367
0.000149874 -0.0205112 -0.355053
-0.000618567 -0.0204155 -0.353734
-0.00136452 -0.0203038 -0.352393
-0.00209293 -0.0201533 -0.351056
-0.00281995 -0.0199407 -0.349737
-0.00354312 -0.0196771 -0.348447
-0.00425556 -0.0193327 -0.347189
-0.0049467 -0.0189316 -0.345986
-0.00562917 -0.018494 -0.344852
-0.00629006 -0.018065 -0.343748
-0.00692025 -0.0176662 -0.342694
-0.00750139 -0.0173229 -0.341714
-0.00804228 -0.017057 -0.340807
-0.00855407 -0.0168891 -0.339977
-0.00902516 -0.0167941 -0.339233
-0.00944519 -0.0167533 -0.338591
-0.00983563 -0.0167452 -0.338053
-0.0102056 -0.0167562 -0.337626
-0.0105552 -0.0168079 -0.337301
-0.0108738 -0.0168606 -0.337087
-0.0111738 -0.0169236 -0.336936
-0.0114426 -0.0170033 -0.336835
-0.0116712 -0.0171117 -0.336774
-0.0118412 -0.0172571 -0.336729
-0.0119567 -0.0174395 -0.336708
-0.0120238 -0.0176342 -0.336696
-0.0120667 -0.0178446 -0.336704
-0.0121244 -0.0180049 -0.336741
-0.0122209 -0.0181088 -0.336828
-0.0123662 -0.0181519 -0.336977
-0.0125549 -0.01815 -0.33718
-0.0128024 -0.0181368 -0.337413
-0.0131307 -0.0181549 -0.337695
-0.0135244 -0.0182197 -0.337984
-0.0139611 -0.0183083 -0.338301
-0.0144426 -0.018355 -0.338653
-0.0149749 -0.0183407 -0.339037
-0.0155473 -0.0182658 -0.339452
-0.0161314 -0.0181424 -0.339873
-0.0167055 -0.0179876 -0.340281
-0.0172808 -0.0178046 -0.340692
-0.0178735 -0.0176372 -0.341118
-0.0184791 -0.0174925 -0.341569
-0.0190941 -0.0173567 -0.342063
-0.0197475 -0.0171965 -0.342618
-0.0204411 -0.0169914 -0.343235
-0.0211407 -0.0167278 -0.343931
-0.0218694 -0.0164341 -0.344731
-0.0226198 -0.0161125 -0.345621
-0.0233795 -0.0157953 -0.346579
-0.0241321 -0.0155101 -0.347605
-0.0248383 -0.0153251 -0.348671
-0.025466 -0.0152464 -0.349745
-0.0259801 -0.0152677 -0.350787
-0.0263931 -0.0153557 -0.351807
-0.0267415 -0.0155064 -0.352802
-0.0268977 -0.0156855 -0.353773
-0.0270962 -0.0159591 -0.354742
-0.0275013 -0.0163521 -0.355725
-0.0278056 -0.0167411 -0.356737
-0.0281453 -0.0171905 -0.357761
-0.0287021 -0.0178081 -0.358781
-0.0292499 -0.0184769 -0.359782
-0.0297964 -0.0191956 -0.360732
-0.030306 -0.0199434 -0.36159
-0.0307712 -0.0207012 -0.362387
-0.0309197 -0.0211072 -0.363105
-0.0309661 -0.0213145 -0.36377
-0.0308365 -0.0212117 -0.364373
-0.0304817 -0.0207074 -0.364918
-0.0298599 -0.0197887 -0.365408
-0.0292347 -0.0187703 -0.365832
-0.0283907 -0.0173917 -0.366199
-0.0273842 -0.0157438 -0.366488
-0.0262859 -0.0139331 -0.366688
-0.0251187 -0.0120269 -0.366791
-0.0238937 -0.0100305 -0.366819
-0.0226475 -0.00792203 -0.366777
-0.0213867 -0.0056795 -0.366685
-0.0201492 -0.00332072 -0.36656
-0.0189562 -0.000903208 -0.366388
-0.0178283 0.00146304 -0.366151
-0.0167765 0.00369686 -0.365821
-0.0159202 0.00531715 -0.365382
-0.0151493 0.00669415 -0.364821
-0.0144925 0.00783449 -0.36412
-0.0139746 0.00873248 -0.363287
-0.0133572 0.00986221 -0.362339
-0.0131426 0.010292 -0.361266
-0.0128082 0.0108812 -0.360122
-0.0126464 0.0112243 -0.358923
-0.0126863 0.011384 -0.357705
-0.0128684 0.01136 -0.356486
-0.0131315 0.0111627 -0.355263
-0.0134821 0.0108052 -0.354056
-0.0139068 0.0103418 -0.352864
-0.0143715 0.0097876 -0.351697
-0.0148786 0.00912532 -0.350554
-0.0154363 0.00838582 -0.349464
-0.0160348 0.00757432 -0.348427
-0.0166366 0.00675257 -0.347451
-0.0172167 0.00590668 -0.346524
-0.0177503 0.00507055 -0.345612
-0.0182502 0.00421788 -0.34472
-0.0186913 0.00333748 -0.343823
-0.0191051 0.00244611 -0.342912
-0.0194768 0.00156117 -0.342012
-0.0198317 0.000700476 -0.341135
-0.0201738 -0.000140292 -0.340281
-0.0204674 -0.000976268 -0.339475
-0.0206926 -0.001757 -0.338718
-0.0209791 -0.00262345 -0.338023
-0.0211689 -0.00343054 -0.337379
-0.0212094 -0.0041358 -0.336777
-0.0211224 -0.0047797 -0.336214
-0.0209339 -0.00534577 -0.335675
-0.0206181 -0.00585327 -0.335173
-0.0200777 -0.0062234 -0.334739
-0.0194554 -0.00653263 -0.334377
-0.0188131 -0.00682657 -0.334103
-0.018163 -0.00709888 -0.333918
-0.0175116 -0.00734205 -0.333822
-0.016884 -0.00757359 -0.333827
-0.0163009 -0.00775549 -0.333923
-0.0157324 -0.00794051 -0.334096
-0.0151444 -0.00812605 -0.334334
-0.0145568 -0.00830868 -0.334602
-0.0139401 -0.00851767 -0.334906
-0.0133294 -0.00874736 -0.335233
-0.0127387 -0.00901554 -0.335596
-0.0121938 -0.00933245 -0.335957
-0.0117365 -0.00974969 -0.336329
-0.011406 -0.0102266 -0.336702
-0.0112453 -0.0107528 -0.33706
-0.0111997 -0.0113809 -0.337416
-0.011325 -0.0120389 -0.337783
-0.0116231 -0.0127501 -0.338149
-0.0120726 -0.0134968 -0.338541
-0.0126207 -0.014325 -0.338966
-0.0131956 -0.0152482 -0.339416
-0.013801 -0.0161946 -0.339894
-0.0144389 -0.0172018 -0.340405
-0.0150679 -0.0181965 -0.340957
-0.0156243 -0.019183 -0.34153
-0.0161301 -0.0201881 -0.342119
-0.0166133 -0.021144 -0.342726
-0.0171035 -0.0220999 -0.343382
-0.0175637 -0.0230018 -0.344081
-0.0179588 -0.0239096 -0.344827
-0.0182399 -0.0247668 -0.345631
-0.0184935 -0.0254748 -0.346515
-0.0186718 -0.0261704 -0.347441
-0.0187692 -0.0267853 -0.348391
-0.0188192 -0.027142 -0.349385
-0.0187857 -0.0274475 -0.350415
-0.0185958 -0.0277564 -0.351464
-0.0182978 -0.0280479 -0.352527
-0.0179323 -0.0282399 -0.353582
-0.0175542 -0.0284187 -0.35463
-0.0171924 -0.0284853 -0.355661
-0.0168777 -0.0285205 -0.356688
-0.0165866 -0.0284697 -0.357678
-0.0163101 -0.0283654 -0.358633
-0.0159853 -0.0281753 -0.359559
-0.0156778 -0.0279145 -0.360446
-0.0154689 -0.0276574 -0.361296
-0.0152778 -0.0273231 -0.362104
-0.0150382 -0.0269982 -0.362875
-0.0147603 -0.0266109 -0.36361
-0.0145016 -0.0262471 -0.364281
-0.0142409 -0.0258682 -0.364874
-0.0139892 -0.0255841 -0.365394
-0.0137911 -0.025292 -0.36587
-0.0136019 -0.025082 -0.366296
-0.0133772 -0.0248783 -0.366651
-0.0131319 -0.0247517 -0.36691
-0.0128961 -0.0246462 -0.367096
-0.0127303 -0.0245751 -0.367237
-0.0125982 -0.0244791 -0.367322
-0.0124669 -0.0244331 -0.367372
-0.0123227 -0.0243852 -0.36737
-0.0121416 -0.0243052 -0.367313
-0.0119628 -0.0242624 -0.367224
-0.0117935 -0.0242349 -0.367094
-0.0116254 -0.0242032 -0.366931
-0.0114871 -0.0241174 -0.366753
-0.0113856 -0.024043 -0.366535
-0.0112912 -0.0239976 -0.366295
-0.0111184 -0.0239288 -0.366051
-0.0108471 -0.0238219 -0.365789
-0.0105084 -0.0236926 -0.365502
-0.0101835 -0.0235539 -0.365194
-0.00986227 -0.0233776 -0.364881
-0.0094836 -0.0231638 -0.364562
-0.00903272 -0.0229897 -0.364231
-0.00853602 -0.0228439 -0.363908
-0.00802292 -0.0227134 -0.363599
-0.00751065 -0.0225368 -0.363298
-0.00698906 -0.0223449 -0.363002
-0.00646875 -0.0221165 -0.362703
-0.00593442 -0.021828 -0.362407
-0.00537947 -0.0215466 -0.362122
-0.00474274 -0.021332 -0.361828
-0.00394107 -0.0212085 -0.361512
-0.00296193 -0.0211639 -0.361175
-0.0018838 -0.0212033 -0.360821
-0.000803265 -0.0212716 -0.360475
0.000271106 -0.0213642 -0.360129
0.00127729 -0.0215358 -0.359803
0.00227373 -0.021816 -0.359528
0.003267 -0.022167 -0.359314
0.00421306 -0.0225783 -0.359144
0.00511494 -0.0230388 -0.359033
0.0059905 -0.0235699 -0.358951
0.0068546 -0.0241142 -0.358898
0.00783442 -0.0248414 -0.358862
0.00875847 -0.0256021 -0.358839
0.00962159 -0.0263952 -0.358846
0.0104672 -0.0271377 -0.358864
0.0113417 -0.0278921 -0.358884
0.0122268 -0.0286336 -0.358882
0.0130906 -0.0294194 -0.358861
0.0136886 -0.0299496 -0.358833
0.0142208 -0.0304324 -0.358824
0.0149013 -0.0310779 -0.358876
0.0155124 -0.0317401 -0.358958
0.0157645 -0.0319559 -0.35907
0.0159242 -0.0319499 -0.359236
0.016215 -0.0319842 -0.35946
0.0162656 -0.0316301 -0.359709
0.0159886 -0.0308172 -0.359995
0.0154007 -0.0296197 -0.360293
0.0145504 -0.0281109 -0.360584
0.0134801 -0.0263254 -0.360838
0.0122402 -0.0243863 -0.361045
0.0108868 -0.0223257 -0.361191
0.00946053 -0.0202086 -0.361261
0.00804126 -0.0179896 -0.36125
0.00665571 -0.0157268 -0.361169
0.00524798 -0.0133341 -0.361065
0.00388759 -0.0108949 -0.360991
0.00257769 -0.00846971 -0.360988
0.00138718 -0.00611546 -0.361087
0.000547289 -0.00433136 -0.361284
-0.000108527 -0.0027655 -0.361575
-0.000554576 -0.00141506 -0.361941
-0.000758099 -0.000336906 -0.362372
-0.000707807 0.000451848 -0.362844
-0.000403069 0.000912648 -0.363345
0.000118902 0.00107495 -0.363874
0.000542007 0.00135442 -0.364449
0.00126271 0.001368 -0.365059
0.00214349 0.00115637 -0.365706
0.00313467 0.000756641 -0.366375
0.00420325 0.00016349 -0.367075
0.00533241 -0.000574663 -0.367776
0.00668223 -0.00176041 -0.368478
0.00798844 -0.00300755 -0.369152
0.0092457 -0.00426802 -0.369805
0.0104212 -0.00551544 -0.370413
0.0113982 -0.00652912 -0.370954
0.012272 -0.0075007 -0.371434
0.013045 -0.00842115 -0.371842
0.0137113 -0.00930046 -0.37217
0.0143005 -0.0101515 -0.372456
0.0148183 -0.0109647 -0.372691
0.0152659 -0.0117913 -0.372895
0.0156196 -0.0125992 -0.373054
0.0158429 -0.0133208 -0.373168
0.0159192 -0.013949 -0.37326
0.015995 -0.0145868 -0.373322
0.0159697 -0.0151196 -0.373345
0.0158431 -0.0155184 -0.373346
0.0155837 -0.0158235 -0.373296
0.0152142 -0.0160454 -0.373219
0.0147586 -0.0161832 -0.373106
0.0142728 -0.0162519 -0.372973
0.0137836 -0.0162776 -0.372804
0.0131347 -0.01616 -0.372593
0.0125589 -0.0160122 -0.372342
0.0120347 -0.0158392 -0.372044
0.0116202 -0.0156215 -0.371709
0.0113129 -0.0153832 -0.371332
0.0110686 -0.0151133 -0.370915
0.0108428 -0.0148512 -0.370457
0.0106141 -0.0145988 -0.369986
0.0103579 -0.0143917 -0.369535
0.0100943 -0.0142225 -0.369069
0.0098416 -0.014126 -0.368628
0.00965652 -0.0140837 -0.368231
0.00957647 -0.0140949 -0.367868
0.00960366 -0.0141683 -0.367559
0.00977473 -0.01432 -0.367287
0.0100906 -0.01453 -0.367052
0.0105481 -0.0148015 -0.366842
0.0111391 -0.0151617 -0.36667
0.0118429 -0.0156015 -0.366527
0.0126143 -0.0161233 -0.366428
0.013428 -0.0167129 -0.366354
0.0142483 -0.0173419 -0.366328
0.0150529 -0.018 -0.36634
0.0158193 -0.0186811 -0.366391
0.0165459 -0.0193763 -0.366446
0.0172401 -0.020073 -0.366508
0.0178945 -0.0207828 -0.366562
0.0184897 -0.0215099 -0.366617
0.0190283 -0.0222353 -0.366649
0.0194997 -0.0229529 -0.366671
0.0198743 -0.0236433 -0.36666
0.0201236 -0.0243215 -0.36662
0.0202895 -0.0249597 -0.366543
0.0203649 -0.0255535 -0.366436
0.0203556 -0.0260383 -0.366287
0.0202525 -0.026444 -0.366113
0.0200706 -0.0267555 -0.36593
0.0198291 -0.027024 -0.365744
0.0195439 -0.0272255 -0.365546
0.0192397 -0.0273839 -0.365347
0.0189586 -0.0274644 -0.365145
0.0187246 -0.0275149 -0.364952
0.0185336 -0.0275001 -0.36477
0.0183984 -0.0274563 -0.364629
0.0183134 -0.0273585 -0.364515
0.0182794 -0.027261 -0.364443
0.0183031 -0.0271568 -0.364402
0.0183936 -0.0270389 -0.364398
0.0185559 -0.02692 -0.364431
0.0187991 -0.0267942 -0.364501
0.0191109 -0.0266349 -0.364628
0.0194828 -0.0264706 -0.364787
0.019913 -0.0263128 -0.364977
0.0203925 -0.0261842 -0.365221
0.0209115 -0.0261281 -0.365506
0.0214686 -0.026148 -0.365812
0.0220537 -0.0262405 -0.366113
0.0226498 -0.0263676 -0.366436
0.0232592 -0.0265165 -0.366752
0.0238694 -0.0266732 -0.36708
0.0244697 -0.0268529 -0.367423
0.0250384 -0.0270438 -0.36778
0.0255832 -0.0272836 -0.368136
0.0261048 -0.0275548 -0.368488
0.0266293 -0.0278806 -0.368861
0.0271692 -0.0282138 -0.369218
0.0277225 -0.0285528 -0.36954
0.0282958 -0.0288766 -0.369825
0.0288579 -0.0291967 -0.370081
0.0293746 -0.0295187 -0.370309
0.0298268 -0.02986 -0.370506
0.0302084 -0.0301444 -0.370671
0.030476 -0.0303802 -0.370829
0.0306202 -0.0305926 -0.370993
0.0306388 -0.0308211 -0.371154
0.0305533 -0.0310596 -0.371298
0.030383 -0.0312311 -0.371436
0.0301428 -0.0313111 -0.371539
0.0298089 -0.03126 -0.371621
0.0293514 -0.0311599 -0.371678
0.0287647 -0.0309753 -0.37169
0.0280756 -0.0307721 -0.371634
0.0274012 -0.0305575 -0.371528
0.0266328 -0.0303326 -0.371355
0.0257681 -0.0300439 -0.371117
0.0248285 -0.0297165 -0.370826
0.0236712 -0.0292181 -0.370497
0.0224239 -0.0286776 -0.370185
0.0211123 -0.0280781 -0.369885
0.0197806 -0.027482 -0.369568
0.0184793 -0.0268818 -0.369243
0.0172478 -0.0263353 -0.36889
0.0160825 -0.0258674 -0.368496
0.0149636 -0.0254533 -0.368084
0.0138498 -0.0250892 -0.367634
0.0127485 -0.0247698 -0.367137
0.0116842 -0.0245304 -0.36663
0.0106794 -0.0243998 -0.366151
0.00981308 -0.0243249 -0.36569
0.00901257 -0.0244076 -0.36525
0.00824845 -0.0246315 -0.364792
0.00750649 -0.0249627 -0.364318
0.00675168 -0.0253741 -0.363822
0.00603479 -0.0258127 -0.363286
0.0053363 -0.0262341 -0.362738
0.00464707 -0.0266098 -0.362187
0.00395044 -0.0269253 -0.361638
0.00322536 -0.0271478 -0.361088
0.00248444 -0.0272912 -0.360541
0.00173798 -0.0274153 -0.360018
0.00103485 -0.0274427 -0.359494
0.000427466 -0.02737 -0.358967
-5.13604e-05 -0.0272033 -0.358451
-0.000365072 -0.0269385 -0.357964
