%roll pitch yaw
0.0183087 -0.00114671 -0.643827
0.0185188 -0.00133138 -0.644177
0.0187988 -0.00159067 -0.644513
0.0191431 -0.00194789 -0.644841
0.0195193 -0.00237145 -0.645141
0.0198942 -0.00281073 -0.645386
0.0202595 -0.00325559 -0.645561
0.0206312 -0.00371611 -0.645675
0.021028 -0.00418262 -0.645699
0.0214624 -0.0047004 -0.645667
0.0219583 -0.0052758 -0.645567
0.0224765 -0.00590142 -0.645382
0.0229682 -0.00656959 -0.645135
0.0233939 -0.00722203 -0.644834
0.0237186 -0.0078613 -0.644482
0.0239402 -0.00845833 -0.644092
0.024032 -0.00907273 -0.643659
0.0240469 -0.00967777 -0.643188
0.0240185 -0.0103349 -0.642696
0.0239449 -0.0110074 -0.642206
0.0238364 -0.0117371 -0.641718
0.0236954 -0.0125149 -0.641244
0.02351 -0.0133218 -0.640774
0.0232626 -0.0140924 -0.640296
0.0229448 -0.014823 -0.63983
0.0225725 -0.0155287 -0.639358
0.0221715 -0.0162144 -0.638857
0.0217696 -0.0168822 -0.638324
0.0213755 -0.0174986 -0.637738
0.021019 -0.0180799 -0.637134
0.0207075 -0.0185714 -0.636524
0.0204303 -0.0190098 -0.635906
0.0201867 -0.0193814 -0.635272
0.019968 -0.0196682 -0.63464
0.0197797 -0.0199142 -0.634004
0.0196048 -0.0200603 -0.633388
0.0194342 -0.0201432 -0.632816
0.0192834 -0.0201564 -0.632296
0.0191752 -0.0200948 -0.631859
0.0191138 -0.0199985 -0.631483
0.0191335 -0.0198216 -0.631177
0.0192272 -0.0196642 -0.630935
0.0194085 -0.0195036 -0.630769
0.0196782 -0.0193777 -0.630667
0.020047 -0.0192665 -0.630661
0.0205109 -0.0191432 -0.630743
0.0210545 -0.0190725 -0.630904
0.0216521 -0.019024 -0.631125
0.0222985 -0.019013 -0.631409
0.0229505 -0.0190386 -0.631757
0.023604 -0.0190655 -0.632169
0.0242208 -0.019149 -0.632607
0.0247948 -0.0192394 -0.633056
0.0253413 -0.0193533 -0.633506
0.0258344 -0.0195249 -0.633991
0.026275 -0.0197407 -0.634488
0.0266695 -0.0200328 -0.634997
0.0270033 -0.0203229 -0.635501
0.0272879 -0.0206054 -0.635991
0.0274921 -0.0208787 -0.636456
0.0276144 -0.0211345 -0.636903
0.0276818 -0.0213932 -0.637322
0.0276689 -0.0215966 -0.637735
0.0275874 -0.0217835 -0.63813
0.0274173 -0.0219396 -0.638487
0.0271947 -0.0220883 -0.638816
0.0269469 -0.0222619 -0.63911
0.026675 -0.0223967 -0.639364
0.0264037 -0.0225601 -0.639588
0.0261429 -0.0226735 -0.639778
0.0258759 -0.0227754 -0.639937
0.0255966 -0.0228565 -0.640079
0.0253154 -0.0229207 -0.640214
0.0250531 -0.0229991 -0.640307
0.0248196 -0.0230868 -0.640364
0.0246138 -0.023236 -0.640408
0.024443 -0.0233903 -0.640435
0.0243304 -0.0235862 -0.640453
0.0242836 -0.0238586 -0.640468
0.0242578 -0.0241339 -0.640487
0.0242438 -0.0244273 -0.640494
0.0242581 -0.0247188 -0.640503
0.0242957 -0.0249487 -0.640501
0.0243565 -0.0251769 -0.640474
0.0244333 -0.0254018 -0.640427
0.0245317 -0.0255611 -0.640354
0.0246627 -0.025697 -0.640264
0.0248256 -0.0258156 -0.640162
0.0250149 -0.0258566 -0.640032
0.0252318 -0.0258785 -0.639867
0.0254457 -0.0258458 -0.639669
0.0256497 -0.0257589 -0.639439
0.0258484 -0.0257051 -0.639187
0.0260049 -0.0256651 -0.638914
0.0261142 -0.0256446 -0.638648
0.0261469 -0.0257018 -0.63841
0.0261059 -0.0257525 -0.638166
0.0260025 -0.0257564 -0.637911
0.0258619 -0.0257392 -0.637667
0.025713 -0.0256726 -0.637405
0.0255546 -0.0256244 -0.637113
0.0253738 -0.0256069 -0.636785
0.0251549 -0.0255897 -0.636431
0.0248846 -0.02559 -0.636048
0.0245708 -0.0255935 -0.635677
0.024184 -0.0255306 -0.635322
0.0237284 -0.0254218 -0.634986
0.0232271 -0.0253097 -0.634678
0.0227384 -0.025141 -0.634403
0.0222706 -0.0249748 -0.634189
0.0218172 -0.0248392 -0.633996
0.0214163 -0.0246528 -0.633831
0.0210753 -0.0244253 -0.63368
0.0207868 -0.0241746 -0.63359
0.020534 -0.0238876 -0.633546
0.0203378 -0.0236304 -0.633591
0.020206 -0.0234139 -0.633754
0.0201968 -0.0230144 -0.634064
0.0202504 -0.0225761 -0.634505
0.0203488 -0.0220616 -0.635058
0.0204823 -0.0214322 -0.635691
0.0206361 -0.0207527 -0.636376
0.0207612 -0.0200785 -0.637075
0.0207729 -0.0194927 -0.63775
0.020647 -0.0189934 -0.638375
0.020339 -0.0186205 -0.638965
0.0197951 -0.0184028 -0.639504
0.0191042 -0.0183383 -0.640015
0.0182515 -0.0184658 -0.640475
0.0172512 -0.0187014 -0.640866
0.0161284 -0.0190155 -0.641188
0.0149278 -0.0193957 -0.641458
0.0136965 -0.0198208 -0.641643
0.0125206 -0.0202859 -0.641752
0.0114495 -0.0208198 -0.641821
0.0103356 -0.0214302 -0.641862
0.00937206 -0.0220339 -0.641886
0.00877421 -0.0224984 -0.641867
0.00835886 -0.0228802 -0.641809
0.00812496 -0.0230901 -0.641742
0.00805481 -0.0230802 -0.64167
0.0081624 -0.0227824 -0.641584
0.00843385 -0.0222061 -0.641483
0.0088781 -0.0213307 -0.641388
0.0093953 -0.0202725 -0.64131
0.0100033 -0.0189214 -0.641253
0.0107325 -0.01734 -0.641245
0.0115711 -0.0156026 -0.64125
0.0124692 -0.0137686 -0.641217
0.0132881 -0.012123 -0.641099
0.0140762 -0.0105237 -0.640914
0.0147702 -0.00899965 -0.640647
0.0153377 -0.00755922 -0.64029
0.0157562 -0.00626398 -0.639841
0.0163163 -0.00471566 -0.639309
0.0167216 -0.00343334 -0.638738
0.0169657 -0.00244486 -0.638167
0.0170879 -0.00178895 -0.637584
0.0170897 -0.00148124 -0.637031
0.0169883 -0.00147364 -0.636509
0.0166065 -0.00201406 -0.636015
0.0162219 -0.00265314 -0.635528
0.0158655 -0.00336596 -0.63505
0.0156902 -0.00383866 -0.634586
0.0155502 -0.00436249 -0.634133
0.0154103 -0.0049349 -0.633704
0.0152862 -0.00554728 -0.633294
0.015166 -0.006211 -0.632912
0.0150137 -0.00690366 -0.632592
0.0148216 -0.00758108 -0.632327
0.0146221 -0.00827668 -0.632107
0.0144465 -0.00897427 -0.631944
0.0142975 -0.00968521 -0.631839
0.0141987 -0.0104125 -0.631772
0.0141727 -0.0111544 -0.631738
0.0142282 -0.0119061 -0.631714
0.0143735 -0.0126362 -0.631686
0.0146228 -0.0133576 -0.631686
0.0148031 -0.0141919 -0.631704
0.0150147 -0.0149903 -0.63177
0.0152585 -0.0157439 -0.631897
0.0155101 -0.0164725 -0.632062
0.0157753 -0.0171609 -0.63229
0.0160346 -0.0178214 -0.632582
0.0162946 -0.0184216 -0.632947
0.0167374 -0.0189218 -0.633379
0.0171939 -0.019372 -0.633873
0.017676 -0.0197772 -0.634431
0.0181829 -0.020138 -0.63507
0.0187096 -0.0204781 -0.635784
0.0192429 -0.0207641 -0.63657
0.0197756 -0.0210095 -0.637433
0.0202984 -0.021187 -0.638332
0.0208176 -0.0212926 -0.639278
0.0213326 -0.0212855 -0.640239
0.0218197 -0.0211981 -0.641197
0.0222752 -0.0210176 -0.64215
0.0227079 -0.0207351 -0.643089
0.0231041 -0.0203803 -0.64398
0.0234151 -0.0199665 -0.644847
0.0236641 -0.0195374 -0.645669
0.0238465 -0.0190879 -0.646438
0.0239787 -0.0186346 -0.647133
0.0240679 -0.0181926 -0.647755
0.0241308 -0.0177612 -0.648305
0.0241432 -0.0173395 -0.648748
0.0241047 -0.0169065 -0.64908
0.0240189 -0.0164784 -0.649302
0.0238967 -0.0160854 -0.649429
0.0236589 -0.0158303 -0.649482
0.02347 -0.0155709 -0.649481
0.0232599 -0.0153766 -0.649434
0.0230418 -0.0152559 -0.649348
0.0228662 -0.0152146 -0.649216
0.0227327 -0.0152058 -0.649041
0.0226336 -0.0152635 -0.648835
0.0225709 -0.0153735 -0.648589
0.0225625 -0.0155116 -0.648326
0.0226272 -0.0156951 -0.648025
0.0227408 -0.0158856 -0.647687
0.022923 -0.0160891 -0.647323
0.0231566 -0.0162919 -0.64693
0.0234255 -0.0164523 -0.646537
0.0237371 -0.0165777 -0.646131
0.0240946 -0.0166597 -0.645728
0.0244972 -0.0167079 -0.645318
0.0249468 -0.0167079 -0.644898
0.0254164 -0.0167183 -0.644485
0.025902 -0.0167443 -0.644048
0.0264262 -0.0168113 -0.643622
0.0269706 -0.0168651 -0.643212
0.0275312 -0.0168962 -0.642837
0.0280941 -0.0169258 -0.642468
0.0286502 -0.0169711 -0.642112
0.0292296 -0.0169829 -0.641786
0.0298002 -0.0170098 -0.641495
0.0303473 -0.017041 -0.641236
0.0308759 -0.0170957 -0.640992
0.0313757 -0.0172202 -0.640784
0.0318536 -0.0173864 -0.640602
0.0322939 -0.0176065 -0.640426
0.0326833 -0.0178473 -0.640253
0.03305 -0.0180717 -0.640079
0.0333795 -0.0182452 -0.639916
0.0336661 -0.0183647 -0.639752
0.0338985 -0.0184326 -0.639587
0.0340615 -0.018477 -0.639412
0.0341775 -0.0185157 -0.639221
0.0342317 -0.0185841 -0.639031
0.034244 -0.0187005 -0.638857
0.0342145 -0.0188753 -0.638666
0.0341281 -0.0190671 -0.638491
0.0339828 -0.0192739 -0.638321
0.0337791 -0.0194877 -0.638191
0.0335228 -0.0197129 -0.638093
0.0332009 -0.0199501 -0.638001
0.0328394 -0.0201953 -0.637911
0.0324299 -0.020459 -0.637812
0.031992 -0.0207128 -0.637739
0.0315295 -0.0209781 -0.637703
0.0310887 -0.0212415 -0.637686
0.0306619 -0.0215207 -0.637712
0.0302674 -0.0217977 -0.63776
0.029902 -0.0221134 -0.637832
0.0295765 -0.0224124 -0.637929
0.029285 -0.0226508 -0.638063
0.0290242 -0.0228269 -0.638236
0.0287967 -0.0229704 -0.638466
0.0285864 -0.0231155 -0.638746
0.0284009 -0.023268 -0.639072
0.0282133 -0.023454 -0.639419
0.0280343 -0.0236038 -0.639777
0.0278579 -0.0237292 -0.640169
0.0276959 -0.0237997 -0.640557
0.0275423 -0.0238476 -0.640929
0.0273674 -0.023866 -0.641262
0.0271958 -0.0238883 -0.641565
0.0270531 -0.0238795 -0.641839
0.0269394 -0.0238292 -0.642073
0.0268343 -0.0237599 -0.642255
0.0267459 -0.0236777 -0.642405
0.0266364 -0.0236201 -0.642528
0.0264795 -0.0234927 -0.642631
0.0262714 -0.0233626 -0.642688
0.0260311 -0.0232081 -0.642685
0.0257507 -0.0230372 -0.642634
0.0254364 -0.022881 -0.642552
0.0251108 -0.0226797 -0.64243
0.0247862 -0.022449 -0.642227
0.0245211 -0.0222721 -0.642008
0.0243549 -0.0221536 -0.641762
0.0242345 -0.0221068 -0.641511
0.024148 -0.0221745 -0.64127
0.0240904 -0.0223038 -0.641057
0.0240162 -0.0224092 -0.640882
0.0239152 -0.0224863 -0.640722
0.0237934 -0.0225426 -0.640574
0.0235954 -0.0225306 -0.64041
0.0233143 -0.0224064 -0.640235
0.0229439 -0.0221721 -0.640063
0.02245 -0.0217927 -0.639886
0.021779 -0.0212349 -0.639738
0.0208178 -0.0202672 -0.639606
0.0197468 -0.0190552 -0.639509
0.0185954 -0.0176074 -0.639482
0.0174138 -0.015962 -0.639519
0.0162524 -0.0141165 -0.639618
0.0151325 -0.0121114 -0.639755
0.0139039 -0.009803 -0.639947
0.0127525 -0.00748007 -0.640177
0.0116738 -0.00521889 -0.640457
0.0106225 -0.00307356 -0.640781
0.00994958 -0.00158886 -0.64116
0.00935882 -0.000384856 -0.641553
0.00888553 0.00051482 -0.641981
0.00853871 0.00115665 -0.642458
0.00834444 0.00153023 -0.642953
0.00795268 0.00199988 -0.643464
0.00770022 0.00216706 -0.643985
0.00752648 0.00212778 -0.644497
0.00742674 0.00192539 -0.645024
0.0076821 0.00132843 -0.645559
0.00799596 0.00066628 -0.646082
0.00836683 -2.00922e-05 -0.646572
0.00849188 -0.000460014 -0.647003
0.00867776 -0.000946128 -0.647375
0.00887013 -0.00151618 -0.647658
0.00902667 -0.00215331 -0.64788
0.00917754 -0.00276887 -0.648035
0.00933334 -0.00333636 -0.64809
0.00945983 -0.0038325 -0.648064
0.00957542 -0.0043132 -0.647959
0.00965785 -0.00478609 -0.647799
0.00970708 -0.00529855 -0.647578
0.009699 -0.00583908 -0.647297
0.00959045 -0.00636989 -0.646976
0.00937064 -0.00687658 -0.646653
0.00918894 -0.0074404 -0.646309
0.00892665 -0.0079388 -0.645932
0.00861685 -0.00838012 -0.645519
0.00805276 -0.00864614 -0.645076
0.00744778 -0.00891845 -0.644594
0.00682865 -0.00923081 -0.644083
0.00621983 -0.00957229 -0.643548
0.00557585 -0.0099649 -0.642994
0.00492626 -0.0103468 -0.642429
0.00423459 -0.0107248 -0.641851
0.00351394 -0.0110467 -0.641257
0.00277938 -0.0113064 -0.640642
0.00205746 -0.0115106 -0.640001
0.00136041 -0.0116479 -0.639334
0.000712811 -0.0117393 -0.638649
0.000115997 -0.011765 -0.637952
-0.000434811 -0.0117201 -0.637248
-0.000928269 -0.0115951 -0.636544
-0.0013585 -0.0114221 -0.635858
-0.00174906 -0.0111793 -0.635183
-0.00210782 -0.01088 -0.634561
-0.00241418 -0.010537 -0.634012
-0.00264675 -0.0101369 -0.633546
-0.00280486 -0.00975233 -0.633156
-0.00290506 -0.00934891 -0.632841
-0.00294951 -0.00897523 -0.632614
-0.00295211 -0.00859491 -0.632484
-0.00289139 -0.00821115 -0.632442
-0.00277971 -0.00787707 -0.632485
-0.00260887 -0.00754974 -0.632615
-0.00238969 -0.0072665 -0.632793
-0.00212544 -0.00701124 -0.633015
-0.00184715 -0.00678673 -0.633272
-0.00156768 -0.00664246 -0.63356
-0.00129781 -0.00652193 -0.633896
-0.00105289 -0.00645248 -0.634248
-0.000871131 -0.00636594 -0.634609
-0.000748839 -0.00632346 -0.634974
-0.000695133 -0.00630665 -0.635358
-0.000701751 -0.00626778 -0.635745
-0.000762901 -0.00623996 -0.636112
-0.000875906 -0.00615775 -0.636437
-0.00103535 -0.00610344 -0.636741
-0.00123596 -0.00602561 -0.637014
-0.00148573 -0.00595433 -0.63729
-0.00179605 -0.00586101 -0.637566
-0.00218178 -0.00572466 -0.637834
-0.00261216 -0.00556639 -0.638086
-0.00309195 -0.00532677 -0.638317
-0.00362131 -0.00506364 -0.638505
-0.00417911 -0.00476835 -0.638657
-0.00474017 -0.00446363 -0.638741
-0.00526937 -0.00416118 -0.63879
-0.0057755 -0.00382335 -0.63878
-0.00625465 -0.00353526 -0.63871
-0.00673262 -0.00325508 -0.638599
-0.00718792 -0.00297532 -0.638466
-0.00761632 -0.00269507 -0.638333
-0.0080243 -0.00237883 -0.638171
-0.0083766 -0.00208989 -0.638005
-0.00866569 -0.00179011 -0.637834
-0.0089063 -0.00155986 -0.637662
-0.00912016 -0.00135682 -0.637501
-0.00928204 -0.00122356 -0.63732
-0.00936175 -0.0011447 -0.637137
-0.00939076 -0.00107183 -0.636947
-0.00936737 -0.00104457 -0.636735
-0.00929006 -0.000939894 -0.636539
-0.00915162 -0.000786538 -0.636357
-0.00897784 -0.000540243 -0.636211
-0.00879351 -0.000225149 -0.636082
-0.00857666 5.9296e-05 -0.635939
-0.00834759 0.000356583 -0.635806
-0.00810278 0.00056922 -0.635674
-0.0078397 0.000744048 -0.635536
-0.00757256 0.00088752 -0.635415
-0.00729735 0.000961576 -0.635308
-0.00704526 0.00103858 -0.635198
-0.00681354 0.00112819 -0.63509
-0.0065968 0.00119179 -0.634984
-0.00639415 0.00130122 -0.634877
-0.00618384 0.00138454 -0.634759
-0.00599638 0.00139638 -0.634626
-0.0058457 0.0013938 -0.634489
-0.00573311 0.001349 -0.634335
-0.00565054 0.00127838 -0.634198
-0.00561505 0.00125578 -0.634083
-0.00563754 0.00124131 -0.633958
-0.00571692 0.00121394 -0.633854
-0.00581495 0.00123075 -0.633783
-0.00593696 0.00126991 -0.633715
-0.00607338 0.00132827 -0.633654
-0.00621799 0.00146671 -0.633606
-0.00635901 0.00160153 -0.633578
-0.00649096 0.00174024 -0.633575
-0.00660349 0.00190279 -0.633596
-0.00666744 0.00206283 -0.63364
-0.00669492 0.00227884 -0.633717
-0.00668385 0.00254413 -0.633844
-0.00664547 0.00277951 -0.634014
-0.00659465 0.00300971 -0.634222
-0.00652435 0.00324761 -0.63448
-0.00645049 0.00348749 -0.634782
-0.00637024 0.00374493 -0.635147
-0.00626496 0.00402114 -0.63559
-0.00603605 0.00433 -0.6361
-0.00583509 0.0046563 -0.636689
-0.00569477 0.00504264 -0.637336
-0.00562619 0.00538525 -0.638029
-0.00570639 0.00569532 -0.638729
-0.00593588 0.00586976 -0.63939
-0.0061399 0.00579742 -0.639942
-0.00642574 0.00559628 -0.640398
-0.00678922 0.00531488 -0.640762
-0.00718151 0.00492069 -0.641003
-0.00754249 0.0044295 -0.64116
-0.00783921 0.00387008 -0.64126
-0.00805984 0.00325207 -0.641345
-0.00820477 0.0026317 -0.641412
-0.0084351 0.00194746 -0.641494
-0.0084028 0.00133733 -0.641605
-0.0082685 0.000809065 -0.641746
-0.0080289 0.000418133 -0.641875
-0.00768537 0.000164094 -0.641979
-0.00721743 0.000135554 -0.642029
-0.00662039 0.000360314 -0.642019
-0.00589477 0.000846962 -0.641937
-0.00518687 0.00153581 -0.64176
-0.00432646 0.00250677 -0.641502
-0.00332632 0.00375037 -0.641185
-0.00221338 0.00522688 -0.640798
-0.00102857 0.0068132 -0.640387
1.36846e-05 0.00803595 -0.639966
0.000986156 0.00914294 -0.639558
0.00209401 0.0104633 -0.639156
0.00309164 0.0116187 -0.638755
0.00397402 0.0125711 -0.638315
0.00474726 0.0132905 -0.637842
0.0054052 0.0137786 -0.637359
0.00591196 0.0140329 -0.636867
0.00623171 0.0140818 -0.636377
0.00640269 0.0139803 -0.635898
0.00644046 0.0137477 -0.635427
0.00636973 0.0133902 -0.634977
0.0062071 0.0129094 -0.634529
0.00599761 0.0123286 -0.634065
0.00576546 0.0117206 -0.63359
0.00553758 0.0111416 -0.633126
0.00531203 0.0105772 -0.632672
0.00507474 0.0100497 -0.632249
0.00482247 0.00955382 -0.63187
0.00455349 0.00906668 -0.631534
0.00430352 0.00855927 -0.631237
0.00407824 0.00803564 -0.630997
0.00391175 0.00747829 -0.630808
0.00381278 0.00691758 -0.630643
0.00381017 0.00636033 -0.630516
0.00389891 0.00579987 -0.630443
0.00405455 0.00523948 -0.630408
0.00429075 0.00468786 -0.630397
0.00459393 0.00411045 -0.63041
0.00495125 0.00348771 -0.63047
0.00538213 0.00280247 -0.630571
0.00590068 0.0020709 -0.630693
0.00648138 0.00131711 -0.630852
0.00713573 0.000569715 -0.631044
0.00784434 -0.000164402 -0.631278
0.00857439 -0.000902923 -0.631539
0.009329 -0.00162022 -0.631852
0.0100705 -0.0023375 -0.632215
0.0107825 -0.00303352 -0.632618
0.0114899 -0.00370639 -0.633105
0.0121626 -0.00433746 -0.633662
0.0128039 -0.00493569 -0.634281
0.0134001 -0.00546402 -0.634981
0.0139764 -0.00593061 -0.635724
0.0145255 -0.00633021 -0.636481
0.0150452 -0.00665584 -0.637269
0.0155265 -0.00690145 -0.638053
0.015962 -0.00708827 -0.63884
0.0163563 -0.00718878 -0.639591
0.0167149 -0.00720598 -0.640317
0.0170148 -0.00715784 -0.641002
0.017235 -0.00703807 -0.641674
0.0173967 -0.0069005 -0.642292
0.017501 -0.00675794 -0.642863
0.0175173 -0.0065984 -0.643364
0.0174372 -0.00639642 -0.643777
0.017307 -0.00617189 -0.644106
0.0171075 -0.00594232 -0.644377
0.0168705 -0.00575447 -0.644583
0.0166192 -0.00559619 -0.644725
0.0163667 -0.00543939 -0.644796
0.0161311 -0.00528665 -0.644802
0.015943 -0.00514427 -0.644761
0.015793 -0.00502903 -0.644654
0.0156762 -0.00491841 -0.644497
0.0155936 -0.00483219 -0.644286
0.0155652 -0.00480475 -0.644054
0.0155924 -0.00483507 -0.643809
0.0156787 -0.00492792 -0.643538
0.0158052 -0.00502865 -0.643241
0.015977 -0.00512905 -0.642946
0.0162214 -0.0052009 -0.642654
0.0165259 -0.00526501 -0.642356
0.0168924 -0.00530062 -0.642043
0.017326 -0.00528561 -0.641715
0.0178121 -0.00524168 -0.641372
0.0183365 -0.00514662 -0.641013
0.0189007 -0.00507736 -0.640669
0.0194893 -0.00504736 -0.640325
0.0201026 -0.00504519 -0.639997
0.0207279 -0.00502307 -0.639695
0.0213643 -0.00501408 -0.639409
0.0220252 -0.00500137 -0.639141
0.0226981 -0.00500985 -0.638884
0.0233674 -0.00502014 -0.63863
0.0240568 -0.00502479 -0.638403
0.0247591 -0.00504269 -0.638217
0.0254563 -0.00507646 -0.638083
0.0261563 -0.00513029 -0.63798
0.0268399 -0.00522718 -0.637902
0.0274761 -0.00537507 -0.637848
0.0280801 -0.00556566 -0.637816
0.0286543 -0.00577084 -0.637799
0.0291968 -0.00595415 -0.637793
0.0296912 -0.006128 -0.63778
0.0301493 -0.00628693 -0.637755
0.030555 -0.00639733 -0.637722
0.0309039 -0.00647304 -0.637668
0.0312261 -0.00653921 -0.637606
0.0314948 -0.00661561 -0.637543
0.0317227 -0.00672944 -0.637467
0.0319052 -0.00687593 -0.637372
0.032045 -0.007013 -0.63727
0.0321332 -0.00711369 -0.637178
0.032167 -0.00717426 -0.637102
0.0321387 -0.00721373 -0.637048
0.0320829 -0.00723189 -0.637021
0.0319812 -0.0072956 -0.637007
0.0318478 -0.00737935 -0.637011
0.0316978 -0.00750029 -0.637034
0.0315606 -0.00760487 -0.637083
0.031448 -0.00770355 -0.637151
0.0313826 -0.00777829 -0.637232
0.0313595 -0.00787952 -0.637336
0.0313864 -0.00797594 -0.637463
0.0314352 -0.00808784 -0.637613
0.0315276 -0.00819148 -0.637782
0.0316469 -0.00832151 -0.637961
0.0318054 -0.00844117 -0.638147
0.0319754 -0.00855819 -0.63835
0.0321506 -0.00865405 -0.638577
0.0323151 -0.00876952 -0.638825
0.0324651 -0.00886855 -0.639077
0.0326262 -0.00895431 -0.639324
0.0327764 -0.00901028 -0.639541
0.0328907 -0.00899722 -0.639745
0.0329699 -0.00895088 -0.639905
0.0330659 -0.00890177 -0.640009
0.0331618 -0.00886316 -0.640071
0.0332446 -0.00878779 -0.64005
0.033331 -0.00868978 -0.639983
0.0334342 -0.00858319 -0.639855
0.0335061 -0.00850696 -0.639688
0.033532 -0.00841552 -0.639468
0.0335336 -0.00834191 -0.639208
0.0335183 -0.00820642 -0.638921
0.0334867 -0.0080349 -0.638593
0.0334485 -0.00793188 -0.638237
0.03348 -0.00788227 -0.637857
0.0336133 -0.0079429 -0.637464
0.0338545 -0.008078 -0.637071
0.0342111 -0.00830797 -0.636709
0.0346761 -0.00859754 -0.636411
0.035184 -0.00891328 -0.636178
0.0356846 -0.00921714 -0.636011
0.0361662 -0.00952784 -0.635895
0.0366158 -0.00983762 -0.635809
0.0369815 -0.0101018 -0.635739
0.037271 -0.0103086 -0.63567
0.0374676 -0.0103963 -0.635578
0.0375306 -0.0103321 -0.635461
0.0372959 -0.0098448 -0.635347
0.0369143 -0.00913863 -0.635238
0.0363942 -0.0081962 -0.635166
0.0357481 -0.00701915 -0.635136
0.0350096 -0.00561725 -0.635154
0.034239 -0.00401298 -0.63522
0.0334133 -0.00215034 -0.635317
0.0325567 -0.000174342 -0.635416
0.0317108 0.00181349 -0.635537
0.0308844 0.0037451 -0.635657
0.0300821 0.00561719 -0.635784
0.0294808 0.00704428 -0.635929
0.0289156 0.00828181 -0.636102
0.0284052 0.00929332 -0.636316
0.0279739 0.0100429 -0.636578
0.0276626 0.0105758 -0.636878
0.0274981 0.0108864 -0.637212
0.0274694 0.0109708 -0.637576
0.0272707 0.0111702 -0.63798
0.0271749 0.0111636 -0.638421
0.0271719 0.0110684 -0.638885
0.027263 0.0109037 -0.639362
0.0274432 0.0107106 -0.639848
0.0277224 0.0104498 -0.640292
0.0280994 0.0101634 -0.640692
0.0288286 0.0096636 -0.641004
0.0293121 0.00937023 -0.641185
0.0298096 0.00906709 -0.641248
0.0302875 0.00871463 -0.641212
0.0307453 0.00832192 -0.641088
0.0311812 0.00786424 -0.640885
0.0315924 0.00736159 -0.640642
0.0319934 0.00685778 -0.640386
0.032383 0.00637106 -0.640106
0.0327508 0.00592366 -0.639803
0.0330835 0.00547174 -0.639448
0.0333573 0.00499514 -0.63906
0.0335454 0.00444512 -0.638625
0.0336341 0.00384554 -0.63815
0.0336306 0.00320217 -0.637655
0.0335724 0.00254717 -0.637148
0.0334804 0.00186574 -0.636627
0.0333744 0.00117006 -0.636097
0.0332647 0.000475306 -0.635571
0.0331509 -0.000190107 -0.635025
0.0330305 -0.000829973 -0.634438
0.032891 -0.00143584 -0.633811
0.0328749 -0.00206714 -0.633161
0.032653 -0.002575 -0.632512
0.0324195 -0.00301181 -0.631847
0.0321824 -0.00337754 -0.631166
0.0319666 -0.00366648 -0.630481
0.0317937 -0.00393158 -0.629799
0.0316598 -0.00412484 -0.629137
0.031571 -0.00423454 -0.628487
0.0315302 -0.00425739 -0.627884
0.0315131 -0.00416034 -0.627329
0.0315176 -0.00399472 -0.626797
0.0315399 -0.00376191 -0.62632
0.0315895 -0.00347761 -0.625889
0.0316826 -0.00320766 -0.625505
0.0318382 -0.00291079 -0.625208
0.0320562 -0.0026584 -0.624983
0.0323363 -0.00245517 -0.624847
0.0326993 -0.00226868 -0.6248
0.033128 -0.00209598 -0.62484
0.0336138 -0.00189106 -0.624953
0.0341359 -0.00170986 -0.625164
0.0347026 -0.00155577 -0.625456
0.0352967 -0.00142748 -0.625783
0.0359261 -0.00136917 -0.626139
0.0365633 -0.00133374 -0.626524
0.0371815 -0.00136828 -0.626926
0.0377736 -0.0014386 -0.627356
0.038332 -0.00154305 -0.627786
0.0388289 -0.00172281 -0.628212
0.0392362 -0.00191663 -0.628633
0.0395709 -0.00214408 -0.629034
0.0398343 -0.00235483 -0.629418
0.0400521 -0.00256392 -0.629789
0.0402311 -0.00281216 -0.630147
0.040377 -0.00304265 -0.630484
0.0404716 -0.00329535 -0.630804
0.0405031 -0.00351026 -0.631123
0.0404775 -0.00372033 -0.631405
0.0404314 -0.00391132 -0.631648
0.0403625 -0.0040257 -0.631846
0.0402576 -0.00414556 -0.632021
0.0401533 -0.00421582 -0.632156
0.0400696 -0.00428238 -0.632242
0.0399884 -0.00438483 -0.632279
0.0399188 -0.00446637 -0.632269
0.0398466 -0.00460538 -0.632224
0.0397703 -0.00472818 -0.632164
0.0397067 -0.0048818 -0.632088
0.0396195 -0.00503498 -0.632006
0.0395267 -0.00516304 -0.631925
0.0394626 -0.00534582 -0.631844
0.0394377 -0.00551822 -0.631757
0.0394546 -0.0057327 -0.631655
0.0395253 -0.00601978 -0.631551
0.0396427 -0.00629371 -0.631436
0.0397954 -0.00660014 -0.631302
0.0399632 -0.00692861 -0.631136
0.0401341 -0.007185 -0.630948
0.040311 -0.007407 -0.630741
0.04047 -0.00756889 -0.630532
0.0406306 -0.00761659 -0.630324
0.0407763 -0.00764661 -0.630136
0.0408983 -0.00764103 -0.629971
0.0410029 -0.00759113 -0.629819
0.0410898 -0.0075877 -0.629694
0.0411747 -0.00759453 -0.629576
0.0412737 -0.00755024 -0.629467
0.0413762 -0.00750933 -0.629338
0.0414757 -0.00745567 -0.629182
0.0415537 -0.00736036 -0.629005
0.0415716 -0.00732214 -0.628799
0.0415077 -0.00731217 -0.628606
0.0413628 -0.00726108 -0.628413
0.0411033 -0.00723634 -0.628239
0.0407271 -0.0071852 -0.628111
0.040253 -0.00709383 -0.628023
0.0397187 -0.00706248 -0.627963
0.0391623 -0.00704672 -0.627903
0.0386092 -0.00704125 -0.627816
0.0380623 -0.00704744 -0.62771
0.03753 -0.0069864 -0.627601
0.0369882 -0.00688774 -0.627483
0.0364422 -0.00678723 -0.627371
0.0358976 -0.00666247 -0.627316
0.035339 -0.00653646 -0.627346
0.0347525 -0.00644956 -0.627472
0.0341571 -0.00634513 -0.6277
0.0336098 -0.00620884 -0.628004
0.0331314 -0.00610825 -0.628397
0.0328994 -0.00586689 -0.628838
0.0327414 -0.00564283 -0.629319
0.032651 -0.00539587 -0.629872
0.0326222 -0.00494959 -0.630495
0.0326005 -0.00434279 -0.631175
0.03248 -0.00370109 -0.631925
0.0322141 -0.00311264 -0.632718
0.0318535 -0.00241474 -0.633512
0.031153 -0.00211292 -0.634272
0.0302175 -0.00201289 -0.634966
0.0290579 -0.0021622 -0.635559
0.0277329 -0.00256145 -0.636047
0.0262737 -0.00314249 -0.636421
0.0247317 -0.00388676 -0.636712
0.0231718 -0.00477484 -0.63692
0.0216796 -0.00570987 -0.637056
0.0203083 -0.00670268 -0.637127
0.0189408 -0.00777797 -0.637149
0.0179482 -0.00890398 -0.637157
0.0171332 -0.0100675 -0.637172
0.016487 -0.0112204 -0.637174
0.015984 -0.0122823 -0.637184
0.0155863 -0.0132219 -0.637207
0.0152809 -0.013947 -0.637219
0.0151258 -0.0143917 -0.637234
0.0149526 -0.014845 -0.637207
0.0149798 -0.0148716 -0.637137
0.0154219 -0.0141668 -0.637045
0.0160675 -0.0131383 -0.636975
0.016923 -0.0118498 -0.636927
0.0178992 -0.0103551 -0.636896
0.0189882 -0.00865714 -0.636889
0.0201335 -0.00681775 -0.636882
0.0212263 -0.00493189 -0.63687
0.0222067 -0.00308538 -0.636834
0.0230304 -0.00131183 -0.636724
0.0236769 0.000370704 -0.636527
0.0241375 0.00197123 -0.636238
0.0244101 0.00347756 -0.635836
0.0245101 0.00476775 -0.635355
0.024504 0.00578633 -0.634828
0.0243992 0.00646192 -0.634256
0.024201 0.00680379 -0.633633
0.0239556 0.00687553 -0.633009
0.023639 0.00669159 -0.632399
0.0232961 0.00636365 -0.6318
0.0229471 0.0059494 -0.631201
0.0226199 0.00550214 -0.630592
0.0223013 0.00503647 -0.629981
0.0220313 0.00451827 -0.629371
0.0218169 0.00393528 -0.628753
0.0216211 0.00329556 -0.628139
0.0214373 0.00259351 -0.62753
0.0212711 0.00183449 -0.626964
0.0211169 0.00104784 -0.626423
0.0209758 0.000238171 -0.625905
0.0208619 -0.000593406 -0.625404
0.0207928 -0.00145628 -0.624921
0.0207879 -0.00234231 -0.624443
0.0208542 -0.0032462 -0.623982
0.0209891 -0.00416355 -0.62355
0.0211956 -0.00513654 -0.62315
0.0214625 -0.0061737 -0.622782
0.0217868 -0.0072404 -0.62244
0.0221239 -0.00831884 -0.622149
0.022468 -0.00938966 -0.621911
0.0228371 -0.010432 -0.621722
0.0232281 -0.0114436 -0.621602
0.0236272 -0.0124082 -0.621553
0.0240495 -0.0133482 -0.621594
0.0244871 -0.0142542 -0.621735
0.0249182 -0.0151039 -0.62199
0.0253488 -0.0158911 -0.622372
0.0257656 -0.016601 -0.622866
0.0261572 -0.0172185 -0.623444
0.0265345 -0.0177604 -0.624132
0.0269226 -0.0182125 -0.624911
0.0273017 -0.0185647 -0.625766
0.0276868 -0.018795 -0.626663
0.0280663 -0.0189193 -0.627594
0.0284554 -0.018905 -0.62854
0.0288223 -0.0187601 -0.629481
0.0291219 -0.0185029 -0.630425
0.0293846 -0.0181333 -0.631371
0.0296047 -0.0176819 -0.632302
0.029775 -0.0171867 -0.633196
0.0298678 -0.0166514 -0.634042
0.0299139 -0.0161234 -0.634838
0.0299169 -0.0156059 -0.635559
0.0298753 -0.0150793 -0.636211
0.0297664 -0.0145323 -0.636792
0.0296214 -0.0139893 -0.637282
0.0294688 -0.0134745 -0.637694
0.0293356 -0.0130257 -0.638005
0.029217 -0.0126587 -0.63822
0.0291008 -0.0123998 -0.638357
0.0290119 -0.0122332 -0.638409
0.0289624 -0.0121559 -0.63839
0.0289362 -0.0121744 -0.63832
0.0289598 -0.0122903 -0.638185
0.0290325 -0.0124913 -0.638004
0.0291725 -0.0127456 -0.637762
0.0293463 -0.0130416 -0.637473
0.0295685 -0.0133739 -0.637145
0.029823 -0.0137526 -0.636781
0.0301171 -0.0141716 -0.636374
0.030442 -0.0145914 -0.635945
0.030806 -0.0150237 -0.635462
0.031217 -0.0154518 -0.634939
0.0316601 -0.0158695 -0.634387
0.0321329 -0.0162696 -0.63381
0.0326221 -0.0166031 -0.633215
0.0331256 -0.0169035 -0.632602
0.0336544 -0.01721 -0.631997
0.0341994 -0.0175168 -0.631404
0.0347194 -0.0177988 -0.63084
0.0352127 -0.0180573 -0.630298
0.0357116 -0.0183459 -0.629794
0.0362257 -0.0186355 -0.629316
0.0367614 -0.0189189 -0.628876
0.0372805 -0.0191925 -0.628496
0.0378195 -0.0194574 -0.628155
0.0383721 -0.0197041 -0.627869
0.0389245 -0.0199013 -0.627595
0.0394574 -0.0200861 -0.627371
0.0399583 -0.0202424 -0.627194
0.0404311 -0.0204206 -0.627052
0.0408956 -0.0206088 -0.626934
0.041326 -0.0207997 -0.626842
0.041703 -0.0209966 -0.626788
0.0420285 -0.0211618 -0.626746
0.0423249 -0.0212595 -0.626666
0.042599 -0.0212956 -0.626592
0.0428365 -0.0213174 -0.626526
0.0430308 -0.0213525 -0.626475
0.0431774 -0.021441 -0.626414
0.0432934 -0.0215762 -0.626372
0.0433382 -0.0217541 -0.626359
0.0433113 -0.021978 -0.626373
0.0432158 -0.022209 -0.626416
0.0430743 -0.0224042 -0.626456
0.0429284 -0.0225802 -0.626504
0.0427547 -0.0227366 -0.626565
0.0425611 -0.0229036 -0.62666
0.0423653 -0.023074 -0.626782
0.0421622 -0.0232993 -0.626902
0.0419689 -0.0235624 -0.62703
0.0417974 -0.0238728 -0.627166
0.0416719 -0.0241753 -0.627348
0.0415701 -0.0244563 -0.627559
0.0414648 -0.0247257 -0.627786
0.041387 -0.0250183 -0.628028
0.0413197 -0.0253237 -0.628276
0.0412445 -0.0256509 -0.628564
0.0411548 -0.0259627 -0.628841
0.0410147 -0.0262828 -0.629125
0.0408441 -0.0265681 -0.629412
0.0406665 -0.0268652 -0.629679
0.0405026 -0.0271566 -0.629897
0.0403447 -0.0274555 -0.630077
0.0401975 -0.0276929 -0.630213
0.040071 -0.0278723 -0.630324
0.0399563 -0.0279767 -0.630389
0.0398652 -0.0280601 -0.630424
0.0398015 -0.0281395 -0.630457
0.0397516 -0.0281835 -0.630469
0.0396772 -0.0282069 -0.63045
0.0395503 -0.0281829 -0.630398
0.0393728 -0.0281551 -0.630339
0.0391588 -0.0281369 -0.630252
0.038914 -0.0281281 -0.630145
0.0387193 -0.0281137 -0.630018
0.0385912 -0.0281334 -0.629887
0.0385412 -0.0281515 -0.629737
0.0386075 -0.0282359 -0.629567
0.0388122 -0.0283403 -0.62941
0.0390797 -0.0284536 -0.629252
0.0393849 -0.0285754 -0.629094
0.0397154 -0.0287165 -0.62896
0.0400065 -0.0288052 -0.628852
0.040237 -0.0288852 -0.628734
0.0404053 -0.028961 -0.628611
0.0404744 -0.0289623 -0.628502
0.0404155 -0.028803 -0.628404
0.0402028 -0.0284675 -0.628304
0.0398255 -0.0279258 -0.628204
0.0392543 -0.0271544 -0.628099
0.0384593 -0.0261544 -0.627967
0.0373825 -0.0247159 -0.627819
0.0361986 -0.0230499 -0.627639
0.0349353 -0.0211628 -0.627446
0.0336661 -0.0190979 -0.627234
0.0324369 -0.0169267 -0.627016
0.0312845 -0.014777 -0.626825
0.030084 -0.0123057 -0.626682
0.0289759 -0.00983308 -0.626621
0.0282032 -0.00801197 -0.626664
0.0275386 -0.00649534 -0.6268
0.0269886 -0.00530468 -0.627022
0.026539 -0.00447609 -0.627329
0.026216 -0.00399558 -0.627691
0.0260396 -0.00382502 -0.628097
0.0260344 -0.00390973 -0.628548
0.0258361 -0.00383344 -0.629018
0.0257947 -0.00400454 -0.629488
0.0261773 -0.00469083 -0.62998
0.0266061 -0.00548173 -0.630467
0.027089 -0.00640713 -0.630951
0.0276304 -0.00746766 -0.631413
0.0282228 -0.00858404 -0.631801
0.0288602 -0.00969269 -0.632106
0.0292536 -0.0105998 -0.632338
0.0296688 -0.011567 -0.632504
0.0300546 -0.0126225 -0.632605
0.0303828 -0.0137298 -0.632638
0.0306753 -0.014833 -0.6326
0.030902 -0.0158926 -0.63252
0.0312577 -0.0170934 -0.63238
0.0315928 -0.0182942 -0.632188
0.0318987 -0.0195235 -0.631953
0.0320126 -0.0205954 -0.631673
0.0320541 -0.0216835 -0.631362
0.0320092 -0.022747 -0.631028
0.0320005 -0.0238358 -0.630693
0.031886 -0.0248404 -0.630312
0.0316665 -0.0257502 -0.629897
0.0313748 -0.0265935 -0.629469
0.031028 -0.0273951 -0.629022
0.0306651 -0.0281688 -0.628576
0.0301315 -0.0288759 -0.628108
0.0296087 -0.0295609 -0.627617
0.0291079 -0.0302229 -0.62713
0.0286142 -0.0308277 -0.626651
0.0281102 -0.0313708 -0.626187
0.0275764 -0.0318129 -0.625705
0.0270224 -0.0321562 -0.625187
0.0264841 -0.0324157 -0.624658
0.0259528 -0.0325618 -0.624121
0.0254055 -0.0326439 -0.623565
0.024858 -0.0326332 -0.623003
0.0243544 -0.0325544 -0.62247
0.023922 -0.0324593 -0.621974
0.0235676 -0.0323203 -0.621566
0.0233234 -0.032156 -0.621223
0.0231795 -0.0319496 -0.620965
0.0231348 -0.0317391 -0.620797
0.0231717 -0.0315536 -0.620732
0.0232764 -0.0313644 -0.620769
0.0234391 -0.031242 -0.620907
0.0236681 -0.0311375 -0.621143
0.0239305 -0.0310832 -0.621455
0.0242547 -0.0310995 -0.621838
0.0246182 -0.0311452 -0.62229
0.0250268 -0.0312847 -0.622809
0.025456 -0.0314676 -0.623398
0.025897 -0.0317238 -0.624034
0.0263513 -0.0320211 -0.624713
0.0268208 -0.0323419 -0.625406
0.0272944 -0.0327265 -0.626122
0.0277409 -0.0331404 -0.626842
0.0281414 -0.0335986 -0.627521
0.02851 -0.0340773 -0.628177
0.0288075 -0.0345134 -0.628803
0.0290378 -0.0349807 -0.62942
0.029192 -0.0353948 -0.630007
0.0292618 -0.03579 -0.630566
0.0292505 -0.0361123 -0.63111
0.0291573 -0.0363473 -0.631613
0.0289728 -0.0365533 -0.632077
0.0287282 -0.0366654 -0.63247
0.0284532 -0.0367622 -0.632813
0.0281488 -0.0368091 -0.633078
0.0278138 -0.0368605 -0.633278
0.0274725 -0.0368688 -0.633407
0.0271108 -0.0367657 -0.633483
0.0266988 -0.0366419 -0.633507
0.0262357 -0.0364876 -0.633499
0.0257685 -0.0362718 -0.633444
0.025297 -0.0360959 -0.633367
0.0248011 -0.0359203 -0.633265
0.0243015 -0.0357413 -0.633138
0.0238204 -0.0356245 -0.633004
0.0233885 -0.0355322 -0.632882
0.0229928 -0.0354071 -0.632751
0.0226363 -0.0353008 -0.632615
0.0223402 -0.0351445 -0.632449
0.0220918 -0.0349311 -0.632253
0.0219092 -0.034722 -0.632042
0.0217953 -0.0345217 -0.631798
0.021727 -0.0342799 -0.631544
0.0217019 -0.0340397 -0.631292
0.0217173 -0.033772 -0.631037
0.0217613 -0.0334457 -0.630773
0.021829 -0.0330918 -0.630533
0.0219091 -0.0326847 -0.630308
0.0219945 -0.0322529 -0.630105
0.0220823 -0.0318332 -0.629905
0.022179 -0.0314337 -0.62971
0.0223142 -0.031065 -0.629516
0.0224779 -0.0307697 -0.629309
0.0226356 -0.0304887 -0.629061
0.0227965 -0.0301797 -0.628776
0.0229321 -0.0298651 -0.628458
0.0230045 -0.029497 -0.628099
0.0229871 -0.0291137 -0.627695
0.0228704 -0.0287721 -0.627284
0.0226392 -0.0284405 -0.626873
0.022277 -0.0281091 -0.626457
0.0218318 -0.0278144 -0.626026
0.0213035 -0.0275007 -0.62559
0.0207231 -0.0271272 -0.625154
0.0201524 -0.0267499 -0.624695
0.0196179 -0.0263524 -0.624206
0.0191179 -0.0259034 -0.623706
0.0186365 -0.025478 -0.623197
0.018178 -0.0250443 -0.622705
0.0177034 -0.0245148 -0.622256
0.0172228 -0.0239686 -0.621872
0.0167296 -0.0234395 -0.62158
0.0162113 -0.0228867 -0.621412
0.0157215 -0.0223569 -0.621366
0.0152782 -0.0218501 -0.621441
0.0149214 -0.021328 -0.62161
0.0148107 -0.0206695 -0.621856
0.0147814 -0.0200037 -0.622161
0.0148338 -0.0193042 -0.622523
0.0149321 -0.0185304 -0.62294
0.0150232 -0.017689 -0.623399
0.0150362 -0.0168797 -0.623914
0.0149268 -0.0160405 -0.624464
0.014625 -0.0154409 -0.62501
0.0141219 -0.0149983 -0.625539
0.0134256 -0.0147981 -0.625994
0.0125688 -0.0147699 -0.626362
0.0115812 -0.0148765 -0.626656
0.0105088 -0.0150591 -0.626882
0.00942731 -0.0152229 -0.627051
0.00841611 -0.015356 -0.627185
0.00743005 -0.0154513 -0.627315
0.0066528 -0.0156002 -0.627473
0.0060014 -0.015788 -0.627628
0.00544273 -0.016018 -0.627761
0.00497715 -0.0162583 -0.62788
0.00458962 -0.0164921 -0.627942
0.00426629 -0.016611 -0.627949
0.0038329 -0.0166982 -0.62788
0.00356498 -0.0164922 -0.627733
0.00351706 -0.0158968 -0.627517
0.00379898 -0.0148733 -0.627255
0.00425157 -0.0136697 -0.627016
0.00485404 -0.0121698 -0.626798
0.00559112 -0.0105643 -0.626597
0.00638822 -0.00893587 -0.626427
0.00716698 -0.00734173 -0.626247
0.00788451 -0.00581233 -0.62603
0.00853087 -0.00436478 -0.625764
0.0090941 -0.00300023 -0.62544
0.00957636 -0.00177292 -0.625065
0.00997206 -0.000757591 -0.624639
0.0102741 3.97665e-05 -0.624173
0.0104469 0.000590325 -0.623676
0.0105267 0.000941773 -0.623162
0.0105106 0.00110397 -0.622635
0.0103909 0.00110922 -0.622098
0.0101966 0.00100262 -0.621534
0.00993511 0.000810469 -0.620945
0.00963732 0.000539549 -0.620317
0.00931706 0.000195246 -0.619681
0.00900629 -0.000167522 -0.619063
0.00868687 -0.000562181 -0.618487
0.00836098 -0.000971498 -0.617921
0.00805675 -0.00140966 -0.617387
0.00778153 -0.00185438 -0.616904
0.00751695 -0.0023027 -0.616478
0.00728015 -0.00276109 -0.616098
0.00709003 -0.00323841 -0.615786
0.00697466 -0.00374461 -0.615527
0.00690821 -0.00425812 -0.615327
0.00691446 -0.0047943 -0.615191
0.00698795 -0.00535634 -0.615112
0.00704366 -0.00609855 -0.615085
0.00714961 -0.00682635 -0.615091
0.00729516 -0.00756197 -0.615142
0.00749681 -0.00830491 -0.615243
0.00774404 -0.00905058 -0.615397
0.00816018 -0.00968197 -0.615613
0.0086204 -0.0102834 -0.615891
0.00909364 -0.0108397 -0.616204
0.00958049 -0.0113428 -0.616565
0.0100762 -0.0118183 -0.616978
0.0105688 -0.012252 -0.61746
0.0110544 -0.0126563 -0.618016
0.0115002 -0.013005 -0.61866
0.0119132 -0.0133102 -0.619363
0.0122785 -0.0135959 -0.620138
0.0126014 -0.0138236 -0.620955
0.0128992 -0.0139722 -0.62181
0.0132064 -0.014045 -0.6227
0.0134938 -0.0140297 -0.623586
0.0137669 -0.0139309 -0.624465
0.0140077 -0.0137738 -0.625346
0.0142141 -0.0135486 -0.626209
0.0143754 -0.0132561 -0.627017
0.0144899 -0.012936 -0.627798
0.0145278 -0.0125905 -0.628523
0.0144966 -0.0122154 -0.629184
0.0144098 -0.0118595 -0.629803
0.0142982 -0.0115053 -0.63034
0.0141306 -0.0111321 -0.630798
0.0139171 -0.0107517 -0.631176
0.0136397 -0.0103652 -0.631469
0.0133224 -0.0100031 -0.63169
0.0129926 -0.0096879 -0.631828
0.0126439 -0.00943943 -0.631891
0.0122716 -0.00924385 -0.631886
0.0119027 -0.00910556 -0.63181
0.0115731 -0.00900565 -0.631667
0.011286 -0.00894549 -0.631481
0.0110564 -0.00890566 -0.631244
0.0108847 -0.00891479 -0.630974
0.0107611 -0.00896954 -0.630678
0.0107052 -0.00902937 -0.630355
0.0107084 -0.00911259 -0.63001
0.0107821 -0.0092006 -0.629662
0.0109078 -0.00931246 -0.629315
0.0111023 -0.00942263 -0.628973
0.0113425 -0.00952981 -0.628626
0.011628 -0.00959982 -0.62828
0.0119497 -0.00968778 -0.627925
0.0123106 -0.00974345 -0.627557
0.0127115 -0.00981297 -0.627191
0.0131669 -0.00988192 -0.626837
0.0136353 -0.00996395 -0.626486
0.0141206 -0.00999724 -0.626141
0.0146338 -0.0100517 -0.625815
0.015157 -0.0101121 -0.625488
0.0157155 -0.0102337 -0.625175
0.0162836 -0.010373 -0.624883
0.0168615 -0.0105452 -0.624601
0.0174375 -0.0107335 -0.624354
0.0180007 -0.0109453 -0.624145
0.018527 -0.0111632 -0.62399
0.0190019 -0.0113823 -0.623863
0.0194323 -0.0115811 -0.623755
0.0198163 -0.0117889 -0.623656
0.0201553 -0.011997 -0.623576
0.020443 -0.0122446 -0.623509
0.0206911 -0.0124977 -0.623465
0.0209204 -0.0127622 -0.62343
0.0211127 -0.0129959 -0.623367
0.0212758 -0.01318 -0.623278
0.0213806 -0.013333 -0.623167
0.0214444 -0.0134849 -0.623044
0.0214783 -0.0136504 -0.622911
0.0214816 -0.013881 -0.622775
0.0214418 -0.0141378 -0.622637
0.0213491 -0.0144152 -0.622518
0.0211847 -0.0146713 -0.622421
0.0209832 -0.0149103 -0.622362
0.0207623 -0.0151016 -0.62231
0.0205294 -0.0152959 -0.622281
0.0202694 -0.0154916 -0.622245
0.020001 -0.0157062 -0.6222
0.0197507 -0.0158912 -0.622176
0.0195305 -0.0160838 -0.622195
0.0193489 -0.0162274 -0.622258
0.0191944 -0.0163616 -0.622337
0.019066 -0.0164756 -0.622427
0.0189871 -0.0166229 -0.622528
0.018926 -0.0167608 -0.622652
0.0189009 -0.0169053 -0.622793
0.0189089 -0.0170045 -0.622956
0.0189386 -0.0170972 -0.623112
0.0189964 -0.0171764 -0.623284
0.0190887 -0.0173095 -0.62346
0.0192202 -0.0174406 -0.623629
0.0193712 -0.0175613 -0.62378
0.0195366 -0.0176373 -0.623898
0.0196993 -0.0176629 -0.623996
0.0198442 -0.0176614 -0.624073
0.0199481 -0.0176506 -0.624117
0.0200236 -0.0176426 -0.624137
0.0200618 -0.0175873 -0.624112
0.020045 -0.0174939 -0.624034
0.020008 -0.0173827 -0.623894
0.0199809 -0.017275 -0.623682
0.0199439 -0.0171032 -0.623423
0.0199011 -0.0168953 -0.623126
0.0198837 -0.0166411 -0.622781
0.0199146 -0.0163816 -0.622413
0.0199813 -0.0162273 -0.622077
0.0200865 -0.0161718 -0.621801
0.020249 -0.0162595 -0.621615
0.0204974 -0.0164444 -0.621504
0.0207961 -0.0166847 -0.621466
0.0211663 -0.0169215 -0.621467
0.0215736 -0.0172428 -0.621495
0.0219705 -0.0175942 -0.621562
0.0223286 -0.0179486 -0.621639
0.0226543 -0.0183276 -0.621729
0.0229223 -0.0187339 -0.621853
0.0230863 -0.0191064 -0.622002
0.0231429 -0.0193764 -0.622193
0.0228951 -0.0192692 -0.622401
0.0225054 -0.0189664 -0.622634
0.0219717 -0.0184513 -0.622892
0.0213002 -0.0176653 -0.623172
0.0205217 -0.0165838 -0.623475
0.0196452 -0.0152253 -0.623785
0.0186611 -0.0136272 -0.624081
0.0176477 -0.011829 -0.624392
0.0166489 -0.00992783 -0.624745
0.0156945 -0.00796081 -0.625148
0.0147679 -0.00597784 -0.625575
0.0138619 -0.00400677 -0.626031
0.0129879 -0.00214513 -0.626525
0.0121497 -0.000461262 -0.627049
0.0113654 0.000999147 -0.627586
0.0106517 0.00224104 -0.628142
0.0100678 0.00323102 -0.628697
0.00967688 0.0039272 -0.629243
0.00944439 0.00429001 -0.629786
0.0093303 0.00436654 -0.630325
0.00931006 0.00427392 -0.630868
0.00934655 0.00410349 -0.631408
0.00942907 0.00382832 -0.631949
0.00956189 0.00342316 -0.632473
0.0097442 0.00293941 -0.632963
0.00998354 0.00245586 -0.633373
0.0102608 0.0020028 -0.633701
0.0105284 0.00158251 -0.633937
0.0107582 0.00118533 -0.634066
0.0109315 0.000787575 -0.634055
0.0110489 0.000350749 -0.633926
0.0111466 -0.000112973 -0.633701
0.0112454 -0.000596604 -0.633397
0.0113167 -0.00107979 -0.633018
0.0113661 -0.0015157 -0.632604
0.0114015 -0.00190447 -0.632142
0.0113968 -0.00226673 -0.63165
0.0113388 -0.00262871 -0.63114
0.0111977 -0.0030161 -0.630602
0.010962 -0.0034098 -0.630042
0.0106616 -0.00385477 -0.629473
0.0103106 -0.00431428 -0.628902
0.00992112 -0.00484629 -0.628328
0.00952573 -0.00539257 -0.627768
0.00915608 -0.00592975 -0.627211
0.00881905 -0.00645556 -0.626639
0.00850661 -0.00695756 -0.626057
0.00821168 -0.00746971 -0.625443
0.0079146 -0.00794545 -0.624781
0.00761947 -0.00840628 -0.624093
0.00728974 -0.00880345 -0.623361
0.00696537 -0.00913651 -0.622621
0.00663234 -0.00941097 -0.621901
0.00628026 -0.00958878 -0.621188
0.00592868 -0.00969168 -0.620475
0.00558842 -0.0096976 -0.619781
0.00531075 -0.00962546 -0.619141
0.0050978 -0.00950975 -0.618532
0.00494436 -0.00934568 -0.61798
0.00486018 -0.00914466 -0.617495
0.00484647 -0.00886824 -0.617093
0.00490791 -0.00853962 -0.616731
0.00501405 -0.00817484 -0.616453
0.00516482 -0.00781327 -0.616246
0.00531774 -0.00747887 -0.61613
0.00546936 -0.00712848 -0.616077
0.00561944 -0.00679022 -0.616085
0.00576716 -0.00646785 -0.616183
0.00592537 -0.00617127 -0.616339
0.00609298 -0.00592944 -0.616569
0.00628316 -0.00570193 -0.616884
0.00650643 -0.00553788 -0.617255
0.00676899 -0.00539097 -0.617657
0.00702126 -0.0052724 -0.618087
0.00725586 -0.00518604 -0.618514
0.00746615 -0.0050979 -0.618953
0.00762367 -0.0050675 -0.619372
0.00769652 -0.0050658 -0.61976
0.00771372 -0.00507221 -0.620126
0.00766206 -0.00509164 -0.620484
0.00755122 -0.00508695 -0.620832
0.00740218 -0.00512645 -0.621192
0.00723313 -0.00517726 -0.621553
0.00705918 -0.00520669 -0.621904
0.00688168 -0.0052361 -0.622227
0.00667428 -0.00522285 -0.62255
0.00646563 -0.00523099 -0.622846
0.00624474 -0.00522088 -0.623103
0.00602228 -0.00518574 -0.623337
0.00577519 -0.00516416 -0.623526
0.00549518 -0.00513551 -0.623672
0.00520656 -0.00514321 -0.623782
0.00490846 -0.00516176 -0.623842
0.00461332 -0.00518741 -0.62385
0.00432139 -0.00524906 -0.623814
0.00402791 -0.00530394 -0.623743
0.00372409 -0.00536656 -0.623633
0.00343761 -0.00542808 -0.623492
0.00318348 -0.00546278 -0.623341
0.00297535 -0.00556515 -0.623173
0.00281221 -0.00569579 -0.62299
0.00268886 -0.00588662 -0.622784
0.00259755 -0.00609741 -0.622553
0.00253714 -0.00633685 -0.622321
0.00250591 -0.00660794 -0.622087
0.00250534 -0.00682139 -0.621857
0.00254236 -0.00698518 -0.621639
0.00263548 -0.0070154 -0.621432
0.00275686 -0.00700834 -0.621234
0.00292193 -0.00696346 -0.621035
0.00313379 -0.0069043 -0.620842
0.00336914 -0.00690954 -0.620686
0.00360852 -0.00691153 -0.62057
0.00387116 -0.00697968 -0.620474
0.00414297 -0.00710885 -0.6204
0.00440066 -0.00721694 -0.62034
0.00463389 -0.00732551 -0.620295
0.00486179 -0.00744901 -0.620271
0.00509802 -0.00753144 -0.620254
0.00534262 -0.00764613 -0.620253
0.00559198 -0.00782602 -0.620245
0.00583044 -0.00800218 -0.620234
0.00602734 -0.00821385 -0.620216
0.00617353 -0.00844088 -0.620178
0.00627297 -0.00862036 -0.620149
0.00632253 -0.00878629 -0.620133
0.00631748 -0.00894708 -0.620137
0.00625721 -0.0090553 -0.620158
0.0061566 -0.00914385 -0.620206
0.00603483 -0.00919873 -0.620288
0.00587975 -0.00917492 -0.620388
0.00572023 -0.00914455 -0.620503
0.00560525 -0.00911308 -0.620621
0.00553903 -0.00902577 -0.620737
0.00550728 -0.00891451 -0.620841
0.00548897 -0.00878486 -0.620943
0.0054978 -0.00855926 -0.621072
0.0054814 -0.00830571 -0.621244
0.00544708 -0.0080627 -0.62148
0.00543868 -0.0078072 -0.62178
0.00550698 -0.00746177 -0.622143
0.00559007 -0.00712702 -0.62258
0.00567719 -0.00670506 -0.623076
0.00573359 -0.00622651 -0.623605
0.0056947 -0.00571824 -0.624135
0.00549865 -0.00522088 -0.624644
0.00510778 -0.00486025 -0.62511
0.00453427 -0.00472022 -0.625504
0.00378366 -0.0048446 -0.6258
0.00288965 -0.00526937 -0.625957
0.00188449 -0.005922 -0.625993
0.000791146 -0.00668503 -0.625929
-0.000303059 -0.00750641 -0.625786
-0.00133818 -0.00829642 -0.625583
-0.0023483 -0.00907725 -0.625387
-0.00310816 -0.00979555 -0.625236
-0.00367431 -0.0104798 -0.625173
-0.00406609 -0.0112512 -0.625175
-0.00429714 -0.0121203 -0.625246
-0.00439487 -0.012968 -0.625334
-0.00438439 -0.0137358 -0.625376
-0.00427069 -0.014329 -0.62535
-0.00407004 -0.0145887 -0.625261
-0.00395911 -0.0148185 -0.62509
-0.00361715 -0.0146197 -0.624874
-0.00288686 -0.0137964 -0.624649
-0.00192456 -0.0126878 -0.624453
-0.000788336 -0.0113704 -0.624309
0.000536776 -0.00971834 -0.624224
0.00199776 -0.00796373 -0.624184
0.00347794 -0.00621273 -0.624146
0.00487354 -0.00456988 -0.624075
0.0061069 -0.00306894 -0.623964
0.00709516 -0.00170698 -0.62378
0.00782222 -0.00049294 -0.62352
0.00830984 0.00054705 -0.623214
0.00858889 0.00134125 -0.622867
0.00867435 0.00179977 -0.622489
0.00859645 0.00195197 -0.62209
0.00842692 0.00183746 -0.621684
0.00818224 0.00148555 -0.621277
0.00788071 0.000930139 -0.620863
0.00755672 0.000225845 -0.62044
0.00721976 -0.000570169 -0.619997
0.00688677 -0.00141772 -0.619553
0.00656063 -0.00232452 -0.619106
0.006225 -0.00329184 -0.618665
0.00586374 -0.00429506 -0.618244
0.00547991 -0.00531327 -0.617814
0.00505782 -0.00632841 -0.617394
0.00460058 -0.00733609 -0.617008
0.00409247 -0.008362 -0.616674
0.00356376 -0.00943813 -0.616371
0.00307714 -0.0105184 -0.616109
0.00267784 -0.0116258 -0.615868
0.00239669 -0.01276 -0.615635
0.00224896 -0.0139112 -0.615415
0.0021668 -0.0152341 -0.61519
0.00218221 -0.0165542 -0.614952
0.00227909 -0.0178552 -0.614712
0.00242772 -0.0191504 -0.614494
0.00258416 -0.0204491 -0.614287
0.00276151 -0.0217227 -0.61412
0.00309952 -0.0228879 -0.614002
0.00343126 -0.0240474 -0.613929
0.00377226 -0.0251782 -0.61393
0.00414397 -0.026264 -0.614012
0.00454956 -0.0273349 -0.614172
0.00499531 -0.0283726 -0.614411
0.00545859 -0.029398 -0.61473
0.00595288 -0.0303786 -0.615146
0.00645983 -0.0312814 -0.615636
0.00696031 -0.0320713 -0.616189
0.00744897 -0.0327672 -0.616813
0.00792241 -0.0333537 -0.617469
0.00835331 -0.0338311 -0.618122
0.00874966 -0.0342134 -0.618788
0.00907259 -0.0344915 -0.619447
0.00931482 -0.0346936 -0.620089
0.00947614 -0.0348124 -0.620717
0.0095746 -0.0348649 -0.621328
0.00959335 -0.0348285 -0.621904
0.0095369 -0.0347347 -0.62245
0.00942179 -0.0346208 -0.622955
0.00926587 -0.0344625 -0.623396
0.00906411 -0.0342718 -0.623766
0.0088023 -0.0340689 -0.624073
0.00850017 -0.0338896 -0.624301
0.00815884 -0.0337563 -0.624453
0.00777769 -0.033686 -0.624534
0.00735545 -0.0336718 -0.624556
0.00688911 -0.0337025 -0.624513
0.00642304 -0.0337715 -0.624415
0.00596466 -0.0338898 -0.624273
0.00553979 -0.0340482 -0.624088
0.00514033 -0.0342673 -0.623876
0.00481426 -0.0345588 -0.623651
0.00456745 -0.0348989 -0.623416
0.00438589 -0.0352792 -0.623166
0.00427757 -0.0356686 -0.622899
0.00424619 -0.0360766 -0.622616
0.00428134 -0.0364586 -0.622341
0.00439049 -0.0368634 -0.622067
0.00454101 -0.0372629 -0.621765
0.00473294 -0.0376511 -0.621438
0.00496179 -0.0380188 -0.621091
0.00525488 -0.0384073 -0.620752
0.00561784 -0.0387511 -0.620422
0.00603295 -0.0390741 -0.620105
0.00650574 -0.0393785 -0.619807
0.00703255 -0.0396265 -0.619522
0.00762205 -0.0398851 -0.619244
0.00827557 -0.0401422 -0.61899
0.00896874 -0.0403985 -0.618746
0.00965695 -0.0406914 -0.61854
0.010365 -0.040974 -0.618382
0.0110652 -0.0412603 -0.618245
0.011756 -0.0415332 -0.618148
0.0124124 -0.0417645 -0.618071
0.0130429 -0.0419838 -0.618027
0.0136288 -0.0421805 -0.618001
0.0141961 -0.0423671 -0.617981
0.0147176 -0.0425447 -0.61796
0.0151702 -0.0427208 -0.617971
0.0155738 -0.0429201 -0.617991
0.0159502 -0.0430915 -0.618
0.0163109 -0.043246 -0.617977
0.016636 -0.0433518 -0.617932
0.0169193 -0.0434215 -0.617867
0.0171777 -0.0434516 -0.617764
0.0173909 -0.0434419 -0.617639
0.0175528 -0.0434104 -0.617498
0.0176552 -0.0434092 -0.617364
0.0176768 -0.0434252 -0.617262
0.017615 -0.0434958 -0.617207
0.0174876 -0.043592 -0.617169
0.0173222 -0.0437211 -0.617141
0.0171296 -0.0438426 -0.617139
0.0169486 -0.0439215 -0.617123
0.0167836 -0.0439504 -0.617136
0.0166473 -0.0439401 -0.61713
0.016551 -0.0439457 -0.617106
0.0164888 -0.0439806 -0.617081
0.0164502 -0.0440908 -0.61707
0.0164382 -0.0442218 -0.617076
0.0164671 -0.044365 -0.617097
0.0165386 -0.0444592 -0.617131
0.0166404 -0.0445293 -0.617203
0.0167468 -0.0445509 -0.617291
0.0168572 -0.0445368 -0.617414
0.0169892 -0.0444742 -0.617573
0.0171281 -0.0444127 -0.617755
0.017286 -0.0443182 -0.617961
0.0174645 -0.0441769 -0.618162
0.0176496 -0.0439837 -0.618335
0.0178278 -0.0437541 -0.618478
0.0180182 -0.0435213 -0.618606
0.0182002 -0.043303 -0.618715
0.0183537 -0.0431273 -0.618789
0.0184548 -0.0429445 -0.618841
0.0185062 -0.0427449 -0.618859
0.0183783 -0.0423464 -0.618853
0.0183405 -0.0420597 -0.618816
0.0182352 -0.0417135 -0.618711
0.0180817 -0.0413467 -0.618533
0.0179434 -0.0409953 -0.618309
0.0178562 -0.0407098 -0.618073
0.0178343 -0.0405689 -0.617872
0.0178668 -0.0405597 -0.617747
0.0179765 -0.0406834 -0.617703
0.0180037 -0.0407969 -0.617717
0.0180867 -0.040939 -0.617785
0.0182169 -0.0411419 -0.617886
0.0183825 -0.0413581 -0.617995
0.0186638 -0.0417372 -0.618098
0.018944 -0.0421261 -0.618201
0.0192243 -0.0425399 -0.618293
0.0194347 -0.0429401 -0.618386
0.0195294 -0.0433013 -0.618502
0.0195055 -0.0436028 -0.618652
0.0191352 -0.0435227 -0.618843
0.0186449 -0.0432345 -0.619071
0.0180365 -0.0427133 -0.619324
0.0173321 -0.0419265 -0.619603
0.0165134 -0.0408793 -0.619897
0.0156636 -0.0397337 -0.620217
0.0146688 -0.0382736 -0.620551
0.01355 -0.0365351 -0.620859
0.0122984 -0.0345583 -0.621158
0.0109482 -0.0324257 -0.621458
0.0095823 -0.0302068 -0.621745
0.00823558 -0.0279957 -0.622051
0.00694935 -0.0257875 -0.622414
0.00574737 -0.0236222 -0.622819
0.00464147 -0.0216222 -0.623279
0.00369828 -0.0199611 -0.62378
0.00295842 -0.0186799 -0.62433
0.00236271 -0.0178077 -0.624914
0.00186857 -0.0173456 -0.625502
0.00151203 -0.0172475 -0.626056
0.00126266 -0.017403 -0.626591
0.00110107 -0.0177222 -0.627127
0.00101678 -0.0181642 -0.627662
0.0010324 -0.0186992 -0.628175
0.00113128 -0.0193195 -0.628659
0.00128722 -0.019986 -0.629138
0.0015008 -0.0206663 -0.629574
0.00173467 -0.0213396 -0.62995
0.00195714 -0.0220584 -0.630273
0.00219478 -0.0228486 -0.63052
0.002409 -0.0236607 -0.630681
0.00259976 -0.0244809 -0.630766
0.00278077 -0.0252648 -0.630799
0.00292751 -0.0259782 -0.630787
0.0030475 -0.0266071 -0.630693
0.00311284 -0.0271707 -0.630528
0.00309733 -0.0277248 -0.630278
0.00297213 -0.0283243 -0.629986
0.00273818 -0.0289792 -0.629658
0.00238423 -0.0296615 -0.629308
0.00204572 -0.0304535 -0.628944
0.00161752 -0.031175 -0.628568
0.00113699 -0.0318466 -0.628186
0.000619563 -0.03247 -0.627779
9.13238e-05 -0.033074 -0.627325
-0.00064569 -0.0335943 -0.626822
-0.00138855 -0.0341149 -0.62626
-0.00214018 -0.0346781 -0.625637
-0.00290988 -0.0352277 -0.624956
-0.00369993 -0.0357663 -0.624239
-0.00450047 -0.0362051 -0.623467
-0.00532059 -0.0365316 -0.622656
-0.00613825 -0.0367824 -0.621837
-0.00697184 -0.036931 -0.621
-0.00779712 -0.0370332 -0.620151
-0.00856689 -0.0370381 -0.619293
-0.00928941 -0.0370055 -0.618432
-0.00995502 -0.0369097 -0.617602
-0.0105397 -0.0367599 -0.616804
-0.0110432 -0.0365544 -0.616063
-0.0114204 -0.0362569 -0.61538
-0.0116737 -0.0359328 -0.614776
-0.0118123 -0.0355758 -0.614236
-0.0118507 -0.0352338 -0.613753
-0.011789 -0.0349271 -0.613333
-0.0116394 -0.0346287 -0.613022
-0.011421 -0.0343716 -0.612809
-0.0111852 -0.0341282 -0.612686
-0.0109213 -0.0339299 -0.612643
-0.0105265 -0.0338299 -0.612657
-0.0101378 -0.0337452 -0.612752
-0.0097595 -0.0336781 -0.612904
-0.00938986 -0.0336488 -0.61311
-0.00910315 -0.0336284 -0.613354
-0.00885494 -0.0336755 -0.613631
-0.00865419 -0.0337735 -0.61394
-0.00852646 -0.0339512 -0.614263
-0.00848213 -0.0341505 -0.614599
-0.00853214 -0.0343721 -0.614945
-0.00866448 -0.0345892 -0.615321
-0.00886633 -0.0347918 -0.615725
-0.0091345 -0.0350302 -0.616166
-0.00939779 -0.0352117 -0.616625
-0.00969829 -0.0354208 -0.617108
-0.0100273 -0.0356114 -0.617628
-0.0103859 -0.0357666 -0.618153
-0.0107644 -0.0359336 -0.61867
-0.0111705 -0.0360507 -0.619172
-0.0117269 -0.0362534 -0.619645
-0.0122935 -0.0364063 -0.620109
-0.0128633 -0.0365492 -0.620547
-0.0134248 -0.036653 -0.620968
-0.0140027 -0.0367015 -0.621352
-0.0145794 -0.0367319 -0.621696
-0.0151738 -0.036689 -0.621996
-0.0157699 -0.0366405 -0.622267
-0.0162379 -0.0364614 -0.622514
-0.0166832 -0.0362846 -0.622757
-0.0170919 -0.036119 -0.622972
-0.0176124 -0.0360725 -0.623144
-0.0181016 -0.0360678 -0.623303
-0.0185325 -0.0359933 -0.62347
-0.0189149 -0.0359172 -0.623602
-0.019221 -0.0357786 -0.623711
-0.0194423 -0.0355921 -0.623794
-0.0195914 -0.0353421 -0.62385
-0.019673 -0.0350235 -0.623878
-0.0196965 -0.0347146 -0.623889
-0.0196643 -0.0343493 -0.623893
-0.0195725 -0.0340267 -0.6239
-0.0194252 -0.0336906 -0.623895
-0.0192604 -0.0333779 -0.623906
-0.0190613 -0.0331347 -0.623923
-0.018831 -0.0328668 -0.623935
-0.0185656 -0.0325964 -0.623931
-0.0182705 -0.0323252 -0.623904
-0.0179589 -0.0319984 -0.62387
-0.0176117 -0.0316843 -0.623802
-0.0172429 -0.0314184 -0.623694
-0.0168638 -0.0311678 -0.623557
-0.0165002 -0.0309989 -0.62339
-0.016191 -0.0308808 -0.623192
-0.0159046 -0.0307413 -0.622964
-0.0156442 -0.0306144 -0.622686
-0.015449 -0.0304913 -0.622361
-0.0153253 -0.0303705 -0.622021
