%roll pitch yaw
0.0241103 -0.00179787 -0.737369
0.02455 -0.00234829 -0.737511
0.0250028 -0.00297445 -0.737598
0.0255098 -0.00362821 -0.737636
0.0260571 -0.00423683 -0.737619
0.0266185 -0.00481393 -0.737542
0.027164 -0.0053932 -0.737397
0.0276466 -0.00598433 -0.737182
0.0280406 -0.00662217 -0.736903
0.0283261 -0.00730792 -0.736564
0.0284844 -0.00803261 -0.736186
0.0285386 -0.00881968 -0.735767
0.0285268 -0.00963245 -0.735338
0.0284497 -0.0104822 -0.734942
0.0283137 -0.0113207 -0.734554
0.0281365 -0.0121567 -0.734162
0.0279195 -0.0129495 -0.733747
0.0278239 -0.0138223 -0.733307
0.027532 -0.014605 -0.732843
0.0271966 -0.0153467 -0.732343
0.0268158 -0.0160646 -0.731785
0.0264159 -0.0167197 -0.731193
0.0260025 -0.0173335 -0.730585
0.0255896 -0.017929 -0.729958
0.0252259 -0.0184375 -0.729328
0.0248854 -0.0189078 -0.728686
0.0245624 -0.0193017 -0.728017
0.024283 -0.0195949 -0.727354
0.0240527 -0.0198077 -0.726689
0.0238629 -0.0199133 -0.726056
0.0237073 -0.0199069 -0.725457
0.0235962 -0.0198522 -0.724906
0.0235514 -0.0197298 -0.72443
0.0235666 -0.0196053 -0.724016
0.0236679 -0.0195043 -0.723679
0.0238269 -0.0193931 -0.723427
0.0240514 -0.0193077 -0.723244
0.0243612 -0.0192284 -0.723144
0.0247591 -0.0191148 -0.723138
0.0252187 -0.0190049 -0.723227
0.0257598 -0.0189169 -0.723387
0.0263648 -0.0188198 -0.723603
0.0270332 -0.018783 -0.723903
0.027736 -0.0188165 -0.724241
0.0284329 -0.0189107 -0.724617
0.029127 -0.0190894 -0.725025
0.0297684 -0.0192885 -0.725451
0.0303561 -0.0194726 -0.725916
0.0308622 -0.0197007 -0.726391
0.0312908 -0.0199619 -0.72689
0.0316454 -0.0202052 -0.727393
0.0319306 -0.0204654 -0.727871
0.0321556 -0.020704 -0.728325
0.0323255 -0.0209586 -0.728749
0.0324463 -0.0212536 -0.729177
0.0325223 -0.0215045 -0.729569
0.0325114 -0.021761 -0.729952
0.0324188 -0.0220192 -0.730332
0.0322567 -0.0222131 -0.730684
0.0320495 -0.0224049 -0.73102
0.0317941 -0.0225311 -0.731324
0.0315062 -0.0226321 -0.731593
0.0311894 -0.0227582 -0.731828
0.0308437 -0.0228244 -0.732027
0.0304937 -0.0228868 -0.732214
0.0301521 -0.0229963 -0.732382
0.0298176 -0.0230858 -0.732528
0.0294913 -0.0232426 -0.732651
0.0291846 -0.0234447 -0.732763
0.0289213 -0.0236322 -0.732851
0.0286875 -0.0238333 -0.732932
0.0284943 -0.0240451 -0.733031
0.0283342 -0.024222 -0.733133
0.0282116 -0.0243811 -0.733236
0.0281255 -0.0246068 -0.733324
0.0280798 -0.0248725 -0.733421
0.0280399 -0.0251256 -0.733498
0.0279937 -0.0253818 -0.733541
0.0279717 -0.0256035 -0.73358
0.0279602 -0.0257004 -0.733609
0.0279847 -0.0256999 -0.733623
0.0280416 -0.0256438 -0.733609
0.0281247 -0.0255494 -0.733566
0.0282239 -0.0254188 -0.733488
0.0283263 -0.0253245 -0.73336
0.0283981 -0.0252826 -0.733175
0.028436 -0.0252216 -0.732948
0.0284321 -0.0251605 -0.732715
0.028348 -0.0250981 -0.732491
0.0281991 -0.0249632 -0.732273
0.0279937 -0.0247655 -0.732051
0.0277662 -0.0246013 -0.731838
0.0275196 -0.0244806 -0.731606
0.0272646 -0.0243579 -0.731327
0.0269913 -0.024265 -0.731007
0.0267023 -0.0241962 -0.73065
0.0263561 -0.0240912 -0.730258
0.0259334 -0.0239435 -0.729865
0.0254495 -0.0238092 -0.729473
0.0249119 -0.0236675 -0.729125
0.0243212 -0.0234823 -0.728802
0.0237081 -0.0233063 -0.728503
0.0231095 -0.0231572 -0.728207
0.0225481 -0.0229717 -0.727942
0.0220344 -0.0227568 -0.727696
0.0215583 -0.02258 -0.727497
0.0211299 -0.0224265 -0.727347
0.0207575 -0.0222604 -0.727246
0.0204268 -0.0220803 -0.727234
0.0201407 -0.0218845 -0.727327
0.01992 -0.0216658 -0.727516
0.019888 -0.0213014 -0.727812
0.0199124 -0.0209443 -0.728217
0.0199524 -0.0204961 -0.728707
0.0200135 -0.019926 -0.72927
0.0200504 -0.0192846 -0.729862
0.0200105 -0.0186607 -0.730478
0.019847 -0.0180838 -0.731075
0.0195328 -0.0176292 -0.731616
0.0190278 -0.0173449 -0.732109
0.0183689 -0.0171769 -0.732552
0.0175464 -0.0171316 -0.732949
0.0165762 -0.0172333 -0.733286
0.0155055 -0.0174168 -0.733545
0.0143644 -0.0176192 -0.733733
0.0131967 -0.017859 -0.733853
0.0120575 -0.0181621 -0.733926
0.0108763 -0.0185652 -0.733968
0.00979688 -0.0189828 -0.733987
0.00886029 -0.019426 -0.733964
0.00826934 -0.0197097 -0.733922
0.00784037 -0.0199176 -0.733849
0.00755914 -0.0200112 -0.733755
0.00742733 -0.0199105 -0.733644
0.00742532 -0.0195224 -0.733534
0.00759129 -0.0188674 -0.733392
0.00782815 -0.0181031 -0.733238
0.0082349 -0.0169887 -0.733088
0.00878546 -0.0155793 -0.732936
0.00946647 -0.013938 -0.732774
0.0102633 -0.0121632 -0.73264
0.0111071 -0.0103291 -0.732509
0.0119303 -0.00847082 -0.732367
0.0127169 -0.00659824 -0.732193
0.01343 -0.00473506 -0.731935
0.0140144 -0.00293448 -0.731584
0.014468 -0.00123955 -0.731138
0.0148424 0.000256255 -0.730605
0.0151248 0.00147441 -0.730015
0.0152784 0.00237929 -0.729387
0.0153224 0.00293561 -0.72874
0.0152583 0.00315382 -0.728115
0.0150546 0.00311046 -0.727521
0.0145645 0.00260797 -0.726968
0.0142044 0.00228694 -0.726454
0.0138389 0.00189946 -0.725939
0.0134781 0.0014501 -0.725426
0.0131694 0.000948953 -0.724915
0.0129338 0.000408916 -0.724438
0.012739 -0.000162277 -0.723985
0.0125836 -0.000751315 -0.72357
0.0124381 -0.00135335 -0.723212
0.0122969 -0.00196598 -0.72292
0.0121371 -0.00258319 -0.722689
0.0118742 -0.0033898 -0.722531
0.0117432 -0.0040592 -0.722443
0.0116413 -0.00474756 -0.722425
0.0116192 -0.00542478 -0.72246
0.0116641 -0.00610432 -0.722542
0.0118034 -0.00678769 -0.722665
0.011913 -0.00759837 -0.722825
0.0120902 -0.00838261 -0.723001
0.0123026 -0.00914426 -0.723198
0.0125486 -0.00988273 -0.723434
0.0128194 -0.0105872 -0.723708
0.0130989 -0.0112603 -0.724019
0.01337 -0.0118821 -0.724372
0.0137778 -0.0124125 -0.724766
0.0141772 -0.0128852 -0.725212
0.0145677 -0.0133107 -0.725728
0.0149508 -0.0137107 -0.726326
0.015332 -0.0140787 -0.72701
0.0157106 -0.0143999 -0.727766
0.0160662 -0.0146684 -0.728593
0.0164328 -0.0148844 -0.729466
0.0168043 -0.0150077 -0.730382
0.0171851 -0.0150435 -0.731328
0.0175668 -0.0149852 -0.732296
0.0179538 -0.0148489 -0.733251
0.0182953 -0.014636 -0.734169
0.0185927 -0.014344 -0.735047
0.0188237 -0.0140036 -0.735874
0.0189949 -0.0136231 -0.73666
0.0191029 -0.0132192 -0.737393
0.0191576 -0.0127685 -0.738062
0.0191642 -0.0123206 -0.738652
0.0191143 -0.0118789 -0.739177
0.0190517 -0.0114352 -0.73962
0.0189433 -0.0109751 -0.739968
0.0188029 -0.0105075 -0.740209
0.0186309 -0.0100534 -0.74036
0.0184372 -0.00962333 -0.740431
0.0182387 -0.00924537 -0.740437
0.0180224 -0.0089499 -0.74039
0.0178198 -0.00872886 -0.740275
0.0176395 -0.00857555 -0.740113
0.0174876 -0.00846209 -0.739912
0.0173777 -0.00839178 -0.739666
0.017313 -0.00837857 -0.739384
0.0173037 -0.00842901 -0.739054
0.0173736 -0.00849665 -0.738704
0.0175077 -0.0086049 -0.738325
0.0176776 -0.00870806 -0.737925
0.0178871 -0.00883954 -0.737515
0.0181464 -0.00896715 -0.73711
0.0184419 -0.00909394 -0.736723
0.0187659 -0.00918809 -0.736342
0.0191202 -0.00928422 -0.735955
0.0195045 -0.00938878 -0.735553
0.0199289 -0.00946678 -0.735154
0.0203582 -0.00951594 -0.734766
0.0207817 -0.00952194 -0.734384
0.0212036 -0.00954861 -0.734
0.0216332 -0.00960708 -0.733628
0.0220795 -0.0096598 -0.733287
0.0225 -0.00971841 -0.732974
0.0229122 -0.00978303 -0.7327
0.0233241 -0.00990341 -0.732443
0.0237469 -0.010065 -0.732227
0.0241429 -0.0102729 -0.732038
0.0244866 -0.0104841 -0.731862
0.0248203 -0.0107153 -0.731684
0.0251355 -0.0109556 -0.731539
0.0254307 -0.0111777 -0.731405
0.0256981 -0.0113923 -0.731307
0.0259192 -0.0116296 -0.731228
0.0261209 -0.0118677 -0.731161
0.0262888 -0.0120903 -0.731106
0.0264236 -0.0123249 -0.731057
0.0265318 -0.0125545 -0.731012
0.0265844 -0.0127372 -0.730937
0.0266194 -0.012908 -0.730852
0.0266207 -0.0130575 -0.730765
0.0265798 -0.0132311 -0.730687
0.0265049 -0.0134271 -0.730618
0.0263908 -0.0136774 -0.730566
0.0262271 -0.0139511 -0.730506
0.0259997 -0.014229 -0.730474
0.0257025 -0.0144922 -0.730471
0.0253604 -0.014759 -0.730472
0.0249968 -0.0149977 -0.730466
0.0246146 -0.0152149 -0.730438
0.024249 -0.0154262 -0.73041
0.0239055 -0.0156497 -0.730402
0.0235907 -0.0158923 -0.730427
0.0233001 -0.0161231 -0.730455
0.0230528 -0.0163365 -0.730505
0.0228274 -0.0165157 -0.730578
0.0226324 -0.0166944 -0.730683
0.0224577 -0.0168398 -0.730823
0.0222892 -0.016996 -0.731002
0.0221192 -0.0171474 -0.731201
0.0219803 -0.0173008 -0.731426
0.0218567 -0.0174287 -0.731657
0.0217439 -0.0175241 -0.731864
0.0216137 -0.017609 -0.732059
0.021524 -0.0176882 -0.732207
0.021449 -0.0177677 -0.732327
0.0213745 -0.0177943 -0.732426
0.0213259 -0.0177996 -0.732468
0.0213045 -0.0177657 -0.732453
0.0213075 -0.0177511 -0.732405
0.0212876 -0.0177103 -0.732336
0.0212003 -0.0176567 -0.73224
0.0210963 -0.0175919 -0.732109
0.0209745 -0.0174985 -0.731949
0.0207901 -0.0173653 -0.731773
0.0205701 -0.0172343 -0.731534
0.0203425 -0.0171194 -0.731222
0.0201506 -0.0169741 -0.730854
0.0200262 -0.0168478 -0.730452
0.0199806 -0.0168166 -0.730032
0.0200278 -0.0169072 -0.729661
0.0201163 -0.0170815 -0.72934
0.0202382 -0.0173323 -0.7291
0.0203826 -0.0176284 -0.728928
0.020528 -0.0179104 -0.728793
0.0206279 -0.0181535 -0.728678
0.020695 -0.0183882 -0.728575
0.0207367 -0.0186275 -0.728462
0.02068 -0.0187977 -0.728334
0.0204983 -0.018905 -0.728209
0.0202232 -0.0189173 -0.728081
0.0198113 -0.0187642 -0.727976
0.0190907 -0.0181685 -0.727921
0.0182706 -0.0173283 -0.727936
0.0173633 -0.0161962 -0.728013
0.0163807 -0.0148106 -0.728157
0.0153393 -0.0132202 -0.728354
0.014268 -0.0114965 -0.728607
0.0130942 -0.00948124 -0.728904
0.0118765 -0.00733044 -0.729254
0.0106477 -0.0051287 -0.72963
0.00946656 -0.00300218 -0.730029
0.00860291 -0.00151717 -0.730478
0.00785372 -0.000271568 -0.730971
0.00723537 0.000679876 -0.73147
0.00677482 0.00133702 -0.731969
0.00615006 0.00217996 -0.732452
0.00560763 0.00270992 -0.732919
0.00515137 0.00294694 -0.733371
0.00481601 0.00292373 -0.73383
0.00456821 0.00270208 -0.734296
0.00467785 0.00204744 -0.734765
0.00484138 0.00135485 -0.735228
0.00477898 0.000882872 -0.735654
0.00475193 0.000322854 -0.736019
0.00477023 -0.00034925 -0.736319
0.00479253 -0.00106189 -0.736561
0.00482365 -0.00173373 -0.73671
0.00487382 -0.00233745 -0.736766
0.004946 -0.00288963 -0.736732
0.00504419 -0.00343452 -0.73662
0.00517098 -0.00401861 -0.736411
0.00530535 -0.00465138 -0.736122
0.00539498 -0.00532257 -0.735777
0.00540224 -0.00596595 -0.735399
0.005294 -0.00657899 -0.734995
0.00508706 -0.0071369 -0.73458
0.00479265 -0.00762194 -0.734147
0.00441789 -0.00805343 -0.733691
0.00401959 -0.00845114 -0.733196
0.00360249 -0.00887977 -0.732684
0.00315624 -0.00933659 -0.732182
0.00266708 -0.0098614 -0.731671
0.00213415 -0.0104383 -0.73117
0.00155206 -0.0109834 -0.730671
0.000917186 -0.0114882 -0.730182
0.000221788 -0.011978 -0.729689
-0.000510308 -0.0124111 -0.729179
-0.0012572 -0.0128094 -0.728649
-0.00200371 -0.0131601 -0.728098
-0.00273315 -0.0134389 -0.727524
-0.00341444 -0.0136842 -0.726919
-0.00404068 -0.0138775 -0.72632
-0.00462881 -0.0139742 -0.725713
-0.00518911 -0.0140107 -0.725127
-0.0057252 -0.013969 -0.724565
-0.00623516 -0.013828 -0.724031
-0.00673925 -0.0136362 -0.72355
-0.00719728 -0.0133932 -0.72311
-0.00760868 -0.0130766 -0.722717
-0.00795517 -0.0127265 -0.722396
-0.00824168 -0.0123305 -0.722164
-0.0084863 -0.0118973 -0.722004
-0.0086519 -0.0115041 -0.721914
-0.00872583 -0.0111195 -0.72191
-0.00871916 -0.010727 -0.721993
-0.00865143 -0.0104033 -0.72214
-0.00853421 -0.0101254 -0.722353
-0.00838278 -0.00988323 -0.722637
-0.0082046 -0.00968725 -0.722972
-0.00804579 -0.00951791 -0.723338
-0.00791657 -0.00935771 -0.72373
-0.00781994 -0.00924108 -0.724156
-0.0077642 -0.00911428 -0.724591
-0.00776013 -0.00896723 -0.725043
-0.00780741 -0.00889049 -0.725467
-0.00790811 -0.00882581 -0.725877
-0.00805598 -0.00879989 -0.726283
-0.00825063 -0.00879858 -0.726661
-0.00849502 -0.00876322 -0.727002
-0.00880163 -0.00874797 -0.727318
-0.00916763 -0.00871324 -0.727614
-0.00960356 -0.0086182 -0.727896
-0.0101049 -0.00852819 -0.728169
-0.0106678 -0.00839929 -0.728429
-0.0112858 -0.00821348 -0.728678
-0.0119316 -0.00801809 -0.728894
-0.012604 -0.00778356 -0.729061
-0.0133054 -0.00753169 -0.729179
-0.0140025 -0.00731838 -0.729231
-0.0146959 -0.00708407 -0.729232
-0.015368 -0.00682542 -0.729199
-0.0160143 -0.00660311 -0.72913
-0.0166436 -0.00638651 -0.729038
-0.0172471 -0.00614132 -0.728928
-0.0178186 -0.00591619 -0.728777
-0.0183701 -0.00564859 -0.728595
-0.0189051 -0.00538369 -0.72842
-0.0193961 -0.00514691 -0.72823
-0.0198243 -0.00494038 -0.728047
-0.020199 -0.00483724 -0.727857
-0.0205052 -0.00477567 -0.727674
-0.020753 -0.00473169 -0.727478
-0.0209422 -0.00473237 -0.7273
-0.0210871 -0.00469202 -0.727141
-0.0211898 -0.00460486 -0.726991
-0.0212362 -0.00447944 -0.72685
-0.0212354 -0.00423089 -0.726694
-0.0212117 -0.00394765 -0.726548
-0.0211695 -0.00368983 -0.72643
-0.0211061 -0.00342569 -0.726308
-0.0210213 -0.00322095 -0.726213
-0.0209184 -0.00310879 -0.726139
-0.0208187 -0.00299035 -0.726069
-0.0207312 -0.00289855 -0.72601
-0.0206455 -0.00284904 -0.72596
-0.0205557 -0.00276266 -0.725903
-0.0204948 -0.00263399 -0.725841
-0.0204671 -0.00251783 -0.725775
-0.02046 -0.00241385 -0.725728
-0.0204433 -0.00232828 -0.72569
-0.0204457 -0.0023136 -0.725636
-0.0204933 -0.0023407 -0.725575
-0.0205617 -0.0023274 -0.725519
-0.0206328 -0.00226743 -0.725441
-0.0207292 -0.00223195 -0.725349
-0.0208307 -0.00217578 -0.725245
-0.0209516 -0.00207935 -0.725149
-0.0210485 -0.00195417 -0.725057
-0.0211715 -0.00182311 -0.724965
-0.0213266 -0.00161942 -0.72489
-0.0215005 -0.00137497 -0.724872
-0.0216579 -0.00117899 -0.7249
-0.0218231 -0.00098303 -0.724951
-0.0219838 -0.000741454 -0.725054
-0.0221263 -0.000495416 -0.725197
-0.0222235 -0.000248227 -0.725373
-0.0222834 4.29172e-05 -0.72558
-0.0222926 0.00034322 -0.72581
-0.0222348 0.000589655 -0.726054
-0.0221256 0.00080934 -0.726308
-0.0219698 0.00105894 -0.726592
-0.0217859 0.00127599 -0.726913
-0.0215889 0.00145638 -0.727285
-0.0213843 0.00166345 -0.727694
-0.021197 0.0018811 -0.728157
-0.0210287 0.00210047 -0.728675
-0.0208779 0.00235963 -0.729258
-0.0207518 0.00264544 -0.729873
-0.0206913 0.0028631 -0.730502
-0.0207151 0.00295016 -0.731125
-0.0208137 0.00291608 -0.731688
-0.02096 0.00272602 -0.732149
-0.0211225 0.00239568 -0.732483
-0.0212564 0.00205425 -0.73271
-0.021334 0.00176005 -0.732891
-0.0213615 0.00153157 -0.733033
-0.0213557 0.00134283 -0.73317
-0.0210987 0.00135151 -0.733317
-0.0210071 0.00125942 -0.73346
-0.020796 0.00119023 -0.733609
-0.0204577 0.00123952 -0.733726
-0.020005 0.00147104 -0.733809
-0.0194121 0.00189951 -0.733847
-0.0185092 0.00269495 -0.733832
-0.0175206 0.00374691 -0.733794
-0.016454 0.00501832 -0.733714
-0.0153361 0.0064398 -0.733592
-0.0141859 0.00792639 -0.733409
-0.0130473 0.00941003 -0.733172
-0.011889 0.0111258 -0.732885
-0.0107269 0.0128061 -0.732548
-0.00957051 0.0143725 -0.732185
-0.00843875 0.0157763 -0.731805
-0.00749964 0.016574 -0.731376
-0.00661167 0.0171522 -0.730912
-0.0057826 0.0174923 -0.730441
-0.00503806 0.0176019 -0.729961
-0.00440727 0.0174986 -0.729472
-0.00389342 0.0171982 -0.72899
-0.00350304 0.0167316 -0.728541
-0.00291637 0.0164368 -0.72813
-0.0025028 0.0159984 -0.727752
-0.00223321 0.0154732 -0.727406
-0.0020896 0.014932 -0.727089
-0.00230911 0.0141662 -0.726783
-0.00263353 0.0133827 -0.726493
-0.00305411 0.0126155 -0.726217
-0.00354656 0.011878 -0.725951
-0.00392518 0.0113315 -0.725726
-0.00432249 0.0108048 -0.725562
-0.00469948 0.0102693 -0.725424
-0.00501727 0.00969606 -0.725315
-0.00526596 0.00908421 -0.725206
-0.00544493 0.00847193 -0.725093
-0.0055641 0.00787746 -0.724964
-0.00566092 0.00730317 -0.724809
-0.00574116 0.00673518 -0.724683
-0.00576048 0.00615428 -0.724562
-0.00570656 0.0055707 -0.724502
-0.00553877 0.00495566 -0.724509
-0.00525654 0.00428866 -0.724597
-0.00483397 0.00359142 -0.724746
-0.00428203 0.00285289 -0.72494
-0.00361189 0.00210262 -0.725157
-0.00298468 0.00131901 -0.725394
-0.00231013 0.000568676 -0.725665
-0.00147463 -9.56165e-05 -0.725968
-0.000753436 -0.000799621 -0.726305
0.000116317 -0.00141638 -0.726691
0.000982761 -0.00201259 -0.727121
0.00186174 -0.00257505 -0.727576
0.00274094 -0.00307926 -0.728054
0.00362593 -0.00350802 -0.728569
0.00448352 -0.00388111 -0.729111
0.00532176 -0.00419283 -0.729678
0.00615147 -0.00446175 -0.730256
0.00692649 -0.00465289 -0.730858
0.00766925 -0.00479057 -0.731455
0.0083622 -0.00487383 -0.732047
0.0089776 -0.00492375 -0.732608
0.0094846 -0.00492664 -0.733136
0.00989597 -0.00489958 -0.733633
0.0102041 -0.00485242 -0.734087
0.0103706 -0.00477269 -0.734485
0.0104133 -0.00466994 -0.734806
0.0103766 -0.00456463 -0.735047
0.0102745 -0.00446334 -0.73523
0.0100948 -0.0043743 -0.735332
0.00986551 -0.00426346 -0.735355
0.00962445 -0.00412481 -0.735324
0.00937284 -0.00397327 -0.735244
0.00911895 -0.0038364 -0.735131
0.00886965 -0.00373508 -0.73498
0.00862617 -0.00366234 -0.7348
0.00839201 -0.00363881 -0.734597
0.00817763 -0.00366739 -0.734371
0.00799128 -0.00376468 -0.734138
0.00782892 -0.00388664 -0.733923
0.00770786 -0.00401298 -0.733737
0.00766164 -0.00410976 -0.733547
0.0077087 -0.00415882 -0.733354
0.00785174 -0.00416875 -0.73318
0.00808594 -0.00414511 -0.733037
0.00840679 -0.00408492 -0.73291
0.00884757 -0.00400114 -0.732777
0.00938968 -0.00391384 -0.732628
0.0100042 -0.00379216 -0.732486
0.0106769 -0.00364909 -0.732363
0.0114038 -0.00351619 -0.732262
0.0121711 -0.00340139 -0.732175
0.0129994 -0.00325881 -0.732106
0.0138532 -0.00305508 -0.732073
0.0147223 -0.00283271 -0.732064
0.0156145 -0.00261237 -0.732077
0.0165378 -0.00240883 -0.73213
0.0174569 -0.00222777 -0.732195
0.0183531 -0.00208915 -0.732287
0.0192412 -0.00198891 -0.732402
0.0201081 -0.00193965 -0.732513
0.0209305 -0.00194294 -0.73262
0.0216971 -0.00196095 -0.732706
0.0224214 -0.00197848 -0.732773
0.0230645 -0.00201603 -0.732823
0.0236419 -0.00207896 -0.732862
0.0241291 -0.00217063 -0.732864
0.0245371 -0.00227834 -0.732825
0.0248695 -0.00238485 -0.732763
0.0251183 -0.00244311 -0.732676
0.0253178 -0.0024744 -0.732567
0.0254734 -0.00247208 -0.732442
0.0255876 -0.00244228 -0.732297
0.0256525 -0.00235767 -0.732152
0.0256941 -0.00226492 -0.732018
0.0257252 -0.00220274 -0.731902
0.0257257 -0.00215814 -0.731803
0.0256893 -0.00215651 -0.731718
0.0256399 -0.00214062 -0.731641
0.0255996 -0.00209066 -0.731579
0.0255754 -0.00200171 -0.731522
0.0255945 -0.00193166 -0.731465
0.0256617 -0.00188544 -0.731415
0.025767 -0.00186908 -0.731381
0.0259313 -0.00188619 -0.731367
0.0261477 -0.00190499 -0.731387
0.0264226 -0.00192562 -0.731455
0.0267244 -0.00192551 -0.731565
0.027055 -0.00195807 -0.731715
0.0274132 -0.00200085 -0.731856
0.0278062 -0.00205439 -0.731997
0.0282243 -0.00208811 -0.732145
0.0286333 -0.00210939 -0.732322
0.0290383 -0.00206344 -0.732505
0.0294629 -0.00202653 -0.732667
0.0298961 -0.00199418 -0.732816
0.0303145 -0.00196927 -0.732935
0.0307019 -0.00190433 -0.73299
0.0311134 -0.00182735 -0.73301
0.0315282 -0.00173519 -0.733001
0.0318957 -0.00164038 -0.732938
0.0322337 -0.0015356 -0.732827
0.0325402 -0.00141625 -0.732671
0.0328205 -0.00126941 -0.732467
0.0330388 -0.00115564 -0.732236
0.033199 -0.00105713 -0.731972
0.0333063 -0.000937568 -0.731639
0.033376 -0.000817742 -0.731239
0.0334797 -0.000718946 -0.730792
0.0336767 -0.000658063 -0.73032
0.0339648 -0.000642861 -0.729849
0.0343705 -0.000739302 -0.729409
0.034917 -0.000935245 -0.729017
0.0355479 -0.00119217 -0.728667
0.0362068 -0.00146936 -0.728382
0.036891 -0.001763 -0.728155
0.0375943 -0.00207173 -0.727954
0.0380704 -0.00223827 -0.727772
0.038454 -0.00240107 -0.72761
0.038958 -0.00272771 -0.727466
0.0393355 -0.00297879 -0.727357
0.0395633 -0.00309468 -0.727262
0.039626 -0.00305472 -0.727202
0.0394977 -0.0028034 -0.727173
0.03905 -0.0021817 -0.727162
0.0384758 -0.00134121 -0.727165
0.0378163 -0.000292434 -0.727171
0.0371062 0.000943969 -0.727183
0.036379 0.00231062 -0.727169
0.0356521 0.00378154 -0.727137
0.0349436 0.00527636 -0.727116
0.0342006 0.00695754 -0.727093
0.0334627 0.00862274 -0.727085
0.0326979 0.0102954 -0.727119
0.0318959 0.0119427 -0.72718
0.0312662 0.0130853 -0.727291
0.03068 0.0139797 -0.727452
0.0301575 0.0146234 -0.72765
0.029728 0.0150657 -0.72787
0.0294214 0.0153487 -0.728127
0.0292646 0.0154687 -0.728431
0.0292507 0.0154555 -0.728746
0.0290928 0.0155964 -0.729083
0.0290694 0.0156164 -0.729449
0.0291888 0.0155753 -0.729839
0.0294417 0.015551 -0.73024
0.0298042 0.0155696 -0.730609
0.0302664 0.0155945 -0.73095
0.0308441 0.0155638 -0.731235
0.0315039 0.015418 -0.731424
0.0322098 0.0151745 -0.731544
0.0331253 0.014708 -0.73159
0.03382 0.0144108 -0.731574
0.0344859 0.014116 -0.731504
0.0351211 0.0138185 -0.731419
0.0357426 0.0135117 -0.731283
0.036381 0.0131546 -0.731103
0.0370231 0.0127596 -0.730898
0.0376509 0.012283 -0.730681
0.0382373 0.0117368 -0.730456
0.0387444 0.0111074 -0.730218
0.039126 0.0104116 -0.729948
0.039372 0.00969574 -0.729655
0.0394934 0.00895911 -0.72932
0.0395241 0.00823809 -0.728929
0.0395021 0.00751659 -0.728486
0.0394709 0.00680109 -0.72799
0.0394399 0.00610558 -0.727443
0.0393824 0.00539817 -0.726845
0.0394584 0.0046971 -0.726199
0.0395119 0.00404241 -0.725514
0.0393919 0.00349338 -0.724796
0.0392162 0.00306078 -0.724078
0.0390166 0.00273701 -0.723337
0.0388011 0.00253337 -0.722556
0.0385696 0.00244169 -0.72177
0.03837 0.00239382 -0.720984
0.0382205 0.00241328 -0.720202
0.0381294 0.00250397 -0.719435
0.0381046 0.00264748 -0.718673
0.0381524 0.00286891 -0.71794
0.0382572 0.00316796 -0.717239
0.0384183 0.00347766 -0.716606
0.0386495 0.00384899 -0.716018
0.038951 0.00423388 -0.715498
0.0393251 0.00460571 -0.715073
0.0397713 0.00497478 -0.71473
0.0402762 0.00528616 -0.714484
0.0408435 0.00557282 -0.714353
0.0414661 0.00584611 -0.714306
0.0421185 0.00605861 -0.714354
0.0428101 0.00622943 -0.714486
0.0435394 0.00638891 -0.714679
0.0443077 0.00649425 -0.714911
0.0451014 0.0065175 -0.715189
0.0459003 0.00648263 -0.715495
0.0466987 0.0063771 -0.715827
0.0474695 0.00619931 -0.71619
0.0481793 0.00599645 -0.716574
0.0488245 0.00572695 -0.716981
0.0494046 0.00541389 -0.717399
0.0498926 0.0051058 -0.717811
0.0502934 0.0047491 -0.718232
0.0506331 0.00436941 -0.718668
0.0509202 0.00402783 -0.7191
0.0511641 0.00366996 -0.719534
0.0513528 0.00335279 -0.719969
0.0514855 0.00306823 -0.72038
0.0515496 0.0027792 -0.720761
0.0515654 0.00256261 -0.721096
0.0515609 0.00234734 -0.721368
0.0515118 0.00212304 -0.721589
0.0514243 0.00197608 -0.721763
0.051339 0.00183349 -0.721878
0.051239 0.00171337 -0.72194
0.0511344 0.00160197 -0.721944
0.0510323 0.00146514 -0.72192
0.0509377 0.00135671 -0.721882
0.0508162 0.00126112 -0.721827
0.0506948 0.00111123 -0.721757
0.0505652 0.000986999 -0.721676
0.0504622 0.000888142 -0.721606
0.0503905 0.000747742 -0.721556
0.0503332 0.000611443 -0.721506
0.0502985 0.000480834 -0.72143
0.0502994 0.000299336 -0.721349
0.0503252 0.000130515 -0.721251
0.0503732 1.73075e-05 -0.721134
0.0504215 -6.57079e-05 -0.720993
0.0504829 -7.51727e-05 -0.72083
0.0505816 2.13377e-05 -0.720632
0.0506999 0.00015626 -0.720427
0.0508011 0.000323941 -0.72024
0.0508858 0.000546794 -0.720086
0.0509573 0.000735208 -0.719962
0.0509867 0.000884114 -0.719842
0.0509638 0.00104902 -0.719753
0.0508826 0.00116669 -0.719698
0.0507681 0.00127097 -0.719661
0.0506379 0.00139141 -0.719621
0.0505173 0.00147309 -0.71955
0.0503906 0.00154678 -0.719465
0.0502255 0.00161112 -0.719372
0.0499919 0.0016078 -0.719256
0.0496661 0.00159319 -0.719132
0.0492413 0.00158063 -0.71903
0.0487074 0.0015005 -0.718956
0.0480777 0.00134957 -0.718908
0.047413 0.00119829 -0.718871
0.046737 0.00103214 -0.718861
0.0460605 0.000819283 -0.718863
0.0453976 0.000629422 -0.718873
0.0447933 0.000461694 -0.718899
0.0442492 0.000222944 -0.718949
0.0438257 7.8558e-05 -0.719066
0.0434074 -2.01104e-05 -0.719262
0.0430121 -2.58318e-05 -0.719561
0.0426306 0.000128526 -0.720011
0.0422424 0.000526128 -0.720598
0.0417588 0.00114235 -0.721303
0.0410896 0.00183785 -0.72209
0.040185 0.00255797 -0.722904
0.0391985 0.0035321 -0.723702
0.0378038 0.00412074 -0.724473
0.0362037 0.00444922 -0.725216
0.0344343 0.00454464 -0.725886
0.0325228 0.004398 -0.726492
0.0305068 0.00398477 -0.727029
0.028427 0.00332218 -0.727502
0.0263267 0.0024381 -0.727888
0.024221 0.00131776 -0.728177
0.0221626 -6.00292e-05 -0.728378
0.0202311 -0.00164486 -0.728502
0.0184544 -0.0033734 -0.728548
0.0167149 -0.00525785 -0.728553
0.0154207 -0.00721652 -0.728547
0.0143801 -0.00919584 -0.728553
0.0135402 -0.0111092 -0.728592
0.0128599 -0.0128784 -0.72871
0.0123089 -0.0144697 -0.728885
0.0119159 -0.0158134 -0.729077
0.0117572 -0.0168167 -0.72928
0.0118656 -0.0173496 -0.72946
0.0118899 -0.0178053 -0.729589
0.0124817 -0.017423 -0.729671
0.0133041 -0.0166838 -0.729747
0.0143133 -0.0156644 -0.729831
0.0154582 -0.0143898 -0.729886
0.016747 -0.0129135 -0.729944
0.0180916 -0.0110943 -0.730028
0.0192868 -0.00911682 -0.730082
0.0203392 -0.00706025 -0.73012
0.0211677 -0.00501459 -0.730107
0.0217312 -0.00302943 -0.730039
0.0220239 -0.00118833 -0.729882
0.0222585 0.000815415 -0.729605
0.0222606 0.00262161 -0.729196
0.0220751 0.00416571 -0.728691
0.0214379 0.00488774 -0.72813
0.0206842 0.00528282 -0.727538
0.0198883 0.00538932 -0.726944
0.0190968 0.0052409 -0.726374
0.0183241 0.00492122 -0.72581
0.017594 0.00448543 -0.725219
0.0169798 0.00430366 -0.724599
0.0164087 0.0040619 -0.723964
0.0158999 0.00378202 -0.723316
0.0154373 0.00342416 -0.722639
0.0150337 0.0029437 -0.721952
0.0146702 0.00239704 -0.721265
0.0143228 0.00180825 -0.720584
0.0139809 0.00116169 -0.719915
0.0136622 0.000480654 -0.719251
0.0133929 -0.000217199 -0.71858
0.0131789 -0.000960981 -0.717908
0.0130484 -0.00175129 -0.71723
0.0129794 -0.00256418 -0.71655
0.0129846 -0.00344371 -0.715881
0.013064 -0.00438776 -0.715197
0.013211 -0.00539423 -0.714529
0.0134074 -0.00645578 -0.71389
0.0136314 -0.00757343 -0.713298
0.0138803 -0.00873662 -0.712752
0.0141468 -0.00993236 -0.712261
0.0144331 -0.0111617 -0.711834
0.0147423 -0.0123924 -0.711513
0.0150604 -0.0136258 -0.7113
0.0153928 -0.0148332 -0.711211
0.0157549 -0.0159827 -0.711284
0.0161191 -0.0170759 -0.711515
0.0164601 -0.0181243 -0.711882
0.0167631 -0.0191135 -0.712413
0.0170509 -0.0200365 -0.713091
0.017217 -0.0208148 -0.713879
0.0174029 -0.021481 -0.714767
0.0175997 -0.0219959 -0.715726
0.0177985 -0.0223448 -0.716744
0.0180903 -0.0226193 -0.717817
0.0183758 -0.0227391 -0.718938
0.0186499 -0.0226867 -0.720083
0.0188689 -0.0224796 -0.72125
0.0190341 -0.0221434 -0.722465
0.0191428 -0.0217156 -0.723709
0.0191593 -0.021206 -0.724927
0.0191289 -0.0206461 -0.726104
0.0190387 -0.0200557 -0.727241
0.0189045 -0.0194379 -0.728307
0.018743 -0.0187765 -0.72927
0.0185479 -0.018073 -0.730136
0.0183361 -0.0173433 -0.730896
0.0181369 -0.016629 -0.731545
0.0179654 -0.0159717 -0.732088
0.017829 -0.0154116 -0.732526
0.0177236 -0.0149712 -0.732864
0.0176387 -0.0146442 -0.733092
0.0175836 -0.0143937 -0.73325
0.0175706 -0.0142301 -0.733333
0.0175941 -0.0141432 -0.733343
0.0176596 -0.0141493 -0.733284
0.0177815 -0.0142135 -0.733177
0.0179504 -0.0143511 -0.73301
0.0181683 -0.0145291 -0.732797
0.0184322 -0.0147623 -0.732533
0.0187639 -0.0150393 -0.732203
0.0191489 -0.0153459 -0.731809
0.0195903 -0.015658 -0.731357
0.0200694 -0.0160328 -0.730844
0.0205821 -0.0163955 -0.7303
0.0211369 -0.0167635 -0.729723
0.0217015 -0.017091 -0.729111
0.0222523 -0.0173971 -0.728469
0.0228031 -0.0176606 -0.727811
0.0233701 -0.0179449 -0.727148
0.023953 -0.0182716 -0.726504
0.0245273 -0.0185759 -0.725864
0.0250986 -0.0189313 -0.725249
0.0256807 -0.0193132 -0.724651
0.0262828 -0.019709 -0.724095
0.0268889 -0.0200847 -0.723558
0.0274809 -0.0204511 -0.723062
0.0280843 -0.0207803 -0.722589
0.0286886 -0.0210887 -0.722158
0.029265 -0.0213646 -0.721781
0.0298196 -0.0216371 -0.721427
0.03035 -0.0219136 -0.721101
0.0308502 -0.0222074 -0.720803
0.0313018 -0.0225034 -0.720537
0.0317177 -0.0227854 -0.720287
0.0320944 -0.0230079 -0.72005
0.0324245 -0.0231673 -0.71982
0.0327179 -0.0232398 -0.719595
0.0329852 -0.0232619 -0.71935
0.0332173 -0.0232694 -0.719125
0.0334061 -0.0233121 -0.718929
0.0335445 -0.0234152 -0.718762
0.0336315 -0.0235693 -0.718624
0.0336745 -0.0237284 -0.718521
0.0336529 -0.023855 -0.718438
0.033604 -0.0239493 -0.718396
0.0335309 -0.0239874 -0.718386
0.0334442 -0.0239901 -0.718402
0.0333524 -0.0239726 -0.718433
0.0332651 -0.0239774 -0.718474
0.0331952 -0.0240094 -0.718551
0.0331328 -0.024087 -0.718676
0.0330743 -0.0241867 -0.718821
0.0330331 -0.0242849 -0.718995
0.0329998 -0.0243387 -0.719191
0.0329812 -0.0243927 -0.719421
0.032988 -0.0244397 -0.719677
0.0329954 -0.0245387 -0.71993
0.033 -0.0246451 -0.720192
0.0330168 -0.0247487 -0.720437
0.0330382 -0.0248547 -0.720707
0.0330667 -0.0249489 -0.720975
0.0331264 -0.025036 -0.72123
0.0331983 -0.0251049 -0.721456
0.0332352 -0.025183 -0.721658
0.033242 -0.025217 -0.721826
0.0332344 -0.0252242 -0.721966
0.0331762 -0.0251995 -0.722074
0.0330583 -0.0251593 -0.722136
0.0328917 -0.0250979 -0.722145
0.0326671 -0.025058 -0.72211
0.0324168 -0.0249726 -0.722023
0.0321592 -0.0248604 -0.721893
0.0319418 -0.0247785 -0.721718
0.031775 -0.0246553 -0.721502
0.0316575 -0.0245099 -0.72125
0.0316078 -0.0243732 -0.720968
0.0316541 -0.024297 -0.720668
0.0317983 -0.0242978 -0.720364
0.0320262 -0.024385 -0.720065
0.0323126 -0.0245693 -0.719801
0.032635 -0.0248266 -0.719576
0.0329606 -0.0250774 -0.719394
0.0332391 -0.0252522 -0.719228
0.0335069 -0.0253747 -0.719078
0.0337389 -0.0254398 -0.718947
0.0338696 -0.0254196 -0.718825
0.0339017 -0.0253077 -0.718689
0.0338513 -0.0250911 -0.718566
0.0336715 -0.0247037 -0.718456
0.033346 -0.0241053 -0.718364
0.0327232 -0.0230255 -0.718294
0.0319905 -0.0216896 -0.718219
0.0311521 -0.0200797 -0.718156
0.0302479 -0.0182268 -0.718096
0.0292882 -0.0161816 -0.718063
0.0283007 -0.0140198 -0.71805
0.0271745 -0.011526 -0.71808
0.0260316 -0.00903568 -0.71815
0.024907 -0.00665837 -0.718261
0.0240164 -0.00493456 -0.718447
0.0231911 -0.00344055 -0.7187
0.0224471 -0.00224032 -0.719003
0.0218375 -0.00137286 -0.719346
0.0213944 -0.000812672 -0.719718
0.0211299 -0.000581028 -0.720095
0.0210585 -0.000673677 -0.720477
0.0208065 -0.000613956 -0.720857
0.0206709 -0.000834951 -0.721246
0.0206681 -0.0012653 -0.721652
0.0210924 -0.00218815 -0.722068
0.0215939 -0.00322193 -0.722483
0.0221636 -0.00429146 -0.722864
0.022774 -0.00534988 -0.72319
0.0231281 -0.00617674 -0.723446
0.0234971 -0.0070583 -0.723661
0.0238399 -0.00801923 -0.723802
0.0241544 -0.00899344 -0.723868
0.0244689 -0.00992308 -0.723866
0.0248015 -0.0107886 -0.723798
0.0251413 -0.0116034 -0.723663
0.0256328 -0.012608 -0.723447
0.0259576 -0.0134567 -0.723168
0.026222 -0.014306 -0.722839
0.0264004 -0.0151296 -0.72247
0.0264388 -0.0158412 -0.722067
0.0263249 -0.0164807 -0.721647
0.0260549 -0.0170377 -0.721204
0.0258341 -0.0176722 -0.720743
0.0253888 -0.0181461 -0.720264
0.0249061 -0.0185865 -0.719793
0.0244427 -0.0190616 -0.71932
0.0239959 -0.0195451 -0.718858
0.0235354 -0.0200208 -0.71843
0.023043 -0.0205187 -0.718025
0.022527 -0.0209625 -0.717626
0.0219521 -0.0213866 -0.717232
0.0213455 -0.0217453 -0.716823
0.0207177 -0.0220317 -0.716392
0.0201155 -0.0222748 -0.715929
0.0195287 -0.0224468 -0.715452
0.0189822 -0.0225322 -0.71499
0.0184682 -0.022562 -0.71455
0.018021 -0.0225216 -0.714119
0.0176369 -0.0224686 -0.713718
0.0172974 -0.0224036 -0.713367
0.0170059 -0.0222589 -0.713077
0.0167659 -0.0220564 -0.71284
0.0165914 -0.021821 -0.712678
0.0165003 -0.021542 -0.712583
0.0164661 -0.0213115 -0.712579
0.0164775 -0.0211168 -0.712634
0.0165591 -0.020921 -0.712752
0.0167069 -0.0207701 -0.712962
0.016918 -0.0206371 -0.713255
0.0171916 -0.0205515 -0.713606
0.0175317 -0.0205469 -0.714015
0.0179386 -0.0205677 -0.714465
0.0183772 -0.0206388 -0.714955
0.0188463 -0.020754 -0.715475
0.0193229 -0.020883 -0.71604
0.0198019 -0.0210377 -0.716609
0.0202637 -0.021255 -0.717171
0.0206876 -0.0214913 -0.717726
0.0210683 -0.0218093 -0.718258
0.0213589 -0.0221784 -0.718739
0.0215681 -0.0225318 -0.719184
0.0217119 -0.022891 -0.719578
0.0217793 -0.0231891 -0.719961
0.0217694 -0.0234396 -0.720302
0.0216882 -0.0236498 -0.7206
0.0215402 -0.0237666 -0.72086
0.0213293 -0.0238671 -0.721057
0.0210426 -0.0239581 -0.721213
0.0206927 -0.0239855 -0.721323
0.0203001 -0.0240175 -0.721383
0.019888 -0.0240056 -0.721405
0.0194489 -0.0239342 -0.721368
0.018993 -0.0238517 -0.721273
0.0185142 -0.0236733 -0.721161
0.0180471 -0.0234615 -0.720997
0.0175859 -0.023249 -0.720792
0.0171288 -0.0230246 -0.720554
0.016695 -0.0228701 -0.720296
0.0162866 -0.0227049 -0.720033
0.0159054 -0.0225788 -0.719776
0.0155283 -0.02251 -0.719548
0.015177 -0.0224097 -0.71935
0.014869 -0.0223381 -0.71915
0.0146207 -0.0222864 -0.718955
0.0144107 -0.0222137 -0.718759
0.0142429 -0.0221596 -0.718564
0.0141242 -0.0221499 -0.718348
0.0140607 -0.022136 -0.718135
0.014039 -0.0220681 -0.717902
0.014041 -0.0219399 -0.717689
0.0140714 -0.0217584 -0.717511
0.0141527 -0.0214722 -0.717353
0.0142493 -0.0211189 -0.717208
0.0143519 -0.0207933 -0.717044
0.0144648 -0.0204912 -0.716861
0.0145912 -0.0201809 -0.716676
0.0146976 -0.0199133 -0.716486
0.0147717 -0.0197244 -0.716273
0.0148223 -0.0195394 -0.716078
0.0147999 -0.0192943 -0.715912
0.0147064 -0.0190163 -0.715773
0.014566 -0.0187251 -0.715695
0.0143732 -0.0184126 -0.71563
0.0141273 -0.0181405 -0.715567
0.0138442 -0.0179475 -0.715511
0.0135463 -0.0177842 -0.715427
0.0132407 -0.0175802 -0.715316
0.0128936 -0.0173393 -0.715183
0.0124978 -0.0170928 -0.71505
0.0120604 -0.0168049 -0.714922
0.0115828 -0.0164612 -0.714809
0.0110475 -0.0161225 -0.714711
0.0104462 -0.0157871 -0.714673
0.00982557 -0.0153745 -0.714689
0.00920426 -0.01491 -0.714752
0.00858446 -0.0144723 -0.714856
0.00799011 -0.0140357 -0.714992
0.00745917 -0.0135812 -0.715149
0.00700667 -0.013149 -0.715314
0.00661216 -0.0127368 -0.71551
0.0062662 -0.0122933 -0.715756
0.00608868 -0.0117274 -0.716053
0.00591996 -0.0112174 -0.716412
0.00572549 -0.0106769 -0.716855
0.00551408 -0.0100185 -0.717385
0.00524392 -0.00928764 -0.71798
0.0048547 -0.00860492 -0.71859
0.00435606 -0.00785317 -0.71919
0.00368443 -0.00738914 -0.719726
0.00286659 -0.00709307 -0.720159
0.00188246 -0.0070036 -0.720463
0.000769981 -0.00711765 -0.720627
-0.000398704 -0.00744401 -0.720674
-0.00158701 -0.00794358 -0.720657
-0.00275585 -0.00846653 -0.720587
-0.00384292 -0.00896055 -0.720516
-0.00488844 -0.00943158 -0.720466
-0.00574528 -0.0100055 -0.720459
-0.00650604 -0.0106261 -0.720505
-0.00716361 -0.0112865 -0.720574
-0.00772468 -0.0119935 -0.720626
-0.00816797 -0.0126723 -0.720665
-0.00851814 -0.0132143 -0.720635
-0.00874591 -0.0135362 -0.720524
-0.00908865 -0.0138293 -0.720338
-0.00922108 -0.0137131 -0.720089
-0.00895937 -0.0129596 -0.719821
-0.00849841 -0.011908 -0.719593
-0.00779269 -0.0105922 -0.719434
-0.00690759 -0.00894595 -0.71936
-0.00587029 -0.00717291 -0.71933
-0.00471349 -0.0053804 -0.719302
-0.00354195 -0.00363797 -0.719252
-0.00255761 -0.00231921 -0.719175
-0.00169335 -0.00111225 -0.719018
-0.00100344 -1.38796e-05 -0.71879
-0.000242599 0.0012779 -0.718524
0.000361745 0.00235502 -0.718232
0.000779548 0.00319621 -0.717906
0.000960162 0.00379959 -0.717574
0.000937434 0.00417016 -0.717241
0.000779708 0.00433929 -0.716923
0.000479935 0.00428286 -0.716614
7.45262e-05 0.00403655 -0.716271
-0.000409319 0.00366411 -0.715904
-0.000850861 0.00324791 -0.715503
-0.00126833 0.00280668 -0.715072
-0.00167476 0.00237268 -0.714625
-0.00208956 0.00195303 -0.714169
-0.00252186 0.00152752 -0.7137
-0.00301083 0.00107365 -0.713261
-0.00355552 0.000621909 -0.712855
-0.00418281 0.000130636 -0.712508
-0.00483708 -0.00041231 -0.712206
-0.00544854 -0.000955135 -0.711936
-0.00599631 -0.0015191 -0.711715
-0.00644768 -0.00209061 -0.711516
-0.00677716 -0.00267728 -0.71135
-0.00699429 -0.00328834 -0.711169
-0.00711345 -0.00390157 -0.711001
-0.00714404 -0.00451891 -0.710843
-0.00711269 -0.00519071 -0.71069
-0.00703277 -0.00591596 -0.710569
-0.00691906 -0.00666068 -0.710486
-0.00677524 -0.00741884 -0.710445
-0.00658912 -0.00817094 -0.710455
-0.0064028 -0.0089193 -0.710541
-0.00620055 -0.00965002 -0.710696
-0.00596404 -0.0103805 -0.710904
-0.00568394 -0.0110981 -0.711196
-0.00535691 -0.0117821 -0.711574
-0.0050195 -0.0124234 -0.712028
-0.00464311 -0.0130094 -0.712559
-0.00425547 -0.0135254 -0.713141
-0.00387007 -0.0139632 -0.713773
-0.00350645 -0.0143203 -0.714444
-0.00317013 -0.0146184 -0.715143
-0.00289353 -0.0148424 -0.715862
-0.00267357 -0.014994 -0.716593
-0.00248295 -0.0150728 -0.71733
-0.00236251 -0.0150818 -0.718071
-0.00229862 -0.014998 -0.718792
-0.00229772 -0.0148401 -0.719495
-0.00232537 -0.0146075 -0.720157
-0.00241918 -0.0143405 -0.720795
-0.00257727 -0.0140689 -0.721399
-0.00277113 -0.0137998 -0.721949
-0.00302578 -0.0135139 -0.722434
-0.0033367 -0.0132151 -0.722856
-0.00369633 -0.0129103 -0.723188
-0.00409476 -0.0126508 -0.723425
-0.0045395 -0.0124398 -0.723558
-0.00503259 -0.0122702 -0.723597
-0.00557325 -0.0121509 -0.723565
-0.00611935 -0.0120658 -0.72347
-0.00664912 -0.0120141 -0.723308
-0.00715839 -0.0120171 -0.72312
-0.00764253 -0.0120659 -0.722919
-0.00806347 -0.0121626 -0.722688
-0.00842824 -0.0123294 -0.722444
-0.00870791 -0.0125406 -0.722198
-0.00892093 -0.0128079 -0.721958
-0.00909079 -0.0130964 -0.721714
-0.00920102 -0.0134248 -0.721468
-0.00924249 -0.0137283 -0.721206
-0.00920872 -0.0140289 -0.72095
-0.00913457 -0.0142782 -0.720682
-0.00900455 -0.0145081 -0.720393
-0.00882074 -0.014659 -0.72009
-0.00858161 -0.0148082 -0.719781
-0.00830051 -0.0149945 -0.719482
-0.00798597 -0.0152312 -0.719193
-0.00763024 -0.0154583 -0.71893
-0.00721738 -0.0156945 -0.718696
-0.00678962 -0.0159042 -0.718479
-0.00633766 -0.0161003 -0.718291
-0.00584804 -0.0162775 -0.718131
-0.00534062 -0.0164367 -0.717981
-0.00482797 -0.016593 -0.717854
-0.00434214 -0.0167359 -0.717731
-0.00387199 -0.0169161 -0.717636
-0.00344677 -0.0171279 -0.717591
-0.00308448 -0.0173557 -0.717581
-0.00279545 -0.0175951 -0.717567
-0.00253214 -0.0178524 -0.717545
-0.00228736 -0.018076 -0.71751
-0.00205739 -0.0182721 -0.717466
-0.00186289 -0.0184605 -0.717421
-0.00168116 -0.018641 -0.717356
-0.00151723 -0.0187762 -0.717281
-0.00139323 -0.0188946 -0.717207
-0.00130113 -0.0190101 -0.717115
-0.00122613 -0.0191361 -0.717024
-0.00118231 -0.0192815 -0.716924
-0.00117854 -0.0194311 -0.716825
-0.00121481 -0.0195897 -0.716733
-0.00129098 -0.0197168 -0.716666
-0.00141612 -0.0198259 -0.71662
-0.00155803 -0.0199023 -0.716584
-0.00170548 -0.0199771 -0.716572
-0.00185162 -0.0200131 -0.716582
-0.0019727 -0.0200717 -0.716584
-0.00203918 -0.020123 -0.716616
-0.0020624 -0.0201522 -0.716635
-0.00203868 -0.0201586 -0.716653
-0.00197002 -0.0201669 -0.716654
-0.0018487 -0.0202173 -0.71666
-0.0016759 -0.0202807 -0.71668
-0.00145779 -0.0203597 -0.716725
-0.00121895 -0.0204195 -0.716785
-0.000942014 -0.0204759 -0.716882
-0.000640227 -0.0205004 -0.717008
-0.000313596 -0.0205175 -0.717116
4.35999e-05 -0.0205433 -0.717224
0.000424447 -0.0206196 -0.717321
0.000787332 -0.0206771 -0.717386
0.00114564 -0.0207027 -0.717386
0.00151421 -0.0206699 -0.717338
0.00186995 -0.0206259 -0.717247
0.00218875 -0.0205842 -0.717115
0.00247323 -0.0205592 -0.71693
0.00264848 -0.0203546 -0.716701
0.00281127 -0.0200814 -0.716402
0.00296332 -0.0197373 -0.716033
0.00311771 -0.0192946 -0.715568
0.00330336 -0.0188799 -0.715074
0.00350468 -0.0184031 -0.714575
0.00374508 -0.0179693 -0.714085
0.00406332 -0.0176594 -0.713638
0.00448159 -0.017497 -0.713265
0.00490984 -0.0174364 -0.712985
0.00544425 -0.0174184 -0.712773
0.00606692 -0.0174834 -0.712617
0.00675962 -0.0176142 -0.712531
0.00748734 -0.017821 -0.712467
0.00823108 -0.0180753 -0.712438
0.0091112 -0.018474 -0.71243
0.00997939 -0.0189412 -0.712476
0.0107694 -0.0194555 -0.712585
0.01147 -0.0200045 -0.712733
0.0120763 -0.0205073 -0.712901
0.0123707 -0.0207039 -0.713113
0.0125038 -0.0207392 -0.713379
0.0124732 -0.0205578 -0.713695
0.0122964 -0.0200933 -0.714062
0.0119503 -0.0193278 -0.714438
0.0115374 -0.0184331 -0.714811
0.0109688 -0.017237 -0.715194
0.0102865 -0.0157724 -0.715568
0.00947315 -0.0140776 -0.715946
0.0085624 -0.0121709 -0.716317
0.00759625 -0.0100652 -0.716718
0.00661602 -0.00783872 -0.717156
0.00563913 -0.00562457 -0.717651
0.00470282 -0.00353071 -0.718207
0.00385061 -0.00165775 -0.718824
0.00309637 -1.93438e-05 -0.71948
0.0024862 0.00135867 -0.720132
0.00204584 0.00242097 -0.720769
0.00176836 0.00310476 -0.721359
0.00162075 0.00346224 -0.721914
0.00161752 0.00355134 -0.722413
0.00169418 0.00349432 -0.722873
0.00184478 0.00333633 -0.723309
0.00201255 0.00307294 -0.723732
0.00220994 0.00269376 -0.724127
0.00241602 0.00221419 -0.724525
0.00264076 0.0017336 -0.724892
0.00290991 0.00129211 -0.725186
0.00324085 0.000883956 -0.725406
0.003588 0.000485591 -0.725527
0.00396682 5.02134e-05 -0.725539
0.00435147 -0.00041705 -0.725429
0.00473247 -0.000882683 -0.725204
0.00508195 -0.00138188 -0.724893
0.00538652 -0.00188359 -0.724522
0.0056357 -0.00237313 -0.724076
0.00588508 -0.00281993 -0.723594
0.00613043 -0.00323214 -0.723075
0.00637826 -0.00361828 -0.722527
0.00661469 -0.00401126 -0.721963
0.00682616 -0.00446439 -0.721398
0.00702627 -0.00495508 -0.720843
0.00719061 -0.00552553 -0.720298
0.00727635 -0.00618419 -0.719774
0.00728186 -0.00683628 -0.719266
0.00721895 -0.0075 -0.718773
0.00710106 -0.00809948 -0.718267
0.00693546 -0.00867269 -0.717752
0.00674058 -0.00927951 -0.717196
0.00654651 -0.00985417 -0.7166
0.00636201 -0.0103747 -0.715959
0.00617719 -0.0108958 -0.715298
0.00601181 -0.0113589 -0.714595
0.00585015 -0.0117697 -0.713873
0.00568516 -0.0120917 -0.713157
0.00552379 -0.0122894 -0.712434
0.00536603 -0.0123625 -0.711698
0.0051807 -0.012335 -0.71098
0.0049836 -0.0121929 -0.710306
0.00476564 -0.0119663 -0.709684
0.00456903 -0.0117088 -0.709112
0.0044222 -0.0113733 -0.708599
0.00435061 -0.0109846 -0.70817
0.00436161 -0.0105897 -0.707827
0.00446856 -0.0101588 -0.707574
0.00466036 -0.00974409 -0.707395
0.00492219 -0.00934116 -0.707318
0.00525359 -0.00891023 -0.707322
0.00563361 -0.00851179 -0.707393
0.00604931 -0.00815082 -0.707517
0.00648453 -0.00780398 -0.707707
0.0069428 -0.00752431 -0.707955
0.00742754 -0.00730268 -0.708271
0.00790541 -0.00711259 -0.708627
0.00838169 -0.00701919 -0.709021
0.00884542 -0.00697486 -0.709428
0.00930286 -0.00694461 -0.709864
0.00974599 -0.0069923 -0.710331
0.0101652 -0.00707058 -0.710788
0.0105589 -0.00716097 -0.711243
0.0108969 -0.00728595 -0.711684
0.0111983 -0.00740958 -0.712107
0.0114429 -0.00756107 -0.712514
0.0116199 -0.00777109 -0.712918
0.0117552 -0.00798431 -0.713302
0.0118396 -0.00819755 -0.71367
0.0118602 -0.00845179 -0.714037
0.0118485 -0.00868733 -0.714382
0.011801 -0.0088799 -0.714705
0.0117272 -0.00909166 -0.714966
0.0116394 -0.00927382 -0.715193
0.0115274 -0.00944568 -0.715388
0.0114004 -0.00966403 -0.715542
0.0112486 -0.00988953 -0.715655
0.0111042 -0.0101304 -0.715724
0.0109412 -0.0104279 -0.715755
0.0107583 -0.0107025 -0.715743
0.0105702 -0.0109784 -0.715701
0.0103935 -0.0112508 -0.715644
0.0102525 -0.0114975 -0.71557
0.0101573 -0.0117904 -0.715473
0.0100868 -0.0121014 -0.715348
0.0100504 -0.0124161 -0.715214
0.010057 -0.0127753 -0.715046
0.0101243 -0.0131225 -0.714868
0.0102629 -0.0134832 -0.714678
0.0104811 -0.0138267 -0.714506
0.0107242 -0.0140539 -0.714337
0.0109962 -0.0142329 -0.714161
0.0112977 -0.014323 -0.713985
0.0116315 -0.0143164 -0.713837
0.0120138 -0.0143524 -0.713741
0.012402 -0.0144393 -0.713657
0.012806 -0.0145222 -0.713588
0.0132345 -0.0146382 -0.713534
0.013709 -0.0147899 -0.713501
0.0142086 -0.0149093 -0.713484
0.0147397 -0.015006 -0.71345
0.0153032 -0.0151217 -0.713402
0.0158879 -0.0152546 -0.713342
0.0164461 -0.0153557 -0.713258
0.0169504 -0.0154885 -0.713195
0.0173903 -0.0156674 -0.713149
0.0177402 -0.0158348 -0.713122
0.017983 -0.0159961 -0.713111
0.0181412 -0.0161718 -0.713147
0.0182524 -0.0163238 -0.713201
0.0183244 -0.0164288 -0.713241
0.0183662 -0.0165326 -0.713269
0.0183965 -0.0166179 -0.713261
0.018432 -0.0166084 -0.713216
0.0184658 -0.0165352 -0.713142
0.0184496 -0.0164771 -0.713049
0.0183664 -0.016392 -0.712969
0.0182355 -0.0162388 -0.712944
0.0180914 -0.0160639 -0.713013
0.0179349 -0.0158826 -0.713133
0.0178185 -0.0156579 -0.713308
0.0178353 -0.0152537 -0.713552
0.0179001 -0.0148661 -0.713886
0.0179917 -0.0143858 -0.714283
0.0181116 -0.013729 -0.714739
0.018225 -0.0129553 -0.715228
0.0182267 -0.0122061 -0.715755
0.018051 -0.0115333 -0.71629
0.017834 -0.0107204 -0.716821
0.017249 -0.0103851 -0.717346
0.0164612 -0.0103202 -0.717803
0.0154905 -0.0105482 -0.718154
0.0143752 -0.0110339 -0.71838
0.0131517 -0.0117685 -0.718484
0.0118541 -0.0126624 -0.71847
0.0105191 -0.0136264 -0.718306
0.00920887 -0.0146482 -0.718045
0.00797538 -0.0157151 -0.71775
0.00689046 -0.0167873 -0.717441
0.00592663 -0.0179202 -0.717161
0.00523511 -0.0191132 -0.716934
0.00471618 -0.0202953 -0.716789
0.00433256 -0.0214431 -0.716718
0.00405352 -0.022529 -0.716681
0.00386524 -0.0234644 -0.716677
0.00382291 -0.024127 -0.716636
0.00396444 -0.0244247 -0.716536
0.00431365 -0.0243105 -0.716379
0.00473294 -0.0240809 -0.716179
0.00547702 -0.0234715 -0.715987
0.00648633 -0.0225184 -0.715827
0.00767594 -0.0212287 -0.71571
0.00900197 -0.019657 -0.715651
0.0104116 -0.0178547 -0.715629
0.01178 -0.0159283 -0.715642
0.0130569 -0.0139645 -0.715652
0.0142013 -0.0120746 -0.715594
0.0151632 -0.0102857 -0.715446
0.0159535 -0.00859662 -0.71521
0.0165479 -0.00705252 -0.714904
0.0169303 -0.00572467 -0.714531
0.0171198 -0.00465626 -0.714128
0.0172 -0.00390523 -0.713699
0.0171564 -0.00350865 -0.713259
0.0169935 -0.00339605 -0.71281
0.0167718 -0.00349149 -0.712351
0.016529 -0.00376601 -0.711895
0.0163295 -0.00418756 -0.711433
0.0161605 -0.00473036 -0.71096
0.0160358 -0.00536658 -0.710487
0.0159371 -0.00607988 -0.710014
0.0158788 -0.00686021 -0.709538
0.0158378 -0.00771136 -0.709038
0.0157947 -0.00862192 -0.708557
0.0157139 -0.00958382 -0.708097
0.0155964 -0.0105815 -0.707679
0.0154735 -0.0115997 -0.707308
0.0153627 -0.0126828 -0.706998
0.0153069 -0.0138047 -0.706707
0.0153402 -0.0149674 -0.706431
0.015471 -0.0161638 -0.706172
0.0156925 -0.0173661 -0.705922
0.0160025 -0.018558 -0.705686
0.0163894 -0.0197812 -0.705466
0.0166747 -0.0211546 -0.705303
0.0169788 -0.022517 -0.705185
0.0172878 -0.0238283 -0.705107
0.0176054 -0.0250894 -0.705076
0.0179305 -0.0263072 -0.705103
0.01826 -0.0274587 -0.70521
0.0187711 -0.0285151 -0.705405
0.0192749 -0.0295271 -0.70573
0.0197623 -0.0305346 -0.706169
0.0202469 -0.0315044 -0.706705
0.0207147 -0.0323971 -0.707345
0.021151 -0.0332187 -0.708073
0.0215973 -0.0339438 -0.708879
0.022067 -0.0345404 -0.70977
0.0225151 -0.0350183 -0.710722
0.0229535 -0.0353637 -0.711712
0.023386 -0.0355823 -0.712735
0.0238211 -0.0356607 -0.713746
0.0241989 -0.0356127 -0.714737
0.0245136 -0.0354388 -0.715727
0.0247826 -0.0351621 -0.716691
0.0249936 -0.0348224 -0.71762
0.0251343 -0.0344189 -0.718493
0.0252391 -0.0339793 -0.719291
0.0252793 -0.033518 -0.720037
0.0252719 -0.033055 -0.720711
0.025209 -0.032584 -0.721309
0.0251167 -0.0320986 -0.721809
0.024981 -0.0315857 -0.722229
0.0248298 -0.0311086 -0.722553
0.0246371 -0.0307406 -0.722784
0.0244712 -0.0304693 -0.722933
0.0243151 -0.0302736 -0.723032
0.0242062 -0.0301264 -0.72305
0.0241298 -0.0300414 -0.722999
0.024094 -0.0300368 -0.722897
0.0240996 -0.0301143 -0.722751
0.0241586 -0.030275 -0.722552
0.0242906 -0.0304892 -0.722298
0.0244867 -0.0307757 -0.722005
0.0247226 -0.0310876 -0.72168
0.025014 -0.0314454 -0.721318
0.0253671 -0.0318113 -0.720914
0.0257821 -0.0321953 -0.720492
0.0262362 -0.0325232 -0.720045
0.026724 -0.0328467 -0.719568
0.027252 -0.0331401 -0.71907
0.0278177 -0.0333992 -0.718548
0.0284068 -0.0336327 -0.718025
0.0290073 -0.0338959 -0.717488
0.0296429 -0.0341734 -0.716958
0.0302987 -0.0344484 -0.716454
0.0309566 -0.0347141 -0.71597
0.0316175 -0.0349493 -0.7155
0.0323114 -0.0351933 -0.715041
0.0330343 -0.0354073 -0.714616
0.0337661 -0.0356 -0.714224
0.0344761 -0.0358231 -0.713836
0.0352034 -0.0360814 -0.713503
0.0359144 -0.0364065 -0.713199
0.0365948 -0.0367377 -0.712939
0.0372229 -0.0370604 -0.712729
0.0378007 -0.0373614 -0.712555
0.0383436 -0.0376428 -0.712391
0.0388126 -0.0378623 -0.712244
0.0392284 -0.0380366 -0.712101
0.0395866 -0.0381765 -0.711964
0.0398718 -0.0382741 -0.711821
0.0401142 -0.0383635 -0.711652
0.040329 -0.0384846 -0.71146
0.0405058 -0.0386525 -0.711258
0.0406208 -0.0388139 -0.711056
0.0406904 -0.0389786 -0.71087
0.0407226 -0.039109 -0.710696
0.0407012 -0.0392594 -0.710549
0.0406116 -0.0394028 -0.710431
0.0404689 -0.0395831 -0.710339
0.0402662 -0.0397968 -0.710268
0.0400231 -0.0400301 -0.710221
0.0397373 -0.0402458 -0.710206
0.0394187 -0.040465 -0.71021
0.0390996 -0.0406843 -0.710228
0.0387948 -0.0409073 -0.710269
0.0384929 -0.0411174 -0.710327
0.0382052 -0.0413447 -0.710418
0.0379358 -0.0415913 -0.710535
0.0376873 -0.041862 -0.710671
0.0374596 -0.042093 -0.710825
0.0372771 -0.042269 -0.711041
0.0371175 -0.0423821 -0.71128
0.0369673 -0.0424493 -0.711551
0.0368466 -0.0424844 -0.711866
0.0367428 -0.0424959 -0.712225
0.0366298 -0.042519 -0.712599
0.0365358 -0.0424926 -0.712967
0.0364223 -0.0424431 -0.713333
0.0362708 -0.042361 -0.713702
0.0361183 -0.0422871 -0.714042
0.035926 -0.0422239 -0.714368
0.0356739 -0.042183 -0.714662
0.0353688 -0.0421076 -0.714931
0.0350208 -0.0420015 -0.715162
0.0346615 -0.0418576 -0.715356
0.0342736 -0.0417297 -0.715524
0.0338341 -0.0416115 -0.715627
0.0334054 -0.0415255 -0.715669
0.032999 -0.0414597 -0.715653
0.0326206 -0.0414038 -0.715586
0.0322324 -0.0413207 -0.715467
0.0318351 -0.0412524 -0.715287
0.0314652 -0.0411927 -0.715056
0.0311116 -0.0410944 -0.714768
0.0307375 -0.0410156 -0.714438
0.0303541 -0.0409943 -0.714077
0.0299931 -0.041041 -0.713672
0.0296426 -0.0411013 -0.713246
0.0293185 -0.0412507 -0.712802
0.0290201 -0.0414473 -0.712337
0.0287141 -0.0416283 -0.711862
0.028384 -0.0417587 -0.711382
0.0280113 -0.0417959 -0.710901
0.0275185 -0.0416662 -0.71045
0.0268623 -0.0413056 -0.710009
0.0260348 -0.0406631 -0.709599
0.0250165 -0.0397401 -0.709219
0.0237991 -0.0385693 -0.708848
0.0223304 -0.0370867 -0.7085
0.0207868 -0.0354615 -0.708192
0.0192166 -0.0336881 -0.707929
0.0176728 -0.031776 -0.707714
0.0162189 -0.0297408 -0.707553
0.0146867 -0.0274206 -0.707462
0.0132579 -0.0250428 -0.707441
0.0119254 -0.0226733 -0.707501
0.0110242 -0.020969 -0.707631
0.0102509 -0.0195634 -0.707829
0.00962111 -0.0184827 -0.708092
0.00914791 -0.0177368 -0.708447
0.00882909 -0.017311 -0.708878
0.00867408 -0.0171704 -0.709392
0.00831212 -0.016887 -0.709949
0.00806267 -0.0168106 -0.710569
0.00791422 -0.0168712 -0.711227
0.00810322 -0.0173024 -0.711946
0.00834858 -0.0177913 -0.71271
0.00865149 -0.0183614 -0.713483
0.00902838 -0.0190139 -0.714235
0.0094278 -0.0197276 -0.714972
0.00981878 -0.0204601 -0.715671
0.00997585 -0.020991 -0.716328
0.0101216 -0.0215724 -0.716928
0.0102424 -0.02223 -0.717483
0.0103292 -0.0229644 -0.717973
0.0103806 -0.0237436 -0.718404
0.010401 -0.0245262 -0.718771
0.0103626 -0.0252715 -0.719101
0.0102565 -0.0259772 -0.719376
0.0100376 -0.026724 -0.719589
0.00970311 -0.0275411 -0.719736
0.00926137 -0.0284093 -0.719826
0.00866828 -0.0293355 -0.719858
0.00798209 -0.0302338 -0.719838
0.00744284 -0.0312041 -0.719776
0.00687321 -0.0321251 -0.719675
0.0062838 -0.0329741 -0.719515
0.00568258 -0.0338011 -0.719297
0.0050636 -0.034578 -0.71899
0.00419532 -0.0352994 -0.718601
0.003266 -0.0360287 -0.71813
0.00227469 -0.0366823 -0.717566
0.00124505 -0.0372798 -0.716942
0.000193883 -0.0377979 -0.716238
-0.000839922 -0.0382138 -0.715471
-0.00182208 -0.0385567 -0.714644
-0.00274902 -0.0388143 -0.713787
-0.00360628 -0.038946 -0.712892
-0.00439673 -0.0389946 -0.711968
-0.00513751 -0.0389448 -0.711016
-0.00579484 -0.0387665 -0.710067
-0.00638026 -0.038502 -0.709154
-0.00690555 -0.0381691 -0.708276
-0.00738348 -0.0377644 -0.707424
-0.00779196 -0.0373804 -0.706608
-0.00811077 -0.0369915 -0.705849
-0.00835497 -0.0365655 -0.705178
-0.00853525 -0.0361612 -0.70457
-0.0086726 -0.035778 -0.70407
-0.00874722 -0.0354118 -0.703647
-0.00875633 -0.0350665 -0.703349
-0.00857916 -0.0347691 -0.703143
-0.00833201 -0.0345004 -0.703026
-0.00803314 -0.0343098 -0.702982
-0.00771053 -0.034152 -0.703031
-0.0074894 -0.0340224 -0.703138
-0.00727057 -0.0340053 -0.703289
-0.0070963 -0.0340361 -0.70348
-0.00695671 -0.0341413 -0.703696
-0.00687911 -0.0342879 -0.703956
-0.00684318 -0.034403 -0.704264
-0.00684726 -0.0345535 -0.704613
-0.00692385 -0.0346963 -0.70502
-0.00703824 -0.0348359 -0.705464
-0.00713045 -0.0349892 -0.705941
-0.00726972 -0.0351128 -0.706452
-0.00745768 -0.0352441 -0.706972
-0.00770723 -0.035364 -0.70749
-0.00801891 -0.0353991 -0.708008
-0.00848174 -0.035523 -0.708518
-0.00900533 -0.0355785 -0.708993
-0.00957148 -0.0355323 -0.709446
-0.0101718 -0.0354475 -0.709864
-0.0108249 -0.0352839 -0.710243
-0.0115311 -0.0350789 -0.710572
-0.0122692 -0.034869 -0.710865
-0.0130534 -0.034623 -0.711119
-0.013864 -0.0343615 -0.71133
-0.014696 -0.0340913 -0.71151
-0.0155325 -0.0337587 -0.711654
-0.0163434 -0.0333978 -0.711771
-0.0171356 -0.0329571 -0.711863
-0.0178829 -0.0324612 -0.711949
-0.0185671 -0.0319804 -0.712015
-0.019189 -0.0314735 -0.71206
-0.0197519 -0.0309935 -0.712077
-0.0202417 -0.0305395 -0.712096
-0.0206515 -0.0300331 -0.712097
-0.0209688 -0.0294994 -0.712101
-0.0211915 -0.0288918 -0.712113
-0.0213468 -0.0281973 -0.712122
-0.0214378 -0.0274907 -0.712125
-0.021465 -0.0267296 -0.712148
-0.0214461 -0.0259845 -0.71217
-0.0213707 -0.0253039 -0.71218
-0.0212263 -0.0246302 -0.712154
-0.0210409 -0.0240019 -0.712104
-0.0208384 -0.0234182 -0.712042
-0.0205963 -0.0228075 -0.711955
-0.02035 -0.0222181 -0.711886
-0.0201237 -0.0216953 -0.711822
-0.0199104 -0.021166 -0.71174
-0.0197065 -0.0206285 -0.711638
-0.0195297 -0.0201433 -0.711525
-0.0193929 -0.0196908 -0.711387
-0.0193117 -0.0192483 -0.711198
-0.019265 -0.0188682 -0.71096
-0.0192242 -0.0185703 -0.710677
-0.0192076 -0.0182954 -0.710377
-0.0192232 -0.0180108 -0.710053
-0.0192704 -0.01772 -0.709689
-0.0193236 -0.0173809 -0.709296
