%roll pitch yaw
0.0149331 -0.00369426 -0.883623
0.0151184 -0.00420672 -0.883854
0.0152939 -0.00478405 -0.884052
0.0155044 -0.00538449 -0.88423
0.0157761 -0.00597477 -0.884354
0.0161024 -0.00654062 -0.884426
0.0166848 -0.00732818 -0.884453
0.0172814 -0.00815724 -0.884398
0.017703 -0.00887426 -0.884261
0.018068 -0.00963454 -0.884052
0.0183333 -0.0103908 -0.88379
0.018501 -0.011129 -0.883492
0.0185825 -0.0118328 -0.883172
0.0185922 -0.0125026 -0.88282
0.018546 -0.0131856 -0.882438
0.0184627 -0.013882 -0.882035
0.0183504 -0.014598 -0.881627
0.0181838 -0.0153489 -0.88124
0.0179406 -0.0161716 -0.880862
0.0176193 -0.0170217 -0.880461
0.0172269 -0.017859 -0.880066
0.0167786 -0.0187088 -0.879704
0.0162761 -0.0195217 -0.87935
0.0157475 -0.020291 -0.878947
0.0152344 -0.0210484 -0.878497
0.0147509 -0.0217827 -0.878018
0.0142923 -0.022477 -0.877509
0.0138657 -0.0231045 -0.876963
0.0134702 -0.0236827 -0.876373
0.013093 -0.0241846 -0.875758
0.0127213 -0.0246002 -0.875147
0.0123847 -0.0249025 -0.874538
0.0120727 -0.0251396 -0.873957
0.0117617 -0.0253001 -0.8734
0.0114991 -0.0253753 -0.872873
0.0112884 -0.0253931 -0.872411
0.0111455 -0.0253941 -0.872021
0.0110937 -0.0253293 -0.871706
0.0111186 -0.0252305 -0.871446
0.0112398 -0.0251685 -0.871274
0.0114517 -0.0251424 -0.871173
0.011754 -0.0250818 -0.871138
0.0121374 -0.025027 -0.87118
0.0125903 -0.0250303 -0.871299
0.0131011 -0.0250854 -0.871491
0.01364 -0.0251767 -0.871759
0.0141961 -0.0253039 -0.872075
0.0147522 -0.0254968 -0.872454
0.0152566 -0.0257315 -0.872873
0.0157355 -0.0259714 -0.873323
0.0161894 -0.0262078 -0.873791
0.0166023 -0.0264949 -0.874284
0.0169648 -0.026839 -0.874789
0.0172841 -0.0271911 -0.875305
0.0175539 -0.0275527 -0.875804
0.0177613 -0.0279303 -0.876295
0.0179127 -0.0283006 -0.876775
0.0179905 -0.0286463 -0.877241
0.0179738 -0.028996 -0.877718
0.0178511 -0.0293466 -0.878194
0.0176609 -0.0296208 -0.878667
0.0174243 -0.029846 -0.879124
0.0171346 -0.0300638 -0.87957
0.0168238 -0.0302955 -0.879994
0.0165193 -0.0304884 -0.88037
0.0162116 -0.0306502 -0.880693
0.0158912 -0.030823 -0.880968
0.0155718 -0.0309915 -0.881208
0.0152632 -0.0311326 -0.881418
0.0149311 -0.0312546 -0.881624
0.0146035 -0.0313973 -0.881815
0.0143132 -0.0315217 -0.88198
0.0140314 -0.0316223 -0.882111
0.0137424 -0.0317328 -0.882232
0.0135056 -0.0319202 -0.882332
0.0133139 -0.0321849 -0.882411
0.0131293 -0.0324794 -0.882469
0.0129949 -0.0327504 -0.882499
0.0128974 -0.0329684 -0.882505
0.0128273 -0.0331717 -0.882497
0.0128162 -0.0333701 -0.882473
0.0128168 -0.0335395 -0.882441
0.0128644 -0.0336526 -0.882399
0.0129775 -0.0337069 -0.882329
0.0131112 -0.0337247 -0.882225
0.013301 -0.0337537 -0.882069
0.0135243 -0.0337855 -0.881878
0.0137292 -0.0337964 -0.88165
0.0139335 -0.0337289 -0.88138
0.0141117 -0.033611 -0.881102
0.0142437 -0.0335164 -0.88085
0.0143396 -0.0334585 -0.880575
0.0144071 -0.0334585 -0.880314
0.0144377 -0.0334684 -0.880042
0.0144782 -0.0334625 -0.879749
0.0145153 -0.0334534 -0.879449
0.0145296 -0.033437 -0.879118
0.0145258 -0.0334025 -0.878772
0.014468 -0.0333234 -0.878396
0.0143284 -0.033221 -0.877999
0.0141257 -0.0331567 -0.877578
0.0138273 -0.0331188 -0.877155
0.0134688 -0.033079 -0.876771
0.0130774 -0.0329992 -0.876409
0.0126265 -0.0328454 -0.876046
0.0122241 -0.032622 -0.875706
0.0118648 -0.0323686 -0.875365
0.0115505 -0.0321502 -0.875047
0.011297 -0.0319553 -0.874722
0.0110779 -0.0317031 -0.874425
0.0108751 -0.0313927 -0.874211
0.0106696 -0.031066 -0.874072
0.0104823 -0.0307413 -0.874022
0.0102908 -0.0304285 -0.874074
0.0101226 -0.0301146 -0.874239
0.00998505 -0.0297828 -0.874489
0.00987982 -0.0294419 -0.874833
0.00986001 -0.0291179 -0.875266
0.00991626 -0.0287809 -0.875746
0.01003 -0.0284121 -0.876285
0.0102123 -0.0279987 -0.876853
0.0104327 -0.027534 -0.877446
0.0106611 -0.0270435 -0.878041
0.0108661 -0.0265555 -0.878628
0.0110248 -0.0261447 -0.879186
0.0111069 -0.0258463 -0.879679
0.0110937 -0.0256766 -0.880079
0.01096 -0.0255947 -0.880395
0.0106915 -0.0255451 -0.88065
0.010308 -0.0254647 -0.880859
0.009835 -0.025353 -0.881025
0.009306 -0.0252169 -0.881174
0.00877741 -0.0250663 -0.881315
0.00827901 -0.0249209 -0.881392
0.00786997 -0.0247259 -0.881396
0.00760439 -0.0244245 -0.881324
0.00747118 -0.0239976 -0.881167
0.00745774 -0.0234279 -0.880967
0.0076016 -0.0226723 -0.880724
0.00792752 -0.0216022 -0.880448
0.00831278 -0.020343 -0.880157
0.00876503 -0.0189364 -0.879878
0.00929716 -0.0173683 -0.879612
0.00987719 -0.0156881 -0.879358
0.010485 -0.0139376 -0.879124
0.0111002 -0.0121397 -0.878881
0.0117095 -0.0103239 -0.878626
0.0121767 -0.00883858 -0.878317
0.0126166 -0.00741021 -0.877953
0.0130136 -0.00607258 -0.877492
0.0133634 -0.00494 -0.876946
0.0136678 -0.00410135 -0.87634
0.0139399 -0.00362474 -0.875693
0.0144393 -0.00297082 -0.875033
0.0148488 -0.00265375 -0.874391
0.015195 -0.00259342 -0.873755
0.0154536 -0.00274066 -0.873136
0.0153824 -0.0033397 -0.872529
0.0152626 -0.00401618 -0.871943
0.0151089 -0.00474872 -0.871365
0.0149329 -0.00552234 -0.870851
0.0149275 -0.00604372 -0.870404
0.0149447 -0.00661741 -0.870023
0.0149996 -0.00724523 -0.869711
0.0150987 -0.00791609 -0.869477
0.0152411 -0.00861954 -0.869284
0.0154203 -0.00931826 -0.869178
0.0156159 -0.00997939 -0.869143
0.0158437 -0.0106008 -0.869159
0.0160957 -0.0111386 -0.869242
0.0163848 -0.0116113 -0.869382
0.0167195 -0.0120488 -0.869616
0.0171028 -0.0124628 -0.869924
0.0175416 -0.0128719 -0.870297
0.0180551 -0.0132719 -0.870707
0.0186186 -0.0136438 -0.87115
0.0190971 -0.0141137 -0.871631
0.019631 -0.0145459 -0.872143
0.0201982 -0.0149479 -0.8727
0.0207884 -0.0153146 -0.873296
0.0213792 -0.0156435 -0.873906
0.0219499 -0.0159392 -0.874544
0.0226695 -0.0161226 -0.87522
0.023354 -0.0162799 -0.875948
0.0240094 -0.0164111 -0.876708
0.0245985 -0.016536 -0.877486
0.0251477 -0.016625 -0.878281
0.0256792 -0.016689 -0.879098
0.0261832 -0.0167232 -0.879924
0.0266422 -0.0167218 -0.880756
0.0270931 -0.0166781 -0.881585
0.0275275 -0.0165686 -0.882393
0.0279572 -0.0163742 -0.883185
0.0283676 -0.0160938 -0.883947
0.0287089 -0.0157408 -0.884663
0.0290261 -0.0153436 -0.885301
0.029272 -0.0149344 -0.885878
0.0294652 -0.0145268 -0.886408
0.0295869 -0.0141156 -0.886877
0.0296717 -0.0137163 -0.887282
0.02975 -0.0133184 -0.88762
0.0298287 -0.012924 -0.887874
0.0298854 -0.0125126 -0.888044
0.0299246 -0.01208 -0.888114
0.0299518 -0.0116562 -0.888108
0.0299726 -0.0112647 -0.888031
0.0299961 -0.0109151 -0.887912
0.0300124 -0.0106265 -0.887745
0.0300243 -0.0103777 -0.887547
0.0300472 -0.0101584 -0.887314
0.0301111 -0.00997435 -0.887066
0.030209 -0.00983291 -0.886798
0.0303506 -0.00973321 -0.886507
0.0305546 -0.00964745 -0.886193
0.0308333 -0.0095643 -0.885853
0.0311678 -0.00948437 -0.885493
0.0315462 -0.00941151 -0.885115
0.0319736 -0.00935073 -0.884732
0.0324308 -0.00926047 -0.884343
0.0329161 -0.00914708 -0.883963
0.0334189 -0.00900484 -0.883596
0.0339302 -0.00885288 -0.883241
0.0344514 -0.00866611 -0.88287
0.0349668 -0.00844656 -0.882494
0.0354814 -0.00819029 -0.882127
0.0360092 -0.00795941 -0.881761
0.0365459 -0.00779716 -0.881413
0.0370916 -0.00766761 -0.881092
0.037601 -0.00752561 -0.880791
0.0380834 -0.00736625 -0.880513
0.0385655 -0.00725007 -0.880269
0.0390339 -0.00717097 -0.880039
0.039477 -0.00713031 -0.879834
0.0398661 -0.00712703 -0.879663
0.0402128 -0.00717955 -0.87951
0.0405078 -0.0072893 -0.879398
0.040772 -0.00742303 -0.879299
0.0409859 -0.00758034 -0.879233
0.0411376 -0.00773798 -0.879172
0.0412615 -0.00789593 -0.879123
0.0413699 -0.00806846 -0.879073
0.0414538 -0.00826474 -0.879025
0.0414838 -0.00844222 -0.878996
0.0414839 -0.00859183 -0.878977
0.041451 -0.00871699 -0.878951
0.0414142 -0.00886732 -0.878936
0.0413318 -0.00906532 -0.878953
0.0412219 -0.00928826 -0.878967
0.04109 -0.00955043 -0.879001
0.0409246 -0.00982123 -0.879065
0.0407321 -0.010087 -0.87916
0.0405084 -0.010341 -0.87928
0.0402468 -0.0106027 -0.879415
0.0399734 -0.0108401 -0.879549
0.0396923 -0.0110801 -0.879691
0.0393851 -0.0113072 -0.879856
0.0390646 -0.0115354 -0.880036
0.0387352 -0.0117691 -0.880229
0.0383917 -0.012021 -0.88043
0.038057 -0.0122648 -0.880649
0.037728 -0.0124892 -0.880879
0.0374103 -0.0126564 -0.881124
0.0371094 -0.012813 -0.881394
0.0368236 -0.0129644 -0.881665
0.0365478 -0.0131222 -0.881951
0.0362928 -0.0132754 -0.882256
0.0360576 -0.0134126 -0.882574
0.0358298 -0.0135377 -0.88289
0.0356127 -0.0136473 -0.883189
0.0353956 -0.0137783 -0.883483
0.0351502 -0.0139078 -0.883745
0.0348663 -0.0140086 -0.88398
0.0345326 -0.0140566 -0.884194
0.034204 -0.0140919 -0.884363
0.0338423 -0.0140965 -0.884499
0.0334421 -0.0140978 -0.884606
0.0330492 -0.0140959 -0.884688
0.0326935 -0.0140984 -0.884725
0.0323379 -0.0140494 -0.884705
0.0319712 -0.0140033 -0.884628
0.03165 -0.0139802 -0.884465
0.0313554 -0.0139327 -0.884241
0.0310724 -0.0138521 -0.883966
0.0308024 -0.0137365 -0.883684
0.0305665 -0.0136786 -0.883392
0.0303599 -0.0137057 -0.883111
0.0301849 -0.0138186 -0.882797
0.0301133 -0.0140467 -0.882478
0.0301295 -0.0143231 -0.882178
0.0301937 -0.0146156 -0.881897
0.0302926 -0.0149019 -0.881652
0.0303919 -0.0151787 -0.881446
0.0304315 -0.0153754 -0.881259
0.0304012 -0.0155351 -0.881107
0.0302837 -0.0156662 -0.880993
0.0300401 -0.0157161 -0.880875
0.0296829 -0.0156075 -0.880754
0.0292423 -0.0153343 -0.88062
0.0286622 -0.014835 -0.880479
0.0278151 -0.0138975 -0.880348
0.026863 -0.0127175 -0.880244
0.0258077 -0.0112787 -0.88018
0.024659 -0.00963362 -0.880154
0.0234502 -0.00784589 -0.880184
0.0222347 -0.006013 -0.880279
0.0209021 -0.00392016 -0.880404
0.0195799 -0.00184145 -0.880577
0.0183259 0.000192631 -0.880789
0.0173215 0.00169341 -0.881059
0.0164076 0.00301143 -0.88134
0.0155676 0.004112 -0.881661
0.0148215 0.00493459 -0.881986
0.0141711 0.00549184 -0.882329
0.013644 0.0057917 -0.882695
0.0132414 0.00588802 -0.883101
0.0130015 0.00577979 -0.883537
0.0126213 0.00581254 -0.884019
0.0123655 0.0056483 -0.884526
0.012509 0.00512215 -0.885041
0.0127164 0.00459577 -0.885554
0.0126757 0.00427306 -0.886036
0.013002 0.00364199 -0.886465
0.0133789 0.00296961 -0.886811
0.0137804 0.00233097 -0.887066
0.0139599 0.00191537 -0.887226
0.0141422 0.00152896 -0.887283
0.0142858 0.00110536 -0.887266
0.0144072 0.000630027 -0.887177
0.0145085 9.99613e-05 -0.887036
0.0145587 -0.000442185 -0.886843
0.0145727 -0.000979331 -0.886611
0.0145455 -0.00145408 -0.886362
0.0144746 -0.00187609 -0.886084
0.0143448 -0.00228566 -0.885785
0.0141371 -0.00266532 -0.88544
0.0138327 -0.00304692 -0.885048
0.0134205 -0.00344856 -0.884628
0.0128905 -0.0039105 -0.884209
0.012252 -0.00439621 -0.883763
0.0115518 -0.00487692 -0.883294
0.0108377 -0.0053472 -0.882826
0.0103137 -0.0058779 -0.882367
0.00982013 -0.00636674 -0.881898
0.00934353 -0.00681144 -0.881411
0.00887892 -0.00724147 -0.880909
0.00824327 -0.00755875 -0.880377
0.00759843 -0.00782439 -0.879825
0.00695937 -0.00804305 -0.879246
0.00630358 -0.00817967 -0.878647
0.00565053 -0.00824473 -0.87803
0.00500198 -0.00829502 -0.877413
0.00439772 -0.00829586 -0.876812
0.0038382 -0.00822432 -0.87625
0.00336207 -0.00809282 -0.875725
0.00295954 -0.0079155 -0.875259
0.00261556 -0.00765885 -0.87484
0.0023454 -0.00732487 -0.874477
0.00215771 -0.00696158 -0.874182
0.00200745 -0.00662384 -0.873929
0.00189055 -0.00628244 -0.873737
0.00185044 -0.00593259 -0.873623
0.00186816 -0.00560884 -0.873579
0.00192193 -0.0053241 -0.873634
0.00202617 -0.00506919 -0.873753
0.00216014 -0.00481973 -0.873958
0.00232868 -0.00458889 -0.874238
0.0025148 -0.0043935 -0.874582
0.00273302 -0.00421281 -0.874945
0.00297482 -0.00404824 -0.875313
0.00320915 -0.00391999 -0.875684
0.00345146 -0.00383502 -0.876067
0.00367593 -0.00379588 -0.876446
0.00385012 -0.00379618 -0.876795
0.0039769 -0.00385127 -0.877128
0.00402829 -0.0038999 -0.877456
0.00398547 -0.00390968 -0.87776
0.00386003 -0.0038753 -0.878067
0.00365257 -0.00380972 -0.878357
0.00337663 -0.00374509 -0.878629
0.00302918 -0.00365128 -0.878872
0.00261595 -0.00351399 -0.879098
0.00216917 -0.00338416 -0.879309
0.00168307 -0.0032684 -0.879479
0.00115333 -0.00311782 -0.879603
0.000609179 -0.0029147 -0.879688
5.18374e-05 -0.00270778 -0.879721
-0.00052529 -0.0024975 -0.879714
-0.00112502 -0.00221684 -0.879664
-0.00169826 -0.00188742 -0.879588
-0.00224895 -0.00156554 -0.879469
-0.00279949 -0.00128236 -0.879334
-0.00333622 -0.00100352 -0.879144
-0.00385587 -0.000757028 -0.878927
-0.00434428 -0.000610551 -0.878714
-0.00482256 -0.000498624 -0.878506
-0.00525219 -0.000371389 -0.878321
-0.00561239 -0.000283057 -0.878149
-0.00591535 -0.000214485 -0.877986
-0.00617781 -0.000110483 -0.87783
-0.00636079 -1.26308e-05 -0.877666
-0.0064449 7.74713e-06 -0.877502
-0.00648082 4.97689e-06 -0.877316
-0.00646077 4.15932e-05 -0.877116
-0.0063867 0.000118877 -0.876922
-0.00629496 0.00022924 -0.87674
-0.00619272 0.000364567 -0.876581
-0.00606908 0.000560841 -0.876459
-0.0059447 0.000821588 -0.876347
-0.0058658 0.00105994 -0.87625
-0.005792 0.00120906 -0.876167
-0.00569698 0.00130432 -0.876085
-0.00561991 0.00140396 -0.876006
-0.00555233 0.00151585 -0.875934
-0.0054875 0.00160449 -0.875876
-0.00547753 0.00167003 -0.875816
-0.00548216 0.00174858 -0.875762
-0.00550245 0.00186956 -0.875712
-0.00559593 0.00198961 -0.875671
-0.00572911 0.00204802 -0.875619
-0.0058842 0.0020321 -0.875556
-0.00610241 0.00200048 -0.875468
-0.00635953 0.00200843 -0.875392
-0.00663011 0.00204917 -0.875306
-0.00693335 0.0020873 -0.875225
-0.00726318 0.0021309 -0.875135
-0.00759703 0.00220581 -0.875072
-0.00794167 0.00231599 -0.875031
-0.00831719 0.00242127 -0.875034
-0.0086913 0.00252797 -0.87508
-0.00906506 0.00267866 -0.875162
-0.00943912 0.00285839 -0.875305
-0.00978379 0.00303511 -0.875491
-0.0100988 0.00316902 -0.875702
-0.0103814 0.00326716 -0.875952
-0.0105816 0.0033862 -0.876232
-0.0107463 0.00352367 -0.876519
-0.0108562 0.00366725 -0.876846
-0.0108884 0.00378816 -0.87721
-0.0108887 0.0038775 -0.87764
-0.0107473 0.00404865 -0.878136
-0.010624 0.00426127 -0.878698
-0.0105719 0.00451942 -0.879337
-0.010583 0.00479211 -0.880037
-0.0107911 0.00503227 -0.880801
-0.0111264 0.00514283 -0.881576
-0.0115384 0.00512675 -0.882311
-0.0120031 0.00501926 -0.882976
-0.012246 0.00484099 -0.883536
-0.0124567 0.00456308 -0.883946
-0.0126652 0.00421936 -0.884228
-0.0128458 0.00384778 -0.88443
-0.0129651 0.00344698 -0.884562
-0.0130555 0.00303905 -0.884663
-0.013075 0.00262767 -0.884751
-0.0132232 0.00212871 -0.884856
-0.0133323 0.0016336 -0.884968
-0.0133483 0.00121433 -0.885064
-0.0132308 0.000937602 -0.885127
-0.0128177 0.00100411 -0.885178
-0.0122918 0.00128299 -0.885178
-0.0116365 0.00182434 -0.885132
-0.0108526 0.00262543 -0.885044
-0.00991206 0.00365675 -0.884911
-0.00883283 0.00485243 -0.884709
-0.00767025 0.00614606 -0.884416
-0.00644843 0.00770516 -0.884044
-0.00515997 0.00929693 -0.883602
-0.00385329 0.0108607 -0.883125
-0.00256975 0.0123348 -0.882626
-0.00158295 0.0132831 -0.882105
-0.000733604 0.0140421 -0.881593
-3.63884e-05 0.0145877 -0.881088
0.000514711 0.0149146 -0.880578
0.000913992 0.0150115 -0.880076
0.00117143 0.0148826 -0.879589
0.00163765 0.0149314 -0.879112
0.00198398 0.014816 -0.878647
0.00223011 0.0145534 -0.878202
0.00232119 0.0141438 -0.877771
0.00229169 0.013639 -0.877317
0.00192815 0.0128793 -0.876845
0.00148135 0.0121457 -0.876397
0.000965075 0.0114432 -0.87597
0.000403184 0.0107453 -0.875576
-1.97825e-05 0.0102289 -0.875256
-0.000448534 0.00969619 -0.874966
-0.000840926 0.00912773 -0.87473
-0.00120794 0.00855845 -0.874525
-0.00155716 0.0079654 -0.87434
-0.00187216 0.00737968 -0.87417
-0.00216112 0.00681989 -0.874019
-0.00239389 0.00625187 -0.873888
-0.00252594 0.00567569 -0.8738
-0.00256244 0.00506936 -0.873748
-0.00246911 0.00442134 -0.873737
-0.00224501 0.00372401 -0.873758
-0.00192363 0.00297748 -0.873803
-0.00148941 0.00219433 -0.873885
-0.000960994 0.00140569 -0.874022
-0.000375821 0.000645438 -0.874207
0.000250511 -6.93384e-05 -0.874445
0.000903597 -0.000792464 -0.874746
0.00160045 -0.00151482 -0.875093
0.00230706 -0.00225642 -0.875485
0.00303451 -0.00298712 -0.875916
0.00378827 -0.00368793 -0.876381
0.00454189 -0.00433598 -0.87691
0.0053066 -0.00492477 -0.877475
0.00603371 -0.00544863 -0.87808
0.00672801 -0.00591944 -0.878711
0.00738595 -0.00632947 -0.87936
0.00799964 -0.00669766 -0.880019
0.00858164 -0.00700718 -0.880696
0.00914255 -0.00724661 -0.881397
0.00963887 -0.00740357 -0.8821
0.0100858 -0.00749127 -0.882795
0.010441 -0.00753695 -0.883456
0.010714 -0.00754956 -0.884091
0.0108969 -0.00754187 -0.884673
0.0109644 -0.00750871 -0.8852
0.0109371 -0.00744175 -0.885687
0.0108213 -0.00734362 -0.886117
0.0106337 -0.00724467 -0.886459
0.0104105 -0.00715782 -0.886727
0.0101457 -0.00706678 -0.88691
0.00983744 -0.00694539 -0.88701
0.00950012 -0.00680225 -0.887034
0.00916751 -0.0066485 -0.886977
0.0088473 -0.00654903 -0.886873
0.00854073 -0.00648661 -0.886736
0.00824085 -0.00646317 -0.886554
0.00793597 -0.00646265 -0.886378
0.00767555 -0.00651355 -0.886194
0.00746957 -0.00661386 -0.886008
0.00730936 -0.00675863 -0.885825
0.00720493 -0.00690836 -0.88564
0.00718187 -0.00704019 -0.885449
0.00724561 -0.00713665 -0.885256
0.00741426 -0.00720519 -0.885046
0.00768578 -0.00725564 -0.884832
0.00806813 -0.00729295 -0.884621
0.00853637 -0.00728881 -0.884405
0.00909585 -0.00726904 -0.884186
0.00971447 -0.00720937 -0.883967
0.0103711 -0.00716371 -0.883737
0.0110517 -0.00713096 -0.883516
0.0117588 -0.00712678 -0.883313
0.0125113 -0.00709448 -0.883125
0.0132732 -0.0070164 -0.882969
0.0140349 -0.00690367 -0.882846
0.0148266 -0.00680784 -0.882752
0.0156411 -0.00671048 -0.882685
0.0164586 -0.00663028 -0.882638
0.0172547 -0.00659294 -0.882596
0.0180353 -0.00661401 -0.882575
0.018787 -0.00668454 -0.882553
0.0194935 -0.00681759 -0.88254
0.0201391 -0.00697339 -0.882525
0.0207243 -0.00713302 -0.882502
0.0212397 -0.00726554 -0.882463
0.0217162 -0.00740053 -0.882414
0.022119 -0.00755718 -0.882362
0.0224605 -0.00773409 -0.882292
0.0227428 -0.00790511 -0.882192
0.0229604 -0.00807499 -0.882061
0.023158 -0.00820893 -0.881927
0.0233235 -0.00832116 -0.881794
0.023459 -0.00838804 -0.881655
0.0235687 -0.00843877 -0.881514
0.0236503 -0.00842896 -0.881364
0.0237213 -0.00841401 -0.881231
0.023753 -0.00843395 -0.881148
0.0237629 -0.00848265 -0.881099
0.0237636 -0.00853065 -0.881054
0.0237853 -0.00857453 -0.88104
0.0238332 -0.00857363 -0.881046
0.0239101 -0.00854366 -0.881067
0.0240238 -0.00850897 -0.881101
0.0241661 -0.00849871 -0.881163
0.0243395 -0.00852771 -0.881252
0.0245602 -0.00858332 -0.881361
0.0248039 -0.00865296 -0.881491
0.02508 -0.00870004 -0.881637
0.0253638 -0.00875326 -0.881783
0.0256794 -0.00880547 -0.881943
0.0260056 -0.00889891 -0.882096
0.0263589 -0.00899824 -0.882231
0.0267135 -0.00909196 -0.882367
0.027083 -0.00914982 -0.882494
0.0274698 -0.00917703 -0.882598
0.0278762 -0.00919972 -0.882683
0.0283073 -0.00921577 -0.882719
0.0286981 -0.00922454 -0.882711
0.0290779 -0.00919608 -0.882669
0.0294009 -0.00912847 -0.882616
0.0296388 -0.00900476 -0.882518
0.0297989 -0.0088866 -0.882381
0.0298999 -0.0087835 -0.882185
0.0299535 -0.00866782 -0.88193
0.0299793 -0.00847343 -0.881614
0.0299956 -0.00823886 -0.881225
0.0300264 -0.00799086 -0.880793
0.0301178 -0.0077696 -0.880332
0.0302927 -0.00759954 -0.879873
0.0305813 -0.00752569 -0.879432
0.0309501 -0.00756114 -0.879033
0.031376 -0.00766664 -0.878724
0.0318631 -0.00784759 -0.878479
0.0324023 -0.00805321 -0.8783
0.0329927 -0.00827199 -0.878165
0.0336019 -0.00852033 -0.878052
0.0341971 -0.00883096 -0.877934
0.0347753 -0.0091326 -0.877832
0.0352987 -0.00941721 -0.877758
0.0357384 -0.0096964 -0.877747
0.0360378 -0.00993572 -0.877784
0.0362018 -0.0100464 -0.877878
0.0362562 -0.00996302 -0.878006
0.036181 -0.00963356 -0.87817
0.0358821 -0.00895131 -0.878367
0.0354946 -0.0080869 -0.878565
0.0350152 -0.00704007 -0.878754
0.0344646 -0.00580396 -0.878923
0.03381 -0.00429436 -0.879066
0.0330592 -0.00265212 -0.879205
0.0322208 -0.000969209 -0.879346
0.0313329 0.000672877 -0.879483
0.0304407 0.00228274 -0.879653
0.0295634 0.00387967 -0.879866
0.028714 0.00545781 -0.880088
0.0281838 0.00648653 -0.880333
0.0277521 0.00727615 -0.8806
0.0274278 0.00782794 -0.88088
0.0269121 0.00857375 -0.881161
0.0268315 0.00873602 -0.881458
0.0268699 0.00874895 -0.881758
0.0266988 0.00892901 -0.882089
0.0266895 0.00894808 -0.882449
0.0268222 0.00884976 -0.88281
0.0270673 0.00871057 -0.883168
0.027404 0.00859945 -0.883526
0.0278049 0.00849454 -0.883842
0.0282355 0.00837964 -0.884098
0.0286995 0.00818305 -0.884281
0.0292081 0.00787041 -0.88438
0.0297628 0.00750037 -0.884405
0.0303517 0.00713146 -0.884359
0.0309504 0.00677149 -0.884257
0.0315521 0.00645758 -0.88408
0.0321058 0.00616301 -0.883836
0.0326077 0.00583234 -0.883539
0.033039 0.00546193 -0.883182
0.0333911 0.00505601 -0.882808
0.0336729 0.00457971 -0.882448
0.0338946 0.00405809 -0.882089
0.0340835 0.00349059 -0.881725
0.034235 0.00290077 -0.88135
0.0343512 0.00228318 -0.880967
0.0343948 0.00167735 -0.880557
0.0343698 0.00104328 -0.880129
0.0342782 0.000420651 -0.879667
0.0341072 -0.00019856 -0.87918
0.0340531 -0.00089525 -0.878669
0.033779 -0.00150252 -0.878126
0.0334861 -0.00206168 -0.877567
0.0332058 -0.00256715 -0.877006
0.032978 -0.00306064 -0.876425
0.0327874 -0.00352311 -0.875852
0.0326351 -0.00390969 -0.875296
0.0325343 -0.00420645 -0.874756
0.0324585 -0.00443652 -0.874218
0.0323874 -0.00456375 -0.873685
0.0323132 -0.00458672 -0.873163
0.0322405 -0.00455638 -0.872638
0.0321843 -0.00448877 -0.872123
0.0321523 -0.00438608 -0.871649
0.0321617 -0.00423024 -0.871224
0.0322463 -0.00408015 -0.870858
0.0324056 -0.00394143 -0.870549
0.0326528 -0.0037828 -0.870322
0.0329733 -0.0036011 -0.870155
0.0333743 -0.00341636 -0.870055
0.0338561 -0.00325632 -0.870056
0.0344266 -0.00309028 -0.870132
0.0350636 -0.00292798 -0.870269
0.0357293 -0.0028082 -0.870468
0.0363982 -0.00274556 -0.870716
0.0370713 -0.00273602 -0.871003
0.0377052 -0.00276873 -0.871311
0.0382851 -0.00285037 -0.871649
0.0388408 -0.0029898 -0.872011
0.0393549 -0.0031636 -0.872374
0.0398182 -0.00334226 -0.872753
0.0402442 -0.0035327 -0.873131
0.0406359 -0.00375717 -0.873514
0.0409814 -0.00404276 -0.873901
0.0412837 -0.004332 -0.874254
0.041556 -0.00462869 -0.874591
0.0417936 -0.00493851 -0.874937
0.0419395 -0.00523599 -0.87528
0.0420413 -0.00549494 -0.875605
0.0421023 -0.00570867 -0.875899
0.0421059 -0.00593175 -0.876153
0.0420695 -0.00617239 -0.876377
0.0420273 -0.00637497 -0.876569
0.0419638 -0.00655535 -0.876705
0.0418917 -0.00676956 -0.8768
0.0418461 -0.00701362 -0.876866
0.0418113 -0.00723159 -0.876922
0.0417553 -0.00743444 -0.876951
0.0416752 -0.00767836 -0.876954
0.0415909 -0.00791102 -0.876952
0.0414832 -0.00808171 -0.876933
0.0413598 -0.00825477 -0.876906
0.0412585 -0.00850677 -0.876866
0.0411846 -0.00882633 -0.876833
0.0411234 -0.00915482 -0.876785
0.0410957 -0.00951348 -0.876741
0.0411246 -0.00990914 -0.876693
0.0411573 -0.0102962 -0.876628
0.0412088 -0.0106343 -0.876528
0.0413113 -0.0108827 -0.876398
0.0414051 -0.0110865 -0.876254
0.0414911 -0.0112932 -0.876086
0.0415871 -0.0114935 -0.87593
0.0416575 -0.0116462 -0.875778
0.0416971 -0.0116991 -0.875628
0.0417226 -0.0116858 -0.875501
0.0416986 -0.0116412 -0.875427
0.0416683 -0.0115985 -0.875386
0.0416295 -0.0115864 -0.875367
0.0415864 -0.0115584 -0.875357
0.0415686 -0.0115303 -0.8753
0.0415358 -0.0115077 -0.875204
0.0414736 -0.011522 -0.875082
0.0413882 -0.0115605 -0.874955
0.0412234 -0.0115776 -0.874822
0.0409586 -0.011542 -0.874712
0.0406142 -0.0115027 -0.87463
0.0401853 -0.0115393 -0.874597
0.0396581 -0.0116189 -0.874592
0.0391091 -0.0116978 -0.874621
0.0385283 -0.01173 -0.874648
0.0379313 -0.011726 -0.874648
0.0373571 -0.0117207 -0.874621
0.0367764 -0.0117398 -0.874585
0.0362144 -0.0117596 -0.874556
0.035669 -0.0117531 -0.874564
0.0350876 -0.0117069 -0.874627
0.0344965 -0.0116494 -0.874772
0.0339365 -0.0115967 -0.874989
0.0333925 -0.0115362 -0.875279
0.0329268 -0.0114711 -0.875621
0.0326795 -0.0112388 -0.876009
0.0324758 -0.0110071 -0.876442
0.0323694 -0.0107215 -0.876935
0.0323182 -0.0103044 -0.877506
0.0322677 -0.0097391 -0.878152
0.0321743 -0.00908162 -0.878859
0.0319395 -0.00844175 -0.879584
0.0315994 -0.00771878 -0.880309
0.0309918 -0.00732351 -0.880994
0.0301568 -0.00712659 -0.881611
0.029122 -0.0071467 -0.882149
0.0279261 -0.00737024 -0.882585
0.0265751 -0.00779223 -0.882911
0.0251401 -0.00838373 -0.883154
0.0236618 -0.00910801 -0.8833
0.0221978 -0.00990647 -0.883355
0.0208245 -0.0107369 -0.883362
0.0194455 -0.0116305 -0.883345
0.0184216 -0.0125996 -0.88333
0.0175887 -0.0136365 -0.883314
0.0169296 -0.0146802 -0.883269
0.0164051 -0.0156332 -0.883225
0.0160087 -0.0164341 -0.883217
0.0156973 -0.0170728 -0.883205
0.0155135 -0.0174858 -0.883161
0.0155203 -0.0175549 -0.883094
0.0155035 -0.0175418 -0.883011
0.0157338 -0.0171146 -0.882931
0.0163352 -0.0161247 -0.882859
0.0171233 -0.0148883 -0.882809
0.0180316 -0.0134284 -0.882779
0.0190501 -0.0117554 -0.882781
0.0201333 -0.00993269 -0.882788
0.021192 -0.00807123 -0.882798
0.0221442 -0.00625246 -0.882761
0.0229542 -0.00449141 -0.882649
0.023608 -0.00277665 -0.882436
0.0240841 -0.00115301 -0.88214
0.0243815 0.000330273 -0.881768
0.0245302 0.00159087 -0.881336
0.0245803 0.00258825 -0.880854
0.0245242 0.00326241 -0.88035
0.0243715 0.00362291 -0.879812
0.0241669 0.0037214 -0.87928
0.0239013 0.00361264 -0.878758
0.0236155 0.00338912 -0.878236
0.0233347 0.00306853 -0.877686
0.0230861 0.00268917 -0.877142
0.0228592 0.00226795 -0.876588
0.0226633 0.00181034 -0.876044
0.0224936 0.00131205 -0.87552
0.0223429 0.00076107 -0.875024
0.0222117 0.000126652 -0.874546
0.0220859 -0.000563466 -0.874094
0.0219645 -0.0013067 -0.873672
0.0218623 -0.00208857 -0.873263
0.0217847 -0.00287632 -0.872888
0.0217391 -0.00369 -0.872535
0.0217572 -0.00453427 -0.872191
0.0218083 -0.00539407 -0.871879
0.0219259 -0.00628792 -0.87161
0.0220962 -0.00724795 -0.871382
0.0223091 -0.00827699 -0.871205
0.0225584 -0.00932335 -0.871064
0.0228404 -0.010386 -0.870961
0.0231495 -0.0114334 -0.870902
0.0234848 -0.0124701 -0.870883
0.0238425 -0.0134747 -0.870915
0.0242346 -0.0144385 -0.871024
0.0246454 -0.0153671 -0.871224
0.0250687 -0.0162613 -0.871526
0.0254951 -0.0171115 -0.871936
0.0259136 -0.0178933 -0.872447
0.0263297 -0.0186292 -0.873062
0.0267204 -0.0192827 -0.87379
0.0270867 -0.0198306 -0.874603
0.027449 -0.0202586 -0.875488
0.0278067 -0.02061 -0.876426
0.0281942 -0.0208461 -0.8774
0.0285723 -0.0209631 -0.878393
0.0289455 -0.020949 -0.879398
0.0293088 -0.0208017 -0.880392
0.0296255 -0.0205138 -0.881374
0.0299107 -0.0201134 -0.882333
0.0301649 -0.0196343 -0.883257
0.0303509 -0.0190951 -0.884115
0.0304813 -0.0185228 -0.884914
0.030571 -0.0179581 -0.88565
0.0305966 -0.0173864 -0.886331
0.0305835 -0.016794 -0.886932
0.0305018 -0.0161772 -0.887429
0.0303764 -0.0155713 -0.887819
0.0302273 -0.0150067 -0.888109
0.0300906 -0.0145019 -0.888313
0.0299457 -0.0140703 -0.888431
0.0298084 -0.0137367 -0.888484
0.0297007 -0.0134926 -0.888449
0.0296319 -0.0133204 -0.888357
0.0295941 -0.0132351 -0.888194
0.0296097 -0.0132475 -0.887965
0.0296787 -0.0133522 -0.887681
0.0297758 -0.0135083 -0.887354
0.0299152 -0.0137178 -0.886974
0.0300903 -0.0139574 -0.886558
0.0303085 -0.014244 -0.886105
0.0305706 -0.0145443 -0.885623
0.0308801 -0.0148814 -0.885114
0.031236 -0.0152185 -0.88458
0.0316413 -0.0155787 -0.884037
0.032082 -0.0159395 -0.883486
0.0325628 -0.0162925 -0.882913
0.0330568 -0.0166108 -0.882315
0.0335471 -0.016899 -0.881732
0.0340594 -0.0171677 -0.881148
0.0345951 -0.0174549 -0.880584
0.0351279 -0.0177117 -0.880031
0.0356541 -0.0179716 -0.879501
0.036215 -0.0182518 -0.878994
0.0368096 -0.0185759 -0.878532
0.0374248 -0.0188934 -0.878129
0.0380286 -0.0192247 -0.877767
0.0386279 -0.0195391 -0.877438
0.0392318 -0.0198501 -0.877161
0.0398201 -0.020132 -0.876928
0.0403802 -0.0204014 -0.876744
0.0409064 -0.0206525 -0.876603
0.0413808 -0.0209092 -0.876495
0.0418091 -0.0211626 -0.876393
0.0421966 -0.0214095 -0.876303
0.0425337 -0.0216429 -0.87624
0.0428254 -0.021842 -0.876197
0.0430762 -0.0219874 -0.876143
0.0432996 -0.0220854 -0.876091
0.0434857 -0.022149 -0.876027
0.0436425 -0.022201 -0.875974
0.0437498 -0.0222932 -0.875919
0.0437981 -0.0224212 -0.875878
0.0437912 -0.0226129 -0.875866
0.0437056 -0.0228203 -0.875884
0.043541 -0.0230266 -0.875933
0.043327 -0.0231909 -0.876009
0.0430805 -0.0233336 -0.876081
0.042785 -0.0234551 -0.876169
0.0424823 -0.0235624 -0.876255
0.0422036 -0.0236862 -0.876387
0.0419415 -0.0238136 -0.876534
0.0416784 -0.0239686 -0.876676
0.041442 -0.0241623 -0.876842
0.0412277 -0.0243703 -0.877045
0.0410407 -0.0245415 -0.877271
0.0408751 -0.024701 -0.877501
0.0406983 -0.0248882 -0.877748
0.0405223 -0.0251212 -0.878008
0.0403471 -0.0253619 -0.878285
0.0401596 -0.0256033 -0.878587
0.0399426 -0.0258366 -0.878909
0.039726 -0.0260461 -0.879202
0.0395381 -0.0262632 -0.87946
0.0393389 -0.0264789 -0.879671
0.0391485 -0.0267012 -0.879828
0.0389699 -0.0268523 -0.87994
0.038848 -0.0269501 -0.880003
0.0387373 -0.0270049 -0.880027
0.0386019 -0.0270389 -0.880033
0.0384712 -0.0270774 -0.880013
0.038328 -0.0271182 -0.879976
0.03814 -0.0271009 -0.879929
0.0379061 -0.0270315 -0.879867
0.0376487 -0.0269676 -0.879775
0.037396 -0.0268977 -0.879652
0.0371625 -0.0268393 -0.879473
0.0369829 -0.0268015 -0.879251
0.0368888 -0.0267899 -0.879009
0.0369049 -0.0268624 -0.878766
0.0370481 -0.0269969 -0.878532
0.0372748 -0.0272076 -0.878319
0.0375776 -0.0274934 -0.87815
0.0379174 -0.0278172 -0.87801
0.0382553 -0.0280821 -0.877909
0.0385415 -0.0282748 -0.877845
0.0387496 -0.0284441 -0.877808
0.0388483 -0.0285402 -0.877767
0.0388079 -0.0285188 -0.877709
0.0386279 -0.0283619 -0.877648
0.0382895 -0.0280457 -0.877584
0.0377828 -0.0275431 -0.877513
0.0371177 -0.0268043 -0.877421
0.0361826 -0.0255659 -0.877321
0.0351409 -0.0240546 -0.877223
0.0340251 -0.0222761 -0.877123
0.0328655 -0.0203001 -0.87703
0.031698 -0.0181902 -0.876943
0.0305591 -0.0160443 -0.876896
0.0292944 -0.0135988 -0.876867
0.0280552 -0.0111464 -0.876891
0.0270958 -0.00923704 -0.876988
0.026227 -0.00751557 -0.877162
0.0254405 -0.00606444 -0.87742
0.0247423 -0.00496495 -0.877748
0.0241908 -0.004234 -0.878132
0.0238109 -0.00383619 -0.878552
0.0236255 -0.00377073 -0.878979
0.0232201 -0.00359725 -0.879409
0.022987 -0.00373543 -0.879836
0.0232145 -0.00439638 -0.880286
0.0235047 -0.00515801 -0.880731
0.0238608 -0.00604305 -0.881155
0.0242667 -0.00703103 -0.88157
0.0247102 -0.00808836 -0.881943
0.0251731 -0.0091672 -0.882233
0.0253914 -0.0100148 -0.882429
0.0256005 -0.0109558 -0.882545
0.0257865 -0.0119794 -0.882594
0.0259609 -0.0130103 -0.882591
0.0261224 -0.0140202 -0.88253
0.0262726 -0.0149613 -0.882405
0.0266066 -0.0160393 -0.882218
0.0269318 -0.0171236 -0.88198
0.0272233 -0.0182546 -0.881669
0.0273002 -0.019199 -0.881307
0.0272883 -0.0201407 -0.880924
0.0271512 -0.0210479 -0.880523
0.0270426 -0.0220007 -0.880113
0.0268302 -0.0228655 -0.879689
0.026543 -0.0236663 -0.879261
0.0261974 -0.0243684 -0.878821
0.0256488 -0.0249296 -0.878366
0.0251046 -0.0254999 -0.877922
0.0245702 -0.0261042 -0.877482
0.0240378 -0.0266981 -0.877046
0.0234869 -0.0272709 -0.876615
0.022917 -0.0278137 -0.876194
0.0223106 -0.0282915 -0.875775
0.0216619 -0.0286806 -0.875347
0.0209746 -0.0289917 -0.874892
0.0202835 -0.0292344 -0.874413
0.019637 -0.0293971 -0.873921
0.0190084 -0.0295064 -0.873444
0.0183994 -0.0295485 -0.872985
0.0178525 -0.0295128 -0.872562
0.0173727 -0.0294164 -0.872179
0.0169301 -0.0293031 -0.871839
0.0165569 -0.0291719 -0.871592
0.0162692 -0.0290062 -0.871404
0.016043 -0.0287682 -0.871291
0.0158958 -0.0285511 -0.871257
0.0158206 -0.028403 -0.871285
0.0158272 -0.0282834 -0.871401
0.0158871 -0.0281375 -0.871617
0.016017 -0.028028 -0.87193
0.0162044 -0.0280043 -0.872332
0.0164307 -0.0280225 -0.872795
0.0167042 -0.0280734 -0.87332
0.0170257 -0.0282167 -0.873889
0.0173893 -0.0284371 -0.874495
0.017755 -0.0286738 -0.875117
0.0181389 -0.028933 -0.875772
0.0185276 -0.0292393 -0.876423
0.0188862 -0.0295939 -0.877069
0.0191904 -0.0299574 -0.877699
0.0194479 -0.0303463 -0.878295
0.0196456 -0.0307738 -0.878853
0.0197921 -0.031203 -0.879376
0.0198525 -0.0315957 -0.879857
0.0198522 -0.0319657 -0.880299
0.0197967 -0.0323055 -0.880705
0.0196491 -0.0325604 -0.881081
0.0194058 -0.0327115 -0.88141
0.0191037 -0.0328318 -0.881679
0.0187401 -0.0329458 -0.881894
0.0183111 -0.0329958 -0.882064
0.0178411 -0.0330165 -0.882157
0.0173678 -0.0330449 -0.88219
0.016884 -0.0330116 -0.882169
0.0163734 -0.032881 -0.882099
0.0158605 -0.0327326 -0.881987
0.0153534 -0.0325721 -0.881827
0.0148288 -0.0323592 -0.881637
0.014294 -0.0321432 -0.881414
0.0137546 -0.0319929 -0.881165
0.0132415 -0.0318898 -0.880899
0.0127157 -0.0317882 -0.880637
0.0122391 -0.0316769 -0.880381
0.0118008 -0.031567 -0.880136
0.0113802 -0.0314801 -0.87991
0.011009 -0.0313803 -0.879681
0.0106979 -0.0312284 -0.879451
0.0104227 -0.0310482 -0.87922
0.0102132 -0.030867 -0.878978
0.0101003 -0.0307032 -0.878741
0.0100069 -0.0305513 -0.878488
0.00998654 -0.0303512 -0.878239
0.0100126 -0.030058 -0.877993
0.0100616 -0.0296885 -0.877742
0.0101551 -0.0292835 -0.877484
0.0102349 -0.0288975 -0.877207
0.010306 -0.0285251 -0.876962
0.0103775 -0.0281747 -0.876741
0.0104018 -0.027843 -0.876544
0.010412 -0.0275418 -0.876369
0.0103999 -0.027284 -0.876201
0.0103316 -0.027045 -0.876052
0.0102427 -0.0267732 -0.875904
0.0101276 -0.0264605 -0.87573
0.00999582 -0.026115 -0.875543
0.0098551 -0.0257947 -0.875332
0.00965018 -0.0255348 -0.875095
0.00938843 -0.0253453 -0.87485
0.00908328 -0.0251523 -0.874597
0.0086755 -0.0248938 -0.874366
0.00819418 -0.0245689 -0.874158
0.00766391 -0.0241976 -0.873963
0.00706381 -0.0238152 -0.873809
0.00647106 -0.0234528 -0.873702
0.00585924 -0.0230651 -0.873604
0.00525452 -0.0226047 -0.873523
0.00472514 -0.0220883 -0.873472
0.00422839 -0.0215655 -0.873439
0.00376961 -0.0210676 -0.87342
0.00335373 -0.0205773 -0.873431
0.00294606 -0.0200864 -0.873501
0.00256898 -0.0195615 -0.873637
0.00220346 -0.0190227 -0.87386
0.00183265 -0.0184898 -0.874193
0.00148434 -0.0179758 -0.874615
0.00115123 -0.0174737 -0.875109
0.00100768 -0.0168412 -0.875659
0.000933668 -0.0161728 -0.876257
0.00088101 -0.0154727 -0.876887
0.000811828 -0.0147843 -0.877534
0.000720799 -0.0141686 -0.878167
0.00045215 -0.0135986 -0.878776
7.03989e-05 -0.0131159 -0.879318
-0.000280451 -0.0127824 -0.879773
-0.000748632 -0.0125752 -0.880142
-0.00129667 -0.0125001 -0.880398
-0.00190093 -0.0125212 -0.880567
-0.00253308 -0.0125569 -0.880668
-0.0031331 -0.0125469 -0.880737
-0.0038337 -0.0125793 -0.88078
-0.00447699 -0.0125854 -0.880813
-0.00502087 -0.0125727 -0.880859
-0.00530046 -0.0124697 -0.880917
-0.00548574 -0.0122791 -0.880939
-0.00552399 -0.0120012 -0.880912
-0.00543621 -0.0116258 -0.880801
-0.00521801 -0.0110814 -0.880597
-0.005007 -0.0103746 -0.880303
-0.00464445 -0.00935785 -0.879941
-0.00413417 -0.00804599 -0.879522
-0.0034966 -0.00647183 -0.879082
-0.00275998 -0.00471121 -0.878653
-0.001955 -0.00289583 -0.878237
-0.00115452 -0.00112743 -0.877828
-0.000376122 0.000492382 -0.877441
0.000357119 0.00189539 -0.877063
0.00100783 0.0030447 -0.87667
0.00158958 0.00399934 -0.876243
0.00210825 0.00477367 -0.875764
0.00256302 0.00536965 -0.875265
0.00294585 0.00576821 -0.874748
0.00324704 0.00596613 -0.874216
0.00341419 0.00601543 -0.873691
0.00345511 0.00596643 -0.873203
0.00338653 0.00582752 -0.872756
0.00322586 0.00557254 -0.872327
0.00296129 0.00518305 -0.871902
0.00266179 0.00473788 -0.871494
0.0023274 0.00428546 -0.871098
0.00198156 0.00384283 -0.870715
0.00162813 0.00341571 -0.870363
0.00125529 0.00301572 -0.870089
0.000862453 0.00265465 -0.869855
0.000459451 0.00231818 -0.869682
5.24721e-05 0.00197656 -0.869568
-0.000338312 0.00160732 -0.869509
-0.000677676 0.00122505 -0.86951
-0.00095317 0.000790417 -0.869565
-0.00111053 0.000341269 -0.869665
-0.00114337 -0.00012064 -0.869806
-0.00106733 -0.000598399 -0.869975
-0.000987785 -0.00129474 -0.870159
-0.000728653 -0.00181815 -0.870384
-0.000410744 -0.00237029 -0.870635
-5.43473e-05 -0.00296559 -0.870928
0.000327895 -0.00357159 -0.871256
0.000742598 -0.00417956 -0.871635
0.00118897 -0.00475277 -0.872076
0.0016378 -0.00529725 -0.872562
0.00210624 -0.00583551 -0.873086
0.00256694 -0.00637656 -0.873679
0.003025 -0.00689641 -0.874313
0.00348065 -0.00738402 -0.875004
0.00392685 -0.00781816 -0.875735
0.00435088 -0.00820456 -0.876502
0.00477457 -0.00852685 -0.877288
0.00518041 -0.00877199 -0.878081
0.00557363 -0.00892126 -0.878894
0.00591857 -0.00898776 -0.8797
0.00621703 -0.00900067 -0.880472
0.00647571 -0.0089681 -0.881218
0.00663563 -0.00889204 -0.881929
0.00672349 -0.00876185 -0.882615
0.00674197 -0.00859902 -0.883252
0.00667226 -0.00839616 -0.883834
0.00655118 -0.00817498 -0.884357
0.00639081 -0.00794914 -0.884834
0.00618315 -0.00771345 -0.885253
0.00592994 -0.00744932 -0.885579
0.00563958 -0.00717326 -0.885832
0.00532819 -0.00689286 -0.885992
0.00501597 -0.006659 -0.886079
0.00468382 -0.00647271 -0.886095
0.00432479 -0.00633134 -0.886042
0.00394771 -0.00621526 -0.885926
0.00356128 -0.00613534 -0.885754
0.00319616 -0.00610019 -0.88553
0.00284866 -0.00609276 -0.885252
0.00252406 -0.00609703 -0.884949
0.00226188 -0.00614617 -0.88461
0.00206247 -0.00625616 -0.88428
0.00193822 -0.00642676 -0.883947
0.00188684 -0.006625 -0.883606
0.00188656 -0.00685128 -0.883273
0.0019467 -0.00707619 -0.882946
0.00204871 -0.00728602 -0.882632
0.00219162 -0.00745531 -0.882283
0.00237728 -0.00761784 -0.881932
0.00260445 -0.00771212 -0.8816
0.00286613 -0.00778709 -0.881263
0.00315125 -0.00781785 -0.880916
0.00346038 -0.00790671 -0.880606
0.00379467 -0.00803425 -0.88033
0.00413857 -0.00821994 -0.880064
0.00451328 -0.00840363 -0.879819
0.00489232 -0.00855747 -0.879597
0.00528067 -0.00871431 -0.879391
0.00569425 -0.0088784 -0.879206
0.00615139 -0.00902726 -0.879044
0.00662042 -0.00915601 -0.878933
0.00706952 -0.00929942 -0.878872
0.00748405 -0.00952612 -0.878843
0.00786282 -0.0097975 -0.878832
0.00821884 -0.0100952 -0.878835
0.00852584 -0.010397 -0.878872
0.00879936 -0.0106927 -0.878903
0.00904374 -0.010982 -0.878932
0.00927932 -0.0112329 -0.878963
0.00948253 -0.0114925 -0.879001
0.00967489 -0.0117522 -0.879018
0.00983245 -0.0120108 -0.879018
0.00995897 -0.0122467 -0.878974
0.010049 -0.0125015 -0.878905
0.0100913 -0.0127553 -0.878822
0.0100958 -0.0130296 -0.87872
0.0100912 -0.0132743 -0.878629
0.0100648 -0.0134916 -0.878543
0.0100067 -0.0136593 -0.878465
0.00991745 -0.0138503 -0.878412
0.00980355 -0.0140467 -0.878365
0.00967392 -0.0142774 -0.87833
0.00954034 -0.0144901 -0.878316
0.00941924 -0.0147081 -0.878307
0.00933798 -0.0148663 -0.878297
0.00930997 -0.0150092 -0.878302
0.00932032 -0.0151634 -0.878325
0.00936732 -0.015356 -0.878339
0.00945468 -0.0155739 -0.878342
0.00957268 -0.0157989 -0.878348
0.00971599 -0.0160066 -0.878355
0.0099033 -0.0161854 -0.878343
0.0101431 -0.0163927 -0.878334
0.0104026 -0.0166053 -0.878361
0.0106689 -0.0168465 -0.878399
0.0109544 -0.0170777 -0.878428
0.0112442 -0.0173002 -0.878461
0.0115373 -0.0174508 -0.878495
0.011798 -0.0175736 -0.87849
0.0120712 -0.0176804 -0.878441
0.0122963 -0.0178033 -0.878336
0.0125113 -0.0178843 -0.878168
0.0127098 -0.0179416 -0.877953
0.0128695 -0.0179534 -0.877691
0.013013 -0.017952 -0.877375
0.0131326 -0.0179422 -0.877023
0.0131142 -0.017715 -0.876626
0.0130737 -0.0173948 -0.876197
0.0130992 -0.017111 -0.875751
0.0131482 -0.0168024 -0.875291
0.0132411 -0.016533 -0.874857
0.0134072 -0.016393 -0.874485
0.0136898 -0.0163998 -0.874183
0.0140618 -0.0165615 -0.873969
0.0145057 -0.0167998 -0.873844
0.0148867 -0.0169722 -0.873786
0.015316 -0.01716 -0.873795
0.0157799 -0.0173747 -0.873845
0.0164 -0.0177782 -0.87392
0.0170057 -0.0182447 -0.874008
0.0175619 -0.0187287 -0.874099
0.0180151 -0.0192019 -0.874229
0.0183607 -0.0196675 -0.874407
0.0185659 -0.0200786 -0.874609
0.0184275 -0.0201007 -0.874839
0.0181581 -0.0198958 -0.87512
0.0177601 -0.0194085 -0.875442
0.0172228 -0.0186293 -0.87578
0.0166409 -0.0177369 -0.876134
0.0159225 -0.0165723 -0.876511
0.0150703 -0.0151637 -0.8769
0.0140918 -0.0135048 -0.877321
0.0130077 -0.011614 -0.877725
0.0118614 -0.00953274 -0.878132
0.0106961 -0.00738443 -0.878595
0.00956549 -0.00528601 -0.879106
0.00851403 -0.00333605 -0.879634
0.00759131 -0.001571 -0.88019
0.00681658 -1.08817e-05 -0.880752
0.00619501 0.00128926 -0.881327
0.00572177 0.0022405 -0.881877
0.00535556 0.00281556 -0.882401
0.00510908 0.0030891 -0.882898
0.00494965 0.00320929 -0.883371
0.00486879 0.0032265 -0.883837
0.00487425 0.00311565 -0.884292
0.00496291 0.00285493 -0.884755
0.00512578 0.00242062 -0.885205
0.00534129 0.00189667 -0.885645
0.00555389 0.00137933 -0.886034
0.00577506 0.000908056 -0.886333
0.005998 0.000456218 -0.886541
0.00621171 7.58781e-06 -0.886652
0.00645424 -0.000446903 -0.886627
0.00671653 -0.00092822 -0.886484
0.00699521 -0.00145422 -0.886234
0.00726358 -0.00200124 -0.885898
0.00750361 -0.00255013 -0.885484
0.00765955 -0.00306459 -0.885029
0.00773088 -0.00356812 -0.884535
0.00771904 -0.0040262 -0.884001
0.00762618 -0.0044407 -0.883438
0.00748478 -0.00488501 -0.882858
0.00731472 -0.00537011 -0.882269
0.00715977 -0.00588405 -0.881687
0.00698813 -0.00646877 -0.881137
0.00681658 -0.00711461 -0.880599
0.00662891 -0.00778343 -0.880081
0.00641534 -0.00844019 -0.879556
0.00617245 -0.0090672 -0.879023
0.00586598 -0.00970005 -0.878447
0.00552779 -0.0103194 -0.877826
0.00515804 -0.0108816 -0.877182
0.00476605 -0.0114181 -0.876517
0.00436153 -0.0119288 -0.875838
0.00395358 -0.0123954 -0.875153
0.00358312 -0.0127779 -0.874473
0.00323932 -0.0130921 -0.873798
0.00292129 -0.0133261 -0.873122
0.0026474 -0.0134351 -0.872473
0.00241942 -0.013441 -0.871839
0.00223485 -0.0133888 -0.871232
0.00208019 -0.0132871 -0.870666
0.00195992 -0.013099 -0.870168
0.00188379 -0.0128374 -0.869725
0.00185292 -0.012556 -0.869351
0.00185803 -0.0122639 -0.869059
0.00189028 -0.011942 -0.868855
0.00196886 -0.011616 -0.868729
0.00209547 -0.0113071 -0.868693
0.00226945 -0.0110074 -0.868748
0.00250288 -0.0107184 -0.868873
0.00279956 -0.0104466 -0.869068
0.00312502 -0.0102348 -0.86933
0.00347563 -0.0101026 -0.869652
0.00385318 -0.0100025 -0.870028
0.00422125 -0.00993559 -0.870441
0.00455633 -0.00991462 -0.870894
0.00485347 -0.00994438 -0.871358
0.00511665 -0.00998149 -0.871816
0.00533362 -0.0100341 -0.872266
0.00549681 -0.0101513 -0.872706
0.00564098 -0.0103021 -0.873151
0.00575387 -0.0104284 -0.873581
0.0058152 -0.0105611 -0.873984
0.0058467 -0.0107456 -0.874369
0.00582754 -0.0109735 -0.874756
0.00575807 -0.0111774 -0.875154
0.00563237 -0.0113613 -0.875542
0.00546973 -0.011549 -0.875901
0.00527436 -0.0117333 -0.876257
0.00503845 -0.0118764 -0.876577
0.00477533 -0.0119724 -0.87685
0.00450365 -0.0120764 -0.877079
0.00419634 -0.0122038 -0.877255
0.00387303 -0.0123459 -0.877388
0.00352986 -0.0125012 -0.877488
0.00318418 -0.0127018 -0.877533
0.00283687 -0.0129166 -0.877545
0.00247924 -0.0131099 -0.877527
0.00214695 -0.0132974 -0.87748
0.00184298 -0.0134952 -0.877403
0.00156938 -0.013668 -0.877317
0.00132557 -0.0138496 -0.87721
0.00113949 -0.0140992 -0.87708
0.000994684 -0.0143864 -0.876961
0.000881195 -0.014657 -0.87682
0.000832567 -0.0149481 -0.876669
0.000846999 -0.0152894 -0.87649
0.000902106 -0.0155942 -0.876332
0.000979156 -0.0157709 -0.876152
0.00111524 -0.0158783 -0.875972
0.00131253 -0.0159548 -0.875819
0.00151842 -0.0160029 -0.875686
0.00173919 -0.0160144 -0.875566
0.00200563 -0.01605 -0.875464
0.00228438 -0.0161617 -0.875379
0.00259924 -0.0163464 -0.875303
0.00293554 -0.0165103 -0.875246
0.00326377 -0.0166291 -0.875204
0.00361506 -0.0167264 -0.875162
0.00395919 -0.0168292 -0.875103
0.00430018 -0.0169717 -0.875041
0.00464492 -0.017145 -0.874978
0.00498548 -0.0173424 -0.874876
0.00526969 -0.0175444 -0.874756
0.00550744 -0.0177521 -0.874678
0.00566934 -0.0179689 -0.874624
0.00572894 -0.0181833 -0.874603
0.00574585 -0.0183544 -0.874613
0.00571866 -0.0184845 -0.874632
0.00563806 -0.0186168 -0.874651
0.00557593 -0.0187419 -0.874661
0.00552598 -0.0188206 -0.874667
0.00549386 -0.0188259 -0.874652
0.00549796 -0.0187706 -0.874618
0.00548627 -0.0186747 -0.87457
0.00548157 -0.0185764 -0.874539
0.00545966 -0.0184859 -0.874539
0.0053992 -0.018342 -0.874601
0.00531267 -0.0181209 -0.874731
0.00519255 -0.0178475 -0.874928
0.00506146 -0.0175761 -0.875194
0.00496587 -0.0173191 -0.87552
0.00489636 -0.0171069 -0.875862
0.00490577 -0.0168759 -0.87621
0.00511991 -0.0164702 -0.876575
0.00536587 -0.0160514 -0.876941
0.00561308 -0.0156001 -0.877325
0.00582767 -0.0151446 -0.877734
0.00593135 -0.014714 -0.878158
0.00588987 -0.0142575 -0.878583
0.00569173 -0.0139884 -0.878965
0.00531317 -0.0139144 -0.879281
0.00476423 -0.0140938 -0.879499
0.00409057 -0.0144784 -0.87962
0.00329117 -0.0149453 -0.879652
0.00247498 -0.0154148 -0.879624
0.00170205 -0.0158595 -0.87954
0.000914254 -0.0163617 -0.879427
0.000271065 -0.0167465 -0.879311
-0.000122572 -0.0170041 -0.879233
-0.000374229 -0.0172334 -0.879178
-0.000467118 -0.0174538 -0.879155
-0.000443971 -0.0176421 -0.879127
-0.000336009 -0.0177354 -0.879084
-0.000112359 -0.0176528 -0.878996
0.000225039 -0.017313 -0.878845
0.000534571 -0.0168794 -0.878609
0.00102379 -0.0161046 -0.878311
0.00170271 -0.0149883 -0.87799
0.00256973 -0.0135773 -0.877678
0.00346333 -0.0121936 -0.877386
0.00440857 -0.0107979 -0.877137
0.00535015 -0.00946348 -0.876942
0.00623736 -0.00823427 -0.876771
0.00726453 -0.00667877 -0.876596
0.00819388 -0.00524632 -0.876401
0.00900501 -0.00399307 -0.87614
0.00968502 -0.00302093 -0.875821
0.0102467 -0.0023204 -0.875444
0.0106793 -0.00185361 -0.87503
0.0109638 -0.00165192 -0.874609
0.0111228 -0.00170374 -0.874217
0.0111589 -0.00203137 -0.873818
0.0110903 -0.00256634 -0.873435
0.0109418 -0.00324826 -0.87307
0.0107701 -0.0040265 -0.872725
0.0105788 -0.00491534 -0.872361
0.010386 -0.00589309 -0.871983
0.0102027 -0.00692111 -0.871622
0.0100142 -0.00795063 -0.871269
0.00981395 -0.00895952 -0.87093
0.00957356 -0.00993344 -0.87063
0.00931044 -0.0108828 -0.870383
0.00892392 -0.0120274 -0.870197
0.00858772 -0.0132004 -0.870058
0.00841173 -0.0142154 -0.869978
0.00832858 -0.0152724 -0.869926
0.00835377 -0.0163466 -0.869884
0.0084899 -0.0174337 -0.869857
0.00863059 -0.0186642 -0.869841
0.00886266 -0.0198576 -0.86982
0.00914382 -0.0209925 -0.869824
0.00946028 -0.0221141 -0.869843
0.00979888 -0.0232148 -0.869901
0.010139 -0.0242956 -0.870005
0.0104959 -0.0253688 -0.870149
0.0108616 -0.0264203 -0.870335
0.0113923 -0.0273678 -0.870576
0.0119475 -0.0282791 -0.870874
0.012528 -0.0291404 -0.871231
0.0131276 -0.0299652 -0.871636
0.0137282 -0.0307581 -0.872079
0.0143272 -0.0314876 -0.872568
0.0148972 -0.032168 -0.873084
0.0154404 -0.0327797 -0.873634
0.0159399 -0.0333207 -0.874213
0.0164015 -0.03378 -0.874796
0.0167839 -0.0341545 -0.87541
0.0171302 -0.0344412 -0.876027
0.0174006 -0.0346416 -0.876635
0.0176163 -0.0347665 -0.877212
0.0178119 -0.0348341 -0.877774
0.0179483 -0.0348475 -0.878306
0.0180373 -0.0348115 -0.878781
0.0180623 -0.0347354 -0.879184
0.0180407 -0.0346751 -0.879535
0.0179835 -0.0346071 -0.879833
0.0178754 -0.0345162 -0.880041
0.0177164 -0.0344137 -0.880184
0.0175182 -0.0343002 -0.880259
0.0172648 -0.0341988 -0.880283
0.0169724 -0.0341678 -0.880236
0.0166288 -0.0341828 -0.880154
0.0162466 -0.03426 -0.880022
0.0158956 -0.0343813 -0.879866
0.0155635 -0.034521 -0.879666
0.0152767 -0.0346793 -0.879453
0.0150507 -0.034889 -0.879223
0.014886 -0.0351324 -0.878975
0.0148146 -0.0353984 -0.878702
0.0148337 -0.0356812 -0.878407
0.0149294 -0.0359499 -0.878115
0.0150764 -0.0362255 -0.877825
0.0152726 -0.0365063 -0.877549
0.0155079 -0.0368042 -0.877271
0.0157992 -0.0370833 -0.877009
0.0161441 -0.037381 -0.876743
0.016532 -0.0376618 -0.876479
0.0169864 -0.0379448 -0.876228
0.0175057 -0.0381842 -0.87599
0.0180949 -0.0383949 -0.875751
0.0187604 -0.0385719 -0.875506
0.0194843 -0.0387152 -0.875263
0.0202719 -0.0388685 -0.875039
0.0211305 -0.039032 -0.874837
0.021991 -0.0392244 -0.874679
0.0228235 -0.0394384 -0.874539
0.023659 -0.0396722 -0.874432
0.024483 -0.0398966 -0.874353
0.0252693 -0.0401322 -0.874307
0.0260061 -0.0403871 -0.874285
0.0266642 -0.0406852 -0.874272
0.0272611 -0.04099 -0.87427
0.0278146 -0.041282 -0.874271
0.0283199 -0.0415471 -0.874278
0.0287835 -0.0418074 -0.874268
0.0292135 -0.0420764 -0.874253
0.0295882 -0.0423396 -0.874207
0.0299255 -0.0425963 -0.874136
0.0302232 -0.04284 -0.874041
0.0304567 -0.0430853 -0.873918
0.0306605 -0.0433289 -0.873759
0.0308201 -0.0435586 -0.873606
0.0309147 -0.0437607 -0.873444
0.0309304 -0.0439738 -0.873293
0.0308702 -0.0441844 -0.873173
0.0307389 -0.0444287 -0.873069
0.0305636 -0.0447066 -0.87301
0.030334 -0.0450234 -0.872973
0.0300754 -0.0453294 -0.872963
0.0298009 -0.0456213 -0.872967
0.0295366 -0.0458429 -0.872978
0.0293132 -0.0460347 -0.873
0.0291286 -0.046196 -0.873025
0.0289769 -0.0464013 -0.87306
0.0288622 -0.0466179 -0.873103
0.0287707 -0.0468712 -0.873155
0.0287046 -0.0470766 -0.87323
0.0286927 -0.0471949 -0.873325
0.0287056 -0.0472246 -0.873466
0.0287545 -0.0471964 -0.87366
0.028833 -0.0471537 -0.873913
0.0289258 -0.0470695 -0.874215
0.0290193 -0.0469659 -0.874561
0.0291097 -0.0468505 -0.874945
0.0291817 -0.0467315 -0.875316
0.0292388 -0.0465945 -0.875678
0.029304 -0.0464514 -0.875994
0.0293488 -0.0462959 -0.876258
0.0293589 -0.0461822 -0.876467
0.0293653 -0.0460835 -0.876612
0.0293665 -0.0459791 -0.876705
0.0293393 -0.0458452 -0.87673
0.029285 -0.0456853 -0.876703
0.0292164 -0.0455107 -0.876635
0.0290823 -0.0453377 -0.876536
0.0288727 -0.045194 -0.876407
0.0286173 -0.0450325 -0.876215
0.0283076 -0.044903 -0.875967
0.0279262 -0.0448123 -0.875665
0.0275165 -0.0447542 -0.875331
0.0271031 -0.0447044 -0.874945
0.0267177 -0.0446724 -0.874501
0.0264135 -0.0446832 -0.874022
0.0261843 -0.044734 -0.873522
0.0259611 -0.0448429 -0.873012
0.0257901 -0.0450252 -0.872519
0.0256378 -0.0452885 -0.872022
0.0254378 -0.0455428 -0.871532
0.0252065 -0.0457964 -0.871065
0.0249269 -0.0460244 -0.870631
0.0245809 -0.0461723 -0.870196
0.024127 -0.046171 -0.869765
0.0235795 -0.0460103 -0.869364
0.0229039 -0.0456448 -0.868993
0.0220962 -0.0450571 -0.868677
0.0211528 -0.0442455 -0.868412
0.0200461 -0.0431966 -0.868221
0.0187713 -0.0418824 -0.868109
0.0173392 -0.040266 -0.86807
0.0158661 -0.038481 -0.868107
0.0143851 -0.0365667 -0.868202
0.0129735 -0.0345723 -0.868335
0.011666 -0.0325129 -0.868517
0.0102048 -0.0300511 -0.868728
0.00890268 -0.0276112 -0.868994
0.00780865 -0.0253558 -0.869312
0.00723634 -0.0240431 -0.869702
0.00683151 -0.0231227 -0.870137
0.00626346 -0.0220519 -0.870605
0.0058217 -0.0213435 -0.871139
0.00543999 -0.0209332 -0.871722
0.00514391 -0.0207989 -0.872354
0.00492289 -0.0208442 -0.873038
0.00478162 -0.0209769 -0.87376
0.0046826 -0.0211581 -0.874502
0.00462452 -0.021417 -0.875252
0.00460478 -0.0218162 -0.876012
0.00462948 -0.0223259 -0.876748
0.00467782 -0.0228753 -0.877451
0.00476407 -0.023443 -0.878095
0.00489709 -0.0240114 -0.878672
0.00506488 -0.0246398 -0.879136
0.00522373 -0.0253431 -0.879529
0.00533658 -0.0261176 -0.879841
0.00536071 -0.026916 -0.880071
0.00527934 -0.0276811 -0.880243
0.00506549 -0.0283819 -0.880357
0.00472453 -0.0290618 -0.880413
0.00425983 -0.0297728 -0.880405
0.00371806 -0.0305424 -0.880329
0.00314303 -0.0313637 -0.880204
0.00255367 -0.0322317 -0.880018
0.00209927 -0.0332021 -0.879792
0.0016 -0.0341258 -0.87953
0.00105641 -0.0350398 -0.879208
0.000454577 -0.035912 -0.878847
-0.000199775 -0.036691 -0.878421
-0.00113723 -0.037374 -0.877902
-0.00214336 -0.0380619 -0.877297
-0.00320683 -0.0387338 -0.876636
-0.00428195 -0.0393388 -0.875926
-0.00533079 -0.0398966 -0.875151
-0.00633112 -0.0404069 -0.87432
-0.00727533 -0.0408363 -0.873435
-0.00816306 -0.0411671 -0.872496
-0.00897234 -0.0414022 -0.871532
-0.00971199 -0.0415692 -0.870546
-0.0104124 -0.0416607 -0.869553
-0.011077 -0.0416397 -0.868575
-0.0117162 -0.0414896 -0.867611
-0.0123268 -0.0412543 -0.866665
-0.0128958 -0.0409668 -0.86575
-0.0134031 -0.0406223 -0.86486
-0.0138275 -0.0402574 -0.864015
-0.0141649 -0.0399201 -0.863255
-0.0144061 -0.0396167 -0.862575
-0.0145559 -0.0393128 -0.861986
-0.0146002 -0.0390603 -0.861491
-0.0145312 -0.0388471 -0.861093
-0.0143747 -0.0386387 -0.860803
-0.01403 -0.038453 -0.860601
-0.0136713 -0.0382842 -0.860488
-0.0133184 -0.0381749 -0.860452
-0.0129998 -0.0380975 -0.860474
-0.0127205 -0.0380391 -0.860528
-0.0125766 -0.0380182 -0.860623
-0.0124934 -0.0381026 -0.860767
-0.0124526 -0.0382376 -0.860962
-0.0124404 -0.0383747 -0.861215
-0.0124635 -0.0385399 -0.861515
-0.0125246 -0.0387231 -0.861873
-0.0126459 -0.0388783 -0.862261
-0.0128146 -0.0390235 -0.862688
-0.0130472 -0.0392043 -0.863163
-0.0133568 -0.0394255 -0.863696
-0.0136291 -0.0395911 -0.864257
-0.0139416 -0.0397747 -0.864839
-0.0143166 -0.0399881 -0.865426
-0.0147362 -0.0401821 -0.866024
-0.0152894 -0.0403814 -0.86662
-0.015885 -0.0405312 -0.867202
-0.0165298 -0.0406383 -0.867758
-0.0172137 -0.0406731 -0.868286
-0.0179286 -0.0406464 -0.86878
-0.0186762 -0.0406171 -0.869234
-0.0194422 -0.0406047 -0.869634
-0.0202228 -0.0405606 -0.869991
-0.0210066 -0.0404797 -0.870329
-0.0217862 -0.0403744 -0.870639
-0.0225423 -0.0402609 -0.870925
-0.023271 -0.0400765 -0.871195
-0.0239897 -0.0398135 -0.871441
-0.0246496 -0.0395118 -0.871673
-0.0252312 -0.0392081 -0.871887
-0.0257458 -0.0389031 -0.872059
-0.026196 -0.038566 -0.872198
-0.0265692 -0.0382072 -0.872317
-0.0268377 -0.0378204 -0.87241
-0.0270476 -0.0373329 -0.872467
-0.0272105 -0.0367636 -0.872526
-0.0272976 -0.0361992 -0.872596
-0.0273252 -0.0356142 -0.872664
-0.0272965 -0.0349868 -0.872744
-0.0272474 -0.0344172 -0.872807
-0.0271474 -0.0339399 -0.872847
-0.0269757 -0.0334857 -0.87289
-0.0267972 -0.0330063 -0.872899
-0.0265975 -0.0325281 -0.872892
-0.0263745 -0.0321036 -0.872862
-0.0261561 -0.0317127 -0.872804
-0.0259233 -0.0313147 -0.872728
-0.0257021 -0.0308771 -0.872606
-0.0255285 -0.0304316 -0.872444
-0.025362 -0.0300148 -0.872245
-0.0252196 -0.029662 -0.872001
-0.0251194 -0.0293791 -0.871738
-0.0250467 -0.0291232 -0.87142
-0.0249903 -0.0288526 -0.871058
-0.0249555 -0.0285815 -0.870667
-0.0249666 -0.0283071 -0.870283
-0.0250047 -0.0279857 -0.869899
-0.0250608 -0.0276283 -0.869502
-0.0251338 -0.0272442 -0.869117
-0.0252127 -0.0268605 -0.868754
