%roll pitch yaw
0.022287 -0.0044983 -0.818055
0.0227893 -0.00500773 -0.818047
0.0233408 -0.00559523 -0.817989
0.0238876 -0.00619549 -0.817882
0.0243834 -0.00680453 -0.817726
0.0247759 -0.00738499 -0.817519
0.0250633 -0.00796789 -0.817263
0.0252398 -0.00851819 -0.81697
0.0253302 -0.00909991 -0.81666
0.0253847 -0.00969286 -0.816309
0.0254169 -0.01034 -0.815943
0.0253988 -0.0110492 -0.815576
0.0253288 -0.0117837 -0.815237
0.0251967 -0.0125606 -0.8149
0.024991 -0.0133165 -0.814578
0.0247124 -0.0140447 -0.81423
0.0243627 -0.0147516 -0.813872
0.0239653 -0.0154155 -0.813501
0.0235451 -0.0160798 -0.8131
0.0231416 -0.0167237 -0.81267
0.0227713 -0.0173012 -0.812196
0.0224348 -0.0178355 -0.81168
0.0221329 -0.0183306 -0.81115
0.0218555 -0.0187386 -0.810587
0.0216129 -0.0190988 -0.809993
0.0213967 -0.0193791 -0.809402
0.021179 -0.0195569 -0.808806
0.0209921 -0.0196774 -0.80822
0.0208234 -0.0197171 -0.807655
0.0206866 -0.0196464 -0.807123
0.0205866 -0.019534 -0.806654
0.020527 -0.0193633 -0.80625
0.0205449 -0.0191265 -0.805915
0.0206411 -0.0188856 -0.805629
0.020811 -0.0186848 -0.805398
0.0210677 -0.0184932 -0.805246
0.0214389 -0.0183246 -0.805197
0.0219115 -0.0181419 -0.805229
0.0224638 -0.0179412 -0.80534
0.0230573 -0.0178063 -0.80551
0.0236731 -0.0177221 -0.805746
0.0243062 -0.0176519 -0.80604
0.0249241 -0.0176191 -0.806367
0.0255257 -0.017629 -0.806716
0.0260723 -0.0176616 -0.807097
0.0265799 -0.0177436 -0.807505
0.0270452 -0.0178721 -0.807945
0.0274561 -0.0180419 -0.808383
0.027803 -0.0182657 -0.808846
0.0280652 -0.0185184 -0.80932
0.0282729 -0.0187371 -0.809806
0.028396 -0.0189622 -0.810262
0.0284411 -0.0191827 -0.810677
0.0284202 -0.0193576 -0.811063
0.028339 -0.0195325 -0.811418
0.028181 -0.0196839 -0.811761
0.0279628 -0.0198137 -0.812069
0.0277268 -0.0199702 -0.812377
0.0274865 -0.0201147 -0.812654
0.027216 -0.020241 -0.812877
0.0269168 -0.0203772 -0.813077
0.0266008 -0.0204495 -0.813271
0.0262931 -0.0204733 -0.813444
0.0259929 -0.0205062 -0.813604
0.0256844 -0.0205081 -0.813744
0.0253674 -0.0205434 -0.813867
0.0250715 -0.02064 -0.813959
0.0248311 -0.0207319 -0.814029
0.0246695 -0.0208701 -0.814076
0.0245558 -0.0210666 -0.814131
0.0244703 -0.0212573 -0.814171
0.0244271 -0.0214302 -0.814189
0.0244211 -0.0216268 -0.814183
0.0244329 -0.0218356 -0.814163
0.0244333 -0.0219991 -0.814134
0.0244619 -0.0221561 -0.814092
0.0245097 -0.0223527 -0.814028
0.0245495 -0.0225407 -0.81397
0.02458 -0.0226571 -0.813916
0.0246229 -0.0226794 -0.813846
0.024669 -0.0226642 -0.813753
0.0247287 -0.0226047 -0.81364
0.0248177 -0.0224807 -0.813483
0.0249258 -0.0223633 -0.813281
0.0250132 -0.0223194 -0.813037
0.0250873 -0.0223311 -0.812759
0.0251254 -0.0223515 -0.812438
0.0251004 -0.022352 -0.812112
0.0249924 -0.022349 -0.811808
0.0248321 -0.0222885 -0.811536
0.0246082 -0.0221692 -0.811288
0.0243314 -0.0220329 -0.81104
0.0240384 -0.0219722 -0.810806
0.0237476 -0.0219525 -0.810578
0.0234359 -0.0219291 -0.810331
0.0230959 -0.02188 -0.810051
0.0227265 -0.021819 -0.809732
0.0223162 -0.0217188 -0.809388
0.0218306 -0.0215514 -0.809062
0.0213011 -0.0213703 -0.808761
0.0207587 -0.0212057 -0.808498
0.0201951 -0.0210298 -0.808269
0.0196305 -0.0208057 -0.808115
0.0190963 -0.020547 -0.808006
0.0186159 -0.0202988 -0.807925
0.0181717 -0.0200627 -0.807883
0.0177679 -0.0198059 -0.80788
0.0174401 -0.0195461 -0.807936
0.0171619 -0.0192956 -0.80806
0.0169505 -0.0190412 -0.808271
0.0168871 -0.018629 -0.808585
0.0168812 -0.0181979 -0.809005
0.0168931 -0.0177111 -0.80956
0.0169313 -0.0171253 -0.81022
0.016963 -0.0164635 -0.810915
0.0168906 -0.0158563 -0.811606
0.0166743 -0.0153152 -0.812249
0.0162978 -0.0149144 -0.812836
0.0156971 -0.0146875 -0.813362
0.0149253 -0.0146012 -0.813805
0.0140125 -0.0147013 -0.814184
0.0129777 -0.0149337 -0.814496
0.0118495 -0.0152375 -0.814751
0.0106569 -0.0156028 -0.814944
0.00948532 -0.0160146 -0.81507
0.00838373 -0.0164648 -0.815142
0.00726463 -0.0170451 -0.815173
0.00626839 -0.0176516 -0.815156
0.00560586 -0.0181479 -0.815107
0.00505835 -0.0185433 -0.815026
0.00461402 -0.0188204 -0.814929
0.00427339 -0.018945 -0.814819
0.00406195 -0.0188703 -0.814714
0.00397261 -0.0185144 -0.81459
0.00403237 -0.017873 -0.81445
0.00413828 -0.017121 -0.814286
0.00446384 -0.0160112 -0.814093
0.00498343 -0.014575 -0.813894
0.00570765 -0.0128921 -0.813683
0.0065839 -0.0110437 -0.813448
0.00755223 -0.0091055 -0.813204
0.00852546 -0.00715684 -0.812958
0.00942881 -0.00526085 -0.812715
0.0101662 -0.00347493 -0.812442
0.0107052 -0.00180314 -0.812092
0.0110737 -0.000316098 -0.811678
0.0113254 0.000904141 -0.811207
0.0114665 0.00181393 -0.810696
0.0114652 0.00241075 -0.810172
0.0113975 0.00269666 -0.809639
0.0112905 0.00270835 -0.809094
0.0111078 0.00252322 -0.808581
0.0108522 0.00220823 -0.808081
0.0105446 0.00178883 -0.807599
0.0102307 0.00129967 -0.807124
0.00992018 0.000736451 -0.806654
0.00963499 0.000133963 -0.806189
0.00936094 -0.000495212 -0.805752
0.00912214 -0.00114429 -0.805346
0.00887877 -0.00177849 -0.804947
0.00862498 -0.00241488 -0.804577
0.00836172 -0.00304877 -0.804278
0.00808654 -0.00365895 -0.804033
0.00781456 -0.0042753 -0.803858
0.00759439 -0.00492562 -0.803749
0.0074339 -0.00558021 -0.8037
0.00734907 -0.0062181 -0.803688
0.00736704 -0.00684988 -0.803724
0.00736812 -0.00764365 -0.803796
0.00744413 -0.00843823 -0.803887
0.00756237 -0.00923566 -0.803995
0.00771439 -0.0100303 -0.804132
0.00786968 -0.0108093 -0.804291
0.00803745 -0.0115757 -0.804502
0.00836233 -0.012241 -0.804764
0.00867965 -0.0128787 -0.805076
0.00902285 -0.0134625 -0.805445
0.00937716 -0.014002 -0.805884
0.00974877 -0.014521 -0.806403
0.0101031 -0.0150112 -0.807013
0.0104382 -0.0154733 -0.807682
0.0107661 -0.015906 -0.80842
0.0110823 -0.0162951 -0.809239
0.0113931 -0.0166147 -0.810126
0.0116863 -0.016836 -0.811068
0.0119964 -0.0169769 -0.812029
0.0122995 -0.0170297 -0.812996
0.0125817 -0.0169931 -0.81396
0.0128545 -0.0168503 -0.814907
0.0130902 -0.0166269 -0.815822
0.0132372 -0.0163674 -0.816696
0.0133328 -0.016063 -0.817541
0.0133671 -0.015717 -0.81832
0.0133231 -0.0153272 -0.819044
0.0132398 -0.0149375 -0.819703
0.0131425 -0.0145563 -0.820296
0.0130048 -0.0141809 -0.820813
0.0128084 -0.0137722 -0.821245
0.0125822 -0.0133479 -0.821589
0.0123442 -0.0129275 -0.821842
0.0121096 -0.01255 -0.821994
0.0118726 -0.0122315 -0.822098
0.0116405 -0.0119784 -0.822142
0.0114111 -0.0118086 -0.822109
0.011211 -0.0117007 -0.822014
0.0110367 -0.011622 -0.821864
0.0109147 -0.0115983 -0.82168
0.0108295 -0.0116477 -0.821447
0.0108015 -0.0117596 -0.821182
0.01083 -0.0118924 -0.820885
0.0108919 -0.0120521 -0.820574
0.0110026 -0.0122195 -0.820235
0.0111565 -0.0124094 -0.819863
0.0113512 -0.0125935 -0.81948
0.0115753 -0.0127616 -0.81908
0.0118375 -0.012933 -0.818668
0.0121302 -0.013112 -0.818238
0.012454 -0.0132808 -0.8178
0.0128118 -0.0134464 -0.817354
0.0131881 -0.013564 -0.816915
0.0135674 -0.013669 -0.816493
0.0139573 -0.0137371 -0.816072
0.0143688 -0.0138189 -0.815664
0.0148001 -0.0139363 -0.815257
0.0152196 -0.0140751 -0.814861
0.0156313 -0.0142261 -0.814492
0.0160468 -0.014418 -0.814159
0.0164623 -0.0146623 -0.813862
0.0168754 -0.0149321 -0.813593
0.0172598 -0.015178 -0.813358
0.0176441 -0.0154232 -0.81314
0.0180135 -0.0156605 -0.812963
0.018363 -0.0158942 -0.812803
0.0186976 -0.0161187 -0.81268
0.0190087 -0.0163504 -0.812576
0.0192915 -0.0166006 -0.812507
0.0195379 -0.0168469 -0.812455
0.019752 -0.0170836 -0.812388
0.0199205 -0.0173043 -0.8123
0.020037 -0.0174746 -0.812206
0.0201276 -0.0175847 -0.812096
0.0201988 -0.0176684 -0.811979
0.0202328 -0.0177739 -0.811872
0.0202243 -0.017943 -0.81177
0.0201731 -0.0181589 -0.811688
0.0200766 -0.0184176 -0.811615
0.0199174 -0.0187276 -0.811566
0.0197191 -0.019022 -0.811514
0.019489 -0.0193033 -0.811464
0.0192405 -0.0195402 -0.811412
0.0189971 -0.0197675 -0.811356
0.0187677 -0.019992 -0.811305
0.0185655 -0.0202212 -0.811265
0.0183564 -0.0204663 -0.811246
0.0181577 -0.0207188 -0.811266
0.0179808 -0.0209865 -0.811316
0.0178263 -0.0212017 -0.811376
0.0176892 -0.0213955 -0.811478
0.017562 -0.0215331 -0.811605
0.0174453 -0.0216773 -0.811758
0.0173532 -0.0218242 -0.811914
0.0172807 -0.0219932 -0.812075
0.017227 -0.0221205 -0.812244
0.0172059 -0.0222407 -0.812403
0.0171841 -0.0223343 -0.812545
0.0172021 -0.0224199 -0.812656
0.0172527 -0.0224994 -0.812738
0.0172861 -0.0225533 -0.812794
0.0173086 -0.0225472 -0.812824
0.0173299 -0.0225021 -0.812843
0.0173198 -0.0224423 -0.812851
0.01724 -0.0223767 -0.812838
0.0171043 -0.0223173 -0.812802
0.0169568 -0.0222138 -0.812706
0.0167955 -0.0220694 -0.81255
0.016627 -0.0218811 -0.812348
0.0164784 -0.0216848 -0.812102
0.0163636 -0.0214684 -0.811829
0.0163155 -0.0213064 -0.811549
0.0163247 -0.0212032 -0.811287
0.0163843 -0.0212213 -0.811091
0.0165157 -0.0213377 -0.810968
0.0166929 -0.0215384 -0.810928
0.0168909 -0.0217712 -0.810963
0.0171412 -0.0220085 -0.811037
0.0174205 -0.0222334 -0.811085
0.0176822 -0.0224512 -0.811127
0.017881 -0.0226827 -0.811151
0.0180243 -0.0229207 -0.811171
0.0180838 -0.0231373 -0.811213
0.0180306 -0.0232725 -0.811271
0.0178927 -0.0232982 -0.811344
0.0176392 -0.0231333 -0.811489
0.017065 -0.0224927 -0.811692
0.0163706 -0.0216037 -0.811937
0.0155445 -0.0204336 -0.812211
0.0146008 -0.0189907 -0.812509
0.0135587 -0.0173349 -0.81282
0.0124541 -0.0155323 -0.813146
0.0112021 -0.013491 -0.813466
0.00993924 -0.0112908 -0.813771
0.00870245 -0.00899815 -0.814098
0.00779605 -0.0071209 -0.81447
0.00702054 -0.00545123 -0.814893
0.00640577 -0.00403853 -0.815364
0.00594358 -0.00292668 -0.815862
0.00560495 -0.00217067 -0.816367
0.00501259 -0.00128926 -0.81685
0.00450248 -0.000723647 -0.817334
0.0040912 -0.000434539 -0.817803
0.00380918 -0.000376314 -0.818266
0.00364564 -0.000547657 -0.81871
0.00386664 -0.00119699 -0.819135
0.00413765 -0.00192086 -0.819558
0.00417684 -0.00238814 -0.819958
0.00422036 -0.00290495 -0.820324
0.00431093 -0.00351148 -0.820632
0.00444329 -0.00420795 -0.820871
0.00462198 -0.00492126 -0.821033
0.00485797 -0.0056095 -0.821117
0.00512279 -0.0062296 -0.8211
0.00540017 -0.00681024 -0.821023
0.00563606 -0.00736119 -0.820846
0.00579207 -0.00794139 -0.820584
0.00585509 -0.0085229 -0.820242
0.00584467 -0.00909944 -0.819844
0.00577174 -0.00969065 -0.819405
0.00564767 -0.0102211 -0.818961
0.00561958 -0.0108114 -0.818516
0.00554766 -0.0113726 -0.81806
0.00545172 -0.011868 -0.817583
0.00515387 -0.0122185 -0.817115
0.00477565 -0.0126001 -0.816619
0.00431971 -0.0129843 -0.816097
0.00375973 -0.0134203 -0.815576
0.00314305 -0.0138797 -0.815056
0.00246859 -0.0143243 -0.814533
0.00177344 -0.0147723 -0.814002
0.00110527 -0.0151875 -0.813452
0.000449171 -0.0155583 -0.812901
-0.000189031 -0.0159024 -0.812326
-0.000779072 -0.0161688 -0.811719
-0.00134901 -0.0163901 -0.811082
-0.00187756 -0.0165522 -0.810419
-0.00239888 -0.0166329 -0.809757
-0.0029068 -0.0166453 -0.809114
-0.00340815 -0.0165716 -0.808507
-0.00389662 -0.0163983 -0.807916
-0.00436228 -0.0161721 -0.807346
-0.00478813 -0.0158797 -0.806847
-0.00516248 -0.0155279 -0.806417
-0.00544956 -0.0151671 -0.806047
-0.00564395 -0.0147709 -0.805763
-0.00575351 -0.0143662 -0.80557
-0.00577162 -0.0140146 -0.805455
-0.00567611 -0.0136563 -0.805434
-0.00548685 -0.0132657 -0.805487
-0.00523627 -0.0128935 -0.805579
-0.00496985 -0.0125539 -0.80573
-0.00469703 -0.0122299 -0.805936
-0.00442946 -0.011955 -0.806196
-0.00417304 -0.011745 -0.80653
-0.00396814 -0.0115608 -0.806882
-0.00381947 -0.0114492 -0.807278
-0.00370829 -0.011383 -0.807716
-0.00363328 -0.0113128 -0.808173
-0.00360167 -0.0112823 -0.80863
-0.00361221 -0.0112931 -0.809072
-0.00367663 -0.0112601 -0.809479
-0.00377598 -0.0112254 -0.809843
-0.00393706 -0.0111986 -0.810163
-0.00414775 -0.0111599 -0.810458
-0.00441925 -0.0111412 -0.810752
-0.00474931 -0.0111426 -0.811043
-0.0051483 -0.0111143 -0.811327
-0.00561029 -0.0110556 -0.811616
-0.00612286 -0.0109812 -0.811894
-0.00667322 -0.0108498 -0.812143
-0.00724721 -0.0106768 -0.81235
-0.00781415 -0.0104941 -0.812515
-0.00836209 -0.0102545 -0.812642
-0.00890417 -0.00998099 -0.812722
-0.00941657 -0.00973185 -0.812748
-0.00989606 -0.00950034 -0.812731
-0.0103469 -0.00928326 -0.812675
-0.0107564 -0.0090906 -0.8126
-0.0111624 -0.00887806 -0.812483
-0.0115569 -0.00867382 -0.812338
-0.0119098 -0.00849986 -0.812186
-0.0122014 -0.00831146 -0.812028
-0.0124279 -0.00812884 -0.811848
-0.0126098 -0.00800909 -0.811674
-0.0127492 -0.00789264 -0.811502
-0.0128155 -0.00777176 -0.811306
-0.0128212 -0.00771942 -0.81108
-0.0127929 -0.00766974 -0.810845
-0.0127366 -0.00758042 -0.810632
-0.0126439 -0.00747204 -0.810434
-0.0125459 -0.00727641 -0.810251
-0.0124325 -0.00699967 -0.810082
-0.0123066 -0.00673145 -0.809923
-0.0121808 -0.00646074 -0.809768
-0.01205 -0.00619539 -0.809594
-0.0119006 -0.00600903 -0.809408
-0.0117179 -0.0058559 -0.809226
-0.0115138 -0.00570529 -0.809037
-0.0113033 -0.00561446 -0.80886
-0.0110862 -0.0055641 -0.808694
-0.0108617 -0.00547493 -0.808531
-0.0106611 -0.00533563 -0.80838
-0.0104636 -0.00523037 -0.808255
-0.0102744 -0.00519111 -0.80812
-0.0101201 -0.00518835 -0.807993
-0.0100083 -0.00518917 -0.80788
-0.00991803 -0.00521927 -0.807787
-0.00987702 -0.00526172 -0.807717
-0.00989672 -0.00526906 -0.807667
-0.00994065 -0.00522668 -0.807646
-0.00998766 -0.00516582 -0.807619
-0.0100681 -0.00512132 -0.807593
-0.0101409 -0.00503139 -0.807576
-0.0101885 -0.00486426 -0.807587
-0.0102163 -0.00468306 -0.8076
-0.0102332 -0.00450016 -0.807635
-0.0102371 -0.00429318 -0.807676
-0.0101905 -0.00404153 -0.807751
-0.0101265 -0.00378301 -0.807842
-0.010049 -0.00350328 -0.807974
-0.00995452 -0.00314938 -0.808152
-0.00985674 -0.0027685 -0.808363
-0.0097649 -0.00242923 -0.80864
-0.00968301 -0.0021261 -0.808969
-0.00961147 -0.00180688 -0.809354
-0.00951882 -0.00146959 -0.809763
-0.0094107 -0.00116288 -0.810216
-0.00909491 -0.00078078 -0.81071
-0.00873673 -0.000375041 -0.811222
-0.00839087 6.03278e-05 -0.811738
-0.00819907 0.000458854 -0.812256
-0.00808102 0.00073272 -0.812789
-0.00806541 0.000863919 -0.813315
-0.00817915 0.000873512 -0.813807
-0.0084023 0.000764368 -0.814248
-0.00849732 0.000635127 -0.814597
-0.00862856 0.000493896 -0.814841
-0.00877758 0.000289531 -0.815013
-0.0088992 -1.41731e-05 -0.815136
-0.00898004 -0.000311178 -0.815214
-0.0090072 -0.000538566 -0.815296
-0.00913329 -0.000861138 -0.81538
-0.00912584 -0.00115355 -0.81545
-0.00902089 -0.00133184 -0.815526
-0.00863252 -0.00124153 -0.815593
-0.00810706 -0.000978591 -0.81565
-0.00743368 -0.000535566 -0.815674
-0.00666523 0.000131229 -0.815632
-0.00580541 0.00100152 -0.815496
-0.00492811 0.00210649 -0.815275
-0.00396462 0.00340685 -0.814983
-0.00294608 0.00485058 -0.814652
-0.00191346 0.0063613 -0.814289
-0.000865587 0.00789364 -0.813923
0.000161006 0.00940652 -0.813581
0.000929817 0.0103976 -0.813242
0.0016323 0.0111505 -0.812897
0.00249464 0.0120913 -0.81254
0.00328697 0.012812 -0.812135
0.00399897 0.0133177 -0.811681
0.00460456 0.0136167 -0.811187
0.00511424 0.0137316 -0.810676
0.00549744 0.0136625 -0.810191
0.00574171 0.0134311 -0.809703
0.00587971 0.0130908 -0.809216
0.00595123 0.0126809 -0.808738
0.00598483 0.0122024 -0.808278
0.00595529 0.0116455 -0.807825
0.00588971 0.0110783 -0.807377
0.00577057 0.0105288 -0.806964
0.00560746 0.0100108 -0.806618
0.00542796 0.00952628 -0.806315
0.00524005 0.00907483 -0.806071
0.0050642 0.00863342 -0.805885
0.00493096 0.00816717 -0.805741
0.00487267 0.00767039 -0.805645
0.00488414 0.00716746 -0.805578
0.00497544 0.0066684 -0.805511
0.00512117 0.00616539 -0.805453
0.00533792 0.00567179 -0.805418
0.00562079 0.00519576 -0.805428
0.00596253 0.00472776 -0.805493
0.00636323 0.00423383 -0.80563
0.00682027 0.00369974 -0.805796
0.00737785 0.00310983 -0.806004
0.00801158 0.00247898 -0.806259
0.00870467 0.00183786 -0.806554
0.00944942 0.001214 -0.806861
0.0102219 0.000608634 -0.807192
0.0110112 2.8889e-05 -0.807549
0.0118143 -0.000520376 -0.807945
0.0125906 -0.00104518 -0.808403
0.0133597 -0.00155358 -0.808909
0.0140946 -0.00200755 -0.809469
0.0147992 -0.00242068 -0.810072
0.0154613 -0.00278227 -0.81071
0.016097 -0.00308729 -0.811406
0.0167021 -0.00331806 -0.812153
0.017294 -0.00346198 -0.812911
0.0178789 -0.00353106 -0.813672
0.0184031 -0.00353549 -0.814433
0.0189102 -0.00348381 -0.815165
0.0193762 -0.00338027 -0.81588
0.0197949 -0.00322259 -0.816534
0.0201369 -0.00301274 -0.817127
0.020422 -0.00279056 -0.817669
0.0206344 -0.00255405 -0.818175
0.0207484 -0.00229028 -0.818624
0.0207853 -0.00199712 -0.818995
0.0207549 -0.00167873 -0.819302
0.0206551 -0.00137476 -0.819533
0.0205211 -0.00109403 -0.819696
0.0203454 -0.000845326 -0.819801
0.0201572 -0.000595052 -0.819834
0.0199895 -0.000356199 -0.819823
0.0198636 -0.000141694 -0.819778
0.0197609 4.8479e-05 -0.819678
0.0196816 0.000222048 -0.819521
0.0196259 0.000370723 -0.819336
0.0196172 0.000487851 -0.819126
0.0196523 0.000555834 -0.818902
0.0197215 0.000608639 -0.818682
0.019807 0.000637979 -0.818467
0.0199323 0.000666581 -0.81824
0.0201368 0.000727787 -0.817992
0.0204174 0.00082539 -0.817729
0.0207621 0.000933241 -0.817458
0.0211593 0.00106834 -0.817174
0.0216039 0.00124875 -0.816888
0.0220925 0.0014544 -0.816593
0.0226288 0.00164581 -0.816328
0.0232019 0.00184028 -0.816097
0.0237948 0.00201065 -0.815884
0.0243931 0.00220607 -0.815696
0.0250119 0.00241148 -0.815516
0.025644 0.0026048 -0.815383
0.0263147 0.0027616 -0.815255
0.0269847 0.00289313 -0.815134
0.0276579 0.00302245 -0.81503
0.028332 0.00315574 -0.814963
0.029003 0.00324894 -0.814927
0.0296595 0.0033149 -0.814938
0.0303038 0.0033285 -0.814962
0.0309083 0.00329711 -0.815022
0.0314944 0.00319408 -0.815095
0.0320463 0.0030672 -0.815176
0.0325675 0.00294496 -0.815262
0.0330357 0.00282497 -0.815345
0.0334674 0.00272409 -0.815403
0.0338431 0.0026569 -0.815433
0.0341606 0.00263466 -0.815447
0.0344434 0.00263391 -0.815432
0.0346689 0.00261657 -0.815401
0.0348569 0.00259457 -0.815353
0.0350025 0.00255802 -0.815289
0.0351125 0.00253153 -0.815238
0.0351922 0.00250573 -0.815192
0.0352262 0.00248935 -0.815176
0.0351961 0.00246538 -0.815157
0.0351138 0.00244524 -0.815136
0.0349953 0.00242191 -0.81511
0.0348509 0.00239624 -0.815112
0.0346787 0.00236864 -0.815135
0.0344852 0.00234723 -0.815167
0.0343175 0.00233274 -0.815198
0.0341671 0.00227282 -0.815228
0.0340253 0.00218198 -0.815266
0.0339008 0.00206229 -0.815319
0.0338159 0.00196304 -0.815372
0.0337635 0.00188264 -0.815441
0.0337502 0.00180567 -0.815526
0.0337788 0.00171044 -0.815643
0.0338354 0.0016114 -0.815783
0.0339118 0.00149996 -0.81594
0.0340021 0.00141455 -0.816107
0.0340947 0.00135985 -0.816299
0.0341917 0.00134271 -0.816491
0.0342811 0.00133965 -0.816669
0.0343369 0.00135095 -0.816831
0.0344152 0.00137742 -0.816966
0.0344866 0.00142081 -0.817074
0.034542 0.00149698 -0.81713
0.034597 0.00158414 -0.817171
0.0346424 0.00169919 -0.817177
0.034683 0.0017876 -0.817134
0.0347579 0.00185745 -0.817057
0.0348407 0.00190739 -0.816943
0.0349421 0.00198459 -0.816774
0.0350807 0.00206494 -0.816546
0.0352794 0.00216473 -0.816264
0.0355309 0.00225746 -0.815962
0.0358537 0.00229111 -0.815649
0.0362687 0.0022331 -0.815352
0.0367616 0.00207516 -0.815088
0.0373068 0.00186186 -0.814883
0.0379056 0.00157419 -0.81475
0.0385262 0.00121933 -0.814681
0.0391132 0.000826313 -0.814646
0.0396449 0.000422667 -0.81462
0.0401282 3.39761e-05 -0.814599
0.0405554 -0.00033567 -0.814548
0.0409 -0.000661796 -0.814483
0.0411761 -0.000947635 -0.814397
0.041351 -0.00114409 -0.814295
0.0413758 -0.00119097 -0.8142
0.041085 -0.000864676 -0.814094
0.0406563 -0.000311565 -0.814005
0.0400901 0.000493496 -0.813943
0.039403 0.00151776 -0.813899
0.0386283 0.00273455 -0.813884
0.0377802 0.00410037 -0.813895
0.0368311 0.00567325 -0.813931
0.0358521 0.00733409 -0.813987
0.0349066 0.00899078 -0.814058
0.0340123 0.0105918 -0.814138
0.0331629 0.0121189 -0.814229
0.0323521 0.013586 -0.814327
0.0318482 0.0145935 -0.814441
0.0313999 0.015414 -0.814575
0.0310193 0.0160049 -0.814762
0.0307539 0.016368 -0.814985
0.0306347 0.0165474 -0.815255
0.0306484 0.0165792 -0.815571
0.0305045 0.0168097 -0.815929
0.0304904 0.0169026 -0.816326
0.0305868 0.0168474 -0.816734
0.030794 0.0167213 -0.817154
0.0313838 0.0164302 -0.817576
0.032045 0.0161834 -0.817974
0.0324805 0.0161711 -0.818318
0.032994 0.0161369 -0.818608
0.0335462 0.0160249 -0.818813
0.0341246 0.0158274 -0.8189
0.0346778 0.0155852 -0.818929
0.0351932 0.0153401 -0.818892
0.0356607 0.0151118 -0.818788
0.0360841 0.0149236 -0.818631
0.0364898 0.0147248 -0.81847
0.036895 0.0144752 -0.818288
0.0373002 0.01418 -0.818079
0.0376924 0.0138113 -0.817853
0.0380314 0.0133546 -0.817611
0.0382922 0.0128241 -0.81735
0.0384665 0.0122188 -0.817084
0.0385337 0.0115808 -0.816784
0.0385228 0.0109214 -0.816464
0.0384817 0.0102379 -0.81611
0.0384279 0.00953598 -0.815701
0.0383824 0.00884077 -0.815224
0.038372 0.00812585 -0.814699
0.0385358 0.00739418 -0.814133
0.0386928 0.00671866 -0.813538
0.0386656 0.00611811 -0.812924
0.0386203 0.00556778 -0.812285
0.0385518 0.00508961 -0.811614
0.0384568 0.00466898 -0.81093
0.0383752 0.00435619 -0.810243
0.0383223 0.0041724 -0.809544
0.0382973 0.00405034 -0.808871
0.0383199 0.00400625 -0.808193
0.0383888 0.00405033 -0.80751
0.0384972 0.00414315 -0.80685
0.0386307 0.00429367 -0.806204
0.0387889 0.00452887 -0.805611
0.0389705 0.00479379 -0.805067
0.0391936 0.00509007 -0.804595
0.0394667 0.00543997 -0.804194
0.0397863 0.0057721 -0.80387
0.0401554 0.00609001 -0.803631
0.0405683 0.00644062 -0.803481
0.0410225 0.00677194 -0.803423
0.0415235 0.00706824 -0.803439
0.0420626 0.00737263 -0.80354
0.0426438 0.00764066 -0.803706
0.0432577 0.00783837 -0.803918
0.0438906 0.00799243 -0.804156
0.0445319 0.00811153 -0.804426
0.0451587 0.00818208 -0.804715
0.0457631 0.00823001 -0.805011
0.0463126 0.00825328 -0.805327
0.0467951 0.00819553 -0.805659
0.0471968 0.00808349 -0.805993
0.0475284 0.00796046 -0.806316
0.0477971 0.00779469 -0.806653
0.0480406 0.00760407 -0.806985
0.048287 0.00743669 -0.807305
0.0485112 0.0072686 -0.807615
0.0486911 0.00714881 -0.807916
0.0488498 0.00707405 -0.808214
0.0489914 0.00700429 -0.808477
0.0491144 0.00694077 -0.808712
0.0492073 0.00688269 -0.808905
0.0492591 0.0068083 -0.809041
0.0492936 0.00674612 -0.809143
0.0493297 0.00673565 -0.8092
0.049369 0.0067074 -0.809198
0.0494011 0.00667534 -0.809162
0.0494311 0.00667576 -0.809083
0.0494364 0.00660604 -0.808988
0.0494435 0.00651495 -0.808886
0.0494754 0.00642941 -0.808763
0.0495067 0.00627967 -0.808637
0.0495093 0.00613002 -0.808507
0.0495154 0.00602517 -0.808336
0.0495386 0.00589579 -0.808181
0.0495626 0.00577077 -0.808019
0.0495621 0.00566994 -0.807842
0.0495504 0.00554033 -0.807651
0.0495469 0.00538661 -0.807446
0.049527 0.00527198 -0.807215
0.0495023 0.00523479 -0.806967
0.0494953 0.00522581 -0.806705
0.0495081 0.00529679 -0.806426
0.0495373 0.00550005 -0.806135
0.0495625 0.00572788 -0.805855
0.0495721 0.00596796 -0.805583
0.0495436 0.00622136 -0.805313
0.0494803 0.00641507 -0.805051
0.0493967 0.00654182 -0.804793
0.0492595 0.00667521 -0.804578
0.0490719 0.00679919 -0.804418
0.0488803 0.00691763 -0.804308
0.0486858 0.00706824 -0.804218
0.0484764 0.00720216 -0.804113
0.0482533 0.00726887 -0.804005
0.0480004 0.00734013 -0.803891
0.0476998 0.00743226 -0.803769
0.0473186 0.007508 -0.803642
0.0468396 0.00758355 -0.803508
0.0463007 0.00767785 -0.803397
0.0456817 0.0077284 -0.803327
0.0450075 0.00773286 -0.803302
0.0443263 0.00776622 -0.803291
0.0436797 0.00781171 -0.803293
0.0430527 0.00781206 -0.803327
0.0424458 0.0077913 -0.803397
0.0418901 0.00779004 -0.80348
0.0414864 0.00790738 -0.803621
0.0411159 0.00798943 -0.803874
0.0407611 0.00811947 -0.804262
0.0404162 0.00846454 -0.804772
0.0400326 0.00904167 -0.805427
0.0395054 0.00976152 -0.806191
0.038747 0.010535 -0.807037
0.0377344 0.0112678 -0.8079
0.0364455 0.0118538 -0.80875
0.0348863 0.0122119 -0.809552
0.033132 0.0123252 -0.810263
0.0312236 0.0121649 -0.810871
0.0291959 0.0116718 -0.811401
0.0270677 0.0108829 -0.811888
0.0249 0.00979576 -0.812314
0.0227493 0.00838609 -0.812684
0.0206471 0.00666922 -0.813036
0.0186259 0.00461781 -0.813359
0.0167231 0.00227248 -0.81365
0.0147844 -0.000378215 -0.813941
0.0133132 -0.00276418 -0.814229
0.0121165 -0.00495722 -0.814525
0.0111897 -0.00684815 -0.814838
0.0105031 -0.00840516 -0.815192
0.0100145 -0.00962857 -0.815613
0.00971811 -0.010501 -0.816044
0.00961896 -0.010968 -0.816448
0.00973299 -0.0110334 -0.81684
0.00976657 -0.0110473 -0.817205
0.0103905 -0.0102538 -0.817522
0.0112462 -0.00904501 -0.817789
0.0122964 -0.00748091 -0.818012
0.0134749 -0.00565805 -0.818195
0.0147135 -0.0036263 -0.818336
0.0160581 -0.00131537 -0.818466
0.0173282 0.00109493 -0.818572
0.0182892 0.003176 -0.818666
0.0190063 0.00510427 -0.818712
0.0194653 0.00684241 -0.818687
0.0196685 0.008332 -0.818531
0.0196075 0.00960656 -0.818235
0.0193101 0.0106789 -0.817788
0.0190881 0.0119043 -0.817241
0.0187148 0.0129224 -0.816604
0.0182516 0.0136969 -0.8159
0.0174438 0.0137125 -0.815183
0.0166175 0.0134471 -0.81447
0.0158279 0.0129715 -0.81375
0.0150962 0.0123913 -0.813006
0.0144029 0.0117536 -0.812247
0.0137949 0.0113409 -0.811464
0.0132142 0.0109768 -0.810671
0.0126437 0.0106724 -0.809874
0.012085 0.0103994 -0.8091
0.0115578 0.0101166 -0.808341
0.0110811 0.00978571 -0.807604
0.0106638 0.00944048 -0.806902
0.0102994 0.00905651 -0.80622
0.00997805 0.0085378 -0.805534
0.00973682 0.00800934 -0.804826
0.0095497 0.00747426 -0.80409
0.00946641 0.00708401 -0.803335
0.00944644 0.00666173 -0.802574
0.00947993 0.00620614 -0.801829
0.00953719 0.0057063 -0.801104
0.00962168 0.00513204 -0.800412
0.00971086 0.0044744 -0.799752
0.00980637 0.00374403 -0.79915
0.0099186 0.00296219 -0.798605
0.0100617 0.00215288 -0.798122
0.0102315 0.00132811 -0.797718
0.0104267 0.000490451 -0.797412
0.0106526 -0.000334506 -0.797227
0.0108994 -0.0011479 -0.797142
0.0111575 -0.00194802 -0.797192
0.0113908 -0.0027418 -0.797367
0.0115837 -0.00349308 -0.797672
0.0117302 -0.00418753 -0.798125
0.0118538 -0.00478773 -0.798698
0.0119588 -0.00532109 -0.799367
0.0120745 -0.00573193 -0.800106
0.0122032 -0.00603578 -0.800903
0.012335 -0.00619522 -0.801766
0.0124496 -0.00622824 -0.802691
0.0125582 -0.0061666 -0.803679
0.0126462 -0.00600373 -0.80469
0.0126623 -0.00573822 -0.80572
0.0126079 -0.00536487 -0.806756
0.0124966 -0.00492415 -0.807778
0.0123105 -0.00441289 -0.80878
0.0120533 -0.00387028 -0.809752
0.0117495 -0.00328991 -0.810688
0.0114219 -0.00269173 -0.81156
0.0110472 -0.00206408 -0.812355
0.0106636 -0.00142564 -0.813062
0.0102819 -0.000800469 -0.813688
0.00991326 -0.000221583 -0.814222
0.00957278 0.000299828 -0.814682
0.00926285 0.000741342 -0.815067
0.00898757 0.00110889 -0.815379
0.00875797 0.00138725 -0.815633
0.00857665 0.00159404 -0.815831
0.00844845 0.00174193 -0.815995
0.00836942 0.00181712 -0.816105
0.00835561 0.00182467 -0.816173
0.00839453 0.00176865 -0.816205
0.00849773 0.00166154 -0.816211
0.00865143 0.00152178 -0.816189
0.00887014 0.00135603 -0.816114
0.00913356 0.00117876 -0.815993
0.00942614 0.000983992 -0.815831
0.00977742 0.000819332 -0.815627
0.0101526 0.000655217 -0.81537
0.0105567 0.000463419 -0.815082
0.010993 0.000248524 -0.81474
0.011426 5.73752e-05 -0.814387
0.011851 -0.000136553 -0.814023
0.0122452 -0.000357304 -0.813639
0.0126265 -0.00058437 -0.813239
0.0130252 -0.000816444 -0.812819
0.0134106 -0.00105801 -0.812396
0.0137859 -0.00130072 -0.811976
0.0141655 -0.0015623 -0.811543
0.0145528 -0.0018175 -0.81113
0.0149286 -0.00208817 -0.810759
0.0153017 -0.00240637 -0.810418
0.0156697 -0.00274525 -0.810102
0.0160364 -0.00309268 -0.809785
0.0164222 -0.00345231 -0.809471
0.0168164 -0.00381435 -0.809165
0.0171905 -0.00418625 -0.808869
0.0175745 -0.00453893 -0.808603
0.0179526 -0.00488749 -0.808365
0.0183203 -0.00521899 -0.808118
0.0186843 -0.00552724 -0.807876
0.0190086 -0.0058176 -0.80764
0.0192946 -0.00608922 -0.807403
0.0195562 -0.00629097 -0.807151
0.0197762 -0.00647274 -0.806924
0.0199658 -0.0066423 -0.806751
0.0201317 -0.00683827 -0.806598
0.0202447 -0.00705346 -0.806474
0.0203204 -0.00731879 -0.806373
0.0203886 -0.00760005 -0.806277
0.020455 -0.007874 -0.806202
0.0204987 -0.00811993 -0.806148
0.0205426 -0.008339 -0.806097
0.0206104 -0.00856903 -0.806039
0.0207075 -0.0088232 -0.80599
0.0208374 -0.00914514 -0.805959
0.0209797 -0.00950815 -0.805945
0.0211351 -0.00991332 -0.805967
0.0213155 -0.0103117 -0.806015
0.0215137 -0.0106957 -0.806094
0.0217243 -0.0110699 -0.80621
0.0219279 -0.0114654 -0.806352
0.0221382 -0.0118812 -0.806501
0.0223365 -0.0123014 -0.806668
0.0225148 -0.0127049 -0.806834
0.0226942 -0.0130505 -0.806996
0.0228932 -0.0133793 -0.807107
0.0230819 -0.0136977 -0.807189
0.0232874 -0.0140064 -0.807224
0.0234912 -0.0142618 -0.807219
0.0236994 -0.0144981 -0.807178
0.0239084 -0.014699 -0.807111
0.0239709 -0.0146885 -0.807042
0.024025 -0.014617 -0.806973
0.02407 -0.0144406 -0.80686
0.0240888 -0.0141569 -0.8067
0.0241314 -0.0138994 -0.80649
0.0242539 -0.0137136 -0.806243
0.0244807 -0.0136037 -0.805967
0.0248297 -0.0135958 -0.805677
0.0252088 -0.0136456 -0.805448
0.0256666 -0.0137966 -0.805303
0.0262106 -0.0140366 -0.805245
0.026807 -0.0143489 -0.805267
0.0274386 -0.0147559 -0.805356
0.0280927 -0.0152456 -0.805472
0.0287155 -0.0158137 -0.805585
0.0293748 -0.0165597 -0.80567
0.0299235 -0.0174068 -0.805722
0.0303806 -0.0182754 -0.805739
0.0305854 -0.0189244 -0.805727
0.0306687 -0.0194804 -0.805719
0.0306244 -0.0198682 -0.805699
0.0304875 -0.0200338 -0.80569
0.0302578 -0.0199182 -0.805681
0.0299116 -0.0195071 -0.805685
0.0294518 -0.0187893 -0.805692
0.0289369 -0.0179139 -0.805701
0.0282567 -0.0167521 -0.805709
0.0274248 -0.0153212 -0.805712
0.026469 -0.0136464 -0.805723
0.0254235 -0.0117862 -0.805737
0.0243342 -0.0098129 -0.805784
0.0234794 -0.00817219 -0.805854
0.0227274 -0.00668061 -0.805955
0.0221021 -0.00538412 -0.806084
0.0216391 -0.00429891 -0.806248
0.0213693 -0.00344926 -0.80643
0.0212869 -0.00287717 -0.806641
0.0210149 -0.00218838 -0.806883
0.0209308 -0.00186083 -0.807146
0.0210206 -0.00180273 -0.80742
0.0212472 -0.00191379 -0.807738
0.0215964 -0.00216153 -0.808079
0.0220359 -0.00253414 -0.808445
0.0225207 -0.00305169 -0.808792
0.0230122 -0.00369722 -0.809137
0.0234794 -0.00439324 -0.80948
0.0239249 -0.00509917 -0.809823
0.0243508 -0.00580243 -0.810143
0.0247909 -0.00651951 -0.810412
0.0252587 -0.00728667 -0.810609
0.025771 -0.00812302 -0.810728
0.0262928 -0.0090018 -0.810775
0.0267876 -0.00990939 -0.81076
0.0272248 -0.0108145 -0.810692
0.0275754 -0.0117153 -0.810542
0.0278352 -0.0125862 -0.810342
0.0280461 -0.0134537 -0.810122
0.0282055 -0.014348 -0.80987
0.0283177 -0.0152451 -0.809597
0.028416 -0.016187 -0.809309
0.0284882 -0.0171697 -0.809033
0.0285406 -0.0181565 -0.808769
0.0285405 -0.0192072 -0.808529
0.0284679 -0.0202233 -0.808334
0.0283199 -0.021192 -0.808135
0.0281161 -0.0221457 -0.807909
0.027867 -0.0230645 -0.807642
0.0275751 -0.0239537 -0.807328
0.0272761 -0.0248155 -0.806964
0.0269779 -0.0256185 -0.806536
0.0266829 -0.0263783 -0.806065
0.0264296 -0.0271049 -0.805538
0.0262144 -0.02773 -0.80497
0.0260136 -0.0283065 -0.804395
0.0258214 -0.0287938 -0.803802
0.0256287 -0.0291749 -0.803201
0.0254463 -0.0294826 -0.80261
0.025279 -0.0296905 -0.802046
0.0251202 -0.0297979 -0.801503
0.0249864 -0.029856 -0.801001
0.0249169 -0.0298517 -0.80057
0.0249298 -0.0297977 -0.800212
0.0250282 -0.0297629 -0.799932
0.0252182 -0.0297509 -0.79973
0.025496 -0.0297732 -0.799608
0.0258655 -0.0298418 -0.799569
0.0263302 -0.0298892 -0.799648
0.0268814 -0.0299483 -0.799818
0.0274959 -0.0300754 -0.800063
0.0281383 -0.0302367 -0.800369
0.0287917 -0.0304073 -0.800738
0.0294573 -0.030652 -0.801159
0.0300972 -0.0309199 -0.801629
0.0306831 -0.0312057 -0.802148
0.0312431 -0.031544 -0.802684
0.0317495 -0.0318969 -0.803233
0.032188 -0.0323039 -0.803791
0.0325786 -0.0328077 -0.804339
0.0329145 -0.0333013 -0.804878
0.0331941 -0.0337803 -0.805402
0.033393 -0.0342751 -0.805913
0.0335205 -0.034737 -0.806405
0.0336613 -0.0350844 -0.806894
0.0336493 -0.0354909 -0.807393
0.033556 -0.0358423 -0.807867
0.0333882 -0.0361809 -0.808331
0.0331713 -0.0365451 -0.808773
0.0329606 -0.03688 -0.809193
0.0327141 -0.0371734 -0.80958
0.032432 -0.037501 -0.80993
0.0321652 -0.0378036 -0.810239
0.0319004 -0.0380009 -0.810558
0.0316311 -0.0381596 -0.810849
0.0313491 -0.0383429 -0.811118
0.0310878 -0.0385428 -0.811356
0.0308543 -0.0387238 -0.811575
0.0306137 -0.0389346 -0.811788
0.0304017 -0.0392026 -0.812
0.0302132 -0.0394792 -0.812211
0.0300317 -0.039735 -0.812412
0.0298539 -0.0399792 -0.812615
0.0296864 -0.0402369 -0.812825
0.0295344 -0.0404346 -0.813037
0.0293902 -0.040591 -0.813252
0.0292556 -0.0407647 -0.813463
0.0291338 -0.0409441 -0.813662
0.0290479 -0.0410552 -0.813837
0.0289974 -0.0411138 -0.813956
0.0289779 -0.0411305 -0.814024
0.0289812 -0.0410618 -0.814032
0.0289821 -0.0409226 -0.814018
0.0289646 -0.0407656 -0.813994
0.0289529 -0.040616 -0.813964
0.0289294 -0.040456 -0.813933
0.0288913 -0.0403374 -0.813911
0.0288348 -0.0402622 -0.813894
0.0287857 -0.0401991 -0.813871
0.0287734 -0.0401575 -0.813836
0.0287702 -0.0401067 -0.81377
0.0287736 -0.0400045 -0.813662
0.0287549 -0.0398325 -0.813535
0.028711 -0.0396597 -0.813371
0.0286197 -0.0395404 -0.813172
0.0284614 -0.0394619 -0.812942
0.0282222 -0.0393642 -0.812697
0.027959 -0.0392334 -0.812446
0.0276547 -0.039063 -0.812184
0.0273128 -0.0388573 -0.811904
0.0269833 -0.0385912 -0.811596
0.0266714 -0.0383073 -0.81124
0.0263716 -0.038062 -0.810873
0.026085 -0.0378185 -0.810497
0.0258071 -0.0375414 -0.810112
0.0255569 -0.0372346 -0.80975
0.0252951 -0.0369084 -0.809444
0.0250258 -0.0365632 -0.809188
0.0247809 -0.0362032 -0.809
0.0245898 -0.0358681 -0.808914
0.0244724 -0.0355488 -0.808907
0.0245791 -0.0350642 -0.808972
0.0247403 -0.0345806 -0.809102
0.0249459 -0.0340791 -0.809291
0.0252057 -0.0335094 -0.80956
0.0254889 -0.0328603 -0.809887
0.0257398 -0.0321716 -0.810254
0.025897 -0.0315289 -0.810669
0.0258999 -0.0309638 -0.81107
0.0257505 -0.0305329 -0.81145
0.0254409 -0.0302292 -0.811792
0.0249694 -0.0300477 -0.812085
0.0243478 -0.0300106 -0.812281
0.023625 -0.030057 -0.812401
0.0228351 -0.0300789 -0.812458
0.0220274 -0.0300144 -0.812456
0.0212484 -0.0299136 -0.812403
0.0205834 -0.0297773 -0.812335
0.020038 -0.0295758 -0.812241
0.0194652 -0.0294024 -0.812165
0.0190064 -0.0291855 -0.812086
0.0187988 -0.0288645 -0.811982
0.0186918 -0.0284669 -0.811875
0.0186673 -0.0280116 -0.811777
0.018754 -0.0275035 -0.811674
0.0189572 -0.0268768 -0.811548
0.0192476 -0.0260625 -0.811412
0.0196174 -0.0250947 -0.81126
0.0200381 -0.0240452 -0.811093
0.0205902 -0.0228532 -0.810948
0.021251 -0.0215271 -0.810808
0.0220241 -0.020073 -0.810701
0.0228523 -0.0187541 -0.810586
0.0237128 -0.0174397 -0.810447
0.0245771 -0.0161419 -0.810243
0.0254067 -0.0149263 -0.809953
0.0261654 -0.0138427 -0.809577
0.0267941 -0.0129066 -0.809103
0.0272532 -0.0121809 -0.808555
0.0278153 -0.0112907 -0.80796
0.0281967 -0.0107415 -0.807301
0.0283997 -0.0104245 -0.806613
0.0284719 -0.0102803 -0.805927
0.0282596 -0.0105917 -0.805242
0.0280279 -0.0110253 -0.804547
0.0278092 -0.0115811 -0.803855
0.0276426 -0.0122501 -0.803177
0.027542 -0.0130139 -0.802511
0.0276415 -0.0135358 -0.801873
0.0277885 -0.0141226 -0.801301
0.0279428 -0.0147932 -0.800772
0.0280909 -0.015521 -0.800299
0.0282081 -0.0162853 -0.799866
0.0282583 -0.0170755 -0.799483
0.0282461 -0.017872 -0.799167
0.0281081 -0.0187962 -0.798909
0.0279887 -0.0197013 -0.798701
0.028011 -0.0204724 -0.798553
0.0281401 -0.0212551 -0.798454
0.0283952 -0.0220298 -0.79839
0.0287526 -0.0227701 -0.798349
0.0291549 -0.023621 -0.798356
0.0296773 -0.0244194 -0.798395
0.0302754 -0.0251587 -0.798466
0.0309186 -0.025836 -0.798555
0.0315717 -0.0264605 -0.798671
0.0321991 -0.0270022 -0.798827
0.0327986 -0.0274856 -0.799045
0.0333715 -0.0278967 -0.799329
0.0339185 -0.0282471 -0.799685
0.0346065 -0.028491 -0.800124
0.0352959 -0.0286749 -0.800655
0.0360224 -0.0288097 -0.801267
0.0367689 -0.0288964 -0.801966
0.0375554 -0.0289541 -0.802736
0.0383586 -0.0289809 -0.803559
0.0391536 -0.0289526 -0.804434
0.0399466 -0.028842 -0.805321
0.0407168 -0.0286476 -0.806225
0.0414749 -0.028387 -0.807118
0.0421753 -0.028065 -0.807982
0.0428155 -0.027671 -0.808818
0.0433497 -0.0272254 -0.809642
0.0438144 -0.0267684 -0.810435
0.0441926 -0.0263069 -0.811171
0.0445099 -0.0258497 -0.811852
0.0447486 -0.0254089 -0.812457
0.0449491 -0.024983 -0.813016
0.0451396 -0.0245596 -0.813505
0.0452927 -0.0241466 -0.813923
0.0454044 -0.0237443 -0.814252
0.0455157 -0.0233671 -0.814501
0.0456318 -0.0230488 -0.814648
0.0457303 -0.0227944 -0.814723
0.0457899 -0.0226152 -0.814759
0.0458308 -0.0224944 -0.814733
0.04589 -0.0224214 -0.814669
0.0459578 -0.0224065 -0.814584
0.0460608 -0.0224476 -0.814474
0.0462217 -0.0225148 -0.814363
0.0464454 -0.0226001 -0.814231
0.0467383 -0.0227052 -0.814082
0.0470985 -0.0228377 -0.813892
0.0475392 -0.022958 -0.813662
0.0480466 -0.0230637 -0.813395
0.0486201 -0.0231378 -0.813114
0.0492413 -0.0231576 -0.81282
0.0499062 -0.0231094 -0.812492
0.0506075 -0.0230448 -0.812141
0.0513303 -0.0229701 -0.811773
0.0520876 -0.0229136 -0.811383
0.0528803 -0.0228402 -0.811001
0.0536671 -0.0227615 -0.810619
0.0544424 -0.0226653 -0.810249
0.0552275 -0.0225608 -0.809888
0.0560069 -0.0224571 -0.809544
0.0567934 -0.0223547 -0.809219
0.0575856 -0.0222373 -0.808925
0.0583459 -0.0221294 -0.808652
0.0590883 -0.022061 -0.808405
0.0598122 -0.0220344 -0.808185
0.060493 -0.0220463 -0.807983
0.0611018 -0.0221327 -0.807813
0.0616353 -0.0222623 -0.807678
0.0621128 -0.022413 -0.807563
0.0625222 -0.0225377 -0.807475
0.0628575 -0.0226236 -0.807395
0.0631091 -0.0226817 -0.807294
0.0633088 -0.0226833 -0.807197
0.063462 -0.0226219 -0.807077
0.06357 -0.0225376 -0.806957
0.0636489 -0.0224828 -0.806856
0.0637122 -0.0224732 -0.80676
0.0637626 -0.0224855 -0.806674
0.0638022 -0.0225256 -0.806605
0.0638202 -0.0226048 -0.806563
0.0637794 -0.0227168 -0.806563
0.0636924 -0.0228337 -0.806605
0.0635688 -0.0229586 -0.806678
0.0634223 -0.0230809 -0.806811
0.0632253 -0.0232478 -0.806987
0.0629929 -0.0234285 -0.807195
0.0627622 -0.0236319 -0.807428
0.0625549 -0.0238492 -0.807675
0.0623848 -0.0241055 -0.807953
0.0622262 -0.0243823 -0.808276
0.0621121 -0.0246827 -0.808652
0.0620364 -0.0249813 -0.809063
0.0619792 -0.0252449 -0.809518
0.0619542 -0.0254767 -0.810007
0.0619859 -0.0256663 -0.810541
0.062052 -0.025862 -0.811118
0.0621459 -0.0260425 -0.811725
0.0622451 -0.0262456 -0.812378
0.0623178 -0.0264438 -0.813043
0.0623957 -0.0266355 -0.813718
0.0624657 -0.0268188 -0.814374
0.0625009 -0.0270032 -0.815013
0.0625009 -0.0272031 -0.81561
0.062486 -0.0273753 -0.816155
0.0624517 -0.0274752 -0.816649
0.0624221 -0.0274985 -0.817096
0.0624031 -0.0274938 -0.817501
0.0623888 -0.0274855 -0.817857
0.0624052 -0.0275117 -0.818163
0.0624311 -0.0275052 -0.818426
0.062446 -0.0274871 -0.818645
0.0624681 -0.0274517 -0.81882
0.06251 -0.0274354 -0.818942
0.0625373 -0.0274459 -0.819022
0.062528 -0.0274633 -0.819065
0.0624898 -0.0274879 -0.819068
0.0624456 -0.0274753 -0.819035
0.0624043 -0.0274203 -0.818969
0.0623703 -0.0273006 -0.818852
0.0623747 -0.0271707 -0.818675
0.0624357 -0.0270005 -0.818455
0.0625378 -0.026785 -0.818181
0.062654 -0.0265507 -0.817847
0.062773 -0.0263326 -0.817482
0.0628171 -0.0260651 -0.817091
0.0627863 -0.0257078 -0.816687
0.0626672 -0.0252558 -0.816253
0.0624553 -0.0247118 -0.81579
0.0619335 -0.0237036 -0.815303
0.0613018 -0.0225519 -0.814783
0.0605669 -0.0212351 -0.814213
0.05974 -0.0197595 -0.813619
0.0588318 -0.0181161 -0.813029
0.0578425 -0.0163277 -0.812453
0.0567454 -0.0144249 -0.811886
0.0555206 -0.0124176 -0.81135
0.054173 -0.0103459 -0.810833
0.0527125 -0.00820373 -0.810328
0.05115 -0.00603197 -0.809846
0.0495549 -0.00380625 -0.80937
0.0478669 -0.0016143 -0.808883
0.0461851 0.000618384 -0.808342
0.0445901 0.00284845 -0.807796
0.043145 0.00492685 -0.807272
0.0419127 0.00672134 -0.806816
0.0409342 0.00816203 -0.806435
0.0402282 0.00924212 -0.806195
0.039787 0.0100055 -0.806135
0.039581 0.0105221 -0.806238
0.0393303 0.0111249 -0.806461
0.0392151 0.0116906 -0.806773
0.0394863 0.0119825 -0.807127
0.0398178 0.0121991 -0.807494
0.0401513 0.0122768 -0.807885
0.0404923 0.0121768 -0.808284
0.0408368 0.0118977 -0.80869
0.0411823 0.0114245 -0.809116
0.0416086 0.0107687 -0.809568
0.0419041 0.0102979 -0.810053
0.0423175 0.00970812 -0.810565
0.0431024 0.00879972 -0.811082
0.0439783 0.00784236 -0.81157
0.0449032 0.00679268 -0.812049
0.0458467 0.00558661 -0.812498
0.0467449 0.00426622 -0.812917
0.047578 0.00289798 -0.813307
0.0483311 0.00145471 -0.81367
0.0487972 0.000138936 -0.813974
0.0492132 -0.0012659 -0.814215
0.0495576 -0.00279674 -0.814388
0.0498171 -0.00442704 -0.814501
0.0499532 -0.00614464 -0.814545
0.0499615 -0.00779403 -0.814502
0.0498139 -0.00937621 -0.814384
0.0495338 -0.0108595 -0.814171
0.0491379 -0.0122095 -0.81385
0.048636 -0.0134351 -0.813432
0.0480496 -0.0144717 -0.812896
0.0473802 -0.0153427 -0.812234
0.0466423 -0.0160201 -0.811465
0.0460188 -0.0164383 -0.81061
0.0453645 -0.0166875 -0.809673
0.044713 -0.016754 -0.80868
0.0440857 -0.0166462 -0.807657
0.043512 -0.0163578 -0.806627
0.0430043 -0.0158601 -0.805609
0.0425601 -0.0152368 -0.804623
0.0422082 -0.0145426 -0.803686
0.0417522 -0.0137245 -0.802812
0.0414123 -0.0128514 -0.802013
0.0411964 -0.0119401 -0.801318
0.0412872 -0.0110761 -0.800709
0.0415112 -0.0102607 -0.800208
0.0418835 -0.00952434 -0.799809
0.0423647 -0.00884445 -0.799541
0.0429152 -0.0082698 -0.799373
0.0435258 -0.00780624 -0.799326
0.0442195 -0.00744074 -0.799377
0.0449643 -0.00721032 -0.799511
0.045622 -0.00695409 -0.799742
0.0463205 -0.0068143 -0.800057
0.0470797 -0.00683058 -0.800449
0.0478825 -0.00698453 -0.800903
0.048718 -0.00720744 -0.801414
0.0495966 -0.00748776 -0.801981
0.0505011 -0.00782933 -0.802609
0.0513975 -0.00817943 -0.803278
0.0522622 -0.00856026 -0.803966
0.0530714 -0.00900653 -0.804658
0.0538276 -0.00948318 -0.805335
0.0544978 -0.00995947 -0.805969
0.0550576 -0.0104725 -0.806572
0.0555058 -0.01094 -0.807132
0.0558283 -0.0113847 -0.807637
0.0560255 -0.0118375 -0.808077
0.056122 -0.0122394 -0.808452
0.0561026 -0.0125927 -0.808782
0.0559641 -0.0129021 -0.809028
0.055732 -0.0130987 -0.809219
0.0554398 -0.0132176 -0.809312
0.0550881 -0.0133401 -0.809329
0.054697 -0.0134224 -0.809277
0.0542779 -0.0134148 -0.809169
0.0538782 -0.0133366 -0.809012
0.0534796 -0.0132124 -0.808814
0.0530777 -0.0130146 -0.808574
0.0526984 -0.0127197 -0.808327
0.0523535 -0.0123908 -0.808039
0.0520105 -0.0120472 -0.807726
0.0517143 -0.0116261 -0.807408
0.0514701 -0.0110928 -0.807097
0.05129 -0.0104937 -0.806791
0.0511708 -0.00981807 -0.806494
0.0511386 -0.00902507 -0.806175
0.0511943 -0.00810552 -0.805862
0.0513168 -0.00714013 -0.805528
0.0514884 -0.00615851 -0.80517
0.0517299 -0.00512213 -0.804799
0.0520279 -0.00407767 -0.80442
0.0523197 -0.00308394 -0.80404
0.0525869 -0.00208865 -0.803663
0.0528201 -0.00107306 -0.80328
0.0530062 -9.47075e-05 -0.802923
0.0531251 0.000882435 -0.802586
0.0531779 0.0018721 -0.80226
0.0531647 0.00278069 -0.801938
0.0531182 0.00366468 -0.801608
0.0530492 0.00449341 -0.801269
0.0529481 0.00521654 -0.800904
0.052815 0.00588978 -0.800489
0.052635 0.00657854 -0.800046
0.0524072 0.00724893 -0.799599
0.0521054 0.00786334 -0.799174
0.0517504 0.00839202 -0.798766
0.0513559 0.0088791 -0.79839
0.0509301 0.00930966 -0.798096
0.0504623 0.00981797 -0.797921
0.0499806 0.0106453 -0.797869
0.0495062 0.0118729 -0.797942
0.0489191 0.0133612 -0.798125
0.0480804 0.0148713 -0.798395
0.0469094 0.0163673 -0.798724
0.0453811 0.0177972 -0.799117
0.0438406 0.019495 -0.799594
0.0416159 0.0203723 -0.800128
0.0391398 0.0209187 -0.800744
0.036508 0.0211561 -0.801468
0.033834 0.0210778 -0.802299
0.0311856 0.0207201 -0.803183
0.028605 0.0201393 -0.804089
0.0261204 0.0193009 -0.805006
0.0237669 0.0181914 -0.805901
0.021568 0.0168051 -0.806725
0.0196146 0.0152679 -0.807438
0.0180525 0.0137256 -0.808016
0.0169764 0.0123169 -0.80846
0.0163476 0.0111559 -0.808799
0.0160355 0.0103052 -0.809074
0.0159101 0.00969389 -0.809305
0.0158689 0.00917311 -0.809497
0.0159717 0.00906375 -0.809654
0.0157007 0.00841394 -0.809791
0.0151234 0.00753731 -0.80993
0.0141857 0.00635613 -0.810081
0.0129547 0.00489756 -0.810249
0.0115982 0.00327204 -0.810456
0.0102792 0.00164254 -0.810636
0.00907356 0.000118252 -0.810723
0.00801239 -0.00123944 -0.810644
0.00714212 -0.00240105 -0.810357
0.00639951 -0.00324921 -0.809863
0.00589311 -0.00393372 -0.809146
0.00555799 -0.0045356 -0.808253
0.00533688 -0.0051672 -0.807296
0.00513983 -0.00590703 -0.806354
0.00483731 -0.00680075 -0.805461
0.00432615 -0.00788257 -0.804643
0.00354948 -0.0091024 -0.803896
0.00250284 -0.0103716 -0.803209
0.00138786 -0.0115603 -0.80256
-7.2055e-05 -0.012588 -0.801949
-0.00165126 -0.0134196 -0.801386
-0.00328139 -0.0140687 -0.800854
-0.00482562 -0.0145884 -0.800337
-0.00620676 -0.0150105 -0.799827
-0.00742493 -0.0153626 -0.799289
-0.00849089 -0.0156982 -0.798689
-0.00944914 -0.0160394 -0.79802
-0.0103627 -0.0163566 -0.797307
-0.0112897 -0.0166524 -0.796565
-0.0121327 -0.0167367 -0.795813
-0.0130487 -0.0168312 -0.795099
-0.0142226 -0.0171189 -0.794469
-0.015501 -0.0174234 -0.793924
-0.0168589 -0.017784 -0.793469
-0.0182578 -0.0181928 -0.793078
-0.019653 -0.0186538 -0.792744
-0.021007 -0.0191949 -0.792457
-0.022293 -0.0198146 -0.792213
-0.0234261 -0.0203225 -0.792016
-0.024436 -0.020922 -0.791875
-0.0253694 -0.0216076 -0.791767
-0.0262472 -0.0225294 -0.791694
-0.0270556 -0.0234833 -0.791655
-0.0278181 -0.0244655 -0.791681
-0.028537 -0.025456 -0.79175
-0.0292556 -0.0264543 -0.791868
-0.0299907 -0.0274688 -0.792062
-0.0307257 -0.0284579 -0.792362
-0.0313563 -0.0293787 -0.792771
-0.0319762 -0.0303017 -0.793306
-0.032566 -0.0312275 -0.793966
-0.0331044 -0.032175 -0.794752
-0.0335647 -0.0331147 -0.795635
-0.0339607 -0.0340471 -0.796576
-0.0342947 -0.034952 -0.797584
-0.0345696 -0.0358273 -0.798635
-0.0348169 -0.0366556 -0.799713
-0.0350575 -0.0374065 -0.800813
-0.0353508 -0.0380942 -0.801925
-0.0357002 -0.0386751 -0.80303
-0.0361153 -0.0391623 -0.804131
-0.0366041 -0.0395681 -0.805238
-0.0371789 -0.0399104 -0.806334
-0.0378098 -0.0401983 -0.8074
-0.0384778 -0.0404163 -0.808431
-0.0391927 -0.0405646 -0.80942
-0.0399172 -0.0406834 -0.810359
-0.0406614 -0.0407684 -0.811229
-0.0414312 -0.040851 -0.812032
-0.0421862 -0.0409372 -0.812754
-0.0429166 -0.0410297 -0.813402
-0.0436411 -0.0410998 -0.81397
-0.0443582 -0.0411519 -0.814461
-0.0450621 -0.0411753 -0.814872
-0.0457345 -0.0412246 -0.815203
-0.0463534 -0.041329 -0.815484
-0.0469644 -0.0415112 -0.815696
-0.04756 -0.041714 -0.815854
-0.0481795 -0.0419711 -0.815974
-0.0487725 -0.0422416 -0.816065
-0.0493166 -0.0425542 -0.816119
-0.049787 -0.0428799 -0.816119
-0.0501895 -0.0432492 -0.816055
-0.050557 -0.0436355 -0.815932
-0.0508676 -0.0440699 -0.815721
-0.0511406 -0.0445327 -0.815428
-0.0513976 -0.0450372 -0.815055
-0.0516536 -0.0455055 -0.814591
-0.0519165 -0.0459664 -0.81406
-0.0521929 -0.046402 -0.813438
-0.0524947 -0.0468619 -0.812732
-0.0527831 -0.047297 -0.811962
-0.0530866 -0.0477918 -0.811147
-0.0533689 -0.0483376 -0.810297
-0.0536151 -0.0489368 -0.809438
-0.0538347 -0.0495492 -0.808553
-0.0540388 -0.0501589 -0.807655
-0.054212 -0.0507806 -0.80676
-0.054314 -0.0514109 -0.805844
-0.0543715 -0.0520824 -0.804919
-0.0543834 -0.0527358 -0.804012
-0.0543645 -0.0534148 -0.803126
-0.0543246 -0.0541027 -0.802241
-0.0542691 -0.0548318 -0.801374
-0.0541898 -0.0555378 -0.800557
-0.0541066 -0.0562338 -0.79976
-0.0540418 -0.0568696 -0.798977
-0.0539991 -0.0574704 -0.798199
-0.0539379 -0.0580156 -0.79742
-0.0538615 -0.0585225 -0.796645
-0.0537924 -0.0589896 -0.795914
-0.0537308 -0.0594768 -0.795185
-0.0536927 -0.0599228 -0.794461
-0.0536642 -0.0603035 -0.793719
-0.0536702 -0.0606296 -0.792981
-0.0537159 -0.0609015 -0.792234
-0.0537892 -0.0611437 -0.791471
-0.0539112 -0.0613275 -0.790716
-0.0540845 -0.0615019 -0.789965
-0.0543194 -0.0617031 -0.789224
-0.0546198 -0.0619502 -0.788488
-0.0549721 -0.0621939 -0.787765
-0.0553456 -0.0624316 -0.787066
-0.0557396 -0.0626291 -0.786399
-0.0561209 -0.062809 -0.785749
-0.0565047 -0.0629365 -0.7851
-0.056849 -0.0630507 -0.784451
-0.0571519 -0.0631027 -0.783812
-0.0574165 -0.0631048 -0.783197
-0.0576359 -0.0630504 -0.782615
-0.0578312 -0.0629757 -0.782092
-0.0580227 -0.0628576 -0.781627
-0.0582226 -0.0626554 -0.781221
-0.0584561 -0.062412 -0.780882
-0.0587615 -0.0620871 -0.78059
-0.0591099 -0.0616191 -0.780295
-0.0594254 -0.0610778 -0.779967
-0.0596994 -0.0604618 -0.779607
-0.0599295 -0.0597531 -0.779198
-0.0601 -0.0589995 -0.778771
-0.0602113 -0.0582507 -0.778325
-0.0602184 -0.0575768 -0.777906
-0.0601051 -0.0570739 -0.777551
-0.059855 -0.0567334 -0.777267
-0.0594109 -0.0565318 -0.777078
-0.0587859 -0.056461 -0.776955
-0.0582078 -0.0563075 -0.776877
-0.057488 -0.0563301 -0.776827
-0.0564503 -0.05683 -0.776816
-0.055289 -0.0575159 -0.776829
-0.05404 -0.0584106 -0.776884
-0.0527303 -0.0594843 -0.776995
-0.0513925 -0.0607542 -0.777208
-0.0500298 -0.0622391 -0.777533
-0.0486388 -0.0638915 -0.777965
-0.0472564 -0.0656651 -0.778489
-0.0458911 -0.0675318 -0.779069
-0.0445534 -0.0695162 -0.779698
-0.0432642 -0.0715246 -0.780356
-0.0420733 -0.0735278 -0.781012
-0.0410309 -0.0754806 -0.781646
-0.0401409 -0.0773694 -0.782235
-0.0394564 -0.0792305 -0.782767
-0.03902 -0.0810268 -0.783251
-0.0386706 -0.0828852 -0.78366
-0.0386078 -0.0846023 -0.784009
-0.0389233 -0.0860116 -0.78428
-0.0394999 -0.0871946 -0.784452
-0.0402968 -0.0881818 -0.784526
-0.0412809 -0.0889361 -0.784498
-0.042418 -0.0894395 -0.784402
-0.0436468 -0.0897152 -0.784227
-0.0449248 -0.089672 -0.784005
-0.0461995 -0.0893194 -0.783762
-0.0474535 -0.0886831 -0.783496
-0.048651 -0.0877572 -0.783246
-0.0497656 -0.0866708 -0.783031
-0.0508049 -0.085437 -0.782896
-0.0517325 -0.0841244 -0.782847
-0.0526822 -0.0825062 -0.782904
-0.0533123 -0.081093 -0.783073
-0.0537891 -0.0797404 -0.78334
-0.0541031 -0.0785171 -0.783687
-0.0542641 -0.0774726 -0.784105
-0.0543164 -0.0766573 -0.784591
-0.0543068 -0.0760333 -0.785131
-0.054223 -0.0755385 -0.785742
-0.0541255 -0.0751608 -0.786434
-0.054044 -0.0749186 -0.787229
-0.0539662 -0.0747771 -0.788132
-0.0539183 -0.0747009 -0.789144
-0.0539298 -0.0747481 -0.790268
-0.0540596 -0.07458 -0.791498
-0.0542468 -0.0745327 -0.792836
-0.0544662 -0.0746229 -0.794283
-0.054697 -0.0748575 -0.79584
-0.0549332 -0.0752482 -0.797521
-0.0551527 -0.0757927 -0.799299
-0.0553219 -0.0764388 -0.801192
-0.055427 -0.0772266 -0.803183
-0.0554503 -0.0781798 -0.805266
-0.0553998 -0.0792566 -0.807428
-0.0551524 -0.0807179 -0.809678
-0.054875 -0.0823156 -0.812033
-0.0545618 -0.0840084 -0.814476
-0.0542379 -0.0858064 -0.816996
-0.0539215 -0.0876887 -0.819595
-0.0536096 -0.0895924 -0.822258
-0.0533131 -0.0915758 -0.824957
-0.0530248 -0.093541 -0.827663
-0.0527393 -0.0954605 -0.830359
-0.0524792 -0.0973733 -0.833014
-0.0522543 -0.0991929 -0.835575
-0.052066 -0.100843 -0.838045
-0.051949 -0.102328 -0.840414
-0.052057 -0.103641 -0.842665
-0.0522748 -0.104758 -0.844748
-0.0526319 -0.105703 -0.846642
-0.0531296 -0.106423 -0.848336
-0.0537702 -0.106931 -0.849806
-0.0545555 -0.107254 -0.851048
-0.0554508 -0.107389 -0.85207
-0.0564457 -0.107358 -0.852918
-0.0574201 -0.107166 -0.85363
-0.0584699 -0.106846 -0.85425
-0.0595452 -0.106385 -0.854844
-0.0606347 -0.105828 -0.855419
-0.0618526 -0.105173 -0.855999
-0.0630484 -0.104401 -0.85658
-0.0642032 -0.103526 -0.857159
-0.0653165 -0.102588 -0.857728
-0.066366 -0.101651 -0.858313
-0.0673437 -0.100768 -0.858909
-0.0682368 -0.0999973 -0.859532
-0.0690414 -0.0993715 -0.860196
-0.0697549 -0.0989199 -0.860891
-0.0703431 -0.0986648 -0.861648
-0.0706804 -0.0987639 -0.862473
-0.0709155 -0.0990479 -0.86341
-0.0710715 -0.0995063 -0.864442
-0.0711441 -0.100119 -0.865573
-0.0711395 -0.100938 -0.866808
-0.0710983 -0.101944 -0.868153
-0.071034 -0.103083 -0.869581
-0.0709725 -0.104379 -0.87106
-0.0709282 -0.105811 -0.872574
-0.0709005 -0.107347 -0.874134
-0.0709936 -0.108891 -0.875718
-0.0711489 -0.110551 -0.877281
-0.071385 -0.112285 -0.878814
-0.071714 -0.114097 -0.880319
-0.072143 -0.115992 -0.881762
-0.0726768 -0.117921 -0.883122
-0.0732911 -0.11985 -0.884415
-0.0739219 -0.121772 -0.885622
-0.0746483 -0.123638 -0.886754
-0.0754512 -0.125482 -0.887794
-0.0763192 -0.127326 -0.888724
-0.0772257 -0.129093 -0.889523
-0.07816 -0.13076 -0.890181
-0.0791153 -0.132375 -0.890709
-0.0800614 -0.133886 -0.891096
-0.0810082 -0.135285 -0.89135
-0.0819518 -0.136627 -0.891473
-0.0828869 -0.137842 -0.89147
-0.0838332 -0.138992 -0.891367
-0.084783 -0.140102 -0.891183
-0.0857225 -0.141103 -0.890927
-0.0866268 -0.142002 -0.890607
-0.0876314 -0.142846 -0.890236
-0.0885726 -0.14354 -0.889822
-0.0894307 -0.144152 -0.889377
-0.090203 -0.144697 -0.888908
-0.0908699 -0.145154 -0.888416
-0.0914488 -0.145622 -0.887887
-0.0919391 -0.146138 -0.887322
-0.0923386 -0.14665 -0.886715
-0.0926363 -0.147211 -0.886089
-0.0928461 -0.147831 -0.885455
-0.0929958 -0.148444 -0.884886
-0.0930825 -0.149033 -0.884374
-0.0930957 -0.149655 -0.883947
-0.0930777 -0.150342 -0.883595
-0.0930121 -0.151072 -0.883342
-0.092888 -0.151906 -0.883154
-0.0926925 -0.152893 -0.883001
-0.092448 -0.154036 -0.882885
-0.0921486 -0.15526 -0.882761
-0.0917874 -0.156512 -0.88264
-0.0914067 -0.157826 -0.882512
-0.0910358 -0.159192 -0.882383
-0.0906594 -0.160546 -0.882245
-0.0903227 -0.161879 -0.88207
-0.0900568 -0.163239 -0.881847
-0.0898629 -0.164631 -0.881569
-0.0897322 -0.165996 -0.881239
-0.089662 -0.167295 -0.880878
-0.089648 -0.168564 -0.880493
-0.0895171 -0.169711 -0.8801
-0.0894028 -0.170781 -0.879683
-0.0893337 -0.171839 -0.879219
-0.0892681 -0.172933 -0.878744
-0.0892023 -0.174009 -0.87825
-0.0891278 -0.175045 -0.87775
-0.0892433 -0.176169 -0.877233
-0.0893404 -0.17731 -0.876672
-0.0894514 -0.178463 -0.876084
-0.0895551 -0.17963 -0.875476
-0.0896599 -0.180849 -0.874848
-0.0897601 -0.182108 -0.874239
-0.0898783 -0.183389 -0.873665
-0.0899879 -0.184673 -0.873163
-0.0899326 -0.185854 -0.872757
-0.0898508 -0.187066 -0.872419
-0.0897459 -0.188297 -0.872147
-0.0895959 -0.189528 -0.871945
-0.0893653 -0.190776 -0.871829
-0.0890355 -0.192028 -0.871781
-0.0886205 -0.193226 -0.871821
-0.0881689 -0.194411 -0.871956
-0.0876648 -0.195598 -0.87217
-0.0871103 -0.196709 -0.872489
-0.0865322 -0.197789 -0.872921
-0.0859405 -0.198856 -0.873443
-0.0852945 -0.199876 -0.874055
-0.08456 -0.200817 -0.874751
-0.0837582 -0.201645 -0.875505
-0.0828582 -0.2023 -0.876293
-0.081835 -0.202779 -0.877093
-0.0809455 -0.203193 -0.877854
-0.0799499 -0.203371 -0.878569
-0.0788428 -0.203375 -0.879227
-0.0774104 -0.203063 -0.879847
-0.0758958 -0.202578 -0.880449
