%roll pitch yaw
0.0164185 -0.00671905 -0.969411
0.0166125 -0.00733501 -0.969171
0.0167751 -0.00793731 -0.96889
0.0169081 -0.00857658 -0.968576
0.0170124 -0.00927876 -0.968221
0.0170533 -0.0100245 -0.967873
0.0170344 -0.0108546 -0.96754
0.0169111 -0.0117472 -0.967242
0.0166801 -0.01263 -0.966973
0.0165274 -0.0135767 -0.9667
0.0161337 -0.01442 -0.966424
0.0157172 -0.0152505 -0.966128
0.0153184 -0.0160628 -0.965793
0.0149527 -0.016893 -0.965433
0.0146533 -0.0177076 -0.965016
0.0143649 -0.018492 -0.96454
0.0141011 -0.019217 -0.964018
0.0138223 -0.0198672 -0.963453
0.0135254 -0.0204436 -0.962833
0.0131968 -0.0209416 -0.962182
0.0128712 -0.0213252 -0.961506
0.0125442 -0.021609 -0.960847
0.0122405 -0.0218242 -0.96019
0.0119751 -0.0219827 -0.959576
0.011755 -0.0220421 -0.959014
0.0115874 -0.0220237 -0.958509
0.0114908 -0.0219791 -0.958072
0.0115091 -0.021895 -0.957688
0.0116244 -0.0217647 -0.957363
0.0118271 -0.0216343 -0.957103
0.012121 -0.0215634 -0.956928
0.0124966 -0.0215187 -0.956834
0.0129361 -0.0214553 -0.956797
0.0134395 -0.0214022 -0.956834
0.0139441 -0.0213971 -0.956947
0.0144402 -0.0214316 -0.957123
0.0149239 -0.0214681 -0.957365
0.0153854 -0.0215175 -0.957657
0.0158239 -0.0216271 -0.957999
0.0162488 -0.0218112 -0.958369
0.0166581 -0.0220134 -0.958776
0.0170418 -0.0222326 -0.959204
0.0173807 -0.0225171 -0.959667
0.017668 -0.0228897 -0.960132
0.0178858 -0.0232775 -0.960606
0.018047 -0.0236371 -0.96107
0.0181568 -0.0239759 -0.961537
0.018199 -0.0243359 -0.962005
0.0181666 -0.0246918 -0.962465
0.0180533 -0.0249876 -0.962934
0.0179088 -0.0252404 -0.963392
0.0177495 -0.0255248 -0.96384
0.017575 -0.0258063 -0.964258
0.01739 -0.0260427 -0.964668
0.0172054 -0.0262643 -0.965044
0.0169893 -0.0265253 -0.965387
0.0167475 -0.0267657 -0.965716
0.0165118 -0.026945 -0.966023
0.0162496 -0.0271108 -0.966295
0.0159322 -0.0273194 -0.966544
0.0156162 -0.0275229 -0.966786
0.0153345 -0.0276962 -0.966995
0.0150706 -0.0278651 -0.967172
0.0148368 -0.0280737 -0.967299
0.0146574 -0.0283532 -0.967397
0.0145043 -0.0287017 -0.967458
0.0144134 -0.0290519 -0.967484
0.0143497 -0.0293644 -0.967467
0.0142894 -0.0296498 -0.967425
0.0142729 -0.029912 -0.967362
0.0142307 -0.0301701 -0.967288
0.0141938 -0.0304368 -0.967201
0.0141645 -0.0306533 -0.967109
0.014116 -0.0308072 -0.966999
0.0140802 -0.0309106 -0.966885
0.0140984 -0.0309994 -0.966773
0.0141542 -0.0310823 -0.966646
0.0142734 -0.031147 -0.966483
0.0144116 -0.0311752 -0.966274
0.0145718 -0.0311548 -0.966026
0.0147604 -0.0311354 -0.965726
0.0149098 -0.0311745 -0.965417
0.0150126 -0.0312762 -0.96509
0.0150607 -0.0314131 -0.964783
0.0150267 -0.0315206 -0.964499
0.0149468 -0.0315747 -0.964234
0.0148392 -0.0316145 -0.963986
0.0146882 -0.0316645 -0.963755
0.0145485 -0.0317494 -0.963498
0.0143834 -0.0318598 -0.96322
0.0142028 -0.0319491 -0.962911
0.0140186 -0.032017 -0.962577
0.0137942 -0.03206 -0.962236
0.0135201 -0.0320738 -0.961906
0.013207 -0.032062 -0.961605
0.0128268 -0.0319866 -0.961322
0.0124537 -0.0318659 -0.961064
0.0120846 -0.0317264 -0.960859
0.0117259 -0.0315766 -0.9607
0.0114376 -0.0314309 -0.960583
0.0111704 -0.0312711 -0.960496
0.0109516 -0.0310675 -0.960443
0.0107817 -0.030828 -0.960437
0.0106382 -0.0305981 -0.960476
0.0105214 -0.0303782 -0.960606
0.0104448 -0.0301594 -0.960834
0.0103936 -0.0299129 -0.961184
0.01036 -0.0296257 -0.961632
0.0103861 -0.0293183 -0.962172
0.0105578 -0.0288525 -0.962781
0.0107703 -0.0283842 -0.963413
0.0108902 -0.0280029 -0.964047
0.0109903 -0.0275983 -0.964641
0.011068 -0.02723 -0.965183
0.0111197 -0.0269547 -0.965665
0.0110854 -0.0268013 -0.966071
0.0109536 -0.0267536 -0.966401
0.0107299 -0.0267577 -0.966691
0.0103944 -0.0267843 -0.966942
0.00994552 -0.0268332 -0.967156
0.00941652 -0.0268772 -0.967317
0.00882934 -0.0268773 -0.967447
0.00825714 -0.0268153 -0.967542
0.00771678 -0.0267301 -0.967614
0.00727107 -0.0266021 -0.967616
0.00698774 -0.0264264 -0.967538
0.00684014 -0.0261463 -0.96741
0.00685899 -0.0257051 -0.967205
0.00714771 -0.0248687 -0.966973
0.00754801 -0.023834 -0.966696
0.00801113 -0.0226194 -0.966402
0.00853644 -0.0212428 -0.966111
0.00912853 -0.019668 -0.965845
0.00976378 -0.017957 -0.965621
0.0104262 -0.0161785 -0.965427
0.0111099 -0.0143675 -0.965232
0.0117981 -0.0125487 -0.965025
0.0123477 -0.0110944 -0.964774
0.012851 -0.00972917 -0.964442
0.0132984 -0.00847422 -0.964004
0.0136596 -0.00739923 -0.963488
0.0139261 -0.00658679 -0.962904
0.0141292 -0.00608981 -0.962265
0.0145554 -0.00537386 -0.961623
0.0148846 -0.0050374 -0.960993
0.015159 -0.00499252 -0.960375
0.0153504 -0.00519634 -0.959773
0.015232 -0.00589778 -0.959199
0.015071 -0.00668274 -0.958616
0.0148616 -0.00751228 -0.958041
0.0146398 -0.00838016 -0.957523
0.0143953 -0.00926783 -0.95707
0.0143292 -0.00992122 -0.95671
0.0142964 -0.0106429 -0.956433
0.0143028 -0.0113994 -0.95624
0.0143591 -0.0121993 -0.956093
0.0144621 -0.0130093 -0.955989
0.0146005 -0.0138188 -0.955917
0.0147742 -0.0146074 -0.955889
0.01499 -0.0153464 -0.955925
0.0152223 -0.015996 -0.956026
0.0154892 -0.0165905 -0.956196
0.0158246 -0.0171409 -0.956422
0.0162035 -0.0176586 -0.956725
0.016643 -0.0181534 -0.957099
0.0170096 -0.0187629 -0.957505
0.0174292 -0.0193438 -0.957954
0.017909 -0.019874 -0.958433
0.0184266 -0.0203498 -0.958936
0.018977 -0.0207852 -0.959468
0.0195368 -0.0211935 -0.960016
0.020088 -0.0215559 -0.960606
0.0207972 -0.0218188 -0.961217
0.0214875 -0.0220587 -0.961861
0.0221511 -0.0222691 -0.962546
0.022778 -0.0224511 -0.963263
0.0233616 -0.022594 -0.964
0.0239195 -0.0227171 -0.964772
0.0244372 -0.0228217 -0.965578
0.0249044 -0.0229059 -0.966384
0.025367 -0.0229133 -0.96721
0.0257992 -0.0228649 -0.96802
0.0262354 -0.0227427 -0.968817
0.0266605 -0.0225382 -0.969594
0.0270525 -0.022261 -0.970329
0.0274171 -0.0219226 -0.971001
0.0277065 -0.0215566 -0.971621
0.0279483 -0.0211748 -0.972181
0.0280895 -0.0207961 -0.972683
0.0281798 -0.0204538 -0.973092
0.0282303 -0.0201516 -0.973443
0.0282471 -0.0198465 -0.973714
0.0282439 -0.0195122 -0.97391
0.0282172 -0.0191623 -0.973992
0.0281705 -0.0188201 -0.973984
0.0281198 -0.0185057 -0.973914
0.02806 -0.0182249 -0.973789
0.0279863 -0.0180011 -0.973643
0.0279061 -0.0178159 -0.973481
0.0278568 -0.0176579 -0.97328
0.027864 -0.0175261 -0.973054
0.0279163 -0.0174568 -0.97282
0.0280187 -0.0174309 -0.972581
0.0281947 -0.0174064 -0.972314
0.0284324 -0.0173922 -0.972025
0.0287304 -0.0173638 -0.971722
0.0290739 -0.0173304 -0.971398
0.0294815 -0.0172947 -0.971068
0.0299435 -0.01723 -0.970728
0.0304524 -0.0171495 -0.970384
0.0310078 -0.0170397 -0.970031
0.0316013 -0.0169062 -0.969677
0.0322278 -0.0167745 -0.969338
0.0328636 -0.0166097 -0.969008
0.0334879 -0.0164247 -0.96868
0.0341168 -0.0161956 -0.968338
0.0347565 -0.0159889 -0.968003
0.0354153 -0.0158133 -0.967671
0.036085 -0.0156373 -0.967333
0.0367167 -0.0154902 -0.966998
0.0373495 -0.0153692 -0.966702
0.0380032 -0.0152822 -0.966435
0.0386254 -0.0152106 -0.966202
0.0391969 -0.0151763 -0.965999
0.0397413 -0.0151821 -0.965824
0.0402216 -0.0152528 -0.965668
0.0406576 -0.0153856 -0.965518
0.0410242 -0.0155375 -0.965393
0.0413375 -0.0157088 -0.965273
0.0415916 -0.0158841 -0.965159
0.0418005 -0.0160319 -0.965061
0.0419674 -0.0161583 -0.964969
0.0420753 -0.0162677 -0.964886
0.0421241 -0.0163694 -0.964792
0.0421365 -0.0164836 -0.96468
0.0421257 -0.0165941 -0.96454
0.0420971 -0.0167477 -0.964404
0.0420495 -0.0169287 -0.964269
0.041954 -0.0171431 -0.964158
0.0417992 -0.0173821 -0.964063
0.0415911 -0.0176316 -0.963981
0.0413154 -0.0178699 -0.963943
0.0409821 -0.0181046 -0.963975
0.0406142 -0.0183419 -0.964027
0.0402315 -0.0185463 -0.964118
0.0398168 -0.0187305 -0.964229
0.0393973 -0.0188822 -0.964389
0.0390211 -0.0190379 -0.964572
0.0386709 -0.019208 -0.964794
0.0383712 -0.0193882 -0.965045
0.0381146 -0.0195457 -0.965331
0.0378948 -0.019636 -0.96565
0.0376843 -0.0196737 -0.966017
0.0375033 -0.0197013 -0.966422
0.037334 -0.0197683 -0.966849
0.0371655 -0.0198281 -0.967305
0.0369991 -0.0198937 -0.967788
0.0368443 -0.0199421 -0.968266
0.0366733 -0.0199785 -0.968764
0.0365106 -0.0199996 -0.969269
0.03634 -0.0200382 -0.96976
0.036132 -0.0200411 -0.970207
0.035912 -0.0200099 -0.970602
0.0356906 -0.0198996 -0.970945
0.0354698 -0.0197758 -0.971248
0.0352384 -0.0196501 -0.971498
0.0349918 -0.0195321 -0.971709
0.034724 -0.019393 -0.971854
0.0344548 -0.0192584 -0.971924
0.0341863 -0.0191514 -0.971936
0.0338946 -0.0190682 -0.971899
0.0335553 -0.0189866 -0.971801
0.033164 -0.0188676 -0.971666
0.0327249 -0.0187236 -0.971483
0.0322666 -0.0185547 -0.971246
0.0318266 -0.0184071 -0.970984
0.0314158 -0.0182472 -0.970675
0.031053 -0.0181137 -0.970327
0.0307943 -0.0180226 -0.969921
0.030622 -0.0179534 -0.969486
0.0305025 -0.0178841 -0.969056
0.030427 -0.017844 -0.968629
0.0303923 -0.0178672 -0.968217
0.0303302 -0.0178688 -0.967804
0.0302404 -0.0178244 -0.967417
0.0301086 -0.0177039 -0.967051
0.0298543 -0.017434 -0.966718
0.029457 -0.0169585 -0.966386
0.0288979 -0.0162477 -0.966069
0.0281441 -0.015304 -0.965768
0.0270929 -0.0140198 -0.965508
0.0259107 -0.0125339 -0.965284
0.0246421 -0.0108328 -0.965119
0.0233394 -0.00899192 -0.964998
0.0219566 -0.0069404 -0.964932
0.0206208 -0.00487707 -0.964931
0.01935 -0.00278221 -0.964989
0.018157 -0.000678575 -0.965074
0.0172838 0.00102927 -0.965234
0.0165206 0.00253997 -0.96544
0.0158686 0.00382605 -0.965687
0.0152771 0.00486929 -0.965991
0.0147541 0.00562756 -0.966331
0.0143171 0.00607551 -0.966696
0.0139994 0.00629649 -0.967095
0.0135006 0.00672712 -0.967551
0.0131395 0.00692297 -0.96805
0.0129349 0.00690878 -0.968585
0.013095 0.00649419 -0.969162
0.0133171 0.0060632 -0.969758
0.013619 0.00564931 -0.970338
0.0139956 0.005238 -0.970894
0.0144415 0.00475245 -0.971403
0.0149268 0.00423577 -0.97185
0.0154267 0.00372873 -0.972218
0.015666 0.00339607 -0.972494
0.015864 0.00310327 -0.972697
0.0160255 0.00280424 -0.972808
0.0161429 0.00247976 -0.972846
0.0162473 0.00211531 -0.972845
0.0163206 0.00172744 -0.972815
0.0163472 0.00133771 -0.972761
0.0163239 0.000991594 -0.972692
0.0162183 0.000688945 -0.972598
0.0160106 0.000397384 -0.972462
0.0157026 0.000142049 -0.972264
0.0153004 -9.68242e-05 -0.97202
0.0148175 -0.00037647 -0.971711
0.01428 -0.000711658 -0.971337
0.0137225 -0.00107155 -0.970937
0.0131524 -0.00142437 -0.970511
0.0125613 -0.0017876 -0.970083
0.012131 -0.00221599 -0.969641
0.0116924 -0.0025898 -0.969181
0.0112533 -0.00293892 -0.968678
0.0106145 -0.00319969 -0.968133
0.0099645 -0.00339952 -0.967546
0.00933273 -0.00354286 -0.966954
0.00870132 -0.00365784 -0.966339
0.00812622 -0.00372111 -0.965673
0.0075926 -0.00371146 -0.964975
0.00710337 -0.0036387 -0.96427
0.00665577 -0.00353776 -0.963567
0.00624507 -0.00338669 -0.962897
0.00588642 -0.00314897 -0.962228
0.0055666 -0.00283501 -0.961612
0.0053153 -0.0024674 -0.96104
0.00512681 -0.00206105 -0.960511
0.00497898 -0.00164479 -0.960029
0.00487548 -0.00124287 -0.959626
0.00483494 -0.000886954 -0.959289
0.00484837 -0.000538676 -0.959032
0.00491236 -0.000181527 -0.95886
0.00501908 0.00014931 -0.95875
0.00517081 0.000429664 -0.95872
0.00534986 0.000667469 -0.958772
0.0055852 0.000887998 -0.958893
0.00585253 0.00109669 -0.959059
0.00613864 0.00126594 -0.959258
0.00642935 0.00139673 -0.959482
0.00674039 0.00150033 -0.959739
0.0070197 0.00158006 -0.95999
0.00723524 0.00159623 -0.960249
0.00739625 0.00156884 -0.960515
0.00750673 0.00154748 -0.960765
0.00757481 0.0015485 -0.96102
0.00759077 0.00158158 -0.961289
0.00755126 0.00163031 -0.961569
0.00746622 0.00169026 -0.961829
0.00729429 0.00181198 -0.962093
0.007045 0.00196417 -0.96236
0.00675359 0.00209945 -0.962595
0.00639409 0.00223776 -0.962808
0.0059919 0.00243183 -0.963007
0.00557528 0.00267178 -0.963166
0.00513815 0.00291682 -0.963265
0.0046885 0.00317892 -0.96334
0.00426881 0.00350026 -0.963364
0.00386867 0.0038716 -0.963338
0.00347104 0.00425533 -0.963283
0.00309392 0.00460267 -0.963197
0.00274659 0.00494194 -0.96308
0.00239222 0.00525526 -0.962941
0.00205235 0.00549327 -0.962814
0.00176508 0.00565956 -0.96269
0.00150914 0.0058331 -0.962556
0.00127527 0.00602256 -0.962432
0.00110121 0.00618032 -0.962323
0.000989582 0.00631779 -0.962211
0.000925159 0.00646334 -0.962104
0.000931277 0.00659069 -0.961988
0.0010237 0.00665615 -0.961848
0.00117534 0.00671487 -0.961686
0.0013682 0.00682688 -0.961514
0.00161913 0.00703404 -0.961341
0.00189528 0.00728375 -0.961196
0.00215369 0.00752471 -0.961043
0.00241169 0.00777913 -0.960888
0.00267029 0.00803666 -0.960752
0.00289716 0.00825511 -0.960615
0.00313043 0.00842353 -0.960491
0.00336543 0.00856199 -0.960359
0.00357232 0.00871791 -0.960224
0.00376251 0.00890814 -0.96009
0.00393611 0.00907487 -0.959976
0.00407506 0.00917226 -0.95987
0.00415467 0.00924894 -0.959771
0.00421914 0.0093505 -0.959689
0.00422074 0.00944916 -0.959607
0.00416781 0.00948609 -0.959509
0.00409279 0.00948677 -0.959395
0.00398439 0.00952085 -0.959287
0.00383654 0.00959796 -0.959164
0.00366874 0.00965937 -0.959035
0.00347415 0.00968459 -0.958895
0.00323978 0.00971983 -0.958747
0.00300433 0.0098379 -0.958635
0.00275184 0.0100097 -0.958579
0.0024646 0.0101628 -0.958559
0.00218803 0.0102806 -0.95859
0.00192039 0.0103919 -0.958692
0.00165339 0.0105362 -0.958861
0.00142851 0.0106893 -0.959079
0.00123304 0.0108379 -0.959332
0.00110567 0.0109519 -0.959643
0.00121342 0.0111337 -0.959973
0.00133909 0.0113267 -0.960299
0.00145032 0.0115915 -0.96068
0.00148636 0.0120054 -0.961137
0.00138113 0.012539 -0.961708
0.00110935 0.0130853 -0.962369
0.000693567 0.0137975 -0.963076
5.68841e-05 0.0141067 -0.963775
-0.000733565 0.0142113 -0.964405
-0.00165281 0.0140732 -0.964929
-0.00265594 0.0136734 -0.96535
-0.00365644 0.0130473 -0.965641
-0.0045972 0.012265 -0.965844
-0.00539968 0.0113496 -0.965966
-0.00601519 0.0102821 -0.966024
-0.00647122 0.00906847 -0.966032
-0.00697917 0.00775104 -0.966037
-0.0071299 0.00636379 -0.966061
-0.00717494 0.00495903 -0.966099
-0.00710661 0.00359097 -0.966156
-0.00696415 0.0023427 -0.966269
-0.00677517 0.00128974 -0.966399
-0.00651352 0.000485025 -0.966539
-0.00617447 -8.21831e-06 -0.966672
-0.00589515 -0.000367819 -0.966776
-0.00546721 -0.000306744 -0.966828
-0.00483682 0.000192017 -0.966802
-0.00383748 0.00114526 -0.966706
-0.00268901 0.0023533 -0.966587
-0.00146047 0.00368207 -0.966429
-9.87941e-05 0.00530115 -0.966215
0.00124914 0.00693371 -0.96597
0.00251179 0.00849502 -0.965699
0.00361858 0.00989521 -0.965397
0.00430155 0.0107906 -0.965045
0.00475235 0.0115183 -0.964626
0.00498054 0.0121056 -0.964169
0.00528161 0.0128884 -0.963706
0.00543028 0.0134843 -0.963225
0.00541351 0.0138524 -0.962734
0.00524187 0.014009 -0.962214
0.00495218 0.0139891 -0.961718
0.00458363 0.0138403 -0.961224
0.00419731 0.0136035 -0.960726
0.00382432 0.0132854 -0.960206
0.00347328 0.0129048 -0.959678
0.00315542 0.0124885 -0.959141
0.00289604 0.0120484 -0.958581
0.00264624 0.0116029 -0.958021
0.00234424 0.0111693 -0.957477
0.00198701 0.010745 -0.956985
0.00160429 0.0103085 -0.956539
0.00122093 0.00983648 -0.956144
0.000869911 0.0093099 -0.955796
0.000583224 0.00873927 -0.9555
0.000373522 0.00814263 -0.955213
0.000272605 0.0075009 -0.954935
0.000277973 0.00681055 -0.954652
0.000386649 0.00607332 -0.954384
0.000562128 0.00531246 -0.954116
0.000805333 0.00453447 -0.953857
0.00109225 0.00376061 -0.953617
0.00141243 0.00295265 -0.953431
0.00178318 0.00207534 -0.953301
0.0021967 0.00115883 -0.953225
0.00263134 0.000210895 -0.953209
0.00308249 -0.00075222 -0.953258
0.00353064 -0.00169544 -0.953375
0.00400056 -0.00261954 -0.953563
0.00448351 -0.00352526 -0.953854
0.0049611 -0.00439286 -0.954241
0.00544004 -0.00522731 -0.954712
0.0058893 -0.00600558 -0.955285
0.00632476 -0.00674483 -0.955926
0.00671559 -0.00740318 -0.956627
0.00708896 -0.00796506 -0.957397
0.00741756 -0.00841403 -0.958212
0.00772122 -0.0087585 -0.959044
0.00800488 -0.00899216 -0.959888
0.00822997 -0.00912031 -0.960723
0.00840574 -0.00916109 -0.961535
0.00854954 -0.00912298 -0.962338
0.00862443 -0.00901771 -0.963117
0.00863783 -0.00886745 -0.963891
0.00858674 -0.00871058 -0.964642
0.00848209 -0.00851284 -0.965325
0.00831474 -0.00826197 -0.96594
0.00810285 -0.00793592 -0.966482
0.00786238 -0.00758529 -0.966926
0.00758848 -0.00724852 -0.967299
0.00728624 -0.00694101 -0.967585
0.00698148 -0.0066506 -0.967813
0.00667014 -0.00639888 -0.967976
0.00638023 -0.00618819 -0.968072
0.00611973 -0.00602064 -0.968123
0.00589692 -0.00590349 -0.968124
0.00571121 -0.00582922 -0.968059
0.00558323 -0.00580148 -0.967926
0.0055157 -0.00581974 -0.967753
0.00551286 -0.00591677 -0.967557
0.00556989 -0.00604094 -0.967331
0.00569567 -0.00620971 -0.967106
0.00586998 -0.00637374 -0.966864
0.00611628 -0.00653009 -0.966591
0.00641374 -0.00667846 -0.96629
0.00674152 -0.0068046 -0.96596
0.00712901 -0.00691567 -0.965609
0.007545 -0.00699459 -0.965239
0.00799383 -0.00707603 -0.964855
0.00846879 -0.00716926 -0.964466
0.00896728 -0.00732958 -0.964083
0.00949972 -0.00753248 -0.963707
0.0100726 -0.0077122 -0.963351
0.0106483 -0.00786263 -0.963015
0.0112365 -0.00796896 -0.962685
0.011873 -0.00809285 -0.962361
0.0125214 -0.00823533 -0.962071
0.0131759 -0.00839581 -0.961815
0.0138167 -0.00858298 -0.961597
0.0144563 -0.00878802 -0.961406
0.0150829 -0.00902738 -0.961245
0.0156824 -0.00926604 -0.961129
0.0162585 -0.00950761 -0.96107
0.0168192 -0.0097329 -0.961015
0.0173499 -0.0099278 -0.960963
0.017875 -0.0101032 -0.96093
0.0183588 -0.0103171 -0.960901
0.0188227 -0.0105357 -0.960871
0.019245 -0.0107594 -0.960813
0.0196214 -0.0109383 -0.960731
0.0199747 -0.0110745 -0.960642
0.0202957 -0.0111735 -0.960542
0.0205654 -0.0112291 -0.960435
0.0207962 -0.0112596 -0.960341
0.0209864 -0.0112843 -0.960235
0.0211632 -0.0113193 -0.960146
0.0213014 -0.0113855 -0.960065
0.021395 -0.0114663 -0.960016
0.0214809 -0.0115454 -0.959995
0.0215467 -0.0116097 -0.959998
0.0216251 -0.0116536 -0.960021
0.0217198 -0.0116854 -0.960067
0.0218356 -0.0117169 -0.960119
0.0219732 -0.0117689 -0.96015
0.0221197 -0.0118569 -0.960205
0.0222821 -0.0119694 -0.960287
0.022463 -0.0120785 -0.960379
0.0226702 -0.0121713 -0.960474
0.0228865 -0.0122674 -0.96058
0.0231219 -0.0123695 -0.960676
0.0233776 -0.0125146 -0.960786
0.023677 -0.0126774 -0.960897
0.0239846 -0.0128507 -0.960993
0.0242968 -0.0129736 -0.961076
0.0246208 -0.0130676 -0.961137
0.0249714 -0.0131398 -0.961173
0.0253175 -0.0132215 -0.961182
0.0256194 -0.0132714 -0.961169
0.0259087 -0.0132902 -0.961122
0.0261463 -0.0132603 -0.961062
0.0263222 -0.0132024 -0.960967
0.0264227 -0.0131385 -0.960839
0.0264855 -0.0130567 -0.960674
0.0265066 -0.012945 -0.960459
0.0265162 -0.0127759 -0.960203
0.0265366 -0.0125548 -0.959871
0.026574 -0.0123037 -0.959493
0.0266713 -0.0120593 -0.959109
0.0268247 -0.0118314 -0.958738
0.0270617 -0.0117176 -0.958401
0.0273978 -0.0117505 -0.958144
0.0277977 -0.0118852 -0.957968
0.0282396 -0.0121167 -0.957877
0.0287524 -0.0124024 -0.957867
0.0292825 -0.012704 -0.95789
0.0298108 -0.0129719 -0.957922
0.0303118 -0.0132717 -0.957955
0.030756 -0.0135931 -0.957973
0.0311221 -0.0138965 -0.957988
0.031388 -0.0141415 -0.95802
0.0315474 -0.0143016 -0.958072
0.0314323 -0.0141144 -0.958151
0.0312234 -0.0137374 -0.95825
0.0309284 -0.0131002 -0.958375
0.0305485 -0.0121848 -0.958526
0.0301353 -0.0110927 -0.958704
0.0296236 -0.00973551 -0.958897
0.0290097 -0.00816105 -0.959094
0.0282836 -0.00641684 -0.959304
0.027479 -0.00454351 -0.959501
0.026624 -0.00259719 -0.959708
0.0257406 -0.000639757 -0.959923
0.0248592 0.00124214 -0.960151
0.0240242 0.00298078 -0.960396
0.0232733 0.0045595 -0.960651
0.0226072 0.00597007 -0.960891
0.0220192 0.00720943 -0.961152
0.0218533 0.0077581 -0.961441
0.0214863 0.00844585 -0.96175
0.0212301 0.0088511 -0.962068
0.0210928 0.00907671 -0.962418
0.0210713 0.00917858 -0.962796
0.02116 0.00916021 -0.9632
0.0213251 0.00901542 -0.963616
0.0215535 0.00876548 -0.963999
0.0218336 0.0084938 -0.964344
0.0221412 0.00824943 -0.964667
0.0224613 0.00803073 -0.96491
0.0228098 0.00781635 -0.965071
0.023207 0.00754218 -0.965112
0.0236659 0.00721801 -0.965052
0.0241275 0.00684588 -0.964915
0.0245817 0.00645872 -0.964713
0.024985 0.00608251 -0.964452
0.0253191 0.00573902 -0.964124
0.0255655 0.00541011 -0.963758
0.0257408 0.00510853 -0.963365
0.0258816 0.00479627 -0.962927
0.0259996 0.00441623 -0.962464
0.0261075 0.00398694 -0.961976
0.0262009 0.00351591 -0.961489
0.0262698 0.00297778 -0.960992
0.0262757 0.00240784 -0.960505
0.0262054 0.00183239 -0.96003
0.0260502 0.00126167 -0.959553
0.0258339 0.000714719 -0.959043
0.0255912 0.000201204 -0.958502
0.0253254 -0.000304342 -0.957947
0.0250611 -0.000824776 -0.957366
0.0248441 -0.0013167 -0.95677
0.0246812 -0.00174097 -0.95616
0.0245608 -0.00213568 -0.955544
0.024479 -0.00250527 -0.954938
0.0244129 -0.00280495 -0.954324
0.0243448 -0.00301363 -0.953718
0.0242837 -0.00312226 -0.953107
0.024207 -0.00316938 -0.952519
0.0241159 -0.00311796 -0.95196
0.0240169 -0.00296497 -0.951438
0.0239373 -0.00274574 -0.950967
0.0238779 -0.0025038 -0.950547
0.0238717 -0.00225488 -0.95019
0.0239458 -0.00197873 -0.949879
0.0241234 -0.00166765 -0.949623
0.0243713 -0.00138212 -0.949444
0.0246982 -0.00115081 -0.949315
0.0251135 -0.000932336 -0.949249
0.0255897 -0.00069325 -0.949283
0.0261043 -0.00043099 -0.949391
0.0266114 -0.000196032 -0.94957
0.0271168 1.17408e-06 -0.949817
0.0276213 0.000159795 -0.950097
0.0281171 0.00028867 -0.950414
0.028576 0.000346326 -0.950759
0.0290195 0.000350397 -0.951119
0.0294388 0.000315366 -0.951486
0.0298468 0.000259764 -0.951857
0.030212 0.000158832 -0.952223
0.0305527 -1.1725e-05 -0.952582
0.0308797 -0.000213939 -0.952928
0.0311799 -0.000382046 -0.953265
0.0314191 -0.000546089 -0.953565
0.0316133 -0.000746185 -0.953842
0.0317267 -0.00097339 -0.954109
0.0317924 -0.00117671 -0.954366
0.0318357 -0.00134626 -0.954643
0.0318457 -0.00152053 -0.954906
0.031833 -0.00170215 -0.955154
0.0318302 -0.00182607 -0.955355
0.0318279 -0.0019032 -0.955495
0.0318272 -0.00197549 -0.955584
0.0318632 -0.002073 -0.955647
0.0319338 -0.00216009 -0.955669
0.0319896 -0.00223695 -0.955653
0.032014 -0.00235365 -0.955622
0.0320376 -0.00253786 -0.955553
0.0320351 -0.00271631 -0.95547
0.0319948 -0.0028617 -0.955381
0.0319603 -0.00302892 -0.955256
0.0319443 -0.00323646 -0.955138
0.0319327 -0.00346734 -0.955017
0.0319224 -0.00367486 -0.954894
0.0319547 -0.00392133 -0.954755
0.0320356 -0.0042278 -0.954602
0.0321387 -0.00454969 -0.954444
0.0322845 -0.00484499 -0.954273
0.0324548 -0.00510524 -0.954072
0.032637 -0.00534309 -0.953869
0.0328491 -0.00552796 -0.953655
0.0330227 -0.00564192 -0.953438
0.0331984 -0.00568022 -0.953243
0.033378 -0.00566746 -0.953067
0.0335159 -0.00566376 -0.952923
0.0336374 -0.00565771 -0.952803
0.0337412 -0.00567543 -0.952726
0.033816 -0.0056908 -0.952675
0.0339277 -0.0056701 -0.952637
0.0340275 -0.00561431 -0.952589
0.0341454 -0.00554217 -0.952562
0.0342857 -0.00551577 -0.952536
0.0343862 -0.00554767 -0.952482
0.0344657 -0.00558639 -0.952412
0.0344809 -0.00559919 -0.952355
0.0343692 -0.00556097 -0.952328
0.0341561 -0.00551861 -0.952318
0.0338393 -0.00552209 -0.952346
0.0334256 -0.00554167 -0.952393
0.0329508 -0.00551841 -0.952447
0.032466 -0.00542333 -0.95252
0.0319641 -0.00532293 -0.952567
0.0314921 -0.00523497 -0.952557
0.031055 -0.0051617 -0.952522
0.0306164 -0.00508488 -0.952474
0.030192 -0.0049817 -0.952476
0.0297321 -0.00485637 -0.95254
0.0292586 -0.00471062 -0.952692
0.0288078 -0.00455578 -0.952937
0.0283453 -0.00441822 -0.953274
0.027944 -0.00430906 -0.953666
0.0277532 -0.00404327 -0.954109
0.0276251 -0.00376237 -0.954584
0.0275668 -0.00339071 -0.955085
0.0275078 -0.00287396 -0.95563
0.0273967 -0.00222277 -0.95622
0.0272022 -0.00152214 -0.956859
0.0269388 -0.000661118 -0.957503
0.0264387 -0.000145487 -0.958116
0.0257688 0.000136691 -0.958658
0.0248956 0.000125812 -0.959093
0.0238605 -0.000162226 -0.959411
0.022675 -0.000681867 -0.9596
0.0213923 -0.00139245 -0.959686
0.0200714 -0.00227305 -0.95968
0.0187525 -0.00326229 -0.959617
0.0175152 -0.00431755 -0.959503
0.0162626 -0.00541013 -0.959365
0.0152716 -0.00656276 -0.959232
0.0144793 -0.00775682 -0.959144
0.0138568 -0.00898146 -0.959078
0.0133672 -0.0101968 -0.959039
0.0130195 -0.0113065 -0.959025
0.012777 -0.012242 -0.958985
0.0126761 -0.0128789 -0.958909
0.0125712 -0.013421 -0.958794
0.0126377 -0.0135438 -0.958663
0.0131013 -0.0129611 -0.958535
0.0137601 -0.0120467 -0.958416
0.0145822 -0.0108805 -0.95835
0.0155388 -0.0095268 -0.95835
0.0165879 -0.00792563 -0.958372
0.0176807 -0.00618341 -0.958408
0.0187517 -0.00438804 -0.958437
0.0197508 -0.0026412 -0.958435
0.02062 -0.000981797 -0.958368
0.0211752 0.000324419 -0.958209
0.0215221 0.00151398 -0.95796
0.0218899 0.00293501 -0.957622
0.0220922 0.00420097 -0.957226
0.022155 0.00525783 -0.95677
0.0221381 0.00606029 -0.956258
0.0220444 0.00651965 -0.955707
0.0218923 0.00666998 -0.955119
0.0216824 0.00657059 -0.954492
0.0214778 0.00632806 -0.953834
0.0212538 0.00601627 -0.953136
0.0210374 0.00567054 -0.952408
0.0208196 0.00528803 -0.951674
0.0205894 0.00486857 -0.950937
0.0203728 0.00442093 -0.950233
0.0201882 0.00391206 -0.949528
0.0200301 0.00332153 -0.948828
0.0199163 0.00269014 -0.948157
0.0198537 0.0020051 -0.9475
0.0198367 0.0012588 -0.946847
0.0198928 0.000492212 -0.946191
0.02 -0.000309851 -0.945543
0.0201565 -0.00114464 -0.944913
0.0203496 -0.00198335 -0.944324
0.0206001 -0.00287216 -0.943761
0.0209012 -0.00382611 -0.943224
0.0212149 -0.00481114 -0.942723
0.0215668 -0.00582854 -0.942287
0.0219428 -0.00688927 -0.941901
0.022343 -0.00795018 -0.941567
0.0227697 -0.00901165 -0.94128
0.0232093 -0.0100804 -0.941047
0.023679 -0.0111375 -0.940897
0.0241614 -0.0121787 -0.940843
0.0246672 -0.0131813 -0.940904
0.0251749 -0.014124 -0.941092
0.0256619 -0.015003 -0.941406
0.0261242 -0.0158215 -0.941829
0.0265679 -0.0165622 -0.942369
0.0269619 -0.017245 -0.943003
0.0273343 -0.0178342 -0.943719
0.0276869 -0.0183135 -0.944521
0.0280444 -0.018678 -0.945392
0.0284166 -0.0189102 -0.946326
0.0287969 -0.0189936 -0.947304
0.0291932 -0.0189332 -0.948307
0.0295726 -0.0187523 -0.949326
0.029913 -0.0184644 -0.950344
0.0302286 -0.0181021 -0.951351
0.0304614 -0.0176831 -0.952335
0.0306447 -0.0172311 -0.953283
0.030768 -0.0167934 -0.954186
0.0308361 -0.0163467 -0.955021
0.0308457 -0.0158834 -0.955767
0.0308017 -0.0153894 -0.956431
0.0307268 -0.0148833 -0.957011
0.0306565 -0.0144142 -0.957512
0.0305773 -0.0140027 -0.957922
0.0304961 -0.013692 -0.958248
0.0303944 -0.0134793 -0.958487
0.0303175 -0.0133559 -0.958653
0.0302859 -0.0133156 -0.95875
0.0302898 -0.0133556 -0.958788
0.0303549 -0.0134876 -0.95875
0.0304766 -0.0136799 -0.958632
0.0306478 -0.0139399 -0.958449
0.0308461 -0.0142302 -0.958198
0.0310899 -0.0145601 -0.957901
0.0313794 -0.014958 -0.95757
0.0317003 -0.0153698 -0.95721
0.032059 -0.0157959 -0.956798
0.0324548 -0.0162042 -0.956325
0.0329078 -0.0166318 -0.955797
0.0334167 -0.0170236 -0.955256
0.0339799 -0.0173987 -0.954695
0.0345811 -0.0177072 -0.95412
0.0351893 -0.0179867 -0.95353
0.0358042 -0.0182484 -0.952932
0.0364341 -0.0185637 -0.952336
0.0370578 -0.0188981 -0.951761
0.0376551 -0.0192355 -0.951204
0.0382375 -0.0195474 -0.950659
0.0388538 -0.0198572 -0.950141
0.0395044 -0.0201602 -0.949634
0.0401549 -0.0204583 -0.949164
0.0408059 -0.0207413 -0.948732
0.0414524 -0.0210129 -0.948339
0.0420964 -0.0212663 -0.94799
0.0427247 -0.021516 -0.947692
0.0433362 -0.0217772 -0.94743
0.0439115 -0.0220819 -0.947213
0.0444551 -0.022402 -0.947019
0.0449573 -0.0227135 -0.946842
0.0454045 -0.0229738 -0.946677
0.045811 -0.0231823 -0.946531
0.0461931 -0.0233261 -0.946407
0.0465567 -0.0234219 -0.946274
0.0468892 -0.0235284 -0.946145
0.0471897 -0.0236774 -0.946031
0.047444 -0.023893 -0.945923
0.0476462 -0.0241424 -0.945837
0.0477975 -0.0244224 -0.94578
0.0478935 -0.0246679 -0.945757
0.04795 -0.0248953 -0.945758
0.0479674 -0.025077 -0.945795
0.0479204 -0.0252676 -0.945852
0.0478236 -0.0254589 -0.945921
0.0477144 -0.0256586 -0.946004
0.0475899 -0.0258951 -0.946118
0.0474489 -0.0261594 -0.946281
0.04732 -0.0264159 -0.946484
0.047204 -0.0266698 -0.946705
0.047099 -0.0268885 -0.946968
0.0470035 -0.0270977 -0.947233
0.0469295 -0.0273416 -0.947511
0.0468762 -0.0276302 -0.947804
0.0468137 -0.0279226 -0.948106
0.0467564 -0.0282294 -0.948415
0.0466979 -0.0285362 -0.948737
0.0466273 -0.028864 -0.949077
0.0465517 -0.0291893 -0.949412
0.0464834 -0.0295061 -0.949722
0.0463761 -0.0297725 -0.950003
0.0462688 -0.0300034 -0.950266
0.0461758 -0.0301641 -0.950483
0.0461261 -0.0302819 -0.950666
0.0460949 -0.0303755 -0.95081
0.0460635 -0.0304677 -0.950928
0.0460413 -0.0305812 -0.951017
0.0460476 -0.0307034 -0.951091
0.046041 -0.0307664 -0.951151
0.045992 -0.0308175 -0.951197
0.0459333 -0.0308837 -0.951212
0.0458843 -0.0309421 -0.951188
0.0458351 -0.0309708 -0.951144
0.0457988 -0.0309336 -0.951089
0.0458032 -0.0309055 -0.951016
0.0459017 -0.0308824 -0.950933
0.0460975 -0.0308716 -0.950819
0.0463368 -0.0308228 -0.95069
0.0466083 -0.030747 -0.950544
0.0469244 -0.0306608 -0.950375
0.0472357 -0.0304992 -0.950175
0.0475131 -0.0303024 -0.949949
0.0477508 -0.0301189 -0.949669
0.0479398 -0.029959 -0.949346
0.0480422 -0.029733 -0.948976
0.0480677 -0.0294206 -0.948579
0.0477856 -0.028702 -0.948163
0.0473802 -0.0278814 -0.947709
0.0468387 -0.026925 -0.947212
0.0461782 -0.0257977 -0.94669
0.0454047 -0.024468 -0.946151
0.0445247 -0.0229642 -0.945591
0.0436331 -0.0214432 -0.945012
0.0425293 -0.0196035 -0.944368
0.0412901 -0.0175691 -0.943674
0.039974 -0.0153717 -0.94295
0.0386294 -0.0131078 -0.942223
0.0373417 -0.0108205 -0.941529
0.0361696 -0.00857662 -0.940894
0.0349139 -0.00602073 -0.940354
0.0338265 -0.00371028 -0.939931
0.0328968 -0.00173969 -0.939614
0.0324342 -0.000724135 -0.939399
0.0321125 -7.52692e-05 -0.939245
0.0319453 0.000273096 -0.939147
0.0319375 0.000403131 -0.939094
0.0320812 0.000353298 -0.939135
0.0323713 6.48234e-05 -0.939257
0.0324728 4.09721e-06 -0.939433
0.0326837 -0.000229582 -0.939664
0.0329597 -0.000612246 -0.939989
0.0332921 -0.0011625 -0.940388
0.0339263 -0.00216952 -0.940843
0.0346168 -0.00320378 -0.941328
0.0353668 -0.004236 -0.941806
0.0359558 -0.00509874 -0.942275
0.0366132 -0.00602664 -0.94273
0.037292 -0.00701947 -0.94317
0.0379341 -0.00802907 -0.943595
0.0385165 -0.00904624 -0.944024
0.0390074 -0.0100399 -0.944444
0.0395192 -0.0112482 -0.944871
0.0399416 -0.0124932 -0.94528
0.0401487 -0.0135908 -0.945677
0.0402817 -0.0147024 -0.946057
0.0403502 -0.0157987 -0.946407
0.0403294 -0.0168654 -0.946725
0.0402162 -0.0178917 -0.946997
0.0399821 -0.0188621 -0.947209
0.0398054 -0.0198853 -0.947348
0.0393343 -0.0207382 -0.947403
0.0387518 -0.0215329 -0.947404
0.0382963 -0.022378 -0.947334
0.0375757 -0.0231347 -0.947214
0.037047 -0.0238697 -0.947046
0.0365341 -0.0245462 -0.946828
0.0360583 -0.0251495 -0.946568
0.0356295 -0.0256303 -0.946232
0.0350065 -0.0259763 -0.94582
0.0344302 -0.0262024 -0.945342
0.0338905 -0.0262985 -0.944809
0.0333762 -0.0263348 -0.944252
0.0328886 -0.0263272 -0.943666
0.0324192 -0.0262605 -0.943086
0.0319821 -0.0261254 -0.942511
0.0316046 -0.0259674 -0.94197
0.0312863 -0.0257824 -0.941485
0.0310235 -0.0255853 -0.941064
0.0308644 -0.0253966 -0.940732
0.0308474 -0.0252283 -0.940467
0.0309618 -0.025089 -0.94027
0.0312088 -0.0249705 -0.940147
0.0315669 -0.0249442 -0.940115
0.0320388 -0.0250276 -0.940177
0.0325762 -0.0252014 -0.940328
0.033153 -0.0254255 -0.940555
0.0337635 -0.0257094 -0.940851
0.0343879 -0.0260763 -0.941196
0.0350039 -0.0265171 -0.941581
0.0356288 -0.0270034 -0.942024
0.0362357 -0.0275288 -0.942496
0.0368149 -0.0281382 -0.943002
0.0373796 -0.0288532 -0.943531
0.0379298 -0.0295891 -0.9441
0.0384473 -0.0302872 -0.944671
0.0389199 -0.0309445 -0.945239
0.0393467 -0.0316212 -0.945788
0.0396937 -0.0322698 -0.946302
0.0399424 -0.032852 -0.946797
0.0401065 -0.0333943 -0.947254
0.0401728 -0.0339441 -0.947702
0.0401224 -0.0344179 -0.948111
0.0399933 -0.0347739 -0.948466
0.0398311 -0.0350564 -0.948758
0.0395827 -0.035305 -0.949013
0.0393004 -0.0355392 -0.94921
0.0390275 -0.0356893 -0.949345
0.0387296 -0.035758 -0.949447
0.0384295 -0.0357695 -0.949508
0.0381196 -0.0357629 -0.949538
0.0378036 -0.0357427 -0.949539
0.0375099 -0.0356784 -0.949532
0.0372119 -0.0355639 -0.949535
0.0368887 -0.03539 -0.949541
0.0365768 -0.0351906 -0.949532
0.0362509 -0.035011 -0.949532
0.0359674 -0.0348588 -0.949566
0.035747 -0.0347159 -0.949609
0.035554 -0.0345339 -0.949661
0.0354352 -0.0342959 -0.949688
0.0353587 -0.0339769 -0.949707
0.0353256 -0.033598 -0.949713
0.0353544 -0.0332018 -0.949692
0.0353798 -0.0327677 -0.94967
0.0354174 -0.0322613 -0.94965
0.0354691 -0.0317049 -0.949614
0.0355062 -0.0311011 -0.949578
0.0355168 -0.030524 -0.949522
0.0355183 -0.0300028 -0.94946
0.0354943 -0.0295177 -0.949393
0.0355091 -0.0290308 -0.94933
0.0355258 -0.0285117 -0.949253
0.0355516 -0.0279979 -0.94915
0.0356049 -0.0275152 -0.949043
0.0356509 -0.0270936 -0.948897
0.0357114 -0.0267377 -0.948725
0.0357229 -0.0263883 -0.948534
0.0356413 -0.0260228 -0.948323
0.0354954 -0.0256485 -0.948106
0.0352596 -0.0253019 -0.947887
0.0349443 -0.0250084 -0.947661
0.0345893 -0.0247466 -0.947429
0.0341701 -0.0244738 -0.947181
0.0337501 -0.0241617 -0.946887
0.0333473 -0.0238285 -0.94655
0.0329371 -0.023497 -0.94618
0.0325383 -0.0231853 -0.945789
0.0321349 -0.0228905 -0.94537
0.0317127 -0.0225713 -0.944953
0.031276 -0.0222067 -0.944593
0.0308305 -0.0217928 -0.944305
0.030426 -0.0213859 -0.944115
0.0301742 -0.020876 -0.944013
0.0299477 -0.0203812 -0.943987
0.029793 -0.0198226 -0.944032
0.0297042 -0.0190738 -0.944163
0.0295871 -0.018143 -0.944397
0.0293755 -0.0171469 -0.944713
0.0290069 -0.0161853 -0.945082
0.0285654 -0.0150586 -0.945498
0.0278117 -0.0142973 -0.945936
0.0268744 -0.0137928 -0.94636
0.0257742 -0.0135688 -0.946725
0.0245572 -0.0135966 -0.946988
0.023219 -0.0138184 -0.947112
0.0218132 -0.0141559 -0.947104
0.0204088 -0.014554 -0.946982
0.0190202 -0.0149829 -0.946765
0.0177454 -0.0154455 -0.946499
0.0165883 -0.01595 -0.946225
0.0155426 -0.0165115 -0.946003
0.0146279 -0.0171454 -0.945851
0.0138197 -0.0178961 -0.945764
0.0131097 -0.0187552 -0.945728
0.0124962 -0.0196571 -0.945707
0.0119786 -0.0204712 -0.945656
0.0115958 -0.0210932 -0.945542
0.0113672 -0.0213715 -0.945338
0.0111016 -0.0215115 -0.945055
0.0110732 -0.021246 -0.944746
0.0114309 -0.0204663 -0.944461
0.0120153 -0.0194683 -0.944254
0.0127993 -0.0182877 -0.944124
0.0137186 -0.0169722 -0.944077
0.0147345 -0.0153615 -0.944087
0.0157795 -0.0136775 -0.944111
0.0167728 -0.0119871 -0.944097
0.0176654 -0.010356 -0.944016
0.0184081 -0.00877003 -0.94385
0.0189433 -0.00723865 -0.943624
0.0192915 -0.00583362 -0.94334
0.0194599 -0.00461751 -0.94303
0.0191878 -0.00406017 -0.942699
0.0190027 -0.00335091 -0.942325
0.0187242 -0.00289279 -0.941904
0.0183712 -0.00267429 -0.941438
0.018 -0.00264597 -0.940942
0.0176227 -0.00275542 -0.9404
0.0173053 -0.00295641 -0.939826
0.0170506 -0.00320124 -0.93922
0.0168472 -0.00349907 -0.938594
0.0166699 -0.00383458 -0.937957
0.0163991 -0.00447684 -0.937319
0.0160698 -0.00514827 -0.936684
0.015681 -0.00586729 -0.936088
0.0153361 -0.00641378 -0.935551
0.0149539 -0.00699814 -0.935064
0.0145903 -0.00762362 -0.934613
0.0142835 -0.00825402 -0.934184
0.014072 -0.00890506 -0.933785
0.0140001 -0.00958552 -0.933406
0.013991 -0.0104766 -0.933017
0.0140755 -0.0113971 -0.93262
0.0142335 -0.0123716 -0.93222
0.0144453 -0.0133785 -0.931829
0.0147029 -0.0144109 -0.931464
0.014966 -0.0154202 -0.931138
0.0153401 -0.0162898 -0.930869
0.0157341 -0.0171242 -0.930647
0.0161566 -0.0179331 -0.930498
0.0165978 -0.0187147 -0.930434
0.0170618 -0.0194788 -0.93047
0.0175442 -0.0202194 -0.930621
0.0180093 -0.0209326 -0.930908
0.0184983 -0.0215763 -0.931308
0.018987 -0.0221493 -0.931834
0.0194565 -0.0226409 -0.932457
0.0199276 -0.0230805 -0.933166
0.0203977 -0.0234479 -0.933929
0.0208307 -0.0237413 -0.934748
0.0212553 -0.0239427 -0.935592
0.0216273 -0.0240372 -0.93648
0.0219496 -0.0240116 -0.937388
0.0222388 -0.0238752 -0.938302
0.0224591 -0.0236209 -0.939203
0.022625 -0.0232751 -0.940094
0.0227325 -0.0228579 -0.940974
0.0227874 -0.022396 -0.941835
0.0228017 -0.0219191 -0.942665
0.0227785 -0.0214586 -0.943449
0.0227063 -0.0209914 -0.944159
0.0225905 -0.0205039 -0.944785
0.0224251 -0.0200113 -0.945346
0.0222298 -0.0195254 -0.945824
0.0219892 -0.0191458 -0.946211
0.0217593 -0.0187582 -0.946512
0.0215239 -0.0184481 -0.946736
0.021306 -0.0182201 -0.946908
0.0211206 -0.0180634 -0.947011
0.0209709 -0.0179822 -0.947043
0.0208666 -0.0179676 -0.947006
0.0208139 -0.0180296 -0.94689
0.0208379 -0.0181592 -0.946706
0.0209289 -0.0183602 -0.946485
0.0210636 -0.0185919 -0.946234
0.0212431 -0.018867 -0.945946
0.0214654 -0.0191397 -0.945612
0.0217239 -0.0194633 -0.945254
0.0220111 -0.0197756 -0.944858
0.0223275 -0.0201026 -0.944414
0.0226756 -0.0204348 -0.943935
0.0230683 -0.0207974 -0.943456
0.0235218 -0.02114 -0.942952
0.0240229 -0.0214556 -0.942434
0.0245534 -0.0216944 -0.941913
0.025124 -0.021913 -0.941378
0.0257169 -0.022158 -0.940856
0.0263479 -0.0224481 -0.940348
0.0269958 -0.022777 -0.939853
0.0276272 -0.0231066 -0.939371
0.0282822 -0.02346 -0.938923
0.0289273 -0.0238057 -0.938491
0.0295668 -0.0241464 -0.938083
0.0301872 -0.0244601 -0.937723
0.0307775 -0.0247431 -0.937386
0.0313188 -0.0249918 -0.937095
0.0318551 -0.0252277 -0.936843
0.0323551 -0.0254669 -0.93662
0.0328151 -0.0257226 -0.936443
0.033228 -0.0260084 -0.936297
0.0335981 -0.0263154 -0.936152
0.0339286 -0.0265904 -0.935986
0.0342155 -0.0268269 -0.935819
0.0344674 -0.0269883 -0.935631
0.0346885 -0.0271128 -0.935427
0.0348665 -0.0272221 -0.935237
0.0350172 -0.0273647 -0.935064
0.0351024 -0.0275604 -0.93491
0.0351468 -0.0278353 -0.934783
0.0351328 -0.0281389 -0.934694
0.0350513 -0.0284404 -0.934655
0.0349345 -0.0287082 -0.934658
0.0347829 -0.0289379 -0.934688
0.0345934 -0.0291326 -0.934715
0.0343998 -0.0293314 -0.934753
0.0341888 -0.0295393 -0.934813
0.0339977 -0.0297639 -0.934899
0.0338311 -0.0299751 -0.935008
0.0336474 -0.0301978 -0.935163
0.0334758 -0.0304131 -0.935347
0.0333366 -0.0306089 -0.935557
0.0332194 -0.0308203 -0.935775
0.0331239 -0.0310149 -0.936016
0.0330354 -0.0312201 -0.936283
0.0329812 -0.0314191 -0.936579
0.0329625 -0.0316296 -0.936912
0.0329855 -0.0318185 -0.937229
0.0330263 -0.0320233 -0.93756
0.0330719 -0.0321884 -0.937878
0.0331209 -0.0323221 -0.938184
0.033163 -0.0324104 -0.938477
0.0332004 -0.0324549 -0.938761
0.0331794 -0.0324357 -0.939034
0.03312 -0.0323814 -0.939291
0.03303 -0.0323118 -0.939535
0.0328822 -0.0322451 -0.939745
0.0327093 -0.0322142 -0.939899
0.0325273 -0.0321419 -0.940009
0.0323534 -0.0320369 -0.940047
0.032194 -0.0319278 -0.940024
0.0320591 -0.0318599 -0.939962
0.0319389 -0.0318485 -0.939862
0.0318026 -0.0318477 -0.939712
0.0316638 -0.0318817 -0.939542
0.0315308 -0.0318741 -0.939352
0.0313581 -0.0318089 -0.939159
0.0311382 -0.0317042 -0.938924
0.0309507 -0.0315786 -0.938629
0.0307803 -0.0314273 -0.938269
0.0306041 -0.0312284 -0.937859
0.0304459 -0.0310316 -0.937398
0.0303089 -0.0308619 -0.936895
0.0301644 -0.0307036 -0.936358
0.0299715 -0.0305328 -0.935831
0.0297435 -0.03035 -0.935308
0.0294571 -0.0300781 -0.934797
0.0290696 -0.029648 -0.934297
0.0283529 -0.0287464 -0.933806
0.0275198 -0.0276661 -0.933344
0.0265572 -0.0264072 -0.932896
0.02547 -0.0249833 -0.932455
0.0243597 -0.023508 -0.932046
0.0230003 -0.0217929 -0.931657
0.0215191 -0.0199641 -0.931293
0.0199865 -0.0180054 -0.930979
0.0184666 -0.0159517 -0.930722
0.0170354 -0.01384 -0.930553
0.0157451 -0.0117779 -0.930464
0.014659 -0.00978632 -0.930436
0.0134978 -0.00748659 -0.930519
0.0128734 -0.00596343 -0.930717
0.0124616 -0.00479936 -0.931005
0.0122386 -0.00395961 -0.931345
0.0121495 -0.00342408 -0.931726
0.0121511 -0.00318228 -0.932155
0.0118531 -0.00281936 -0.932607
0.0115899 -0.00256863 -0.933082
0.011377 -0.0023725 -0.933621
0.011191 -0.00225866 -0.934202
0.0110509 -0.00228225 -0.9348
0.0109834 -0.0024413 -0.935392
0.0112292 -0.00297458 -0.935986
0.011245 -0.0032494 -0.936565
0.0113444 -0.00362803 -0.937101
0.0115489 -0.004158 -0.937578
0.0118287 -0.00475703 -0.937999
0.0121897 -0.00536155 -0.938332
0.0125933 -0.00596989 -0.938577
0.0129659 -0.00656924 -0.938746
0.013258 -0.00718063 -0.938835
0.0134386 -0.00782833 -0.938866
0.0134798 -0.00857027 -0.938851
0.0134132 -0.00937994 -0.938807
0.0132523 -0.0102003 -0.938766
0.0130171 -0.0110261 -0.938721
0.0127506 -0.0118219 -0.938666
0.0124641 -0.0125638 -0.938561
0.0121679 -0.0132901 -0.938394
0.0118375 -0.0140386 -0.93815
0.0114402 -0.0147855 -0.937825
0.0109416 -0.0155137 -0.937448
0.0103359 -0.016215 -0.937
0.00963233 -0.0169122 -0.936495
0.00882515 -0.0175759 -0.93595
0.00795218 -0.0181223 -0.935343
0.0070585 -0.018574 -0.934682
0.00618961 -0.0189363 -0.933971
0.00534708 -0.019194 -0.933225
0.00455149 -0.0193517 -0.932451
0.003801 -0.0194038 -0.931657
0.00310056 -0.0193729 -0.930858
0.00242974 -0.0192405 -0.930044
0.00178503 -0.0189866 -0.929208
0.00116875 -0.0186296 -0.928393
0.000559425 -0.018217 -0.927593
-1.65007e-06 -0.0177702 -0.926852
-0.000488574 -0.0172814 -0.926183
-0.000902338 -0.0167617 -0.925609
-0.00124316 -0.016261 -0.925147
-0.00148864 -0.0157913 -0.924783
-0.00163959 -0.0153276 -0.924527
-0.00169434 -0.0148689 -0.924369
-0.00162685 -0.0144353 -0.924315
-0.00145313 -0.0140845 -0.924344
-0.00120012 -0.0138205 -0.924462
-0.000848549 -0.0136285 -0.92465
-0.000437266 -0.0134891 -0.924895
-9.27106e-06 -0.0134247 -0.925197
0.000425263 -0.0134236 -0.925538
0.000836694 -0.0134584 -0.925928
0.00119293 -0.0135302 -0.926361
0.00148794 -0.013656 -0.926826
0.00172666 -0.0138237 -0.927302
0.0019511 -0.0139977 -0.927793
0.00212638 -0.0141615 -0.928283
0.00227304 -0.0143476 -0.928775
0.00237238 -0.0145746 -0.929267
0.00239406 -0.0147837 -0.929753
0.00233345 -0.0149553 -0.930218
0.00218427 -0.0150986 -0.930668
0.00193004 -0.015203 -0.931111
0.00157843 -0.0152435 -0.931521
0.00113123 -0.0151941 -0.931858
0.000607074 -0.015116 -0.932132
2.26749e-05 -0.0150266 -0.932371
-0.000605522 -0.0148908 -0.932552
-0.00123371 -0.0146806 -0.932658
-0.00185964 -0.0144577 -0.932708
-0.00247708 -0.0142556 -0.93271
-0.00307842 -0.0140012 -0.932644
-0.00364936 -0.0136724 -0.932556
-0.00421498 -0.0133211 -0.932442
-0.00476663 -0.0129592 -0.932308
-0.00527743 -0.0125977 -0.932156
-0.0057316 -0.0122404 -0.93199
-0.00615713 -0.0119497 -0.931817
-0.006527 -0.0117425 -0.931645
-0.0068132 -0.0115293 -0.931452
-0.00704514 -0.0112609 -0.931254
-0.00722718 -0.010982 -0.931064
-0.00733073 -0.0106591 -0.930878
-0.00733259 -0.010228 -0.930697
-0.00727255 -0.00972017 -0.930529
-0.00716897 -0.00920929 -0.930372
-0.00698742 -0.0087201 -0.93022
-0.00676297 -0.00822928 -0.9301
-0.00651716 -0.00774252 -0.929982
-0.00622823 -0.00729924 -0.929859
-0.00593381 -0.00691002 -0.929721
-0.00565352 -0.00652826 -0.929598
-0.00533979 -0.0061246 -0.929478
-0.00501623 -0.00571455 -0.929311
-0.0046788 -0.00532807 -0.929124
-0.00430625 -0.00501571 -0.92895
-0.00396274 -0.00475242 -0.928784
-0.00364984 -0.0045062 -0.92862
-0.00336771 -0.00427245 -0.928459
-0.00318225 -0.00403932 -0.928289
-0.00305912 -0.00383405 -0.928142
-0.00300201 -0.00369058 -0.928021
-0.00302021 -0.00356397 -0.927894
-0.00308283 -0.00342276 -0.927781
-0.00319334 -0.00323348 -0.927682
-0.00333233 -0.00300789 -0.927591
-0.00345798 -0.00279517 -0.927488
-0.00358742 -0.00258648 -0.927364
-0.00372164 -0.00236288 -0.927225
-0.00383359 -0.00208929 -0.927098
-0.00392944 -0.00179472 -0.926993
-0.00404171 -0.00149187 -0.926888
-0.00412677 -0.00117409 -0.926826
-0.0042258 -0.000832528 -0.926828
-0.00434708 -0.00046507 -0.926894
-0.00443919 -8.78698e-05 -0.927036
-0.00450315 0.00030547 -0.927246
-0.00442356 0.00075046 -0.927542
-0.00433325 0.00121034 -0.927915
-0.00427364 0.00178658 -0.928381
-0.00427975 0.00253029 -0.928925
-0.00440366 0.00337243 -0.929519
-0.00461291 0.00446859 -0.930106
-0.00502591 0.00507922 -0.930631
-0.00560377 0.00540889 -0.931087
-0.00633116 0.00545193 -0.931417
-0.00717941 0.00521913 -0.931621
-0.00810678 0.00468634 -0.931722
-0.00903022 0.00386965 -0.931743
-0.00991933 0.00280486 -0.931695
-0.0107638 0.00155046 -0.931613
-0.0115069 0.000148736 -0.931499
-0.0123103 -0.0013149 -0.9314
-0.0127576 -0.00279943 -0.931347
-0.0129851 -0.00427136 -0.931323
-0.013003 -0.0057291 -0.931339
-0.0128542 -0.007139 -0.931368
-0.0125807 -0.00835728 -0.931418
-0.0122137 -0.00922574 -0.931451
-0.0117486 -0.00973542 -0.931481
-0.0111671 -0.00988186 -0.931493
-0.0106226 -0.00984266 -0.931491
-0.00993678 -0.00933415 -0.931465
-0.00900974 -0.00829881 -0.931453
-0.00795957 -0.00698836 -0.931469
-0.00681052 -0.00550926 -0.931458
-0.0055904 -0.00395925 -0.931434
-0.00435765 -0.0024508 -0.931373
-0.00299093 -0.000646166 -0.931262
-0.00172047 0.00107747 -0.931087
-0.000613786 0.00266179 -0.930841
0.000268807 0.00400899 -0.93053
0.000908687 0.00506611 -0.93014
0.00130245 0.00583435 -0.929711
0.00142424 0.00635269 -0.929261
0.00128082 0.00662564 -0.928807
0.000976622 0.00668693 -0.928348
0.000531635 0.0065574 -0.927907
-1.60284e-05 0.00624789 -0.927481
-0.000577682 0.00579513 -0.927033
-0.00109226 0.00526248 -0.926535
-0.00156207 0.00466663 -0.926025
-0.00199915 0.00403474 -0.925504
-0.00242208 0.00334921 -0.924991
-0.00287973 0.00262915 -0.924475
-0.00335364 0.00190143 -0.923995
-0.00387427 0.0011371 -0.923553
-0.00442698 0.000327802 -0.923149
-0.00497593 -0.000505462 -0.922767
-0.0055053 -0.00134551 -0.922427
-0.00599603 -0.00220528 -0.922091
-0.00642523 -0.00307512 -0.921788
-0.0067977 -0.00398235 -0.921503
-0.00707733 -0.00491821 -0.921243
-0.00733631 -0.0060655 -0.921004
-0.00749082 -0.00721514 -0.920776
-0.00753982 -0.00836588 -0.920587
-0.00749733 -0.0095289 -0.920426
-0.00738315 -0.0106854 -0.920285
-0.00721026 -0.0118327 -0.920163
-0.0068726 -0.0128395 -0.920074
-0.0065407 -0.0138506 -0.920014
-0.0061967 -0.0148641 -0.920011
-0.00585428 -0.0158589 -0.920085
-0.00551414 -0.016825 -0.920243
-0.00517311 -0.0177623 -0.920464
-0.00483672 -0.0186707 -0.920757
-0.00452092 -0.0195525 -0.921138
-0.00421603 -0.0204032 -0.921596
-0.00391236 -0.0212186 -0.922129
-0.00364166 -0.0219825 -0.92273
-0.00340016 -0.0226746 -0.92339
-0.00318972 -0.0232535 -0.924075
-0.00302465 -0.0237184 -0.924758
-0.00288855 -0.0240687 -0.925428
-0.00282255 -0.0243085 -0.926078
-0.00281967 -0.0244648 -0.926688
-0.00287721 -0.0245665 -0.927252
-0.0030314 -0.0246268 -0.92777
-0.00327446 -0.02465 -0.92825
-0.00362449 -0.0246711 -0.928697
-0.00405623 -0.0246833 -0.929096
-0.00456402 -0.0246619 -0.929426
-0.00513967 -0.0245971 -0.929685
-0.00574724 -0.0244891 -0.92988
-0.00636373 -0.0243995 -0.930006
-0.00697605 -0.024356 -0.930045
-0.0075894 -0.0243608 -0.930028
-0.00818151 -0.0243897 -0.929959
-0.00874641 -0.0244378 -0.92984
-0.0092934 -0.0245363 -0.92967
-0.00980105 -0.024685 -0.929446
-0.0102762 -0.0248836 -0.92918
-0.0107104 -0.0251432 -0.928897
-0.0110721 -0.0254577 -0.92861
-0.0113628 -0.0258124 -0.928324
-0.0116049 -0.0262235 -0.928036
-0.011775 -0.0266364 -0.927753
-0.0118787 -0.0270368 -0.927466
-0.0118942 -0.0274168 -0.927179
-0.0118523 -0.0277369 -0.926889
-0.0117529 -0.0280652 -0.926608
-0.0115908 -0.028366 -0.92634
-0.0113881 -0.0286324 -0.926061
-0.0111472 -0.0288967 -0.925782
-0.0108823 -0.029185 -0.925517
-0.0105938 -0.0295373 -0.92527
-0.0102661 -0.0298695 -0.925055
-0.00989471 -0.0301766 -0.924848
-0.00950699 -0.0304287 -0.92466
-0.00909874 -0.0307078 -0.924497
-0.00864302 -0.0309982 -0.924366
-0.00817154 -0.0312971 -0.92428
-0.00769301 -0.0316211 -0.924227
-0.00723243 -0.0319747 -0.924206
-0.00678048 -0.032368 -0.924215
-0.00636675 -0.0328013 -0.924254
-0.00599722 -0.0332249 -0.924306
-0.0056686 -0.0336168 -0.924385
-0.00535371 -0.0339556 -0.924485
-0.00506987 -0.0342212 -0.92459
-0.00480999 -0.0344744 -0.924675
-0.00456515 -0.0347224 -0.924767
-0.00433626 -0.0350133 -0.924857
-0.00410919 -0.0352905 -0.924941
-0.00391551 -0.0355841 -0.92501
-0.00375208 -0.0358336 -0.925072
-0.00359653 -0.036067 -0.925136
-0.00346953 -0.0362742 -0.925166
-0.00335119 -0.0364465 -0.92519
-0.00324346 -0.0366096 -0.925217
-0.00315943 -0.0367464 -0.925272
-0.0031089 -0.0368943 -0.925355
-0.00307962 -0.0370377 -0.925455
-0.00305217 -0.0372139 -0.925557
-0.00301505 -0.0373796 -0.925653
-0.00295276 -0.0375352 -0.925733
-0.002869 -0.0376461 -0.92579
-0.00274457 -0.0377327 -0.925814
-0.00258837 -0.0377795 -0.92583
-0.00238825 -0.0378532 -0.925841
-0.00215966 -0.0379537 -0.925824
-0.00188938 -0.0381178 -0.925814
-0.00158539 -0.0383019 -0.925825
-0.00123254 -0.0384704 -0.925834
-0.000849683 -0.0385986 -0.925826
-0.000442727 -0.0386949 -0.925818
-1.81596e-05 -0.0387697 -0.925788
0.000394207 -0.0388571 -0.925711
0.000792103 -0.0389827 -0.925594
0.00117207 -0.039089 -0.925462
0.00150614 -0.0391671 -0.925309
0.00182048 -0.0391644 -0.925125
0.00208646 -0.0391184 -0.924909
0.00226816 -0.0388533 -0.924631
0.00245512 -0.0385571 -0.924306
0.00266076 -0.0381738 -0.923917
0.00287141 -0.0376353 -0.923466
0.00307813 -0.0369924 -0.922963
0.00330168 -0.0363297 -0.922417
0.00355971 -0.0357504 -0.921877
0.00391754 -0.0352875 -0.921381
0.00436925 -0.0349601 -0.920966
0.00492051 -0.034746 -0.920637
0.00556382 -0.0346471 -0.920365
0.00629356 -0.0346506 -0.920158
0.00709584 -0.0347974 -0.920017
0.00799106 -0.0350967 -0.91993
0.00894694 -0.0355322 -0.919908
0.00992855 -0.0360916 -0.919953
0.0109179 -0.0367617 -0.92007
0.0118657 -0.0375554 -0.920256
0.0128869 -0.0385053 -0.920508
0.0138337 -0.0395331 -0.92079
0.0144431 -0.0403811 -0.92107
0.0149041 -0.0411504 -0.921368
0.0151918 -0.0417417 -0.921685
0.0152837 -0.0420884 -0.922014
0.0152041 -0.0421651 -0.92236
0.0149665 -0.0419319 -0.922698
0.0145652 -0.0413597 -0.923039
0.0140026 -0.0404431 -0.923364
0.0133899 -0.0393669 -0.923685
0.0126165 -0.0379531 -0.923981
0.0116547 -0.0362804 -0.924283
0.0105331 -0.0344211 -0.924587
0.00930509 -0.0324371 -0.924925
0.00801386 -0.0303068 -0.925301
0.00668607 -0.0280724 -0.925721
0.0053508 -0.0257676 -0.92619
0.00406942 -0.0235511 -0.926723
0.00293584 -0.0215546 -0.927274
0.00197186 -0.0198834 -0.927809
0.00122651 -0.0185594 -0.928318
0.000698369 -0.0175979 -0.928805
0.000352296 -0.0170385 -0.929259
0.000169102 -0.0168787 -0.929647
0.000149304 -0.0170163 -0.930004
0.000233249 -0.0172974 -0.930353
0.000367794 -0.0176123 -0.930709
0.000537073 -0.0179167 -0.931063
0.00071756 -0.0182564 -0.931429
0.000931404 -0.0186834 -0.931796
0.00119939 -0.0192301 -0.932125
0.00151127 -0.0198263 -0.93244
0.00186946 -0.0204206 -0.93274
0.00226579 -0.0209974 -0.932974
0.00269887 -0.0215445 -0.933146
0.00313072 -0.0220954 -0.933208
0.00355475 -0.0226898 -0.933177
0.00393756 -0.0233309 -0.933063
0.00428381 -0.0240066 -0.932868
0.00459423 -0.0247109 -0.932608
0.00483616 -0.0254409 -0.932327
0.00505263 -0.0261796 -0.932037
0.00535784 -0.02707 -0.931754
0.00560436 -0.0279771 -0.931475
0.00579932 -0.0288792 -0.931166
0.00577283 -0.0296007 -0.930842
0.00565536 -0.0303478 -0.930513
0.00544203 -0.0311837 -0.930141
0.00516151 -0.0320857 -0.929738
0.00479815 -0.0329804 -0.929297
0.00434662 -0.0338585 -0.928825
0.00382868 -0.0347425 -0.928304
0.00327828 -0.0355748 -0.927711
0.00267813 -0.0363214 -0.927043
0.00204944 -0.0370042 -0.926324
0.00141493 -0.0376175 -0.925539
0.000791451 -0.038141 -0.924692
0.000193282 -0.038559 -0.923779
-0.000204443 -0.0388573 -0.922824
-0.0005716 -0.0390444 -0.92185
-0.000911825 -0.0391179 -0.920869
-0.00137703 -0.0390876 -0.919909
-0.00180643 -0.0389102 -0.918975
-0.00220635 -0.0386322 -0.91809
-0.00254243 -0.0383096 -0.917267
-0.00279334 -0.0379572 -0.916513
-0.00295525 -0.0375665 -0.915827
-0.00301117 -0.0371737 -0.915235
-0.00294766 -0.0368129 -0.914728
-0.00277976 -0.0364818 -0.914313
-0.00237141 -0.03618 -0.914003
-0.0018863 -0.0358773 -0.91379
-0.00136094 -0.0356013 -0.913675
-0.000803431 -0.0354179 -0.913634
-0.000221907 -0.035308 -0.913651
0.0003626 -0.035243 -0.913731
0.000933535 -0.0352178 -0.91387
0.00141986 -0.0352317 -0.914078
0.00188405 -0.0353587 -0.914355
0.0022975 -0.0355526 -0.914693
0.00267244 -0.0357928 -0.915087
0.00300127 -0.03612 -0.915531
0.00326313 -0.0365121 -0.916016
0.00348384 -0.0369094 -0.916555
0.0036601 -0.0373007 -0.917128
0.0038353 -0.0377269 -0.917697
0.00394488 -0.0382211 -0.91831
0.0040205 -0.0386986 -0.918959
0.00404672 -0.0391471 -0.919632
0.00399656 -0.0396221 -0.920306
0.00387892 -0.040095 -0.921003
0.00362482 -0.0405857 -0.921701
0.0033581 -0.0409755 -0.922381
0.00305404 -0.041335 -0.923025
0.00271841 -0.0416759 -0.923629
0.00239444 -0.0419353 -0.924185
0.00207338 -0.0421565 -0.924675
0.00174471 -0.0424046 -0.925137
0.00139866 -0.0426407 -0.925559
0.00105879 -0.0428391 -0.925934
0.000702488 -0.0430368 -0.926252
0.000303816 -0.0432119 -0.926543
-0.000102889 -0.0432994 -0.926796
-0.000499485 -0.043318 -0.927015
-0.000927154 -0.0433465 -0.927199
-0.00134496 -0.0433748 -0.927376
-0.00171606 -0.0433691 -0.927545
-0.00203349 -0.0433785 -0.92768
-0.00231881 -0.0434385 -0.927776
-0.00250526 -0.0434868 -0.927852
-0.00258993 -0.0434321 -0.92789
-0.00262464 -0.0432542 -0.927894
-0.00258408 -0.0429989 -0.927888
-0.00246119 -0.0427226 -0.927865
-0.00231995 -0.042453 -0.927843
-0.00211217 -0.0421897 -0.927802
-0.00189862 -0.0419619 -0.92778
-0.00168493 -0.0418026 -0.927778
-0.00142037 -0.0417201 -0.927781
-0.00114166 -0.041666 -0.92778
-0.000826847 -0.0415917 -0.927781
-0.000465077 -0.0414657 -0.927778
-7.00905e-05 -0.0413071 -0.927731
0.000345568 -0.0411624 -0.927665
0.000772638 -0.0410681 -0.927559
0.00117214 -0.0410289 -0.92742
0.00154268 -0.0410206 -0.92724
0.00186885 -0.0410397 -0.927017
0.00210014 -0.0410974 -0.926757
0.00225057 -0.041164 -0.926483
0.00232636 -0.0411732 -0.926209
0.00233727 -0.041109 -0.925937
0.00231332 -0.0409842 -0.925643
0.00228881 -0.0408496 -0.925313
0.00223753 -0.0407221 -0.924932
0.00220463 -0.0406051 -0.92451
0.00216474 -0.0404544 -0.924041
0.00211015 -0.0401886 -0.923536
0.00202843 -0.0398054 -0.923016
