%roll pitch yaw
0.00103409 0.0074391 -0.879185
0.000830956 0.00841939 -0.880126
0.000782698 0.00902032 -0.881099
0.00045821 0.00972473 -0.882065
0.000339089 0.0100521 -0.883043
0.000774555 0.00974324 -0.884027
0.00143084 0.00923174 -0.884976
0.00224167 0.00853829 -0.885869
0.00316897 0.00771956 -0.886706
0.00410338 0.00683124 -0.887489
0.00502755 0.00589762 -0.888177
0.00591208 0.00489745 -0.888782
0.00674003 0.00385615 -0.889297
0.00730719 0.00301234 -0.889727
0.00777719 0.0022045 -0.890083
0.00812043 0.00140454 -0.890379
0.00834878 0.000644188 -0.890591
0.00857004 -0.000138924 -0.890744
0.00870322 -0.000835144 -0.890846
0.00875068 -0.00146292 -0.890902
0.00874732 -0.00203254 -0.89091
0.0085777 -0.00246486 -0.890868
0.00834689 -0.0028843 -0.89076
0.00800516 -0.00327392 -0.890612
0.00754651 -0.00361433 -0.89042
0.00711887 -0.00401369 -0.890209
0.00656457 -0.00436258 -0.889982
0.00590231 -0.00466204 -0.889746
0.00515084 -0.00491517 -0.889493
0.00433377 -0.00515312 -0.889216
0.00350133 -0.00536816 -0.888927
0.00269776 -0.00556577 -0.888608
0.00197391 -0.0057361 -0.888277
0.00113493 -0.00583751 -0.8879
0.000411532 -0.00592537 -0.88751
-0.000233228 -0.00599275 -0.887098
-0.000630254 -0.00613459 -0.886688
-0.00100215 -0.0062944 -0.886282
-0.00138203 -0.00647367 -0.885852
-0.00178649 -0.0066595 -0.885418
-0.00223147 -0.0068363 -0.885019
-0.00268615 -0.00699302 -0.884651
-0.00327498 -0.00708262 -0.884328
-0.00379753 -0.00717701 -0.884068
-0.00422528 -0.00727711 -0.883846
-0.00454496 -0.00738847 -0.883666
-0.00474264 -0.00752519 -0.883536
-0.00479589 -0.00770593 -0.883443
-0.00470963 -0.00792371 -0.883386
-0.00452435 -0.00818668 -0.883356
-0.00426232 -0.00849582 -0.883357
-0.00393279 -0.00880676 -0.883403
-0.00360254 -0.00910755 -0.883505
-0.00327008 -0.00941697 -0.883633
-0.0029606 -0.00974783 -0.883785
-0.00267815 -0.0101004 -0.883961
-0.00242443 -0.0104533 -0.884138
-0.00220674 -0.0108219 -0.884289
-0.00200428 -0.0111919 -0.884407
-0.00184738 -0.0115666 -0.884482
-0.00174321 -0.0118874 -0.884507
-0.00173559 -0.0121187 -0.884482
-0.00182226 -0.0122519 -0.884404
-0.00201568 -0.0122987 -0.884285
-0.00230529 -0.0123054 -0.884141
-0.00269874 -0.0123002 -0.883949
-0.00316476 -0.0122722 -0.883703
-0.00363027 -0.0121307 -0.883443
-0.00423017 -0.0119873 -0.883166
-0.00489291 -0.0117718 -0.882891
-0.00556666 -0.0114949 -0.882597
-0.00624536 -0.0111443 -0.88228
-0.00691251 -0.0107339 -0.88196
-0.00755029 -0.0102632 -0.881623
-0.00813006 -0.00975497 -0.881287
-0.00867591 -0.00923621 -0.880952
-0.00914898 -0.0087542 -0.880624
-0.00956575 -0.0083363 -0.880327
-0.00991974 -0.00798324 -0.880082
-0.010219 -0.00765932 -0.879877
-0.0104595 -0.00731158 -0.879723
-0.0106568 -0.0069135 -0.879633
-0.0107869 -0.00647895 -0.879607
-0.0108564 -0.00603602 -0.879625
-0.010885 -0.00560641 -0.879667
-0.0108526 -0.00520295 -0.879711
-0.0107901 -0.0048399 -0.879762
-0.0107089 -0.00453747 -0.879839
-0.0106247 -0.00433134 -0.879928
-0.0105288 -0.00420755 -0.880015
-0.0104504 -0.0041301 -0.880106
-0.0104028 -0.0040557 -0.880222
-0.0103934 -0.00397691 -0.880378
-0.0104317 -0.00388968 -0.880543
-0.0105078 -0.00381071 -0.880713
-0.0105902 -0.00371356 -0.880892
-0.0106997 -0.00360281 -0.881047
-0.01082 -0.00350191 -0.881176
-0.0109416 -0.00342851 -0.881254
-0.0110372 -0.00339481 -0.881296
-0.0111235 -0.00339167 -0.881295
-0.0112027 -0.00337269 -0.881271
-0.0112926 -0.00329143 -0.881252
-0.0114066 -0.00312847 -0.881247
-0.0115836 -0.00290851 -0.881254
-0.0117805 -0.00266813 -0.881275
-0.0120205 -0.00241591 -0.881304
-0.0122874 -0.00218128 -0.881325
-0.0125745 -0.0019765 -0.881345
-0.0128642 -0.00180311 -0.881369
-0.013148 -0.0016079 -0.881413
-0.0134664 -0.00134551 -0.881478
-0.0138016 -0.00101347 -0.881589
-0.0141259 -0.000658365 -0.881721
-0.0144566 -0.000294713 -0.881869
-0.0148072 5.36824e-05 -0.882043
-0.0151725 0.0003744 -0.882244
-0.0155474 0.000674951 -0.882464
-0.0159422 0.000972652 -0.88273
-0.0163293 0.00126536 -0.883048
-0.0166995 0.00156976 -0.883404
-0.0170439 0.00187786 -0.883817
-0.0173402 0.00219867 -0.88427
-0.017583 0.00252125 -0.88477
-0.0177638 0.00286156 -0.885311
-0.0178871 0.00319533 -0.885892
-0.0179707 0.00350065 -0.88653
-0.01804 0.0037238 -0.887209
-0.0181203 0.00384388 -0.887923
-0.0182499 0.00385601 -0.888659
-0.0184172 0.00379175 -0.889355
-0.018592 0.00366368 -0.890008
-0.0187812 0.00347978 -0.890598
-0.0189793 0.00321668 -0.891102
-0.0191667 0.00286493 -0.891526
-0.0193423 0.00243945 -0.89188
-0.0195289 0.00195478 -0.892173
-0.0195554 0.0014909 -0.892427
-0.0198077 0.000901245 -0.892641
-0.0201057 0.000272181 -0.892808
-0.0204523 -0.000385427 -0.892938
-0.0208246 -0.00107017 -0.892997
-0.0211588 -0.00174236 -0.892975
-0.0210807 -0.00195111 -0.892888
-0.0208323 -0.0018366 -0.892714
-0.0203507 -0.00130386 -0.892501
-0.0195897 -0.000314105 -0.892264
-0.0185389 0.00110841 -0.892017
-0.0172058 0.00287141 -0.891806
-0.0156712 0.00488596 -0.89163
-0.0140509 0.00702859 -0.891483
-0.0124582 0.00935164 -0.891346
-0.0109353 0.0116869 -0.891217
-0.00959066 0.0137416 -0.891074
-0.00841902 0.0156596 -0.890905
-0.00741512 0.0174201 -0.890716
-0.0065546 0.0190149 -0.890513
-0.00579966 0.0204245 -0.890314
-0.00512422 0.02161 -0.890117
-0.00450574 0.0225452 -0.889899
-0.00391954 0.0232337 -0.889642
-0.00316993 0.0240664 -0.889337
-0.00249019 0.02466 -0.888967
-0.00191 0.0250368 -0.888547
-0.00149565 0.0252409 -0.888093
-0.00124528 0.0253053 -0.887602
-0.00117101 0.0252796 -0.887087
-0.00128474 0.0252342 -0.886569
-0.00158612 0.025228 -0.886043
-0.00199612 0.0253025 -0.885519
-0.0024676 0.0254892 -0.884954
-0.00296863 0.0257665 -0.884364
-0.00347437 0.0260712 -0.883761
-0.00396315 0.026333 -0.883139
-0.0044224 0.0265447 -0.882532
-0.00483032 0.026699 -0.881968
-0.00513057 0.026779 -0.881422
-0.00533443 0.0267688 -0.880906
-0.00543673 0.0267094 -0.880421
-0.00547075 0.0266081 -0.879965
-0.00546967 0.0264594 -0.879503
-0.00546914 0.0262517 -0.879058
-0.00548821 0.0259613 -0.878652
-0.00550332 0.0255904 -0.878313
-0.00551254 0.0251117 -0.878035
-0.00547204 0.0245418 -0.877811
-0.00537685 0.0238705 -0.877644
-0.00521055 0.0231246 -0.877523
-0.00496501 0.0223222 -0.877449
-0.00462932 0.021503 -0.877435
-0.00424223 0.0207232 -0.877468
-0.00381921 0.0200096 -0.877587
-0.00339352 0.0193335 -0.877799
-0.00300749 0.0186782 -0.878109
-0.00268003 0.0180376 -0.878523
-0.00242766 0.017391 -0.879038
-0.00219787 0.0167645 -0.87964
-0.00200638 0.0162045 -0.88031
-0.00177766 0.0157197 -0.881042
-0.00152629 0.0153434 -0.881829
-0.00123084 0.015061 -0.882649
-0.00090757 0.0148398 -0.883511
-0.00057193 0.0146826 -0.884396
-0.000265563 0.0145585 -0.885281
-4.55275e-05 0.0144599 -0.886168
8.98966e-05 0.0143981 -0.88705
9.06005e-05 0.0143816 -0.887919
-1.35061e-05 0.0144062 -0.888767
-0.000271106 0.0144753 -0.889567
-0.000604783 0.0146043 -0.890311
-0.00102189 0.0147673 -0.891008
-0.00147164 0.0149224 -0.891637
-0.00190403 0.0150486 -0.892204
-0.00234294 0.015156 -0.892711
-0.00275896 0.0152522 -0.893149
-0.00315872 0.0153361 -0.893542
-0.0035122 0.0153739 -0.893881
-0.00385498 0.015386 -0.89417
-0.00419335 0.0153852 -0.894422
-0.00454278 0.0153539 -0.894657
-0.00487729 0.0153225 -0.8949
-0.00519128 0.0152804 -0.895143
-0.00551086 0.0152272 -0.895395
-0.00580506 0.0151441 -0.895651
-0.00602081 0.0150132 -0.895921
-0.00611008 0.0148434 -0.89619
-0.00611319 0.014662 -0.896461
-0.00602875 0.014511 -0.896732
-0.00587888 0.0143768 -0.896987
-0.00559599 0.0142819 -0.897231
-0.005287 0.0142284 -0.897446
-0.00492977 0.0142085 -0.897657
-0.00455969 0.0141976 -0.897889
-0.0042171 0.0142082 -0.898121
-0.00387574 0.0142262 -0.898361
-0.00355066 0.014247 -0.898616
-0.00325784 0.0142497 -0.898882
-0.0029832 0.0142288 -0.899133
-0.00269792 0.0141588 -0.899364
-0.0024198 0.0140547 -0.899567
-0.00217072 0.0139315 -0.899745
-0.00190714 0.0138027 -0.899893
-0.00162631 0.0137169 -0.899999
-0.0013225 0.0137278 -0.90008
-0.00105624 0.0137881 -0.900139
-0.000784924 0.0138383 -0.900174
-0.000538347 0.013829 -0.900199
-0.000309742 0.0137742 -0.900215
-0.000101915 0.013647 -0.900215
9.4806e-05 0.0134227 -0.900196
0.000270205 0.0131404 -0.900156
0.000481227 0.0128545 -0.900126
0.00067659 0.0126261 -0.900081
0.000865303 0.0124368 -0.900014
0.00106582 0.0122731 -0.899933
0.00129157 0.0121355 -0.899827
0.00151828 0.0120052 -0.89971
0.00171783 0.0118245 -0.899596
0.00192825 0.0115712 -0.899463
0.00215613 0.0112607 -0.899327
0.00237422 0.01094 -0.899185
0.00252868 0.0106969 -0.899034
0.00265453 0.010535 -0.898897
0.00279063 0.0104553 -0.898788
0.00295343 0.0104021 -0.898665
0.00317472 0.0102968 -0.898552
0.00337119 0.0101355 -0.898443
0.00358751 0.00999527 -0.898339
0.00382869 0.00991243 -0.898251
0.00414213 0.00985135 -0.898172
0.00445604 0.00974988 -0.898101
0.00482437 0.00963649 -0.898025
0.00517154 0.00952542 -0.897936
0.0055662 0.00940114 -0.897847
0.0059739 0.00927951 -0.897747
0.00633388 0.00928509 -0.897633
0.00666108 0.00936149 -0.897489
0.00702478 0.00943266 -0.897297
0.00740726 0.00947131 -0.897078
0.00787486 0.00947767 -0.896831
0.00842141 0.00949234 -0.896567
0.00908059 0.00944167 -0.896304
0.00978835 0.00932086 -0.896048
0.0104801 0.00897306 -0.89581
0.0112186 0.00848511 -0.895611
0.012028 0.00784003 -0.895444
0.0128379 0.0069982 -0.895296
0.0136489 0.00595854 -0.895189
0.0143574 0.00479499 -0.895126
0.0149824 0.00360724 -0.895106
0.0154723 0.0023871 -0.895126
0.0158546 0.00105207 -0.895181
0.0163153 -0.000473343 -0.895263
0.0166862 -0.00215924 -0.895337
0.0169619 -0.00387987 -0.895409
0.0170522 -0.00533542 -0.895458
0.017129 -0.00667728 -0.895475
0.0172185 -0.00788022 -0.895464
0.0173074 -0.00891827 -0.89541
0.0174212 -0.00985146 -0.89533
0.017484 -0.0106559 -0.895201
0.0175111 -0.0113226 -0.895041
0.0176647 -0.0121894 -0.894859
0.0176866 -0.0128222 -0.894696
0.0174696 -0.013109 -0.894587
0.0169962 -0.0129344 -0.894539
0.0161872 -0.0122306 -0.89456
0.0150619 -0.0110338 -0.894631
0.0135506 -0.00917393 -0.894736
0.0119233 -0.00705046 -0.894864
0.0102413 -0.00477069 -0.894973
0.00858534 -0.00245817 -0.89508
0.00710817 -0.000128865 -0.895181
0.00574818 0.00230864 -0.895262
0.00464927 0.00475358 -0.895345
0.00394834 0.00690926 -0.895465
0.00345858 0.00890842 -0.895651
0.0031332 0.0107069 -0.89594
0.00292282 0.0122333 -0.896339
0.00276979 0.0134848 -0.896854
0.00265633 0.0144462 -0.897487
0.00262118 0.0150931 -0.898233
0.00268942 0.0154239 -0.899081
0.00259632 0.0158898 -0.899997
0.00263997 0.0159856 -0.90095
0.00283182 0.0157558 -0.901918
0.00346193 0.0151131 -0.902935
0.0042333 0.0143732 -0.904017
0.00512425 0.0136316 -0.905136
0.00612931 0.0129433 -0.906272
0.00719053 0.012294 -0.907394
0.00807981 0.0118653 -0.908495
0.00886701 0.0113751 -0.909561
0.00955334 0.0108053 -0.910574
0.0101016 0.010178 -0.911542
0.0105306 0.00954796 -0.912479
0.0108249 0.00892463 -0.913374
0.0109947 0.00832674 -0.914204
0.0110454 0.00774351 -0.914985
0.0110528 0.00715036 -0.915698
0.0110102 0.0065124 -0.916342
0.0109604 0.00580795 -0.916931
0.0108965 0.00507231 -0.917433
0.0108158 0.00431001 -0.917857
0.0107092 0.00350734 -0.918201
0.0107397 0.00257857 -0.918465
0.010723 0.00167244 -0.918639
0.0104465 0.000905501 -0.918738
0.010138 0.000154864 -0.918751
0.00977391 -0.000606238 -0.918691
0.00939239 -0.00141083 -0.918551
0.00900204 -0.00222787 -0.918326
0.0086212 -0.00300438 -0.918044
0.00827448 -0.00374295 -0.917699
0.00796279 -0.00444424 -0.917277
0.00771129 -0.00510353 -0.916762
0.00752253 -0.0056991 -0.916168
0.00741321 -0.00621768 -0.9155
0.00735659 -0.00666218 -0.914763
0.00734553 -0.00706298 -0.913969
0.00735484 -0.00740393 -0.913128
0.00736086 -0.0076989 -0.912287
0.00733458 -0.00794159 -0.911461
0.00725613 -0.00813405 -0.91067
0.0071747 -0.00831084 -0.909926
0.0070773 -0.00847619 -0.90925
0.00702316 -0.00862289 -0.908613
0.00701176 -0.00875156 -0.908004
0.00706606 -0.00887799 -0.907432
0.00721913 -0.00901743 -0.906897
0.00746651 -0.00916336 -0.906408
0.00780421 -0.00935792 -0.906005
0.00818412 -0.00958627 -0.905664
0.00857482 -0.00983843 -0.905368
0.00895591 -0.0100958 -0.905136
0.00932385 -0.0103972 -0.90497
0.00963287 -0.0107155 -0.904842
0.00987258 -0.0110607 -0.904756
0.0100739 -0.0114262 -0.90472
0.0102265 -0.0118082 -0.904726
0.010333 -0.0122211 -0.904744
0.010386 -0.0126696 -0.90477
0.0104185 -0.0131345 -0.904786
0.0104154 -0.013587 -0.904785
0.0103764 -0.0140066 -0.904771
0.0102698 -0.0144033 -0.904773
0.0101014 -0.01477 -0.904801
0.00986216 -0.015122 -0.90485
0.00955215 -0.0154503 -0.904896
0.00915796 -0.0157386 -0.904959
0.00871406 -0.0159787 -0.905006
0.00822681 -0.0161728 -0.905062
0.00775875 -0.016306 -0.905129
0.00729336 -0.016409 -0.905197
0.00684069 -0.0165281 -0.905245
0.0064081 -0.0166604 -0.905292
0.00600999 -0.0167946 -0.905349
0.00564437 -0.0169436 -0.905422
0.00530029 -0.0170943 -0.905517
0.00498972 -0.0172391 -0.905628
0.00469618 -0.0173819 -0.905751
0.00446183 -0.0174902 -0.905877
0.00426363 -0.0175434 -0.906025
0.0040852 -0.017518 -0.906178
0.00392283 -0.0174386 -0.906352
0.00379154 -0.0173439 -0.906502
0.00366182 -0.0172773 -0.906641
0.00354919 -0.0172691 -0.906778
0.00342166 -0.0173226 -0.906893
0.00328273 -0.0174387 -0.906992
0.00312718 -0.0176056 -0.907093
0.00292428 -0.0177649 -0.907197
0.00269161 -0.0179041 -0.907316
0.00240276 -0.018017 -0.907449
0.00206416 -0.0180914 -0.907567
0.00168179 -0.0181329 -0.907683
0.00127716 -0.0181782 -0.907801
0.00085558 -0.0182651 -0.907888
0.000463165 -0.0183985 -0.90795
0.000113224 -0.0185616 -0.907989
-0.000219483 -0.018757 -0.908013
-0.000528029 -0.0189711 -0.908028
-0.000818268 -0.0191597 -0.908044
-0.00111081 -0.0192919 -0.908071
-0.00145399 -0.0193548 -0.908128
-0.00183112 -0.0193477 -0.90821
-0.00224996 -0.0193166 -0.908309
-0.00270091 -0.0193228 -0.908438
-0.00318792 -0.0193807 -0.908592
-0.00367693 -0.0194871 -0.908777
-0.00415053 -0.0195749 -0.908984
-0.00461951 -0.0196058 -0.90921
-0.005055 -0.0195725 -0.90946
-0.00548033 -0.0194696 -0.909729
-0.00586497 -0.0193146 -0.910004
-0.00621296 -0.0191408 -0.910281
-0.00652851 -0.0189972 -0.910567
-0.00683732 -0.0188783 -0.91086
-0.00716126 -0.0187826 -0.911173
-0.00751281 -0.0186805 -0.911514
-0.00790541 -0.0185619 -0.91189
-0.00832893 -0.0183861 -0.91233
-0.00878467 -0.0181615 -0.912813
-0.00924731 -0.0179191 -0.913327
-0.00969753 -0.0176889 -0.913856
-0.0100785 -0.017463 -0.914402
-0.0104058 -0.0172755 -0.914949
-0.0106528 -0.0171326 -0.915487
-0.0108384 -0.0170325 -0.915997
-0.010956 -0.0169252 -0.916486
-0.0110627 -0.0167845 -0.916958
-0.0111758 -0.016593 -0.917455
-0.0113354 -0.0164001 -0.918015
-0.0115619 -0.0162428 -0.918629
-0.0118647 -0.0161273 -0.919288
-0.0122216 -0.0160738 -0.919957
-0.0126289 -0.0160913 -0.920599
-0.0130294 -0.0161794 -0.921197
-0.0134112 -0.0163248 -0.921746
-0.0137602 -0.0165227 -0.922227
-0.0141103 -0.0167508 -0.922642
-0.0144485 -0.0170104 -0.92303
-0.0147977 -0.0173131 -0.923394
-0.0151053 -0.0175749 -0.923721
-0.0152629 -0.0176114 -0.924006
-0.0151773 -0.0172862 -0.924242
-0.014785 -0.0165277 -0.924401
-0.0138143 -0.0150744 -0.924494
-0.0125553 -0.0132617 -0.924545
-0.011048 -0.0111251 -0.924568
-0.00939045 -0.0087413 -0.924571
-0.00765824 -0.00624107 -0.924559
-0.00591792 -0.00360833 -0.924545
-0.00424007 -0.000982166 -0.924514
-0.00283778 0.00137585 -0.924453
-0.00165134 0.00359637 -0.924327
-0.000701777 0.00563805 -0.924133
4.59462e-05 0.00747124 -0.923888
0.000617195 0.00904356 -0.923582
0.00103144 0.0103139 -0.923234
0.00128696 0.0112632 -0.922842
0.00140082 0.0119126 -0.922428
0.0016867 0.0127061 -0.92197
0.00181205 0.0131767 -0.921427
0.0018009 0.0133679 -0.920813
0.0014424 0.0131489 -0.920109
0.000958721 0.0128624 -0.919351
0.000358512 0.0125998 -0.918541
-0.000365334 0.0124154 -0.917713
-0.00118106 0.0122857 -0.916889
-0.00187872 0.0123674 -0.916067
-0.0025708 0.0123825 -0.915266
-0.00326333 0.0123383 -0.914476
-0.00389059 0.0122343 -0.913709
-0.00440864 0.0120993 -0.912964
-0.00481599 0.0119811 -0.912271
-0.00513962 0.0118354 -0.911631
-0.00546024 0.0114103 -0.911065
-0.00569102 0.0109331 -0.910569
-0.00580667 0.0103942 -0.910134
-0.00582534 0.00977847 -0.909775
-0.00563469 0.00928132 -0.909467
-0.00533556 0.00868979 -0.909226
-0.00493097 0.00805423 -0.909037
-0.00442573 0.00738625 -0.908888
-0.00403259 0.00655113 -0.908818
-0.00361823 0.00572263 -0.908835
-0.0031883 0.00491825 -0.90895
-0.00275187 0.00415478 -0.909174
-0.00230659 0.00344537 -0.909504
-0.00183864 0.00279243 -0.909939
-0.00134287 0.00215262 -0.910463
-0.000651902 0.00158868 -0.911058
3.23083e-05 0.00102855 -0.911699
0.000695289 0.000518443 -0.91242
0.00136219 7.83047e-05 -0.913199
0.00199254 -0.000283763 -0.914047
0.00262784 -0.000554731 -0.914964
0.00321985 -0.000721636 -0.915942
0.00375569 -0.000801772 -0.91699
0.00423975 -0.000816398 -0.918065
0.00466516 -0.000788519 -0.919144
0.00504762 -0.000745791 -0.920232
0.00534323 -0.0007199 -0.921312
0.00558534 -0.000686035 -0.92236
0.00574602 -0.000642083 -0.923345
0.00583857 -0.000563094 -0.924265
0.00586485 -0.000436175 -0.925108
0.00578999 -0.000284795 -0.925863
0.00563974 -0.000134446 -0.92654
0.00542871 1.2075e-06 -0.927139
0.00517517 9.96807e-05 -0.92765
0.0048656 0.000176557 -0.92808
0.00449627 0.000244576 -0.928442
0.00411122 0.000292345 -0.928721
0.00370721 0.000314416 -0.928929
0.00331227 0.00029584 -0.92908
0.00291648 0.000258675 -0.929181
0.00255559 0.000209577 -0.929258
0.0022368 0.000132309 -0.929326
0.00196255 4.86863e-05 -0.929404
0.00177201 -4.41132e-05 -0.929483
0.0016502 -0.000145575 -0.929571
0.00160982 -0.000273125 -0.929654
0.00169507 -0.000424251 -0.929725
0.00189059 -0.0006175 -0.92979
0.00219014 -0.000792025 -0.929873
0.00255166 -0.000915943 -0.929984
0.00305603 -0.000992281 -0.930122
0.00364705 -0.00102532 -0.930294
0.00427209 -0.000995786 -0.930493
0.00491465 -0.000914465 -0.930712
0.00555807 -0.000800323 -0.930942
0.00624711 -0.000678702 -0.931181
0.00691689 -0.000564924 -0.931421
0.00754613 -0.000446883 -0.931657
0.00812215 -0.0003271 -0.93187
0.00863955 -0.000166704 -0.932032
0.00913223 2.20749e-05 -0.932154
0.009543 0.000223885 -0.932265
0.00993865 0.000428277 -0.932356
0.0102458 0.000639079 -0.932431
0.0104877 0.00086528 -0.932491
0.0106673 0.00108363 -0.932532
0.010785 0.0012503 -0.93256
0.0108366 0.00136205 -0.932586
0.0108344 0.00142547 -0.932606
0.0108027 0.00146839 -0.932611
0.0107306 0.00150869 -0.932585
0.0106482 0.00151156 -0.932552
0.010536 0.0014756 -0.932524
0.0104547 0.00142831 -0.932512
0.0103503 0.00137426 -0.932499
0.0102877 0.00131742 -0.932506
0.0102236 0.00120156 -0.932527
0.0101977 0.00105045 -0.932566
0.0101722 0.000880176 -0.932607
0.0101697 0.000690759 -0.932677
0.0101467 0.000562833 -0.932775
0.010127 0.000487518 -0.932901
0.0101241 0.000446179 -0.933038
0.0101689 0.000459596 -0.933182
0.0102768 0.000489688 -0.933338
0.0104189 0.000448153 -0.933501
0.0105659 0.000376717 -0.933685
0.0107111 0.000337005 -0.93386
0.0109216 0.000375234 -0.934033
0.0112025 0.000441932 -0.93421
0.0115462 0.000549106 -0.934374
0.0118878 0.000679728 -0.934539
0.0122419 0.000811509 -0.934684
0.0126087 0.000895577 -0.934797
0.0130572 0.0009403 -0.93487
0.0134958 0.000978624 -0.934918
0.0139448 0.00101787 -0.934929
0.0143599 0.00106359 -0.934899
0.0148504 0.00115083 -0.934833
0.015338 0.00127143 -0.934739
0.0158641 0.00135747 -0.934584
0.0163357 0.00136747 -0.934379
0.016799 0.00135269 -0.934105
0.0172007 0.00134516 -0.933752
0.0176138 0.00140956 -0.933333
0.0179681 0.00152793 -0.932852
0.0182983 0.00159881 -0.932332
0.0185697 0.00151369 -0.931774
0.0188371 0.00130332 -0.93122
0.0191274 0.000991244 -0.930695
0.0194844 0.000614962 -0.930203
0.0198683 0.000207312 -0.929753
0.0200168 -0.000245516 -0.929348
0.0201313 -0.000789242 -0.928987
0.0202105 -0.00147863 -0.928664
0.020273 -0.00227756 -0.928414
0.0202668 -0.00309182 -0.928219
0.0204384 -0.00399269 -0.928075
0.0205633 -0.00493451 -0.927959
0.0207046 -0.00587561 -0.927879
0.0208619 -0.0068491 -0.927812
0.0210269 -0.00785656 -0.927789
0.021183 -0.0088827 -0.927786
0.021135 -0.00960114 -0.927799
0.0210542 -0.01017 -0.927851
0.020886 -0.0104632 -0.927951
0.0205244 -0.0103468 -0.928083
0.0199386 -0.00973264 -0.928241
0.0190695 -0.00861895 -0.928407
0.0179384 -0.007047 -0.928558
0.0165392 -0.00511666 -0.928707
0.0149596 -0.00293646 -0.928822
0.0133066 -0.00058839 -0.928935
0.0116473 0.00181768 -0.929042
0.0101066 0.00420236 -0.929158
0.00879804 0.0064224 -0.929289
0.00768808 0.00852934 -0.929465
0.00676831 0.0104987 -0.929675
0.00602172 0.0123434 -0.929918
0.00541886 0.0140294 -0.930215
0.00492743 0.0155131 -0.930603
0.00452737 0.016739 -0.931062
0.00422702 0.0176759 -0.931593
0.00406154 0.0182758 -0.932223
0.00378253 0.0189566 -0.932968
0.00367657 0.0193325 -0.933787
0.00369057 0.0194792 -0.934634
0.00384663 0.01944 -0.935508
0.00442202 0.0191187 -0.936405
0.00512059 0.0187503 -0.937316
0.00591898 0.0183685 -0.938246
0.00680877 0.0179921 -0.939204
0.00756582 0.0178191 -0.940173
0.00833864 0.0176967 -0.941128
0.00906542 0.0176119 -0.94207
0.00970247 0.017504 -0.942984
0.0102088 0.0173447 -0.943833
0.0106049 0.0171083 -0.944624
0.0108893 0.0168398 -0.945344
0.0110656 0.0165622 -0.94603
0.0111463 0.0162763 -0.946647
0.0112048 0.0159917 -0.947214
0.0112464 0.01568 -0.947741
0.0112584 0.0152921 -0.948216
0.0112051 0.0147749 -0.948613
0.0110873 0.0141637 -0.948947
0.0110939 0.0133495 -0.949231
0.0110391 0.0125187 -0.94943
0.0109382 0.0116844 -0.949549
0.0107587 0.0108762 -0.949568
0.0103602 0.0101983 -0.949524
0.00994321 0.00952394 -0.949411
0.00952583 0.00882319 -0.949226
0.00912593 0.00811909 -0.948979
0.00876062 0.00742179 -0.948649
0.00843247 0.00675538 -0.948236
0.00812145 0.0061418 -0.947744
0.00784098 0.00561311 -0.947166
0.00757053 0.00517647 -0.946533
0.00734303 0.00481522 -0.945835
0.00715042 0.00451186 -0.945065
0.00699447 0.00426018 -0.944248
0.00687732 0.00406973 -0.943409
0.00680262 0.00395555 -0.942565
0.00675747 0.00390666 -0.941728
0.00672324 0.00389382 -0.940927
0.00671156 0.00392281 -0.940166
0.00671617 0.00398396 -0.939457
0.00676334 0.00407406 -0.938821
0.00685219 0.00417039 -0.93822
0.00701724 0.00426268 -0.93764
0.00726577 0.00433974 -0.937111
0.00754762 0.00440675 -0.936654
0.00790807 0.0044513 -0.936284
0.00831749 0.00447231 -0.935991
0.00876005 0.00446581 -0.935751
0.00919963 0.00443709 -0.93556
0.0096422 0.00439042 -0.9354
0.0100643 0.00434211 -0.935254
0.010456 0.00428171 -0.935126
0.010819 0.00420244 -0.935014
0.0111354 0.00406075 -0.934932
0.0113923 0.00385612 -0.934883
0.0116074 0.00359896 -0.934838
0.011769 0.00332837 -0.934786
0.011868 0.00306139 -0.934735
0.0118885 0.00282036 -0.934688
0.0118394 0.0026051 -0.934634
0.0117131 0.00242892 -0.934579
0.0115127 0.00226791 -0.934513
0.0112401 0.0021223 -0.934456
0.0108981 0.00201308 -0.934393
0.0105094 0.00196747 -0.934322
0.0101131 0.0019573 -0.934223
0.0097238 0.00192401 -0.934127
0.00933398 0.0018544 -0.934029
0.00896046 0.00175629 -0.93394
0.00861426 0.001664 -0.933861
0.00830854 0.00160536 -0.933805
0.00803646 0.0015805 -0.933761
0.00780778 0.00157591 -0.933728
0.00759425 0.00158808 -0.933725
0.00742384 0.00161022 -0.933734
0.00727001 0.00166848 -0.933763
0.00715733 0.00174595 -0.933807
0.00707794 0.00182276 -0.933856
0.00702234 0.00186484 -0.933923
0.00699973 0.00185103 -0.933995
0.00699604 0.0017837 -0.934105
0.00698695 0.00168658 -0.934234
0.00698166 0.00160509 -0.934356
0.00697223 0.00156976 -0.934485
0.00694176 0.00156242 -0.934602
0.00689365 0.00156564 -0.93472
0.00681448 0.00157397 -0.934802
0.006725 0.00157118 -0.93486
0.00662975 0.00152727 -0.934889
0.0065169 0.00142674 -0.934909
0.00638626 0.00128909 -0.934908
0.00622506 0.00112642 -0.934903
0.0060231 0.000980633 -0.934932
0.00575574 0.00088094 -0.934988
0.00543804 0.000864108 -0.935062
0.00508026 0.000872209 -0.935154
0.00470021 0.000877206 -0.935235
0.00429046 0.000854828 -0.935331
0.00390431 0.000810578 -0.935425
0.00354906 0.000754763 -0.935495
0.00322835 0.000707052 -0.935559
0.00292355 0.00068476 -0.935642
0.00263037 0.000727137 -0.935741
0.00233972 0.000843223 -0.935851
0.00199666 0.00099899 -0.93601
0.00162173 0.00114862 -0.936215
0.00119785 0.00123972 -0.936465
0.000720192 0.00127287 -0.936763
0.000189188 0.00129135 -0.937096
-0.000377216 0.00134348 -0.937471
-0.000970428 0.00142141 -0.9379
-0.00155985 0.00148744 -0.938345
-0.00211243 0.00151379 -0.938796
-0.00259242 0.00151632 -0.939253
-0.00299842 0.00154824 -0.93972
-0.00334273 0.00162164 -0.940196
-0.00361865 0.00173942 -0.940694
-0.00376837 0.00185986 -0.941221
-0.00392534 0.00190708 -0.941781
-0.00411769 0.00189118 -0.942359
-0.00447654 0.00182912 -0.942926
-0.00492506 0.00172966 -0.943474
-0.00547274 0.00155857 -0.944001
-0.0059371 0.00127771 -0.944483
-0.00643209 0.000877668 -0.944905
-0.00694196 0.000369925 -0.945275
-0.00745815 -0.000191951 -0.945571
-0.00794306 -0.000785697 -0.945779
-0.00837656 -0.00139929 -0.945924
-0.00874793 -0.00204732 -0.946025
-0.00924568 -0.00285306 -0.946079
-0.00965991 -0.00368558 -0.946111
-0.0100208 -0.00451947 -0.946136
-0.0103839 -0.00534385 -0.946143
-0.0105906 -0.00594445 -0.94613
-0.0108116 -0.00649505 -0.946096
-0.0110436 -0.00693642 -0.946055
-0.0112228 -0.00717495 -0.946012
-0.0112218 -0.00707206 -0.945961
-0.0109582 -0.00653049 -0.945907
-0.0103806 -0.00550517 -0.945834
-0.00945758 -0.00402161 -0.94574
-0.00820259 -0.00215457 -0.945663
-0.00678472 -2.36811e-05 -0.945616
-0.00520561 0.00232711 -0.945579
-0.00356558 0.00475566 -0.94554
-0.00196731 0.00715982 -0.945486
-0.000655399 0.00923323 -0.94543
0.00039109 0.0111669 -0.94535
0.00117369 0.0129325 -0.94524
0.0017033 0.0145238 -0.945101
0.00202027 0.0159246 -0.944934
0.00216535 0.0170783 -0.944746
0.00218432 0.0179635 -0.944522
0.00237385 0.0190757 -0.944229
0.00249168 0.0199086 -0.943868
0.00259876 0.0204341 -0.943431
0.0026703 0.0206602 -0.94292
0.00268475 0.0206551 -0.942315
0.00261986 0.0205127 -0.941613
0.00243756 0.0203085 -0.94086
0.00211505 0.0200904 -0.940067
0.00165401 0.0198895 -0.939267
0.00108277 0.0197129 -0.938463
0.000423648 0.0195705 -0.937711
-0.000213128 0.0194262 -0.936993
-0.000775082 0.0192679 -0.936288
-0.0012584 0.019097 -0.935636
-0.00163447 0.0188677 -0.93503
-0.00189137 0.0186284 -0.934452
-0.00201885 0.0183685 -0.93391
-0.00203111 0.0181011 -0.933429
-0.00193303 0.0177854 -0.933012
-0.00173297 0.0174073 -0.932624
-0.00146916 0.0169654 -0.932258
-0.00116581 0.0164551 -0.931923
-0.000874043 0.0158831 -0.931634
-0.000601303 0.0152923 -0.931399
-0.000410485 0.0146706 -0.931215
-0.000236735 0.0140421 -0.931083
-9.47139e-05 0.0133904 -0.931045
3.32609e-05 0.0127217 -0.931063
0.000182171 0.0120438 -0.931158
0.000346784 0.011379 -0.931331
0.000552558 0.0107345 -0.931537
0.000784575 0.0101384 -0.931779
0.00106189 0.00958625 -0.932043
0.00131919 0.00907517 -0.932365
0.00157652 0.00856188 -0.932749
0.00179205 0.00805891 -0.933211
0.00195936 0.00757942 -0.933747
0.00205043 0.00712649 -0.934363
0.00207261 0.0067373 -0.935051
0.00201138 0.00641854 -0.935796
0.00192029 0.0061596 -0.936602
0.00183143 0.00597861 -0.937479
0.00173911 0.00585132 -0.938363
0.00168611 0.00578056 -0.939232
0.00166989 0.00573563 -0.940074
0.00169131 0.00569536 -0.940883
0.00172105 0.00565901 -0.941633
0.00174488 0.00562365 -0.94233
0.00176831 0.0055828 -0.942962
0.00172266 0.0055222 -0.943537
0.00161539 0.00545112 -0.944056
0.00145476 0.00535543 -0.944523
0.00123404 0.00524014 -0.944949
0.00100001 0.00511817 -0.94534
0.000739389 0.00501356 -0.945697
0.000494482 0.00491079 -0.946015
0.00028759 0.00480991 -0.946305
0.00014666 0.00469645 -0.946562
7.85226e-05 0.00456379 -0.946791
4.49009e-05 0.00437528 -0.946995
7.32545e-05 0.00414814 -0.947168
0.000127168 0.00387326 -0.947325
0.000237652 0.00355936 -0.94747
0.000360107 0.00321823 -0.947612
0.00051493 0.00286533 -0.94776
0.000701725 0.00252352 -0.947903
0.000917815 0.00222722 -0.94805
0.00113726 0.00196462 -0.948218
0.00141507 0.00173658 -0.948388
0.00174086 0.00157278 -0.948574
0.00209544 0.00143759 -0.948767
0.00246782 0.0012972 -0.948947
0.00281298 0.00116054 -0.949134
0.00314384 0.0010123 -0.949306
0.00345174 0.000833142 -0.949448
0.00374985 0.000646329 -0.949572
0.00398791 0.000459938 -0.949669
0.0041879 0.000303738 -0.949775
0.0044161 0.000186429 -0.949887
0.00458715 7.26012e-05 -0.950002
0.00473959 -2.90189e-05 -0.950125
0.0048614 -9.36841e-05 -0.95025
0.0049958 -0.000107961 -0.950366
0.00513872 -0.00010154 -0.950479
0.00528247 -0.000117001 -0.950566
0.00539892 -0.000146609 -0.950634
0.00553508 -0.000188717 -0.95069
0.00572693 -0.000284483 -0.950718
0.00591539 -0.000454064 -0.950748
0.00613187 -0.000718995 -0.950774
0.00633139 -0.00104518 -0.950805
0.00656987 -0.00133915 -0.950841
0.00680833 -0.00160945 -0.95088
0.00705893 -0.00187395 -0.950923
0.00731828 -0.00214576 -0.950956
0.00760048 -0.00238577 -0.950965
0.00785692 -0.00265215 -0.950949
0.00814094 -0.0029714 -0.950923
0.00843473 -0.00339123 -0.95088
0.00873204 -0.00385728 -0.95083
0.00897338 -0.00426007 -0.950771
0.00920283 -0.00460731 -0.950698
0.00940397 -0.00487962 -0.950632
0.00960406 -0.00505941 -0.950558
0.00982018 -0.0052185 -0.950495
0.0100569 -0.00539156 -0.950428
0.0102952 -0.00560299 -0.950364
0.0105016 -0.00587042 -0.950295
0.0107282 -0.00613026 -0.950224
0.0109428 -0.00631962 -0.95014
0.0112006 -0.00642436 -0.950026
0.011489 -0.00645664 -0.949886
0.0118105 -0.0064206 -0.94971
0.0121085 -0.00639231 -0.949533
0.0124384 -0.00648325 -0.94935
0.0127565 -0.00666847 -0.949156
0.0131043 -0.00684472 -0.948943
0.0134597 -0.00697789 -0.948727
0.0138571 -0.00708086 -0.948497
0.0142213 -0.00711813 -0.948265
0.0145825 -0.00713514 -0.94801
0.0149248 -0.00719145 -0.947721
0.015242 -0.00726556 -0.947403
0.0155131 -0.00730919 -0.947065
0.0157636 -0.00733642 -0.946693
0.0160307 -0.0074104 -0.9463
0.0163206 -0.00751018 -0.94587
0.0166622 -0.00767905 -0.945451
0.0170351 -0.00797702 -0.945079
0.0174559 -0.00842635 -0.944775
0.0176356 -0.0089341 -0.944558
0.0178595 -0.0094993 -0.944399
0.0182761 -0.0101938 -0.944307
0.0184839 -0.0107757 -0.944261
0.0188207 -0.0115281 -0.944239
0.0191087 -0.0123464 -0.944245
0.0193345 -0.0132238 -0.94427
0.0195632 -0.0141044 -0.944295
0.0197697 -0.014975 -0.944329
0.0199881 -0.0158009 -0.944351
0.0201775 -0.0165985 -0.944374
0.0203538 -0.0174045 -0.944413
0.0202143 -0.0177941 -0.944478
0.0199755 -0.0180267 -0.944566
0.0195167 -0.0179389 -0.944674
0.0188397 -0.01739 -0.944806
0.0178778 -0.0163125 -0.944936
0.0166462 -0.0147299 -0.945052
0.0151688 -0.0127837 -0.945151
0.0135342 -0.0105964 -0.945197
0.0118404 -0.0083106 -0.945221
0.0101185 -0.00596601 -0.945237
0.00845312 -0.00363519 -0.945247
0.00707632 -0.00143449 -0.945307
0.00588109 0.000710209 -0.945405
0.00488649 0.00277135 -0.945569
0.00409968 0.00473416 -0.945833
0.00349531 0.00649082 -0.946198
0.00301961 0.00799203 -0.946655
0.00265574 0.00922455 -0.947226
0.00243809 0.0101769 -0.94791
0.00240285 0.0108351 -0.948683
0.00216858 0.0116886 -0.949528
0.00216876 0.0121748 -0.950435
0.00268477 0.0119786 -0.95138
0.00340776 0.0115508 -0.952347
0.00427206 0.0109927 -0.953332
0.00525446 0.0103767 -0.954319
0.00633053 0.00971522 -0.955301
0.00744293 0.00897436 -0.956247
0.00851809 0.00812324 -0.957154
0.00950505 0.007191 -0.958016
0.0102448 0.006454 -0.958846
0.0108381 0.00571512 -0.959629
0.011276 0.00497778 -0.960378
0.0115656 0.00423896 -0.961041
0.0117365 0.00353979 -0.961625
0.0119842 0.00272714 -0.962132
0.0122022 0.001895 -0.962557
0.0124147 0.00103858 -0.962912
0.0125952 0.000178424 -0.96321
0.0125713 -0.000541216 -0.963438
0.0124615 -0.00126007 -0.963635
0.0122638 -0.00199054 -0.963781
0.0119429 -0.00272297 -0.963908
0.0116955 -0.00360394 -0.963985
0.0114086 -0.00448971 -0.964
0.0110899 -0.00536727 -0.963977
0.0107755 -0.00619341 -0.963913
0.010468 -0.00697712 -0.963807
0.0102001 -0.00773444 -0.963638
0.00976918 -0.00841188 -0.963409
0.00937363 -0.00906975 -0.963116
0.00901453 -0.0097079 -0.962761
0.00867624 -0.0103204 -0.962363
0.00836478 -0.0109206 -0.961906
0.00806156 -0.0115108 -0.961402
0.00780083 -0.012083 -0.960867
0.00755719 -0.0125957 -0.960312
0.0073323 -0.0130386 -0.959748
0.00714461 -0.0134198 -0.959189
0.00698276 -0.0137626 -0.958648
0.00687387 -0.0140781 -0.958137
0.00679506 -0.0143602 -0.957658
0.00675872 -0.014625 -0.957192
0.00678458 -0.0149015 -0.956752
0.00687798 -0.0152062 -0.956344
0.00702961 -0.0155336 -0.955993
0.00724499 -0.0158662 -0.955677
0.00751187 -0.0161787 -0.955415
0.00781202 -0.0164877 -0.955231
0.00814929 -0.0168161 -0.955132
0.00850183 -0.0171756 -0.955091
0.00889817 -0.0175513 -0.955097
0.0093072 -0.0179843 -0.955135
0.00973033 -0.0184472 -0.955196
0.0101425 -0.0189335 -0.955267
0.0105241 -0.0194272 -0.955348
0.0108413 -0.0199401 -0.955422
0.0110719 -0.0204578 -0.955475
0.0112165 -0.0209391 -0.955514
0.0112716 -0.0213726 -0.955548
0.0112582 -0.0217697 -0.955585
0.0111668 -0.0221344 -0.955616
0.0109935 -0.0225027 -0.955615
0.0107492 -0.0228612 -0.955602
0.010461 -0.0231905 -0.955595
0.0101267 -0.0234703 -0.955567
0.00975302 -0.0237136 -0.955543
0.00934015 -0.0239197 -0.955518
0.00892316 -0.0240979 -0.95548
0.00851022 -0.0242239 -0.955434
0.00809158 -0.0242978 -0.95539
0.00767768 -0.0243209 -0.955323
0.00728053 -0.0242964 -0.955244
0.00690095 -0.0242528 -0.955183
0.00654657 -0.0242215 -0.955128
0.00620901 -0.0242315 -0.9551
0.0059178 -0.0242932 -0.955086
0.00567486 -0.02438 -0.955095
0.00549144 -0.0244499 -0.955133
0.00536768 -0.0244768 -0.955178
0.0053033 -0.0244244 -0.955254
0.00526987 -0.0243211 -0.955354
0.00527761 -0.0241936 -0.955472
0.00530775 -0.0240758 -0.955602
0.00535395 -0.0239631 -0.955734
0.00537238 -0.0238708 -0.955873
0.0053674 -0.0238029 -0.956009
0.00532939 -0.0237811 -0.956131
0.00523227 -0.0238388 -0.95625
0.00508499 -0.0239397 -0.95638
0.00490956 -0.0240356 -0.956531
0.00471338 -0.0241106 -0.956663
0.00450478 -0.0241631 -0.956786
0.00432587 -0.0242124 -0.9569
0.00415755 -0.0242644 -0.956984
0.00402093 -0.0243183 -0.957041
0.00387996 -0.0243664 -0.957043
0.00374356 -0.0244138 -0.95701
0.00359336 -0.0244828 -0.956974
0.00339105 -0.0245871 -0.956937
0.00311405 -0.0247028 -0.95693
0.00278929 -0.0248057 -0.956969
0.00238934 -0.0248684 -0.957049
0.00194082 -0.0248851 -0.957148
0.00147698 -0.0248208 -0.957267
0.00103326 -0.0246945 -0.9574
0.000628579 -0.0245433 -0.957519
0.000266067 -0.0244181 -0.957613
-3.03853e-05 -0.0243254 -0.957702
-0.000269817 -0.0242242 -0.957801
-0.000489906 -0.0240919 -0.957914
-0.000739086 -0.0239184 -0.95806
-0.00102509 -0.0236916 -0.958229
-0.00137075 -0.0234131 -0.958434
-0.00177539 -0.0231118 -0.958699
-0.00224426 -0.0228276 -0.959011
-0.00275382 -0.0225667 -0.959375
-0.00328079 -0.0223156 -0.959794
-0.00380097 -0.0220814 -0.960254
-0.00427365 -0.0218211 -0.960722
-0.00466168 -0.0215123 -0.961189
-0.0049642 -0.0211755 -0.961638
-0.0051809 -0.0208257 -0.962057
-0.00532339 -0.0204609 -0.962477
-0.00542912 -0.0200957 -0.962909
-0.00551577 -0.0197539 -0.963374
-0.00562421 -0.0194441 -0.963879
-0.00575706 -0.0191708 -0.964437
-0.0059471 -0.0189047 -0.965042
-0.00616871 -0.0186434 -0.96568
-0.00643952 -0.0184181 -0.966341
-0.00672087 -0.0182784 -0.966979
-0.00701564 -0.0182628 -0.967567
-0.00728947 -0.0183505 -0.96808
-0.00757091 -0.0184844 -0.968548
-0.00783673 -0.0186263 -0.968971
-0.00810934 -0.0187592 -0.969358
-0.00839654 -0.0189007 -0.96971
-0.00872253 -0.0190861 -0.970049
-0.00906156 -0.0193352 -0.97036
-0.00941153 -0.0196043 -0.970608
-0.00969963 -0.0197988 -0.970771
-0.0097996 -0.0197329 -0.970858
-0.00934898 -0.0188597 -0.970881
-0.0085921 -0.017564 -0.970847
-0.00752697 -0.0158608 -0.970777
-0.00616755 -0.0137834 -0.970694
-0.00459813 -0.011421 -0.970602
-0.00292417 -0.00890601 -0.970508
-0.00126092 -0.00635639 -0.970413
0.000399631 -0.00367275 -0.970321
0.00179003 -0.00124752 -0.970227
0.00291876 0.00105516 -0.970104
0.00380413 0.0032077 -0.969937
0.00444304 0.00518816 -0.969743
0.00486686 0.00691441 -0.969497
0.00510275 0.00832884 -0.96923
0.00521882 0.00941059 -0.968953
0.00525935 0.0101784 -0.968665
0.0055133 0.0111087 -0.96836
0.00568359 0.0116933 -0.968011
0.00578079 0.0119878 -0.967585
0.00554898 0.0118705 -0.967085
0.00521741 0.0117213 -0.966519
0.00478418 0.0115654 -0.965922
0.00424828 0.011401 -0.965307
0.00363565 0.0112583 -0.964682
0.00298687 0.0111744 -0.964051
0.00240669 0.0113193 -0.963441
0.00182553 0.0114514 -0.962816
0.00126443 0.011549 -0.962192
0.000764858 0.0116394 -0.961596
0.000386043 0.0117206 -0.961044
0.000156614 0.0118017 -0.960533
0.000117972 0.0118649 -0.960078
0.000218994 0.0118582 -0.959675
0.000397463 0.0115435 -0.959312
0.000730464 0.0113708 -0.958975
0.00116407 0.0111263 -0.95864
0.00162973 0.0108069 -0.958348
0.00209443 0.0104178 -0.95813
0.00253323 0.0099715 -0.957986
0.00299186 0.00948444 -0.957926
0.00325772 0.00876755 -0.957942
0.00357789 0.00803631 -0.958063
0.00394972 0.00730618 -0.958253
0.0043619 0.00660128 -0.958524
0.0048422 0.00596129 -0.958857
0.00553309 0.00544719 -0.959256
0.00625913 0.00496314 -0.959717
0.00699985 0.00454013 -0.960229
0.00770286 0.00414182 -0.960779
0.00836136 0.00378037 -0.961391
0.00897482 0.00346133 -0.962096
0.0095165 0.00319345 -0.9629
0.00998455 0.00300844 -0.96378
0.0104008 0.00287237 -0.964732
0.0107781 0.00281522 -0.965746
0.0111302 0.0028518 -0.966793
0.0114561 0.00295533 -0.967842
0.0117623 0.00313865 -0.968865
0.0120674 0.00337322 -0.969863
0.0123397 0.00364101 -0.970819
0.0125779 0.00391182 -0.971702
0.0127356 0.00417566 -0.972525
0.0128667 0.00444621 -0.973266
0.012921 0.0047258 -0.973922
0.0128759 0.00501298 -0.974513
0.0127652 0.00528258 -0.975029
0.0126139 0.00549029 -0.975481
0.0124229 0.00565114 -0.975889
0.0121755 0.00579891 -0.976254
0.0119217 0.00594384 -0.976563
0.0116619 0.0060741 -0.97682
0.0114573 0.00618709 -0.97702
0.011274 0.00626071 -0.977187
0.0111353 0.0063082 -0.977313
0.0110592 0.00632775 -0.977418
0.0110358 0.00632893 -0.977502
0.0110854 0.00631253 -0.977572
0.0111962 0.0062952 -0.977648
0.0114007 0.00624817 -0.977748
0.0116935 0.00617115 -0.977857
0.012049 0.00609973 -0.977976
0.012444 0.0060395 -0.978123
0.0128823 0.00599267 -0.978275
0.0134123 0.00592753 -0.978454
0.0139559 0.00584262 -0.978644
0.0145282 0.00577476 -0.978837
0.0151192 0.00573359 -0.979037
0.0157011 0.00575102 -0.979217
0.0162556 0.00581603 -0.979376
0.0167713 0.00592834 -0.979525
0.0172492 0.0060392 -0.979682
0.0176761 0.00614456 -0.979833
0.0180443 0.00624726 -0.979956
0.0183532 0.00636316 -0.980071
0.0185748 0.00646835 -0.98017
0.018717 0.00657642 -0.980249
0.0188065 0.00671254 -0.980318
0.018817 0.00688961 -0.980394
0.0187774 0.00709492 -0.980469
0.0186835 0.00727264 -0.980538
0.0185717 0.00739303 -0.980607
0.0184116 0.00744164 -0.980655
0.0182652 0.00741873 -0.980708
0.0181015 0.0072999 -0.980755
0.017941 0.00712442 -0.980805
0.017806 0.00694281 -0.980862
0.0177003 0.00682446 -0.980917
0.0176122 0.00682587 -0.980978
0.0175863 0.00685181 -0.981044
0.0175243 0.00679845 -0.981144
0.017456 0.00670204 -0.981262
0.0173942 0.00655289 -0.981399
0.0173456 0.00634289 -0.981561
0.0173036 0.00613538 -0.981741
0.0173016 0.00599097 -0.981929
0.0173358 0.005946 -0.98211
0.017402 0.00599126 -0.982284
0.0174378 0.0060903 -0.982443
0.0175441 0.00618473 -0.982567
0.0176992 0.00621077 -0.982676
0.0178517 0.00616926 -0.982773
0.0179725 0.00612866 -0.982871
0.0181251 0.00615619 -0.982962
0.0183216 0.00623119 -0.983043
0.0185323 0.00636752 -0.983116
0.0187674 0.00650649 -0.98316
0.0190156 0.00659079 -0.9832
0.0192391 0.00663439 -0.983215
0.0194714 0.00663667 -0.983208
0.0197216 0.00659578 -0.983158
0.0199861 0.00663341 -0.983078
0.0202622 0.00672461 -0.98295
0.0205591 0.00685584 -0.982762
0.0208666 0.00697464 -0.982506
0.0211429 0.00707578 -0.982176
0.0214605 0.00711151 -0.981787
0.0218123 0.00706191 -0.981353
0.022238 0.0069832 -0.980938
0.0226621 0.00687661 -0.980511
0.0230903 0.00669216 -0.980105
0.0233529 0.00633238 -0.979729
0.0236344 0.00585992 -0.979403
0.0238989 0.00522749 -0.97911
0.0241712 0.00441737 -0.978834
0.0244194 0.00349817 -0.978576
0.0246536 0.00248321 -0.978346
0.02487 0.00136017 -0.978156
0.0250933 0.000163072 -0.977991
0.0254702 -0.00110276 -0.977878
0.0257458 -0.00239204 -0.977815
0.0259294 -0.00373074 -0.977781
0.0261066 -0.00510606 -0.977758
0.0262918 -0.00651635 -0.977733
0.0263596 -0.00768865 -0.977706
0.0264351 -0.00872131 -0.97766
0.026532 -0.00957153 -0.977606
0.0266199 -0.0102635 -0.977528
0.0266558 -0.0107713 -0.977483
0.0265221 -0.0110116 -0.977459
0.0261958 -0.0109015 -0.977487
0.0255756 -0.0103149 -0.97754
0.024684 -0.00921467 -0.977602
0.0234735 -0.00761597 -0.977667
0.0220213 -0.00562003 -0.977742
0.0203866 -0.00334663 -0.977794
0.0186527 -0.000970219 -0.977817
0.0169222 0.00153713 -0.977832
0.0153223 0.00408071 -0.977873
0.013944 0.00659618 -0.977904
0.0129657 0.00889785 -0.977968
0.0122187 0.0110712 -0.978081
0.0116714 0.0130629 -0.978242
0.0112836 0.0148434 -0.978484
0.0109893 0.0164205 -0.978817
0.0107203 0.0177338 -0.979257
0.0104485 0.0187146 -0.979794
0.0102103 0.0193562 -0.980455
0.0100688 0.0196917 -0.981226
0.00977763 0.0201484 -0.982076
0.00967612 0.0203225 -0.982977
0.00970928 0.0202663 -0.983907
0.00993483 0.0200084 -0.984849
0.0106124 0.0194565 -0.985797
0.0114297 0.0188606 -0.986765
0.0123471 0.0182834 -0.987768
0.0133419 0.0177571 -0.988808
0.0143528 0.0173001 -0.989863
0.0151889 0.0170774 -0.990933
0.0159098 0.0168731 -0.991997
0.0164683 0.016651 -0.993012
0.0168577 0.0163609 -0.993979
0.0171509 0.0160174 -0.994899
0.0173425 0.0156708 -0.995774
0.0174505 0.0153104 -0.996596
0.0175121 0.0149144 -0.997363
0.017595 0.0144791 -0.998078
0.017712 0.0139885 -0.998716
0.0178343 0.0133917 -0.999293
0.0179178 0.0126998 -0.999792
0.0179538 0.0119557 -1.0002
0.0179065 0.011149 -1.00053
0.0177641 0.0102931 -1.00077
0.0175431 0.00939745 -1.00093
0.0172677 0.00849453 -1.00098
0.0169785 0.00758532 -1.00095
0.0166487 0.0066684 -1.00085
0.0163085 0.00574224 -1.00068
0.0159878 0.00481459 -1.00042
0.0157139 0.00392663 -1.00008
0.015484 0.00311914 -0.999643
0.0152952 0.00238298 -0.999109
0.0151272 0.00172339 -0.998486
0.014985 0.00111753 -0.997776
0.0148903 0.000564699 -0.996975
0.0148355 8.76098e-05 -0.996097
0.0148146 -0.00030946 -0.995175
0.0148091 -0.000618512 -0.994213
0.0148312 -0.000857844 -0.993262
0.0148539 -0.00103109 -0.99234
0.0148891 -0.001157 -0.991463
0.0149463 -0.00124464 -0.990626
0.0150379 -0.00131855 -0.98984
0.0151687 -0.0013624 -0.989117
0.0153717 -0.00142028 -0.988439
0.0156731 -0.00150337 -0.987818
0.0160527 -0.00160545 -0.987269
0.0165195 -0.00169366 -0.986789
0.0170361 -0.00179559 -0.986382
0.0175937 -0.00192628 -0.986032
0.0181692 -0.00208779 -0.985735
0.0187287 -0.00226599 -0.985505
0.0192665 -0.00244787 -0.98533
0.0197848 -0.00264679 -0.985194
0.0202623 -0.00286588 -0.985086
0.0206962 -0.00314844 -0.985004
0.0210764 -0.00351172 -0.984939
0.0213885 -0.00393422 -0.98488
0.0216506 -0.00437628 -0.98485
0.0218457 -0.00480472 -0.984843
0.0219928 -0.0052 -0.984849
0.0220587 -0.00555565 -0.984851
0.0220366 -0.00587058 -0.984867
0.0219449 -0.00615375 -0.984892
0.0217724 -0.00643391 -0.984921
0.0215272 -0.00669558 -0.984947
0.0212382 -0.00692429 -0.98495
0.0209181 -0.00713108 -0.98495
0.0205882 -0.00733703 -0.984967
0.020252 -0.00755293 -0.984969
0.0199489 -0.00776456 -0.984976
0.0196597 -0.00796545 -0.984999
0.0193893 -0.00812832 -0.985027
0.0191387 -0.00824767 -0.985069
0.0189254 -0.00831941 -0.985133
0.0187124 -0.0083674 -0.985222
0.0185271 -0.00842303 -0.985326
0.0183527 -0.00846976 -0.98544
0.0182002 -0.00852696 -0.985561
0.0180746 -0.00858782 -0.985724
0.0179806 -0.00864791 -0.985884
0.01791 -0.0087092 -0.986028
0.0178796 -0.00877509 -0.986189
0.0178715 -0.00886919 -0.986346
0.0178714 -0.00896129 -0.986476
0.0178605 -0.00903566 -0.986582
0.0178291 -0.00907838 -0.986698
0.0177827 -0.00908901 -0.986799
0.0177043 -0.00911923 -0.986899
0.0175823 -0.00919794 -0.986983
0.0173992 -0.00931712 -0.987056
0.0171724 -0.00945797 -0.987136
0.0168908 -0.00962624 -0.987214
0.0165847 -0.00980015 -0.987278
0.016256 -0.00996057 -0.987326
0.0159233 -0.0100705 -0.987375
0.0155978 -0.010148 -0.987404
0.0152912 -0.0101895 -0.987402
0.0149953 -0.0102095 -0.987379
0.0146972 -0.0102401 -0.987366
0.0143886 -0.0103144 -0.987364
0.0140652 -0.0104371 -0.9874
0.0136981 -0.0105635 -0.987488
0.013242 -0.0106485 -0.987623
0.0127278 -0.0106541 -0.987808
0.0121681 -0.0106069 -0.988008
0.0116037 -0.0105249 -0.98823
0.0110235 -0.0104362 -0.988485
0.0104811 -0.0103748 -0.988749
0.00998483 -0.0103272 -0.989008
0.00955045 -0.0103172 -0.989272
0.00915077 -0.0103194 -0.989564
0.00877246 -0.0102762 -0.989869
0.0083867 -0.010173 -0.990204
0.00796971 -0.0100451 -0.990587
0.00752479 -0.0099497 -0.991005
0.00705849 -0.00988347 -0.991462
0.00657755 -0.00981604 -0.991975
0.00608617 -0.0097221 -0.992535
0.00561859 -0.00958675 -0.993102
0.00517799 -0.00943093 -0.993702
0.00477675 -0.00932006 -0.994292
0.00441724 -0.00930179 -0.994823
0.0040733 -0.00937788 -0.995272
0.003727 -0.00951092 -0.99565
0.00335098 -0.00969428 -0.995967
0.00299491 -0.00985058 -0.996235
0.00254321 -0.0100744 -0.996469
0.00202376 -0.0103457 -0.996658
0.00143823 -0.0106441 -0.996819
0.000832535 -0.0109671 -0.996965
0.000221836 -0.0113255 -0.997089
-0.000570098 -0.0118624 -0.997169
-0.00133942 -0.0124409 -0.997226
-0.00202447 -0.0130318 -0.997246
-0.00264275 -0.0136271 -0.997255
-0.00322834 -0.0142494 -0.997257
-0.00377678 -0.0149036 -0.997201
-0.00399834 -0.0152023 -0.997091
-0.00412412 -0.0152986 -0.996946
-0.00405913 -0.0150351 -0.996789
-0.00375062 -0.0143082 -0.996625
-0.00314807 -0.0130926 -0.996471
-0.00226414 -0.0114414 -0.996355
-0.00111936 -0.00945245 -0.996278
0.000163481 -0.00722183 -0.996264
0.00156555 -0.00484589 -0.99629
0.00299963 -0.00244248 -0.996336
0.00430674 -0.000246778 -0.996368
0.00545669 0.00185196 -0.996368
0.00644397 0.00384431 -0.996317
0.00722137 0.00571541 -0.996202
0.00778841 0.0074181 -0.996049
0.00814481 0.00887367 -0.995842
0.00833913 0.0100225 -0.995597
0.00869869 0.0113626 -0.995334
0.00886463 0.0123387 -0.995041
0.00885821 0.0130172 -0.994708
0.00870449 0.0134201 -0.994338
0.00844286 0.0135952 -0.993917
0.00789583 0.0133527 -0.993422
0.00730682 0.0130482 -0.992829
0.00666646 0.0127127 -0.992158
0.00597624 0.0123535 -0.991429
0.00536459 0.0121728 -0.990657
0.00469659 0.0120113 -0.989864
0.00398824 0.0118505 -0.989085
0.00332563 0.0116574 -0.988319
0.00275793 0.011445 -0.987617
0.00229603 0.0112092 -0.986983
0.0019797 0.0109263 -0.986418
0.00187378 0.0106101 -0.985885
0.00192039 0.0102563 -0.985398
0.00205766 0.00990019 -0.984936
0.00229613 0.00952042 -0.984527
0.00261108 0.00911308 -0.984164
0.00297602 0.00867707 -0.983858
0.00335269 0.00816043 -0.983639
0.00376517 0.0075825 -0.983474
0.00416891 0.00696362 -0.983368
0.00458634 0.00632996 -0.98332
0.00484611 0.00559641 -0.983335
0.00511301 0.00491282 -0.983434
0.00559404 0.00436351 -0.983579
0.0060646 0.00385694 -0.983754
0.00653762 0.00336824 -0.983982
0.00697449 0.00287619 -0.984273
0.00739777 0.00238255 -0.984628
0.00773835 0.00189579 -0.985066
0.00803509 0.00145417 -0.985593
0.00824563 0.00108309 -0.986195
0.00838226 0.000781891 -0.986862
0.00847554 0.000554261 -0.987601
0.00850851 0.00038715 -0.988389
0.00854443 0.000286415 -0.989215
0.00858575 0.000240306 -0.990078
0.00863519 0.000210466 -0.990956
0.00869701 0.000210651 -0.991846
0.00879108 0.000223779 -0.992704
0.00888837 0.000258708 -0.993528
0.00897549 0.000316966 -0.994317
0.00905661 0.000361293 -0.995076
0.0091079 0.000386242 -0.995803
0.00913739 0.000395674 -0.996493
0.00910719 0.000386401 -0.997135
0.00904215 0.000385363 -0.997723
0.00895148 0.000387632 -0.998256
0.00885417 0.000363455 -0.998739
0.00879151 0.00028404 -0.999161
0.00871557 0.000162271 -0.999522
0.00866141 4.22327e-05 -0.999811
0.00862361 -6.20005e-05 -1.00004
0.00864725 -0.000188803 -1.00021
0.00870262 -0.000360923 -1.00033
0.00877636 -0.000555671 -1.00044
0.00888441 -0.000775043 -1.00052
0.00900292 -0.00104158 -1.00059
0.00914955 -0.00132673 -1.00068
0.00933311 -0.00162799 -1.00078
0.00953311 -0.00194689 -1.00089
0.00977071 -0.00227391 -1.00102
0.0100466 -0.00256899 -1.00116
0.0103599 -0.00285422 -1.00128
0.0107094 -0.00313257 -1.00137
0.0111229 -0.00340836 -1.00147
0.0115667 -0.00365567 -1.00156
0.0119977 -0.00385984 -1.00164
0.0124222 -0.00403655 -1.00172
0.0128398 -0.00420226 -1.00182
0.0132201 -0.00434607 -1.00193
0.013574 -0.00445421 -1.00205
0.0138591 -0.00452755 -1.00216
0.0140979 -0.00458768 -1.00225
0.0143109 -0.0046355 -1.00234
0.0144983 -0.00468511 -1.00242
0.0146633 -0.00473092 -1.00247
0.0147567 -0.0047565 -1.00252
0.014852 -0.00475401 -1.00255
0.014928 -0.00473395 -1.00256
0.0149877 -0.00470165 -1.00257
0.0150362 -0.00465697 -1.00258
0.0150568 -0.00465363 -1.00261
0.0150869 -0.00471371 -1.00264
0.0151186 -0.00480904 -1.00268
0.0151545 -0.00497146 -1.00274
0.0151882 -0.00515629 -1.0028
0.0152696 -0.00533318 -1.00287
0.0153486 -0.00549807 -1.00292
0.0154626 -0.00569846 -1.00298
0.0155768 -0.00594817 -1.00302
0.0157505 -0.00621758 -1.00304
0.0159193 -0.00649183 -1.00305
0.0161038 -0.00682048 -1.00307
0.0162716 -0.00719265 -1.00312
0.0164803 -0.00753437 -1.00318
0.0166195 -0.00782464 -1.00323
0.0167569 -0.00809416 -1.00327
0.016844 -0.00835453 -1.00331
0.0169217 -0.00860912 -1.00334
0.0169781 -0.00890651 -1.00333
0.0171128 -0.00918069 -1.0033
0.0172594 -0.00942277 -1.00326
0.0174289 -0.00960743 -1.00322
0.0175493 -0.00972872 -1.00318
0.0176728 -0.00981793 -1.00316
0.0178021 -0.00991249 -1.00316
0.0179283 -0.0100166 -1.00313
0.0180718 -0.0101151 -1.00309
0.0181898 -0.0101747 -1.00302
0.0183396 -0.0102402 -1.00292
0.0184962 -0.0103515 -1.00279
0.018738 -0.0104851 -1.00265
0.0189672 -0.0105643 -1.00251
0.0191976 -0.0105819 -1.00235
0.0194149 -0.0105733 -1.00215
0.0196949 -0.0106031 -1.00192
0.0199813 -0.0107325 -1.0017
0.0202718 -0.0109165 -1.00146
0.0205312 -0.0110531 -1.00123
0.0207396 -0.0110991 -1.00097
0.0208663 -0.0110288 -1.00071
0.0209063 -0.0108903 -1.00039
0.0209112 -0.0108191 -1.00001
0.0209106 -0.0108838 -0.999592
0.0209725 -0.0110624 -0.999133
0.021081 -0.0113577 -0.998672
0.0212287 -0.0117023 -0.998238
0.0214106 -0.0120434 -0.997853
0.0216351 -0.0123842 -0.997537
0.021869 -0.0127634 -0.997278
0.0220874 -0.013222 -0.997089
0.0222493 -0.0137348 -0.996928
0.0223538 -0.0143085 -0.996766
0.0224345 -0.0149429 -0.996607
0.0225238 -0.0155431 -0.996473
0.0226557 -0.016109 -0.996327
0.0227965 -0.0166836 -0.996185
0.0229957 -0.0173068 -0.996055
0.0231635 -0.017958 -0.99597
0.0229622 -0.0181372 -0.995942
0.0225711 -0.0180475 -0.995965
0.021961 -0.017548 -0.996039
0.0210533 -0.0165743 -0.996146
0.0198661 -0.0151023 -0.996282
0.0184081 -0.0132369 -0.996419
0.0167568 -0.01109 -0.996518
0.0149863 -0.00875827 -0.996581
0.0131823 -0.00628178 -0.996628
0.0115462 -0.00387969 -0.996666
0.0100779 -0.0015735 -0.99675
0.00881525 0.000582517 -0.996879
0.00778779 0.00262018 -0.997079
0.0069569 0.00454101 -0.997383
0.00630012 0.00631602 -0.997791
0.00575728 0.00790953 -0.998287
0.00534234 0.00923066 -0.998863
0.00506366 0.0102294 -0.99953
0.00455942 0.0114044 -1.00027
0.00421267 0.0122174 -1.00106
0.00410743 0.0127213 -1.00194
0.00423511 0.0129226 -1.00286
0.00486582 0.0126049 -1.00381
0.00564734 0.0121506 -1.00479
0.00655872 0.0116563 -1.00576
0.00753854 0.0111679 -1.00672
0.00857316 0.010672 -1.00766
0.00939683 0.0103696 -1.00858
0.0102266 0.0100367 -1.00945
0.0109793 0.00961927 -1.01026
0.0115985 0.00909475 -1.01103
0.012063 0.00852491 -1.01175
0.012377 0.00795035 -1.01244
0.0125558 0.00740453 -1.01305
0.0126574 0.00690548 -1.01358
0.0128344 0.00626508 -1.01404
0.012987 0.00560544 -1.01442
0.0131321 0.00492119 -1.01473
0.0131145 0.00433934 -1.01497
0.0130126 0.00366738 -1.01516
0.012798 0.00293112 -1.0153
0.0124253 0.00217991 -1.0154
0.0121141 0.00132774 -1.01545
0.0117151 0.000473742 -1.01544
0.0112569 -0.000378085 -1.01539
0.0107676 -0.00121758 -1.01529
0.0103075 -0.00204911 -1.01512
0.00990008 -0.00284619 -1.01487
0.00954977 -0.00358266 -1.01454
0.00905269 -0.00425042 -1.01415
0.00861309 -0.00487363 -1.0137
0.00824051 -0.00545715 -1.01318
0.00787432 -0.00600706 -1.01262
0.00751849 -0.00651289 -1.01199
0.00715981 -0.0069609 -1.01133
0.00679506 -0.007375 -1.01065
0.00641224 -0.00773343 -1.00996
0.0060432 -0.00803685 -1.00929
0.00572778 -0.00827274 -1.00865
0.00547484 -0.00843942 -1.00802
0.00529202 -0.00856964 -1.00742
0.00519403 -0.00868699 -1.00685
0.00518892 -0.00881199 -1.00632
0.00526652 -0.0089382 -1.00581
0.00544569 -0.00908174 -1.00534
0.00570035 -0.00923058 -1.00494
0.00599945 -0.00941902 -1.0046
0.0063399 -0.0096173 -1.00434
0.00670066 -0.00980373 -1.00414
0.00705945 -0.00998666 -1.00402
0.0074153 -0.0101679 -1.00395
0.00777109 -0.0103845 -1.00397
0.00812622 -0.0106519 -1.00403
0.0085071 -0.0109707 -1.0041
0.00889513 -0.0113168 -1.00417
0.00927306 -0.0116771 -1.00422
0.00961903 -0.0120356 -1.00425
0.00990279 -0.0123806 -1.00426
0.0101021 -0.012705 -1.00428
0.0102095 -0.0129991 -1.00431
0.0101997 -0.0132471 -1.00432
0.0100859 -0.0134769 -1.00434
0.00985974 -0.0136891 -1.00434
0.00957134 -0.0138822 -1.00433
0.00924798 -0.0140539 -1.00429
0.00887981 -0.0141997 -1.00422
0.00847962 -0.0143339 -1.00416
0.00806933 -0.0144529 -1.00409
0.00765123 -0.0145138 -1.00402
0.00725799 -0.0145149 -1.00395
0.00688531 -0.0144418 -1.00385
0.00654179 -0.0143013 -1.00373
0.00621012 -0.014132 -1.0036
0.0059193 -0.0139838 -1.00348
0.00564403 -0.0138862 -1.00338
0.00539743 -0.0138463 -1.0033
0.00518611 -0.0138297 -1.00325
0.00500064 -0.0137993 -1.00326
0.00486658 -0.0137122 -1.00333
0.00479256 -0.013567 -1.00343
0.0047654 -0.0133819 -1.00353
0.00478746 -0.0131665 -1.00362
0.00485998 -0.012954 -1.00372
0.00497307 -0.0127382 -1.00382
0.0051025 -0.0125381 -1.00394
0.00523144 -0.0123764 -1.00405
0.00535987 -0.012265 -1.00414
0.00545544 -0.0122295 -1.00422
0.00550912 -0.012227 -1.00429
0.00550262 -0.0122277 -1.0044
0.0054296 -0.012201 -1.00452
0.00531992 -0.0121499 -1.00467
0.00519255 -0.0120818 -1.00482
0.00506571 -0.0119881 -1.00496
0.00495251 -0.0118822 -1.00506
0.00488565 -0.01179 -1.0051
0.00486341 -0.0117181 -1.00509
0.0048641 -0.0116899 -1.00501
0.00482896 -0.0116893 -1.00492
0.00477165 -0.0117072 -1.00485
0.00465609 -0.0116918 -1.0048
0.00448786 -0.0116048 -1.00479
0.00421318 -0.0114495 -1.00484
0.00386255 -0.0112807 -1.00494
0.00346796 -0.011105 -1.00506
0.00307642 -0.0109521 -1.00519
0.00268318 -0.0108444 -1.00531
0.00232585 -0.0107454 -1.00543
0.00199376 -0.0106098 -1.00556
0.00169765 -0.0104154 -1.00569
0.00144893 -0.0101674 -1.00583
0.00122046 -0.00987225 -1.00598
0.000988435 -0.00957148 -1.00614
0.000719303 -0.0092992 -1.00634
0.00041024 -0.00905584 -1.00658
6.14346e-05 -0.00881711 -1.0069
-0.000346344 -0.00857857 -1.00726
-0.000811121 -0.00834493 -1.00768
-0.00130101 -0.0080912 -1.00815
-0.00176363 -0.00782016 -1.00865
-0.00218266 -0.00754047 -1.00916
