%roll pitch yaw
0.00394451 0.0174791 -0.381621
0.00481372 0.0167867 -0.382712
0.00578907 0.0161281 -0.383827
0.0068416 0.0155414 -0.384941
0.00774659 0.0151919 -0.386031
0.00858913 0.0148295 -0.387087
0.00931598 0.0144068 -0.388113
0.00989664 0.0139255 -0.389128
0.0103364 0.0134307 -0.390111
0.0106319 0.0129266 -0.391045
0.010798 0.0124199 -0.391917
0.0108651 0.0119299 -0.392746
0.0109028 0.0114358 -0.393522
0.0109224 0.0109079 -0.394216
0.010932 0.0103013 -0.394835
0.0109177 0.00963302 -0.395371
0.0108723 0.0088921 -0.39582
0.0107971 0.00811794 -0.396196
0.0106619 0.00732785 -0.396477
0.0104599 0.00653699 -0.396682
0.0101915 0.00573703 -0.396826
0.00987134 0.00493682 -0.39689
0.00952279 0.00412598 -0.396868
0.00916331 0.00329686 -0.396769
0.00881039 0.00246774 -0.396598
0.00845897 0.00165971 -0.396342
0.00814088 0.000887515 -0.395992
0.00786321 0.000178324 -0.395564
0.00762021 -0.00047028 -0.395065
0.00744321 -0.00107025 -0.394478
0.00732894 -0.00161514 -0.3938
0.007279 -0.00210411 -0.393038
0.00726244 -0.00254645 -0.392205
0.00725313 -0.00292944 -0.391339
0.00726697 -0.00324288 -0.390468
0.00726021 -0.00348031 -0.389606
0.00724163 -0.0036695 -0.388772
0.00719794 -0.00384261 -0.387982
0.00714935 -0.0039797 -0.387224
0.00714169 -0.00409471 -0.386508
0.00716128 -0.00419741 -0.385842
0.00725558 -0.0043061 -0.385205
0.00741744 -0.00441261 -0.384604
0.00765642 -0.00450879 -0.384063
0.00797519 -0.00462639 -0.383576
0.00834801 -0.00477185 -0.383154
0.00875199 -0.00495687 -0.382801
0.00914665 -0.00516642 -0.382522
0.00953824 -0.00540405 -0.382303
0.00990844 -0.00566133 -0.382117
0.0102201 -0.00592227 -0.381983
0.0104805 -0.00620414 -0.381904
0.0106807 -0.00651618 -0.381865
0.0108299 -0.00688253 -0.381835
0.0109204 -0.00729364 -0.381799
0.0109812 -0.00772135 -0.381781
0.0110314 -0.00813855 -0.381769
0.0110228 -0.00853817 -0.381757
0.0109728 -0.00892197 -0.381754
0.0108423 -0.00926851 -0.38176
0.0106375 -0.00957761 -0.38178
0.0103683 -0.00986385 -0.38182
0.0100156 -0.0101126 -0.381863
0.00959526 -0.0103195 -0.381917
0.00914212 -0.0104928 -0.381976
0.00868654 -0.010661 -0.382016
0.00824888 -0.0108289 -0.382049
0.00782493 -0.0110033 -0.382084
0.0074089 -0.0111753 -0.382115
0.00703789 -0.0113387 -0.382151
0.00670584 -0.0114876 -0.382217
0.00637867 -0.0116296 -0.38231
0.00606844 -0.0117454 -0.382439
0.0057822 -0.0118523 -0.382576
0.00553058 -0.01192 -0.382735
0.00530403 -0.0119437 -0.382903
0.00510708 -0.011932 -0.38306
0.00494912 -0.0118908 -0.383203
0.00480909 -0.0118456 -0.383351
0.00468926 -0.011848 -0.383488
0.00458559 -0.0119059 -0.38361
0.00447348 -0.0120295 -0.383729
0.00436202 -0.0121842 -0.383832
0.00423485 -0.0123452 -0.383929
0.00408493 -0.0124844 -0.384025
0.00386894 -0.01258 -0.384118
0.0036071 -0.0126393 -0.384219
0.00330883 -0.012697 -0.384311
0.00298099 -0.0127667 -0.384417
0.00261411 -0.012874 -0.384516
0.00222846 -0.013039 -0.384604
0.00185081 -0.0132368 -0.384668
0.00148296 -0.0134524 -0.384712
0.0011132 -0.0136753 -0.384747
0.00077065 -0.0138579 -0.384765
0.000442048 -0.013972 -0.384772
0.00013078 -0.0140298 -0.384785
-0.000187357 -0.0140424 -0.384805
-0.000526837 -0.0140466 -0.384835
-0.0008684 -0.0140845 -0.384898
-0.00125337 -0.0141715 -0.385003
-0.00167063 -0.0143033 -0.38514
-0.00212451 -0.0144215 -0.385314
-0.00260819 -0.0144984 -0.38554
-0.00310615 -0.0145114 -0.385809
-0.00362327 -0.0144418 -0.38609
-0.00411427 -0.0143291 -0.386385
-0.00457143 -0.0142169 -0.386677
-0.00498917 -0.0141489 -0.386963
-0.00537237 -0.0141203 -0.387265
-0.00572056 -0.0140966 -0.387566
-0.00606845 -0.0140556 -0.387873
-0.00642476 -0.013984 -0.388213
-0.00679872 -0.013888 -0.388586
-0.00719407 -0.0137647 -0.389003
-0.00761968 -0.0136085 -0.389463
-0.00806588 -0.0134474 -0.389975
-0.00853078 -0.013292 -0.390546
-0.00899525 -0.0131599 -0.391163
-0.00942685 -0.0130703 -0.391787
-0.00979933 -0.013048 -0.392391
-0.0100841 -0.0130383 -0.392963
-0.0102937 -0.0130041 -0.393516
-0.0104469 -0.012906 -0.394081
-0.0105667 -0.0127646 -0.394666
-0.0107154 -0.0126163 -0.395279
-0.0109211 -0.0125469 -0.395925
-0.0111897 -0.0125648 -0.396584
-0.0115345 -0.0126781 -0.397261
-0.0119201 -0.0128796 -0.397909
-0.0123006 -0.013133 -0.398492
-0.0126769 -0.0133932 -0.398987
-0.0130372 -0.0136616 -0.399419
-0.0134202 -0.0139687 -0.399828
-0.0138141 -0.0143249 -0.400192
-0.0142115 -0.0147216 -0.400548
-0.0145375 -0.0150366 -0.40087
-0.0146832 -0.015111 -0.401139
-0.0142705 -0.0144244 -0.401339
-0.0135493 -0.0133398 -0.40148
-0.0125164 -0.0118386 -0.401577
-0.0111933 -0.0099424 -0.401637
-0.00966336 -0.00773 -0.401677
-0.00801728 -0.00534702 -0.40171
-0.00635902 -0.00291043 -0.401731
-0.00472935 -0.000338029 -0.401721
-0.00323412 0.00221051 -0.401683
-0.00205152 0.00445013 -0.401592
-0.00107794 0.00653147 -0.401454
-0.000314451 0.0084108 -0.401273
0.000250037 0.0100453 -0.40107
0.00065767 0.011394 -0.400841
0.00093587 0.01245 -0.400565
0.00110588 0.0132193 -0.400249
0.00145712 0.0141393 -0.399881
0.00167976 0.014707 -0.399463
0.00180209 0.0149857 -0.398966
0.00161183 0.0148002 -0.398358
0.00132151 0.0145489 -0.397661
0.000907113 0.0142711 -0.396906
0.000372225 0.0140032 -0.396124
-0.000289657 0.0137575 -0.395327
-0.00104603 0.0135554 -0.39454
-0.00171642 0.0135805 -0.393763
-0.00238584 0.0135982 -0.392998
-0.00301558 0.0136023 -0.392242
-0.00357343 0.0135769 -0.391498
-0.00401399 0.0135143 -0.390775
-0.00432924 0.0134194 -0.390092
-0.00451656 0.0133151 -0.389457
-0.00470902 0.0129413 -0.388884
-0.00479944 0.0125098 -0.388396
-0.0047933 0.011994 -0.387949
-0.00457059 0.0115934 -0.387532
-0.00426395 0.0110851 -0.387149
-0.00390185 0.010489 -0.386805
-0.00348863 0.00982774 -0.38652
-0.00303605 0.00910666 -0.386308
-0.00276324 0.00819767 -0.386188
-0.00247468 0.00728083 -0.386177
-0.00218515 0.00640869 -0.386281
-0.00187292 0.00558373 -0.38648
-0.00156293 0.00479958 -0.386766
-0.00104399 0.00411131 -0.38714
-0.000507074 0.00342687 -0.387605
4.96716e-05 0.00272953 -0.388134
0.0005765 0.0020579 -0.388724
0.0011226 0.00145975 -0.389373
0.00165093 0.000925005 -0.390082
0.00215332 0.000468589 -0.390855
0.00263293 9.11448e-05 -0.391709
0.00304093 -0.000193285 -0.392628
0.00342971 -0.000397579 -0.393624
0.00375749 -0.000514731 -0.394677
0.00404758 -0.000587854 -0.395766
0.00430426 -0.000626213 -0.396866
0.00452281 -0.000649189 -0.397958
0.00470154 -0.000645602 -0.399002
0.00483027 -0.000616011 -0.399996
0.00491252 -0.000545117 -0.400932
0.00495221 -0.000442977 -0.401782
0.00490848 -0.000327515 -0.402555
0.00479565 -0.000179881 -0.403247
0.00462557 -4.94143e-05 -0.403875
0.0044107 3.84135e-05 -0.404425
0.00417816 9.19309e-05 -0.40489
0.00390654 0.000131806 -0.405283
0.00362581 0.000158741 -0.405604
0.00334673 0.000153132 -0.405854
0.00307801 0.000110322 -0.406053
0.00280892 6.80683e-05 -0.406223
0.00255494 1.80572e-05 -0.406358
0.00234462 -5.32134e-05 -0.406463
0.00220759 -0.00016236 -0.406569
0.00212027 -0.000282277 -0.406691
0.00208872 -0.000419693 -0.406805
0.00211571 -0.000599404 -0.4069
0.00225905 -0.000819553 -0.40698
0.00252357 -0.00106681 -0.40705
0.00285383 -0.00128344 -0.407126
0.0032462 -0.00143687 -0.407194
0.00374992 -0.00152327 -0.407264
0.00432742 -0.00154767 -0.407357
0.00491959 -0.00153371 -0.407488
0.00552461 -0.0015048 -0.407641
0.00614184 -0.00147755 -0.407803
0.00675319 -0.00143918 -0.407969
0.00733965 -0.00142814 -0.408128
0.00789287 -0.00145741 -0.40828
0.00839943 -0.00149405 -0.408397
0.00886416 -0.00148091 -0.408494
0.00929585 -0.00141022 -0.408561
0.00968086 -0.00130417 -0.408626
0.010023 -0.00116562 -0.408676
0.0102829 -0.00100887 -0.408712
0.0104835 -0.000824435 -0.408751
0.0106595 -0.000606892 -0.408799
0.0107783 -0.000433045 -0.408852
0.0108523 -0.000330066 -0.408892
0.0109058 -0.000307528 -0.408899
0.01093 -0.000345614 -0.408882
0.0109488 -0.00040964 -0.408857
0.0109628 -0.000522343 -0.408848
0.0109685 -0.000679989 -0.408855
0.0109841 -0.000803704 -0.408862
0.0110476 -0.000883256 -0.408875
0.0111203 -0.000964416 -0.408906
0.0111794 -0.00108052 -0.408937
0.0112583 -0.00124791 -0.408962
0.011363 -0.00144594 -0.408997
0.0114775 -0.00168411 -0.409044
0.0115901 -0.0019499 -0.409111
0.011697 -0.00217006 -0.409194
0.0118377 -0.00229267 -0.409291
0.0120268 -0.00237962 -0.409387
0.012211 -0.00243793 -0.409496
0.0123941 -0.00245246 -0.409605
0.0125858 -0.00245791 -0.409733
0.0128331 -0.00251695 -0.409854
0.0131295 -0.00256917 -0.409964
0.0134442 -0.0025846 -0.410064
0.0137581 -0.00258645 -0.410174
0.0140886 -0.00256365 -0.410259
0.0144316 -0.00250937 -0.410313
0.0148328 -0.0024521 -0.410346
0.0152592 -0.00237338 -0.410343
0.0156505 -0.00233383 -0.41031
0.0160734 -0.0023604 -0.410251
0.016523 -0.00241024 -0.410153
0.0169949 -0.00244092 -0.410031
0.0174754 -0.00246306 -0.40986
0.017956 -0.00244456 -0.409649
0.0184189 -0.00245263 -0.40941
0.018894 -0.00254555 -0.40914
0.0193405 -0.00264222 -0.408848
0.0197459 -0.00266958 -0.408506
0.020067 -0.00263511 -0.408104
0.0203099 -0.00258938 -0.407645
0.0205345 -0.00257578 -0.407138
0.0207163 -0.00261971 -0.40659
0.0208999 -0.00273299 -0.406033
0.0210763 -0.00294317 -0.405494
0.0212822 -0.00321355 -0.404977
0.0215287 -0.00354214 -0.404524
0.0217813 -0.00394255 -0.404108
0.0220514 -0.00437869 -0.403746
0.0222744 -0.00485219 -0.403429
0.0224392 -0.00538729 -0.40316
0.0226056 -0.00600039 -0.402919
0.0227542 -0.00666431 -0.402752
0.022877 -0.00738052 -0.402609
0.023015 -0.00816226 -0.402469
0.0231884 -0.00897365 -0.402374
0.0234018 -0.00977941 -0.402309
0.0236394 -0.0105649 -0.402267
0.0238637 -0.0112989 -0.402247
0.023735 -0.0114594 -0.402267
0.023412 -0.0112905 -0.402346
0.0228594 -0.0107008 -0.402483
0.0220354 -0.0096589 -0.402655
0.0209204 -0.00818304 -0.402825
0.0195634 -0.00631765 -0.402956
0.018004 -0.00416428 -0.40305
0.0163035 -0.00184792 -0.40312
0.01455 0.000587344 -0.403199
0.0128443 0.00309972 -0.403282
0.0113998 0.00548794 -0.403372
0.0101618 0.00778758 -0.4035
0.00914271 0.00992029 -0.40368
0.00833384 0.0118425 -0.403914
0.00769627 0.0135442 -0.404216
0.0071695 0.0150474 -0.404616
0.00673013 0.0163286 -0.405089
0.00637653 0.0173313 -0.405653
0.00611973 0.0179997 -0.406307
0.00567876 0.0187827 -0.407028
0.00540778 0.0191628 -0.4078
0.00532144 0.0192832 -0.408627
0.00569467 0.0190524 -0.409528
0.00626867 0.0187726 -0.410463
0.00700101 0.0184591 -0.411425
0.00783067 0.0181298 -0.412395
0.00874095 0.0178106 -0.413376
0.00971653 0.0175421 -0.414375
0.0105334 0.0175124 -0.415374
0.0113293 0.0174934 -0.416351
0.0120453 0.0174367 -0.417276
0.0126328 0.0173577 -0.418167
0.0130746 0.0172635 -0.419007
0.0133804 0.0171406 -0.419771
0.0135922 0.0169824 -0.420468
0.0137252 0.0167725 -0.421114
0.0137965 0.0165032 -0.421731
0.013882 0.0161844 -0.422312
0.0139643 0.0158399 -0.422838
0.0140136 0.0154044 -0.423302
0.0140034 0.0148441 -0.423688
0.0139351 0.0141554 -0.423995
0.0137811 0.0133735 -0.424228
0.0137091 0.012419 -0.424363
0.0135396 0.0114527 -0.424413
0.0132989 0.0105134 -0.424371
0.0130011 0.00961977 -0.424253
0.0124638 0.00881979 -0.424051
0.0119497 0.00800275 -0.423765
0.0115164 0.00719796 -0.423389
0.0111454 0.00642539 -0.422917
0.0108233 0.00571417 -0.422356
0.0105436 0.00506985 -0.421706
0.0102785 0.00451558 -0.420995
0.0100216 0.00406913 -0.420214
0.00977077 0.00371327 -0.419368
0.00951301 0.00344313 -0.418471
0.00925508 0.00325168 -0.417533
0.00901186 0.00312497 -0.416571
0.00882315 0.00304599 -0.415605
0.00869543 0.00300798 -0.414662
0.00864924 0.00302063 -0.413769
0.00868262 0.00310332 -0.41294
0.00877252 0.00321818 -0.412186
0.00892325 0.00333445 -0.411496
0.0091507 0.00344822 -0.410858
0.00944595 0.00355902 -0.410275
0.00978483 0.00364799 -0.409745
0.0101715 0.00371936 -0.409274
0.0106005 0.00377077 -0.408867
0.011068 0.00379822 -0.408534
0.0115564 0.00381403 -0.408273
0.0120358 0.00381256 -0.408075
0.0125033 0.00379218 -0.40793
0.0129717 0.00375909 -0.40783
0.013415 0.00369378 -0.407752
0.0138177 0.00359671 -0.407667
0.0141797 0.00344506 -0.407589
0.0144996 0.00324822 -0.407513
0.0147586 0.00300683 -0.407418
0.0149522 0.00275553 -0.407354
0.0150556 0.00250188 -0.407316
0.0150745 0.00226055 -0.407308
0.014996 0.00206109 -0.407318
0.0148425 0.0019 -0.407331
0.0146209 0.00176811 -0.407321
0.0143485 0.00167709 -0.407291
0.0140445 0.00161218 -0.407251
0.0137114 0.00156982 -0.407175
0.0133667 0.00150614 -0.407099
0.0130192 0.00142504 -0.407029
0.01267 0.00134415 -0.406968
0.0123308 0.00126412 -0.406936
0.0120176 0.00121139 -0.40693
0.0117113 0.00120548 -0.406935
0.0114434 0.0012421 -0.406959
0.0112085 0.00131861 -0.406993
0.0110174 0.00142968 -0.407027
0.0108689 0.00155742 -0.407079
0.010749 0.00167525 -0.407146
0.0106695 0.0017693 -0.407214
0.0106309 0.00182727 -0.407297
0.0106169 0.00184967 -0.407402
0.0106082 0.00184956 -0.407527
0.0105985 0.00182913 -0.407661
0.010591 0.00181517 -0.407799
0.0105897 0.00185359 -0.40794
0.0105608 0.00193206 -0.408064
0.0105156 0.0020323 -0.408169
0.0104599 0.0021117 -0.408239
0.0104068 0.00214143 -0.408288
0.010336 0.00213376 -0.408328
0.0102379 0.00207445 -0.408364
0.0101134 0.00199169 -0.408394
0.00996549 0.00192563 -0.408432
0.00979577 0.00192193 -0.408481
0.00956007 0.00198256 -0.408519
0.00929088 0.00208218 -0.408587
0.008991 0.00220405 -0.408666
0.00866767 0.00230156 -0.408733
0.00835568 0.00235724 -0.408798
0.0080548 0.00236656 -0.408837
0.00778291 0.00236804 -0.408867
0.00753062 0.00241054 -0.408903
0.00725767 0.00251144 -0.408948
0.00698128 0.00267887 -0.409031
0.0066715 0.00287623 -0.409156
0.00630182 0.00308071 -0.409332
0.00587386 0.0032489 -0.409553
0.00541041 0.00334869 -0.409792
0.00490417 0.00340673 -0.41008
0.0043544 0.00346463 -0.410416
0.00377252 0.00354321 -0.410779
0.00320386 0.00363523 -0.411138
0.00266243 0.00372205 -0.411524
0.00216585 0.00378759 -0.411913
0.0017305 0.00384131 -0.412307
0.00135471 0.00392432 -0.412699
0.00110701 0.00408204 -0.413118
0.000857994 0.0042585 -0.413574
0.000595203 0.00439605 -0.41405
0.000275482 0.00446332 -0.414543
-0.00017428 0.00451676 -0.415049
-0.000741024 0.00450308 -0.415543
-0.0013024 0.00432213 -0.415995
-0.0019158 0.004012 -0.416392
-0.00258083 0.00357795 -0.416735
-0.00326297 0.00304673 -0.417011
-0.00394333 0.00244421 -0.417221
-0.00459659 0.0017855 -0.417394
-0.00516691 0.00107314 -0.417538
-0.00565316 0.000291689 -0.41765
-0.00622279 -0.000622531 -0.417732
-0.00666865 -0.00157347 -0.417789
-0.00706346 -0.00254205 -0.417822
-0.00728831 -0.00334623 -0.417844
-0.00753201 -0.00410278 -0.417873
-0.00782849 -0.0048092 -0.417912
-0.00815517 -0.00544716 -0.41797
-0.00848595 -0.00593347 -0.418039
-0.008736 -0.00619535 -0.418096
-0.00879176 -0.00610537 -0.418141
-0.00853525 -0.00555093 -0.418183
-0.00790473 -0.00448704 -0.418197
-0.00688448 -0.00293988 -0.418191
-0.00551329 -0.00102854 -0.418187
-0.00390348 0.00112256 -0.418209
-0.00221982 0.00347464 -0.418247
-0.000550419 0.0058936 -0.418282
0.000993654 0.00827959 -0.418316
0.00230549 0.010558 -0.41833
0.00316104 0.0125433 -0.41831
0.00370813 0.0143685 -0.418246
0.00399271 0.0160392 -0.418153
0.00407878 0.0175193 -0.418027
0.00405885 0.0187602 -0.417851
0.0039656 0.0197143 -0.417627
0.00385764 0.0203803 -0.417348
0.00397443 0.021231 -0.416983
0.00410499 0.0217464 -0.416518
0.00419941 0.0219567 -0.415949
0.00422718 0.0219133 -0.415307
0.00416008 0.0217088 -0.414608
0.0037472 0.0212863 -0.413878
0.00318486 0.0208853 -0.413124
0.00264879 0.0206577 -0.412375
0.00202932 0.0204889 -0.411619
0.00137847 0.0203496 -0.410866
0.000753132 0.0202042 -0.410128
0.000179279 0.0200053 -0.409404
-0.000305602 0.0197889 -0.408708
-0.00065268 0.01959 -0.408072
-0.000888733 0.0194067 -0.407497
-0.00100413 0.0192275 -0.406967
-0.000987008 0.0190078 -0.4065
-0.000856942 0.0187605 -0.406061
-0.000641347 0.0184651 -0.405636
-0.00039352 0.0181081 -0.405243
-0.000156173 0.0176876 -0.404881
3.71693e-05 0.0172385 -0.404555
0.000154284 0.0167627 -0.404288
0.000221485 0.0162458 -0.404091
0.000240338 0.0156949 -0.403975
0.000251855 0.0150935 -0.403925
0.0002855 0.0144403 -0.403937
0.000363338 0.0137585 -0.403999
0.000496106 0.0130916 -0.404106
0.000674202 0.0124718 -0.404257
0.000894302 0.0119209 -0.404459
0.00114696 0.0114247 -0.404729
0.00136589 0.0109509 -0.405067
0.00152367 0.0104687 -0.40547
0.00163235 0.00997332 -0.405936
0.00166268 0.00949023 -0.406495
0.00159909 0.0090603 -0.40714
0.00146847 0.00867861 -0.407843
0.00130587 0.00838073 -0.408603
0.00113389 0.00819108 -0.409426
0.000967447 0.00809069 -0.410293
0.000864319 0.0080354 -0.411161
0.000830691 0.0080094 -0.412011
0.000836413 0.0080044 -0.412809
0.00086984 0.00798837 -0.41358
0.000913839 0.00795261 -0.414308
0.000928899 0.00791652 -0.414992
0.00088963 0.00785764 -0.415635
0.000788475 0.00780829 -0.416224
0.000635193 0.00780083 -0.416777
0.000418978 0.00777031 -0.417307
0.000157245 0.00772149 -0.417804
-0.000111058 0.00765614 -0.418261
-0.000364031 0.00760397 -0.41869
-0.00060404 0.00754281 -0.419088
-0.000766087 0.00745631 -0.419439
-0.000857745 0.00732711 -0.419735
-0.000892135 0.0071708 -0.419978
-0.000898661 0.00694216 -0.420204
-0.000874876 0.00664822 -0.420392
-0.000823479 0.00632063 -0.420565
-0.000770604 0.00598496 -0.420723
-0.000727934 0.00564031 -0.420884
-0.000668686 0.00530825 -0.421071
-0.000554327 0.00499012 -0.421263
-0.000421921 0.00470927 -0.421458
-0.000288248 0.00445407 -0.421653
-7.81301e-05 0.00419796 -0.421838
0.000173879 0.00396261 -0.422014
0.000432316 0.00372298 -0.42219
0.00070765 0.00347021 -0.422364
0.000962838 0.00321228 -0.422527
0.00120703 0.00295477 -0.422667
0.00142281 0.00274124 -0.422795
0.00160332 0.002577 -0.422914
0.00174687 0.00244321 -0.423024
0.00187907 0.00233472 -0.423122
0.00200354 0.00223601 -0.423238
0.00214505 0.00213044 -0.423366
0.00227491 0.00200371 -0.423495
0.00238539 0.00184973 -0.423616
0.00251499 0.00171447 -0.423749
0.00268817 0.00161201 -0.423856
0.00287494 0.0015369 -0.423949
0.00307966 0.00146055 -0.423999
0.00329783 0.00138082 -0.42405
0.00353398 0.00126152 -0.424085
0.0037879 0.00110049 -0.424112
0.00404665 0.000882084 -0.424147
0.00428849 0.000613754 -0.424194
0.00454342 0.00035467 -0.424258
0.00483404 0.000127058 -0.424318
0.00512869 -0.000109021 -0.424358
0.00543038 -0.00036642 -0.424395
0.00575652 -0.000663362 -0.424397
0.00605343 -0.00100742 -0.424375
0.00639166 -0.00136852 -0.424334
0.00673478 -0.00171027 -0.424284
0.0070369 -0.00204687 -0.424216
0.00730606 -0.00237096 -0.42413
0.00755164 -0.00266738 -0.424019
0.00778349 -0.00294226 -0.423899
0.00802488 -0.00324365 -0.423794
0.00822962 -0.00356621 -0.423706
0.00840472 -0.00387391 -0.423621
0.0085907 -0.00415961 -0.423555
0.00877576 -0.00440577 -0.423498
0.00899933 -0.00460453 -0.423433
0.00924054 -0.00475068 -0.423333
0.00945226 -0.00489051 -0.423183
0.00967748 -0.005053 -0.422992
0.00995793 -0.00519099 -0.422778
0.0102304 -0.00532597 -0.422572
0.0105271 -0.00550009 -0.422354
0.0108572 -0.00567298 -0.422142
0.0111412 -0.0058024 -0.421914
0.0114365 -0.00590047 -0.421677
0.0117739 -0.00597691 -0.421426
0.0121415 -0.00604704 -0.421167
0.012494 -0.00614023 -0.420888
0.0127922 -0.0062545 -0.420614
0.0129702 -0.00625585 -0.42032
0.0132526 -0.0062691 -0.419993
0.0135613 -0.00629792 -0.419623
0.0139259 -0.00637338 -0.41924
0.0142793 -0.00650294 -0.418864
0.0146923 -0.00672368 -0.418519
0.015025 -0.00706108 -0.418223
0.0154096 -0.00752219 -0.418018
0.0158319 -0.00808879 -0.417885
0.0162056 -0.00874014 -0.417835
0.016527 -0.00942337 -0.417817
0.0168141 -0.0101485 -0.417834
0.0172595 -0.0110485 -0.417887
0.0176499 -0.0119664 -0.417955
0.0179512 -0.0128486 -0.418026
0.0181786 -0.0137025 -0.418093
0.0183837 -0.0145653 -0.418156
0.0185692 -0.015472 -0.418211
0.0185343 -0.0161112 -0.418278
0.018501 -0.0166851 -0.418331
0.0184198 -0.0171145 -0.418373
0.0182289 -0.0173155 -0.418425
0.0178277 -0.0171601 -0.418501
0.0171455 -0.0165437 -0.418607
0.0161853 -0.0154443 -0.418725
0.0149248 -0.0139217 -0.418831
0.0134055 -0.0120632 -0.418917
0.0116972 -0.00997186 -0.418976
0.00988543 -0.0077628 -0.419024
0.00806823 -0.00545449 -0.419059
0.0063327 -0.00310465 -0.419089
0.00492627 -0.000848005 -0.41912
0.00377688 0.00133057 -0.41922
0.00285902 0.00340882 -0.419395
0.00215413 0.0053539 -0.41966
0.00163926 0.00710082 -0.420013
0.0013015 0.00861312 -0.42048
0.00110119 0.00988039 -0.421055
0.00102193 0.0108749 -0.421728
0.00108554 0.0115728 -0.422467
0.000980255 0.0124505 -0.42328
0.00106985 0.012906 -0.424163
0.00161274 0.012669 -0.425094
0.0023158 0.0122596 -0.426064
0.00316005 0.0117283 -0.427075
0.00411429 0.0110875 -0.428092
0.00513849 0.0103274 -0.429088
0.00619648 0.00945304 -0.430041
0.00722313 0.00849552 -0.430945
0.00814623 0.00748435 -0.431788
0.00882262 0.00666828 -0.432585
0.00936208 0.00586261 -0.433348
0.00975126 0.00507523 -0.434046
0.0100411 0.00431757 -0.434678
0.0102303 0.00358228 -0.435225
0.0104534 0.00272768 -0.435681
0.0106407 0.00188011 -0.436063
0.0108035 0.00100939 -0.436392
0.0109453 0.000144599 -0.436673
0.010889 -0.00060315 -0.436911
0.0107682 -0.00134445 -0.437082
0.0105946 -0.00205365 -0.437205
0.0105021 -0.00289083 -0.437301
0.0103714 -0.00373895 -0.437352
0.0102217 -0.00458087 -0.43735
0.010032 -0.00541138 -0.437309
0.00984164 -0.00620273 -0.43724
0.00965354 -0.00696019 -0.437141
0.00947845 -0.00768969 -0.437009
0.00912126 -0.00832616 -0.436826
0.00877545 -0.00892657 -0.436588
0.00843248 -0.00951051 -0.43628
0.00810999 -0.0100762 -0.435909
0.0078226 -0.0106358 -0.435488
0.00757493 -0.0111743 -0.435008
0.00737433 -0.0116989 -0.434491
0.00720593 -0.0121752 -0.433959
0.00705505 -0.0125974 -0.433411
0.00695374 -0.0129498 -0.432859
0.00685972 -0.0132576 -0.432334
0.00678344 -0.0135422 -0.431837
0.00670737 -0.013816 -0.431387
0.00662174 -0.014085 -0.430978
0.00656211 -0.0143708 -0.430577
0.0065302 -0.0146801 -0.430196
0.0065691 -0.0150201 -0.429859
0.00669197 -0.015359 -0.429573
0.00686908 -0.0157196 -0.429358
0.00712189 -0.0160863 -0.429199
0.00741807 -0.016433 -0.42911
0.00777026 -0.0167916 -0.429083
0.00817284 -0.0171853 -0.429091
0.00859103 -0.0176143 -0.429125
0.00899842 -0.0180714 -0.42917
0.00937622 -0.018549 -0.429238
0.00972525 -0.019033 -0.429332
0.00998236 -0.019549 -0.429432
0.0101693 -0.0200758 -0.42953
0.0102643 -0.020595 -0.429632
0.0102896 -0.0210857 -0.429715
0.0102708 -0.0215394 -0.429768
0.0101985 -0.0219395 -0.429791
0.0100749 -0.0223104 -0.429795
0.00988418 -0.0226561 -0.429783
0.00964908 -0.0230024 -0.429763
0.00939122 -0.023328 -0.429735
0.00909955 -0.0236315 -0.429693
0.00875701 -0.0238953 -0.429632
0.00838662 -0.0241241 -0.429576
0.00800212 -0.0242903 -0.429525
0.00761005 -0.0243992 -0.429465
0.0072161 -0.0244471 -0.429397
0.00683098 -0.0244669 -0.429331
0.00646979 -0.0244862 -0.429262
0.0061367 -0.0245142 -0.429207
0.00583661 -0.0245572 -0.429153
0.00559193 -0.0246216 -0.429096
0.00539791 -0.0246982 -0.429056
0.00525497 -0.0247786 -0.429042
0.00514668 -0.0248109 -0.42907
0.00507425 -0.0247942 -0.429115
0.00503762 -0.0247376 -0.429176
0.00501213 -0.024651 -0.429267
0.00499487 -0.0245668 -0.429377
0.00497806 -0.0244885 -0.429504
0.00495098 -0.0244214 -0.429634
0.00491661 -0.0243743 -0.429752
0.0048413 -0.0243764 -0.429857
0.00473316 -0.0244338 -0.429959
0.00458771 -0.0245245 -0.430069
0.0043991 -0.0246403 -0.430189
0.00418761 -0.0247493 -0.430315
0.00398147 -0.0248471 -0.430469
0.00379967 -0.0249397 -0.430612
0.00363366 -0.0250222 -0.430724
0.00349372 -0.025093 -0.43079
0.00337605 -0.0251409 -0.430844
0.00325257 -0.0251883 -0.430864
0.00310658 -0.025276 -0.430889
0.00289366 -0.0253937 -0.430914
0.00263222 -0.025528 -0.430959
0.00233573 -0.0256473 -0.431047
0.0019811 -0.0257479 -0.43119
0.00155744 -0.0257872 -0.431365
0.00112881 -0.0257519 -0.431542
0.000741186 -0.0256461 -0.431706
0.000386715 -0.0255074 -0.43186
7.4779e-05 -0.0253815 -0.431988
-0.000173606 -0.0252949 -0.43211
-0.00039697 -0.0252134 -0.432244
-0.000614795 -0.0250968 -0.432389
-0.000867656 -0.0249302 -0.432548
-0.001156 -0.0246981 -0.43273
-0.00148798 -0.0244108 -0.432959
-0.00187553 -0.024109 -0.43322
-0.00231738 -0.0238027 -0.433528
-0.00280219 -0.023517 -0.43387
-0.00329442 -0.0232642 -0.43424
-0.00377257 -0.0230366 -0.43466
-0.00421391 -0.0227757 -0.435082
-0.00458286 -0.0224765 -0.435501
-0.00486814 -0.0221372 -0.435893
-0.00506114 -0.021762 -0.436281
-0.00517021 -0.0213662 -0.436656
-0.0052606 -0.0209608 -0.437053
-0.00536261 -0.0205721 -0.437489
-0.00548448 -0.0202286 -0.437958
-0.00564927 -0.0199275 -0.438466
-0.0058436 -0.0196868 -0.439029
-0.00608037 -0.0194555 -0.439632
-0.00634485 -0.0192384 -0.440274
-0.00661002 -0.0190626 -0.440881
-0.00687682 -0.0189688 -0.441457
-0.00712061 -0.0189823 -0.441983
-0.00735111 -0.0190741 -0.442454
-0.00759507 -0.0191684 -0.442881
-0.00783296 -0.0192764 -0.443277
-0.008094 -0.0194246 -0.443651
-0.00838418 -0.0196287 -0.444
-0.00871576 -0.0198932 -0.444301
-0.00906129 -0.0201749 -0.444543
-0.00936782 -0.0203674 -0.444731
-0.00950641 -0.020303 -0.444847
-0.00935081 -0.0198428 -0.444888
-0.00859584 -0.0185781 -0.444872
-0.00751566 -0.0169222 -0.444785
-0.00613632 -0.0148782 -0.444671
-0.0045226 -0.0125215 -0.44456
-0.00278173 -0.00997542 -0.444456
-0.0010215 -0.0073554 -0.444362
0.000738422 -0.00458209 -0.44428
0.00238054 -0.00184277 -0.444187
0.00364613 0.00056169 -0.444075
0.00464986 0.00281614 -0.443922
0.00536999 0.00487511 -0.44373
0.00583904 0.00670581 -0.443487
0.00610708 0.00822782 -0.443212
0.00622586 0.00941361 -0.44292
0.00623004 0.0102711 -0.4426
0.00647403 0.0112988 -0.442231
0.00663061 0.0119926 -0.441824
0.00670217 0.0123778 -0.441362
0.00645336 0.0122625 -0.440838
0.0061169 0.012072 -0.440276
0.00567765 0.0118488 -0.439687
0.0051498 0.0116164 -0.439078
0.00455631 0.0114286 -0.438464
0.00393357 0.0113107 -0.437835
0.00338198 0.0114232 -0.437192
0.00283389 0.0115058 -0.436518
0.00227274 0.0115534 -0.435855
0.00174822 0.0116051 -0.435231
0.00133106 0.0116709 -0.434653
0.000979883 0.0114895 -0.434143
0.00091545 0.0115321 -0.433696
0.000916599 0.0112469 -0.433297
0.00108551 0.0108765 -0.432944
0.00142477 0.0106535 -0.432604
0.0018653 0.0103642 -0.432277
0.00236044 0.0100127 -0.431995
0.00287716 0.0095937 -0.431774
0.00338307 0.00914573 -0.431619
0.00391569 0.00866588 -0.431524
0.00426778 0.00798261 -0.431511
0.0046473 0.00726494 -0.431615
0.00508155 0.00652974 -0.431801
0.00556641 0.00580697 -0.432058
0.006096 0.00512348 -0.432376
0.00667084 0.00450677 -0.43278
0.00744372 0.00400456 -0.433236
0.00822097 0.0035784 -0.433743
0.00898867 0.00320183 -0.434311
0.00972043 0.00285817 -0.434933
0.0104194 0.00254691 -0.435629
0.011056 0.00227336 -0.436411
0.0116319 0.00205596 -0.437274
0.0121244 0.00192269 -0.438224
0.0125766 0.00189775 -0.43924
0.0129968 0.00196111 -0.440274
0.013388 0.00210721 -0.441326
0.0137377 0.00234157 -0.442365
0.0140624 0.00262299 -0.443362
0.0143466 0.0029002 -0.444307
0.0145815 0.00315081 -0.445196
0.0147627 0.00336312 -0.445997
0.0148813 0.00357646 -0.446703
0.014924 0.00381964 -0.447333
0.0148796 0.00408998 -0.4479
0.0147814 0.00437009 -0.448403
0.0146332 0.00461754 -0.448836
0.0144633 0.00482986 -0.449225
0.0142237 0.00504811 -0.449569
0.0139638 0.00524539 -0.449867
0.0137187 0.00538681 -0.450119
0.0135107 0.00547155 -0.450335
0.0133202 0.00552208 -0.4505
0.0131692 0.00554755 -0.450632
0.0130771 0.00555762 -0.450727
0.0130654 0.00553173 -0.450795
0.0131288 0.00548092 -0.45089
0.0132594 0.00542301 -0.450975
0.0134598 0.00533868 -0.451054
0.0137549 0.00523445 -0.45116
0.0141576 0.00514481 -0.451301
0.0146286 0.00509334 -0.451456
0.0151288 0.00505203 -0.451628
0.0157075 0.0050183 -0.451808
0.0163197 0.00500578 -0.451973
0.0169585 0.00498533 -0.452142
0.0175868 0.00497587 -0.452311
0.0182091 0.00502165 -0.452492
0.0188272 0.00515056 -0.452675
0.0194249 0.00531432 -0.452858
0.0199683 0.00546802 -0.453025
0.0204605 0.00561227 -0.453165
0.0208845 0.0057431 -0.4533
0.021238 0.00583001 -0.453414
0.0215101 0.00587652 -0.453516
0.0216749 0.00594296 -0.453615
0.0217794 0.00606803 -0.453698
0.0218109 0.0062829 -0.453763
0.0217952 0.00653196 -0.453805
0.0216982 0.00674706 -0.45384
0.0215499 0.00689809 -0.453872
0.0213804 0.00698427 -0.453913
0.0211942 0.00698313 -0.453956
0.0210225 0.00690808 -0.454004
0.0208566 0.00677316 -0.454066
0.0206994 0.00661084 -0.454126
0.0205626 0.00648389 -0.454169
0.0204686 0.00639133 -0.454226
0.0204055 0.00633591 -0.454306
0.020335 0.00629921 -0.454394
0.0202446 0.00628485 -0.454528
0.0201763 0.00621826 -0.454694
0.0201342 0.00607591 -0.454865
0.0200758 0.00592742 -0.455065
0.020027 0.0058146 -0.455269
0.0200432 0.00574561 -0.455475
0.0200759 0.00572932 -0.455662
0.0201188 0.00577599 -0.455827
0.0202387 0.00587593 -0.455989
0.0204189 0.00602613 -0.456144
0.0205894 0.00614476 -0.456279
0.0207313 0.00621946 -0.456405
0.0208827 0.00627962 -0.456505
0.021062 0.00637685 -0.456612
0.0212658 0.00649701 -0.456708
0.0214804 0.00663858 -0.456773
0.0217395 0.00673914 -0.456819
0.0220262 0.00684311 -0.456853
0.0222872 0.00692407 -0.456861
0.0225545 0.00695833 -0.456833
0.0228416 0.00697055 -0.456769
0.0231312 0.00699825 -0.456667
0.0234216 0.00705279 -0.456502
0.0237198 0.00709987 -0.456258
0.0239767 0.00714592 -0.455956
0.0242389 0.00721297 -0.45559
0.0245395 0.00726219 -0.455155
0.0248562 0.0072602 -0.45471
0.0251752 0.00717365 -0.454257
0.0255001 0.00703198 -0.453806
0.0258365 0.0068151 -0.453393
0.0260288 0.00637116 -0.453034
0.0261966 0.00576927 -0.452681
0.026351 0.00501522 -0.452333
0.026557 0.00417084 -0.451996
0.0267695 0.00327023 -0.451688
0.0269912 0.00231366 -0.451426
0.0272053 0.00128966 -0.451211
0.0273939 0.000213233 -0.451054
0.0277702 -0.00100099 -0.450929
0.0280771 -0.00228322 -0.450858
0.0283337 -0.0036068 -0.450829
0.0285653 -0.00488622 -0.450799
0.0286514 -0.00590476 -0.450777
0.0287592 -0.00683198 -0.450748
0.0288594 -0.00764368 -0.450721
0.0289401 -0.00833579 -0.450703
0.0289647 -0.0088534 -0.450677
0.0288485 -0.00909958 -0.450676
0.0285466 -0.00895044 -0.450703
0.0279809 -0.00830206 -0.450761
0.0271208 -0.00715697 -0.450853
0.0259789 -0.00554962 -0.450957
0.0245816 -0.00357546 -0.451051
0.0229816 -0.00136574 -0.451134
0.0212753 0.000994553 -0.451205
0.0195122 0.00345938 -0.451272
0.0178268 0.005991 -0.451342
0.016316 0.00852224 -0.451428
0.0151842 0.0108191 -0.451529
0.0142928 0.0129601 -0.451664
0.0136339 0.014933 -0.45184
0.0131602 0.0167284 -0.452082
0.0128034 0.0183137 -0.452413
0.0125209 0.0196215 -0.452822
0.0122842 0.0206089 -0.453319
0.0120846 0.0212454 -0.453929
0.0119497 0.0215586 -0.454656
0.0116478 0.0219436 -0.455473
0.011522 0.0220627 -0.456352
0.0115779 0.0219614 -0.457266
0.0118248 0.0217072 -0.45821
0.012516 0.0212137 -0.459182
0.0133315 0.0207108 -0.460176
0.0142312 0.0202227 -0.461201
0.0151849 0.0197695 -0.462256
0.0161851 0.019397 -0.46332
0.0170206 0.0192836 -0.46439
0.0177784 0.0192124 -0.465443
0.0183977 0.0191355 -0.466466
0.018852 0.0190087 -0.467436
0.019156 0.0188247 -0.468352
0.0193596 0.0186053 -0.469209
0.0194897 0.0183637 -0.470009
0.019566 0.0180721 -0.470773
0.0196465 0.0177117 -0.471478
0.0197493 0.0172954 -0.47215
0.0198875 0.0167855 -0.472769
0.0200299 0.0161484 -0.473298
0.0201417 0.015413 -0.47375
0.0201847 0.014614 -0.474112
0.0201126 0.0137554 -0.474399
0.0199265 0.0128376 -0.474603
0.019688 0.01189 -0.474708
0.0194083 0.0109236 -0.474726
0.0191065 0.00992213 -0.474651
0.0188024 0.00891287 -0.474483
0.0185139 0.00791185 -0.474214
0.0182613 0.00696244 -0.473858
0.0180288 0.00610164 -0.473401
0.0178571 0.00530536 -0.472851
0.0177096 0.00456333 -0.472198
0.0175822 0.00388759 -0.471461
0.0174763 0.0032882 -0.470619
0.0173958 0.00277621 -0.469698
0.0173278 0.00237171 -0.468711
0.0172729 0.00206996 -0.467707
0.0172495 0.00186698 -0.466707
0.01725 0.00173389 -0.465715
0.0172768 0.00166467 -0.464778
0.0173404 0.00162343 -0.463889
0.0174572 0.00160408 -0.463056
0.0176312 0.0015808 -0.462252
0.0178966 0.00154864 -0.461496
0.0182418 0.0015023 -0.460815
0.0186543 0.00145005 -0.460204
0.0191517 0.00138892 -0.45966
0.0197115 0.00133878 -0.45918
0.0203231 0.0012868 -0.458782
0.020955 0.00121884 -0.458462
0.0215949 0.00113616 -0.458192
0.022218 0.00102507 -0.457963
0.0228104 0.000872713 -0.457785
0.0233527 0.000664882 -0.457654
0.0238658 0.000394297 -0.457552
0.0243387 8.79658e-05 -0.457447
0.0247628 -0.000246044 -0.45735
0.0251374 -0.000600015 -0.457277
0.025432 -0.000970425 -0.45723
0.0256477 -0.00132951 -0.457211
0.0257792 -0.00166429 -0.457207
0.0258155 -0.00195727 -0.457222
0.0257695 -0.00221135 -0.457249
0.025665 -0.00246907 -0.457287
0.0254818 -0.00273801 -0.457297
0.0252335 -0.00300885 -0.457308
0.0249503 -0.00325784 -0.457305
0.0246353 -0.00350848 -0.457319
0.0243187 -0.00373966 -0.45734
0.0240118 -0.00395431 -0.457411
0.023748 -0.00416105 -0.457471
0.0234973 -0.00433089 -0.457528
0.0232453 -0.00444708 -0.457597
0.023018 -0.0045285 -0.457676
0.0228196 -0.00458936 -0.457767
0.0226463 -0.00466817 -0.457869
0.0224768 -0.00477519 -0.457996
0.0223228 -0.00490773 -0.458156
0.0221948 -0.0050338 -0.458343
0.0220795 -0.0051384 -0.458558
0.021994 -0.00522901 -0.458785
0.0219204 -0.00531025 -0.459003
0.0218831 -0.00536774 -0.459178
0.021889 -0.00540745 -0.459327
0.0218985 -0.00542271 -0.459428
0.0219013 -0.00543241 -0.4595
0.0218827 -0.00546541 -0.459554
0.0218327 -0.00555765 -0.459595
0.0217344 -0.00571617 -0.459645
0.0215799 -0.00588109 -0.459713
0.0213657 -0.00602761 -0.459798
0.0210875 -0.00616316 -0.459868
0.0207732 -0.00626869 -0.45993
0.0204447 -0.00632293 -0.459973
0.0201132 -0.00633111 -0.459985
0.0198028 -0.00633706 -0.459974
0.0195275 -0.00637888 -0.459932
0.019264 -0.00646941 -0.459866
0.0189913 -0.0065826 -0.459812
0.0187089 -0.00669765 -0.459784
0.0184212 -0.00678081 -0.459789
0.0180785 -0.00679661 -0.459856
0.0176434 -0.00675203 -0.45996
0.0171322 -0.00665155 -0.460089
0.0165748 -0.00652503 -0.460246
0.0160002 -0.00644584 -0.460413
0.0154024 -0.00641754 -0.460625
0.0148065 -0.00642613 -0.460881
0.0142534 -0.00643779 -0.461161
0.0137343 -0.0064161 -0.461457
0.0132602 -0.00635207 -0.461782
0.0128119 -0.00624491 -0.462126
0.0123747 -0.00613944 -0.462497
0.0119433 -0.00608132 -0.462902
0.0114949 -0.00605184 -0.463353
0.0110172 -0.00599295 -0.463837
0.0106113 -0.00583202 -0.464354
0.0101936 -0.00563966 -0.464901
0.00978294 -0.00549222 -0.465462
0.00939109 -0.00544833 -0.466013
0.0089962 -0.00547255 -0.46652
0.00845338 -0.00555192 -0.466984
0.00785641 -0.00570586 -0.467378
0.0072822 -0.00593655 -0.467713
0.00661504 -0.00627505 -0.468005
0.00590493 -0.00669006 -0.468251
0.00516929 -0.00715152 -0.468448
0.0044112 -0.00767033 -0.4686
0.00367314 -0.00824101 -0.468692
0.00297261 -0.00885731 -0.468762
0.00214171 -0.00963525 -0.468811
0.00138448 -0.0104436 -0.468821
0.000680204 -0.0112618 -0.468804
2.71007e-05 -0.0120754 -0.468773
-0.000388364 -0.0126845 -0.46873
-0.000770172 -0.0132709 -0.46868
-0.00112869 -0.0137848 -0.468639
-0.00149504 -0.0141608 -0.468595
-0.00179242 -0.0142892 -0.468559
-0.00189464 -0.0140396 -0.46852
-0.00170138 -0.0133243 -0.468494
-0.00114946 -0.0121348 -0.468466
-0.000219345 -0.0104894 -0.46845
0.00103824 -0.0084581 -0.468451
0.0025289 -0.00617914 -0.468466
0.00411756 -0.00369453 -0.4685
0.00574222 -0.00115302 -0.468541
0.00728716 0.00133824 -0.468581
0.00850717 0.0034996 -0.468598
0.00946183 0.00550506 -0.468578
0.010134 0.00735679 -0.468509
0.0105271 0.0090387 -0.468381
0.0106889 0.0105016 -0.468214
0.0106478 0.0117181 -0.467992
0.0104447 0.0126647 -0.46773
0.0104073 0.0138381 -0.467406
0.0102579 0.0146875 -0.467025
0.0100497 0.0152187 -0.466564
0.00979158 0.0154392 -0.466019
0.00948316 0.0154082 -0.465375
0.00895498 0.0150019 -0.464628
0.00835725 0.0145608 -0.463776
0.00768605 0.0141322 -0.462862
0.00704882 0.0138757 -0.461936
0.00635422 0.0135984 -0.461022
0.00562531 0.0132741 -0.460147
0.00491302 0.0128949 -0.459328
0.00430203 0.0124905 -0.458571
0.0038396 0.0120868 -0.457867
0.00356866 0.0116921 -0.457202
0.00349484 0.0112786 -0.456581
0.00355908 0.0108669 -0.456019
0.00375668 0.0104492 -0.455521
0.00406276 0.0100133 -0.455104
0.00441655 0.00956966 -0.454759
0.00479264 0.00906071 -0.454488
0.00514704 0.0085093 -0.454294
0.00550947 0.00791725 -0.454165
0.00585633 0.00732158 -0.454081
0.00616868 0.00672722 -0.454043
0.00649474 0.00616512 -0.454057
0.00683891 0.0056095 -0.45411
0.00718598 0.00506384 -0.454189
0.00753673 0.00452156 -0.454311
0.00788671 0.00399923 -0.454508
0.00822721 0.00351807 -0.454758
0.00852152 0.00308082 -0.455066
0.00875786 0.00269739 -0.455466
0.00895507 0.00237283 -0.455962
0.00907585 0.00210791 -0.456549
0.00912678 0.00188272 -0.45719
0.00913881 0.00168432 -0.45789
0.00912609 0.00150227 -0.458648
0.00912009 0.00135243 -0.459433
0.0091225 0.00123554 -0.460256
0.00914481 0.00115126 -0.461082
0.00917969 0.00112622 -0.461892
0.00923658 0.00114401 -0.462693
0.00932338 0.00117405 -0.463476
0.00940403 0.00119661 -0.464242
0.00947743 0.00121961 -0.464978
0.00953036 0.00122832 -0.465687
0.00954392 0.00122153 -0.466368
0.00952535 0.00120075 -0.467004
0.00948197 0.0011831 -0.467594
0.00941398 0.00117386 -0.468133
0.00933892 0.00112205 -0.468605
0.00926866 0.000964061 -0.469025
0.00919336 0.000745621 -0.469368
0.00914315 0.00052079 -0.469648
0.00910872 0.000305329 -0.469867
0.00910469 0.000101003 -0.470034
0.00913468 -0.000105069 -0.470153
0.0091792 -0.000341844 -0.470249
0.00924854 -0.000613218 -0.470344
0.00932778 -0.000921436 -0.470426
0.00942855 -0.00127751 -0.470523
0.00955826 -0.00168331 -0.470645
0.00970137 -0.00210665 -0.470786
0.00986061 -0.002519 -0.470935
0.010063 -0.00285789 -0.471084
0.0102994 -0.00313948 -0.471213
0.0105791 -0.00339969 -0.471309
0.0109282 -0.00365002 -0.4714
0.0112857 -0.00389353 -0.471489
0.0116714 -0.00412124 -0.47158
0.012056 -0.00433715 -0.471674
0.0124453 -0.0045437 -0.471776
0.0128129 -0.00473303 -0.471903
0.0131383 -0.00487418 -0.472059
0.0134092 -0.00498609 -0.472221
0.0136592 -0.00506165 -0.472377
0.0138979 -0.00513576 -0.472519
0.0140924 -0.00524157 -0.472625
0.0142487 -0.00535874 -0.472705
0.0143744 -0.00542473 -0.472771
0.0145112 -0.00547469 -0.472811
0.0146218 -0.00552419 -0.472848
0.014683 -0.0055719 -0.472871
0.0147375 -0.00561803 -0.472885
0.0147795 -0.00566079 -0.472915
0.0148371 -0.0057127 -0.472954
0.0149154 -0.00577783 -0.473002
0.0150063 -0.0058684 -0.473066
0.0150825 -0.00602536 -0.473125
0.0151935 -0.0062766 -0.473176
0.0153047 -0.00658205 -0.473208
0.0154226 -0.00689701 -0.473227
0.0155873 -0.00722543 -0.473249
0.0157407 -0.00754207 -0.473251
0.0159049 -0.0078764 -0.473219
0.016091 -0.00820585 -0.473201
0.0162552 -0.00852991 -0.47319
0.0164032 -0.00886387 -0.473189
0.0165351 -0.00922563 -0.473193
0.0166578 -0.00960069 -0.473176
0.0167657 -0.00999336 -0.473128
0.0168352 -0.0103609 -0.473055
0.0168928 -0.01067 -0.472967
0.0170059 -0.0109415 -0.472877
0.0171497 -0.0111899 -0.472792
0.0172904 -0.0113676 -0.472719
0.0173951 -0.0115125 -0.47266
0.0174816 -0.011684 -0.472617
0.0176043 -0.0118909 -0.472586
0.0177191 -0.0120859 -0.472543
0.0178416 -0.012283 -0.47248
0.0179636 -0.0124196 -0.472399
0.0180675 -0.0124735 -0.472323
0.0182095 -0.0125336 -0.472215
0.0184111 -0.012622 -0.472088
0.0186278 -0.0126682 -0.471949
0.0188472 -0.0126963 -0.471781
0.0191241 -0.0127611 -0.471605
0.0193922 -0.0128588 -0.471422
0.0196535 -0.0129632 -0.47123
0.0199011 -0.013103 -0.47101
0.020133 -0.013251 -0.470787
0.0203127 -0.0133233 -0.470573
0.0204007 -0.0133157 -0.470343
0.0204577 -0.0132709 -0.470068
0.0204835 -0.0132251 -0.469731
0.0205136 -0.0132023 -0.469335
0.0205833 -0.0132751 -0.468911
0.0206823 -0.0134864 -0.468468
0.0208577 -0.0138329 -0.468008
0.0210888 -0.0142387 -0.467602
0.0213112 -0.0146585 -0.467251
0.021502 -0.0150942 -0.466968
0.0216536 -0.0155621 -0.466732
0.021794 -0.0160563 -0.466547
0.0218926 -0.0165561 -0.466371
0.0219474 -0.0170725 -0.466191
0.0220459 -0.017624 -0.466006
0.0221727 -0.0181759 -0.465829
0.0223351 -0.0187183 -0.465662
0.0225271 -0.0192969 -0.465511
0.0226903 -0.0198867 -0.465396
0.022493 -0.0199461 -0.465329
0.0221131 -0.019728 -0.465315
0.0214833 -0.0191278 -0.465381
0.0205871 -0.0180994 -0.46549
0.0193919 -0.0166278 -0.465625
0.0179299 -0.0147864 -0.465751
0.0162972 -0.0126718 -0.46586
0.0145432 -0.0103883 -0.465945
0.0127155 -0.00794928 -0.465998
0.0109653 -0.00543989 -0.466051
0.0095342 -0.00310816 -0.466138
0.00832226 -0.000893864 -0.466267
0.00732327 0.00119028 -0.466476
0.00650039 0.00311977 -0.466778
0.00584557 0.00489164 -0.467179
0.00533007 0.00648916 -0.467688
0.00492396 0.00786307 -0.468293
0.00464959 0.00891114 -0.468972
0.00414592 0.0101503 -0.469706
0.00388584 0.0109866 -0.470506
0.00387496 0.0114852 -0.471367
0.0043821 0.0113391 -0.472258
0.00504789 0.0109569 -0.473207
0.00586095 0.0104314 -0.474196
0.00679167 0.00986248 -0.475196
0.0077979 0.0092861 -0.476172
0.0088369 0.00867702 -0.477118
0.00984907 0.00800237 -0.478011
0.0106195 0.0075087 -0.478843
0.0113062 0.00692782 -0.479606
0.0118454 0.00625196 -0.480308
0.0122216 0.00554593 -0.480959
0.0124514 0.004868 -0.481553
0.0127153 0.00407959 -0.482092
0.0129316 0.00332241 -0.482556
0.01311 0.00260914 -0.482943
0.0132657 0.00192554 -0.483249
0.0133714 0.00120787 -0.483486
0.0132662 0.000605026 -0.483639
0.0130929 -5.38783e-05 -0.483738
0.0127988 -0.000769876 -0.483794
0.0125353 -0.00161895 -0.483815
0.0121574 -0.00245792 -0.483805
0.0117005 -0.00325239 -0.483776
0.0111877 -0.00398879 -0.483682
0.0106794 -0.00470756 -0.483535
0.0102259 -0.00541824 -0.483316
0.0098392 -0.00611323 -0.483034
0.00952711 -0.00676987 -0.482675
0.00903863 -0.00735606 -0.482271
0.00860768 -0.00790175 -0.4818
0.0082203 -0.00841503 -0.481292
0.00783723 -0.00890213 -0.480738
0.0074555 -0.00936073 -0.480133
0.00721374 -0.00979703 -0.479497
0.00695849 -0.0101774 -0.478874
0.0065647 -0.0104974 -0.478271
0.00619427 -0.0107997 -0.477683
0.00588661 -0.011059 -0.477129
0.00563998 -0.0112727 -0.476608
0.00546602 -0.0114379 -0.476105
0.00534846 -0.0115749 -0.475628
0.00530547 -0.0117044 -0.475177
0.00536109 -0.0118344 -0.474755
0.00549708 -0.0119805 -0.474351
0.00571562 -0.0121532 -0.474
0.00598736 -0.0123675 -0.473722
0.00628488 -0.0126338 -0.473505
0.00659502 -0.0129226 -0.473388
0.00688372 -0.0132329 -0.473364
0.00719269 -0.013514 -0.473431
0.00753111 -0.0137988 -0.473534
0.00786603 -0.0141267 -0.473634
0.00821445 -0.0144971 -0.473726
0.00857237 -0.0148877 -0.473812
0.00892687 -0.0152889 -0.473893
0.00921917 -0.015723 -0.473947
0.00945614 -0.0161613 -0.473978
0.00960877 -0.0165711 -0.474012
0.00964584 -0.0169351 -0.474033
0.00957945 -0.0172415 -0.474055
0.00940224 -0.0174981 -0.47408
0.00911336 -0.0176934 -0.474078
0.0087674 -0.0178501 -0.474033
0.00836942 -0.0179822 -0.473971
0.00794004 -0.0181172 -0.47391
0.0075175 -0.0182559 -0.473841
0.00709549 -0.0183676 -0.473773
0.00669058 -0.0184309 -0.473705
0.00628964 -0.0184383 -0.473621
0.00589414 -0.0183776 -0.473526
0.0055264 -0.0182551 -0.473405
0.00518179 -0.0180857 -0.473294
0.00486643 -0.0178819 -0.473176
0.00458374 -0.017702 -0.473071
0.00433503 -0.0175558 -0.472996
0.00413365 -0.0174402 -0.472962
0.00397547 -0.017346 -0.472961
0.00386884 -0.0172295 -0.473006
0.00380942 -0.0170752 -0.473063
0.00379181 -0.0168819 -0.473136
0.00383608 -0.0166605 -0.473204
0.00392968 -0.0164399 -0.473293
0.00404433 -0.0162131 -0.473389
0.00416892 -0.0159765 -0.473468
0.00430492 -0.0157529 -0.473528
0.00442316 -0.0155724 -0.473582
0.00449266 -0.0154586 -0.473636
0.0045222 -0.0154035 -0.473689
0.00449674 -0.0153858 -0.473749
0.00442055 -0.0153714 -0.473828
0.00431749 -0.0153516 -0.473917
0.00421822 -0.0153159 -0.474003
0.00413222 -0.0152657 -0.474079
0.00407257 -0.0152028 -0.474107
0.00403146 -0.0151178 -0.474082
0.00402955 -0.0150273 -0.474006
0.00401083 -0.0149444 -0.473903
0.00394814 -0.0149135 -0.47379
0.00384005 -0.0149166 -0.473691
0.00369359 -0.0149246 -0.473632
0.00347738 -0.0149051 -0.473624
0.00316199 -0.0148551 -0.473661
0.00279173 -0.0147369 -0.473726
0.00239884 -0.0145466 -0.473816
0.0020086 -0.0143148 -0.473921
0.00163509 -0.0141056 -0.474009
0.00131942 -0.0139263 -0.474092
0.00106928 -0.0137568 -0.474167
0.000843523 -0.0135611 -0.474261
0.000630435 -0.0133261 -0.47439
0.000415676 -0.0130535 -0.474554
0.000184069 -0.0127473 -0.474753
-9.71853e-05 -0.0124307 -0.475006
-0.000434126 -0.0121138 -0.475306
-0.000808757 -0.0118038 -0.475645
-0.00121834 -0.0115098 -0.476045
-0.00165494 -0.0112259 -0.476491
-0.00210437 -0.0109425 -0.476981
-0.00251573 -0.0106263 -0.477488
-0.00284217 -0.0102828 -0.477986
-0.00308498 -0.00992386 -0.47848
-0.00324183 -0.00956243 -0.478971
-0.00333357 -0.00920852 -0.479455
-0.00335536 -0.0088878 -0.479934
-0.00335986 -0.00861393 -0.480428
-0.00336906 -0.00835642 -0.480955
-0.00340764 -0.00808337 -0.481528
-0.00351607 -0.00777493 -0.482159
-0.00368731 -0.00750588 -0.482836
-0.00394116 -0.00735719 -0.48351
-0.00424424 -0.00735212 -0.484135
-0.00455925 -0.00745899 -0.484679
-0.00487802 -0.00760708 -0.485144
-0.0051886 -0.00776742 -0.48553
-0.00548757 -0.00792672 -0.48588
-0.00577778 -0.00810868 -0.486198
-0.00608748 -0.00836974 -0.486493
-0.0064154 -0.00870982 -0.486745
-0.00674647 -0.00907809 -0.48696
-0.00699308 -0.0093359 -0.487131
-0.00676949 -0.00894487 -0.487242
-0.00628842 -0.00816977 -0.487281
-0.00551569 -0.00695751 -0.48726
-0.00445894 -0.0053176 -0.487206
-0.00314483 -0.00329816 -0.487154
-0.00164672 -0.0010358 -0.487108
-0.000111819 0.00143367 -0.487061
0.00141349 0.00394473 -0.487012
0.00286101 0.00641579 -0.486939
0.00402614 0.00856034 -0.486827
0.00497589 0.0105487 -0.486673
0.00571351 0.0123474 -0.486481
0.00624638 0.0139483 -0.486258
0.00660488 0.0153441 -0.48602
0.00686257 0.0164653 -0.485776
0.00705561 0.0173096 -0.485504
0.00745289 0.0183038 -0.485208
0.00780515 0.0190385 -0.484887
0.00812643 0.0195602 -0.484497
0.00839619 0.0198913 -0.48403
0.0085782 0.0200675 -0.483522
0.00843762 0.0199846 -0.482992
0.00817636 0.0198936 -0.482454
0.00778766 0.019842 -0.481901
0.0074191 0.0199772 -0.481337
0.00697714 0.0201634 -0.480772
0.00650692 0.0204124 -0.480194
0.00599098 0.020692 -0.479609
0.00551574 0.0209595 -0.479022
0.00510944 0.0212189 -0.478459
0.0048333 0.0214713 -0.477935
0.00468823 0.0216839 -0.477445
0.00466973 0.0218477 -0.477011
0.00477595 0.0219223 -0.476608
0.00500758 0.0219233 -0.476242
0.0053181 0.0218675 -0.475877
0.00567542 0.0217599 -0.475492
0.00605661 0.0215815 -0.475119
0.00640643 0.0213397 -0.474803
0.00673291 0.0210201 -0.474549
0.00702083 0.0206242 -0.47438
0.00728899 0.0201623 -0.474279
0.00759436 0.0196795 -0.474287
0.00793275 0.0191924 -0.474378
0.00835445 0.0187164 -0.474542
0.00886244 0.018248 -0.474748
0.0094218 0.0177566 -0.47501
0.0100191 0.0172601 -0.475312
0.010633 0.0167665 -0.475676
0.0112174 0.0163149 -0.476121
0.0117589 0.0159327 -0.476633
0.0122273 0.0156186 -0.477219
0.0126338 0.0153955 -0.477898
0.0129753 0.0152348 -0.478675
0.0132622 0.0151173 -0.479539
0.0135084 0.0150321 -0.480485
0.0137394 0.0149869 -0.481484
0.0139576 0.0149882 -0.482513
0.0141729 0.0150455 -0.483538
0.0143988 0.0151485 -0.484544
0.0146527 0.0153219 -0.485497
0.0149099 0.0155388 -0.486409
0.015134 0.0157934 -0.487253
0.0153021 0.0160665 -0.488015
0.0154203 0.0163304 -0.488731
0.0154517 0.0165796 -0.489409
0.0153792 0.0167847 -0.49004
0.0152063 0.0169443 -0.490622
0.0149858 0.017102 -0.491162
0.0147417 0.017264 -0.491652
0.0144832 0.0174506 -0.492105
0.0142302 0.0176603 -0.492498
0.0140309 0.0178572 -0.492818
0.0139044 0.0180272 -0.493093
0.0138279 0.0181217 -0.49334
0.0138024 0.0181383 -0.49356
0.0138107 0.0180852 -0.49376
0.0138305 0.0179865 -0.493973
0.0138787 0.0178329 -0.494186
0.013928 0.0176493 -0.494396
0.0140211 0.0174613 -0.494602
0.0141609 0.0173427 -0.494792
0.0143333 0.017269 -0.494984
0.0145748 0.0172088 -0.495177
0.0148687 0.0171479 -0.495368
0.0152286 0.0171038 -0.495565
0.0156117 0.0170594 -0.495756
0.016001 0.0170245 -0.495934
0.0164412 0.0169834 -0.496097
0.016838 0.0169192 -0.496259
0.0171717 0.0168473 -0.496405
0.0174454 0.0168056 -0.49655
0.0176777 0.0168043 -0.496673
0.0178829 0.0168185 -0.496791
0.018035 0.0168468 -0.496912
0.0181369 0.0168598 -0.497023
0.0182151 0.0168849 -0.497118
0.0182899 0.0168839 -0.497203
0.0183648 0.0168898 -0.49728
0.0184202 0.0168817 -0.497328
0.0184553 0.0168579 -0.497357
0.0184557 0.016823 -0.497358
0.0184842 0.0167764 -0.497352
0.0185109 0.0166988 -0.497361
0.0185367 0.0165953 -0.49737
0.0185943 0.0164798 -0.497379
0.0186657 0.0163788 -0.497415
0.0187319 0.0162864 -0.49747
0.0188241 0.0161847 -0.497539
0.0189456 0.01602 -0.497605
0.0190631 0.0157935 -0.497663
0.0191863 0.0154995 -0.497711
0.0193533 0.0152078 -0.497767
0.0194875 0.0149189 -0.497839
0.0196198 0.0146616 -0.497933
0.0197641 0.014471 -0.498014
0.0198804 0.0143238 -0.498083
0.0200059 0.0141693 -0.498143
0.0201215 0.0139575 -0.498193
0.0202301 0.0137163 -0.498222
0.0203362 0.0135043 -0.498234
0.020418 0.0133194 -0.498229
0.0205058 0.0131966 -0.498195
0.0205933 0.0131176 -0.498139
0.0207 0.0130402 -0.498046
0.0208618 0.0129293 -0.497933
0.0210293 0.0128012 -0.497816
0.0211802 0.0126353 -0.497678
0.0213543 0.0124222 -0.497533
0.0215407 0.0122431 -0.497373
0.0217405 0.0121088 -0.497203
0.0219571 0.011956 -0.497024
0.02214 0.0117583 -0.496838
0.0222909 0.0115074 -0.496628
0.0223487 0.0113266 -0.496385
0.0223882 0.0111844 -0.496109
0.0225153 0.0110584 -0.495792
0.0227093 0.010923 -0.495412
0.0229768 0.0107521 -0.494971
0.0233274 0.010496 -0.494519
0.0237574 0.0102055 -0.494073
0.024246 0.00985163 -0.493678
0.0245863 0.00934738 -0.49333
0.0249265 0.00869938 -0.493057
0.0252341 0.00796318 -0.492855
0.0254978 0.00716976 -0.492696
0.0256981 0.00629856 -0.492574
0.0258815 0.00532486 -0.492484
0.0260661 0.00426318 -0.492412
0.0263852 0.00306196 -0.492355
0.0266885 0.00181103 -0.492328
0.0269719 0.000515661 -0.492327
0.0272222 -0.000797285 -0.492346
0.0274892 -0.00205945 -0.492371
0.0275966 -0.00302048 -0.492387
0.0276863 -0.00389944 -0.492389
0.0277918 -0.00468955 -0.492391
0.0278693 -0.00537432 -0.492369
0.0278646 -0.005905 -0.49234
0.0277024 -0.00620544 -0.492323
0.0273073 -0.00617427 -0.492327
0.02664 -0.00569177 -0.492379
0.0256857 -0.00472253 -0.492476
0.0244444 -0.00330165 -0.492597
0.0229447 -0.00148459 -0.492717
0.0212441 0.000639428 -0.49281
0.0194461 0.00293548 -0.492874
0.0176376 0.00533083 -0.492902
0.0159261 0.00780301 -0.492907
0.0143904 0.0102711 -0.492927
0.0130739 0.0126742 -0.492976
0.0121973 0.0147706 -0.49306
0.0115829 0.0167216 -0.493195
0.0111779 0.0184956 -0.493378
0.0108782 0.020051 -0.493626
0.0106366 0.0213661 -0.493972
0.0104425 0.0224018 -0.494452
0.0102788 0.0231011 -0.495055
0.0101535 0.0234656 -0.495761
0.009826 0.0239225 -0.496572
0.00964587 0.0240865 -0.497469
0.0096371 0.024006 -0.49842
0.00981846 0.0237458 -0.499372
0.0104574 0.0232486 -0.500328
0.0112194 0.0227366 -0.501285
0.0120677 0.0222409 -0.502282
0.0129911 0.0217993 -0.503307
0.0139399 0.0214097 -0.504357
0.01472 0.0212538 -0.505411
0.0154186 0.0211358 -0.506455
0.0159686 0.0209858 -0.507454
0.016347 0.0207665 -0.508418
0.0165587 0.0204994 -0.509337
0.0166313 0.020186 -0.510201
0.0166348 0.0198613 -0.511013
0.0165818 0.0194754 -0.511778
0.0165475 0.0190298 -0.512496
0.0165746 0.0185371 -0.513151
0.0166534 0.0179619 -0.513755
0.0167429 0.0172715 -0.51429
0.0168058 0.0164828 -0.514744
0.0167925 0.0156485 -0.515099
0.0166848 0.0147607 -0.51538
0.0164521 0.0138232 -0.515575
0.0161389 0.012843 -0.515693
0.0157518 0.0118662 -0.515744
0.0153303 0.0108918 -0.515707
0.0149035 0.009916 -0.515577
0.0145049 0.00896945 -0.515357
0.0141714 0.00806179 -0.515032
0.0138894 0.00722466 -0.514604
0.0136764 0.00645382 -0.514078
0.0134991 0.00574632 -0.513453
0.0133442 0.00509959 -0.512721
0.0132085 0.00453775 -0.511871
0.0130738 0.00404964 -0.510957
0.012945 0.00364964 -0.510015
0.0128283 0.00334141 -0.509044
0.01272 0.00313396 -0.508071
0.0126476 0.00299528 -0.507126
0.0125915 0.00289972 -0.506205
0.0125792 0.00282028 -0.505327
0.0126362 0.00277049 -0.504518
0.0127432 0.0027249 -0.50376
0.0129338 0.00266617 -0.503058
0.013206 0.00261918 -0.502413
0.0135307 0.00256761 -0.501824
0.0139153 0.00250181 -0.501276
0.0143485 0.00242665 -0.500814
0.0148184 0.00235773 -0.500419
0.0153072 0.00226734 -0.500107
0.0157801 0.00217042 -0.499853
0.0162256 0.00206191 -0.499643
0.0166509 0.00192975 -0.499475
0.0170437 0.00175981 -0.499331
0.0173962 0.00153251 -0.499216
0.0177288 0.00124634 -0.499122
0.0180013 0.000922126 -0.49902
0.0182278 0.000576078 -0.498923
0.0184147 0.000229443 -0.498847
0.0185114 -0.000122719 -0.498792
0.0185223 -0.000454699 -0.498755
0.01844 -0.000742768 -0.498727
0.0182727 -0.000984017 -0.4987
0.0180502 -0.00119189 -0.498682
0.0177581 -0.00138216 -0.498682
0.0174214 -0.00157712 -0.498677
0.0170511 -0.00176677 -0.498658
0.0166704 -0.00195868 -0.498641
0.0162827 -0.00215711 -0.498624
0.0159094 -0.00235074 -0.498625
0.015562 -0.00251728 -0.498632
0.0152607 -0.00263648 -0.498654
0.0149797 -0.00270974 -0.49868
0.0147136 -0.0027383 -0.49871
0.0144679 -0.00274422 -0.498749
0.0142299 -0.00272539 -0.498809
0.0140315 -0.00268741 -0.498879
0.0138385 -0.00267358 -0.498968
0.0136415 -0.00267174 -0.499083
0.0134708 -0.00269128 -0.499211
0.0133176 -0.00272379 -0.499335
0.0131901 -0.00276947 -0.499471
0.0130716 -0.00282644 -0.499624
0.0129631 -0.00288474 -0.499775
0.0128807 -0.0029193 -0.499923
0.0127829 -0.00292211 -0.500039
0.0126738 -0.00289848 -0.500125
0.0125537 -0.00288872 -0.500211
0.0124176 -0.00291001 -0.500299
0.0122566 -0.00297724 -0.500368
0.0120493 -0.00306742 -0.500425
0.0118022 -0.00317525 -0.500484
0.0115126 -0.00328148 -0.500561
0.0111816 -0.00336864 -0.50067
0.0108191 -0.00341732 -0.500783
0.0104501 -0.00342014 -0.500883
0.0101035 -0.00337199 -0.500963
0.00975113 -0.00330944 -0.501018
0.00942013 -0.00326456 -0.501043
0.00911363 -0.0032634 -0.501063
0.00882599 -0.00330024 -0.501089
0.00854812 -0.00334467 -0.501125
0.00821288 -0.00337248 -0.501211
0.00784413 -0.00335044 -0.501337
0.00743076 -0.00326547 -0.501502
0.00694331 -0.00314093 -0.501721
0.00640986 -0.00300297 -0.501977
0.00584962 -0.00288386 -0.502238
0.00528308 -0.00283492 -0.502505
0.0047108 -0.00283504 -0.502801
0.00415549 -0.0028184 -0.503099
0.00363926 -0.0027464 -0.503431
0.00316053 -0.00264847 -0.503789
