%roll pitch yaw
0.00391193 0.0166906 -0.34131
0.00479309 0.0159868 -0.34239
0.00577637 0.0153317 -0.343503
0.00682718 0.0147183 -0.344608
0.0077182 0.014322 -0.345695
0.00852798 0.0139047 -0.346741
0.0092232 0.0134324 -0.347768
0.0097811 0.0129141 -0.348768
0.0101838 0.0123612 -0.349734
0.010445 0.0117897 -0.350653
0.0105963 0.0112265 -0.351512
0.010665 0.0106881 -0.35231
0.0106943 0.0101407 -0.353053
0.0106711 0.00957137 -0.353743
0.0106271 0.00895376 -0.354353
0.0105587 0.00825582 -0.35486
0.0104831 0.00750188 -0.355281
0.0103954 0.00674197 -0.355622
0.0104342 0.00583433 -0.355881
0.0104096 0.00493218 -0.356062
0.0101293 0.00414566 -0.356153
0.00982079 0.00335934 -0.356173
0.0094692 0.0025719 -0.356135
0.00909577 0.00175036 -0.356025
0.00873662 0.000911617 -0.355831
0.00838096 9.31957e-05 -0.355535
0.00804834 -0.000681419 -0.355171
0.00775956 -0.00140568 -0.354736
0.00751886 -0.00207573 -0.354215
0.00733884 -0.00266996 -0.353615
0.00722171 -0.00318591 -0.352934
0.00716081 -0.00363918 -0.352164
0.00713322 -0.00403259 -0.351334
0.00713373 -0.0043696 -0.35046
0.00715234 -0.00465105 -0.349587
0.00714906 -0.00487378 -0.348723
0.00710835 -0.00505391 -0.347879
0.00703825 -0.00521348 -0.34709
0.0069737 -0.00533886 -0.346361
0.00693135 -0.00546671 -0.345679
0.00693685 -0.00559464 -0.345047
0.0069988 -0.00571731 -0.344463
0.00714904 -0.00583874 -0.343916
0.00737855 -0.00596537 -0.343426
0.00769164 -0.00611057 -0.342993
0.00803935 -0.00628314 -0.34261
0.00843284 -0.00649384 -0.342276
0.00883644 -0.00672379 -0.341992
0.00921236 -0.00698971 -0.341769
0.00953594 -0.00726304 -0.341615
0.0097983 -0.00756397 -0.341518
0.010032 -0.00789379 -0.341465
0.0102069 -0.00825633 -0.341454
0.0103194 -0.00866064 -0.341454
0.0103788 -0.00909296 -0.341459
0.0104119 -0.00954167 -0.341453
0.0104413 -0.00999311 -0.341452
0.0104251 -0.010427 -0.34145
0.0103553 -0.010845 -0.34146
0.0102019 -0.0112413 -0.341468
0.00999034 -0.0116131 -0.341502
0.00972465 -0.0119339 -0.341538
0.00937798 -0.0122134 -0.34159
0.00896864 -0.0124444 -0.34164
0.00852436 -0.0126403 -0.341689
0.0080844 -0.0128053 -0.341734
0.00763561 -0.0129446 -0.341782
0.00719546 -0.0130875 -0.341832
0.00678049 -0.0132338 -0.341892
0.00640117 -0.0133925 -0.34197
0.00604093 -0.0135435 -0.342055
0.00569585 -0.0136908 -0.34215
0.00540078 -0.0138402 -0.342269
0.00513105 -0.0139723 -0.342419
0.0049006 -0.0140662 -0.342573
0.00468993 -0.0141229 -0.342734
0.00449776 -0.0141179 -0.342873
0.00433825 -0.0140531 -0.343002
0.00419614 -0.0139711 -0.343119
0.00407239 -0.0139138 -0.343232
0.00395669 -0.0139133 -0.343344
0.00383251 -0.0139876 -0.343442
0.00370211 -0.0141236 -0.343538
0.00355828 -0.0142905 -0.343637
0.00336918 -0.0144491 -0.34372
0.00314837 -0.014579 -0.343817
0.00287052 -0.0146767 -0.34392
0.00255725 -0.0147535 -0.344034
0.0022016 -0.0148206 -0.344148
0.00181041 -0.0148902 -0.344253
0.00140376 -0.0149961 -0.34434
0.0010129 -0.0151515 -0.344405
0.000655704 -0.0153338 -0.344446
0.000314045 -0.0155578 -0.344472
6.48781e-06 -0.0157882 -0.344503
-0.000277747 -0.0159704 -0.344536
-0.000570837 -0.0160791 -0.344576
-0.000899796 -0.0161223 -0.344619
-0.00125416 -0.0161177 -0.344686
-0.0016167 -0.0161124 -0.344779
-0.00201005 -0.0161237 -0.34493
-0.00245468 -0.0161717 -0.345093
-0.0029225 -0.0162554 -0.345265
-0.00337561 -0.0163409 -0.345469
-0.00384389 -0.0163862 -0.3457
-0.00429759 -0.0163762 -0.345955
-0.00473919 -0.016313 -0.346242
-0.00514982 -0.0162028 -0.346523
-0.00552637 -0.0161016 -0.346799
-0.00587756 -0.016017 -0.347073
-0.00620083 -0.0159511 -0.347367
-0.00652652 -0.0158885 -0.347672
-0.00686326 -0.0158322 -0.347994
-0.00722533 -0.0157545 -0.348356
-0.00763022 -0.0156464 -0.348761
-0.00808757 -0.0154975 -0.34921
-0.00855743 -0.0153261 -0.349718
-0.00901092 -0.0151417 -0.350264
-0.00943945 -0.0149736 -0.350828
-0.00982072 -0.0148427 -0.351394
-0.0101375 -0.0147638 -0.351952
-0.010374 -0.0147359 -0.352484
-0.0105308 -0.0147167 -0.353004
-0.0106661 -0.0146557 -0.353524
-0.0107961 -0.014546 -0.354052
-0.0109513 -0.0144049 -0.354611
-0.0111511 -0.0142994 -0.355205
-0.0114062 -0.0142602 -0.355856
-0.0117422 -0.0142972 -0.356536
-0.012123 -0.0144162 -0.357201
-0.0125184 -0.0146082 -0.357819
-0.0129035 -0.0148334 -0.358376
-0.0132632 -0.0150602 -0.35885
-0.0136239 -0.0153101 -0.359269
-0.0139667 -0.015608 -0.359639
-0.0143428 -0.0159669 -0.35998
-0.014674 -0.01627 -0.360312
-0.0148425 -0.0163352 -0.360609
-0.0147305 -0.0160094 -0.360868
-0.0140339 -0.0149272 -0.361068
-0.0130443 -0.0135019 -0.361191
-0.0117656 -0.0117248 -0.361254
-0.0102485 -0.00960283 -0.36128
-0.00857272 -0.00723785 -0.3613
-0.00684468 -0.00478138 -0.361303
-0.0051336 -0.00218158 -0.361293
-0.00352229 0.000414415 -0.361264
-0.00217132 0.00273932 -0.361188
-0.00102928 0.00492665 -0.361057
-0.000124523 0.00693898 -0.360854
0.000568781 0.00873211 -0.360603
0.00108929 0.0102399 -0.360315
0.00144812 0.0114407 -0.359987
0.0016576 0.0123195 -0.359625
0.00173425 0.0128997 -0.35922
0.00197547 0.0136121 -0.358773
0.00208879 0.0139937 -0.358268
0.00207876 0.0141286 -0.357679
0.00172913 0.0138688 -0.357008
0.0012609 0.0135584 -0.356253
0.000672247 0.0132493 -0.355429
-3.30243e-05 0.0130069 -0.354597
-0.000824077 0.0128276 -0.35377
-0.00151608 0.0128692 -0.352944
-0.0021913 0.0128586 -0.352114
-0.00285148 0.0127894 -0.351332
-0.00346514 0.01267 -0.35057
-0.00397309 0.012517 -0.349803
-0.00435211 0.0123762 -0.349082
-0.00461185 0.01224 -0.348436
-0.00485425 0.011828 -0.347876
-0.00499838 0.0113682 -0.347365
-0.00505074 0.010826 -0.346932
-0.00499892 0.0101904 -0.346542
-0.00474948 0.00966749 -0.346202
-0.00440995 0.00904154 -0.345928
-0.0039977 0.00836514 -0.345713
-0.00350673 0.0076604 -0.34555
-0.00315455 0.00677431 -0.345462
-0.00277509 0.00588537 -0.345466
-0.00239011 0.00502141 -0.345574
-0.00198826 0.00419224 -0.34578
-0.0015785 0.00340324 -0.34608
-0.00112975 0.00266413 -0.346473
-0.000475803 0.00201481 -0.346955
0.000182614 0.00139333 -0.347504
0.00082504 0.000792517 -0.348119
0.00146933 0.000236206 -0.348795
0.00209578 -0.000258104 -0.349534
0.00268757 -0.000656411 -0.35034
0.0032652 -0.000958458 -0.35122
0.00378365 -0.00118256 -0.352157
0.00428614 -0.00131756 -0.353147
0.00474649 -0.00138811 -0.354211
0.00513568 -0.00141962 -0.355313
0.00548372 -0.00140558 -0.356415
0.00577463 -0.00137734 -0.357498
0.00600887 -0.00132942 -0.35854
0.00619189 -0.00125003 -0.359535
0.00630936 -0.00114455 -0.360466
0.00636142 -0.00101309 -0.361323
0.00633721 -0.000852965 -0.362095
0.00624425 -0.000685567 -0.362779
0.00607276 -0.00055272 -0.363366
0.00585534 -0.00044945 -0.363888
0.00558347 -0.000384487 -0.364339
0.00526308 -0.000341834 -0.364721
0.00494526 -0.000326795 -0.365014
0.00461381 -0.000355769 -0.365227
0.00429235 -0.000421197 -0.365405
0.00397923 -0.000492821 -0.365531
0.0036673 -0.000569012 -0.365631
0.00340028 -0.000653731 -0.365706
0.00320557 -0.000763171 -0.365776
0.00306407 -0.000887178 -0.365844
0.00298131 -0.00102258 -0.365913
0.00299552 -0.00119898 -0.365995
0.00310049 -0.00140922 -0.366066
0.0033405 -0.00163624 -0.366143
0.00369404 -0.00184219 -0.366231
0.00410073 -0.00199719 -0.36633
0.00459186 -0.00208441 -0.366443
0.00518392 -0.00211186 -0.366601
0.00582108 -0.00211714 -0.366769
0.00647446 -0.00208985 -0.366956
0.00713856 -0.00203171 -0.367144
0.00779799 -0.00194973 -0.367338
0.00845325 -0.00185365 -0.367522
0.00908717 -0.00176168 -0.367699
0.0096831 -0.00168264 -0.36787
0.0102186 -0.00157595 -0.368012
0.0107232 -0.00142377 -0.368108
0.0111511 -0.00124609 -0.368219
0.0115226 -0.00105878 -0.368283
0.0118464 -0.000848259 -0.368334
0.0121017 -0.000594725 -0.368375
0.0122999 -0.00033111 -0.368402
0.0124492 -0.000111732 -0.368435
0.012547 2.76337e-05 -0.368456
0.0125804 9.46736e-05 -0.368457
0.0125804 0.000112963 -0.368445
0.0125483 0.00012115 -0.368439
0.0125142 7.82518e-05 -0.368418
0.0124593 1.97088e-05 -0.368406
0.0124215 -5.42724e-05 -0.368393
0.0124001 -0.000115692 -0.368382
0.0123809 -0.000171297 -0.368383
0.012407 -0.000224429 -0.3684
0.0124571 -0.000294522 -0.368439
0.0124898 -0.00043816 -0.368501
0.0125166 -0.000628208 -0.36858
0.0125294 -0.000836498 -0.368684
0.0125589 -0.00105021 -0.368799
0.0126461 -0.00121813 -0.368914
0.0127712 -0.00129322 -0.36905
0.0129291 -0.00132242 -0.369209
0.0130677 -0.00134494 -0.369353
0.0132206 -0.00134893 -0.369515
0.0134506 -0.00135218 -0.369675
0.0136954 -0.00137187 -0.36984
0.0139972 -0.00142164 -0.370009
0.0142996 -0.00142636 -0.370169
0.0146286 -0.00138181 -0.370335
0.015002 -0.00132638 -0.370475
0.0153997 -0.00125301 -0.370575
0.0158211 -0.00114245 -0.37064
0.0162159 -0.00104216 -0.370668
0.0166473 -0.00100461 -0.370669
0.017115 -0.00101708 -0.370658
0.0175511 -0.000987404 -0.370594
0.018008 -0.000918788 -0.370463
0.0184787 -0.000856709 -0.370294
0.0189838 -0.000860284 -0.370084
0.0194766 -0.000878887 -0.369833
0.0199135 -0.000905938 -0.369533
0.020306 -0.000872795 -0.369182
0.0206134 -0.000759547 -0.368751
0.0208877 -0.000647347 -0.368262
0.0211209 -0.000641699 -0.36771
0.0213118 -0.000768316 -0.36713
0.0214813 -0.000972673 -0.366558
0.0216379 -0.00122906 -0.366
0.0218506 -0.00157983 -0.365497
0.0220863 -0.00200415 -0.365044
0.0222991 -0.00248081 -0.364665
0.0225134 -0.00301023 -0.364319
0.0226958 -0.00361143 -0.364025
0.0228717 -0.00423518 -0.363772
0.0230314 -0.00490496 -0.363558
0.0231801 -0.00565749 -0.36337
0.0233202 -0.00650227 -0.363209
0.0234286 -0.00736875 -0.363068
0.0235881 -0.00825149 -0.362952
0.0237746 -0.00912603 -0.362862
0.0239842 -0.00999068 -0.362809
0.0242048 -0.0107964 -0.362806
0.0240418 -0.0110197 -0.362861
0.0237169 -0.010891 -0.362965
0.0231469 -0.0103289 -0.363099
0.0223184 -0.00929517 -0.363273
0.0212252 -0.00779525 -0.363433
0.0198575 -0.00590327 -0.363568
0.0182975 -0.00372242 -0.363651
0.0166151 -0.00137882 -0.363702
0.0149062 0.00109325 -0.363749
0.0132156 0.00362539 -0.363798
0.0117485 0.00601862 -0.363876
0.0105051 0.00828844 -0.364002
0.00950388 0.0103929 -0.364173
0.00869803 0.0123076 -0.364386
0.00804288 0.0140241 -0.364683
0.00750048 0.0155272 -0.365048
0.00704549 0.0167999 -0.365492
0.00666625 0.0177978 -0.366038
0.00638478 0.0184667 -0.36667
0.0059137 0.0192233 -0.367381
0.00560401 0.0196013 -0.368164
0.00551145 0.0197163 -0.368985
0.00585773 0.0194724 -0.369862
0.00641286 0.0191588 -0.370776
0.00712289 0.018803 -0.37171
0.00792549 0.0184368 -0.37267
0.00881316 0.018077 -0.373666
0.00976222 0.0177702 -0.374668
0.0105578 0.0176992 -0.375684
0.0113458 0.0176413 -0.376683
0.012048 0.0175585 -0.377647
0.012615 0.0174448 -0.378562
0.0130348 0.0172926 -0.379426
0.0133208 0.0171133 -0.380232
0.0134934 0.0169123 -0.380962
0.0135706 0.0166895 -0.381651
0.0136285 0.0164347 -0.382275
0.013713 0.0161344 -0.382864
0.0137737 0.0157538 -0.383404
0.0138087 0.0152781 -0.383874
0.0137887 0.0147144 -0.384278
0.0136955 0.0140551 -0.384606
0.0135093 0.0133215 -0.384822
0.0134144 0.0124107 -0.384972
0.013231 0.0114897 -0.385029
0.0129686 0.0106225 -0.385015
0.0126513 0.00979363 -0.384922
0.0120989 0.0090314 -0.384751
0.0115801 0.00825287 -0.384484
0.0111172 0.00749515 -0.384133
0.0107108 0.00677435 -0.383705
0.010369 0.00609571 -0.383188
0.0100656 0.00548609 -0.382597
0.00977737 0.00495855 -0.381929
0.00949945 0.00453743 -0.381173
0.00923448 0.00420896 -0.380334
0.00897744 0.00397334 -0.379441
0.00872405 0.0038074 -0.378513
0.00848781 0.00369108 -0.377571
0.00831716 0.00363122 -0.376646
0.00818481 0.0036272 -0.375755
0.00811995 0.00367058 -0.374898
0.00811422 0.00376163 -0.374097
0.00816246 0.00389271 -0.373366
0.00827338 0.00402969 -0.372702
0.0084537 0.00415826 -0.372084
0.00870756 0.00427711 -0.371511
0.00900389 0.00437478 -0.37099
0.00935508 0.00443993 -0.370547
0.00976612 0.00448031 -0.37018
0.0102086 0.00451224 -0.369889
0.0106596 0.00453836 -0.369655
0.011111 0.00453591 -0.369472
0.0115448 0.00449992 -0.369332
0.0119644 0.00445135 -0.369227
0.0123675 0.00438271 -0.369138
0.0127231 0.00426975 -0.369037
0.0130424 0.0041109 -0.368932
0.0133231 0.00391587 -0.368825
0.0135557 0.00369352 -0.368724
0.0137249 0.00346259 -0.368643
0.0137944 0.00322301 -0.368591
0.0137802 0.00298627 -0.368548
0.0136755 0.00278273 -0.368524
0.0134748 0.0026289 -0.368519
0.0132014 0.00252002 -0.368503
0.0128797 0.00243978 -0.368471
0.0125078 0.00238645 -0.368408
0.0121164 0.00235154 -0.368327
0.0117155 0.00230158 -0.368244
0.0113106 0.00222937 -0.36816
0.0109267 0.00215211 -0.368062
0.0105523 0.0020853 -0.367993
0.0101967 0.00205938 -0.367953
0.00987011 0.00207097 -0.367929
0.0095799 0.00210989 -0.367917
0.00931931 0.00218696 -0.367928
0.00909058 0.00229696 -0.367956
0.00889403 0.00243062 -0.367991
0.0087351 0.00256036 -0.368042
0.00860562 0.00266346 -0.368109
0.00850345 0.00273135 -0.368201
0.00842122 0.00276128 -0.368311
0.00835114 0.0027404 -0.368432
0.00830868 0.00268908 -0.368562
0.00827969 0.00264483 -0.368708
0.00825318 0.00263454 -0.36887
0.00822252 0.0026585 -0.369028
0.00818026 0.0026998 -0.369156
0.00812537 0.00275376 -0.369261
0.00804922 0.00279717 -0.369347
0.00796715 0.00278629 -0.369412
0.00788599 0.00272864 -0.369471
0.00776922 0.00264168 -0.369517
0.00764123 0.00254769 -0.369547
0.00746329 0.00248519 -0.369567
0.00723093 0.0024714 -0.369618
0.00694125 0.00253232 -0.36967
0.00661512 0.00262544 -0.369726
0.00625548 0.00271398 -0.369788
0.00587175 0.00277854 -0.369868
0.0055135 0.00279942 -0.369937
0.00517914 0.00279521 -0.370005
0.00486893 0.00280451 -0.370043
0.00456422 0.00285868 -0.370095
0.00426525 0.00296302 -0.37017
0.00395788 0.00311922 -0.370273
0.00358446 0.00328978 -0.370404
0.00316419 0.00342839 -0.37058
0.00268643 0.00351597 -0.370795
0.00216896 0.00356219 -0.371059
0.00159266 0.0035941 -0.371377
0.000975172 0.0036458 -0.371742
0.000343923 0.00372358 -0.372142
-0.000262631 0.0037845 -0.372566
-0.000819658 0.00380905 -0.372973
-0.00132137 0.00381736 -0.373397
-0.00174963 0.00384588 -0.373833
-0.00210569 0.00393226 -0.374275
-0.00241709 0.00404816 -0.374744
-0.0026268 0.00415085 -0.375235
-0.00283497 0.00419067 -0.375741
-0.00308257 0.00416959 -0.376251
-0.00349276 0.00411518 -0.376757
-0.0040085 0.00399666 -0.377279
-0.00450589 0.00376057 -0.377765
-0.0050544 0.00340697 -0.378237
-0.00562496 0.00293786 -0.378651
-0.00618905 0.0023909 -0.379015
-0.00672187 0.00177861 -0.379311
-0.00722463 0.00110344 -0.379536
-0.00766987 0.000392745 -0.37971
-0.00825584 -0.000443937 -0.379832
-0.00875337 -0.0013201 -0.379917
-0.00915761 -0.00220521 -0.379988
-0.00952564 -0.00307297 -0.380032
-0.00990191 -0.00393073 -0.380072
-0.0101089 -0.00458684 -0.380114
-0.0103552 -0.00518893 -0.380146
-0.0105916 -0.00566508 -0.380171
-0.0107672 -0.00591362 -0.380183
-0.0107906 -0.0058305 -0.380181
-0.0105607 -0.00530611 -0.380173
-0.00999575 -0.00427983 -0.380163
-0.00907326 -0.0027631 -0.380145
-0.0078161 -0.000859991 -0.380119
-0.00637733 0.00129659 -0.38009
-0.00478198 0.00365802 -0.380061
-0.00314348 0.00608118 -0.380031
-0.00156356 0.00847076 -0.379995
-0.000151896 0.0107569 -0.379952
0.00087053 0.0127047 -0.379891
0.00163301 0.0144804 -0.379777
0.00214465 0.0160887 -0.379628
0.00244236 0.0175071 -0.379448
0.00257274 0.0187103 -0.379244
0.00257425 0.0196558 -0.378994
0.00250553 0.0203425 -0.378696
0.00261968 0.0212426 -0.378339
0.00272107 0.0218153 -0.377899
0.00279567 0.0220451 -0.377381
0.00282114 0.0220071 -0.376774
0.00279354 0.0218193 -0.376075
0.00246412 0.0214295 -0.375311
0.00219847 0.0211868 -0.374507
0.0017825 0.0210022 -0.373713
0.0012269 0.0208895 -0.372927
0.000561129 0.0208118 -0.372167
-9.80996e-05 0.02073 -0.371444
-0.000678163 0.020602 -0.370757
-0.00117784 0.020452 -0.370092
-0.00156966 0.0202645 -0.369452
-0.00184623 0.020061 -0.368839
-0.00200141 0.0198384 -0.368263
-0.00206034 0.0196157 -0.367749
-0.00202918 0.0193499 -0.367284
-0.00191002 0.0190235 -0.366872
-0.00170297 0.0186205 -0.366481
-0.00144898 0.0181623 -0.366118
-0.0012004 0.0176304 -0.365809
-0.000987278 0.0170441 -0.365542
-0.00082689 0.0164304 -0.365332
-0.00069218 0.0157943 -0.36517
-0.000601465 0.0151282 -0.365092
-0.000527219 0.0144331 -0.365087
-0.000437178 0.0137083 -0.365163
-0.000334784 0.0129797 -0.365308
-0.000188747 0.0122681 -0.365488
-1.56169e-05 0.0116115 -0.365736
0.000206133 0.0110008 -0.366036
0.000462353 0.0104217 -0.366397
0.000697313 0.00986055 -0.366823
0.000883885 0.00933925 -0.367315
0.00101504 0.00885418 -0.367884
0.00107098 0.00839265 -0.368541
0.00108514 0.00798839 -0.369252
0.00102555 0.00765104 -0.370027
0.000915294 0.00739092 -0.370859
0.000792465 0.00719459 -0.37173
0.000678932 0.00706786 -0.372613
0.000576639 0.00699208 -0.373497
0.00050449 0.00693799 -0.37436
0.000471104 0.00690415 -0.375199
0.000455318 0.00689318 -0.376004
0.000444921 0.00688459 -0.376743
0.000413188 0.00689124 -0.377427
0.000345579 0.00688197 -0.378048
0.000219 0.00685922 -0.378579
5.23405e-05 0.00682964 -0.379071
-0.000138741 0.00677658 -0.379502
-0.000370756 0.00670903 -0.379889
-0.000659314 0.00663377 -0.380256
-0.000940212 0.00655953 -0.3806
-0.00117206 0.00648509 -0.380911
-0.00136297 0.00638711 -0.381181
-0.00150063 0.00624469 -0.381421
-0.00157552 0.00603891 -0.381616
-0.00158163 0.00576353 -0.381791
-0.00152883 0.0054531 -0.381949
-0.0014417 0.00512702 -0.382089
-0.00133209 0.00478241 -0.382231
-0.00118685 0.00443908 -0.382373
-0.0010046 0.00412061 -0.382521
-0.000814595 0.0038462 -0.382677
-0.000608504 0.00358516 -0.382819
-0.000360215 0.00334395 -0.382958
-4.79846e-05 0.00315289 -0.383092
0.000264716 0.00298755 -0.383238
0.000564798 0.00278303 -0.383412
0.000867285 0.00255277 -0.383588
0.00118497 0.00232371 -0.383743
0.00149309 0.00211839 -0.383871
0.00179053 0.00196975 -0.384001
0.00203828 0.00185312 -0.384105
0.00225864 0.00174046 -0.384172
0.00246108 0.00161022 -0.384229
0.00263647 0.00149167 -0.384307
0.00279807 0.00137802 -0.384406
0.00292335 0.00124949 -0.384519
0.00304598 0.00114698 -0.384631
0.00317909 0.00106408 -0.384702
0.0033072 0.000957634 -0.384766
0.00344528 0.000827385 -0.384815
0.00362406 0.000681754 -0.38485
0.00380985 0.00052194 -0.384872
0.00401886 0.000332637 -0.38489
0.00427634 9.5868e-05 -0.384928
0.00451169 -0.000156009 -0.384975
0.00477477 -0.000382461 -0.385035
0.00503752 -0.000604262 -0.3851
0.00529583 -0.000827718 -0.385135
0.00556938 -0.00108481 -0.385147
0.00584895 -0.00138685 -0.385148
0.00615682 -0.001712 -0.385129
0.00644784 -0.00204882 -0.385103
0.00673013 -0.00235769 -0.385065
0.00702382 -0.00266986 -0.385007
0.00730838 -0.00294898 -0.384932
0.00761552 -0.00315381 -0.384837
0.0078787 -0.00333644 -0.384747
0.00810605 -0.00353244 -0.384681
0.00835185 -0.00372888 -0.384613
0.00859959 -0.00396679 -0.384553
0.00886916 -0.00421403 -0.384495
0.00913795 -0.00441876 -0.384431
0.00941563 -0.00458385 -0.384366
0.00970182 -0.00471618 -0.38429
0.00997034 -0.00479725 -0.384184
0.0102692 -0.00489734 -0.384061
0.0105977 -0.00502694 -0.383921
0.0109385 -0.0051369 -0.383766
0.0113383 -0.00531285 -0.383582
0.0117397 -0.0055371 -0.383395
0.01212 -0.00571413 -0.383181
0.0124882 -0.00581137 -0.382969
0.012887 -0.00586187 -0.38274
0.0133303 -0.00595416 -0.382487
0.0137144 -0.00604908 -0.382214
0.0140608 -0.00613502 -0.381897
0.0143667 -0.00621355 -0.381531
0.0146605 -0.00625003 -0.381139
0.0149952 -0.00625997 -0.380716
0.0153325 -0.00634318 -0.380275
0.0157013 -0.00650518 -0.379855
0.0160969 -0.00671795 -0.379461
0.0165703 -0.00703247 -0.379111
0.016889 -0.00745586 -0.378838
0.0172287 -0.0080057 -0.378638
0.0175925 -0.0086284 -0.378493
0.0178934 -0.00932354 -0.378412
0.0181013 -0.0100349 -0.378374
0.0184563 -0.0109128 -0.378374
0.0187708 -0.0118084 -0.378406
0.0190806 -0.0126963 -0.378435
0.0193583 -0.0135642 -0.378462
0.0195769 -0.0144388 -0.378491
0.0197803 -0.0153167 -0.378545
0.0199626 -0.0162116 -0.378593
0.0198941 -0.0167873 -0.378661
0.0197956 -0.0172532 -0.378742
0.0195841 -0.0174822 -0.378805
0.019205 -0.0173368 -0.378888
0.0185673 -0.0167333 -0.379024
0.0176483 -0.0156592 -0.37916
0.016448 -0.0141513 -0.379296
0.0149688 -0.0122827 -0.379405
0.0133257 -0.0101557 -0.379476
0.0116173 -0.00791943 -0.379498
0.00988133 -0.00560793 -0.379497
0.00823512 -0.00328855 -0.379512
0.00687752 -0.0010518 -0.379551
0.0057315 0.00113895 -0.379654
0.00478911 0.00325314 -0.379828
0.00404182 0.00520993 -0.380092
0.00348113 0.00696318 -0.380445
0.00308321 0.00850278 -0.380906
0.00279149 0.00978296 -0.381474
0.00261116 0.0107673 -0.382146
0.00260981 0.0114521 -0.382884
0.00245046 0.0123393 -0.383689
0.00249093 0.0128507 -0.384556
0.00272249 0.012999 -0.385459
0.00341288 0.0126194 -0.386402
0.00426397 0.0121349 -0.387367
0.00525093 0.0115814 -0.388346
0.00632356 0.0109378 -0.389332
0.00745789 0.0102015 -0.3903
0.00856247 0.00936606 -0.391207
0.00957644 0.00845467 -0.392068
0.0103612 0.0077277 -0.392894
0.010996 0.006994 -0.393673
0.0114717 0.00624474 -0.394416
0.0118001 0.00551783 -0.395109
0.0120123 0.00483186 -0.395714
0.0123015 0.00398913 -0.396225
0.0125516 0.00313804 -0.396657
0.0127785 0.00229115 -0.397017
0.0129877 0.00143885 -0.397328
0.01297 0.000679397 -0.397588
0.0128834 -8.19553e-05 -0.397789
0.0127166 -0.000852482 -0.397954
0.0124555 -0.00163746 -0.398077
0.0123142 -0.00257794 -0.398159
0.012111 -0.00349568 -0.39819
0.0118796 -0.00441025 -0.398173
0.0116288 -0.00529492 -0.398112
0.011398 -0.00613546 -0.397996
0.0111928 -0.00693977 -0.397825
0.0107967 -0.00765354 -0.397598
0.0104217 -0.00833794 -0.397311
0.0101091 -0.00898975 -0.396961
0.0098196 -0.00962386 -0.396552
0.00954099 -0.0102499 -0.396096
0.00928097 -0.0108542 -0.395593
0.00906894 -0.011426 -0.395035
0.00888263 -0.0119287 -0.394437
0.00870753 -0.0123635 -0.393855
0.00856625 -0.0127473 -0.393271
0.00846401 -0.0130854 -0.392712
0.00840848 -0.0133916 -0.392175
0.00836861 -0.0136893 -0.391678
0.00835684 -0.0139865 -0.391196
0.00838362 -0.0143036 -0.390749
0.00847765 -0.0146379 -0.390347
0.00863222 -0.0149805 -0.389988
0.00885028 -0.0153148 -0.389688
0.00910098 -0.0156438 -0.389447
0.00940684 -0.015956 -0.389263
0.00976518 -0.0162794 -0.389148
0.010168 -0.016633 -0.389096
0.0105951 -0.0170204 -0.389093
0.0110367 -0.0174535 -0.389137
0.011488 -0.0179268 -0.389203
0.0119229 -0.0184271 -0.389278
0.0123295 -0.0189337 -0.389358
0.0126586 -0.0194473 -0.389429
0.0129163 -0.0199766 -0.389506
0.0130866 -0.0205028 -0.389594
0.0131676 -0.0209898 -0.389682
0.0131689 -0.0214497 -0.389752
0.0131008 -0.0218823 -0.389797
0.0129707 -0.0222869 -0.389818
0.0127828 -0.0226648 -0.389833
0.0125504 -0.023033 -0.389837
0.0122742 -0.0233896 -0.389841
0.0119729 -0.0237046 -0.389847
0.0116345 -0.0239864 -0.389847
0.0112799 -0.0242186 -0.389838
0.010905 -0.024394 -0.389814
0.0105343 -0.0245104 -0.389787
0.0101618 -0.024567 -0.38975
0.00979498 -0.0245899 -0.389711
0.00944751 -0.0246074 -0.389679
0.00911974 -0.024646 -0.389654
0.00881284 -0.0247102 -0.389647
0.00857098 -0.0248089 -0.389659
0.00837864 -0.0249151 -0.389675
0.0082236 -0.0250033 -0.389714
0.00812639 -0.02505 -0.389768
0.00806929 -0.0250492 -0.389847
0.00804947 -0.0249849 -0.389947
0.00805096 -0.0248708 -0.390054
0.00807116 -0.0247541 -0.39017
0.0080929 -0.0246499 -0.390298
0.00810186 -0.0245601 -0.390427
0.00807913 -0.0245093 -0.390547
0.00801235 -0.0245161 -0.390663
0.00790149 -0.0245726 -0.390753
0.00775736 -0.0246839 -0.390854
0.00758028 -0.0248191 -0.390962
0.00739781 -0.0249416 -0.391089
0.00723103 -0.0250307 -0.391209
0.00707949 -0.0251077 -0.391308
0.00694098 -0.0251831 -0.391382
0.00680182 -0.025259 -0.391413
0.00666317 -0.0253344 -0.3914
0.00651198 -0.0254294 -0.391387
0.00632823 -0.0255462 -0.391374
0.00607256 -0.0256863 -0.391377
0.00573879 -0.0258296 -0.391406
0.00537267 -0.0259415 -0.391467
0.00496289 -0.0260058 -0.391561
0.00451785 -0.0260166 -0.391688
0.00405632 -0.0259481 -0.391809
0.00364777 -0.0258183 -0.391916
0.00329882 -0.0256654 -0.392009
0.00301425 -0.0255527 -0.392088
0.00277786 -0.0254817 -0.392177
0.00257214 -0.0254165 -0.392277
0.00234677 -0.0253139 -0.3924
0.00206398 -0.0251475 -0.392568
0.00171615 -0.0249076 -0.392795
0.00130616 -0.0246185 -0.393064
0.000837226 -0.0243195 -0.393392
0.000318813 -0.0240322 -0.393766
-0.000230548 -0.0237698 -0.39417
-0.000775779 -0.0235253 -0.394595
-0.0012744 -0.0232978 -0.39503
-0.00169841 -0.0230395 -0.395467
-0.00204335 -0.0227543 -0.395902
-0.0022939 -0.0224265 -0.396307
-0.00247341 -0.0220689 -0.396708
-0.00260934 -0.0216739 -0.397127
-0.00271779 -0.0212663 -0.397564
-0.00287896 -0.0208605 -0.39806
-0.00308679 -0.0205019 -0.398602
-0.00332907 -0.0202042 -0.399192
-0.00359606 -0.0199604 -0.399816
-0.00387822 -0.0197564 -0.400448
-0.00417487 -0.0196003 -0.401052
-0.00445735 -0.0195036 -0.401618
-0.00472532 -0.0194969 -0.402137
-0.00498417 -0.0195625 -0.402604
-0.00521814 -0.0196684 -0.403015
-0.00546806 -0.0197877 -0.40339
-0.00573647 -0.0199184 -0.403742
-0.00602512 -0.0200661 -0.404069
-0.00636163 -0.0202423 -0.404355
-0.00672842 -0.020488 -0.40459
-0.00712159 -0.0207468 -0.404756
-0.00745915 -0.0209288 -0.404874
-0.00760146 -0.0208478 -0.404902
-0.00748555 -0.0203479 -0.404865
-0.00678517 -0.0190232 -0.404786
-0.0057461 -0.0172817 -0.404672
-0.00438832 -0.0151818 -0.40455
-0.00281705 -0.012798 -0.404418
-0.00114333 -0.0102511 -0.404303
0.000518722 -0.00766981 -0.404214
0.00216689 -0.0049493 -0.404128
0.00369763 -0.00227082 -0.404033
0.00485885 9.18852e-05 -0.403921
0.00577563 0.00231672 -0.403776
0.00643149 0.00435853 -0.403591
0.00686517 0.00614708 -0.403371
0.00711025 0.00762809 -0.403106
0.00720006 0.00877472 -0.402818
0.00717967 0.00960269 -0.402521
0.00739862 0.0106087 -0.402196
0.00753564 0.0112803 -0.401843
0.00758598 0.0116566 -0.401445
0.0073144 0.0115494 -0.401002
0.00696226 0.0113661 -0.400499
0.0065371 0.0111719 -0.399961
0.00603289 0.0109699 -0.399393
0.00547464 0.0108021 -0.398815
0.00486426 0.010688 -0.398195
0.00427001 0.0107986 -0.397576
0.00365455 0.010902 -0.396973
0.00305626 0.0109557 -0.396383
0.00254107 0.0110014 -0.395821
0.00214326 0.011038 -0.395303
0.00192088 0.0110762 -0.394832
0.00190562 0.0110959 -0.394405
0.00197359 0.0108047 -0.39404
0.00218264 0.0104407 -0.393699
0.00253659 0.0102172 -0.393383
0.00297134 0.00994346 -0.393095
0.00343659 0.00962426 -0.392883
0.00393025 0.00923457 -0.392742
0.00440974 0.00879261 -0.392659
0.00493734 0.00830813 -0.392654
0.00531034 0.00763207 -0.39275
0.00571936 0.00694424 -0.392921
0.00618715 0.00625651 -0.39315
0.00669356 0.0055943 -0.393447
0.00723422 0.00497208 -0.393795
0.00780771 0.00441635 -0.394201
0.00856532 0.00396718 -0.394667
0.00932186 0.00357586 -0.395197
0.010047 0.00320963 -0.395785
0.0107212 0.00288566 -0.396435
0.0113448 0.00260921 -0.397166
0.0118943 0.00238725 -0.397969
0.0123777 0.00223309 -0.39886
0.012796 0.002161 -0.399804
0.013177 0.00219098 -0.400779
0.0135265 0.00232232 -0.40178
0.0138646 0.0025261 -0.402788
0.0141945 0.0027896 -0.403775
0.0144982 0.00307988 -0.404719
0.0147669 0.00336659 -0.405618
0.0150077 0.00365093 -0.406463
0.0151815 0.00392982 -0.407228
0.0152855 0.00421743 -0.407928
0.0153332 0.00448884 -0.408545
0.0152755 0.00476628 -0.409096
0.0151721 0.00504069 -0.409571
0.0150355 0.00528863 -0.409995
0.0148494 0.00551731 -0.410371
0.0146473 0.00571235 -0.410693
0.0144224 0.00587561 -0.410962
0.014206 0.00601832 -0.411185
0.0140336 0.00612596 -0.411354
0.0138891 0.00620277 -0.411488
0.0137906 0.00621415 -0.411583
0.0137649 0.00617305 -0.411662
0.0137826 0.00613195 -0.411724
0.0138821 0.00609485 -0.411782
0.0140503 0.0060514 -0.411838
0.014288 0.00598662 -0.411913
0.0145895 0.00590138 -0.412006
0.0149559 0.00581831 -0.412102
0.0153748 0.00576447 -0.412237
0.0158545 0.00572751 -0.412386
0.0163833 0.00567871 -0.412548
0.0169502 0.00562384 -0.412714
0.0175337 0.00558585 -0.412893
0.018091 0.00556721 -0.413081
0.0186773 0.00561362 -0.413265
0.0192455 0.00571233 -0.41343
0.0197695 0.00583615 -0.413593
0.020233 0.00594063 -0.41375
0.0206403 0.00604554 -0.413909
0.0210126 0.00614662 -0.414061
0.0213104 0.00620875 -0.414216
0.0215217 0.00624509 -0.414341
0.0216388 0.00629529 -0.414438
0.0217045 0.00640031 -0.414521
0.0216984 0.00654767 -0.414588
0.021632 0.00671579 -0.414654
0.0214977 0.00689183 -0.414726
0.0213297 0.00703072 -0.414788
0.0211597 0.00713256 -0.414851
0.0209677 0.00717334 -0.414912
0.0207973 0.00713538 -0.414981
0.0206143 0.00703185 -0.415049
0.0204421 0.00688837 -0.41512
0.0203236 0.00674132 -0.4152
0.020223 0.00663052 -0.415274
0.020154 0.00656146 -0.415351
0.020095 0.00648815 -0.415457
0.020066 0.00640205 -0.415591
0.0200411 0.00627143 -0.415753
0.0199842 0.00612065 -0.41595
0.0199156 0.00593874 -0.41617
0.019854 0.00577864 -0.416383
0.0198405 0.005649 -0.416585
0.0198738 0.00559009 -0.416778
0.0199136 0.00561073 -0.416936
0.0200271 0.00566003 -0.417082
0.0201817 0.00574384 -0.417195
0.020347 0.00582724 -0.417299
0.0205104 0.00587974 -0.417393
0.0206627 0.00594053 -0.417461
0.0208263 0.00598348 -0.417525
0.0209907 0.0060191 -0.417576
0.0211744 0.00611339 -0.417613
0.0213974 0.00625901 -0.417621
0.0216036 0.00639991 -0.417604
0.0218431 0.00647503 -0.417557
0.0220751 0.00651107 -0.417476
0.0222952 0.00654149 -0.417377
0.0225308 0.00657499 -0.417242
0.022751 0.00659629 -0.417065
0.0229869 0.00661677 -0.416807
0.0232228 0.00663741 -0.416474
0.0234829 0.00662589 -0.416072
0.0237963 0.00659389 -0.41562
0.024105 0.00655976 -0.41516
0.0244583 0.00647521 -0.414716
0.0248049 0.0062926 -0.414288
0.02517 0.00603756 -0.413891
0.0253974 0.00556893 -0.41352
0.0255719 0.00494618 -0.413173
0.0257374 0.00418287 -0.412864
0.0258903 0.00332839 -0.412582
0.0260894 0.0024009 -0.412342
0.0263 0.00143375 -0.41213
0.026473 0.000385477 -0.411958
0.0268528 -0.000763333 -0.411837
0.0271917 -0.00197824 -0.411765
0.0274762 -0.00323277 -0.411702
0.0277044 -0.00452132 -0.411663
0.0278981 -0.00580324 -0.41164
0.027963 -0.00682928 -0.411635
0.0280544 -0.00777183 -0.41163
0.0281543 -0.00859937 -0.411614
0.0282411 -0.00928779 -0.411571
0.0282461 -0.00980755 -0.411526
0.0281282 -0.0100418 -0.411504
0.0277702 -0.00987662 -0.411524
0.0271651 -0.00921989 -0.411594
0.026271 -0.00806962 -0.411692
0.0250815 -0.00646741 -0.411808
0.0236491 -0.00450308 -0.411905
0.0220315 -0.002279 -0.411964
0.020304 7.56496e-05 -0.412009
0.0185618 0.0025396 -0.412041
0.0169312 0.00503386 -0.412061
0.0154603 0.00753411 -0.412087
0.0143624 0.00982108 -0.412153
0.0135091 0.0119585 -0.412253
0.0128876 0.0138837 -0.412425
0.0124303 0.0156217 -0.41266
0.0120798 0.0171607 -0.412972
0.0117894 0.0184441 -0.413384
0.0115261 0.0194016 -0.413887
0.0113161 0.020025 -0.414504
0.0109264 0.0207723 -0.415232
0.0106712 0.0211272 -0.416059
0.0105738 0.0212203 -0.416961
0.0106528 0.0211211 -0.417891
0.0109212 0.0208816 -0.418839
0.0116314 0.0203766 -0.419807
0.0124544 0.0198365 -0.420804
0.0133689 0.0193007 -0.421825
0.0143495 0.0188224 -0.422871
0.0153613 0.0183945 -0.423925
0.0161953 0.0182181 -0.424979
0.0169415 0.0180654 -0.426026
0.017529 0.0179003 -0.42703
0.0179434 0.0176803 -0.427995
0.0182135 0.017421 -0.428905
0.0183934 0.0171272 -0.429739
0.0185136 0.0167999 -0.430533
0.0185889 0.0164522 -0.43126
0.0186663 0.0160499 -0.431952
0.0187645 0.0155871 -0.432599
0.0188931 0.0150218 -0.433186
0.0190069 0.0143452 -0.433692
0.0190746 0.0135641 -0.434107
0.0190544 0.012707 -0.434442
0.0189273 0.0118042 -0.434703
0.0187129 0.0108616 -0.434887
0.0184482 0.00989614 -0.434955
0.0181373 0.00892504 -0.434937
0.017776 0.00793438 -0.434836
0.0174281 0.00693249 -0.434646
0.0171332 0.00593161 -0.434372
0.0168578 0.00496878 -0.433995
0.0166171 0.00407594 -0.433513
0.0164162 0.00327498 -0.432961
0.0162397 0.00255285 -0.432334
0.0160796 0.00190577 -0.431616
0.0159425 0.0013312 -0.430798
0.0158303 0.0008381 -0.429908
0.0157449 0.00043289 -0.428969
0.0156776 0.000100619 -0.427999
0.0156335 -0.000135871 -0.427012
0.0156308 -0.00029845 -0.426054
0.0156552 -0.000408715 -0.425142
0.0157161 -0.000485114 -0.424286
0.0158458 -0.000536953 -0.42348
0.0160167 -0.000574201 -0.42273
0.0162661 -0.000631681 -0.422028
0.0165992 -0.000712582 -0.421392
0.0170071 -0.000800714 -0.420812
0.0174765 -0.000889479 -0.420305
0.0180116 -0.000998213 -0.419873
0.0185872 -0.00112591 -0.41953
0.019182 -0.00127055 -0.419239
0.0197748 -0.00143007 -0.419007
0.0203417 -0.00159513 -0.418823
0.0208886 -0.00177768 -0.418681
0.0214035 -0.00200412 -0.418577
0.0218767 -0.00229629 -0.418483
0.0223187 -0.00264794 -0.418401
0.022685 -0.00303715 -0.41833
0.0229783 -0.00344035 -0.418276
0.0232232 -0.00384039 -0.418258
0.023381 -0.00423183 -0.418267
0.0234514 -0.00460564 -0.418301
0.0234433 -0.00492205 -0.418339
0.0233559 -0.00519284 -0.418383
0.0231997 -0.00543903 -0.418421
0.0229647 -0.00567928 -0.418452
0.022675 -0.00590549 -0.418476
0.0223584 -0.00613177 -0.4185
0.0220233 -0.00635865 -0.418519
0.0216888 -0.00660628 -0.418543
0.0213564 -0.00685516 -0.418574
0.0210641 -0.00707891 -0.418601
0.0208076 -0.00725854 -0.418641
0.0205694 -0.00738843 -0.418692
0.0203531 -0.00746016 -0.418764
0.0201406 -0.00750648 -0.418841
0.0199474 -0.00753734 -0.418946
0.0197915 -0.00756251 -0.419067
0.0196429 -0.00761124 -0.4192
0.0195253 -0.00767283 -0.419341
0.0194398 -0.00774564 -0.419501
0.0193708 -0.00782409 -0.419644
0.0193384 -0.00791416 -0.41979
0.0193215 -0.00801324 -0.419934
0.0193058 -0.0081326 -0.420074
0.0193078 -0.00821223 -0.4202
0.0192956 -0.00824707 -0.420316
0.0192463 -0.00826562 -0.420414
0.0191628 -0.00830241 -0.420521
0.0190299 -0.00837743 -0.420603
0.0188427 -0.00849306 -0.420678
0.0186072 -0.00863489 -0.420761
0.0183266 -0.00879324 -0.420826
0.0180197 -0.00895143 -0.420899
0.0177077 -0.00908371 -0.42096
0.0173952 -0.0091632 -0.421004
0.0171115 -0.00919742 -0.421013
0.0168435 -0.00920088 -0.420975
0.016595 -0.00920721 -0.42092
0.016345 -0.00923426 -0.420885
0.0160524 -0.00930903 -0.420871
0.0157201 -0.00942305 -0.420899
0.0153445 -0.00952659 -0.420984
0.0148765 -0.00958116 -0.421139
0.0143381 -0.00958235 -0.421329
0.0137683 -0.00954002 -0.42154
0.0131987 -0.00947375 -0.42177
0.0126259 -0.00940752 -0.422013
0.0120819 -0.00935792 -0.422257
0.0115848 -0.00933519 -0.422487
0.0111519 -0.00934621 -0.422722
0.0107464 -0.00934347 -0.42298
0.0103438 -0.0092809 -0.423272
0.00992895 -0.00917322 -0.4236
0.0094895 -0.00905869 -0.423974
0.00900482 -0.00897742 -0.424392
0.00848757 -0.00892927 -0.424854
0.00796122 -0.00887543 -0.425365
0.00744544 -0.0087635 -0.425918
0.00696221 -0.00858585 -0.426508
0.00652377 -0.0084102 -0.427106
0.00612657 -0.00832636 -0.427679
0.00588897 -0.00831725 -0.428202
0.00554035 -0.00842745 -0.428643
0.00516479 -0.00858636 -0.429027
0.00474415 -0.00880009 -0.429344
0.00434352 -0.00899524 -0.429609
0.00385744 -0.00925866 -0.429831
0.00330396 -0.00957516 -0.430027
0.00269211 -0.0099128 -0.430208
0.00206747 -0.0102918 -0.430374
0.00144243 -0.0107016 -0.430527
0.000619771 -0.0112713 -0.430643
-0.000147568 -0.0118743 -0.430722
-0.000827403 -0.0124942 -0.430751
-0.00144078 -0.0131207 -0.430733
-0.00202057 -0.013781 -0.430686
-0.00232377 -0.0141824 -0.430612
-0.0025582 -0.0144932 -0.430509
-0.00268456 -0.0145794 -0.430385
-0.00264615 -0.014317 -0.43024
-0.00237986 -0.013593 -0.430093
-0.00184782 -0.0123906 -0.429979
-0.00100913 -0.0107529 -0.429883
0.000122236 -0.00877953 -0.429814
0.00139874 -0.00658649 -0.429796
0.00280329 -0.00422347 -0.429813
0.00427612 -0.00180579 -0.429838
0.00563273 0.000417256 -0.429854
0.00684502 0.00253297 -0.42985
0.00786235 0.00454534 -0.429811
0.00865193 0.00643217 -0.42971
0.00920753 0.00814694 -0.429541
0.00954152 0.00962253 -0.429339
0.00965474 0.0108045 -0.429098
0.00959255 0.011652 -0.428819
0.00969033 0.0126811 -0.428521
0.00962746 0.0133962 -0.428184
0.00944496 0.0138262 -0.427789
0.00916383 0.014024 -0.427334
0.00880076 0.0140483 -0.4268
0.00821355 0.0137505 -0.426156
0.00758023 0.0134286 -0.425424
0.00704009 0.0132609 -0.424625
0.0064521 0.0130713 -0.423778
0.00581446 0.0128789 -0.422909
0.00511926 0.0126836 -0.422072
0.00443648 0.0124765 -0.421294
0.00384722 0.0122399 -0.420563
0.00339077 0.0119668 -0.419897
0.00307428 0.0116622 -0.419286
0.00294786 0.0113357 -0.41873
0.0030013 0.0109852 -0.418211
0.00315636 0.0106145 -0.417743
0.00342081 0.010229 -0.417323
0.00374578 0.00982226 -0.416971
0.00412443 0.00938689 -0.416693
0.00449739 0.00886291 -0.416508
0.00492161 0.00826504 -0.416363
0.00534955 0.00764287 -0.416262
0.00576343 0.00700621 -0.416218
0.00602367 0.00627241 -0.416225
0.00628363 0.00556739 -0.416283
0.00673711 0.00500086 -0.416408
0.00720614 0.00446612 -0.416599
0.00765502 0.00395488 -0.416846
0.00806582 0.00347313 -0.417157
0.00845675 0.00299958 -0.417543
0.0087891 0.00257287 -0.418006
0.00905873 0.0021992 -0.418526
0.00923555 0.00185986 -0.419117
0.00934098 0.00155769 -0.419766
0.0094299 0.00131436 -0.420505
0.00948746 0.00112352 -0.421304
0.00954046 0.000988985 -0.422139
0.00959348 0.000896585 -0.422993
0.00965554 0.00082209 -0.423879
0.00971108 0.000766776 -0.424752
0.00980553 0.000719704 -0.425607
0.00989455 0.0007013 -0.42643
0.00998616 0.000701601 -0.427232
0.0100846 0.000724767 -0.428002
0.010163 0.000753012 -0.42873
0.0102084 0.000792716 -0.429429
0.0102044 0.000822382 -0.430085
0.010172 0.000822632 -0.430687
0.0101134 0.000810197 -0.431228
0.0100201 0.000765213 -0.431706
0.00995807 0.000653425 -0.432132
0.00991766 0.000517168 -0.432485
0.00987937 0.000368547 -0.432773
0.00985898 0.000214544 -0.433002
0.00987102 3.94952e-05 -0.433167
0.00991508 -0.000156108 -0.433287
0.00999671 -0.000390712 -0.433375
0.0101125 -0.00066382 -0.433454
0.0102333 -0.000952665 -0.43353
0.0103726 -0.00126816 -0.433615
0.0105436 -0.00160059 -0.433697
0.0107428 -0.00196792 -0.433814
0.0109664 -0.0023345 -0.433944
0.011224 -0.00263449 -0.434061
0.0115058 -0.00289398 -0.434152
0.0118494 -0.00313333 -0.434235
0.0122511 -0.00336166 -0.434312
0.0126641 -0.00357177 -0.434384
0.0130781 -0.00378358 -0.434452
0.0134685 -0.00398971 -0.434545
0.0138874 -0.00419051 -0.434629
0.0142628 -0.00437421 -0.434727
0.0146199 -0.00450985 -0.434824
0.014923 -0.00460698 -0.434933
0.0151718 -0.00469244 -0.435022
0.0154144 -0.00476075 -0.435098
0.0156106 -0.00484627 -0.43517
0.0157496 -0.00494932 -0.435228
0.0158759 -0.00502981 -0.435263
0.0160041 -0.00505724 -0.435281
0.0160902 -0.00507068 -0.4353
0.0161418 -0.00507795 -0.43532
0.0162049 -0.00507346 -0.435327
0.016257 -0.00507361 -0.435341
0.0163087 -0.00509635 -0.435377
0.0163544 -0.00513282 -0.435435
0.0163853 -0.00520427 -0.435511
0.0164668 -0.00534336 -0.435594
0.0165462 -0.00555292 -0.435674
0.0166426 -0.00584435 -0.435738
0.016745 -0.00617175 -0.435791
0.0168881 -0.00649851 -0.435825
0.017073 -0.00679883 -0.435853
0.0172258 -0.00709554 -0.435883
0.0173703 -0.00741204 -0.435914
0.0175309 -0.0077078 -0.435946
0.0176978 -0.00801448 -0.435992
0.0178779 -0.00836138 -0.436029
0.0180019 -0.00868663 -0.436069
0.018099 -0.00902352 -0.436111
0.018163 -0.00936196 -0.43612
0.0182266 -0.00962139 -0.436088
0.0183582 -0.00979372 -0.436038
0.0185047 -0.0099284 -0.435962
0.0186591 -0.0100098 -0.435897
0.0187821 -0.0100776 -0.435837
0.0188939 -0.0101613 -0.43577
0.0190302 -0.0103093 -0.435711
0.019144 -0.0104746 -0.435664
0.0192834 -0.0106103 -0.435639
0.019413 -0.0107024 -0.435598
0.0195184 -0.0107587 -0.435518
0.0196863 -0.0108244 -0.43542
0.0198833 -0.0108898 -0.435304
0.0200879 -0.0109821 -0.435168
0.0202782 -0.01112 -0.435009
0.0205124 -0.0112438 -0.434817
0.0208157 -0.0113777 -0.434602
0.0211063 -0.0115609 -0.434373
0.0213955 -0.0117372 -0.434142
0.021642 -0.0118589 -0.433914
0.0218288 -0.0119361 -0.433673
0.0219953 -0.0119642 -0.433427
0.0220797 -0.0119585 -0.433143
0.0220951 -0.0119211 -0.432806
0.022059 -0.0119234 -0.432418
0.0220351 -0.0120159 -0.432008
0.0220742 -0.0121833 -0.431568
0.0221579 -0.0124564 -0.431115
0.0223083 -0.0128203 -0.430693
0.0224771 -0.0132022 -0.430308
0.0226605 -0.0135909 -0.429978
0.0228639 -0.0140105 -0.429694
0.0230403 -0.014462 -0.429466
0.0231948 -0.0149353 -0.429253
0.0232891 -0.0154259 -0.429048
0.0233915 -0.0159929 -0.428849
0.0235417 -0.0165777 -0.428662
0.0236948 -0.0171823 -0.42849
0.0238897 -0.0178106 -0.428326
0.0240908 -0.0184333 -0.428182
0.0241883 -0.018965 -0.428094
0.0238255 -0.0188044 -0.428071
0.0232129 -0.0182726 -0.428123
0.0223651 -0.0173299 -0.428229
0.021226 -0.0160066 -0.428355
0.0198068 -0.0143037 -0.428503
0.0181498 -0.0122803 -0.428637
0.0163405 -0.0100106 -0.42874
0.0144769 -0.00758249 -0.428822
0.0126161 -0.00503511 -0.428901
0.0110429 -0.00262186 -0.428972
0.00970534 -0.000301341 -0.429082
0.00861394 0.00187822 -0.429268
0.00773853 0.00388181 -0.429542
0.00705762 0.00568248 -0.429919
0.00654096 0.00728486 -0.430412
0.00612749 0.00867502 -0.431003
0.00580083 0.00978995 -0.431668
0.00559437 0.0105743 -0.432429
0.00518588 0.01151 -0.433273
0.00501221 0.0120908 -0.434149
0.00509944 0.0123664 -0.435082
0.00569429 0.0120627 -0.436052
0.00645599 0.0115994 -0.437057
0.00735609 0.0110884 -0.438067
0.00835889 0.010592 -0.439094
0.00943438 0.0101156 -0.440121
0.0105295 0.00959971 -0.441112
0.0113987 0.00926349 -0.44202
0.012216 0.00883129 -0.442866
0.0129108 0.00828119 -0.443653
0.0134489 0.00769809 -0.444388
0.013802 0.00711539 -0.445084
0.0140144 0.0065569 -0.445731
0.0141228 0.00603005 -0.446326
0.0143079 0.0053376 -0.446841
0.0144707 0.00465058 -0.447242
0.0146448 0.00393041 -0.447558
0.0146456 0.00332827 -0.447814
0.0145677 0.00264138 -0.448
0.0143722 0.00190064 -0.448128
0.0140349 0.0011054 -0.448206
0.0137462 0.000174373 -0.448232
0.013344 -0.000760007 -0.448215
0.0128379 -0.00166992 -0.448128
0.0122763 -0.00255213 -0.447988
0.0117281 -0.00339931 -0.447798
0.0112464 -0.00421871 -0.447553
0.0108469 -0.00501339 -0.447214
0.0102781 -0.00571961 -0.446774
0.00977591 -0.00635409 -0.446283
0.00934225 -0.00694529 -0.445712
0.0089546 -0.00752119 -0.445065
0.00860474 -0.00805442 -0.444387
0.00825652 -0.00851626 -0.443674
0.00787792 -0.00893182 -0.442943
0.00747281 -0.00928359 -0.442215
0.00704996 -0.00956652 -0.441483
0.0066645 -0.00978682 -0.440766
0.00633392 -0.0099563 -0.44007
0.0060978 -0.0101055 -0.439419
0.00597206 -0.0102439 -0.438806
0.00594124 -0.0103823 -0.438239
0.00602704 -0.0105138 -0.437704
0.00621322 -0.0106529 -0.437221
0.00650996 -0.0108127 -0.436807
0.00687216 -0.0110009 -0.43646
0.00726164 -0.0112098 -0.43619
0.00766181 -0.011436 -0.435984
0.00805343 -0.0116726 -0.435867
0.00845247 -0.0119037 -0.435824
0.00883835 -0.0121503 -0.435861
0.00920441 -0.0124285 -0.43592
0.00956144 -0.012756 -0.435993
0.00994534 -0.0131206 -0.436061
0.0103436 -0.0134988 -0.436124
0.0107093 -0.0138836 -0.436165
0.0110318 -0.0142514 -0.436194
0.0112948 -0.014611 -0.436209
0.0114696 -0.0149257 -0.436214
0.0115313 -0.0151952 -0.436206
0.0114679 -0.0154159 -0.436193
0.0112876 -0.0156142 -0.436182
0.0110082 -0.0158001 -0.436152
0.0106471 -0.0159786 -0.436124
0.0102336 -0.0161387 -0.43609
0.00978742 -0.0162839 -0.436035
0.00934082 -0.0164016 -0.435981
0.0089138 -0.0164684 -0.435919
0.00850366 -0.0164765 -0.435834
0.00810946 -0.0164039 -0.435749
0.00774024 -0.0162688 -0.435641
0.00740226 -0.0161141 -0.435512
0.00709594 -0.0159506 -0.435386
0.00680438 -0.0158074 -0.435303
0.00653508 -0.015707 -0.435247
0.00629869 -0.0156389 -0.435225
0.0060845 -0.0155769 -0.435261
0.00591151 -0.0154838 -0.435335
0.00579203 -0.0153412 -0.435451
0.00574443 -0.0151438 -0.43558
0.00576452 -0.0149093 -0.435707
0.00584326 -0.0146648 -0.435838
0.00596803 -0.0144241 -0.435953
0.00611728 -0.0141999 -0.436068
0.00626556 -0.0140127 -0.436186
0.00639558 -0.0138717 -0.436301
0.00649528 -0.0137956 -0.436409
0.00655458 -0.0137603 -0.436508
0.00656184 -0.0137239 -0.436612
0.00649896 -0.0136783 -0.436737
0.00640869 -0.0136218 -0.43689
0.00630637 -0.0135415 -0.437042
0.00621002 -0.0134386 -0.43716
0.00614744 -0.0133346 -0.437244
0.00612851 -0.0132416 -0.437288
0.00614754 -0.0131667 -0.437257
0.00615786 -0.0130996 -0.437176
0.00614792 -0.013063 -0.437063
0.00608579 -0.0130507 -0.436964
0.00596992 -0.0130123 -0.436905
0.00575857 -0.012938 -0.436905
0.00544192 -0.0128179 -0.436932
0.00507108 -0.0126517 -0.436998
0.00466096 -0.0124574 -0.437082
0.00423045 -0.0122727 -0.43718
0.00382872 -0.012118 -0.43727
0.00348622 -0.0119908 -0.437347
0.00319807 -0.0118374 -0.437415
0.00295259 -0.0116315 -0.437466
0.00273922 -0.0113868 -0.437534
0.00252597 -0.0111042 -0.437635
0.00228214 -0.0108091 -0.437785
0.00198192 -0.0105155 -0.437976
0.00162754 -0.0102388 -0.438219
0.00120892 -0.00997711 -0.438511
0.000736121 -0.00971596 -0.438875
0.000223119 -0.00946441 -0.439305
-0.000288693 -0.00921349 -0.439791
-0.00074016 -0.0089576 -0.440293
-0.00111833 -0.0086841 -0.440801
-0.00140977 -0.00839686 -0.441305
-0.00160486 -0.0081045 -0.441783
-0.00170656 -0.00781457 -0.442272
-0.00173227 -0.00755719 -0.442772
-0.00173805 -0.00732799 -0.443287
-0.0017491 -0.00709916 -0.443849
-0.00180249 -0.00687641 -0.444459
-0.00195087 -0.00670748 -0.445113
-0.00217424 -0.00665133 -0.445749
-0.00247787 -0.00670874 -0.446354
-0.00283892 -0.0068385 -0.446913
-0.00320337 -0.00698201 -0.447396
-0.0035854 -0.00713623 -0.447803
-0.00394613 -0.00731782 -0.448145
-0.00429464 -0.0075332 -0.448438
-0.00465771 -0.00780934 -0.448685
-0.00505813 -0.00815703 -0.448927
-0.00548404 -0.00855433 -0.449142
-0.00588808 -0.00897579 -0.449311
-0.00616921 -0.00928442 -0.449392
-0.00598005 -0.00895853 -0.449393
-0.00553702 -0.00823071 -0.449333
-0.00479799 -0.00704673 -0.449232
-0.0037691 -0.0054148 -0.449111
-0.00249441 -0.00341185 -0.448991
-0.00107663 -0.00116529 -0.448892
0.000379172 0.00128699 -0.448818
0.00181532 0.00377562 -0.448751
0.00307389 0.00596876 -0.448696
0.00414565 0.00802866 -0.448615
0.0050045 0.00993345 -0.448489
0.00565722 0.0116799 -0.448336
0.00613727 0.0132465 -0.44816
0.00648464 0.0145927 -0.447976
0.00673924 0.015668 -0.447776
0.00694824 0.0164647 -0.447538
0.00736519 0.0174254 -0.447275
0.00771416 0.0181082 -0.446984
0.00800642 0.0185794 -0.446631
0.00822941 0.0188942 -0.44623
0.00834273 0.0190801 -0.445782
0.00834752 0.0191522 -0.445305
0.00802107 0.0190162 -0.4448
0.00759425 0.0189126 -0.444277
0.00720365 0.0190384 -0.443728
0.00674237 0.019226 -0.443157
0.00625712 0.0194491 -0.442552
0.00575158 0.0196788 -0.441941
0.00527742 0.0198868 -0.441355
0.00489072 0.02006 -0.440811
0.00463778 0.0202441 -0.440316
0.00452906 0.0203859 -0.43986
0.00456214 0.0204355 -0.439446
0.00473487 0.0203995 -0.439048
0.0050168 0.0203323 -0.438644
0.00536453 0.0202226 -0.438242
0.00572527 0.0200653 -0.437872
0.00607104 0.0198332 -0.437546
0.00635589 0.0195439 -0.437286
0.00660542 0.0191962 -0.437108
0.0068591 0.0187839 -0.437011
0.00713038 0.0183129 -0.437006
0.00746098 0.0178451 -0.437051
0.00784791 0.0173833 -0.437148
0.00830025 0.0169104 -0.437296
0.00881353 0.0164477 -0.437479
0.00936847 0.0159919 -0.437725
0.00995437 0.0155519 -0.438023
0.0105178 0.0151343 -0.438374
0.01104 0.0147552 -0.438777
0.0115036 0.0144399 -0.439249
0.0118722 0.0141774 -0.439813
0.0121739 0.0139662 -0.440464
0.0123926 0.0138129 -0.441211
0.0125815 0.013705 -0.442033
0.0127517 0.0136325 -0.442925
0.0129162 0.0136038 -0.443856
0.0131057 0.0136466 -0.444808
0.0133432 0.0137568 -0.445752
0.0135981 0.0138995 -0.446648
0.0138776 0.0140756 -0.447488
0.0141456 0.0142718 -0.448276
0.0143899 0.014496 -0.449014
0.0145622 0.0147355 -0.449718
0.014649 0.0149657 -0.450353
0.0146593 0.0151812 -0.450973
0.0145689 0.0153965 -0.451572
0.0144008 0.0155866 -0.452138
0.0142028 0.0157358 -0.452666
0.0140064 0.0158465 -0.45314
0.0138189 0.0159389 -0.453573
0.0136595 0.0160346 -0.453943
0.0135587 0.016124 -0.45426
0.0135172 0.016195 -0.454527
0.0135287 0.0162263 -0.454739
0.0135641 0.0162062 -0.454921
0.0136232 0.0161227 -0.455097
0.0136614 0.0159997 -0.455273
0.0137111 0.0158529 -0.455456
0.0137862 0.0156731 -0.455649
0.0138694 0.015498 -0.455861
0.0139749 0.0153528 -0.456081
0.0141499 0.0152214 -0.456298
0.0144101 0.0151026 -0.45651
0.0147341 0.0150288 -0.456707
0.0151006 0.0150073 -0.456908
0.0154811 0.0149985 -0.457118
0.0158784 0.0149736 -0.457324
0.0163019 0.0149454 -0.457525
0.0166435 0.0148903 -0.457743
0.0169388 0.0148114 -0.457962
0.0171637 0.0147226 -0.45816
0.0173655 0.014665 -0.458338
0.0175296 0.014637 -0.458509
0.017635 0.0146127 -0.458672
0.0177329 0.0145772 -0.458818
0.0178108 0.0145577 -0.458957
0.0178856 0.0145779 -0.45908
0.0179597 0.01463 -0.459186
0.0180122 0.0146885 -0.459264
0.0180429 0.0147205 -0.459331
0.0180898 0.0147014 -0.459395
0.0181108 0.0146195 -0.459441
0.0181368 0.0144538 -0.459489
0.01821 0.0142337 -0.459529
0.0182586 0.0140007 -0.459581
0.0183352 0.0137993 -0.459634
0.0184477 0.0136442 -0.459691
0.0186046 0.013473 -0.459747
0.0187924 0.013252 -0.459794
0.0189844 0.0129683 -0.459826
0.0191948 0.0126427 -0.459849
0.0194043 0.0122939 -0.459879
0.0195743 0.0119283 -0.459928
0.0197556 0.0115543 -0.459975
0.0199103 0.011239 -0.460017
0.020071 0.0109784 -0.460049
0.0202137 0.0107395 -0.460067
0.0203283 0.0105044 -0.460071
0.0204794 0.0102509 -0.460071
0.0205729 0.00999698 -0.460038
0.0206755 0.00976764 -0.459967
0.0207974 0.0095784 -0.4599
0.0209035 0.0094149 -0.459816
0.0210048 0.00927861 -0.459692
0.0210963 0.00916343 -0.459533
0.0212307 0.00904365 -0.459358
0.0214371 0.0088674 -0.459156
0.0216089 0.00868348 -0.458945
0.0217636 0.00851995 -0.458749
0.0219432 0.00837868 -0.45855
0.0221124 0.00825542 -0.45836
0.0222647 0.00812668 -0.458165
0.0223647 0.00796044 -0.457965
0.0224729 0.00777492 -0.457717
0.022587 0.00760581 -0.457438
0.0226875 0.00749538 -0.457113
0.0228185 0.00740448 -0.456748
0.0229899 0.00730977 -0.456345
0.0232623 0.00714374 -0.455929
0.0236119 0.0068915 -0.45553
0.0239855 0.00660023 -0.455148
0.0243919 0.00624626 -0.454806
0.0248237 0.00578573 -0.454498
0.0250782 0.0052135 -0.454229
0.0253015 0.00455605 -0.454017
0.0254687 0.00383404 -0.453863
0.0255895 0.00302843 -0.453756
0.0256659 0.00215189 -0.453682
0.0257503 0.00124694 -0.453627
0.0260329 0.000166422 -0.453585
0.0263088 -0.000958646 -0.45357
0.026568 -0.0020983 -0.453564
0.0267662 -0.00326629 -0.453576
0.0269775 -0.00440316 -0.453598
0.0270189 -0.00523672 -0.453607
0.0270772 -0.00596799 -0.453615
0.0271322 -0.00657743 -0.453607
0.0271089 -0.00705329 -0.453572
0.0269484 -0.00728542 -0.453543
0.026569 -0.00717772 -0.453553
0.0259188 -0.00662472 -0.453597
0.0249702 -0.00560651 -0.453665
0.0237198 -0.00413399 -0.453753
0.0222235 -0.00228354 -0.45383
0.0205375 -0.000150506 -0.453903
0.0187319 0.00214873 -0.453945
0.0168899 0.00455482 -0.453965
0.015114 0.00701478 -0.453996
0.0135107 0.00947241 -0.454031
0.0123391 0.0117318 -0.454097
0.0114408 0.0138395 -0.454198
0.0107615 0.0157336 -0.454343
0.0102596 0.0174218 -0.454556
0.0098946 0.018925 -0.454866
0.00964255 0.0202194 -0.455267
0.00944449 0.0212329 -0.45577
0.0092846 0.0219188 -0.45638
0.00889714 0.0227104 -0.45709
0.00861768 0.0231166 -0.45789
0.00848674 0.0232273 -0.458779
0.00851902 0.0231372 -0.459724
0.00902494 0.0227495 -0.460697
0.00969315 0.0223017 -0.46168
0.0104794 0.0218102 -0.462679
0.0113505 0.0213141 -0.463702
0.0122595 0.0208706 -0.464754
0.013042 0.0206719 -0.465814
0.013798 0.0205076 -0.46688
0.0144717 0.0203278 -0.467936
0.0149939 0.0201196 -0.468963
0.0153395 0.0198831 -0.469956
0.015544 0.0196193 -0.47088
0.015621 0.0193162 -0.471731
0.0155824 0.0189768 -0.472519
0.0155045 0.0185929 -0.473264
0.0154896 0.0181537 -0.473951
0.0154976 0.0176507 -0.47459
0.0155044 0.0170456 -0.475177
0.0155117 0.0163321 -0.475687
0.0155158 0.0155135 -0.476117
0.0154579 0.0146223 -0.476446
0.0154952 0.013561 -0.476685
0.0154416 0.0124843 -0.476837
0.0152912 0.0114283 -0.476911
0.0148572 0.0104593 -0.476911
0.0143813 0.00948379 -0.476815
0.013924 0.00849675 -0.476621
0.0135018 0.00751891 -0.476324
0.0131208 0.00656419 -0.475925
0.01283 0.00567298 -0.475406
0.0126174 0.00486636 -0.474804
0.0124435 0.00413947 -0.474127
0.0122721 0.00350346 -0.473356
0.0121057 0.00294774 -0.472489
0.0119382 0.00248878 -0.471556
0.011751 0.00211529 -0.470569
0.0115644 0.00181379 -0.469561
0.0114032 0.00157786 -0.468555
0.0112698 0.00141966 -0.46757
0.0112006 0.00132765 -0.466622
0.0111822 0.00127977 -0.465716
0.0112496 0.00125626 -0.464882
0.0113618 0.00125634 -0.464103
0.0115382 0.00125237 -0.463391
0.0117833 0.00125398 -0.462747
0.0120918 0.00123576 -0.46217
0.0124563 0.00120256 -0.461665
0.012855 0.00114765 -0.461235
0.0132773 0.00107279 -0.460876
0.0137227 0.000980055 -0.460595
0.0141651 0.00086821 -0.460371
0.0145757 0.000737643 -0.460179
0.0149652 0.000592381 -0.460003
0.01533 0.000421923 -0.459873
0.0156466 0.000212621 -0.459768
0.0159434 -4.51221e-05 -0.459691
0.0161895 -0.000348358 -0.459619
0.016402 -0.000687051 -0.459565
0.0165549 -0.00104918 -0.459523
0.0166068 -0.00142087 -0.459507
0.0165921 -0.00178879 -0.459504
0.0164876 -0.00209977 -0.459531
0.016291 -0.00237866 -0.459561
0.0160314 -0.00262809 -0.459593
0.0157176 -0.00284473 -0.459622
0.0153686 -0.00301817 -0.459637
0.0150096 -0.00316954 -0.459648
0.0146263 -0.00332259 -0.459661
0.0142392 -0.00350692 -0.45968
0.0138857 -0.00369431 -0.459713
0.0135391 -0.00384666 -0.459742
0.0132253 -0.00395986 -0.459785
0.0129318 -0.00403676 -0.459827
0.0126645 -0.00408876 -0.459872
0.012417 -0.00411035 -0.459944
0.012196 -0.00410194 -0.460018
0.0119894 -0.00405733 -0.460114
0.0117893 -0.00398716 -0.460223
0.011622 -0.00389747 -0.460329
0.0114889 -0.0038149 -0.460433
0.0113755 -0.00375782 -0.460538
0.0112563 -0.00374443 -0.460662
0.011153 -0.00377152 -0.460789
0.0110471 -0.00381925 -0.460914
0.0109464 -0.00386175 -0.461032
0.0108272 -0.00387849 -0.461149
0.0107027 -0.00386531 -0.461241
0.0105554 -0.0038314 -0.461318
0.0103836 -0.00378706 -0.461381
0.0101869 -0.00376864 -0.461415
0.00996108 -0.00378929 -0.461448
0.00970438 -0.0038436 -0.461482
0.00942139 -0.00392293 -0.461515
0.00912439 -0.00401732 -0.461541
0.00880177 -0.00409371 -0.461587
0.00846463 -0.00414151 -0.461658
0.00813989 -0.00414553 -0.461731
0.00782869 -0.00409563 -0.461797
0.00752151 -0.00403841 -0.461855
0.00723128 -0.00398684 -0.461886
0.00695376 -0.00395252 -0.46191
0.00668826 -0.00395261 -0.461928
0.00639033 -0.00397258 -0.461983
0.00606726 -0.00398687 -0.46208
0.00569356 -0.0039451 -0.462247
0.00525345 -0.00385161 -0.462485
0.00476224 -0.00370385 -0.46275
0.00422682 -0.00354769 -0.463032
0.00368307 -0.00343434 -0.463322
0.00314259 -0.00339637 -0.463629
0.00262522 -0.00338888 -0.463967
0.00213305 -0.00336919 -0.464318
0.00167401 -0.00331893 -0.46468
0.00124809 -0.00324761 -0.465047
0.00083752 -0.00317868 -0.465408
0.000447135 -0.0031159 -0.465774
5.3826e-05 -0.00307466 -0.46616
-0.000358551 -0.00302392 -0.466582
-0.000806005 -0.00296769 -0.467046
-0.00128902 -0.00293905 -0.467547
