%roll pitch yaw
0.00445451 0.0261961 -1.09534
0.00443939 0.0261873 -1.09541
0.00441893 0.0261827 -1.09546
0.00440183 0.0261793 -1.0955
0.00438222 0.0261798 -1.09554
0.00436483 0.0261746 -1.09559
0.00434559 0.026172 -1.09566
0.00431839 0.0261692 -1.09574
0.00429191 0.0261736 -1.09581
0.00427158 0.0261623 -1.09587
0.0042625 0.0261508 -1.09592
0.00425901 0.0261443 -1.09596
0.00426052 0.0261348 -1.09602
0.00426225 0.0261308 -1.09609
0.00426232 0.026114 -1.09614
0.00427041 0.0260971 -1.0962
0.00426907 0.0260994 -1.09628
0.00425578 0.0260972 -1.09638
0.00426274 0.0260879 -1.09647
0.00425781 0.0260758 -1.09656
0.00425842 0.0260654 -1.09664
0.00425497 0.0260626 -1.09671
0.0042516 0.0260549 -1.09678
0.00423546 0.0260413 -1.09684
0.00420842 0.0260452 -1.09689
0.00417852 0.0260471 -1.09694
0.00414514 0.0260541 -1.097
0.00412408 0.0260617 -1.09705
0.00410171 0.0260646 -1.09711
0.00406698 0.0260606 -1.09716
0.00403475 0.0260625 -1.09722
0.00401819 0.026059 -1.09729
0.00399475 0.0260527 -1.09735
0.00397607 0.0260381 -1.0974
0.00396314 0.026022 -1.09746
0.00394517 0.026016 -1.09755
0.00393398 0.0260207 -1.09763
0.00392903 0.0260093 -1.09771
0.00392914 0.0259966 -1.09779
0.00392989 0.0260059 -1.09786
0.00392848 0.0260122 -1.09792
0.00390937 0.0260103 -1.09798
0.00388134 0.0259965 -1.09805
0.00385344 0.025991 -1.09814
0.00382451 0.0259822 -1.09824
0.00378255 0.0259707 -1.09834
0.0037358 0.0259633 -1.09841
0.0037032 0.0259595 -1.09848
0.0036699 0.0259575 -1.09855
0.00363141 0.0259478 -1.09865
0.00359127 0.0259253 -1.09874
0.00355868 0.0259112 -1.09884
0.00353343 0.0259039 -1.09892
0.00352213 0.0259013 -1.099
0.00351145 0.0258949 -1.09908
0.00350529 0.0258904 -1.09915
0.00348888 0.0258884 -1.09924
0.00346672 0.0258942 -1.09932
0.003452 0.0258889 -1.09939
0.00343166 0.025884 -1.09946
0.0034195 0.0258845 -1.09952
0.00340961 0.0258794 -1.09958
0.00339138 0.0258748 -1.09964
0.00336687 0.0258679 -1.09969
0.00332317 0.0258582 -1.09975
0.00327636 0.025866 -1.09982
0.00322174 0.0258587 -1.09987
0.0031707 0.0258493 -1.09993
0.00312735 0.0258486 -1.09999
0.0030878 0.0258559 -1.10002
0.00304071 0.0258616 -1.10006
0.00299501 0.0258628 -1.10009
0.0029486 0.0258498 -1.10012
0.0029091 0.02584 -1.10016
0.00288612 0.0258368 -1.10021
0.00286946 0.0258469 -1.10027
0.00286195 0.0258608 -1.10034
0.00286776 0.0258683 -1.10039
0.00287751 0.0258722 -1.10044
0.00287973 0.0258714 -1.10051
0.00287309 0.0258562 -1.10058
0.00286028 0.0258447 -1.10067
0.00285133 0.0258423 -1.10076
0.00283262 0.0258421 -1.10084
0.00280871 0.0258399 -1.10092
0.00276763 0.0258323 -1.10098
0.00269997 0.0258315 -1.10105
0.00262695 0.0258302 -1.10112
0.00254169 0.0258239 -1.1012
0.00245426 0.0258123 -1.10127
0.00237871 0.0258092 -1.10134
0.00231442 0.0258023 -1.10142
0.00226649 0.0258045 -1.10147
0.00221261 0.0258056 -1.10153
0.00216393 0.0258062 -1.1016
0.00212229 0.0258093 -1.10166
0.00206962 0.0258099 -1.10173
0.00203557 0.0258084 -1.10181
0.00199898 0.0258143 -1.10188
0.00195296 0.0258192 -1.10196
0.00193615 0.0258124 -1.10202
0.00191834 0.0258071 -1.10207
0.00189639 0.0258009 -1.10213
0.00187722 0.0257989 -1.10219
0.00185583 0.025796 -1.10226
0.00183867 0.0258044 -1.10232
0.00182094 0.025806 -1.10237
0.00179834 0.025807 -1.10242
0.00175532 0.0258072 -1.10248
0.00170742 0.025798 -1.10255
0.00165044 0.0257896 -1.10261
0.00158455 0.0257788 -1.10268
0.00151199 0.0257778 -1.10275
0.00142425 0.0257817 -1.10282
0.00132558 0.0257757 -1.1029
0.0012293 0.0257706 -1.10296
0.00114392 0.0257687 -1.10302
0.00105892 0.0257645 -1.10308
0.000981778 0.0257449 -1.10316
0.000918596 0.0257353 -1.10324
0.000879378 0.0257287 -1.10331
0.000850036 0.0257271 -1.10337
0.000811326 0.0257326 -1.10344
0.000763756 0.0257354 -1.1035
0.000729105 0.0257433 -1.10356
0.000739869 0.0257631 -1.10363
0.00080996 0.0257862 -1.10368
0.000970526 0.0258086 -1.10371
0.00124552 0.0258231 -1.10375
0.00165458 0.0258231 -1.10381
0.00220788 0.0258098 -1.10385
0.00289153 0.0257839 -1.1039
0.00370396 0.0257442 -1.10394
0.00459235 0.0256786 -1.10398
0.00552978 0.0255941 -1.10402
0.00645766 0.0254844 -1.10406
0.00732956 0.0253681 -1.10411
0.00809226 0.0252423 -1.10413
0.00869531 0.0250979 -1.10413
0.00912284 0.0249483 -1.10409
0.0093886 0.0247582 -1.10401
0.00949393 0.024548 -1.10388
0.00945038 0.0243239 -1.10372
0.00928795 0.0240943 -1.10353
0.00902384 0.0238477 -1.10333
0.00872918 0.0235758 -1.10316
0.00844365 0.0232998 -1.10301
0.0081428 0.0230648 -1.10289
0.00774475 0.0229868 -1.10281
0.00733806 0.0230055 -1.10276
0.00694389 0.0231159 -1.10274
0.0065471 0.0233206 -1.10272
0.00614128 0.0236277 -1.1027
0.0058207 0.0239267 -1.1027
0.00543674 0.0242922 -1.1027
0.00499066 0.0247127 -1.1027
0.00454086 0.0251495 -1.10268
0.00411985 0.0255947 -1.10269
0.00374595 0.0260584 -1.1027
0.00346009 0.0265151 -1.10274
0.0032753 0.0269266 -1.10279
0.00320249 0.0272993 -1.10286
0.00324865 0.0276135 -1.10295
0.00340625 0.0278769 -1.10307
0.00365368 0.0280953 -1.1032
0.00397745 0.0282819 -1.10336
0.00436598 0.0284435 -1.10352
0.00479369 0.0285959 -1.10367
0.00525138 0.0287635 -1.1038
0.00573977 0.0289287 -1.10391
0.00625787 0.0290666 -1.10398
0.00680559 0.0291945 -1.10401
0.0073469 0.0292777 -1.10402
0.00787478 0.029305 -1.104
0.00837634 0.0292861 -1.10398
0.00881236 0.0292162 -1.10394
0.00918242 0.0291119 -1.10391
0.00932775 0.0289418 -1.10388
0.00952257 0.0287388 -1.10386
0.0096533 0.028512 -1.10385
0.00972826 0.0282502 -1.10388
0.00976272 0.0279394 -1.10394
0.00976082 0.0275998 -1.10402
0.00971434 0.0271913 -1.10412
0.00962944 0.026766 -1.10426
0.00948509 0.0263418 -1.10443
0.00928945 0.0259187 -1.10464
0.00905737 0.025519 -1.10491
0.00879834 0.0251295 -1.10524
0.00847978 0.0247484 -1.10561
0.00811614 0.0244112 -1.10604
0.00772514 0.024108 -1.10652
0.00735263 0.0238561 -1.10705
0.00702922 0.0236536 -1.10764
0.00674746 0.0234769 -1.10829
0.0065349 0.0233347 -1.10897
0.00638788 0.0232134 -1.10968
0.00632127 0.0231218 -1.11045
0.00636101 0.0230575 -1.11124
0.00646092 0.0230313 -1.11205
0.00659094 0.023038 -1.11288
0.00678751 0.0231609 -1.1137
0.00699995 0.0233046 -1.11448
0.00725267 0.0235574 -1.1152
0.00754056 0.0239832 -1.11584
0.00774005 0.0244958 -1.11636
0.00792752 0.025227 -1.11672
0.0081239 0.026093 -1.11692
0.00831521 0.0269655 -1.11697
0.00850383 0.027753 -1.11686
0.00870672 0.0284753 -1.11659
0.00894231 0.0291552 -1.1162
0.0091122 0.0297852 -1.11569
0.00921903 0.0303802 -1.11506
0.00930788 0.0308565 -1.11435
0.0093758 0.0312288 -1.11358
0.00937183 0.031434 -1.11273
0.00931662 0.0314941 -1.11184
0.0092781 0.0314626 -1.11089
0.00923176 0.0312434 -1.10994
0.0091632 0.0309022 -1.10901
0.00905962 0.0305203 -1.10813
0.00892014 0.030152 -1.10728
0.00875859 0.0297862 -1.10649
0.00861358 0.029389 -1.10576
0.00846935 0.0289689 -1.10512
0.00834711 0.028574 -1.10457
0.00823948 0.0282637 -1.10414
0.00813624 0.0280464 -1.10384
0.00804122 0.0279451 -1.10366
0.00795841 0.0279547 -1.10359
0.00789937 0.0280419 -1.10363
0.0078804 0.0281918 -1.10377
0.00789799 0.0284188 -1.10399
0.00793076 0.0287297 -1.10425
0.00796217 0.0290917 -1.10456
0.00800439 0.0294767 -1.1049
0.00805058 0.0298404 -1.10526
0.00808503 0.0301716 -1.10563
0.00811805 0.0304958 -1.10601
0.00815588 0.0308094 -1.10641
0.00817854 0.0311155 -1.10683
0.00817515 0.031359 -1.10727
0.00816725 0.0315141 -1.10771
0.00814719 0.0315962 -1.10817
0.00813428 0.0316392 -1.10863
0.00811116 0.0316627 -1.10908
0.0080826 0.0316852 -1.10953
0.00805293 0.0316835 -1.10996
0.00799847 0.0316421 -1.11039
0.00793815 0.0315395 -1.1108
0.00786575 0.0314219 -1.1112
0.0077998 0.0313237 -1.11158
0.00772138 0.0312531 -1.11196
0.00763759 0.0311968 -1.11234
0.00755276 0.0311786 -1.11271
0.00747185 0.0312175 -1.11306
0.00738432 0.0312679 -1.1134
0.00729636 0.0313331 -1.1137
0.00721135 0.03138 -1.11399
0.00711886 0.0314212 -1.11426
0.00704671 0.031488 -1.11452
0.00696914 0.0315813 -1.11476
0.00690177 0.0317184 -1.11497
0.00685185 0.0318849 -1.11515
0.00680451 0.0320309 -1.11528
0.00676603 0.0321705 -1.11536
0.00673545 0.0323102 -1.1154
0.00669878 0.0324603 -1.1154
0.00666942 0.0326095 -1.11536
0.00664474 0.0327665 -1.1153
0.00662288 0.0329285 -1.11521
0.00660023 0.0330916 -1.1151
0.00656988 0.03325 -1.11499
0.00654211 0.0334134 -1.11487
0.00652332 0.0335529 -1.11473
0.00651351 0.0336567 -1.11458
0.00651117 0.0337528 -1.11441
0.00648667 0.0338476 -1.11425
0.00646172 0.0339266 -1.1141
0.00646578 0.0339921 -1.11394
0.00644129 0.0340479 -1.11377
0.00640956 0.0341045 -1.11361
0.00640368 0.0341771 -1.11345
0.00638522 0.0342656 -1.1133
0.00635885 0.0343368 -1.11318
0.00634448 0.0343961 -1.11308
0.006321 0.0344502 -1.11301
0.00628596 0.0344904 -1.11297
0.00626161 0.0345235 -1.11296
0.00625327 0.0345714 -1.11298
0.00623197 0.0345898 -1.11303
0.00617969 0.034597 -1.11311
0.00613469 0.0346426 -1.1132
0.0060661 0.0347153 -1.11331
0.00598333 0.0347818 -1.11342
0.00587721 0.0348498 -1.11353
0.0057853 0.0349066 -1.11366
0.00569068 0.0349373 -1.11383
0.00560745 0.0349681 -1.11402
0.00554011 0.0350028 -1.11423
0.00549571 0.0350315 -1.11446
0.00544068 0.0350563 -1.1147
0.00540386 0.0350538 -1.11493
0.00539909 0.0350622 -1.11518
0.00538965 0.0350987 -1.11545
0.0053906 0.0351453 -1.11574
0.00536347 0.0351462 -1.11603
0.0053322 0.0351032 -1.11634
0.00528679 0.0350838 -1.11665
0.00523978 0.035093 -1.11696
0.00518473 0.0351045 -1.11722
0.00510971 0.035103 -1.11749
0.0050434 0.0351175 -1.11777
0.00501268 0.035152 -1.11803
0.00495749 0.035216 -1.11826
0.00488883 0.0352948 -1.1185
0.0048039 0.0353838 -1.11872
0.00471742 0.0355092 -1.11891
0.00460764 0.0356701 -1.11907
0.00451982 0.0358655 -1.11919
0.00438858 0.0360809 -1.11929
0.00422618 0.0362865 -1.11936
0.00411188 0.03647 -1.1194
0.00405519 0.0366415 -1.11941
0.00399271 0.0368223 -1.11938
0.00390433 0.036997 -1.11933
0.00385672 0.0371426 -1.1193
0.00382976 0.037229 -1.11926
0.0038084 0.0372533 -1.11921
0.0037825 0.0372996 -1.11917
0.00377533 0.0373707 -1.11915
0.00377331 0.037439 -1.11913
0.0037612 0.0374729 -1.11911
0.00380455 0.0374742 -1.11909
0.00384864 0.0374955 -1.11906
0.00386662 0.0375776 -1.11902
0.00391353 0.0376887 -1.11898
0.00400316 0.0377844 -1.11894
0.00408044 0.037864 -1.11891
0.00416619 0.03794 -1.11891
0.00427637 0.0379986 -1.1189
0.00437989 0.0380605 -1.1189
0.0044554 0.0381047 -1.11891
0.00451277 0.0380846 -1.11894
0.00457143 0.0380466 -1.11896
0.00466472 0.0380546 -1.119
0.00473129 0.0380902 -1.11903
0.0047805 0.0380929 -1.11906
0.00484521 0.0380442 -1.1191
0.00487635 0.0379669 -1.11914
0.00487431 0.0379442 -1.11919
0.00483337 0.0379837 -1.11922
0.00478862 0.0380559 -1.11925
0.00469484 0.0381494 -1.11928
0.00457384 0.0382238 -1.11929
0.00449197 0.0382877 -1.11928
0.00447121 0.0383727 -1.11925
0.00447841 0.0384353 -1.11921
0.00452092 0.0384118 -1.11915
0.00466033 0.0383241 -1.11905
0.00487791 0.0381927 -1.11895
0.00511937 0.0380158 -1.11883
0.00542282 0.0377673 -1.11873
0.00576916 0.0374025 -1.11864
0.00613705 0.0369173 -1.11857
0.00650921 0.0363403 -1.11849
0.00689212 0.0357274 -1.11838
0.0072647 0.0350675 -1.11826
0.00756398 0.0343797 -1.11812
0.00779125 0.0336893 -1.11798
0.00798114 0.0330221 -1.11784
0.00815692 0.0323471 -1.11771
0.00832506 0.0316602 -1.11759
0.00842894 0.0309949 -1.11751
0.00852499 0.0303476 -1.11746
0.00861557 0.0297102 -1.11742
0.00867484 0.0290889 -1.11739
0.00874431 0.0284848 -1.11737
0.00886145 0.0279201 -1.11734
0.00903065 0.0274376 -1.11728
0.00921363 0.0269783 -1.1172
0.00938905 0.0264875 -1.11712
0.00957272 0.0259688 -1.11702
0.00975127 0.0254579 -1.11695
0.00989786 0.0249663 -1.11687
0.0100115 0.024499 -1.11681
0.0101305 0.0240419 -1.11674
0.0102748 0.0236061 -1.11667
0.0104412 0.0231999 -1.1166
0.0105913 0.0227577 -1.11651
0.0107055 0.0222943 -1.11642
0.0108387 0.0218508 -1.11632
0.0110175 0.0214021 -1.11621
0.0112027 0.0209417 -1.11611
0.0113587 0.0204665 -1.11606
0.011523 0.0200058 -1.11603
0.011699 0.0195844 -1.11602
0.0118644 0.0191827 -1.11605
0.0120002 0.0187681 -1.11608
0.0121367 0.0183513 -1.1161
0.0123044 0.0179538 -1.11612
0.0124684 0.0175667 -1.11613
0.0126141 0.0171793 -1.11615
0.012749 0.0168016 -1.11617
0.0128846 0.0164441 -1.11619
0.0129893 0.0161061 -1.11621
0.013088 0.0157477 -1.11625
0.013221 0.0153447 -1.11631
0.0133871 0.0149555 -1.11639
0.0135352 0.0146226 -1.11649
0.0136413 0.0143107 -1.11659
0.0137041 0.0139862 -1.11668
0.0137783 0.01366 -1.11676
0.0139042 0.0133012 -1.11685
0.0140621 0.012914 -1.11691
0.0141792 0.0125689 -1.11695
0.0142679 0.0122701 -1.11701
0.0143755 0.0119741 -1.11707
0.0145504 0.0116537 -1.11715
0.0147423 0.011327 -1.11723
0.0148932 0.0110244 -1.1173
0.0150152 0.0107415 -1.11738
0.0151572 0.0104193 -1.11746
0.0153629 0.0100724 -1.11754
0.015599 0.00972328 -1.11763
0.0158157 0.00937188 -1.11772
0.0159844 0.00899078 -1.11781
0.0161252 0.00859689 -1.1179
0.0162638 0.00820588 -1.11799
0.0164213 0.00784307 -1.11808
0.0166043 0.00750983 -1.11815
0.0167957 0.00719039 -1.11822
0.0169668 0.00684959 -1.11827
0.0171041 0.00642963 -1.11831
0.0172418 0.00596824 -1.11834
0.0173906 0.00553638 -1.11837
0.0175632 0.00513835 -1.1184
0.0177762 0.0047446 -1.11843
0.0180151 0.00437789 -1.11848
0.0182234 0.00403204 -1.11851
0.0183727 0.00372429 -1.11852
0.0185064 0.00342794 -1.11853
0.0186507 0.0031244 -1.11852
0.0187717 0.00286054 -1.11851
0.0187899 0.00277821 -1.1185
0.0186547 0.00304596 -1.11852
0.0183224 0.00380876 -1.11861
0.0177348 0.00509709 -1.11875
0.0166756 0.0071534 -1.11892
0.0153733 0.00951648 -1.11908
0.0138711 0.012087 -1.1192
0.0122076 0.014769 -1.11927
0.0103635 0.0175343 -1.11925
0.00839926 0.0204137 -1.11911
0.00647293 0.0234265 -1.11891
0.00473763 0.0265863 -1.11868
0.00326111 0.0299055 -1.11849
0.00190427 0.0336655 -1.11842
0.00102037 0.0370911 -1.1185
0.000469827 0.0402147 -1.11875
0.000244937 0.042769 -1.11912
0.000306171 0.0446203 -1.11959
0.000587214 0.0457808 -1.12012
0.00103035 0.0463184 -1.12065
0.00158102 0.0463429 -1.12117
0.0021962 0.0459757 -1.1217
0.00286313 0.0453049 -1.12224
0.00351396 0.0444319 -1.12281
0.00399418 0.0437814 -1.12339
0.00441582 0.0430776 -1.124
0.00485405 0.042114 -1.12469
0.00519515 0.0412513 -1.12544
0.00545443 0.0405557 -1.12625
0.00568912 0.0400532 -1.12716
0.00590364 0.0397583 -1.12813
0.00611791 0.0396395 -1.12913
0.00637894 0.0396048 -1.13013
0.00672849 0.0396003 -1.1311
0.00714645 0.0395782 -1.13205
0.00737348 0.0398274 -1.13298
0.00763559 0.0400069 -1.13389
0.00818546 0.0396218 -1.13476
0.00876795 0.0390254 -1.13559
0.00911853 0.0386521 -1.13638
0.00937327 0.0380914 -1.13713
0.00959873 0.0373591 -1.13783
0.00979972 0.0365279 -1.13847
0.00991958 0.0356971 -1.13904
0.00991774 0.0348502 -1.13953
0.00977847 0.0340074 -1.13994
0.00950765 0.0332636 -1.14023
0.0091211 0.0327018 -1.14042
0.00863567 0.0323069 -1.14055
0.00821909 0.0319408 -1.14062
0.00778909 0.0317163 -1.1406
0.00739904 0.031644 -1.14052
0.00705421 0.0317162 -1.14039
0.00654594 0.0320682 -1.14024
0.0060671 0.0324941 -1.14002
0.00565144 0.0329279 -1.13977
0.00528503 0.0333367 -1.13949
0.00500866 0.0337041 -1.13916
0.00479893 0.0339856 -1.13877
0.00463302 0.0341384 -1.1383
0.00451584 0.0341419 -1.13776
0.00442948 0.0339836 -1.13717
0.00437997 0.0336848 -1.1365
0.00438033 0.0332616 -1.13577
0.0044598 0.0326772 -1.135
0.00462795 0.0319482 -1.13419
0.00484603 0.0310843 -1.13336
0.00510106 0.0301568 -1.13251
0.00539455 0.0292015 -1.13169
0.00573813 0.0282247 -1.13089
0.00610145 0.0272536 -1.13012
0.00647687 0.0262788 -1.12939
0.00685297 0.0252743 -1.12869
0.0072423 0.0242733 -1.12802
0.00763482 0.0233007 -1.12736
0.00799374 0.0223499 -1.12671
0.00826122 0.0214853 -1.12609
0.00844081 0.0207018 -1.12549
0.00854995 0.0199964 -1.12494
0.00859382 0.0193857 -1.12444
0.00857252 0.0188674 -1.12399
0.00849926 0.0184163 -1.12361
0.00838041 0.0180067 -1.12332
0.0082442 0.0176767 -1.12312
0.00808597 0.0174173 -1.123
0.00789424 0.0172405 -1.12296
0.00767937 0.0171758 -1.12303
0.007492 0.0172365 -1.12316
0.00731139 0.0173256 -1.12338
0.007141 0.0174416 -1.12367
0.00697425 0.01753 -1.12406
0.00680047 0.0176009 -1.1245
0.00660531 0.0178127 -1.12502
0.00642607 0.0183474 -1.12568
0.00636974 0.0192076 -1.12651
0.00635738 0.0203128 -1.12752
0.00620583 0.0212468 -1.12871
0.00605331 0.0220552 -1.13008
0.00591021 0.0227096 -1.13159
0.00580673 0.0232077 -1.13319
0.00577231 0.0236227 -1.13483
0.0058024 0.0239592 -1.13651
0.00589683 0.0241887 -1.1382
0.0060494 0.0243045 -1.13987
0.00622222 0.0243039 -1.14151
0.00640948 0.0241042 -1.14312
0.00658174 0.0236707 -1.1447
0.00677105 0.0230447 -1.14624
0.00681362 0.0224133 -1.14771
0.00688692 0.0215995 -1.14912
0.00696603 0.0207112 -1.15046
0.00705992 0.0198206 -1.1517
0.00715934 0.018926 -1.1528
0.00725715 0.018005 -1.15375
0.00754603 0.0170382 -1.15453
0.00784676 0.0160969 -1.15514
0.00813231 0.015185 -1.15559
0.00839763 0.0143254 -1.15587
0.00862124 0.0135553 -1.15595
0.00868582 0.0128498 -1.15587
0.00869173 0.0122346 -1.15561
0.0086484 0.0116973 -1.1552
0.00854857 0.0112547 -1.15468
0.0084 0.0108752 -1.15406
0.00821087 0.0105525 -1.15336
0.00800135 0.0102993 -1.15257
0.00776988 0.0101307 -1.15171
0.00751263 0.00998924 -1.15079
0.00723939 0.00985073 -1.14982
0.00696957 0.0097141 -1.14882
0.00671685 0.00961311 -1.14778
0.00646432 0.00954509 -1.14673
0.00624007 0.00952402 -1.14567
0.00606731 0.0095476 -1.14464
0.00594992 0.00959791 -1.14365
0.00586543 0.00963041 -1.14273
0.00580268 0.00964628 -1.14187
0.00579203 0.00964413 -1.14109
0.00582791 0.00962821 -1.14038
0.00591861 0.00957906 -1.13977
0.00605027 0.00946459 -1.13923
0.00620784 0.00931775 -1.13879
0.006366 0.00915728 -1.13844
0.00651702 0.00898182 -1.13819
0.0066771 0.00878774 -1.13804
0.00684483 0.00855593 -1.13795
0.00700793 0.00831354 -1.13794
0.00717267 0.00805046 -1.13801
0.00735809 0.00779623 -1.13815
0.00755011 0.00753776 -1.13834
0.00775807 0.00725265 -1.1386
0.0079495 0.00695528 -1.13893
0.00812317 0.00665312 -1.13929
0.00828625 0.00636386 -1.1397
0.00843141 0.00609793 -1.14017
0.00854708 0.0058799 -1.14066
0.00859516 0.00570659 -1.1412
0.00857703 0.00556258 -1.14176
0.00848533 0.00543452 -1.14231
0.00833214 0.00531615 -1.14287
0.00812923 0.00525189 -1.14341
0.00791923 0.00522911 -1.14393
0.00769891 0.00524447 -1.14442
0.00747718 0.00529467 -1.14491
0.00723517 0.00536429 -1.14538
0.00698076 0.00541445 -1.14583
0.0067077 0.00545249 -1.14625
0.00642473 0.00549434 -1.14665
0.00614554 0.00557144 -1.14702
0.00585689 0.00568171 -1.14736
0.0055393 0.00581911 -1.14769
0.00521893 0.00598936 -1.14799
0.00493041 0.0061615 -1.14823
0.00465847 0.00631223 -1.14845
0.00439623 0.00644117 -1.14864
0.00413181 0.00656341 -1.1488
0.00387759 0.00668193 -1.14891
0.00366268 0.00677791 -1.14899
0.00345787 0.00684456 -1.14905
0.00326903 0.00690535 -1.14906
0.00308622 0.00694988 -1.14906
0.00289964 0.00699719 -1.14904
0.00272256 0.00703448 -1.14898
0.00258606 0.00704189 -1.14893
0.00248987 0.00700336 -1.14886
0.0024235 0.00693458 -1.14878
0.00237271 0.00685819 -1.14869
0.00234293 0.00678178 -1.14858
0.00232529 0.00671366 -1.14849
0.00233313 0.00664521 -1.14839
0.00235479 0.00656594 -1.14829
0.0023818 0.00649195 -1.1482
0.00239022 0.00641758 -1.14812
0.00239634 0.00634489 -1.14802
0.00239774 0.00625545 -1.1479
0.00238924 0.00614704 -1.14776
0.00235864 0.00601983 -1.14762
0.00230355 0.00587219 -1.14748
0.00222406 0.00572031 -1.14733
0.00213345 0.00555746 -1.1472
0.00205051 0.00538495 -1.14709
0.00195675 0.00518652 -1.14699
0.00182844 0.00498291 -1.1469
0.00167989 0.00480208 -1.14681
0.00150917 0.00467692 -1.14675
0.00133457 0.00460755 -1.1467
0.00116063 0.00457924 -1.14667
0.000987168 0.00456935 -1.14666
0.000798817 0.00457719 -1.14667
0.000610506 0.00460222 -1.14672
0.00042993 0.00465977 -1.14679
0.000269782 0.00477323 -1.14689
0.000129437 0.00493445 -1.14703
-8.29282e-06 0.00513533 -1.14721
-0.000144982 0.0053644 -1.14741
-0.00028389 0.00563092 -1.14767
-0.000395273 0.00592374 -1.14797
-0.000483293 0.00620506 -1.1483
-0.00055147 0.0064436 -1.14866
-0.000606849 0.00662835 -1.14903
-0.000626419 0.00677311 -1.14941
-0.000594474 0.00695367 -1.14978
-0.000528816 0.00718546 -1.15016
-0.00046515 0.00746809 -1.15055
-0.00041548 0.00773439 -1.15093
-0.000388739 0.00795177 -1.1513
-0.000351825 0.00814123 -1.15165
-0.000319835 0.00832216 -1.152
-0.000315211 0.00853027 -1.15233
-0.000334509 0.00877567 -1.15262
-0.000363204 0.00904408 -1.15286
-0.000405237 0.00931309 -1.15307
-0.000447721 0.00958041 -1.15326
-0.000493063 0.00983204 -1.15341
-0.000539401 0.0100462 -1.15352
-0.000597439 0.0102293 -1.15361
-0.000667079 0.0103936 -1.15367
-0.000736822 0.0105689 -1.15369
-0.000799665 0.0107859 -1.15366
-0.000854777 0.0110093 -1.15362
-0.000931388 0.0111868 -1.15356
-0.00100639 0.0112815 -1.15345
-0.00106984 0.0113343 -1.15333
-0.00110823 0.0114219 -1.15318
-0.00111569 0.0115338 -1.15302
-0.00110561 0.0116547 -1.15286
-0.00109201 0.0117425 -1.1527
-0.00109866 0.0117672 -1.15255
-0.00111912 0.0117696 -1.15238
-0.00116362 0.0118028 -1.15218
-0.00124037 0.0118932 -1.15198
-0.00137115 0.0120145 -1.15179
-0.00152907 0.0121067 -1.1516
-0.00171199 0.0121603 -1.15141
-0.00190818 0.0121783 -1.15123
-0.00210306 0.0121977 -1.1511
-0.00230818 0.0122279 -1.15103
-0.00250396 0.0122678 -1.151
-0.00268685 0.0123099 -1.15101
-0.00286141 0.0123492 -1.15106
-0.00300909 0.0123719 -1.15113
-0.00311809 0.0123445 -1.15122
-0.00321363 0.0122548 -1.15133
-0.00330238 0.0121147 -1.15146
-0.00339255 0.0119772 -1.15164
-0.00349353 0.0118835 -1.15185
-0.00361305 0.0118215 -1.15211
-0.00377799 0.0117789 -1.15238
-0.00400942 0.0117199 -1.15266
-0.00431924 0.0116539 -1.15292
-0.00468264 0.0115751 -1.15318
-0.0050763 0.0114754 -1.15345
-0.00549748 0.011357 -1.15371
-0.00595128 0.011239 -1.15395
-0.00644031 0.0111525 -1.15419
-0.0069393 0.0111137 -1.15443
-0.00742572 0.011104 -1.15467
-0.00787224 0.0110838 -1.1549
-0.00828988 0.0110274 -1.1551
-0.00869193 0.0109258 -1.15531
-0.0090794 0.0108051 -1.1555
-0.00943998 0.0106975 -1.15567
-0.0097772 0.0106419 -1.15583
-0.0101066 0.0106477 -1.15599
-0.0104616 0.0106642 -1.15614
-0.0107446 0.0107234 -1.15626
-0.0110474 0.0108308 -1.15634
-0.0113614 0.0109805 -1.15637
-0.0116979 0.0110913 -1.15639
-0.012045 0.0110407 -1.1564
-0.0123753 0.0108435 -1.1564
-0.0126615 0.0105347 -1.1564
-0.0128768 0.0101463 -1.15638
-0.0130149 0.0097059 -1.15635
-0.013045 0.0092295 -1.1563
-0.0131585 0.00872359 -1.15624
-0.0130172 0.00823551 -1.15616
-0.0128301 0.00780005 -1.15607
-0.0126337 0.00747681 -1.15599
-0.0124709 0.00727998 -1.15592
-0.0124227 0.0071987 -1.15587
-0.0125563 0.00726424 -1.15584
-0.0129152 0.00749273 -1.15581
-0.0134723 0.00786885 -1.15577
-0.0142514 0.00833075 -1.15571
-0.01514 0.00878892 -1.15561
-0.0161094 0.00915511 -1.15548
-0.0170741 0.00934619 -1.15534
-0.0179688 0.0093615 -1.15518
-0.0187152 0.00922652 -1.15503
-0.0192706 0.00896882 -1.15491
-0.0196108 0.00862246 -1.15487
-0.0197341 0.00819594 -1.1549
-0.0199395 0.00771752 -1.15498
-0.019943 0.00723415 -1.1551
-0.0195781 0.00682692 -1.15523
-0.0191546 0.00650793 -1.15534
-0.0187348 0.00628764 -1.15543
-0.0183636 0.00618163 -1.15553
-0.0180555 0.00617895 -1.15561
-0.0178316 0.00627773 -1.15563
-0.0176516 0.00644362 -1.1556
-0.0177016 0.00661525 -1.15555
-0.0177382 0.00683687 -1.15546
-0.0176535 0.0070865 -1.15532
-0.0169585 0.00728847 -1.15516
-0.0159636 0.00741774 -1.15499
-0.0146575 0.00745685 -1.15482
-0.0130367 0.00740332 -1.15471
-0.011154 0.00725486 -1.15468
-0.00910068 0.00705929 -1.15473
-0.00698508 0.00683367 -1.15484
-0.0049092 0.00657005 -1.15499
-0.00284305 0.00628298 -1.15513
-0.000901647 0.00599746 -1.15521
0.000818122 0.00572447 -1.15524
0.00224058 0.00549204 -1.15519
0.0033107 0.00531241 -1.15507
0.00401015 0.00520496 -1.15486
0.00431846 0.00513501 -1.15457
0.0042861 0.00506525 -1.15425
0.00393414 0.00500156 -1.1539
0.00331308 0.00490224 -1.15356
0.00237481 0.00480398 -1.15323
0.00142209 0.00472877 -1.15294
0.000518065 0.00471924 -1.15266
-0.000285578 0.00482065 -1.15242
-0.000962611 0.00501834 -1.1522
-0.00150644 0.00531352 -1.15199
-0.00190581 0.00568449 -1.15179
-0.00218166 0.00610516 -1.15155
-0.0023712 0.00655198 -1.15131
-0.00236871 0.00704868 -1.15104
-0.00237731 0.00754655 -1.15076
-0.0024546 0.00800674 -1.15045
-0.00274457 0.0083454 -1.15008
-0.00305686 0.00861812 -1.14965
-0.00337388 0.00879681 -1.14919
-0.00363342 0.0088841 -1.14868
-0.00381969 0.00886476 -1.14815
-0.00390189 0.00869418 -1.14762
-0.00388187 0.00838737 -1.14709
-0.00368981 0.00804784 -1.14656
-0.00344605 0.00761854 -1.14607
-0.0031394 0.00713592 -1.1456
-0.00277048 0.00662519 -1.14516
-0.00232369 0.00608492 -1.14477
-0.00182551 0.00552088 -1.14439
-0.00153523 0.00491134 -1.14405
-0.0011044 0.00427696 -1.14372
-0.000773009 0.00361807 -1.14345
-0.000548764 0.00293252 -1.14318
-0.000416169 0.00226769 -1.14294
-0.000400327 0.00160798 -1.14273
-0.000473398 0.000945179 -1.14258
-0.000622341 0.000282526 -1.14247
-0.000879541 -0.00039302 -1.14244
-0.00120753 -0.0010821 -1.14248
-0.0015784 -0.0017684 -1.14261
-0.00194948 -0.00245221 -1.14284
-0.00227939 -0.00313887 -1.14317
-0.00255723 -0.0038128 -1.1436
-0.00278849 -0.00446385 -1.1441
-0.00296948 -0.00507489 -1.1447
-0.00313884 -0.00560753 -1.14539
-0.00330941 -0.00609023 -1.14612
-0.00348271 -0.00652027 -1.1469
-0.00374764 -0.0067769 -1.14771
-0.00399759 -0.00697166 -1.14855
-0.00422722 -0.00710677 -1.1494
-0.00442643 -0.00718344 -1.15026
-0.00460487 -0.0072096 -1.15116
-0.00473419 -0.007326 -1.15207
-0.00483398 -0.00733379 -1.15298
-0.00486945 -0.00732207 -1.15389
-0.0048188 -0.0072582 -1.1548
-0.0046828 -0.00707872 -1.15568
-0.00452847 -0.00689246 -1.1565
-0.00435272 -0.00652168 -1.15722
-0.00417563 -0.00600113 -1.15783
-0.00392605 -0.00543079 -1.1583
-0.00369336 -0.0048859 -1.15859
-0.00346675 -0.00438351 -1.15874
-0.00326256 -0.00388919 -1.1587
-0.00309101 -0.00342402 -1.15852
-0.00296018 -0.00302393 -1.1582
-0.00290099 -0.00269915 -1.15776
-0.00287156 -0.00239964 -1.1572
-0.00287583 -0.00212815 -1.15657
-0.00292351 -0.00191456 -1.15591
-0.0029886 -0.00180392 -1.15523
-0.00305762 -0.00184291 -1.15451
-0.00315296 -0.00197221 -1.15378
-0.00328792 -0.00215418 -1.15305
-0.00344973 -0.00233066 -1.15233
-0.00361551 -0.00253078 -1.15161
-0.00377107 -0.00276906 -1.15093
-0.00390014 -0.00300567 -1.1503
-0.00400062 -0.00322222 -1.14973
-0.00407548 -0.0033948 -1.14925
-0.00412233 -0.00351585 -1.14885
-0.00413835 -0.00358151 -1.14854
-0.00409799 -0.00360307 -1.14832
-0.00401337 -0.00354099 -1.1482
-0.00388133 -0.00336373 -1.1482
-0.00365705 -0.00309578 -1.14828
-0.00334831 -0.00279668 -1.14843
-0.00299142 -0.00248237 -1.14864
-0.00260585 -0.00217459 -1.14887
-0.00221541 -0.00185727 -1.14913
-0.00181713 -0.00153505 -1.1494
-0.00143996 -0.0012255 -1.14968
-0.00107923 -0.000956463 -1.14996
-0.000755772 -0.000723252 -1.15022
-0.000491742 -0.000542347 -1.15048
-0.000277052 -0.000371643 -1.15075
-0.000129811 -0.000231626 -1.151
-2.78691e-05 -0.000156293 -1.15124
2.29821e-05 -0.000167766 -1.15144
3.19726e-05 -0.000223897 -1.15164
7.66251e-06 -0.000286926 -1.15185
-5.29658e-05 -0.000308004 -1.15208
-0.000142528 -0.000267854 -1.1523
-0.00026642 -0.000193583 -1.15254
-0.000410137 -0.000162698 -1.15276
-0.000554391 -0.000187145 -1.15296
-0.000667454 -0.000222534 -1.15317
-0.000729479 -0.00020133 -1.15337
-0.000782511 -8.84518e-05 -1.1536
-0.000856663 9.86431e-05 -1.15383
-0.000933484 0.000293334 -1.15406
-0.000989506 0.000493753 -1.1543
-0.00104622 0.000705359 -1.15455
-0.00109225 0.000966029 -1.15479
-0.00113441 0.00123579 -1.15502
-0.00116904 0.00148824 -1.15524
-0.00117756 0.00170976 -1.15543
-0.0011363 0.00192553 -1.1556
-0.00108118 0.00217658 -1.15576
-0.000967715 0.00245239 -1.15589
-0.000814124 0.00272348 -1.156
-0.000661279 0.00297356 -1.15608
-0.000487839 0.00319809 -1.15614
-0.000292939 0.00341523 -1.15619
-0.000110279 0.00367983 -1.15622
6.20017e-05 0.003945 -1.15622
0.000223197 0.00418334 -1.15624
0.000353189 0.00439238 -1.15623
0.000478942 0.00458414 -1.15619
0.000570647 0.00479472 -1.15612
0.000645715 0.00502479 -1.15603
0.000717684 0.00529589 -1.15592
0.000732191 0.00556918 -1.1558
0.000755193 0.00585959 -1.15566
0.000775904 0.00615139 -1.15552
0.000767998 0.00646801 -1.15542
0.00076496 0.00679068 -1.15531
0.000788292 0.00709986 -1.15521
0.000809893 0.00742537 -1.15513
0.000840058 0.00775727 -1.15507
0.000883033 0.00812532 -1.15507
0.000903657 0.00850993 -1.15511
0.000939592 0.00891119 -1.15516
0.0010044 0.00931502 -1.15522
0.00106553 0.00968251 -1.15531
0.00115008 0.0100194 -1.15546
0.00124203 0.0103429 -1.15563
0.00131068 0.010659 -1.15582
0.00138701 0.0109558 -1.15604
0.00147892 0.0112439 -1.1563
0.00153433 0.0115353 -1.1566
0.00157927 0.0118167 -1.15694
0.00162004 0.0120541 -1.15729
0.00162744 0.0122995 -1.15767
0.00164477 0.0125417 -1.15802
0.00164 0.012782 -1.15838
0.00162787 0.01305 -1.15872
0.00156784 0.0133462 -1.15904
0.00148791 0.013668 -1.15935
0.00139123 0.0140138 -1.15964
0.00127693 0.0143568 -1.15992
0.00115578 0.0147032 -1.16019
0.00104299 0.0150049 -1.16046
0.000931239 0.0152812 -1.16073
0.000846136 0.0155516 -1.16098
0.000779174 0.0158064 -1.16123
0.000704663 0.0160346 -1.16148
0.000642248 0.0162286 -1.16173
0.000581333 0.0163938 -1.16198
0.000525366 0.0165704 -1.1622
0.000466291 0.0167782 -1.16242
0.000368707 0.0169826 -1.16261
0.000234928 0.0171717 -1.16279
0.000110722 0.0173652 -1.16297
1.35752e-05 0.0175765 -1.16312
-9.5473e-05 0.0178181 -1.16327
-0.000238117 0.0180743 -1.16341
-0.000371983 0.018277 -1.16357
-0.0004771 0.0184783 -1.16373
-0.000542444 0.0186814 -1.16389
-0.000561699 0.0189291 -1.16405
-0.000601855 0.0192149 -1.1642
-0.000641401 0.0195009 -1.16435
-0.000664768 0.0197853 -1.16448
-0.000674903 0.0200291 -1.1646
-0.000699855 0.0202718 -1.16469
-0.000754689 0.0205834 -1.16477
-0.000810341 0.0209196 -1.16484
-0.000849154 0.0212306 -1.16493
-0.000914153 0.0214686 -1.16502
-0.000967558 0.0216941 -1.16512
-0.00102297 0.0219514 -1.16522
-0.00111205 0.0222509 -1.16533
-0.0011963 0.0225608 -1.16547
-0.00120553 0.0228117 -1.16563
-0.00119424 0.0230062 -1.1658
-0.00123449 0.0231989 -1.166
-0.00126716 0.0234218 -1.1662
-0.00126751 0.0236467 -1.16639
-0.00126071 0.0238534 -1.16657
-0.00123088 0.0240647 -1.16673
-0.00123725 0.0243138 -1.16689
-0.0012374 0.0245761 -1.16705
-0.00121137 0.0247906 -1.16719
-0.00120068 0.0249387 -1.16732
-0.00120469 0.0250661 -1.16743
-0.00119625 0.025216 -1.16753
-0.00118976 0.0253879 -1.16765
-0.00119697 0.0255259 -1.16775
-0.0012295 0.0256254 -1.16785
-0.00123929 0.0257154 -1.16795
-0.00123925 0.0258052 -1.16808
-0.00126859 0.0258941 -1.1682
-0.00129548 0.0259502 -1.16834
-0.00129483 0.0259642 -1.16845
-0.00131887 0.025974 -1.16854
-0.00139907 0.025994 -1.16863
-0.00147261 0.0260289 -1.16871
-0.00154607 0.0260753 -1.16877
-0.00165386 0.0261315 -1.16882
-0.00176917 0.0262235 -1.16887
-0.0018466 0.0263495 -1.16894
-0.00191661 0.026468 -1.169
-0.00196274 0.0265348 -1.16907
-0.00193545 0.0265534 -1.16912
-0.00182281 0.0265646 -1.16918
-0.00167458 0.0265779 -1.16925
-0.00147191 0.0265499 -1.16933
-0.00117911 0.0264359 -1.1694
-0.000795576 0.0262746 -1.16945
-0.00035012 0.0260754 -1.16949
0.000127681 0.0258165 -1.16954
0.000619674 0.0255216 -1.1696
0.0011284 0.0251971 -1.16964
0.00161046 0.0248263 -1.16966
0.00202266 0.0243629 -1.16967
0.00237908 0.0238077 -1.16968
0.00271951 0.0232408 -1.16968
0.00305122 0.0227196 -1.16968
0.00335604 0.0222185 -1.16965
0.00361134 0.021686 -1.16962
0.00383426 0.0211541 -1.16955
0.00405017 0.0206458 -1.16948
0.00426686 0.0201395 -1.16939
0.00445136 0.019652 -1.16929
0.00459562 0.0192042 -1.16914
0.00472177 0.0187753 -1.16896
0.00488575 0.018337 -1.16876
0.00508558 0.0179425 -1.16852
0.00525767 0.0175896 -1.16825
0.00542053 0.0172562 -1.16799
0.00560788 0.0168949 -1.16774
0.00585012 0.0165065 -1.1675
0.00612538 0.0161646 -1.16727
0.00640953 0.0158632 -1.16705
0.00670592 0.015559 -1.16682
0.00702697 0.015245 -1.16662
0.00739919 0.0149011 -1.16641
0.00776175 0.0145367 -1.16621
0.00806055 0.0141962 -1.16603
0.00831624 0.0139079 -1.16591
0.00857028 0.013613 -1.1658
0.00886226 0.0132717 -1.16572
0.00915643 0.0129276 -1.16568
0.0094277 0.0125892 -1.16569
0.00967716 0.012276 -1.16575
0.00992274 0.0120066 -1.16583
0.0101833 0.0117147 -1.16597
0.0104646 0.0113859 -1.16614
0.0107091 0.0110654 -1.16632
0.0108525 0.0107869 -1.16651
0.0109404 0.0105318 -1.16671
0.0110758 0.0102539 -1.16691
0.0112642 0.00997061 -1.16709
0.0114414 0.00972906 -1.16727
0.0115696 0.00953429 -1.16747
0.0116746 0.00933196 -1.16768
0.0118387 0.00912662 -1.16788
0.0120719 0.0089324 -1.16806
0.0123321 0.0087569 -1.16823
0.0125386 0.00857805 -1.16841
0.0127362 0.00837809 -1.16859
0.0129525 0.00818478 -1.16873
0.0131551 0.00799448 -1.16884
0.0133393 0.00776609 -1.16893
0.0135174 0.00750696 -1.16899
0.0136942 0.00726165 -1.16906
0.0138537 0.00701203 -1.16909
0.013978 0.0067285 -1.16912
0.0140532 0.00645357 -1.16911
0.0141018 0.0062049 -1.16909
0.0141662 0.00595405 -1.16903
0.0142534 0.00567357 -1.16895
0.0143373 0.00538576 -1.16886
0.014434 0.00508344 -1.16874
0.0145735 0.0047457 -1.16862
0.0147457 0.00438976 -1.16851
0.0149293 0.00404279 -1.1684
0.0151056 0.003744 -1.16831
0.015251 0.003523 -1.16824
0.0153388 0.0034702 -1.16821
0.0152963 0.0036674 -1.1682
0.0150042 0.00419583 -1.16819
0.0144447 0.00510273 -1.1682
0.0134263 0.00672968 -1.16822
0.0121744 0.00870545 -1.16822
0.0107 0.0109874 -1.16815
0.00906576 0.0135085 -1.16802
0.00740482 0.0162487 -1.16782
0.00582464 0.0191958 -1.16756
0.00441266 0.022276 -1.16723
0.00321621 0.0254483 -1.16689
0.00229462 0.028711 -1.16661
0.0016839 0.0320131 -1.16644
0.0011409 0.0357115 -1.16639
0.00100035 0.0385608 -1.16643
0.000933112 0.0408883 -1.16655
0.000934653 0.0426048 -1.16674
0.00102327 0.0436933 -1.16695
0.00116452 0.0441796 -1.16713
0.00133446 0.0441668 -1.16726
0.00149209 0.0437917 -1.16739
0.00167985 0.0431155 -1.16746
0.0018823 0.0421722 -1.16751
0.00209791 0.0410477 -1.16753
0.00229084 0.0398668 -1.16756
0.00226171 0.0389106 -1.16761
0.00222552 0.0380246 -1.16767
0.00237689 0.0372145 -1.16774
0.00252944 0.0367035 -1.16781
0.00267648 0.0365022 -1.16789
0.00281705 0.0366088 -1.16793
0.00295654 0.0370058 -1.16792
0.00310027 0.0376636 -1.16786
0.00325448 0.0384704 -1.16775
0.00344643 0.0393481 -1.16758
0.00365777 0.0402861 -1.16733
0.00387162 0.0412267 -1.16703
0.00411289 0.0421028 -1.16668
0.00435296 0.0429149 -1.16631
0.00446132 0.0439283 -1.16593
0.00464822 0.0448642 -1.16561
0.00486023 0.0456807 -1.16537
0.00510427 0.0463782 -1.16524
0.00536847 0.0469608 -1.16525
0.00564752 0.0475246 -1.16538
0.00586874 0.0481209 -1.16567
0.00603497 0.048703 -1.16608
0.00617242 0.0492666 -1.16661
0.00626568 0.0497878 -1.16727
0.00631113 0.0502996 -1.16802
0.00630565 0.0505746 -1.16883
0.00625941 0.0508245 -1.16966
0.00616815 0.0510261 -1.17051
0.00606249 0.0511476 -1.17138
0.00594939 0.0511922 -1.17227
0.0058072 0.0511394 -1.17315
0.00565915 0.0510006 -1.17401
0.00555551 0.0507473 -1.17484
0.00548742 0.0503998 -1.17566
0.00519614 0.050209 -1.17641
0.00497351 0.0498628 -1.17707
0.00482448 0.0493525 -1.17762
0.00478303 0.0487317 -1.17803
0.00479855 0.0480071 -1.17828
0.00482964 0.0472342 -1.17835
0.00489504 0.0464545 -1.17822
0.00527983 0.0456354 -1.1779
0.00571987 0.0448989 -1.17736
0.00616218 0.0442487 -1.17667
0.0065837 0.0436519 -1.17586
0.00699336 0.0431538 -1.17495
0.00727009 0.042801 -1.17393
0.00766086 0.0424965 -1.1728
0.00790324 0.0423458 -1.17165
0.00812306 0.0423049 -1.17046
0.00835142 0.0423737 -1.16922
0.00858528 0.0425522 -1.16795
0.0087934 0.0428445 -1.16667
0.00896499 0.0432238 -1.16539
0.00908166 0.0436506 -1.16415
0.00914189 0.0441006 -1.16294
0.00912149 0.0445441 -1.16175
0.0090052 0.044967 -1.16062
0.00881373 0.0452887 -1.15955
0.008605 0.0456196 -1.15853
0.00843109 0.0458469 -1.15757
0.00817335 0.0460838 -1.15671
0.00790007 0.0464641 -1.15601
0.00764581 0.0471552 -1.1555
0.00752102 0.0481949 -1.15522
0.00744137 0.0493514 -1.15518
0.00734389 0.0504276 -1.15538
0.00721447 0.0513786 -1.15582
0.00696906 0.0520118 -1.15647
0.00676963 0.0525402 -1.15726
0.00663623 0.0529528 -1.15815
0.00656201 0.0532763 -1.15914
0.00653874 0.0534813 -1.16021
0.00657303 0.0535061 -1.16132
0.00667312 0.0533465 -1.16246
0.00683439 0.0530046 -1.16365
0.00704694 0.052488 -1.16492
0.00730451 0.0517796 -1.16626
0.00759491 0.0509163 -1.16764
0.00782481 0.0500612 -1.16903
0.00807892 0.0491315 -1.17045
0.00836163 0.0481839 -1.17184
0.0086766 0.047276 -1.17319
0.00901251 0.0463905 -1.17448
0.00935301 0.0455063 -1.17569
0.00970028 0.0446475 -1.17681
0.0100406 0.0438429 -1.17782
0.0104639 0.0431392 -1.17869
0.0108624 0.0425757 -1.17942
0.0112122 0.0421468 -1.18004
0.0114851 0.0418483 -1.18054
0.0116841 0.0416684 -1.18092
0.0118101 0.0416329 -1.18119
0.0118003 0.0416888 -1.18137
0.0117187 0.0418129 -1.18147
0.0116601 0.0420058 -1.18148
0.0114645 0.0422873 -1.18141
0.0112267 0.0426056 -1.18124
0.0109749 0.0429379 -1.18096
0.0107085 0.0432552 -1.18061
0.0104464 0.0435646 -1.18016
0.0101745 0.0438728 -1.17964
0.0099132 0.0441885 -1.17909
0.00967572 0.0445219 -1.17845
0.00944891 0.0448779 -1.17778
0.00924238 0.0452202 -1.17709
0.009055 0.0455183 -1.17637
0.00889802 0.04575 -1.17565
0.00878901 0.0459349 -1.17492
0.00872205 0.0460904 -1.17421
0.00871482 0.046054 -1.17351
0.00872438 0.0459324 -1.17284
0.00874695 0.0457296 -1.17222
0.00878145 0.0454572 -1.17165
0.00884073 0.0452346 -1.17113
0.00890775 0.0449985 -1.17065
0.00895709 0.0446459 -1.17021
0.00900489 0.0442272 -1.16981
0.00906322 0.0438513 -1.16946
0.00913642 0.043376 -1.16913
0.00922388 0.0428271 -1.16884
0.00932308 0.0422721 -1.16859
0.0094288 0.0417458 -1.16841
0.0095362 0.0412346 -1.1683
0.00964581 0.0407126 -1.16824
0.0097372 0.0401939 -1.16825
0.00982062 0.0396994 -1.16831
0.00990018 0.0392588 -1.16843
0.00996587 0.0388835 -1.16859
0.0100208 0.0385369 -1.16879
0.0100618 0.0382056 -1.16903
0.0101002 0.0378954 -1.16929
0.0101371 0.0376404 -1.16959
0.0101883 0.0374671 -1.16992
0.0102273 0.0373751 -1.17024
0.0102235 0.0373381 -1.17056
0.0101866 0.0373186 -1.17089
0.0101363 0.0373054 -1.17124
0.0100898 0.0372915 -1.17162
0.0100336 0.0372692 -1.17203
0.00996539 0.0372662 -1.17243
0.00985905 0.0373181 -1.17284
0.00971517 0.0374213 -1.17325
0.00954953 0.0375676 -1.17365
0.00935626 0.0377232 -1.17405
0.00915254 0.0378892 -1.17444
0.00893475 0.0380597 -1.17481
0.00870832 0.0382194 -1.17516
0.00846068 0.0383699 -1.1755
0.00821533 0.0384778 -1.17584
0.00799049 0.0385592 -1.17617
0.00777777 0.0386215 -1.17652
0.00755958 0.0386581 -1.17686
0.00732834 0.0386945 -1.17719
0.00708699 0.0387113 -1.17753
0.00684056 0.0386793 -1.17787
0.00660774 0.0385835 -1.1782
0.00638986 0.038427 -1.17851
0.00617246 0.0382482 -1.1788
0.00596179 0.0380586 -1.1791
0.00577125 0.0378622 -1.17937
0.00560658 0.0376587 -1.17961
0.00546644 0.0374369 -1.17984
0.0053185 0.0371909 -1.18005
0.0051544 0.036952 -1.18025
0.00498681 0.0367345 -1.18046
0.00482652 0.0365113 -1.18063
0.00466815 0.0362618 -1.18076
0.00449897 0.0359756 -1.18087
0.00431958 0.0356497 -1.18093
0.00412972 0.0353055 -1.18096
0.00393224 0.0349603 -1.18095
0.00373424 0.0345968 -1.18088
0.00352649 0.0341984 -1.18078
0.00329425 0.0337691 -1.18066
0.00304764 0.0333391 -1.18051
0.00278104 0.0329308 -1.18033
0.00251278 0.0325677 -1.18013
0.00224135 0.0322502 -1.17993
0.00197059 0.0319587 -1.17975
0.00169906 0.0316973 -1.17955
0.00143575 0.0314591 -1.17935
0.0011857 0.0312644 -1.17914
0.000959518 0.0311053 -1.17896
0.000744651 0.0309839 -1.1788
0.0005201 0.0308741 -1.17865
0.000274428 0.0307736 -1.17853
2.54106e-05 0.0306974 -1.17843
-0.000208636 0.0306688 -1.17837
-0.000432364 0.0306847 -1.17835
-0.000645539 0.0307228 -1.17836
-0.000843831 0.0307384 -1.17841
-0.00102344 0.0307069 -1.1785
-0.00118239 0.0306272 -1.17862
-0.00132578 0.0305064 -1.17877
-0.00145033 0.0303752 -1.17895
-0.00156317 0.0302535 -1.17917
-0.00168063 0.0301378 -1.17942
-0.00181571 0.0300413 -1.17969
-0.00196489 0.029984 -1.17998
-0.00211631 0.0299331 -1.1803
-0.00228202 0.0298708 -1.18063
-0.00247794 0.0297646 -1.18096
-0.00268901 0.0296177 -1.18131
-0.00291732 0.0294625 -1.18165
-0.00314316 0.0293471 -1.182
-0.003355 0.0293075 -1.18238
-0.0035717 0.0292896 -1.18279
-0.00380918 0.02925 -1.18321
-0.00407229 0.0291546 -1.18364
-0.00432717 0.0290313 -1.18407
-0.00458486 0.0289133 -1.18449
-0.00480979 0.0288305 -1.1849
-0.00499793 0.0287677 -1.18529
-0.00517288 0.0287083 -1.18568
-0.00533502 0.0286431 -1.18604
-0.00548862 0.0285649 -1.18639
-0.00562538 0.0284828 -1.18672
-0.00576653 0.0283933 -1.18703
-0.00590782 0.0282783 -1.18732
-0.00603788 0.0281616 -1.18759
-0.00617254 0.0280861 -1.18785
-0.00632055 0.0280544 -1.18808
-0.00647088 0.0280617 -1.18829
-0.00663487 0.0280496 -1.18846
-0.00681336 0.0279821 -1.18859
-0.00698829 0.0278816 -1.18871
-0.00716366 0.0277855 -1.18877
-0.00731983 0.0277469 -1.18882
-0.00744502 0.0277361 -1.18886
-0.00755981 0.0277174 -1.18891
-0.00767282 0.0276672 -1.18892
-0.00777486 0.0275898 -1.1889
-0.00786178 0.0275168 -1.18886
-0.00792682 0.02743 -1.18881
-0.00795187 0.0273113 -1.18876
-0.00793923 0.0271784 -1.1887
-0.0079044 0.0270796 -1.18863
-0.00788387 0.0269948 -1.18856
-0.00789265 0.026923 -1.18849
-0.00793984 0.0268361 -1.18842
-0.0080093 0.0267085 -1.18836
-0.00810667 0.0265931 -1.18831
-0.00825625 0.0265189 -1.18826
-0.00844386 0.026481 -1.18822
-0.00866675 0.0264588 -1.18817
-0.00890512 0.0264232 -1.18814
-0.0091346 0.0263661 -1.18814
-0.00937704 0.0262974 -1.18816
-0.00962608 0.0262035 -1.18819
-0.0098632 0.0260913 -1.18826
-0.0100917 0.0259743 -1.18835
-0.0102912 0.0258591 -1.18845
-0.0104534 0.0257574 -1.18859
-0.0106001 0.0256677 -1.18876
-0.0107228 0.0255866 -1.18897
-0.0108559 0.0255163 -1.1892
-0.0110076 0.0254238 -1.18946
-0.0111782 0.0253111 -1.18974
-0.0112511 0.0252156 -1.19003
-0.011319 0.025195 -1.19033
-0.0114056 0.0252799 -1.19064
-0.0115082 0.0253587 -1.19094
-0.0116124 0.0252976 -1.19122
-0.0116899 0.0250591 -1.1915
-0.0117282 0.0246799 -1.19177
-0.0117382 0.0242249 -1.19206
-0.0117162 0.0237668 -1.19236
-0.0116728 0.023329 -1.1927
-0.0116054 0.0229397 -1.19304
-0.0116853 0.0225569 -1.1934
-0.0117368 0.0221971 -1.19375
-0.0115962 0.0219364 -1.19408
-0.0114184 0.0217549 -1.1944
-0.0112381 0.021686 -1.1947
-0.0110811 0.021765 -1.19497
-0.0110133 0.021986 -1.19522
-0.0110691 0.0223102 -1.19545
-0.0112715 0.0227115 -1.19563
-0.0116125 0.023155 -1.19577
-0.0121876 0.0236504 -1.19589
-0.0127923 0.0239789 -1.19598
-0.0134693 0.0241515 -1.19605
-0.0141491 0.0241498 -1.1961
-0.0147817 0.0239796 -1.19615
-0.0153026 0.0236672 -1.19617
-0.0156546 0.0232674 -1.19622
-0.0158197 0.0227839 -1.19629
-0.015784 0.0222709 -1.19638
-0.0158611 0.0216964 -1.19646
-0.0157786 0.0211353 -1.19653
-0.0155978 0.0206414 -1.19658
-0.015123 0.0203274 -1.1966
-0.014619 0.0201352 -1.19661
-0.014065 0.020083 -1.19662
-0.0134448 0.0201606 -1.19663
-0.0127098 0.0203363 -1.19665
-0.0118271 0.0206096 -1.19666
-0.0110248 0.0209176 -1.19664
-0.0100119 0.0212702 -1.1966
-0.00877201 0.0216361 -1.19654
-0.00729732 0.0220101 -1.19648
-0.00550549 0.0223062 -1.19643
-0.00365214 0.0225213 -1.1964
-0.00181528 0.0226291 -1.19644
-7.58183e-05 0.0226143 -1.19651
0.00152254 0.0224759 -1.1966
0.0029362 0.0222581 -1.19667
0.00414457 0.0219616 -1.19674
0.0051257 0.0215992 -1.19677
0.00587644 0.0212118 -1.19675
0.00666668 0.020785 -1.19668
0.00723593 0.020381 -1.19657
0.00759872 0.0199855 -1.19641
0.00776433 0.0195995 -1.19621
0.00773317 0.0192102 -1.19601
0.00731669 0.0189097 -1.19583
0.00679574 0.0186965 -1.19569
0.00621373 0.0186414 -1.1956
0.00561249 0.0187701 -1.19556
0.00502677 0.0190335 -1.19555
0.0044761 0.0194158 -1.19555
0.00400081 0.0199238 -1.19556
0.00360207 0.020517 -1.19556
0.00326743 0.0211582 -1.19554
0.00311407 0.0218209 -1.1955
0.00302958 0.0225361 -1.19541
0.00301786 0.0232661 -1.19528
0.00290161 0.0239711 -1.19513
0.00278771 0.0246186 -1.19496
0.00265445 0.0251853 -1.19475
0.00251366 0.0256484 -1.19453
0.00239031 0.0260174 -1.19428
0.00230723 0.0262813 -1.19399
0.00230262 0.0264392 -1.19365
0.00239302 0.026497 -1.19326
0.00264731 0.0265165 -1.19284
0.00303596 0.0264115 -1.1924
0.00350746 0.0262538 -1.19195
0.00402375 0.026037 -1.1915
0.00454777 0.0257899 -1.19106
0.00505262 0.025538 -1.19061
0.00533107 0.0252224 -1.19019
0.00573138 0.0248746 -1.1898
0.00608071 0.0244799 -1.18944
0.00635793 0.024027 -1.18911
0.00655391 0.0235383 -1.18881
0.00667767 0.0230079 -1.18854
0.00673954 0.0224456 -1.18832
0.00674929 0.0218771 -1.18815
0.00670648 0.0212928 -1.18805
0.00662066 0.0207054 -1.18805
0.00626884 0.0201463 -1.18815
0.00605771 0.0195372 -1.18834
0.00582068 0.0189153 -1.18861
0.00560664 0.0183043 -1.18899
0.00543525 0.0177357 -1.18947
0.00534006 0.017218 -1.19005
0.00528742 0.0167406 -1.19074
0.00524049 0.0163214 -1.19146
0.00517773 0.015983 -1.19225
0.00500045 0.0158347 -1.19309
0.00483446 0.0157587 -1.19399
0.00468501 0.0157563 -1.1949
0.00455926 0.015817 -1.19585
0.0044737 0.0159342 -1.19684
0.0044283 0.0160818 -1.19782
0.00441617 0.0162683 -1.1988
0.00444393 0.0165175 -1.19977
0.00455509 0.0168574 -1.20073
0.00470652 0.0171829 -1.20165
0.00489383 0.0177092 -1.20251
0.00509633 0.0184194 -1.20326
0.00535347 0.0192094 -1.20391
0.00560591 0.0199869 -1.20445
0.00585977 0.0207029 -1.20483
0.0060901 0.0213723 -1.20505
0.0062767 0.0220004 -1.20512
0.00640518 0.0225459 -1.20506
0.00648664 0.0230006 -1.20489
0.00652258 0.0233794 -1.20461
0.00654934 0.0236877 -1.20423
0.00658058 0.0238883 -1.20379
0.00660198 0.0239784 -1.20329
0.00661889 0.0239135 -1.20275
0.0066222 0.0237053 -1.20219
0.00660324 0.0233938 -1.20161
0.00655351 0.0230232 -1.20105
0.00646773 0.0226272 -1.20051
0.00636626 0.0222515 -1.20001
0.00627139 0.0218971 -1.19955
0.00617054 0.0215802 -1.19914
0.00610023 0.0213249 -1.19881
0.00602982 0.0211255 -1.19855
0.00599175 0.0209736 -1.19837
0.00600187 0.0208945 -1.19827
0.00606673 0.0208972 -1.19826
0.00617217 0.0210197 -1.19833
0.00632495 0.0212429 -1.19847
0.00651514 0.0215248 -1.19868
0.0067109 0.0218342 -1.19896
0.0069233 0.0221875 -1.19927
0.00714162 0.0226258 -1.19963
0.00733463 0.0231375 -1.20001
0.00750578 0.0236347 -1.20039
0.00764604 0.0240453 -1.20076
0.00775637 0.024406 -1.2011
0.00784367 0.0247812 -1.20139
0.00787218 0.0251817 -1.20165
0.00785108 0.025544 -1.20189
0.00780952 0.0258446 -1.20211
0.00775471 0.0260499 -1.20231
0.00767006 0.0261971 -1.20249
0.007543 0.0263245 -1.20265
0.00739461 0.0264371 -1.20282
0.00724138 0.0265212 -1.20298
0.00709043 0.0265874 -1.20314
0.00695338 0.0266429 -1.20332
0.00682704 0.0267176 -1.2035
0.00672751 0.0267839 -1.20368
0.00669034 0.0268113 -1.20386
0.00669688 0.0267943 -1.20404
0.0067523 0.0268158 -1.20425
0.00682854 0.0268944 -1.20447
0.00690425 0.0270284 -1.20471
0.00697026 0.0272186 -1.20497
0.00701318 0.0274179 -1.20525
0.00705977 0.0275886 -1.20553
0.00711349 0.0277888 -1.20581
0.00715928 0.0280143 -1.20607
0.00720775 0.0282575 -1.2063
0.00726414 0.0285255 -1.20653
0.00732258 0.0287804 -1.20673
0.00740228 0.0290322 -1.20689
0.00746456 0.0293049 -1.20701
0.00751353 0.0296036 -1.20709
0.0075591 0.0299082 -1.20714
0.00758204 0.0301791 -1.20718
0.0075775 0.0304318 -1.20719
0.00755288 0.0306777 -1.20718
0.00748752 0.0309107 -1.20716
0.00738869 0.0311281 -1.20711
0.00729577 0.0313328 -1.20705
0.00716517 0.0315184 -1.20698
0.00703893 0.0317095 -1.2069
0.00690693 0.031899 -1.20679
0.00675786 0.0320805 -1.20668
0.00662496 0.0322577 -1.20655
0.00648892 0.0324277 -1.20643
0.00633722 0.0326133 -1.20632
0.00618878 0.0328247 -1.20621
0.00604339 0.0330366 -1.20612
0.00591763 0.033249 -1.20603
0.0057941 0.0334463 -1.20595
0.00569857 0.0336325 -1.20588
0.00562612 0.0338573 -1.20584
0.00555281 0.0341137 -1.20584
0.00547253 0.0343965 -1.20583
0.00539857 0.0346753 -1.2058
0.00534503 0.0349676 -1.20578
0.00530355 0.0352315 -1.20578
0.00528607 0.035459 -1.20583
0.00527814 0.0356862 -1.20591
0.00525748 0.0358897 -1.20603
0.0052485 0.0360622 -1.20618
0.00523572 0.0362245 -1.20637
0.00519684 0.0363604 -1.20659
0.00512921 0.0364448 -1.20681
0.00509259 0.0365425 -1.20705
0.00504676 0.03666 -1.20729
0.00499589 0.0367553 -1.20755
0.00490068 0.0368389 -1.20782
0.00478523 0.0369305 -1.20807
0.00466618 0.0370627 -1.2083
0.00451272 0.0372169 -1.20851
0.00434691 0.0373859 -1.2087
0.0041473 0.0375808 -1.20888
0.00396158 0.0377887 -1.20904
0.00377962 0.0379966 -1.20919
0.00358123 0.0381949 -1.20934
0.00339929 0.0383679 -1.20948
0.00323914 0.0385601 -1.20963
0.00307432 0.0387474 -1.2098
0.0029231 0.0388977 -1.20996
0.00278882 0.0389637 -1.21014
0.00266894 0.039026 -1.21033
0.00252608 0.0391057 -1.21052
0.00240454 0.0391776 -1.21071
0.00226207 0.0392415 -1.21089
0.00209562 0.0392782 -1.21108
0.00194207 0.0392983 -1.21127
0.00181333 0.0393174 -1.21146
0.00167652 0.0393786 -1.21165
0.00155832 0.0395228 -1.21182
0.00147625 0.0397156 -1.21201
0.00137197 0.039894 -1.21221
0.00129959 0.0400141 -1.2124
0.00128079 0.0401185 -1.21259
0.0013077 0.0402671 -1.21278
0.00131687 0.0404292 -1.21298
0.00129443 0.0405734 -1.21317
0.00130707 0.0406841 -1.21336
0.00130482 0.0407924 -1.21354
0.0012698 0.040941 -1.21372
0.00120622 0.0411204 -1.21385
0.00113663 0.0412777 -1.21397
0.00106543 0.0414162 -1.21404
0.000925196 0.0416103 -1.21409
0.000724975 0.0418802 -1.21411
0.00050297 0.0422382 -1.21411
0.000250047 0.0426494 -1.21409
-1.82021e-05 0.043064 -1.21403
-0.000227366 0.0434767 -1.21393
-0.000317179 0.0438683 -1.21377
-0.000322242 0.044218 -1.21357
-0.000238881 0.0445107 -1.21332
-5.0919e-05 0.044724 -1.21303
0.000286867 0.04482 -1.21271
0.000857833 0.0445549 -1.21236
0.0014813 0.0441138 -1.21199
0.00211024 0.0435161 -1.21161
0.00277131 0.0427603 -1.21126
0.00343408 0.041842 -1.21094
0.00409214 0.0409395 -1.21065
0.00469445 0.0399532 -1.2104
0.0052357 0.0388907 -1.21016
0.00571638 0.0377287 -1.20991
0.00613138 0.0365223 -1.20966
0.0064672 0.0352941 -1.2094
0.0067114 0.034062 -1.20914
0.00690171 0.0328509 -1.2089
0.00706765 0.0317337 -1.20867
0.00721345 0.0307568 -1.20849
0.00731982 0.0298598 -1.20834
0.0074079 0.0289973 -1.20822
0.0075163 0.0281786 -1.20812
0.00769691 0.0274089 -1.20802
0.00794977 0.026688 -1.20791
0.00825416 0.0260702 -1.20778
0.00859153 0.0255724 -1.20763
0.00895453 0.0251372 -1.20746
0.00937297 0.0246677 -1.20727
0.00981622 0.0241232 -1.20707
0.0102463 0.0235271 -1.20687
0.0106688 0.0229214 -1.20668
0.0110654 0.0223187 -1.20649
0.0113648 0.0217141 -1.20634
0.0115965 0.02116 -1.20621
0.0118212 0.020626 -1.20609
0.0120394 0.0200455 -1.20597
0.0122425 0.0193863 -1.20588
0.01246 0.018649 -1.2058
0.0127218 0.0178987 -1.20577
0.0129777 0.0171954 -1.20578
0.0132323 0.016568 -1.20583
0.013509 0.0159767 -1.20592
0.0137625 0.0154044 -1.20602
0.0139968 0.0147974 -1.20614
0.0142401 0.0141455 -1.20628
0.0145083 0.0135046 -1.20642
0.0147668 0.012902 -1.20657
0.0150144 0.0123523 -1.20671
0.0152652 0.011819 -1.20685
0.0155309 0.011326 -1.20699
0.0157848 0.0108251 -1.20712
0.0160039 0.0102466 -1.20727
0.0162133 0.00962646 -1.20742
0.0164353 0.00900676 -1.20758
0.0166159 0.00842961 -1.20773
0.0167555 0.00791218 -1.2079
0.0169095 0.0074335 -1.20805
0.0170809 0.00697498 -1.20821
0.0172496 0.00649575 -1.20834
0.0173948 0.00598472 -1.20845
0.0175399 0.0054587 -1.20852
0.0176836 0.00495745 -1.20858
0.0178165 0.00453919 -1.20861
0.0179319 0.00422571 -1.20863
0.0180461 0.00394339 -1.20864
0.0181647 0.00358181 -1.20865
0.0182456 0.00314513 -1.20864
0.0183159 0.00268993 -1.2086
0.0184393 0.00227646 -1.20857
0.0186269 0.00192219 -1.20855
0.0188161 0.00160897 -1.20853
0.0189692 0.001281 -1.20849
0.0191247 0.000926261 -1.20843
0.0192966 0.000530471 -1.20835
0.0195016 9.95823e-05 -1.20827
0.019707 -0.000302569 -1.2082
0.0199218 -0.000659291 -1.20814
0.020124 -0.00101077 -1.20807
0.020278 -0.0013828 -1.20802
0.0204034 -0.00176106 -1.20799
0.0205736 -0.0021168 -1.208
0.0207644 -0.00243698 -1.20803
0.0209422 -0.00277586 -1.20807
0.0210758 -0.00313657 -1.20815
0.0211825 -0.00345904 -1.20825
0.0212717 -0.0037022 -1.20837
0.0213261 -0.00387374 -1.20848
0.0213842 -0.00404051 -1.20861
0.0214853 -0.00423091 -1.20874
0.0216036 -0.00441038 -1.20886
0.0217095 -0.00457359 -1.20901
0.0217914 -0.0047434 -1.20916
0.0218886 -0.0049224 -1.20932
0.0220222 -0.00511798 -1.20949
0.0221656 -0.00536616 -1.20968
0.0223105 -0.00566989 -1.20988
0.0224345 -0.00598382 -1.21007
0.0225822 -0.00628631 -1.21026
0.0227415 -0.00659138 -1.21045
0.0228771 -0.00682532 -1.21066
0.0229084 -0.00690014 -1.21088
0.0227774 -0.00673582 -1.21112
0.0221957 -0.00585526 -1.21135
0.0214108 -0.00463372 -1.21159
0.0203716 -0.00298278 -1.21182
0.0190531 -0.00104343 -1.21199
0.0175415 0.00115665 -1.21207
0.01598 0.00356716 -1.21204
0.0144715 0.00615747 -1.21192
0.0130635 0.00894292 -1.21171
0.0118324 0.0118956 -1.21145
0.0108492 0.0149679 -1.2112
0.0101351 0.0181085 -1.21101
0.00944653 0.021585 -1.2109
0.0092076 0.0244539 -1.21088
0.0091518 0.0269514 -1.21095
0.00924666 0.0289561 -1.21109
0.00942773 0.0303913 -1.21129
0.00964368 0.0312396 -1.21152
0.00988307 0.0315808 -1.21175
0.0101315 0.03154 -1.21194
0.0103865 0.031195 -1.21211
0.0106114 0.0306334 -1.21228
0.0108029 0.0299476 -1.21244
0.0108381 0.0294228 -1.21264
0.0109745 0.0287731 -1.21289
0.0111264 0.0283129 -1.2132
0.0112559 0.0280757 -1.21357
0.0113538 0.0280248 -1.214
0.0114403 0.0281461 -1.21444
0.0115197 0.0283737 -1.21491
0.0116396 0.0286304 -1.21535
0.0118092 0.0288946 -1.21577
0.0120635 0.0291477 -1.21614
0.0121587 0.029634 -1.21649
0.012328 0.0300514 -1.21681
0.012555 0.030369 -1.21708
0.0128337 0.0305736 -1.21732
0.0131451 0.0306295 -1.21751
0.0134962 0.0305129 -1.21765
0.0138566 0.0301955 -1.21779
0.0142356 0.0297163 -1.21794
0.0146047 0.0291601 -1.21807
0.0149543 0.0285499 -1.21821
0.0152732 0.0279511 -1.21837
0.015564 0.0274521 -1.21854
0.0157969 0.0271014 -1.21876
0.0159536 0.0268963 -1.219
0.0160005 0.0268051 -1.21926
0.0159358 0.0268566 -1.21951
0.01579 0.0270535 -1.2197
0.0155809 0.0273904 -1.21984
0.0152776 0.0278258 -1.21994
0.0149101 0.0283059 -1.22001
0.0145003 0.0287888 -1.22005
0.0140802 0.0292622 -1.22006
0.0136675 0.0297054 -1.22006
0.0132799 0.0300969 -1.22005
0.0129264 0.0303975 -1.22
0.0126218 0.0305773 -1.2199
0.0124005 0.0306269 -1.21975
0.0122672 0.0305666 -1.21955
0.0121804 0.0304021 -1.21928
0.012131 0.0301416 -1.21894
0.0121058 0.0297696 -1.21851
0.0121269 0.029293 -1.21799
0.0121768 0.0287497 -1.21738
0.0122359 0.0281874 -1.21674
0.0122942 0.0276194 -1.21604
0.0123727 0.0270839 -1.21532
0.012495 0.0265525 -1.21457
0.0126374 0.0260314 -1.21381
0.0127973 0.0255351 -1.21305
0.0129738 0.025045 -1.21228
0.0131567 0.0245843 -1.21157
0.0133689 0.0241751 -1.21086
0.0135904 0.0238126 -1.21016
0.0137951 0.0235083 -1.20948
0.0139611 0.0232998 -1.20882
0.0141017 0.023155 -1.20821
0.0142103 0.0230393 -1.20764
0.0142603 0.0229448 -1.20711
0.0142287 0.0228597 -1.20662
0.0141293 0.0228063 -1.20617
0.0139985 0.0228142 -1.20577
0.0138519 0.0229804 -1.20544
0.0137138 0.0232167 -1.20519
0.0135837 0.0234785 -1.20505
0.0134536 0.0237812 -1.20501
0.0133676 0.0240645 -1.20505
0.0133033 0.0243053 -1.20517
0.0132563 0.0245037 -1.20537
0.0132103 0.024731 -1.20564
0.0131394 0.0251545 -1.20606
0.0130402 0.0259244 -1.20661
0.0130558 0.0270395 -1.20734
0.0129198 0.0281789 -1.20827
0.0127331 0.0292228 -1.20938
0.012508 0.0301181 -1.21064
0.0122834 0.0308818 -1.21203
0.012105 0.0315529 -1.21352
0.0119905 0.0321397 -1.21508
0.0119387 0.0326395 -1.21667
0.0119448 0.033046 -1.21829
0.0120127 0.0333049 -1.2199
0.0121438 0.0333519 -1.22151
0.0123102 0.0331877 -1.2231
0.012481 0.03282 -1.22467
0.0126345 0.0322535 -1.22621
0.0126776 0.0316725 -1.22771
0.0127126 0.0309662 -1.22914
0.0127268 0.0302065 -1.23051
0.0127266 0.0294132 -1.23177
0.0127449 0.0285661 -1.23288
0.0129305 0.0277116 -1.23381
0.0131225 0.0269055 -1.23459
0.0133021 0.0261637 -1.23519
0.0134806 0.0254941 -1.23562
0.0136368 0.0249245 -1.23584
0.0137613 0.0244486 -1.23589
0.0138312 0.0240508 -1.23577
0.0138376 0.0237613 -1.23552
0.0137788 0.0235952 -1.23517
0.0135949 0.0235343 -1.23473
0.013368 0.0235644 -1.23418
0.0131213 0.0236366 -1.23354
0.0128401 0.0237452 -1.23282
0.012542 0.0238869 -1.23201
0.0122236 0.0240566 -1.23113
0.0119186 0.0242466 -1.23017
0.0116073 0.0244697 -1.22916
0.0113079 0.0247234 -1.22811
0.0110292 0.025004 -1.22705
0.0107745 0.0252861 -1.22598
0.0105517 0.0255526 -1.22494
0.0103616 0.0258099 -1.22398
0.0102157 0.0260662 -1.22307
0.0101327 0.026338 -1.22221
0.0101133 0.0266048 -1.22144
0.0101351 0.0268502 -1.22072
0.0102024 0.0270603 -1.22009
0.0102794 0.0271991 -1.21954
0.0103698 0.0272705 -1.21906
0.0104849 0.0272993 -1.21863
0.0106139 0.0272772 -1.21827
0.0107555 0.0272049 -1.21799
0.010909 0.0270712 -1.21782
0.0110892 0.0268816 -1.21773
0.0112869 0.0266829 -1.2177
0.0114895 0.0264956 -1.21774
0.0116976 0.0263024 -1.21786
0.0118923 0.0260894 -1.21803
0.0120748 0.0258348 -1.21824
0.0122189 0.0255576 -1.21845
0.0123348 0.0253141 -1.21868
0.0124334 0.0251073 -1.21892
0.0124945 0.0249384 -1.21919
0.012504 0.0247814 -1.21948
0.0124533 0.024638 -1.21977
0.0123437 0.0245404 -1.22008
0.0122012 0.0244992 -1.22041
0.012006 0.0245131 -1.22074
0.0117838 0.0245788 -1.22108
0.0115455 0.0246813 -1.22139
0.0113102 0.0248169 -1.22168
0.0110662 0.0249725 -1.22195
0.0108273 0.0251327 -1.22221
0.0105866 0.0253046 -1.22249
0.0103573 0.0255087 -1.22276
0.0101467 0.0257391 -1.22302
0.00995009 0.0259851 -1.22328
0.00976386 0.0262441 -1.22352
0.00956966 0.0265125 -1.22376
0.00936814 0.0267865 -1.22396
0.00917355 0.0270616 -1.22414
0.00900229 0.0273314 -1.22429
0.00883357 0.027574 -1.22443
0.00866879 0.0277829 -1.22457
0.00851899 0.0279748 -1.22469
0.00837487 0.0281583 -1.22478
0.00822565 0.0283541 -1.22489
0.00810238 0.028547 -1.225
0.00800701 0.0287427 -1.2251
0.00793282 0.0289108 -1.22521
0.00787117 0.029041 -1.2253
0.00780892 0.0291552 -1.22537
0.00774003 0.0292898 -1.22544
0.00768526 0.0294097 -1.22553
0.00763563 0.0295122 -1.22563
0.00755708 0.0295752 -1.22572
0.00746006 0.0295762 -1.22579
0.00733451 0.0295566 -1.22582
0.00717921 0.0295345 -1.22583
0.00701283 0.0294803 -1.2258
0.00683261 0.0293734 -1.22572
0.00665383 0.0292058 -1.22563
0.00645738 0.028995 -1.22553
0.00625078 0.0287662 -1.22541
0.00605474 0.0285546 -1.2253
0.00586034 0.0283391 -1.22521
0.00566263 0.0281056 -1.22509
0.00544808 0.0278826 -1.22496
0.00523469 0.0277012 -1.22483
0.00501955 0.0275759 -1.2247
0.00481215 0.0275197 -1.22455
0.00461818 0.027506 -1.22441
0.00445269 0.0274993 -1.22427
0.00430408 0.0275042 -1.22415
0.00413913 0.0275338 -1.22404
0.00396706 0.0276009 -1.22395
0.00379768 0.0277045 -1.22386
0.00364402 0.0278523 -1.22381
0.0035153 0.0280301 -1.2238
0.00338919 0.0282202 -1.22382
0.00326595 0.0284211 -1.22387
0.00314914 0.0286221 -1.22396
0.00304603 0.0288126 -1.22409
0.00294624 0.0289596 -1.22426
0.00285055 0.0290349 -1.22444
0.00277088 0.0290911 -1.22463
0.0026852 0.0291759 -1.22485
0.0025901 0.0293372 -1.2251
0.00249219 0.029547 -1.22539
0.00238632 0.029751 -1.22569
0.0022715 0.0299119 -1.226
0.00214539 0.030041 -1.22632
0.00198801 0.0301654 -1.22668
0.00180116 0.0303036 -1.22705
0.00162299 0.0304571 -1.22741
0.00144867 0.0306202 -1.22778
0.00125528 0.0307843 -1.22815
0.00103809 0.0309464 -1.22854
0.000795945 0.0311022 -1.22893
0.000551497 0.0312325 -1.22933
0.000296762 0.0313234 -1.22973
7.30402e-05 0.0314083 -1.2301
-0.000137961 0.0314966 -1.23044
-0.000354282 0.0315787 -1.23078
-0.000566897 0.0316367 -1.23111
-0.000777511 0.0316547 -1.23143
-0.000981722 0.0316589 -1.23175
-0.00118299 0.0317013 -1.23206
-0.00138958 0.0317941 -1.23237
-0.00158644 0.0319057 -1.23267
-0.0017827 0.0319683 -1.23294
-0.00197752 0.0319629 -1.23319
-0.00215195 0.031944 -1.23341
-0.00228732 0.0319384 -1.23361
-0.00239621 0.0319777 -1.23381
-0.00248358 0.0320312 -1.23401
-0.00256972 0.0320645 -1.23416
-0.00265427 0.0320724 -1.2343
-0.00272585 0.0320808 -1.23441
-0.00276953 0.0320798 -1.23451
-0.00280219 0.0320818 -1.23458
-0.00282037 0.0320774 -1.23463
-0.00283596 0.0320537 -1.23466
-0.00287244 0.032016 -1.23466
-0.00293755 0.0319799 -1.23465
-0.00304256 0.0319476 -1.2346
-0.00319179 0.0319087 -1.23456
-0.00340643 0.0319125 -1.23451
-0.00370859 0.0319506 -1.23445
-0.00408416 0.03202 -1.23437
-0.00449639 0.0320846 -1.23427
-0.004929 0.0321253 -1.23418
-0.00536779 0.0321499 -1.23411
-0.00581951 0.0321687 -1.23405
-0.00628151 0.0321751 -1.234
-0.00672126 0.0321789 -1.23396
-0.0071223 0.0321894 -1.23393
-0.00746497 0.0321947 -1.23392
-0.00775174 0.0321995 -1.23395
-0.00796192 0.0321772 -1.234
-0.00813596 0.0321095 -1.23407
-0.00827057 0.0320174 -1.23417
-0.00837851 0.031943 -1.23429
-0.00846274 0.0319005 -1.23444
-0.00854743 0.031886 -1.23462
-0.00867761 0.0318953 -1.23481
-0.00886672 0.0319216 -1.23502
-0.00913667 0.0319618 -1.23522
-0.00948293 0.0319927 -1.23541
-0.00988232 0.0319898 -1.23561
-0.0103188 0.0319619 -1.23584
-0.0107868 0.0320005 -1.23607
-0.0112972 0.0321011 -1.23632
-0.0118192 0.0322438 -1.2366
-0.0123083 0.0323395 -1.23687
-0.0127331 0.0322874 -1.23716
-0.0130765 0.0320641 -1.23744
-0.0133088 0.0316888 -1.23771
-0.0134436 0.0312118 -1.23799
-0.0134538 0.0307136 -1.23826
-0.0133472 0.0302247 -1.23853
-0.0131465 0.0297479 -1.2388
-0.0129683 0.0292604 -1.23907
-0.0126425 0.0288344 -1.23933
-0.0122878 0.0284743 -1.23957
-0.0119207 0.0282259 -1.23977
-0.0116326 0.0281235 -1.23994
-0.0115096 0.0281621 -1.2401
-0.0116012 0.02835 -1.24024
-0.011928 0.028668 -1.24036
-0.012486 0.0290828 -1.24045
-0.0132407 0.029567 -1.24051
-0.0142355 0.0300798 -1.24055
-0.0153334 0.0304158 -1.24056
-0.0164617 0.0306235 -1.24052
-0.0175225 0.030667 -1.24043
-0.0184195 0.0305362 -1.24033
-0.0190898 0.0302644 -1.24025
-0.0195147 0.0298649 -1.24019
-0.0197028 0.0293761 -1.24014
-0.019666 0.0288493 -1.24013
-0.0196404 0.0282951 -1.24018
-0.0194194 0.0277922 -1.24026
-0.0190642 0.0273712 -1.24035
-0.0186298 0.0270217 -1.24044
-0.0181278 0.0267702 -1.24052
-0.0176488 0.0266119 -1.24061
-0.0172339 0.0265682 -1.24069
-0.0168927 0.0266289 -1.24074
-0.0166045 0.0267929 -1.24076
-0.0163482 0.0270487 -1.24073
-0.0161744 0.0273473 -1.24068
-0.0159866 0.0277084 -1.24062
-0.0157645 0.02811 -1.24059
-0.0155125 0.0285112 -1.2406
-0.0151079 0.0287633 -1.24065
-0.0146614 0.0288989 -1.24072
-0.0141563 0.028931 -1.24085
-0.0136029 0.0288679 -1.24103
-0.0130071 0.0287068 -1.24122
-0.0124447 0.0284699 -1.24142
-0.0118154 0.0281673 -1.2416
-0.0111282 0.0278202 -1.24173
-0.0104101 0.0274632 -1.24183
-0.00966576 0.0271359 -1.2419
-0.00894152 0.0268586 -1.24194
-0.00826625 0.0266396 -1.24196
-0.00766575 0.0264787 -1.24196
-0.00717105 0.0263907 -1.24194
-0.00678677 0.0263767 -1.24195
-0.00651598 0.0264072 -1.24195
-0.00635525 0.0264701 -1.24194
-0.00628308 0.0265467 -1.24196
-0.00626364 0.0266228 -1.242
-0.00626158 0.0266784 -1.24203
-0.00623537 0.0267281 -1.24206
-0.0061719 0.0267626 -1.24208
-0.00604405 0.0267462 -1.24208
-0.00584398 0.0266793 -1.24208
-0.00557856 0.026552 -1.24207
-0.00526627 0.0263797 -1.24206
-0.00489753 0.0261871 -1.24205
-0.00449505 0.0259714 -1.24204
-0.00408161 0.0257662 -1.24207
-0.00367499 0.0255713 -1.24212
-0.00327668 0.0253798 -1.24219
-0.00291365 0.0252079 -1.24225
-0.00259045 0.025052 -1.2423
-0.0023141 0.0248824 -1.24234
-0.00207751 0.024714 -1.24236
-0.00190295 0.0245581 -1.24238
-0.0017814 0.0244228 -1.24239
-0.00170596 0.0243131 -1.24239
-0.00168032 0.024222 -1.24241
-0.00169088 0.0241394 -1.24244
-0.00170536 0.0240523 -1.24248
-0.00169925 0.0239489 -1.24253
-0.00167179 0.02384 -1.24261
-0.00159018 0.0237305 -1.24269
-0.00145645 0.0236137 -1.24278
-0.00126549 0.0235021 -1.24288
-0.00100711 0.0233997 -1.243
-0.000689953 0.0233147 -1.24313
-0.000356895 0.0232415 -1.24325
-3.30484e-05 0.0231604 -1.24337
0.000293093 0.0230838 -1.2435
0.000592748 0.0229998 -1.2436
0.0008429 0.0228965 -1.2437
0.00101864 0.0227723 -1.24378
0.00112357 0.0226531 -1.24384
0.00116438 0.0225165 -1.24391
0.00116371 0.0223824 -1.24398
0.00112069 0.0222611 -1.24406
0.00104245 0.0221655 -1.24414
0.000972755 0.0220881 -1.24421
0.000925726 0.0220288 -1.24428
0.000909666 0.0219741 -1.24435
0.000934374 0.0219104 -1.24443
0.00101788 0.0218629 -1.24451
0.00115479 0.0218377 -1.2446
0.00135393 0.0218235 -1.24469
0.00158985 0.0218111 -1.24478
0.00185189 0.0217961 -1.24489
0.0021224 0.0217705 -1.245
0.00237485 0.0217281 -1.24509
0.00258881 0.0216647 -1.24519
0.00276495 0.0215869 -1.24527
0.00289415 0.0214984 -1.24535
0.00297523 0.0214143 -1.2454
0.00300739 0.021321 -1.24545
0.00299734 0.0212223 -1.24548
0.00294833 0.0211417 -1.24551
0.00287743 0.0210694 -1.24554
0.0028065 0.0210005 -1.24558
0.00275399 0.020952 -1.2456
0.00273268 0.020923 -1.24563
0.00274284 0.0209092 -1.24566
0.00280292 0.0208982 -1.24572
0.00290967 0.0208984 -1.24579
0.00304738 0.020913 -1.24588
0.00322235 0.0209329 -1.24596
0.00341946 0.0209497 -1.24605
0.00362543 0.020968 -1.24613
0.00382028 0.0209778 -1.24621
0.00399246 0.0209691 -1.24627
0.00412285 0.0209435 -1.24632
0.00422246 0.020904 -1.24638
0.00427603 0.0208649 -1.24644
0.00427772 0.020824 -1.24647
0.00425162 0.0207863 -1.24651
0.00420686 0.0207563 -1.24656
0.00416378 0.0207257 -1.24662
0.00413745 0.0207045 -1.24668
0.004121 0.0206825 -1.24674
0.0041286 0.0206694 -1.2468
0.00416614 0.0206672 -1.24688
0.00423379 0.020661 -1.24696
0.00432479 0.0206628 -1.24706
0.00444673 0.0206653 -1.24716
0.00459442 0.0206702 -1.24725
0.00475476 0.0206768 -1.24734
0.00491488 0.0206784 -1.24743
0.00505375 0.0206805 -1.24752
0.00515446 0.0206849 -1.24759
0.00522156 0.0206898 -1.24766
0.00526304 0.0206963 -1.24772
0.00526854 0.0207084 -1.24778
0.00524365 0.0207187 -1.24783
0.0052012 0.0207416 -1.24789
0.00513653 0.0207577 -1.24794
0.00508034 0.020777 -1.248
0.00503144 0.0208002 -1.24805
0.00500807 0.020816 -1.2481
0.00501532 0.0208368 -1.24816
0.00504105 0.0208518 -1.24821
0.0050915 0.0208716 -1.24828
0.00515805 0.0209037 -1.24834
0.00524113 0.0209255 -1.24841
0.00533951 0.0209556 -1.24847
0.0054374 0.0209744 -1.24856
0.00552314 0.0209969 -1.24864
0.0056018 0.0210335 -1.2487
0.00566258 0.0210848 -1.24876
0.00571476 0.0211302 -1.24881
0.00574573 0.0211651 -1.24886
0.00574567 0.0212052 -1.24892
0.00572454 0.0212379 -1.24898
0.00568897 0.021266 -1.24903
0.00564602 0.0212931 -1.24909
0.00558662 0.0213231 -1.24915
0.00552401 0.021352 -1.24922
0.00546848 0.0213732 -1.24929
0.00542952 0.0214032 -1.24937
0.00542251 0.0214399 -1.24944
0.00544337 0.021478 -1.24953
0.00548455 0.0215093 -1.24964
0.00554394 0.0215447 -1.24975
0.00563156 0.0215693 -1.24984
0.00572661 0.0215848 -1.24994
0.00581698 0.0216111 -1.25003
0.00589469 0.0216599 -1.25013
0.00595143 0.0217034 -1.25021
0.00600059 0.021742 -1.25027
0.00602517 0.0217952 -1.25033
0.00602716 0.0218454 -1.25039
0.00600738 0.0218983 -1.25044
0.0059691 0.0219501 -1.2505
0.00592292 0.0219973 -1.25054
0.00588176 0.0220419 -1.25059
0.00584728 0.0220971 -1.25067
0.00583733 0.022155 -1.25073
0.00583898 0.0222151 -1.25079
0.00584811 0.0222672 -1.25088
0.00587022 0.0223193 -1.25096
0.00590305 0.0223658 -1.25105
0.00593629 0.0224018 -1.25113
0.00597591 0.0224331 -1.2512
0.00602118 0.0224676 -1.25125
0.00605849 0.0225022 -1.25131
0.00609192 0.0225536 -1.25138
0.00612415 0.0226039 -1.25145
0.00614584 0.0226583 -1.25152
0.00614951 0.02272 -1.25158
0.00614431 0.0227834 -1.25164
0.00611443 0.0228438 -1.2517
0.00606862 0.022907 -1.25175
0.00601679 0.0229611 -1.25183
0.00595582 0.023013 -1.25193
0.00589917 0.0230677 -1.25201
0.00585767 0.0231142 -1.25208
0.00582649 0.0231751 -1.25216
0.00580834 0.0232316 -1.25223
0.0058003 0.0232979 -1.25231
0.00580804 0.0233512 -1.25238
0.00582949 0.0233912 -1.25246
0.00585748 0.0234381 -1.25253
0.00589411 0.0234709 -1.2526
0.00591602 0.0235077 -1.25267
0.00593225 0.0235509 -1.25274
0.00593515 0.0236039 -1.25281
0.00592883 0.0236575 -1.25288
0.0059086 0.0237073 -1.25296
0.00588302 0.023752 -1.25303
0.00585666 0.0238065 -1.25309
0.00583986 0.0238737 -1.25315
0.00580727 0.0239306 -1.2532
0.00576868 0.0239903 -1.25326
0.00574021 0.0240473 -1.25332
0.00570601 0.0241134 -1.25339
0.00567354 0.0241729 -1.25346
0.00566361 0.024234 -1.25355
0.00565746 0.024288 -1.25365
0.00567288 0.0243317 -1.25374
0.00569324 0.0243693 -1.25381
0.00570352 0.0244006 -1.25389
0.00570961 0.0244441 -1.25395
0.00572106 0.0244931 -1.25402
0.00571614 0.0245454 -1.25409
0.00572194 0.0245944 -1.25416
0.0057261 0.0246465 -1.25425
0.00571147 0.024697 -1.25433
0.00568005 0.0247504 -1.25442
0.00563144 0.0248013 -1.2545
0.00559425 0.0248508 -1.25456
0.00554991 0.0248991 -1.25463
0.00551372 0.0249475 -1.25471
0.00547907 0.025007 -1.25479
0.0054529 0.0250711 -1.25486
0.00543975 0.0251377 -1.25493
0.00543515 0.0251958 -1.25501
0.00544909 0.0252434 -1.2551
0.00546564 0.0252912 -1.2552
0.00547809 0.0253457 -1.25529
0.0054907 0.0254022 -1.25539
0.00549884 0.0254612 -1.25548
0.0055034 0.0255101 -1.25556
0.00549237 0.0255511 -1.25564
0.00547769 0.0255894 -1.25571
0.00545854 0.0256403 -1.25578
0.0054332 0.0256952 -1.25586
0.00540419 0.0257475 -1.25595
0.00537024 0.025792 -1.25603
0.00534431 0.0258508 -1.25611
0.00531111 0.025905 -1.25621
0.00527395 0.0259507 -1.25629
0.00523956 0.0259997 -1.25635
0.00522565 0.0260481 -1.25644
0.00521942 0.0260902 -1.25653
0.00523231 0.0261387 -1.25662
0.00524965 0.0261952 -1.2567
0.00525765 0.0262479 -1.25678
0.00527119 0.0262927 -1.25685
0.00527873 0.02635 -1.25693
0.00527524 0.0264098 -1.25701
0.00525645 0.0264501 -1.25709
0.00523092 0.0264801 -1.25717
0.00520491 0.0264992 -1.25724
0.0051834 0.0265205 -1.2573
0.00516371 0.0265472 -1.25736
0.00513935 0.0265813 -1.25744
