%roll pitch yaw
0.00523004 -0.0177949 0.0827318
0.00522036 -0.0177119 0.082699
0.00521639 -0.0176212 0.0826655
0.00521355 -0.0175473 0.0826274
0.00519337 -0.0174776 0.0825998
0.00517071 -0.0174153 0.0825701
0.00516187 -0.0173611 0.0825338
0.00516447 -0.0173084 0.0824974
0.00517716 -0.0172607 0.0824616
0.00518353 -0.0172293 0.0824148
0.00518912 -0.0171857 0.0823826
0.00519813 -0.017145 0.0823586
0.00520943 -0.0171017 0.0823503
0.00521134 -0.0170602 0.0823383
0.00521775 -0.017031 0.0823155
0.00521277 -0.0169947 0.0822914
0.00520843 -0.0169578 0.0822641
0.00520626 -0.016924 0.0822444
0.00518789 -0.0168825 0.082228
0.00518365 -0.0168404 0.0822227
0.00518821 -0.0168011 0.0822304
0.00520047 -0.0167821 0.0822534
0.00519422 -0.0167584 0.0822828
0.00518437 -0.0167319 0.0823126
0.00517062 -0.0167226 0.0823631
0.00516847 -0.0167182 0.0824127
0.00517909 -0.0167059 0.0824726
0.00518582 -0.0167067 0.082561
0.00519714 -0.0167209 0.0826456
0.00520554 -0.0167327 0.0827191
0.00520957 -0.0167248 0.0827874
0.00523572 -0.0167303 0.0828501
0.00525939 -0.016742 0.0829124
0.00527547 -0.0167654 0.0829735
0.00527849 -0.0167849 0.0830357
0.00528957 -0.0168042 0.0830922
0.00530682 -0.0168176 0.0831305
0.00533678 -0.0168495 0.0831589
0.00535547 -0.0168744 0.0832029
0.00537433 -0.016908 0.0832394
0.0053864 -0.0169454 0.0832649
0.00539378 -0.0169754 0.0832949
0.00539794 -0.0170135 0.0833174
0.00539604 -0.0170464 0.083339
0.00539152 -0.0170794 0.0833462
0.00537735 -0.0170886 0.0833338
0.00536955 -0.0170915 0.0833148
0.00537117 -0.0170983 0.0832994
0.00537479 -0.01709 0.0832859
0.00536705 -0.0170891 0.0832602
0.0053552 -0.0171009 0.0832106
0.0053436 -0.0171066 0.0831559
0.00533104 -0.0171186 0.0831086
0.0053146 -0.0171191 0.0830684
0.00530996 -0.0171119 0.0830253
0.00530503 -0.0170972 0.0829844
0.00528511 -0.0170865 0.0829353
0.00526087 -0.0170777 0.0828925
0.00524583 -0.0170751 0.0828598
0.00523535 -0.017048 0.0828271
0.00522987 -0.0170332 0.0827857
0.00522177 -0.0170177 0.0827299
0.00522043 -0.0170178 0.0826853
0.0052132 -0.0170083 0.0826461
0.00521787 -0.0169962 0.0826139
0.00521502 -0.0169802 0.082585
0.00520962 -0.0169564 0.0825778
0.00521061 -0.0169389 0.0825656
0.00519963 -0.0169185 0.0825475
0.00519609 -0.0168939 0.0825241
0.0051783 -0.0168623 0.0825212
0.00516525 -0.0168365 0.0825123
0.00516108 -0.0168155 0.0825117
0.00514953 -0.0167819 0.0825128
0.00513435 -0.0167497 0.0825165
0.00512043 -0.0167194 0.0825272
0.00510739 -0.0166804 0.0825392
0.00510952 -0.0166323 0.0825484
0.00510667 -0.0165727 0.082578
0.00511594 -0.0165027 0.0826266
0.00512577 -0.0164423 0.0826884
0.00512507 -0.0163802 0.0827545
0.00512026 -0.0163217 0.08282
0.00512843 -0.0162642 0.0828783
0.0051268 -0.0162166 0.0829261
0.005126 -0.0161762 0.082986
0.00511404 -0.0161078 0.0830537
0.00511209 -0.0160382 0.0831027
0.00510672 -0.0159719 0.0831591
0.00510498 -0.0158849 0.0832154
0.00510305 -0.0157946 0.083271
0.00510483 -0.0157276 0.0833264
0.00511821 -0.0156798 0.0833773
0.00513045 -0.0156434 0.0834298
0.0051384 -0.0155922 0.0834895
0.00514529 -0.0155487 0.0835258
0.0051693 -0.0155024 0.0835312
0.0051892 -0.0154365 0.0835442
0.00521239 -0.0153684 0.083563
0.00523432 -0.0152908 0.0835761
0.00525113 -0.0152036 0.0835869
0.00525257 -0.0151257 0.0835682
0.00525545 -0.0150358 0.0835394
0.00525598 -0.014941 0.0835062
0.00525164 -0.0148466 0.0834744
0.00522783 -0.0147395 0.0834667
0.00519229 -0.0146294 0.0834549
0.00515462 -0.0145154 0.0834361
0.00512434 -0.0144123 0.0834202
0.00510275 -0.0143195 0.0834015
0.00509044 -0.0142315 0.0833702
0.00507541 -0.0141458 0.0833298
0.00505119 -0.0140534 0.0832983
0.00504518 -0.0139726 0.0832775
0.00502977 -0.0139071 0.0832649
0.00500927 -0.0138323 0.0832537
0.00500278 -0.01375 0.0832487
0.00499053 -0.0136538 0.0832454
0.00498671 -0.0135772 0.0832261
0.004997 -0.0135032 0.0832006
0.00500021 -0.0134555 0.0831825
0.00499724 -0.0134106 0.0831804
0.00498809 -0.0133672 0.0831922
0.00497661 -0.0133367 0.0832095
0.00497144 -0.0132997 0.0832059
0.00497983 -0.0132577 0.083197
0.00497528 -0.0132193 0.0831876
0.0049839 -0.0131617 0.083197
0.00499507 -0.0130952 0.0831929
0.00498987 -0.0130165 0.0831936
0.0049768 -0.0129418 0.0831765
0.0049578 -0.0128546 0.0831666
0.00493144 -0.0127508 0.0831746
0.00490004 -0.0126605 0.0831742
0.00488505 -0.0125616 0.0831873
0.00486547 -0.0124518 0.0831975
0.0048593 -0.0123524 0.0831932
0.00485705 -0.0122486 0.0831985
0.00485708 -0.0121646 0.0831936
0.00486418 -0.0120872 0.0831804
0.00485935 -0.0120032 0.083178
0.00484811 -0.0119341 0.0831974
0.00484519 -0.011871 0.0832117
0.00483587 -0.0117987 0.0832141
0.00482933 -0.0117215 0.0831954
0.00483042 -0.0116442 0.0831673
0.00483304 -0.0115733 0.0831375
0.00484302 -0.0115066 0.0830952
0.00483977 -0.0114526 0.0830588
0.00483785 -0.0114002 0.0830305
0.00484819 -0.011358 0.0829828
0.00485069 -0.0113367 0.0829291
0.00484742 -0.011321 0.0828745
0.00483903 -0.0113151 0.0828124
0.00481985 -0.0113253 0.0827503
0.00480578 -0.011323 0.0826961
0.00479045 -0.0113229 0.0826336
0.00476487 -0.0113361 0.0825632
0.00474348 -0.0113389 0.0824901
0.00470971 -0.0113397 0.0824197
0.00468592 -0.0113341 0.082354
0.00465711 -0.0113277 0.0823099
0.00462351 -0.0113307 0.0822715
0.00461741 -0.011328 0.0822429
0.00459512 -0.0113281 0.0822306
0.00456666 -0.011312 0.0822165
0.00455351 -0.0112847 0.0822131
0.00453542 -0.01127 0.0822117
0.00451666 -0.0112632 0.0822175
0.00449267 -0.0112624 0.0822486
0.0044835 -0.011272 0.0822794
0.00446037 -0.0112767 0.0823325
0.00445253 -0.0112887 0.0824038
0.0044491 -0.0112894 0.0824909
0.00444656 -0.0112967 0.0825647
0.00442893 -0.0113112 0.0826542
0.00442988 -0.0113412 0.0827592
0.0044385 -0.0113768 0.0828787
0.00444476 -0.0114123 0.0829975
0.00446269 -0.0114559 0.0831034
0.00447027 -0.0114861 0.0832157
0.00448524 -0.0115255 0.0833366
0.0045016 -0.0115658 0.0834597
0.00451196 -0.011591 0.0835856
0.00450544 -0.0116135 0.0837041
0.00449125 -0.0116187 0.083823
0.00447497 -0.0116119 0.0839233
0.00445606 -0.0116071 0.0840067
0.00442925 -0.0116137 0.0840779
0.00440942 -0.0116264 0.084117
0.00438329 -0.0116333 0.084132
0.00436965 -0.011621 0.0841284
0.00436948 -0.0116016 0.0841054
0.00437395 -0.0115682 0.0840674
0.00437236 -0.0115383 0.0840086
0.00436774 -0.0115292 0.0838994
0.00438064 -0.0115301 0.0837694
0.00438575 -0.0115368 0.0836189
0.00439556 -0.0115492 0.0834506
0.00440339 -0.0115707 0.0832638
0.00441655 -0.0115864 0.0830724
0.00443608 -0.0115922 0.0828644
0.00445118 -0.0116013 0.0826505
0.00445435 -0.0116183 0.0824403
0.00446094 -0.0116398 0.0822482
0.00445814 -0.0116577 0.0820604
0.00443838 -0.0116729 0.0818618
0.00439366 -0.0116932 0.0816618
0.00435706 -0.0116949 0.0814777
0.00431692 -0.0116921 0.0812987
0.00428653 -0.0116939 0.0811628
0.00423811 -0.0116732 0.0810544
0.00419981 -0.0116356 0.0809753
0.00415382 -0.0115829 0.0809346
0.00410462 -0.0115215 0.0808937
0.00406158 -0.0114526 0.0808855
0.00403387 -0.0113865 0.0808934
0.0040116 -0.011336 0.0809141
0.00398847 -0.0112881 0.0809465
0.00397217 -0.0112398 0.0809885
0.00393531 -0.0111763 0.0810403
0.00390411 -0.0110812 0.0811181
0.0038867 -0.0110032 0.0811988
0.00387112 -0.0109281 0.0812633
0.00386542 -0.0108603 0.0813377
0.00385466 -0.0107961 0.0814212
0.00384168 -0.0107478 0.0815221
0.00383012 -0.0106981 0.0816168
0.0038218 -0.0106461 0.081694
0.00384596 -0.0105927 0.0817663
0.00387636 -0.0105453 0.0818376
0.0039038 -0.0104991 0.0819003
0.00394758 -0.0104485 0.0819488
0.00398409 -0.0103842 0.0820011
0.00401135 -0.0103146 0.0820382
0.00402343 -0.0102443 0.0820647
0.00403453 -0.010189 0.0820894
0.00402563 -0.0101373 0.0821113
0.00400532 -0.0100733 0.0821081
0.00398399 -0.00998378 0.0820814
0.0039595 -0.00990231 0.0820427
0.00394186 -0.00981637 0.0819924
0.00394446 -0.00973421 0.081941
0.00394299 -0.00964737 0.0818786
0.00394699 -0.00956133 0.0818013
0.00395117 -0.00949396 0.0817357
0.00396046 -0.00943182 0.0816555
0.00397382 -0.00938777 0.0815927
0.00397935 -0.00934315 0.0815389
0.0039802 -0.00927944 0.0814901
0.00397996 -0.00921125 0.0814552
0.00397745 -0.0091568 0.0814199
0.00397969 -0.00909646 0.0813976
0.00399183 -0.00905121 0.0813999
0.00399679 -0.00900791 0.0814093
0.00399492 -0.00895901 0.0814288
0.00399902 -0.00890953 0.0814457
0.00400753 -0.0088558 0.0814562
0.00399881 -0.00879227 0.081484
0.00397658 -0.00872736 0.0815363
0.00395608 -0.00866813 0.0815965
0.00393614 -0.00860536 0.0816528
0.00391593 -0.00852649 0.0817119
0.00389611 -0.00844322 0.0817602
0.00388352 -0.00835797 0.0817993
0.00389091 -0.00827585 0.0818474
0.00389079 -0.00819279 0.0819059
0.0038939 -0.00810222 0.0819444
0.00389606 -0.00802822 0.0819881
0.00390339 -0.00796294 0.0820211
0.00391679 -0.00789244 0.0820388
0.00394082 -0.00781778 0.0820511
0.00397684 -0.00776653 0.0820581
0.00400333 -0.00773233 0.0820553
0.00401779 -0.007701 0.0820532
0.00403649 -0.00767887 0.082031
0.00405541 -0.00765414 0.082007
0.00408942 -0.00761652 0.0820172
0.00413884 -0.00758441 0.0820509
0.00419867 -0.00754539 0.0821142
0.00425722 -0.00749464 0.0821739
0.00431692 -0.00744432 0.0822192
0.00436442 -0.00738523 0.082249
0.00440108 -0.00733662 0.0822651
0.00443811 -0.00728995 0.0822859
0.00445186 -0.00724764 0.0822917
0.00444435 -0.00720134 0.0822957
0.00443375 -0.00715487 0.0822834
0.0044437 -0.00710874 0.0822658
0.00444876 -0.00705648 0.0822514
0.00446448 -0.0070303 0.08223
0.00449844 -0.00701825 0.0821989
0.00452229 -0.00700007 0.0821803
0.00455023 -0.00698446 0.0821546
0.00458347 -0.00697632 0.0821072
0.00462792 -0.0069654 0.0820585
0.00466481 -0.00696157 0.0819865
0.00469139 -0.00693452 0.0818952
0.00471424 -0.006899 0.0817973
0.00471812 -0.00686539 0.0816976
0.00472423 -0.0068306 0.081608
0.00472819 -0.00680238 0.0815286
0.00473136 -0.00676469 0.0814701
0.0047382 -0.00672122 0.0814498
0.00475107 -0.00667436 0.0814469
0.00476174 -0.00661441 0.0814658
0.00478023 -0.00657959 0.0815015
0.00479626 -0.00654028 0.0815385
0.00480009 -0.00649684 0.0815895
0.00478825 -0.00645534 0.0816243
0.00476522 -0.00641955 0.0816437
0.00474046 -0.00638741 0.0816722
0.00470885 -0.00635876 0.0816917
0.00467549 -0.00632725 0.0817305
0.00465152 -0.00630853 0.0817772
0.00463294 -0.00628885 0.0818254
0.00461759 -0.00628126 0.0818791
0.00460754 -0.00627755 0.0819357
0.00461293 -0.00627312 0.0819962
0.00463938 -0.00628573 0.0820762
0.00468233 -0.00628896 0.0821644
0.00472889 -0.00629286 0.0822524
0.00478308 -0.00630159 0.0823311
0.00483883 -0.00629735 0.0824029
0.00489651 -0.00630091 0.0824433
0.0049505 -0.00630583 0.0824708
0.00501608 -0.00633071 0.0824839
0.00507032 -0.00635034 0.0824826
0.00511905 -0.00637526 0.0824632
0.00515484 -0.00639285 0.0824332
0.00516782 -0.00640634 0.082389
0.00518808 -0.00643079 0.0823571
0.00518669 -0.00645482 0.0823078
0.00519252 -0.00647995 0.0822461
0.00519884 -0.00650936 0.0821662
0.0051965 -0.00653037 0.082075
0.00519715 -0.00655064 0.0819735
0.00518094 -0.00657195 0.0818656
0.00515982 -0.00660815 0.0817278
0.00512172 -0.00663986 0.0815858
0.00507784 -0.0066492 0.0814403
0.00502818 -0.00664422 0.0812928
0.00496805 -0.00665325 0.0811624
0.00489998 -0.0066433 0.0810309
0.00483346 -0.00663457 0.0809215
0.00478418 -0.00662391 0.0808165
0.0047554 -0.00661556 0.0807187
0.00474337 -0.00661064 0.0806463
0.00474282 -0.0066062 0.0805955
0.00474285 -0.00661682 0.0805716
0.00475128 -0.0066319 0.0805466
0.00476103 -0.0066507 0.0805497
0.00477893 -0.00665683 0.0805733
0.00479817 -0.00666229 0.0806088
0.00480447 -0.0066838 0.0806695
0.00480078 -0.00671215 0.0807482
0.00479286 -0.0067394 0.080844
0.00477907 -0.0067816 0.0809557
0.00476794 -0.0068074 0.0810793
0.00474893 -0.00683759 0.0812059
0.00472606 -0.00687032 0.081338
0.00470924 -0.00689969 0.0814719
0.00469279 -0.00692278 0.0815962
0.00467554 -0.00694401 0.081707
0.00466649 -0.00697948 0.0818159
0.00464742 -0.00701591 0.0819137
0.00462986 -0.00704851 0.0820058
0.00461141 -0.00707524 0.0820807
0.00459744 -0.00709043 0.0821507
0.00457985 -0.00710674 0.0822184
0.00456665 -0.00712832 0.0822729
0.00456148 -0.00715423 0.0823016
0.00456621 -0.00717306 0.0823074
0.00458237 -0.00719759 0.082299
0.00461098 -0.00723197 0.0822882
0.00464341 -0.00726871 0.0822695
0.0046799 -0.00730123 0.0822362
0.00471477 -0.00732632 0.0821891
0.00474603 -0.00735727 0.0821188
0.00477458 -0.00740388 0.0820341
0.00480391 -0.0074585 0.0819683
0.00482351 -0.00750732 0.0819087
0.00483447 -0.00755811 0.0818396
0.0048392 -0.00759504 0.0817773
0.00484947 -0.00762893 0.0817248
0.00484374 -0.00766415 0.081662
0.0048329 -0.00770551 0.0816129
0.004825 -0.0077399 0.0815636
0.00481061 -0.00778239 0.0815177
0.00478941 -0.00782746 0.0814836
0.00477103 -0.00786946 0.0814491
0.00475376 -0.00791072 0.0814251
0.00473148 -0.00795009 0.0814216
0.00469735 -0.00799149 0.0814313
0.00465872 -0.008036 0.0814638
0.0046375 -0.00808428 0.0815084
0.0046237 -0.0081354 0.0815437
0.00461641 -0.00818023 0.0815737
0.00461732 -0.00822211 0.0816002
0.00462428 -0.00825863 0.0816383
0.00463492 -0.00830352 0.0816765
0.00465654 -0.00833792 0.0817103
0.00468084 -0.00838228 0.0817287
0.00471579 -0.0084247 0.0817424
0.00474352 -0.0084669 0.0817371
0.00476166 -0.00850869 0.0817542
0.00477467 -0.00854351 0.0817802
0.00478403 -0.00858124 0.0818128
0.00479201 -0.00862186 0.0818457
0.00479865 -0.00865913 0.0818712
0.00480457 -0.00869423 0.0818873
0.00481947 -0.00873201 0.0818864
0.00481951 -0.00878306 0.0818598
0.00480998 -0.00883118 0.0818199
0.00480769 -0.00886263 0.0817748
0.00479373 -0.00888981 0.081741
0.00477059 -0.00891422 0.0817198
0.00474986 -0.00894519 0.0816992
0.00471813 -0.00897111 0.0816725
0.00469324 -0.00898885 0.0816405
0.0046847 -0.00900131 0.0816047
0.00467926 -0.00901118 0.081588
0.00468153 -0.00902948 0.0815816
0.00468304 -0.00905933 0.08157
0.00468581 -0.00908175 0.0815544
0.00466824 -0.00910564 0.0815256
0.00466112 -0.00914076 0.0814978
0.0046826 -0.00916662 0.0814803
0.00469703 -0.00918368 0.0814871
0.00473043 -0.0091928 0.0814997
0.00475392 -0.00920281 0.0815251
0.00476941 -0.0092068 0.0815687
0.00478015 -0.00922631 0.0816202
0.00477738 -0.00925164 0.0816616
0.00476012 -0.00926544 0.081708
0.00474517 -0.0092863 0.081745
0.00471168 -0.00931354 0.0817926
0.004685 -0.00933637 0.0818242
0.00466179 -0.00934747 0.0818548
0.00465862 -0.00933821 0.0818689
0.0046538 -0.00934339 0.0818961
0.00463815 -0.00935503 0.0819259
0.00463005 -0.00936121 0.0819444
0.00462477 -0.00937259 0.0819537
0.00461128 -0.00938858 0.0819474
0.00459504 -0.00941112 0.0819413
0.00458372 -0.00942975 0.0819292
0.00457466 -0.00943936 0.081918
0.00456498 -0.00944663 0.0818931
0.00455709 -0.00944314 0.0818469
0.00456061 -0.00945598 0.0817901
0.00456458 -0.00947485 0.0817188
0.00455879 -0.00948992 0.0816545
0.00454517 -0.00951819 0.0815809
0.00453652 -0.00954548 0.0815232
0.0045422 -0.00959055 0.0814805
0.00456486 -0.00962351 0.0814541
0.00460017 -0.00966211 0.0814458
0.0046111 -0.00968636 0.0814565
0.00460563 -0.00970665 0.0814844
0.00459063 -0.00972702 0.0815046
0.00455175 -0.00975005 0.0815319
0.00451787 -0.00977571 0.0815701
0.00448403 -0.00980267 0.0815953
0.00445016 -0.00982495 0.0816054
0.00441679 -0.00984699 0.0816136
0.00437829 -0.00987189 0.0816342
0.00434398 -0.0098933 0.0816584
0.00432488 -0.00991753 0.0816971
0.00431308 -0.00996165 0.0817136
0.00432127 -0.0100226 0.0817449
0.00432963 -0.0100851 0.0817762
0.00433344 -0.0101422 0.0817994
0.00434609 -0.0102013 0.0818287
0.00437174 -0.010252 0.0818346
0.00439079 -0.0102966 0.0818488
0.00440123 -0.0103353 0.0818472
0.00439971 -0.010372 0.0818423
0.00440868 -0.0104003 0.081837
0.00440668 -0.010423 0.0818111
0.00440456 -0.0104513 0.081784
0.00437651 -0.0104942 0.0817672
0.00432017 -0.0105499 0.0817638
0.00427749 -0.0106055 0.0817597
0.00422922 -0.0106565 0.0817624
0.00419305 -0.0106927 0.0817824
0.0041493 -0.0107274 0.0818227
0.00411086 -0.0107508 0.0818729
0.00406884 -0.0107597 0.0819085
0.00402493 -0.0107447 0.0819547
0.00397045 -0.0107285 0.0820066
0.00391865 -0.0107118 0.0820448
0.00386223 -0.0106709 0.0820921
0.00380223 -0.0106033 0.0821455
0.00375495 -0.0105382 0.0821884
0.00372216 -0.0104739 0.0822151
0.00369249 -0.0104367 0.0822329
0.00367157 -0.0104067 0.0822524
0.0036709 -0.0103798 0.0822826
0.00367634 -0.010366 0.0823202
0.00367879 -0.0103712 0.0823789
0.00371333 -0.0103634 0.0824324
0.00376362 -0.0103593 0.0824524
0.00383748 -0.0103754 0.0824358
0.00390218 -0.0104011 0.0823795
0.00394862 -0.0104322 0.0822859
0.0039721 -0.0104778 0.0821552
0.00397196 -0.0105253 0.0820087
0.00398381 -0.0105655 0.0818684
0.00396947 -0.0105753 0.0817317
0.00394478 -0.0105724 0.0815927
0.00392053 -0.0105566 0.0814632
0.00389382 -0.0105171 0.0813517
0.00385716 -0.0104645 0.0812588
0.00380339 -0.0104106 0.0811727
0.00375226 -0.0103413 0.0810968
0.00370616 -0.0102731 0.0810128
0.00364961 -0.0101819 0.0809493
0.00359605 -0.0100886 0.080894
0.00353124 -0.00998642 0.0808476
0.00345147 -0.00988422 0.0808188
0.00335958 -0.0098037 0.0808112
0.00326948 -0.00973895 0.0808294
0.00318226 -0.00968032 0.0808752
0.00309721 -0.00962316 0.0809434
0.00302726 -0.00956657 0.0810418
0.00298447 -0.00949391 0.0811639
0.00295473 -0.00943092 0.0813137
0.00295174 -0.00936448 0.0814606
0.00296929 -0.00930466 0.0815996
0.00301295 -0.00924108 0.0817305
0.00306136 -0.0091874 0.0818659
0.00309904 -0.00912281 0.0819983
0.00312915 -0.00904466 0.0821218
0.00314433 -0.00896845 0.082229
0.00314544 -0.00887563 0.0823377
0.00313527 -0.00878778 0.082435
0.00312719 -0.00870049 0.0825275
0.00311232 -0.00860217 0.0826068
0.00309417 -0.00850814 0.0826539
0.00306521 -0.00842965 0.0826791
0.00301443 -0.00833549 0.0826783
0.00297212 -0.00821712 0.0826492
0.00291638 -0.00808576 0.0825932
0.00283446 -0.00794338 0.0825228
0.00275156 -0.00780063 0.0824329
0.00266461 -0.00767745 0.0823433
0.00258487 -0.00753043 0.082237
0.00250661 -0.00740722 0.0821174
0.0024289 -0.00727114 0.0819714
0.00234731 -0.00713477 0.0818055
0.00226033 -0.00699452 0.0816305
0.00218793 -0.00685289 0.0814565
0.00214643 -0.00671098 0.0812859
0.00210881 -0.00659407 0.0811088
0.00207637 -0.00647263 0.0809249
0.00204117 -0.0063777 0.0807394
0.00201346 -0.00628274 0.0805466
0.00199659 -0.00617879 0.0803774
0.00198486 -0.00608027 0.0802246
0.00197104 -0.00598443 0.080106
0.00195644 -0.00589395 0.0800155
0.00194021 -0.00579785 0.07995
0.00193628 -0.00571399 0.0798924
0.00189363 -0.00563794 0.0798257
0.00182132 -0.00555383 0.0797864
0.00172294 -0.00546509 0.0797665
0.00160727 -0.0053826 0.0797849
0.0014738 -0.0053067 0.0798175
0.00134168 -0.00523455 0.0798631
0.00121256 -0.00514096 0.0799265
0.00107138 -0.00501616 0.0800049
0.000930256 -0.00488885 0.080115
0.000783788 -0.00476294 0.0802278
0.000661478 -0.00464611 0.0803468
0.000545909 -0.00453756 0.0804578
0.000450999 -0.0044231 0.0805756
0.000368592 -0.0043233 0.08068
0.000320769 -0.00422078 0.0807758
0.000296227 -0.00411774 0.0808628
0.000299162 -0.00403015 0.0809425
0.000328803 -0.00395205 0.0810331
0.000364732 -0.00390846 0.0811164
0.000416865 -0.00387574 0.0812009
0.000468826 -0.00387801 0.0812755
0.00052117 -0.0038988 0.0813205
0.000597232 -0.00392182 0.0813563
0.000664635 -0.0039498 0.0813952
0.000747723 -0.00397471 0.0814168
0.000819431 -0.00401206 0.0814196
0.000875934 -0.00404764 0.0814266
0.000920226 -0.00408164 0.0814173
0.000940825 -0.00411135 0.0813997
0.000944664 -0.004143 0.0813626
0.000920198 -0.0041688 0.0813194
0.000881463 -0.0041846 0.0812649
0.000842585 -0.00418753 0.0812249
0.000803826 -0.00419096 0.0812131
0.000747006 -0.00420085 0.0812028
0.000685263 -0.00419509 0.0811776
0.000625842 -0.0041779 0.0811474
0.000575489 -0.00415498 0.0811184
0.000539132 -0.00416921 0.0810864
0.000517935 -0.00418058 0.0810428
0.000516371 -0.0041974 0.0809842
0.000522713 -0.00421621 0.0809338
0.000554286 -0.00423044 0.0808888
0.000621384 -0.00426421 0.0808355
0.000693631 -0.00433279 0.0807913
0.000771855 -0.00443085 0.0807496
0.000850716 -0.00453046 0.0807
0.000938801 -0.00461647 0.0806473
0.00101777 -0.00471256 0.0806412
0.00109308 -0.00481477 0.0806294
0.00117508 -0.00490609 0.0806306
0.0012695 -0.00499095 0.0806639
0.00135144 -0.00504549 0.0807023
0.00141009 -0.00508541 0.0807249
0.00145684 -0.00512849 0.0807791
0.00149493 -0.00515279 0.0808429
0.00150268 -0.00516512 0.0809143
0.00149462 -0.00517077 0.080993
0.00149106 -0.00515752 0.0810989
0.00148337 -0.00515082 0.0812335
0.00147452 -0.00516934 0.0813582
0.00145513 -0.00519043 0.0814778
0.00144473 -0.00522486 0.0815829
0.00143871 -0.00528435 0.0817058
0.00142431 -0.0053555 0.0818302
0.00142521 -0.00543848 0.0819289
0.00144458 -0.00554364 0.082005
0.00147388 -0.00563769 0.0820672
0.00151934 -0.00573946 0.0821172
0.00158036 -0.00584396 0.0821484
0.00165468 -0.00595214 0.0821691
0.00172869 -0.00607819 0.082184
0.00182907 -0.00619522 0.0821906
0.00193627 -0.00630054 0.0821709
0.0020318 -0.00639839 0.0821453
0.00211884 -0.00648405 0.0821224
0.00217836 -0.00656178 0.0821064
0.00223755 -0.00662713 0.0820798
0.00229247 -0.00669084 0.0820528
0.00232237 -0.00675126 0.0820069
0.00233373 -0.0068071 0.0819509
0.00233094 -0.00684917 0.081887
0.0023244 -0.00689081 0.081818
0.00231261 -0.0069438 0.0817627
0.00228575 -0.00700542 0.0817036
0.0022552 -0.00706298 0.0816518
0.00223295 -0.00712383 0.081601
0.00221579 -0.00718432 0.0815502
0.00220978 -0.00727038 0.0815103
0.00220716 -0.00736281 0.0814679
0.00220983 -0.00743215 0.0814203
0.00222227 -0.00751075 0.0813835
0.00223896 -0.00758433 0.0813414
0.00226328 -0.00766309 0.0812929
0.0022949 -0.00773629 0.0812494
0.00234927 -0.00779565 0.0812185
0.00241596 -0.00784778 0.0811901
0.00248893 -0.00788999 0.0811837
0.00256084 -0.00791701 0.0812114
0.00262981 -0.00794058 0.0812424
0.00271212 -0.00797551 0.0812811
0.00276811 -0.00800957 0.0813285
0.00281115 -0.00803148 0.0813844
0.00285831 -0.00806343 0.0814429
0.00290169 -0.00810156 0.0815142
0.00292963 -0.00812906 0.0816014
0.00297129 -0.00815873 0.0816882
0.00301264 -0.00819731 0.0817633
0.00304421 -0.00824549 0.0818346
0.00305474 -0.00830497 0.081906
0.00304894 -0.00836448 0.0819626
0.00303958 -0.00841125 0.0820407
0.00302152 -0.00845535 0.0821295
0.00300673 -0.00846982 0.0822274
0.00299751 -0.0084907 0.0823447
0.0029806 -0.00849048 0.0824654
0.0029866 -0.00848868 0.0825718
0.00300197 -0.0084846 0.0826614
0.00304284 -0.00847116 0.0827179
0.00308748 -0.0084539 0.0827629
0.00316224 -0.00843068 0.0828038
0.00325375 -0.00840426 0.0828115
0.00335062 -0.00837511 0.0828079
0.00344203 -0.00836716 0.0827791
0.00353412 -0.00838318 0.0827293
0.00362799 -0.00841586 0.0826606
0.00371197 -0.00845529 0.0825785
0.00378711 -0.00849387 0.0824762
0.00383918 -0.00853244 0.0823628
0.0038677 -0.00856687 0.0822389
0.00389173 -0.00859623 0.0821145
0.00390537 -0.00861687 0.0820222
0.00389662 -0.00861251 0.081917
0.00388275 -0.00859015 0.0817984
0.00385948 -0.00854872 0.0816872
0.00384781 -0.00849567 0.0815884
0.00382668 -0.0084213 0.0815181
0.00380071 -0.00835076 0.0814636
0.00375555 -0.00826983 0.0814234
0.00371269 -0.00818783 0.0814209
0.00366207 -0.00808845 0.0814572
0.00361663 -0.00799759 0.0815056
0.00357431 -0.0078937 0.081575
0.00354847 -0.00779232 0.0816707
0.00354028 -0.00769852 0.0817954
0.00354734 -0.00760434 0.081945
0.0035739 -0.00752997 0.0821009
0.00362764 -0.00746033 0.0822856
0.0036869 -0.00739423 0.0824802
0.00375459 -0.00733055 0.0826825
0.00383263 -0.00726388 0.0828739
0.00391774 -0.00720447 0.0830626
0.00399708 -0.00713813 0.0832425
0.00406455 -0.00707163 0.0834238
0.0041382 -0.0069978 0.0835922
0.00421287 -0.00692251 0.0837424
0.00427885 -0.00683955 0.0838921
0.00432048 -0.00676378 0.084003
0.00436332 -0.00666628 0.0840863
0.00440813 -0.00656363 0.0841392
0.00444938 -0.00644489 0.0841471
0.0044856 -0.00632301 0.0841262
0.00451776 -0.00619412 0.0840694
0.00453997 -0.00606269 0.0839741
0.00457118 -0.00593024 0.0838502
0.00458915 -0.00579773 0.0836877
0.00459651 -0.00566401 0.0834866
0.00459613 -0.00552981 0.0832508
0.00457967 -0.00538338 0.0829994
0.0045634 -0.00524256 0.0827228
0.00454933 -0.00510154 0.0824271
0.00453255 -0.00495563 0.0821168
0.00452206 -0.00481858 0.0818023
0.00452377 -0.00468357 0.081501
0.00453245 -0.00455245 0.0812072
0.0045541 -0.00443025 0.0809138
0.0045824 -0.00430297 0.0806329
0.00459968 -0.00417537 0.0803813
0.00460917 -0.00403775 0.080154
0.00460888 -0.00390759 0.0799427
0.00459176 -0.00378453 0.0797681
0.00457341 -0.00368801 0.0796367
0.00455114 -0.00362102 0.0795437
0.0045253 -0.00356302 0.0794691
0.00449856 -0.00351698 0.0794241
0.00447276 -0.00347061 0.0794066
0.00443638 -0.00343517 0.0794319
0.0043984 -0.00342197 0.0794945
0.00435281 -0.00341318 0.0795982
0.00430765 -0.00341507 0.0797209
0.00426957 -0.00342256 0.0798582
0.00423562 -0.00343801 0.0800056
0.00420513 -0.00345586 0.0801443
0.00417572 -0.00347682 0.0802709
0.00415745 -0.00349609 0.0803928
0.00413886 -0.00352111 0.0805094
0.00412722 -0.00354338 0.0806195
0.0041292 -0.00356584 0.0807097
0.00412183 -0.00359853 0.0807441
0.00411751 -0.00364283 0.0807732
0.0041293 -0.00370054 0.0807749
0.00413013 -0.00376666 0.0807722
0.00413143 -0.0038326 0.0807576
0.00413967 -0.00390975 0.080738
0.00414744 -0.00399684 0.0807007
0.00415842 -0.00408793 0.0806287
0.00416067 -0.00418622 0.0805321
0.00415061 -0.00428921 0.0804221
0.0041459 -0.00439903 0.0803071
0.00413548 -0.00451383 0.0801744
0.00410934 -0.00463124 0.080026
0.00406935 -0.00473944 0.0798789
0.00401772 -0.0048525 0.0797237
0.00395607 -0.00496907 0.0795667
0.00390237 -0.00508798 0.0793927
0.00384937 -0.00521506 0.0792267
0.00380058 -0.00533373 0.0790574
0.0037777 -0.00546771 0.0788991
0.00374871 -0.00560922 0.0787494
0.0037308 -0.00576338 0.0786066
0.0037169 -0.00591713 0.0784691
0.00369431 -0.00608504 0.0783511
0.00366386 -0.00626807 0.0782332
0.00362988 -0.00644838 0.0781236
0.00360491 -0.00663688 0.0780256
0.00357813 -0.00684108 0.0779566
0.00355551 -0.00703554 0.0779223
0.00354189 -0.00721736 0.0779114
0.00351773 -0.00741008 0.0779126
0.00349062 -0.00758859 0.0779295
0.00346567 -0.00776735 0.0779518
0.0034255 -0.0079476 0.0779896
0.00338334 -0.00812516 0.0780467
0.00332457 -0.00831097 0.0781177
0.00327827 -0.00848327 0.0781874
0.00321916 -0.00865798 0.0782781
0.00317183 -0.00882249 0.0783826
0.003122 -0.00898471 0.0785033
0.00306606 -0.00915205 0.0786302
0.00302448 -0.009313 0.0787656
0.00298522 -0.00947449 0.0788814
0.00295345 -0.00963627 0.0790032
0.00290974 -0.00982613 0.0791266
0.00286873 -0.0100123 0.0792368
0.00282026 -0.0102062 0.0793211
0.00278541 -0.0103933 0.0793773
0.00276059 -0.0105847 0.0794094
0.00274131 -0.0107665 0.0794292
0.00273324 -0.0109387 0.0794459
0.00274204 -0.0111107 0.0794443
0.00274439 -0.0112948 0.0794252
0.00275089 -0.0114733 0.0794281
0.00276109 -0.0116526 0.0794192
0.00276384 -0.0118367 0.0794042
0.00275327 -0.0120077 0.0793735
0.00274547 -0.0121722 0.0793344
0.00272403 -0.0123247 0.0792773
0.00268289 -0.0124749 0.0791976
0.00263986 -0.0126013 0.0791176
0.00258272 -0.0127179 0.0790405
0.00252751 -0.0128352 0.0789588
0.00247535 -0.0129481 0.0788643
0.00242843 -0.0130435 0.0787831
0.00236817 -0.0131403 0.0787227
0.00231406 -0.0132219 0.0786797
0.00227723 -0.0132892 0.0786388
0.00223808 -0.0133601 0.0785886
0.00219915 -0.0134007 0.0785335
0.00215872 -0.0134542 0.0784771
0.00210859 -0.0135078 0.0784197
0.00208631 -0.0135593 0.0783752
0.00206026 -0.013622 0.0783381
0.00202445 -0.0137 0.0783114
0.00200663 -0.0137856 0.0782941
0.00199522 -0.0138771 0.0782579
0.00199292 -0.0139624 0.0782091
0.00199448 -0.0140487 0.078178
0.00201755 -0.0141373 0.0781795
0.00204111 -0.0142153 0.0782026
0.00205583 -0.0142887 0.0782172
0.00207293 -0.0143459 0.0782294
0.00209195 -0.0144095 0.0782392
0.00209315 -0.0144605 0.0782733
0.00207891 -0.0145216 0.0783069
0.00205455 -0.014595 0.0783185
0.00203217 -0.014668 0.0783134
0.00200181 -0.0147355 0.0783165
0.00197383 -0.0148033 0.078304
0.00194462 -0.0148615 0.0782893
0.0019166 -0.0149127 0.0782743
0.00188611 -0.0149612 0.0782525
0.00186487 -0.0150242 0.0782381
0.0018473 -0.0150931 0.0782182
0.00183603 -0.0151623 0.0781999
0.00181769 -0.0152159 0.0781771
0.00180402 -0.0152676 0.0781555
0.0018052 -0.0153027 0.0781134
0.0018131 -0.0153233 0.0780689
0.00182228 -0.015368 0.0780105
0.00181531 -0.0154178 0.0779533
0.00180499 -0.0154659 0.0779054
0.00180122 -0.0155129 0.0778643
0.00179457 -0.015562 0.0778087
0.00179469 -0.0156246 0.0777618
0.00179248 -0.0156928 0.0777089
0.00178272 -0.0157629 0.0776513
0.00176446 -0.015829 0.0776298
0.00172622 -0.0158949 0.0776347
0.00170152 -0.0159645 0.0776425
0.00166788 -0.016035 0.0776782
0.00163642 -0.0160788 0.0777324
0.00160704 -0.0161146 0.0778079
0.001594 -0.0161534 0.0778855
0.00156601 -0.0161882 0.0779789
0.00153801 -0.0162115 0.0780699
0.00150361 -0.016225 0.0781791
0.00147651 -0.0162434 0.0782979
0.00144533 -0.0162417 0.07843
0.00142449 -0.0162264 0.0785787
0.0013965 -0.0161909 0.0787423
0.00136503 -0.0161529 0.0789315
0.00133147 -0.0161217 0.0791278
0.0013182 -0.016084 0.0793342
0.0013133 -0.0160416 0.0795327
0.00132708 -0.0159968 0.0797169
0.00133943 -0.0159459 0.0798808
0.00134061 -0.0158936 0.0800332
0.00134963 -0.0158394 0.0801833
0.00136379 -0.015811 0.0803007
0.00138763 -0.0157806 0.080398
0.0014163 -0.0157443 0.0804714
0.00143961 -0.0157151 0.0805332
0.00145704 -0.0156841 0.0805638
0.00147912 -0.0156564 0.0805653
0.00149223 -0.0156456 0.0805502
0.00150659 -0.0156185 0.0805179
0.00152072 -0.0155813 0.0804672
0.00153009 -0.0155413 0.0803873
0.00153606 -0.0154957 0.0802788
0.00154949 -0.0154454 0.0801537
0.00155935 -0.0153655 0.0800282
0.00157088 -0.0152848 0.0798927
0.00159767 -0.0152014 0.0797449
0.00161615 -0.0151032 0.079608
0.00162889 -0.0150025 0.0794709
0.00162913 -0.014899 0.0793281
0.001635 -0.014802 0.0792081
0.00163965 -0.0147171 0.079096
0.00166252 -0.0146361 0.0789994
0.00168093 -0.0145411 0.078925
0.00170057 -0.0144405 0.0788891
0.00171884 -0.01434 0.0788967
0.00174204 -0.0142307 0.0789246
0.00176205 -0.0141191 0.0789687
0.0017883 -0.0140086 0.0790501
0.00180073 -0.0139019 0.0791492
0.00181304 -0.013805 0.0792438
0.0018194 -0.0137093 0.0793645
0.0018105 -0.0135974 0.0795034
0.00180678 -0.0134697 0.0796504
0.00181501 -0.0133157 0.079814
0.00182924 -0.0131561 0.0799944
0.00184386 -0.0130132 0.0801697
0.00185644 -0.0128672 0.0803621
0.00186996 -0.012728 0.0805468
0.00188168 -0.0125792 0.0807309
0.00190094 -0.0124113 0.080912
0.00192899 -0.0122405 0.0810741
0.00197421 -0.012048 0.0812265
0.00203227 -0.0118601 0.0813596
0.00208844 -0.0116689 0.0814677
0.00214946 -0.0114808 0.0815501
0.00222194 -0.0113057 0.0816118
0.00229802 -0.01113 0.081643
0.00236994 -0.0109696 0.0816434
0.00243545 -0.0108119 0.0816147
0.00249812 -0.010664 0.0815495
0.00253937 -0.0105137 0.0814417
0.00258143 -0.0103716 0.0812917
0.00263198 -0.0102418 0.0811165
0.00267717 -0.0101111 0.0809215
0.00272839 -0.0100062 0.080704
0.0027731 -0.00991421 0.0804767
0.00281474 -0.00982533 0.080238
0.00284655 -0.00973473 0.0799832
0.0028591 -0.00965558 0.0797226
0.00285302 -0.00956351 0.0794597
0.00284617 -0.00947525 0.0791922
0.00283414 -0.00937839 0.0789437
0.00282726 -0.00926478 0.0786955
0.0028075 -0.00916939 0.0784537
0.00277555 -0.00909055 0.0782256
0.00275103 -0.00902312 0.0780226
0.00272804 -0.00896817 0.0778337
0.00273233 -0.00891676 0.0776697
0.00274045 -0.00886125 0.0775298
0.00276031 -0.00881921 0.0774188
0.00278721 -0.00879909 0.0773352
0.00280807 -0.00878622 0.0772945
0.00283025 -0.00879243 0.077269
0.00283865 -0.00883521 0.0772682
0.00283577 -0.00887985 0.077307
0.00282983 -0.00892783 0.0773771
0.00283364 -0.0089765 0.0774786
0.0028472 -0.00902656 0.0775876
0.00284825 -0.00907347 0.0777
0.00284891 -0.00912499 0.0778081
0.00283595 -0.00916961 0.0779373
0.00280837 -0.0091982 0.0780812
0.00278184 -0.00922487 0.078236
0.00274671 -0.00924972 0.0784076
0.0027183 -0.00923574 0.0785583
0.00269527 -0.00921275 0.0787107
0.00267329 -0.00919791 0.0788786
0.00264668 -0.0091781 0.0790466
0.00261966 -0.00915487 0.0792243
0.00258682 -0.00912656 0.0794091
0.00256733 -0.0090807 0.0795968
0.00254822 -0.00901192 0.0797781
0.00254003 -0.00891311 0.0799745
0.00254018 -0.0088129 0.0801558
0.00253671 -0.00871251 0.0803312
0.0025315 -0.00862788 0.0804886
0.00252605 -0.00856742 0.0806315
0.00251116 -0.00853347 0.0807674
0.00250035 -0.00851715 0.0809075
0.00249438 -0.00851445 0.0810425
0.0025031 -0.00853795 0.0811695
0.00253515 -0.00858495 0.0812846
0.00257011 -0.00864195 0.0813786
0.00262383 -0.00869695 0.0814516
0.00268698 -0.00876082 0.0815023
0.00275592 -0.00879606 0.0815227
0.00282473 -0.00880606 0.0815077
0.00288534 -0.008782 0.0814356
0.002941 -0.00873636 0.081339
0.00299084 -0.00867025 0.0812131
0.00303259 -0.00856263 0.0810727
0.00306375 -0.00843032 0.0808986
0.00310112 -0.0082648 0.0806946
0.00313558 -0.00806918 0.0804686
0.00316199 -0.00786127 0.0802538
0.00317413 -0.00762661 0.0800327
0.0031728 -0.00738809 0.0798104
0.00314628 -0.00715645 0.0795829
0.00310999 -0.00692807 0.0793632
0.00307077 -0.00670864 0.0791468
0.00301954 -0.0064809 0.0789382
0.00295933 -0.00624949 0.0787397
0.00288717 -0.00603352 0.0785535
0.00282828 -0.00582482 0.0784074
0.0027821 -0.00563621 0.0783023
0.00274159 -0.00546261 0.0782313
0.00269458 -0.00531342 0.0781871
0.00263793 -0.00519248 0.0781647
0.00257569 -0.00508925 0.078147
0.00251501 -0.00498623 0.0781463
0.00246528 -0.00489056 0.078165
0.00242362 -0.00481149 0.0781978
0.00239994 -0.00473096 0.0782458
0.00238382 -0.00464328 0.0782993
0.00236795 -0.00455961 0.0783766
0.00234977 -0.00448073 0.0784649
0.00233008 -0.00439129 0.078552
0.00231838 -0.00429361 0.0786437
0.00230131 -0.00417961 0.0787554
0.00228573 -0.00407104 0.0788722
0.00226179 -0.00396115 0.0789975
0.00224513 -0.00386641 0.0791481
0.00223197 -0.0037786 0.0792832
0.00222887 -0.00368735 0.0794019
0.00221043 -0.00361289 0.0795225
0.00217843 -0.00355631 0.0796188
0.0021438 -0.00349042 0.0796974
0.00211576 -0.00344357 0.0797703
0.00208759 -0.00341574 0.0798331
0.00206768 -0.00339871 0.0798841
0.00204417 -0.00338122 0.0799061
0.00203097 -0.00337151 0.0798983
0.00200871 -0.00336108 0.0798916
0.00198998 -0.00333814 0.0798831
0.00197282 -0.00331997 0.0798571
0.00197159 -0.0032994 0.0798151
0.00199415 -0.00327408 0.0797637
0.00200714 -0.00326459 0.0797201
0.00200661 -0.00325324 0.0796764
0.00199967 -0.00324069 0.0796087
0.00198597 -0.00323223 0.0795421
0.00196865 -0.00322543 0.0794771
0.00195304 -0.0032175 0.0794208
0.00193784 -0.00321089 0.0793863
0.00189677 -0.00321209 0.0793679
0.00185195 -0.00322281 0.0793486
0.00180689 -0.00323983 0.0793452
0.00176497 -0.00325948 0.0793597
0.00171635 -0.00327382 0.0794019
0.001666 -0.00328232 0.0794671
0.00160624 -0.00328602 0.0795654
0.00153103 -0.00327368 0.0797035
0.00146617 -0.0032562 0.0798726
0.00141443 -0.00320376 0.0800714
0.00138152 -0.00312125 0.0803043
0.00136515 -0.00302306 0.0805802
0.00138524 -0.00288095 0.0808865
0.00141882 -0.00274755 0.0812059
0.00146554 -0.0026325 0.0815179
0.00152988 -0.00252071 0.0818168
0.00159352 -0.00241715 0.0821067
0.00166576 -0.00231066 0.0823842
0.00175925 -0.00220445 0.0826267
0.00185328 -0.00209671 0.0828386
0.00195509 -0.00200085 0.0830263
0.00204748 -0.00193759 0.0831893
0.00212821 -0.00189978 0.083308
0.00221775 -0.00187958 0.0833905
0.00231449 -0.00187281 0.0834352
0.00243379 -0.00188114 0.0834426
0.00254758 -0.00189938 0.0833865
0.00265568 -0.00192125 0.0832692
0.00275805 -0.00194956 0.0831175
0.00286105 -0.00197985 0.082921
0.00294933 -0.00199868 0.0827032
0.00301774 -0.00201723 0.0824467
0.00306566 -0.00202341 0.0821558
0.00309812 -0.00200567 0.0818694
0.00312861 -0.00196509 0.0815635
0.0031493 -0.00189071 0.0812636
0.00315787 -0.00179725 0.0809664
0.00315095 -0.00169259 0.0806832
0.00315548 -0.00157821 0.0804011
0.00316569 -0.00146909 0.0801312
0.00317026 -0.00137692 0.0798826
0.00317801 -0.001301 0.0796726
0.00319578 -0.00122251 0.0794939
0.00322625 -0.00114294 0.07937
0.00327549 -0.00106269 0.079277
0.00331928 -0.000971915 0.0792336
0.00335438 -0.000878919 0.079229
0.00337299 -0.000798958 0.0792552
0.00338231 -0.000703942 0.0793072
0.0033796 -0.00061505 0.0793896
0.00335318 -0.000530185 0.0795073
0.00331731 -0.000455312 0.0796482
0.0032863 -0.000361362 0.0798445
0.00325135 -0.000245366 0.0800613
0.00325169 -0.000104278 0.0802941
0.00326436 6.88006e-05 0.0805535
0.00329692 0.000251026 0.0808253
0.00335808 0.000462652 0.0810699
0.00343107 0.000671377 0.0813036
0.0035114 0.00085971 0.0815214
0.00358359 0.00104584 0.0817165
0.0036519 0.00124842 0.0819031
0.00371719 0.0014292 0.0820461
0.00379662 0.0016149 0.0821627
0.00388057 0.00177976 0.0822573
0.00395683 0.00192388 0.0823297
0.00403861 0.00204462 0.0823698
0.00413315 0.00213978 0.0823828
0.00422524 0.00223676 0.0823579
0.00431651 0.00232366 0.0823259
0.00440348 0.00241588 0.0822633
0.00447851 0.00251158 0.0821665
0.00454675 0.00260129 0.0820578
0.0046041 0.00268429 0.0819143
0.00464086 0.00275988 0.0817479
0.00467459 0.00282915 0.0815635
0.00470202 0.00288636 0.0813692
0.00471531 0.00293719 0.0811728
0.00470537 0.00298378 0.0809775
0.00468603 0.0030164 0.0807902
0.00465552 0.00305061 0.0805978
0.00464335 0.00307797 0.0804066
0.0046372 0.00310507 0.0802304
0.00461453 0.00311161 0.0800634
0.00461192 0.00310462 0.0799133
0.00461861 0.00309975 0.0797662
0.00463931 0.00309919 0.0796216
0.00467289 0.00309901 0.0794996
0.00470947 0.00310055 0.0793966
0.00474435 0.00309323 0.0793019
0.00476872 0.00309347 0.0792321
0.00478925 0.00310018 0.0791904
0.00480368 0.00311471 0.0791863
0.00483053 0.00312474 0.0791888
0.00485194 0.00313551 0.0792108
0.00488085 0.00315124 0.0792809
0.00491246 0.0031615 0.0793742
0.00493852 0.00316538 0.0794913
0.00497358 0.003174 0.0796342
0.00501232 0.00318482 0.0798031
0.0050329 0.00319444 0.080006
0.00504141 0.00321397 0.0802027
0.00504523 0.00320149 0.0804171
0.00504484 0.00317047 0.080643
0.00503914 0.00315438 0.0808702
0.00503257 0.0031304 0.0811035
0.00502776 0.00309542 0.0813258
0.00502997 0.00304113 0.0815446
0.00502661 0.00296917 0.0817474
0.00504755 0.00289747 0.0819349
0.00506885 0.00282329 0.0821351
0.00508135 0.00274808 0.0823416
0.00510359 0.00266256 0.0825492
0.00514753 0.00257794 0.0827411
0.00521547 0.00248833 0.0829231
0.00531408 0.00239759 0.0830967
0.00541692 0.00231493 0.0832446
0.00552708 0.00221975 0.0833628
0.00563264 0.00211949 0.0834486
0.00574445 0.00204392 0.0834869
0.00584095 0.00197183 0.0834876
0.00594108 0.00192177 0.0834616
0.00602638 0.00188617 0.0833877
0.00610238 0.00187696 0.0832768
0.00616837 0.00188696 0.0831296
0.00622981 0.00192124 0.0829707
0.00628392 0.00196325 0.0827986
0.00633629 0.00200658 0.0826123
0.00638506 0.00205932 0.082392
0.00641451 0.00211651 0.0821393
0.00641409 0.00216769 0.0818566
0.00639644 0.0022227 0.0815398
0.00635937 0.00227477 0.0812342
0.00628982 0.00231664 0.0809174
0.0062078 0.00234834 0.0806018
0.00612797 0.00237134 0.0803044
0.00606722 0.00236221 0.0800129
0.00602719 0.00234645 0.0797428
0.00599519 0.00232265 0.0794914
0.00597933 0.00228438 0.0792689
0.00598636 0.00224593 0.0790921
0.00600466 0.00220213 0.0789481
0.00602782 0.00214724 0.0788231
0.00605141 0.002083 0.0787235
0.00606454 0.00202487 0.0786604
0.00607689 0.00197587 0.0786435
0.00609127 0.00192243 0.0786601
0.00610955 0.00187834 0.0787093
0.00612525 0.00184209 0.0787924
0.00612615 0.00181246 0.078891
0.00613402 0.00179406 0.0790075
0.00613529 0.00178413 0.0791466
0.00612927 0.00178072 0.0793062
0.00611599 0.00178184 0.0794751
0.00609213 0.00176945 0.0796441
0.00605992 0.00174538 0.0798147
0.00602721 0.00171976 0.0799687
0.00599379 0.00169719 0.0801008
0.00595252 0.00166628 0.0802265
0.00590532 0.0016263 0.0803473
0.00586023 0.00157651 0.0804622
0.00581576 0.00151037 0.0805618
0.00578275 0.00143247 0.080638
0.00574915 0.00133801 0.0807041
0.00571012 0.00125034 0.0807498
0.00567959 0.00115986 0.0807891
0.00567616 0.00106273 0.0808061
0.00567034 0.000972877 0.0808038
0.00567674 0.00086799 0.0807904
0.00567232 0.000762948 0.0807598
0.00567991 0.000658028 0.080734
0.00569452 0.000563691 0.0806892
0.00568173 0.000491307 0.0806348
0.00566492 0.000407809 0.0805791
0.00564881 0.00033516 0.0805168
0.00564026 0.000260947 0.0804503
0.00563758 0.00019915 0.080397
0.0056327 0.000146521 0.0803376
0.00561928 9.10878e-05 0.0802717
0.00560392 3.8124e-05 0.0802001
0.00557585 -3.38537e-06 0.0801269
0.0055361 -3.38828e-05 0.0800402
0.00549944 -6.14981e-05 0.0799684
0.00546641 -0.000102684 0.07991
0.00542791 -0.000147029 0.0798573
0.00538283 -0.00020244 0.0798036
0.00533689 -0.000253685 0.0797683
0.00529418 -0.000305437 0.0797256
0.00525391 -0.000363024 0.0796843
0.00521784 -0.000430109 0.0796453
0.00518886 -0.000498974 0.0796002
0.00516624 -0.000567345 0.0795611
0.00515766 -0.000639171 0.0795339
0.00516394 -0.000713358 0.0795087
0.00516266 -0.000800616 0.0794907
0.00517438 -0.00088488 0.079497
0.00518157 -0.00097409 0.079501
0.0051717 -0.00106003 0.0795083
0.00515229 -0.00112656 0.0795325
0.00514368 -0.00118845 0.0795409
0.0051354 -0.00124553 0.0795483
0.00511846 -0.00127917 0.0795781
0.00509493 -0.00131572 0.0796154
0.00506849 -0.00135805 0.079654
0.00502449 -0.0014025 0.0796978
0.00498356 -0.00143271 0.0797416
0.00493201 -0.00145984 0.0797858
0.00489685 -0.00149539 0.0798234
0.00486335 -0.001516 0.0798632
0.00483226 -0.00153835 0.079902
0.00479846 -0.00155953 0.0799396
0.00476548 -0.00159575 0.0799786
0.00472349 -0.00163726 0.0800115
0.00469396 -0.00167313 0.0800336
0.00466558 -0.00170122 0.0800579
0.00462645 -0.00172342 0.0800771
0.00460546 -0.00174767 0.0800893
0.00458603 -0.00178417 0.0800801
0.00456815 -0.00181728 0.0800764
0.00456259 -0.00185223 0.0800564
0.00456967 -0.00188151 0.0800429
0.00458702 -0.00190996 0.0800216
0.00460115 -0.00193099 0.0800001
0.00459407 -0.00195451 0.0799931
0.00459041 -0.001979 0.0799814
0.00458216 -0.00200542 0.0799695
0.00457145 -0.00203324 0.0799655
0.00458062 -0.0020526 0.0799479
0.00458199 -0.0020761 0.0799064
0.00456 -0.00209542 0.079868
0.00453738 -0.00213833 0.0798148
0.00449553 -0.00218471 0.079763
0.00445245 -0.002223 0.0797095
0.00441288 -0.00226429 0.0796748
0.00437834 -0.00231253 0.0796515
0.00433981 -0.00235188 0.0796262
0.00431148 -0.00238463 0.0796058
0.00428817 -0.00241418 0.0796048
0.00426319 -0.0024388 0.0795914
0.00424305 -0.00246828 0.0795704
0.00420178 -0.0024942 0.0795423
0.00417727 -0.00253178 0.0795265
0.00414541 -0.00256427 0.0795059
0.00411262 -0.00257309 0.0794715
0.00408582 -0.00258283 0.0794435
0.00405397 -0.00258427 0.0794208
0.00404035 -0.00259474 0.0794127
0.0040256 -0.00258824 0.0794087
0.00401527 -0.00256756 0.0793993
0.00400098 -0.00255489 0.0793937
0.00398649 -0.00253452 0.0794012
0.00399888 -0.00251628 0.0794207
0.00399034 -0.00251536 0.0794521
0.00398835 -0.0025115 0.079478
0.00397918 -0.00251747 0.0795108
0.00396437 -0.00252663 0.0795387
0.00393346 -0.00254807 0.0795759
0.00391701 -0.00258407 0.0796153
0.00390375 -0.00262084 0.0796574
0.00385914 -0.00266276 0.0796969
0.00383181 -0.00270292 0.0797273
0.00380505 -0.00274481 0.0797467
0.00378016 -0.00279855 0.0797684
0.00377257 -0.00283375 0.0797817
0.00375976 -0.00285922 0.0797994
0.00375184 -0.00288055 0.079794
0.00375557 -0.0028923 0.079797
0.00376449 -0.00291703 0.0798192
0.00377442 -0.00291979 0.0798286
0.00379193 -0.00292429 0.0798359
0.00379178 -0.00291781 0.0798463
0.00380417 -0.00293049 0.0798252
0.00382528 -0.00293625 0.0797942
0.0038609 -0.00293829 0.0797502
0.00388748 -0.00294517 0.0797116
0.00389861 -0.00295681 0.0796702
0.00390047 -0.00296277 0.0796227
0.00391552 -0.00297119 0.079578
0.0039337 -0.0029873 0.0795262
0.00394617 -0.00300277 0.0794783
0.00395744 -0.00303645 0.0794294
0.00395633 -0.00306935 0.0793837
0.00394716 -0.00310215 0.0793289
0.00394359 -0.00312674 0.0792752
0.00392298 -0.00315862 0.0792183
0.00391028 -0.00317457 0.0791623
0.00390719 -0.00318539 0.0791224
0.00389288 -0.00319976 0.0790797
0.00387329 -0.00320141 0.0790164
0.00384745 -0.00319695 0.0789686
0.00383069 -0.00319592 0.0789272
0.00380087 -0.00319422 0.0788903
0.00378257 -0.00319739 0.0788613
0.00376238 -0.00319431 0.0788299
0.00374821 -0.00319878 0.0787984
0.00374888 -0.00321388 0.0787784
0.00374241 -0.00322236 0.0787586
0.00374393 -0.00323801 0.0787635
0.00373455 -0.00325388 0.0787749
0.00372389 -0.00327902 0.0788075
0.00371852 -0.00331921 0.0788305
0.00371613 -0.00336539 0.0788634
0.00372591 -0.00341726 0.0788895
0.00374105 -0.00346022 0.078894
0.00375981 -0.00350701 0.0789071
0.00376344 -0.00355784 0.0789288
0.00376603 -0.00360811 0.0789846
0.0037715 -0.00365512 0.0790523
0.0037552 -0.00370153 0.0791265
0.00373278 -0.00373798 0.0791926
0.00371611 -0.00376651 0.0792643
0.00369627 -0.00379669 0.0793359
0.00368362 -0.00381531 0.0793876
0.0036711 -0.00382066 0.0794494
0.00366922 -0.00382043 0.0795065
0.00366234 -0.00381216 0.0795492
0.0036692 -0.00381007 0.0795924
0.00365588 -0.00382415 0.0796423
0.00364854 -0.00383834 0.079707
0.00363508 -0.00385205 0.0797609
0.00364396 -0.00388091 0.0797822
0.00365407 -0.00391315 0.0798065
0.00367321 -0.0039451 0.0798308
0.00370117 -0.00398738 0.0798562
0.00372286 -0.00402357 0.0798821
0.00373469 -0.00407038 0.0799
0.00374377 -0.0041069 0.0799078
0.00375772 -0.00413066 0.0799153
0.00376363 -0.00415276 0.0799094
0.0037726 -0.0041592 0.0799003
0.00376833 -0.00416812 0.0798849
0.00376191 -0.00419627 0.079852
0.00374834 -0.00420853 0.0797995
0.00373606 -0.00421266 0.0797547
0.00372012 -0.00419167 0.0797059
0.00371301 -0.00417072 0.0796657
0.00369321 -0.00416855 0.0796415
0.00366469 -0.00417956 0.0795996
0.0036444 -0.00418957 0.0795681
0.00363731 -0.00419632 0.0795297
0.00362233 -0.00419241 0.079494
0.00360295 -0.00418312 0.0794611
0.00359349 -0.00417707 0.0794131
0.00358114 -0.00416807 0.0793588
0.0035771 -0.00415637 0.0793335
0.00357455 -0.00413252 0.0793115
0.00356813 -0.00410585 0.0793112
0.0035797 -0.00408157 0.079319
0.00358781 -0.00405112 0.0793285
0.00358698 -0.00402035 0.0793309
0.00357204 -0.00398408 0.0793456
0.00356192 -0.00395313 0.0793684
0.00356528 -0.00393727 0.0794023
0.00356652 -0.00391462 0.0794473
0.0035514 -0.00387964 0.0794926
0.00354275 -0.00384445 0.0795388
0.00353951 -0.00382113 0.0795912
0.00354147 -0.003797 0.0796452
0.00354492 -0.00375883 0.0796943
0.00354888 -0.0037144 0.0797308
0.0035566 -0.00367757 0.0797763
0.00357146 -0.00363873 0.0798295
0.00359212 -0.00361371 0.0798823
0.00361654 -0.00361218 0.0799287
0.00363945 -0.00360159 0.0799664
0.00364777 -0.00358255 0.0800041
0.00366843 -0.00355976 0.0800372
0.00370241 -0.0035471 0.0800429
0.00373678 -0.00354454 0.0800452
0.00377727 -0.00354498 0.0800389
0.0038013 -0.00355249 0.0800295
0.00384675 -0.00357934 0.0800387
0.0038914 -0.00360301 0.0800194
0.00394628 -0.00362927 0.0799675
0.00399741 -0.00364583 0.0799189
0.00405008 -0.00363762 0.0798783
0.0041015 -0.00363185 0.0798292
0.00414101 -0.0036193 0.0797716
0.00418136 -0.00360795 0.0797143
0.00421187 -0.00359901 0.0796397
0.00423539 -0.00358117 0.0795336
0.00425308 -0.00357097 0.0794146
0.0042634 -0.00356605 0.0792995
0.00427013 -0.00357445 0.0791929
0.00428488 -0.00360534 0.0790831
0.00429391 -0.00363513 0.0789899
0.00431015 -0.00367233 0.0789018
0.00432604 -0.00373017 0.0788064
0.00434982 -0.00377396 0.0787248
0.00436703 -0.00383515 0.0786352
0.00437963 -0.00391123 0.0785522
0.00438687 -0.00398404 0.0784751
0.0043973 -0.00406832 0.0783904
0.00439819 -0.00414235 0.0783093
0.00439221 -0.00422008 0.0782366
0.00438239 -0.00429814 0.0781782
0.00437833 -0.00438185 0.0781438
0.00437492 -0.00446468 0.0781339
0.00436795 -0.00454388 0.0781251
0.00435203 -0.0046289 0.0781409
0.00434761 -0.00471291 0.0781615
0.00434704 -0.00479367 0.0781882
0.00434419 -0.00487857 0.0782323
0.00434333 -0.00496993 0.0782643
0.00434122 -0.00506067 0.0782945
0.00433747 -0.00515619 0.0783294
0.00433126 -0.00525623 0.0783685
0.00432732 -0.00537058 0.0784213
0.00432771 -0.00548995 0.0784951
0.00433243 -0.0056188 0.0785665
0.00435437 -0.00575087 0.0786259
0.00436436 -0.00588194 0.0786758
0.0043722 -0.00601345 0.0787156
0.00437072 -0.00614703 0.0787523
0.00437619 -0.00628552 0.0787773
0.00440155 -0.00641367 0.0788171
0.00442444 -0.00655713 0.0788467
0.00444998 -0.00669404 0.0788687
0.00447937 -0.00681847 0.0788857
0.00451202 -0.00695262 0.0788941
0.00454775 -0.0070884 0.078901
0.00457373 -0.00722466 0.0788999
0.00459381 -0.00735767 0.0788994
0.00461905 -0.00748615 0.0788874
0.00463545 -0.00761621 0.0788762
0.0046568 -0.00774115 0.07887
0.00468005 -0.00786077 0.0788544
0.00469779 -0.00798112 0.0788388
0.00472517 -0.00809272 0.0788166
0.00474042 -0.00821902 0.0787873
0.00473313 -0.00833173 0.0787651
0.00472645 -0.00843758 0.0787368
0.00471962 -0.00854383 0.0787117
0.00471392 -0.00864423 0.0786965
0.00468826 -0.00873494 0.0786963
0.00467647 -0.00883827 0.0786823
0.00466886 -0.00893943 0.0786694
0.00466622 -0.00903543 0.0786618
0.00466817 -0.00912058 0.0786659
0.00466874 -0.00919894 0.0786637
0.00466232 -0.00928023 0.0786731
0.00465024 -0.00936861 0.0787073
0.00464668 -0.00946178 0.0787397
0.00465083 -0.00954565 0.0787618
0.00465443 -0.00962394 0.0787676
0.00465459 -0.00969939 0.0787854
0.00466105 -0.00976789 0.078809
0.0046699 -0.00983933 0.0788262
0.00468778 -0.00990996 0.0788162
0.00470447 -0.00996779 0.0788288
0.00472049 -0.0100296 0.0788404
0.00473327 -0.0100787 0.0788551
0.0047427 -0.0101133 0.0788648
0.00474856 -0.0101428 0.078877
0.00475647 -0.0101811 0.078889
0.00476404 -0.0102151 0.078892
0.00475888 -0.010231 0.0788952
0.0047632 -0.0102392 0.0789107
0.00476741 -0.0102405 0.0789222
0.00478269 -0.010239 0.0789312
0.00479167 -0.0102357 0.0789149
0.0047914 -0.0102318 0.0788663
0.00479015 -0.0102215 0.078821
0.00479254 -0.0102093 0.0787683
0.00479214 -0.0102023 0.0787214
0.00478468 -0.0101881 0.0786707
0.00478417 -0.0101692 0.0786144
0.0047744 -0.0101502 0.0785522
0.00477448 -0.0101185 0.0784994
0.00477535 -0.0100867 0.0784298
0.00477825 -0.0100516 0.0783384
0.00478578 -0.0100129 0.0782518
0.00479945 -0.00995705 0.0781591
0.0048192 -0.00989518 0.078087
0.00484776 -0.0098346 0.0780297
0.00487182 -0.00975861 0.0779892
0.00488925 -0.00968893 0.0779523
0.00490315 -0.00961391 0.077917
0.00490696 -0.0095403 0.07787
0.00491319 -0.00946133 0.0778262
0.00491105 -0.00938115 0.0778009
0.00492058 -0.00928843 0.0777818
0.00492929 -0.00919422 0.0777854
0.0049427 -0.00909659 0.0777913
0.00493736 -0.00899428 0.0778344
0.00492126 -0.00889256 0.0778881
0.0048978 -0.0087785 0.0779447
0.00487948 -0.00866711 0.0779953
0.00486648 -0.00857591 0.078033
0.00485768 -0.0084805 0.078062
0.00485383 -0.00838846 0.0781043
0.00485299 -0.0082991 0.0781641
0.00486891 -0.00819029 0.0782023
0.0048952 -0.00806914 0.0782391
0.00491275 -0.0079581 0.0782702
0.00493909 -0.00784182 0.0782882
0.00496186 -0.00772966 0.0783149
0.0049842 -0.00761272 0.0783389
0.00502247 -0.00750662 0.07837
0.00506514 -0.00740925 0.0783909
0.00510622 -0.00730383 0.0783778
0.00513481 -0.00720475 0.0783651
0.00515278 -0.0071011 0.078361
0.00518347 -0.00700701 0.0783344
0.00521589 -0.00690433 0.0782955
0.00524005 -0.00681394 0.0782515
0.00525322 -0.00672116 0.0782041
0.00525941 -0.0066333 0.0781546
0.00526126 -0.00654341 0.0780983
0.00526385 -0.0064554 0.0780353
0.00525973 -0.00637757 0.0779532
0.00524839 -0.00630936 0.0778649
0.00524074 -0.00623233 0.0777898
0.00523814 -0.00614275 0.0777198
0.00523971 -0.00604634 0.0776327
0.00523314 -0.00595859 0.0775376
0.00522077 -0.00586786 0.0774355
0.00520746 -0.00577606 0.0773442
0.00519528 -0.0056934 0.0772667
0.00518049 -0.00560699 0.0772079
0.00515273 -0.00551005 0.0771592
0.00513731 -0.00541367 0.0771042
0.00512982 -0.00531231 0.0770651
0.00512449 -0.00522516 0.0770461
0.00511764 -0.00514025 0.0770626
0.0051129 -0.00507367 0.0771124
0.00511766 -0.00501083 0.077181
0.00511854 -0.00494524 0.0772392
0.00510375 -0.00488053 0.0773099
0.00507957 -0.00482037 0.0774115
0.00505232 -0.00476822 0.0775333
0.00503102 -0.00471073 0.0776696
0.00501171 -0.00465194 0.077825
0.00499331 -0.00458935 0.0779812
0.00497747 -0.0045274 0.0781421
0.00496612 -0.00445552 0.0783139
0.00495913 -0.00438986 0.0784818
0.00495558 -0.00431206 0.0786371
0.00495665 -0.00423141 0.078772
0.00495525 -0.00414887 0.0788873
0.00495422 -0.00406669 0.0790034
0.00495862 -0.0039746 0.0791172
0.00497337 -0.00388168 0.0792031
0.00497768 -0.00379146 0.0792626
0.00498972 -0.00371061 0.0793087
0.00501234 -0.00362585 0.0793351
0.00502679 -0.00351939 0.0793367
0.00504104 -0.00341298 0.0793053
0.00504937 -0.00331495 0.0792608
0.00505024 -0.0032113 0.0792065
0.00504374 -0.00310084 0.0791354
0.00503494 -0.00300137 0.0790506
0.00503091 -0.00290667 0.0789653
0.00504091 -0.00281802 0.0788729
0.00504387 -0.00272683 0.0787732
0.00503617 -0.00263665 0.0786775
0.00501922 -0.00256868 0.0785608
0.00499692 -0.00250038 0.0784391
0.00497416 -0.00243423 0.0783009
0.00494634 -0.00236606 0.0781673
0.00493763 -0.00230682 0.0780326
0.00491736 -0.00225409 0.0779086
0.00488995 -0.0022016 0.0777807
0.00486468 -0.00214357 0.0776623
0.00484969 -0.0020723 0.0775614
0.00484075 -0.00198133 0.0774921
0.00483527 -0.00189812 0.0774237
0.00482276 -0.00179851 0.0773588
0.00482673 -0.00168958 0.0773085
0.00483484 -0.00158901 0.0772742
0.00485137 -0.00148958 0.0772369
0.00486609 -0.00138484 0.0772046
0.0048724 -0.00127213 0.0771823
0.00486473 -0.00114899 0.0771597
0.00485743 -0.00104175 0.0771517
0.00484834 -0.000938078 0.077164
0.00485321 -0.000840761 0.0771767
0.00485239 -0.000736349 0.0772046
0.00484888 -0.000629486 0.0772276
0.00484625 -0.000529184 0.0772393
0.00484771 -0.00044713 0.07725
0.00483883 -0.000372589 0.0772761
0.00482242 -0.000303475 0.0773096
0.00481221 -0.000238251 0.0773384
0.00479482 -0.000175781 0.0773574
0.00477621 -0.000105337 0.0773547
0.00476671 -2.58653e-05 0.0773489
0.00476333 4.87423e-05 0.0773568
0.00475565 0.000130794 0.0773667
0.00475552 0.000200955 0.0773782
0.00475694 0.00027259 0.0773734
0.00475861 0.000346952 0.0773731
0.00477091 0.000416615 0.077382
0.0047926 0.000478479 0.0774038
0.00480528 0.000534956 0.0774143
0.00480811 0.000592397 0.0774186
0.00481374 0.000651942 0.0774033
0.00482669 0.000710556 0.0773765
0.00483659 0.000754567 0.0773525
0.00485151 0.000795534 0.0773505
0.00485454 0.000843657 0.0773626
0.00484958 0.000890307 0.0774043
0.00484975 0.000929302 0.0774438
0.00485585 0.000968474 0.0774849
0.00486811 0.000997899 0.0775132
0.00487415 0.0010262 0.077551
0.00489398 0.00105387 0.0775966
0.00491245 0.00107908 0.077643
0.00493018 0.00110119 0.0776786
0.00493384 0.00112001 0.0777148
0.00495603 0.0011275 0.0777543
0.00496948 0.00114082 0.077792
0.00498771 0.00114705 0.0778149
0.00501557 0.0011409 0.0778223
0.00505127 0.00113874 0.0778251
0.00509347 0.00114146 0.0778302
0.00513007 0.00113539 0.0778469
0.00516878 0.0011164 0.0778594
0.00520329 0.0011001 0.0778736
0.00522683 0.00109578 0.0778781
0.00526153 0.00108396 0.0778678
0.00529814 0.00106106 0.0778573
0.0053375 0.0010187 0.0778501
0.00536503 0.000981077 0.0778305
0.00539321 0.000949691 0.0778216
0.00541477 0.000914687 0.077807
0.00542805 0.000886057 0.0777872
0.0054351 0.000862329 0.0777887
0.00544035 0.000838231 0.0777771
0.00543777 0.000822881 0.0777687
0.00544119 0.000798844 0.0777647
0.0054582 0.000777975 0.0777603
0.00547716 0.000741324 0.0777387
0.00549367 0.000707818 0.0777186
0.00549359 0.00066983 0.0776921
0.00549471 0.000626112 0.0776762
0.00550042 0.000574782 0.0776516
0.00550316 0.000531977 0.0776341
0.00550653 0.000491279 0.0776153
0.00551086 0.000434854 0.0776124
0.00552408 0.000390923 0.0776185
0.0055497 0.000347922 0.0776211
0.00557195 0.000299329 0.0776259
0.00559311 0.000258743 0.0776348
0.00562527 0.000225433 0.0776373
0.00566462 0.00018933 0.077652
0.00570392 0.000151515 0.0776496
0.00573412 0.000114167 0.0776362
0.00576333 6.21158e-05 0.0776186
0.00578447 2.26477e-05 0.0776196
0.00580449 -1.41683e-05 0.0776222
0.00583629 -4.02117e-05 0.0776274
0.00587035 -7.95e-05 0.0776332
0.00590318 -0.000120578 0.0776315
0.00592416 -0.000150751 0.0776428
0.00594104 -0.00018805 0.07766
0.00595066 -0.000225661 0.0776765
0.00596266 -0.000256485 0.0776875
0.00596909 -0.000299173 0.0776896
0.0059668 -0.000341574 0.0776908
0.00597785 -0.000390906 0.0776923
0.00598278 -0.000426472 0.0776954
0.00598574 -0.000466537 0.0776791
0.00599619 -0.000514721 0.0776635
0.00602168 -0.00054132 0.0776556
0.00604636 -0.000567915 0.0776283
0.0060668 -0.000597123 0.0775973
0.00608813 -0.000620944 0.0775566
0.00611217 -0.000638331 0.0774943
0.00613491 -0.000652912 0.0774258
0.00615651 -0.000655533 0.0773633
0.00617435 -0.0006484 0.0773019
0.00618786 -0.000651279 0.0772338
0.00618689 -0.000660827 0.0771578
0.00620305 -0.000674865 0.0770818
0.00622599 -0.000669489 0.0770139
0.00624474 -0.000675596 0.0769387
0.00626044 -0.000680647 0.0768727
0.00626712 -0.000682636 0.0768057
0.00627836 -0.000693732 0.0767425
0.00627709 -0.00070692 0.0766878
0.00626521 -0.000713819 0.076636
0.00626475 -0.000705483 0.0765955
0.00626366 -0.000701566 0.076566
0.00625679 -0.000693357 0.076544
0.00625806 -0.00067176 0.0764941
0.00625539 -0.000656433 0.0764322
0.00624433 -0.000640847 0.0763791
0.00622885 -0.000619964 0.076323
0.00621933 -0.000592856 0.0762726
0.00621928 -0.00056063 0.0762217
0.00622413 -0.000516156 0.076183
0.00623456 -0.000449679 0.0761421
0.00623315 -0.000386226 0.0761036
0.00624104 -0.000326194 0.0760666
0.00626051 -0.00026125 0.0760177
0.00628119 -0.000196925 0.0759651
0.00631248 -0.000130505 0.0759293
0.0063338 -4.92964e-05 0.0758806
0.00635823 2.0234e-05 0.0758245
0.0063751 0.000104272 0.0757702
0.0063833 0.000188631 0.075706
0.00638412 0.000269276 0.0756399
0.00638897 0.000350773 0.0755631
0.00639291 0.000431878 0.0755054
0.00640704 0.000531247 0.0754548
0.00640376 0.000628513 0.075405
0.00639321 0.000722735 0.0753486
0.00637561 0.000822669 0.0752953
0.00636582 0.000908151 0.0752206
0.00635192 0.000992272 0.0751451
0.00633666 0.00108392 0.0750917
0.00632771 0.00118696 0.0750235
0.00632577 0.00129417 0.0749536
0.00631987 0.00139454 0.0748916
0.00631896 0.00149921 0.0748316
0.00631276 0.00161274 0.0747597
0.0062994 0.00173003 0.0746896
0.00628073 0.00183664 0.0746203
0.00627192 0.0019414 0.0745567
0.00624635 0.00205517 0.0744989
0.00621881 0.00217533 0.0744512
0.00620691 0.00229905 0.0744036
0.00621392 0.00240907 0.0743479
0.00621986 0.00252382 0.0742967
0.00621749 0.002636 0.0742382
0.00622503 0.00275639 0.0741811
0.00622398 0.00288081 0.0741351
0.00621608 0.00300514 0.0740842
0.0062052 0.00312653 0.0740277
0.00620068 0.0032405 0.0739957
0.00618096 0.00336463 0.0739715
0.00618047 0.00349423 0.0739455
0.00618794 0.00363164 0.0739328
0.00618728 0.00376677 0.0739075
0.00619387 0.00389916 0.0738881
0.00620259 0.00402712 0.0738768
0.00620972 0.0041503 0.0738563
0.00621908 0.0042759 0.0738453
0.00623234 0.00439275 0.0738444
0.00625879 0.00451288 0.0738379
0.00627476 0.00464002 0.0738278
0.00628251 0.00476359 0.0738134
0.00628686 0.0048907 0.0737901
0.00629018 0.00500764 0.0737912
0.00630519 0.00511312 0.0737825
0.00631462 0.00521857 0.0737815
0.00633536 0.00532547 0.0737851
0.00636054 0.00544301 0.0738025
0.00637336 0.00556029 0.0738186
0.0063867 0.00567697 0.0738223
0.00641134 0.00580021 0.0738198
0.00643233 0.00591905 0.0738131
0.00645879 0.00603512 0.0738059
0.0064917 0.00615486 0.073814
0.00652765 0.00627247 0.0738293
0.00656087 0.00638921 0.0738522
0.00659435 0.00650326 0.0738839
0.00660846 0.00662135 0.073916
0.00662402 0.00673196 0.0739557
0.00665905 0.00682694 0.0739994
0.00671352 0.00690897 0.0740394
0.00676188 0.00697385 0.0740871
0.00682118 0.00705343 0.074113
0.00688817 0.00711785 0.0741353
0.00696172 0.0071712 0.0741687
0.00703014 0.00722014 0.0742089
0.00710418 0.00727727 0.074235
0.00717811 0.00733301 0.0742579
0.00725596 0.00738926 0.0742856
0.00734914 0.00745598 0.0743226
0.00743061 0.00753029 0.0743547
0.00750165 0.00761364 0.0743955
0.00756569 0.00771334 0.0744501
0.00762425 0.00781755 0.0744906
0.00767615 0.00792013 0.0745154
0.00773973 0.00802703 0.0745266
0.00779603 0.00813814 0.0745129
0.0078526 0.00826029 0.0745142
0.00790958 0.00837356 0.0745113
0.00795405 0.00849275 0.0745271
0.00797281 0.00861429 0.0745451
0.00799105 0.00874109 0.0745659
0.00800685 0.00885341 0.0745889
0.00801533 0.00896558 0.0746165
0.00802434 0.00907419 0.0746457
0.00802425 0.0091849 0.0746738
0.00801977 0.00928091 0.0747137
0.00801014 0.00936829 0.0747388
0.00798849 0.00944369 0.0747816
0.00796278 0.00950096 0.0748242
0.00792917 0.0095627 0.0748642
0.00789383 0.00962561 0.0749061
0.00787331 0.00968878 0.0749748
0.00785045 0.00974231 0.0750663
0.00782867 0.00979475 0.0751568
0.00780686 0.00983327 0.075245
0.00779798 0.00986772 0.0753347
0.00779403 0.00991197 0.0754184
0.00778962 0.00995878 0.0755022
0.00778225 0.0100032 0.0755836
0.00775927 0.0100452 0.0756718
0.00773535 0.0100704 0.0757545
0.0077074 0.0101035 0.0758196
0.00766549 0.0101149 0.0758807
0.00761947 0.0101129 0.0759651
0.0075682 0.010112 0.0760332
0.00750466 0.0100931 0.0761058
0.00744217 0.0100668 0.076169
0.00737927 0.0100368 0.0762494
0.00729501 0.0099944 0.0763172
0.00720142 0.00996807 0.0763706
0.00710088 0.00995558 0.0764165
0.00699399 0.00994678 0.0764538
0.00689727 0.00993269 0.0764686
0.00678026 0.00990924 0.0764819
0.00666274 0.00987116 0.0764787
0.00653709 0.00983325 0.0764548
0.00639379 0.00980012 0.0764166
0.00625154 0.00975505 0.0763623
0.00610304 0.00971342 0.0762896
0.00595836 0.00966803 0.0762223
0.00582057 0.0095961 0.0761669
0.00567997 0.00951596 0.0761106
0.00556456 0.00944411 0.0760445
0.00547107 0.00935965 0.0759892
0.00538485 0.00926649 0.075939
0.00530498 0.00917337 0.0758932
0.00522511 0.00907269 0.0758468
0.00516184 0.00895485 0.0757971
0.00509726 0.00882645 0.075754
0.00502848 0.00870406 0.0757036
0.00496915 0.00857125 0.0756648
0.00490389 0.00843978 0.0756195
0.00484676 0.00831449 0.0755792
0.00479121 0.00820424 0.0755651
0.00474158 0.00810659 0.0755653
0.00467451 0.00801992 0.0755642
0.0046172 0.00793334 0.0755701
0.00455502 0.00785581 0.0755646
0.00449734 0.00779262 0.0755714
0.00442987 0.00772959 0.0755869
0.0043627 0.00766894 0.0756058
0.00427142 0.00760872 0.0756442
0.00417446 0.00754985 0.0756682
0.00406288 0.00748562 0.0757046
0.00393704 0.00743575 0.0757324
0.0038239 0.00737138 0.0757499
0.00372859 0.00729108 0.075746
0.00362461 0.00722682 0.0757393
0.00351164 0.00715734 0.0757294
0.00340111 0.00709017 0.0757178
0.0032974 0.00703529 0.0757097
0.00319912 0.00697451 0.075679
0.00310714 0.00692397 0.0756619
0.00300625 0.0068797 0.075641
0.00291145 0.00683688 0.0756114
0.00283184 0.00679294 0.0755586
0.00275118 0.00673571 0.0755012
0.00267678 0.00667635 0.0754337
0.00260448 0.0066184 0.0753724
0.00253578 0.00655616 0.0753031
0.00245969 0.00647894 0.0752237
0.00238862 0.00640086 0.075128
0.00231428 0.0063253 0.0750312
0.00223878 0.00626395 0.0749281
0.00215979 0.00618709 0.0748191
0.00208545 0.00610071 0.0747131
0.00200889 0.0060122 0.0746167
0.00194818 0.00593002 0.0745231
0.00186034 0.00586499 0.074429
0.00178032 0.00579093 0.0743306
0.00169151 0.00569119 0.074238
0.00158239 0.00557806 0.0741655
0.00148333 0.00545912 0.074117
0.00139065 0.00535329 0.074077
0.00129981 0.00525933 0.0740446
0.00120516 0.00517167 0.0739997
0.00111801 0.00507026 0.0739438
0.00102042 0.00497481 0.0738717
0.000932421 0.00489655 0.0738015
0.000858044 0.00479994 0.0737485
0.000789819 0.00468039 0.0737091
0.000722578 0.00454917 0.0736838
0.000672946 0.00441697 0.0736578
0.000627932 0.00430911 0.0736307
0.000598958 0.00420905 0.0736077
0.000567673 0.00411235 0.0735625
0.000532895 0.00399791 0.0735263
0.000515707 0.0038834 0.0734994
0.000493597 0.00376833 0.0734686
0.000470421 0.00364975 0.0734482
0.000442512 0.0035284 0.0734397
0.000400994 0.00341607 0.0734341
0.000343405 0.00328684 0.0734555
0.00028931 0.00317288 0.073486
0.000224924 0.00305755 0.073505
0.000174977 0.00295048 0.073525
0.000115343 0.00284181 0.0735519
5.06524e-05 0.00272362 0.0735649
-1.62723e-05 0.00261236 0.073561
-9.65761e-05 0.00250206 0.0735798
-0.000177944 0.00239028 0.0735884
-0.000262916 0.00227165 0.0735981
-0.000344149 0.00215852 0.0736092
-0.000427147 0.00206295 0.0736081
-0.000507582 0.00197735 0.073609
-0.000592969 0.00190153 0.0736212
-0.000669414 0.00182474 0.0736293
-0.000742616 0.00176583 0.0736284
-0.000815067 0.00172173 0.073625
-0.000894274 0.0016855 0.0736252
-0.000970576 0.00165536 0.0736206
-0.00104814 0.0016264 0.0736228
-0.00111799 0.00160662 0.0736148
-0.00118815 0.00160108 0.0735921
-0.00124825 0.00160124 0.0735691
-0.00130206 0.00159535 0.073534
-0.00135017 0.0015964 0.0735096
-0.00140536 0.00159664 0.0734908
-0.00146869 0.00160487 0.0734814
-0.00154402 0.00160972 0.0734864
-0.00162044 0.00162339 0.0735003
-0.00170569 0.00163593 0.0735327
-0.00179958 0.00163966 0.0735725
-0.00188898 0.00164176 0.0736036
-0.00199268 0.00163698 0.0736194
-0.0021122 0.00161402 0.0736606
-0.00224597 0.00158543 0.0736912
-0.00238531 0.00155486 0.0737127
-0.00252138 0.00152067 0.0737411
-0.00264995 0.00149081 0.0737784
-0.0027794 0.00145844 0.0738164
-0.00290818 0.00144189 0.0738708
-0.00303129 0.00143278 0.0739148
-0.00314799 0.00142067 0.0739599
-0.00327573 0.00141147 0.0740129
-0.00340632 0.00141584 0.0740817
-0.0035296 0.00142762 0.0741522
-0.00365143 0.0014524 0.0742197
-0.00376487 0.00148242 0.0742851
-0.00387352 0.00152065 0.0743302
-0.00398003 0.00156641 0.0743891
-0.00408589 0.00161017 0.0744497
-0.00418537 0.00164483 0.0744988
-0.0042681 0.00167593 0.0745326
-0.00435998 0.00171008 0.0745781
-0.00444336 0.00173738 0.0746347
-0.00452659 0.00175867 0.0746988
-0.00459599 0.00178517 0.0747551
-0.00466304 0.001806 0.0747918
-0.00472354 0.00181985 0.0748285
-0.00477865 0.00183615 0.0748892
-0.00483471 0.00185172 0.0749787
-0.00488817 0.00185419 0.0750701
-0.00493896 0.00185888 0.0751392
-0.00498595 0.00185888 0.0752228
-0.00504383 0.00187478 0.0753204
-0.00509031 0.00190074 0.0754264
-0.00514112 0.00192669 0.0755245
-0.00518856 0.00196605 0.0756242
-0.00523232 0.00200684 0.0757217
-0.00527244 0.00205437 0.0758209
-0.00530344 0.00210304 0.0759082
-0.00533611 0.00216296 0.0759972
-0.00537107 0.00224339 0.0760821
-0.0053989 0.00232366 0.0761669
-0.00543359 0.00241533 0.0762547
-0.00546518 0.00252115 0.0763545
-0.00547796 0.00263369 0.0764509
-0.00550503 0.00274843 0.0765312
-0.00552163 0.00287408 0.0765923
-0.00553411 0.0029864 0.0766499
-0.00555877 0.00310767 0.0767082
-0.00558625 0.00322555 0.0767571
-0.005606 0.00334376 0.0768027
-0.00562027 0.00346451 0.0768592
-0.00563109 0.00358106 0.0769032
-0.00563228 0.00369099 0.0769198
-0.00562668 0.00380548 0.0769267
-0.00561929 0.00391413 0.0769242
-0.00561044 0.00402437 0.0769171
-0.00559264 0.00413281 0.0769055
-0.00556463 0.00424442 0.0768658
-0.0055316 0.00434505 0.0768028
-0.00549393 0.00444411 0.0767195
-0.00544753 0.00455479 0.0766209
-0.00539636 0.00466758 0.0765137
-0.00535866 0.00477619 0.0763902
-0.00531052 0.00490172 0.0762745
-0.00525147 0.00503941 0.0761731
-0.00519912 0.00518096 0.076047
-0.0051391 0.00532508 0.0759212
-0.0050735 0.00547436 0.0757886
-0.00501479 0.00561046 0.0756506
-0.00494856 0.00574979 0.0755092
-0.00488033 0.0058935 0.0753313
-0.00482142 0.00604147 0.0751497
-0.00476333 0.00620061 0.0749817
-0.00470449 0.00636051 0.0748172
-0.00464981 0.00651906 0.0746413
-0.0045937 0.00668703 0.074455
-0.00453653 0.00685126 0.074283
-0.0044813 0.0070053 0.0741113
-0.00443069 0.00715695 0.0739345
-0.00437166 0.00731329 0.073754
-0.00430524 0.00747087 0.0735766
-0.00423406 0.00762677 0.0733993
-0.00416498 0.00779317 0.0732233
-0.00408098 0.00795803 0.0730567
-0.0039917 0.00812583 0.0729163
-0.00392671 0.00828772 0.072775
-0.00386353 0.00844082 0.0726341
-0.00380903 0.00859027 0.0724867
-0.00375261 0.00874398 0.0723275
-0.00369129 0.00889009 0.0721737
-0.00364095 0.00903291 0.072028
-0.00358743 0.00918079 0.0718844
-0.00354508 0.00931962 0.0717476
-0.00350192 0.00944953 0.0716157
-0.00346066 0.00958648 0.0714841
-0.00342639 0.00972358 0.0713481
-0.00339866 0.00985339 0.0712282
-0.00336818 0.00998901 0.0711219
-0.00333405 0.0101191 0.0710169
-0.0033075 0.0102654 0.0708985
-0.00327914 0.010407 0.0707796
-0.00324743 0.0105343 0.0706857
-0.00322056 0.0106514 0.0705822
-0.00319434 0.0107647 0.0704866
-0.00317025 0.0108753 0.0703773
-0.00313272 0.0109842 0.0702705
-0.00307914 0.0110955 0.0701509
-0.00302481 0.0112165 0.0700149
-0.00297371 0.0113415 0.0698779
-0.0029064 0.0114515 0.0697322
-0.002829 0.0115588 0.0695793
-0.0027407 0.0116575 0.069422
-0.00263326 0.0117511 0.0692618
-0.00251796 0.0118605 0.0690879
-0.00240036 0.0119774 0.0688915
-0.00227688 0.0121039 0.0686582
-0.00217424 0.0122311 0.0684088
-0.00206142 0.0123479 0.0681456
-0.00193703 0.0124751 0.0678803
-0.00180566 0.0126031 0.067623
-0.00167786 0.0127412 0.0673682
-0.00153682 0.0128695 0.0670955
-0.0013983 0.012996 0.0668
-0.00126894 0.0131322 0.0664898
-0.00113571 0.0132653 0.0661623
-0.000995099 0.0133972 0.0658381
-0.000856908 0.0135286 0.0655022
-0.000713736 0.013663 0.0651601
-0.00056658 0.0137996 0.0648256
-0.0004043 0.0139306 0.0644769
-0.000232454 0.0140632 0.0641214
-5.37484e-05 0.0141974 0.0637426
0.000119442 0.0143332 0.0633681
0.000312885 0.0144681 0.0629794
0.000517098 0.0146004 0.0625837
0.00073264 0.0147352 0.0621681
0.000960148 0.0148905 0.0617449
0.00118172 0.0150549 0.0613239
0.00142298 0.0152111 0.0609004
0.00167801 0.0153741 0.060464
0.00194872 0.0155369 0.0600469
0.0022306 0.0156824 0.0596174
0.00252952 0.0158264 0.0591877
0.00283876 0.0159686 0.0587595
0.00314525 0.0161052 0.0583233
0.00345819 0.0162433 0.0579013
0.00377699 0.0163859 0.057477
0.00409649 0.0165221 0.0570376
0.00441806 0.0166581 0.0565939
0.00475129 0.0167847 0.0561493
0.00508269 0.0168916 0.0557181
0.00540987 0.0169966 0.0552802
0.00573913 0.0171102 0.0548633
0.00607028 0.0172148 0.0544841
0.00640137 0.0173143 0.054119
0.00673864 0.0174154 0.0537567
0.00709014 0.0175146 0.0534168
0.00744195 0.0176131 0.0530993
0.00780194 0.017713 0.052795
0.0081784 0.0178224 0.0524976
0.00857399 0.017945 0.0522209
0.00898297 0.0180552 0.0519634
0.00939874 0.0181725 0.0517163
0.00981973 0.0182829 0.051485
0.0102533 0.0183837 0.0512806
0.0107071 0.0184887 0.0510809
0.0111591 0.0186057 0.050893
0.0116229 0.0187162 0.0507233
0.0120732 0.0188302 0.0505966
0.0125227 0.0189396 0.0504963
0.0129648 0.0190546 0.0504161
0.0134343 0.0191778 0.0503575
0.0139007 0.0193088 0.0503192
0.0143745 0.0194498 0.0503065
0.0148479 0.0195886 0.0503222
0.0153035 0.0197439 0.0503542
0.0157534 0.0199113 0.0503999
0.016201 0.0200883 0.0504722
0.0166591 0.0202832 0.0505921
0.0171134 0.0204842 0.05074
0.0175538 0.0206909 0.0509192
0.0179798 0.0209086 0.0511238
0.0184072 0.0211493 0.0513536
0.0188438 0.0214132 0.0516168
0.0192706 0.0216825 0.0518963
0.0197084 0.0219637 0.0522101
0.0201626 0.0222402 0.0525498
0.0206194 0.0225227 0.0529116
0.0210757 0.0228193 0.0532958
0.021538 0.023127 0.0537083
0.021995 0.0234344 0.0541415
0.0224555 0.0237518 0.0546139
0.0229193 0.024087 0.0551095
0.0233866 0.0244292 0.0556467
0.023857 0.0247628 0.0562018
0.0243287 0.0251024 0.0567911
0.0248031 0.0254491 0.0574121
0.0252707 0.0257971 0.0580688
0.0257435 0.0261461 0.0587593
0.0262072 0.0264877 0.0594697
0.026665 0.0268338 0.0602187
0.0271173 0.0271846 0.0609965
0.0275501 0.0275324 0.0618171
0.0279827 0.0278627 0.0626538
0.0283981 0.0281978 0.0635163
0.028802 0.0285335 0.064391
0.0292022 0.0288614 0.0652858
0.0296011 0.0291778 0.0661991
0.0300093 0.0294967 0.0671208
0.0304126 0.0298109 0.0680675
0.0308135 0.0301412 0.0690284
0.031211 0.0304676 0.0700184
0.0316106 0.0307799 0.0710074
0.0320079 0.0310838 0.0720016
0.0324118 0.0313983 0.0729831
0.0328115 0.0317193 0.0739547
0.0332038 0.0320415 0.0749375
0.0335948 0.0323527 0.0759257
0.0339798 0.032676 0.0769295
0.0343528 0.0330058 0.0779366
0.0347271 0.0333328 0.0789455
0.0351026 0.033674 0.0799436
0.0354748 0.0340143 0.0809436
0.0358354 0.0343547 0.081946
0.0361934 0.0346954 0.082953
0.0365486 0.0350333 0.0839413
0.0369115 0.0353707 0.0849251
0.0372788 0.0357058 0.085908
0.0376357 0.0360395 0.0868624
0.037989 0.0363809 0.0877969
0.0383384 0.0367179 0.0887097
0.03868 0.0370494 0.0896163
0.0390208 0.0373755 0.0905218
0.0393576 0.0376958 0.0914184
0.0396954 0.0380052 0.0923076
0.0400296 0.0383229 0.0931834
0.0403703 0.0386162 0.094055
0.0407133 0.0388938 0.0949129
0.0410591 0.039164 0.0957505
0.0414101 0.0394256 0.0965868
0.0417536 0.0396784 0.0974167
0.04209 0.0399296 0.098231
0.042426 0.0401695 0.0990326
0.0427516 0.0403895 0.0998358
0.0430794 0.0405923 0.100628
0.0434063 0.0407916 0.101426
0.0437321 0.0409795 0.10221
0.0440525 0.0411547 0.102955
0.044356 0.0413138 0.103693
0.0446548 0.0414605 0.104416
0.0449616 0.0416119 0.105122
0.0452631 0.0417497 0.105825
0.0455514 0.0418702 0.106511
0.0458337 0.0419772 0.107168
0.0461218 0.0420711 0.107799
0.0464115 0.0421636 0.108398
0.0466832 0.0422608 0.108972
0.0469478 0.0423538 0.109543
0.0472195 0.0424397 0.110106
0.0474821 0.0425194 0.110626
0.0477407 0.0425843 0.111112
0.0479816 0.0426401 0.111566
0.0482275 0.0427012 0.111995
0.0484575 0.0427628 0.11241
0.0486884 0.0428248 0.112822
0.0489004 0.0428861 0.113211
0.0491051 0.0429562 0.113579
0.0493041 0.0430195 0.113934
0.0494931 0.0430795 0.114257
0.0496743 0.0431458 0.114566
0.049838 0.0432178 0.114849
0.0500018 0.0432876 0.115121
0.050158 0.0433377 0.11538
0.0503005 0.0433927 0.115615
0.0504285 0.043443 0.115824
0.0505547 0.0434812 0.116019
0.0506629 0.0435063 0.116206
0.0507604 0.043537 0.116358
0.0508581 0.0435637 0.116495
0.0509378 0.0435835 0.116626
0.0510181 0.0436037 0.116741
0.0510974 0.0436037 0.11686
0.0511634 0.0435911 0.116982
0.0512234 0.0435743 0.117116
0.0512632 0.0435617 0.117244
0.0513088 0.043545 0.117356
0.051358 0.0435232 0.117465
0.0513827 0.0435105 0.11757
0.0514124 0.0435156 0.117664
0.051446 0.0435092 0.117779
0.0514694 0.0434996 0.117896
0.0514902 0.0434801 0.117995
0.0514971 0.0434585 0.11808
0.0515036 0.0434373 0.118162
0.0514968 0.0434154 0.118235
0.0514773 0.0434016 0.118299
0.0514524 0.0433719 0.118348
0.0514266 0.0433276 0.118399
0.0514083 0.0432706 0.118465
0.0513837 0.0432144 0.118553
0.0513642 0.0431655 0.11864
0.0513511 0.0431127 0.11874
0.0513436 0.0430682 0.118823
0.0513253 0.0430197 0.118872
0.0512981 0.0429597 0.118925
0.0512754 0.0429031 0.11896
0.0512465 0.0428524 0.119014
0.0512139 0.0427812 0.119073
0.0511713 0.0427123 0.119116
0.0511236 0.0426611 0.119155
0.0510719 0.0426138 0.119189
0.0510175 0.0425635 0.119242
0.0509579 0.0425133 0.11931
0.0508945 0.042466 0.119386
0.0508236 0.0424153 0.11948
0.0507491 0.042374 0.119564
0.0506604 0.0423275 0.11964
0.0505724 0.0422753 0.119698
0.0504605 0.0422067 0.119735
0.0503486 0.0421424 0.119785
0.0502362 0.042064 0.119852
0.0501171 0.0419914 0.119911
0.049983 0.0419071 0.119994
0.0498412 0.0418232 0.120076
0.0497058 0.0417351 0.120159
0.0495593 0.0416517 0.120271
0.0494062 0.0415602 0.120395
0.0492532 0.0414689 0.12052
0.0491065 0.0413726 0.120635
0.0489566 0.0412697 0.120744
0.0488083 0.041173 0.120833
0.0486479 0.0410788 0.120929
0.0484938 0.040998 0.121042
0.0483353 0.0409188 0.121155
0.0481849 0.0408279 0.121258
0.0480274 0.0407356 0.121383
0.0478738 0.0406463 0.121517
0.047711 0.0405554 0.121671
0.0475378 0.0404702 0.121828
0.0473573 0.0403763 0.121977
0.0471728 0.0402861 0.122118
0.04697 0.0402011 0.12224
0.0467515 0.0401197 0.122358
0.0465331 0.0400504 0.122484
0.0463151 0.0399901 0.122612
0.0460911 0.0399129 0.122734
0.0458444 0.0398332 0.12286
0.0455861 0.03977 0.122974
0.0453424 0.0397115 0.123098
0.0451049 0.0396466 0.123232
0.0448726 0.0395867 0.123371
0.044634 0.0395272 0.123521
0.0443931 0.0394748 0.123701
0.0441522 0.0394278 0.123903
0.0439075 0.0393819 0.124097
0.0436585 0.0393222 0.124269
0.0434245 0.0392597 0.124444
0.0431983 0.0391892 0.124611
0.0429732 0.0391156 0.124789
0.0427623 0.0390306 0.12498
0.042557 0.0389431 0.125174
0.0423568 0.0388365 0.125373
0.0421582 0.0387389 0.125601
0.0419683 0.0386336 0.125817
0.0417923 0.0385297 0.126026
0.0416092 0.038427 0.126247
0.0414376 0.0383134 0.126462
0.0412708 0.0381802 0.126673
0.0410988 0.0380384 0.126879
0.0409375 0.0378918 0.12708
0.0407829 0.0377401 0.127282
0.0406462 0.0375958 0.127495
0.0405115 0.0374563 0.127695
0.04037 0.0373206 0.127904
0.0402221 0.0371787 0.1281
0.040083 0.0370432 0.128302
0.0399342 0.0369165 0.128504
0.0397838 0.0367804 0.128727
0.0396169 0.0366504 0.128949
0.0394468 0.0365286 0.129158
0.0392728 0.0363995 0.129373
0.0390718 0.0362672 0.129591
0.0388624 0.0361407 0.129792
0.0386506 0.0360083 0.129985
0.0384205 0.0358702 0.130164
0.0381904 0.0357399 0.130344
0.0379492 0.0356195 0.1305
0.0376963 0.0355029 0.130654
0.0374324 0.0353755 0.130798
0.0371733 0.0352497 0.130942
0.0369177 0.0351229 0.131095
0.0366705 0.0349914 0.131262
0.0364258 0.0348557 0.131413
0.0361786 0.0347255 0.131553
0.0359457 0.0345737 0.131696
0.0357047 0.0344259 0.131821
0.0354662 0.0342764 0.131928
0.0352296 0.0341464 0.132024
0.0350012 0.0340808 0.132104
0.0347957 0.0340919 0.132186
0.0346021 0.0341749 0.132244
0.0344292 0.0343236 0.132296
0.0342834 0.0345059 0.132342
0.0341461 0.0347097 0.132376
0.0340195 0.0349213 0.132398
0.0339011 0.0351393 0.132389
0.0337651 0.0353903 0.132381
0.0336406 0.035654 0.132349
0.0335219 0.0359299 0.132281
0.0334092 0.0361994 0.132183
0.0333 0.0364682 0.132081
0.0331963 0.0367243 0.131963
0.0331163 0.0369447 0.131813
0.0330291 0.037123 0.131625
0.0329414 0.0372544 0.13142
0.0328559 0.0373483 0.131195
0.032749 0.0374144 0.130962
0.0326326 0.0374591 0.130694
0.0325236 0.0374819 0.13039
0.032414 0.0374904 0.130079
0.0322973 0.037499 0.129745
0.0321826 0.0375002 0.129398
0.032067 0.0375193 0.129043
0.0319483 0.0375465 0.128661
0.0318352 0.0375941 0.128254
0.0317166 0.0376496 0.127823
0.0315794 0.037708 0.127375
0.0314408 0.0377855 0.126922
0.0312954 0.0378771 0.126484
0.0311316 0.0379583 0.126043
0.0309588 0.0380422 0.125596
0.0307828 0.0381312 0.125146
0.0305964 0.0382051 0.124687
0.0304097 0.0382658 0.124223
0.0302062 0.0383159 0.123756
0.0300068 0.0383383 0.123283
0.0297911 0.0383295 0.122815
0.0295667 0.0382956 0.122353
0.0293302 0.0382467 0.121868
0.0290679 0.0381784 0.121387
0.0287814 0.0380983 0.120919
0.0284852 0.0379997 0.12045
0.0281783 0.037897 0.119955
0.0278619 0.0377981 0.119446
0.0275361 0.0376903 0.118925
0.0272128 0.0375699 0.118422
0.0268723 0.0374351 0.117936
0.0265212 0.0373144 0.11743
0.0261525 0.0371936 0.116937
0.0257763 0.0370731 0.116447
0.0253847 0.0369485 0.11597
0.0249842 0.0368057 0.115492
0.0245738 0.0366647 0.115014
0.0241603 0.0365243 0.11454
0.0237345 0.0363893 0.114067
0.0232936 0.0362581 0.113603
0.0228454 0.0361179 0.113164
0.0223748 0.0359618 0.112709
0.0219051 0.0358102 0.112281
0.0214357 0.0356563 0.111863
0.0209666 0.0355139 0.111462
0.0204836 0.0353689 0.111089
0.0199892 0.0352168 0.110721
0.0194934 0.0350719 0.110363
0.0190299 0.0349101 0.110009
0.0184747 0.0347375 0.109655
0.0178378 0.0345614 0.109315
0.0171388 0.0343814 0.108962
0.0163969 0.0342122 0.108608
0.0156598 0.0340655 0.108238
0.0149859 0.0339152 0.107873
0.0144113 0.033766 0.107519
0.0139102 0.0336373 0.107188
0.0134697 0.0335319 0.106871
0.0130531 0.0334184 0.106567
0.0126148 0.0332891 0.106306
0.0121495 0.0331506 0.106052
0.0116543 0.0330096 0.105785
0.0111083 0.0328835 0.105498
0.0105368 0.0327588 0.105204
0.00995681 0.0326522 0.104888
0.00939422 0.0325527 0.10456
0.00886548 0.0324631 0.104233
0.00835843 0.0323687 0.103934
0.00787863 0.0322532 0.103653
0.00744 0.0321135 0.103383
0.00706176 0.0319859 0.103114
0.00670003 0.0318637 0.102849
0.00634731 0.0317373 0.102594
0.00597256 0.0316187 0.10237
0.00556337 0.0314942 0.102148
0.00511401 0.0313626 0.101927
0.00462642 0.0312387 0.101724
0.00412001 0.0311171 0.101502
0.00360357 0.0309952 0.101271
0.00310241 0.0308814 0.101032
0.00261713 0.0307488 0.100786
0.00218941 0.0306183 0.100515
0.0018024 0.030487 0.100228
0.00144284 0.030364 0.0999383
0.00110378 0.0302444 0.0996529
0.000780663 0.0301309 0.099375
0.00045048 0.030017 0.0990869
0.000112291 0.0299064 0.0988078
-0.000234417 0.0298036 0.0985057
-0.000582139 0.0297013 0.0981881
-0.00085517 0.0295973 0.0978719
-0.00110321 0.0294774 0.0975517
-0.00132476 0.0293556 0.097206
-0.00156123 0.0291922 0.0968646
-0.00176063 0.029064 0.0965093
-0.00194367 0.0290123 0.0961401
-0.00210799 0.0290512 0.0957599
-0.00228091 0.0291749 0.0953736
-0.00245427 0.0292913 0.0949855
-0.00261553 0.0293293 0.0945971
-0.00277215 0.029276 0.0941945
-0.00293454 0.0291375 0.0937768
-0.00309125 0.0289413 0.0933322
-0.00324103 0.0287408 0.0928605
-0.00336578 0.0285676 0.0923524
-0.00346291 0.0284395 0.0918221
-0.00351681 0.0283385 0.0912868
-0.00353708 0.0282426 0.0907405
-0.00352738 0.0281285 0.0901943
-0.0034978 0.0279817 0.0896182
-0.00344033 0.0278029 0.0890097
-0.00337332 0.027587 0.0883728
-0.00329897 0.027364 0.0877151
-0.0032243 0.0271616 0.0870346
-0.00314041 0.0269938 0.0863375
-0.00304559 0.0268584 0.0856405
-0.00293652 0.0267507 0.0849401
-0.00280307 0.0266669 0.0842385
-0.00266313 0.0266053 0.0835208
-0.00251351 0.0265634 0.0827831
-0.00235183 0.0265243 0.0820226
-0.00219732 0.0264843 0.0812485
-0.00202977 0.0264358 0.0804701
-0.0018525 0.0263851 0.0796959
-0.00167198 0.0263363 0.0789083
-0.00150039 0.0262988 0.0781044
-0.00132366 0.0262723 0.0772995
-0.00113834 0.0262401 0.0764738
-0.00094555 0.0262025 0.0756607
-0.00075525 0.0261429 0.0748348
-0.000558255 0.0260839 0.0740058
-0.000356065 0.0260228 0.0731757
-0.000137565 0.0259566 0.0723439
0.000100776 0.0258815 0.0715028
0.000350469 0.0258212 0.0706601
0.000595216 0.0257978 0.0698169
0.000833882 0.0257917 0.0689761
0.00106229 0.0257961 0.0681336
0.00128992 0.0258015 0.0672891
0.00151977 0.0258153 0.0664686
0.00176126 0.0258403 0.0656738
0.00198562 0.0258805 0.0648748
0.00220371 0.0259141 0.0640827
0.00240519 0.0259612 0.0633112
0.00260404 0.0260145 0.0625418
0.00280476 0.0260722 0.0617622
0.00299547 0.0261296 0.0610017
0.0031882 0.0262012 0.0602546
0.00336847 0.0262761 0.0595152
0.00354708 0.0263356 0.0587799
0.00370922 0.0263933 0.0580659
0.00386674 0.0264501 0.0573546
0.00401958 0.0265039 0.0566519
0.00416238 0.0265674 0.0559653
0.00430354 0.0266482 0.0552972
0.00445012 0.0267405 0.0546425
0.00459217 0.0268385 0.0539925
0.00473248 0.0269469 0.0533613
0.00488021 0.0270666 0.0527532
0.00503109 0.0271867 0.0521938
0.00517728 0.0273028 0.0516323
0.00532147 0.0274336 0.0510697
0.00545734 0.0275669 0.0505344
0.00559178 0.027688 0.0500363
0.00572597 0.0278278 0.0495508
0.00586029 0.0279811 0.0490901
0.00598875 0.0281294 0.0486475
0.0061189 0.028284 0.0482311
0.00625524 0.0284421 0.0478342
0.00637336 0.0285987 0.0474584
0.00648552 0.0287571 0.0471049
0.00659868 0.0289055 0.0467794
0.00670892 0.02905 0.0464676
0.00681057 0.0291902 0.0461741
0.00690744 0.029336 0.0458894
0.00700557 0.0294736 0.0456249
0.00710375 0.0296151 0.0453973
0.00719923 0.0297655 0.0452156
0.00730052 0.0299197 0.045078
0.00739994 0.0300754 0.0449589
0.00750224 0.0302299 0.0448505
0.00761784 0.030388 0.0447704
0.00775678 0.0305423 0.0447257
0.0078931 0.030684 0.0446971
0.00803205 0.0308224 0.0447044
0.00816874 0.0309554 0.0447314
0.00830343 0.0310743 0.0447871
0.0084329 0.0311835 0.0448768
0.00857177 0.031299 0.0449841
0.00871187 0.0314256 0.0450963
0.0088441 0.0315385 0.0452304
0.00898126 0.0316568 0.0453763
0.00912998 0.0317705 0.0455616
0.00928405 0.0318795 0.0457714
0.00943455 0.031978 0.0459985
0.00958752 0.0320742 0.0462341
0.00973792 0.0321692 0.046493
0.00989227 0.0322613 0.0467557
0.0100531 0.0323576 0.0470361
0.0102109 0.032466 0.047332
0.0103747 0.0325589 0.0476573
0.0105365 0.0326438 0.0480076
0.010695 0.0327249 0.0483817
0.0108664 0.032803 0.0487537
0.0110265 0.0328766 0.0491491
0.0112041 0.0329516 0.0495495
0.0113889 0.0330272 0.0499652
0.0115807 0.0331027 0.0504008
0.0117726 0.0331692 0.0508542
0.0119662 0.0332431 0.0513146
0.0121545 0.0333116 0.0517807
0.012334 0.0333728 0.0522323
0.0125184 0.0334333 0.0526966
0.0127045 0.0335054 0.0531692
0.0128889 0.0335767 0.0536522
0.0130731 0.0336629 0.0541388
0.0132424 0.0337502 0.0546371
0.0134148 0.0338393 0.0551299
0.013578 0.0339262 0.055604
0.0137233 0.0340089 0.0560751
0.01387 0.0340947 0.0565431
0.0140055 0.0341824 0.0569826
0.01414 0.0342662 0.0574269
0.0142772 0.0343384 0.0578727
0.0144102 0.0343988 0.0583346
0.0145378 0.0344644 0.0587788
0.0146736 0.034529 0.0591999
0.0148025 0.0345975 0.0596137
0.0149297 0.0346666 0.0600369
0.0150465 0.0347369 0.0604575
0.0151565 0.0347942 0.0608846
0.0152559 0.0348551 0.0613062
0.015364 0.0349106 0.0617086
0.0154576 0.0349653 0.0621049
0.0155594 0.0350338 0.0624947
0.0156522 0.0350999 0.0628886
0.0157369 0.0351665 0.0632666
0.0158148 0.0352185 0.0636407
0.015886 0.0352669 0.0639854
0.0159559 0.0353092 0.0643258
0.016022 0.0353395 0.0646526
0.0160863 0.0353695 0.0649781
0.0161517 0.0354086 0.0652946
0.0162127 0.0354414 0.0656353
0.0162811 0.0354734 0.0659664
0.0163572 0.0355052 0.066274
0.0164305 0.0355345 0.0665874
0.0165153 0.035555 0.0669058
0.0165985 0.0355821 0.0672088
0.0166718 0.0356073 0.0675016
0.0167382 0.0356267 0.0677956
0.0168127 0.0356514 0.0680787
0.0168932 0.0356813 0.0683521
0.0169808 0.0357038 0.0686235
0.0170721 0.0357224 0.0688987
0.017169 0.0357375 0.0691929
0.0172607 0.035763 0.0694826
0.0173441 0.0358005 0.0697797
0.0174337 0.0358437 0.0700707
0.0175334 0.0358964 0.0703614
0.0176333 0.035943 0.0706658
0.0177283 0.0359889 0.070979
0.0178255 0.0360354 0.0712963
0.0179261 0.0360956 0.0716246
0.0180415 0.0361574 0.0719542
0.0181494 0.0362281 0.072282
0.0182596 0.0363043 0.0726139
0.018373 0.0363917 0.0729644
0.0184936 0.0364844 0.0733208
0.0186165 0.0365765 0.0736901
0.0187284 0.0366771 0.0740894
0.0188493 0.0367857 0.0745087
0.0189828 0.0368908 0.0749228
0.0191155 0.0370125 0.0753397
0.0192465 0.0371381 0.0757548
0.0193858 0.0372749 0.0761873
0.0195289 0.037415 0.0766312
0.0196842 0.0375521 0.0771115
0.0198445 0.0376974 0.0776227
0.0199992 0.0378455 0.0781268
0.0201799 0.0380381 0.0786344
0.0203233 0.0382112 0.0791339
0.0204593 0.0383908 0.0796549
0.0205959 0.0385715 0.080192
0.0207418 0.0387457 0.0807311
0.0208884 0.038925 0.0812921
0.0210379 0.0391097 0.0818793
0.021198 0.0392869 0.0824892
0.0213653 0.0394704 0.0830786
0.0215389 0.0396483 0.0836874
0.0217026 0.0398288 0.0843063
0.0218732 0.0400125 0.0849554
0.0220517 0.0401838 0.0856113
0.0222315 0.040353 0.0862769
0.0224073 0.0405152 0.0869706
0.02257 0.0406724 0.087665
0.0227348 0.0408267 0.0883709
0.0228919 0.0409765 0.0890901
0.023053 0.0411127 0.089838
0.0232069 0.0412487 0.0906178
0.0233549 0.04138 0.0913865
0.0235114 0.0415101 0.0921547
0.0236752 0.0416382 0.0929236
0.0238273 0.0417523 0.0937313
0.0239689 0.0418504 0.0945493
0.0241101 0.0419434 0.0953706
0.0242473 0.0420394 0.0961902
0.0243793 0.042126 0.0970152
0.0245088 0.0422022 0.0978535
0.0246288 0.0422572 0.0987056
0.024753 0.0422972 0.0995814
0.0248619 0.0423344 0.100468
0.024974 0.042363 0.101346
0.0250921 0.0423827 0.102229
0.0252012 0.0423796 0.103117
0.0252966 0.0423534 0.104012
0.0253895 0.0423128 0.10492
0.0254877 0.0422655 0.105837
0.0255823 0.0422025 0.106742
0.0256779 0.0421159 0.107639
0.0257636 0.0420147 0.108549
0.0258541 0.0419002 0.109457
0.0259387 0.0417721 0.11035
0.0260326 0.0416278 0.111225
0.0261213 0.0414621 0.112112
0.0261994 0.0412867 0.113002
0.0262689 0.0411073 0.113885
0.0263293 0.0409315 0.114769
0.0263992 0.040749 0.115657
0.0264785 0.0405618 0.116533
0.0265388 0.0403583 0.117399
0.0266026 0.0401409 0.118252
0.0266755 0.0399208 0.119098
0.0267669 0.0396862 0.119921
0.0268602 0.0394556 0.12074
0.0269407 0.039223 0.121541
0.027023 0.038979 0.122345
0.0271156 0.0387285 0.123117
0.0272018 0.0384744 0.123885
0.0272807 0.0382116 0.124644
0.0273603 0.0379395 0.125405
0.0274431 0.0376633 0.12616
0.0275315 0.0373695 0.126898
0.0276269 0.0370791 0.127634
0.0277253 0.0367901 0.128338
0.0278175 0.0365098 0.129027
0.0279105 0.0362277 0.129725
0.0280017 0.0359461 0.130425
0.0280922 0.0356726 0.131092
0.028173 0.0354153 0.131751
0.0282592 0.0351613 0.132417
0.0283366 0.0349281 0.1331
0.0284084 0.0346942 0.133787
0.0284729 0.0344674 0.13446
0.0285357 0.0342493 0.135129
0.0285954 0.0340279 0.135786
0.0286459 0.03382 0.13645
0.0286946 0.0336126 0.137115
0.0287284 0.0334086 0.137777
0.0287563 0.033204 0.138429
0.0287965 0.0330004 0.139081
0.0288168 0.0327946 0.139744
0.0288292 0.0326062 0.140407
0.0288325 0.032423 0.141074
0.0288178 0.0322503 0.141748
0.028797 0.0320771 0.142413
0.0287722 0.0318989 0.143085
0.0287399 0.0317155 0.143776
0.0286896 0.0315401 0.144457
0.0286255 0.0313757 0.145131
0.0285461 0.0312103 0.14583
0.0284533 0.0310527 0.146534
0.0283505 0.0309081 0.147242
0.0282391 0.0307633 0.147962
0.0281109 0.0306086 0.148698
0.02796 0.0304584 0.149439
0.0277972 0.0303208 0.150181
0.0276134 0.0301989 0.150963
0.0274114 0.0300628 0.151758
0.027203 0.0299173 0.152567
0.0269754 0.0297761 0.153374
0.0267415 0.0296328 0.154194
0.0264913 0.0295016 0.155026
0.0262299 0.0293623 0.155872
0.025965 0.0292088 0.156708
0.0256733 0.0290491 0.157562
0.0253597 0.0288647 0.158442
0.0250343 0.0286861 0.159329
0.0246831 0.0285171 0.160221
0.0243332 0.0283503 0.161121
0.0239742 0.0281762 0.162025
0.0236142 0.0280108 0.16294
0.0232413 0.0278433 0.163865
0.0228501 0.0276758 0.164794
0.0224425 0.0275215 0.165728
0.0220339 0.0273643 0.166666
0.02161 0.0272045 0.1676
0.0211786 0.0270441 0.168533
0.0207367 0.0268765 0.169475
0.0202857 0.0267224 0.17041
0.019824 0.0265658 0.171359
0.0193473 0.02642 0.172312
0.0188795 0.0262933 0.173281
0.0184072 0.0261659 0.174265
0.0179399 0.0260346 0.175251
0.0174664 0.0259008 0.17623
0.0169757 0.0257786 0.177197
0.0164854 0.0256577 0.178174
0.015993 0.0255485 0.179146
0.015486 0.0254425 0.180138
0.0149856 0.0253464 0.181131
0.0144855 0.025258 0.18214
0.0139849 0.0251679 0.183155
0.013475 0.0251013 0.184162
0.0129703 0.0250422 0.185174
0.0124703 0.0249786 0.186173
0.0119681 0.0249296 0.187175
0.0114663 0.0249019 0.188169
0.0109524 0.0248868 0.189164
0.0104499 0.0248802 0.190159
0.00995382 0.0248866 0.191157
0.00945257 0.0248906 0.192152
0.00895332 0.0249062 0.193128
0.00845632 0.0249304 0.1941
0.00796248 0.0249602 0.195079
0.00748114 0.0250035 0.196065
0.00700052 0.0250594 0.197052
0.00651745 0.0251174 0.198024
0.00604382 0.0251984 0.198997
0.00558244 0.0252962 0.199967
0.00512707 0.0253917 0.200921
0.00468127 0.0254903 0.201875
0.0042377 0.0256005 0.202827
0.00379052 0.0257244 0.203767
0.00335544 0.0258556 0.204714
0.00291553 0.0259942 0.205654
0.00248056 0.0261433 0.20658
0.00205546 0.0263048 0.207492
0.00164413 0.0264605 0.208414
0.0012517 0.0266231 0.20934
0.000864505 0.0267989 0.210259
0.000493106 0.0269746 0.211161
0.000119441 0.0271681 0.212061
-0.000244561 0.0273496 0.212954
-0.000616452 0.0275105 0.213845
-0.000986182 0.0276738 0.214727
-0.00134544 0.0278322 0.21561
-0.0016989 0.0279929 0.216488
-0.00205064 0.028166 0.21735
-0.00238784 0.0283371 0.218188
-0.00272069 0.028502 0.21901
-0.00304147 0.0286617 0.219831
-0.00335346 0.0288274 0.220665
-0.00365834 0.0289952 0.221495
-0.00396581 0.0291546 0.222311
-0.00427145 0.0293176 0.223107
-0.0045608 0.0294699 0.22389
-0.00484245 0.0296153 0.224667
-0.00511782 0.0297561 0.225444
-0.00538465 0.0298941 0.226228
-0.00564779 0.030023 0.226984
-0.0059252 0.0301439 0.227736
-0.00619341 0.0302574 0.228501
-0.00644731 0.0303612 0.229263
-0.00669697 0.0304562 0.23001
-0.00692725 0.0305398 0.230741
-0.0071578 0.0306142 0.23145
-0.00738897 0.0306901 0.232158
-0.00761023 0.0307446 0.232852
-0.00782668 0.0307785 0.233548
-0.00803669 0.0308104 0.234236
-0.00824374 0.0308447 0.234924
-0.00844526 0.0308672 0.235592
-0.0086407 0.0308775 0.23627
-0.00883361 0.030883 0.236942
-0.00902387 0.0308737 0.237612
-0.0092164 0.0308565 0.238266
-0.00939884 0.0308278 0.238918
-0.00956753 0.0307763 0.239554
-0.00972908 0.0307256 0.240186
-0.0098862 0.0306675 0.240811
-0.0100365 0.0306023 0.241437
-0.0101909 0.0305352 0.242054
-0.0103469 0.0304674 0.24266
-0.0104941 0.0303743 0.243269
-0.0106343 0.030265 0.243878
-0.0107755 0.030144 0.244482
-0.010908 0.0300055 0.245068
-0.0110369 0.0298591 0.245638
-0.0111584 0.0297175 0.246207
-0.0112594 0.0295705 0.246756
-0.0113589 0.0294184 0.247295
-0.0114617 0.029266 0.247849
-0.0115678 0.0291044 0.248416
-0.0116655 0.0289376 0.248977
-0.0117606 0.0287533 0.24952
-0.0118536 0.0285618 0.250059
-0.0119391 0.0283677 0.250607
-0.0120187 0.0281647 0.251144
-0.0120977 0.0279635 0.251688
-0.0121678 0.0277565 0.252227
-0.0122324 0.0275415 0.252768
-0.0122937 0.0273255 0.253306
-0.012358 0.0271007 0.253848
-0.0124199 0.0268735 0.254401
-0.0124677 0.0266428 0.254957
-0.0125189 0.0264071 0.255529
-0.0125607 0.0261731 0.256098
-0.0126073 0.0259447 0.25666
-0.0126601 0.0257141 0.257228
-0.012701 0.0254746 0.25781
-0.012742 0.0252302 0.258391
-0.0127753 0.0249916 0.258963
-0.0128115 0.0247498 0.259546
-0.0128385 0.0245062 0.260128
-0.0128591 0.0242739 0.260722
-0.0128835 0.0240361 0.261321
-0.0129115 0.0237995 0.261918
-0.0129251 0.0235595 0.262524
-0.0129328 0.0233223 0.263143
-0.0129319 0.0230879 0.263763
-0.0129288 0.0228664 0.264386
-0.0129281 0.0226434 0.265032
-0.0129101 0.0224266 0.265687
-0.0128993 0.0222085 0.266314
-0.012893 0.0219995 0.266941
-0.0128902 0.0217995 0.26756
-0.0128781 0.0216083 0.268193
-0.0128607 0.021418 0.26884
-0.0128386 0.0212393 0.269519
-0.0128192 0.021065 0.270197
-0.0128002 0.02089 0.270888
-0.0127708 0.0207154 0.2716
-0.0127476 0.0205518 0.2723
-0.0127258 0.0203845 0.272994
-0.0126895 0.0202284 0.273704
-0.0126543 0.0200841 0.274391
-0.0126269 0.0199409 0.275094
-0.0126022 0.019807 0.275802
-0.0125713 0.0196825 0.276516
-0.0125426 0.0195617 0.277248
-0.0125105 0.0194404 0.277996
-0.0124624 0.0193236 0.278736
-0.0124087 0.019222 0.279481
-0.0123571 0.0191222 0.280218
-0.012314 0.0190248 0.280968
-0.0122585 0.0189418 0.281725
-0.012199 0.0188579 0.282479
-0.0121365 0.0187746 0.283241
