%roll pitch yaw
-0.00367662 -0.00177824 -0.0900391
-0.00351153 -0.00198955 -0.0902368
-0.00334871 -0.00222755 -0.0904707
-0.00322715 -0.00249767 -0.0907265
-0.00314694 -0.00279025 -0.0910017
-0.00313363 -0.00309675 -0.0912991
-0.00316368 -0.00340128 -0.0916104
-0.00325078 -0.0037209 -0.091959
-0.00339696 -0.00405262 -0.0923447
-0.00357249 -0.00440061 -0.0927784
-0.00375886 -0.00475794 -0.093231
-0.00398367 -0.00511652 -0.0937131
-0.00422228 -0.00550147 -0.0942258
-0.00445514 -0.00589618 -0.0947463
-0.00469384 -0.00628627 -0.0952807
-0.0049587 -0.00666938 -0.095818
-0.00522449 -0.00702085 -0.0963616
-0.00548127 -0.00736192 -0.0969141
-0.00574242 -0.00769357 -0.0974784
-0.00602873 -0.00801477 -0.0980773
-0.00632423 -0.00830966 -0.0987001
-0.00660235 -0.00856646 -0.0993353
-0.00688333 -0.00880859 -0.0999916
-0.00714304 -0.00904726 -0.100675
-0.00738567 -0.00928277 -0.101356
-0.00759441 -0.00946017 -0.102036
-0.00778723 -0.00955562 -0.102694
-0.00796012 -0.00959669 -0.103335
-0.00808149 -0.00959761 -0.103937
-0.00818378 -0.00955013 -0.104527
-0.00827236 -0.00946174 -0.105077
-0.00833382 -0.00935012 -0.105598
-0.00838099 -0.00924098 -0.106095
-0.00841367 -0.00911061 -0.106586
-0.00845712 -0.00899638 -0.10708
-0.00851084 -0.00888872 -0.107566
-0.00856187 -0.00877296 -0.10803
-0.00861294 -0.00869267 -0.108452
-0.0086529 -0.00860428 -0.108826
-0.00869489 -0.00850141 -0.109169
-0.00870683 -0.00836328 -0.109497
-0.00866553 -0.00823006 -0.109792
-0.00860162 -0.00811032 -0.110067
-0.00849142 -0.00799498 -0.110309
-0.00837286 -0.0078943 -0.110503
-0.00821986 -0.00778146 -0.110644
-0.00805477 -0.0076528 -0.110747
-0.00790818 -0.00752892 -0.110795
-0.0077466 -0.0074107 -0.110812
-0.00760733 -0.0072952 -0.110799
-0.00744967 -0.00720515 -0.110772
-0.00729267 -0.0071613 -0.110714
-0.00712229 -0.00717904 -0.110648
-0.00692871 -0.00723523 -0.110572
-0.00673663 -0.0072976 -0.110468
-0.00652535 -0.00736497 -0.110323
-0.00629252 -0.00747849 -0.110145
-0.00603959 -0.00766714 -0.109952
-0.00573783 -0.00792579 -0.109746
-0.0054336 -0.00827399 -0.10951
-0.00507469 -0.00870782 -0.109273
-0.0047185 -0.0091784 -0.109041
-0.00433791 -0.00967246 -0.108811
-0.00392699 -0.0101635 -0.108612
-0.00350051 -0.0106325 -0.108408
-0.00307541 -0.0111059 -0.108185
-0.0026602 -0.0116026 -0.107937
-0.00222124 -0.0121191 -0.107666
-0.00177857 -0.0126211 -0.107377
-0.00136257 -0.0131022 -0.107078
-0.000989245 -0.0134422 -0.106757
-0.000613078 -0.0137354 -0.106426
-0.00019731 -0.0139862 -0.106067
0.000248622 -0.0141635 -0.105674
0.000750495 -0.0142158 -0.105237
0.00132099 -0.0141831 -0.104759
0.00195534 -0.0141312 -0.10425
0.00271468 -0.0141148 -0.103729
0.00358115 -0.0141712 -0.103212
0.00453253 -0.014293 -0.102724
0.00555294 -0.0144919 -0.102267
0.00661392 -0.0147941 -0.101856
0.00768386 -0.0152033 -0.101474
0.00871704 -0.015733 -0.101126
0.00970943 -0.0163716 -0.100815
0.0106205 -0.0171099 -0.100514
0.0114459 -0.0179562 -0.100229
0.0123865 -0.0190024 -0.0999588
0.0132403 -0.020129 -0.0997027
0.014045 -0.0213616 -0.0994434
0.0147842 -0.0226791 -0.0991561
0.015246 -0.0238025 -0.0988612
0.015612 -0.0248976 -0.0985514
0.0158711 -0.0258927 -0.0982037
0.0160066 -0.0267241 -0.0978553
0.0159996 -0.02735 -0.0974981
0.015831 -0.0277519 -0.0971349
0.0155188 -0.027914 -0.096761
0.0150678 -0.0278326 -0.0963556
0.0147031 -0.0278346 -0.0959507
0.0142353 -0.0276339 -0.0955189
0.0136599 -0.0272261 -0.0950966
0.012979 -0.026592 -0.0946738
0.0121784 -0.0257134 -0.094277
0.0112982 -0.0246037 -0.0939186
0.0103142 -0.0233114 -0.0936236
0.00929183 -0.0218817 -0.0933816
0.00823107 -0.0203216 -0.0932251
0.00719925 -0.0186631 -0.0931257
0.0061927 -0.0169482 -0.0930815
0.0052499 -0.0151968 -0.0930963
0.0043891 -0.0134188 -0.0931557
0.00359132 -0.0116357 -0.093297
0.00289415 -0.00986383 -0.0934826
0.00241251 -0.00833791 -0.0937384
0.00204686 -0.00694454 -0.0940883
0.00181428 -0.00571251 -0.0944992
0.00168527 -0.00466656 -0.0949493
0.00166133 -0.00381363 -0.0954525
0.00172124 -0.0031512 -0.0960068
0.00184077 -0.00268419 -0.0966228
0.00182919 -0.00211706 -0.0972884
0.00185431 -0.00167424 -0.0979856
0.00193681 -0.00135696 -0.0987078
0.00206908 -0.00121586 -0.0994243
0.00225743 -0.00129358 -0.100098
0.00251098 -0.00155875 -0.100727
0.00298964 -0.00215312 -0.1013
0.00344297 -0.00280976 -0.101862
0.00387682 -0.00346598 -0.102396
0.00405237 -0.00392696 -0.102879
0.00416973 -0.00441765 -0.103311
0.00419827 -0.00497593 -0.103677
0.00418965 -0.00560169 -0.103974
0.00416727 -0.0062571 -0.104216
0.00411532 -0.00691967 -0.104406
0.00407795 -0.00753965 -0.104542
0.00402098 -0.0080749 -0.104624
0.00393762 -0.00848456 -0.104673
0.00382348 -0.00874956 -0.104687
0.00367756 -0.00889748 -0.104678
0.00348987 -0.00894193 -0.104643
0.00329041 -0.00889633 -0.104569
0.00308699 -0.00877077 -0.104477
0.00290135 -0.00855645 -0.104375
0.00271634 -0.00825667 -0.10428
0.00254136 -0.00787883 -0.104164
0.002374 -0.0074366 -0.104028
0.00222935 -0.00695277 -0.103888
0.00207621 -0.00640865 -0.103728
0.00193021 -0.00584851 -0.103548
0.0017961 -0.00528019 -0.103377
0.00168411 -0.00473649 -0.103179
0.00160206 -0.00422605 -0.102955
0.0015327 -0.00375937 -0.102724
0.00149417 -0.0033652 -0.102485
0.00147766 -0.00299682 -0.102246
0.00146736 -0.00266122 -0.101993
0.00145997 -0.00236124 -0.101739
0.00145121 -0.00209317 -0.101483
0.00143607 -0.00187265 -0.101205
0.00141311 -0.00168742 -0.100942
0.00139288 -0.0015343 -0.100687
0.00136341 -0.00142666 -0.100433
0.00133938 -0.00135221 -0.100188
0.00130773 -0.00131888 -0.0999466
0.00126192 -0.00134473 -0.0996913
0.00120887 -0.00136946 -0.0994296
0.00114335 -0.00138683 -0.099169
0.0010781 -0.00139547 -0.0989183
0.00103393 -0.00140756 -0.0986613
0.000990214 -0.00143803 -0.0984197
0.000942794 -0.00148429 -0.0981833
0.000878011 -0.00155962 -0.097942
0.000822746 -0.00166452 -0.0976733
0.000745208 -0.00179079 -0.0973606
0.000647947 -0.0019373 -0.0970177
0.000509929 -0.00207895 -0.0966603
0.000362466 -0.00222017 -0.0962696
0.00018536 -0.00233488 -0.0958794
7.5696e-06 -0.00240097 -0.0954776
-0.000186459 -0.00244942 -0.0950327
-0.000380098 -0.00244462 -0.0945541
-0.00057898 -0.00239776 -0.0940654
-0.00077818 -0.00231416 -0.0935631
-0.000968568 -0.00221442 -0.0930424
-0.00114427 -0.00208364 -0.0925158
-0.00130587 -0.00191353 -0.0919976
-0.00145583 -0.0016997 -0.0914916
-0.00159356 -0.00144587 -0.0910006
-0.0017067 -0.00116689 -0.0905144
-0.00179052 -0.000869333 -0.0900394
-0.00183936 -0.000548092 -0.0895943
-0.00185295 -0.000205149 -0.0891691
-0.00185217 0.000159538 -0.0887581
-0.00184182 0.000529616 -0.0883635
-0.001829 0.000893255 -0.0879787
-0.00182108 0.00126653 -0.0876113
-0.00179931 0.00165036 -0.0872692
-0.00178478 0.00203267 -0.0869397
-0.00177578 0.0023896 -0.0866322
-0.00179202 0.00271483 -0.0863289
-0.00181835 0.00300216 -0.0860298
-0.00186306 0.00325814 -0.0857589
-0.00191528 0.00351047 -0.0855121
-0.00197758 0.00378361 -0.0852869
-0.00207182 0.00407905 -0.0850996
-0.00218215 0.00439022 -0.0849539
-0.00230407 0.00470162 -0.0848446
-0.00245948 0.00500987 -0.0847565
-0.00264542 0.00529687 -0.0847046
-0.00285681 0.00552676 -0.0846748
-0.00309147 0.00565927 -0.0846751
-0.00335077 0.00571045 -0.084666
-0.00361705 0.00567971 -0.0846781
-0.00388275 0.00559045 -0.0847249
-0.00415504 0.00547714 -0.0847907
-0.00442007 0.00533714 -0.0848735
-0.00467392 0.00515908 -0.0849561
-0.00492161 0.00493281 -0.0850671
-0.00516003 0.00465924 -0.0851886
-0.00541032 0.00433611 -0.08532
-0.0056634 0.00395448 -0.085432
-0.00592363 0.00354071 -0.0855418
-0.0061774 0.00309915 -0.0856673
-0.00643252 0.00265313 -0.0858044
-0.00670991 0.00221123 -0.0859771
-0.00698357 0.00180055 -0.0861733
-0.00727937 0.00141132 -0.0864001
-0.00759307 0.00104719 -0.086658
-0.00789326 0.000713152 -0.0869287
-0.00814944 0.000429467 -0.087213
-0.00835965 0.000175594 -0.087507
-0.00837085 4.25846e-05 -0.0877942
-0.00835485 -6.8149e-05 -0.088087
-0.00832597 -0.000136869 -0.0884025
-0.00830195 -0.00010065 -0.0887564
-0.00835314 4.4786e-05 -0.0891635
-0.00849867 0.000250581 -0.0896114
-0.0088421 0.000490517 -0.0901079
-0.00923188 0.000564996 -0.0906196
-0.00972751 0.000512048 -0.0911009
-0.0103124 0.000315636 -0.0915432
-0.010942 -2.36558e-05 -0.0919151
-0.011562 -0.000491938 -0.0922255
-0.0121284 -0.00107654 -0.0924588
-0.0126385 -0.00175113 -0.0926396
-0.0130828 -0.00246718 -0.0927907
-0.0136838 -0.0032451 -0.0929279
-0.0142271 -0.00408975 -0.093057
-0.0146907 -0.00503084 -0.0931863
-0.0148499 -0.00595575 -0.0933041
-0.0149343 -0.00687076 -0.0934233
-0.0149601 -0.00773695 -0.0935529
-0.0149323 -0.0085162 -0.0936567
-0.0148642 -0.00915514 -0.0937382
-0.0147287 -0.00958506 -0.0938086
-0.0145392 -0.00980628 -0.093893
-0.0144453 -0.0100393 -0.0939828
-0.0142119 -0.0100675 -0.0940771
-0.0138324 -0.00989537 -0.0941616
-0.0132617 -0.00951869 -0.0942532
-0.0125138 -0.00894747 -0.0943221
-0.0115924 -0.00819896 -0.0943547
-0.0105679 -0.0072662 -0.0943612
-0.00946828 -0.00615447 -0.0943604
-0.00834074 -0.00489878 -0.0943438
-0.0072327 -0.00351827 -0.0942968
-0.00617624 -0.00205587 -0.0942075
-0.00521605 -0.000551002 -0.0940895
-0.00434883 0.00096531 -0.0939364
-0.00357199 0.00246218 -0.093736
-0.00296431 0.00376064 -0.0934885
-0.00245227 0.0049568 -0.0932075
-0.00199782 0.00602195 -0.0928751
-0.0015796 0.00694943 -0.0925218
-0.00120827 0.0077074 -0.0921315
-0.000888236 0.00828481 -0.0917024
-0.000622258 0.00868659 -0.0912657
-0.00024196 0.00923076 -0.0908293
6.08761e-05 0.00960522 -0.0903865
0.000271194 0.00982085 -0.0899592
0.000396779 0.00985816 -0.0895587
0.000448368 0.00973282 -0.0891882
0.000435788 0.00945067 -0.0888377
0.000374551 0.00906303 -0.0885192
0.000264129 0.00862726 -0.0882092
9.64477e-05 0.00818394 -0.087898
-8.36101e-05 0.00775964 -0.087588
-0.000254195 0.00733428 -0.0873284
-0.000420121 0.00684214 -0.087123
-0.000573382 0.00625417 -0.0869527
-0.000703992 0.0055539 -0.0867909
-0.000799851 0.00482412 -0.0866559
-0.000891964 0.00409119 -0.0865292
-0.000999457 0.00339097 -0.0864126
-0.00112391 0.00271395 -0.0863104
-0.00126219 0.00206655 -0.0862504
-0.00140105 0.00147456 -0.0862279
-0.00154655 0.000922547 -0.0862507
-0.00164607 0.000421262 -0.0863262
-0.00167996 -2.48817e-05 -0.0864447
-0.00166154 -0.000452086 -0.0866101
-0.00161256 -0.000854968 -0.0868025
-0.00155909 -0.00123341 -0.0869948
-0.00149657 -0.00155074 -0.0871855
-0.00142538 -0.00180847 -0.0873926
-0.00135996 -0.00200392 -0.0876069
-0.00128246 -0.00213533 -0.0878429
-0.00118364 -0.00222153 -0.0880994
-0.00106119 -0.00225927 -0.0883955
-0.000912977 -0.00225642 -0.088707
-0.000742558 -0.00221717 -0.089045
-0.000559483 -0.00216693 -0.0893983
-0.000375503 -0.00212011 -0.0897478
-0.000220243 -0.00207901 -0.0900819
-9.61484e-05 -0.00203823 -0.0903973
1.03662e-05 -0.00199481 -0.0906991
0.000102335 -0.00196054 -0.0909893
0.000186554 -0.00191469 -0.0912397
0.000255942 -0.00188808 -0.0914597
0.000287782 -0.00188986 -0.0916489
0.000290739 -0.00190147 -0.0918012
0.000263597 -0.00192638 -0.0919248
0.000202957 -0.0019598 -0.0920386
0.000106318 -0.00201009 -0.0921192
-2.17148e-05 -0.00207548 -0.092183
-0.000138457 -0.00216991 -0.0922139
-0.00023745 -0.00226876 -0.0922206
-0.000344746 -0.00237744 -0.0922059
-0.000464236 -0.00253078 -0.0921725
-0.000574318 -0.0026912 -0.0921009
-0.000678653 -0.0028543 -0.0920015
-0.00081181 -0.0030192 -0.0918874
-0.000953357 -0.00317171 -0.0917769
-0.0010714 -0.00331693 -0.0916725
-0.00116592 -0.00345849 -0.0915921
-0.00124447 -0.00362453 -0.0915229
-0.00131431 -0.00378838 -0.0914905
-0.00132684 -0.00392792 -0.0914749
-0.00127451 -0.0040671 -0.0914514
-0.00122124 -0.0042262 -0.0914192
-0.00116676 -0.00440307 -0.0913813
-0.00111189 -0.00455302 -0.0913405
-0.00102794 -0.00467537 -0.0913085
-0.000905642 -0.0047732 -0.09128
-0.000787208 -0.00486078 -0.0912678
-0.000648786 -0.00494569 -0.0912817
-0.000487352 -0.00503119 -0.0913228
-0.000312306 -0.00510014 -0.0913843
-0.000127143 -0.00515529 -0.091466
2.78916e-05 -0.00519963 -0.091568
0.000169542 -0.00521311 -0.0916798
0.000294985 -0.00518049 -0.0918003
0.000403555 -0.005133 -0.0919578
0.000511701 -0.00511447 -0.0921234
0.000613883 -0.00510149 -0.0922843
0.000737073 -0.00507145 -0.0924208
0.000875642 -0.0050026 -0.0925317
0.000988537 -0.00492544 -0.0926402
0.0010656 -0.00489423 -0.0927639
0.00118541 -0.00487994 -0.092887
0.00128562 -0.00484251 -0.0930028
0.00133618 -0.00480492 -0.0931246
0.00137158 -0.00476945 -0.0932375
0.0014242 -0.00473536 -0.0933329
0.00148491 -0.00470923 -0.0934182
0.00150047 -0.00472306 -0.0934917
0.0014926 -0.00474388 -0.0935394
0.00149094 -0.00474983 -0.0935417
0.0014728 -0.00474401 -0.0935186
0.00145867 -0.00473934 -0.0934834
0.00143128 -0.0047474 -0.0934128
0.001415 -0.00478318 -0.0933094
0.00144434 -0.00481446 -0.0931754
0.00146489 -0.00486048 -0.0930392
0.00150748 -0.00493968 -0.0928848
0.00156791 -0.00502073 -0.0927187
0.00163794 -0.00513029 -0.0925488
0.00174809 -0.0052946 -0.092362
0.00184881 -0.00553 -0.0921667
0.00194382 -0.00580836 -0.0919852
0.00207354 -0.00610546 -0.0918226
0.00221008 -0.0063757 -0.0916719
0.00238152 -0.00663427 -0.0915157
0.00258697 -0.00690811 -0.0913742
0.00283368 -0.00720951 -0.0912482
0.00306472 -0.00757155 -0.0911494
0.00323233 -0.00802603 -0.0910681
0.00343089 -0.00849126 -0.0910113
0.00365469 -0.00890906 -0.0909754
0.00394271 -0.00925375 -0.0909637
0.00431152 -0.00950381 -0.090956
0.00476226 -0.00968546 -0.0909282
0.0053552 -0.00982148 -0.0909084
0.00600263 -0.00995936 -0.0908953
0.00679705 -0.00998999 -0.0909022
0.00769977 -0.00987407 -0.0909353
0.00875652 -0.00955897 -0.0909908
0.00988945 -0.00914403 -0.0910807
0.0110646 -0.00863954 -0.0911607
0.0122612 -0.00804697 -0.0912204
0.0134496 -0.00735755 -0.0912802
0.0146422 -0.00663024 -0.091331
0.0158222 -0.00593329 -0.0913708
0.0169746 -0.00523255 -0.0914019
0.0180575 -0.00453252 -0.0914106
0.0190945 -0.00382984 -0.0914088
0.0200891 -0.00311928 -0.0914166
0.0210498 -0.00237715 -0.0913706
0.0219674 -0.00165874 -0.0912761
0.0228357 -0.000991908 -0.0911339
0.0236362 -0.000382965 -0.0909355
0.0243005 0.000155555 -0.0906997
0.0248097 0.000620435 -0.0904353
0.0251468 0.000968886 -0.0901417
0.025307 0.0012156 -0.0898175
0.025299 0.00137092 -0.0894658
0.025122 0.00145223 -0.0890808
0.0248009 0.00145215 -0.0886793
0.0243451 0.00136799 -0.0882724
0.0237856 0.00118897 -0.0878584
0.0231204 0.000907939 -0.087474
0.0223586 0.000545264 -0.0871322
0.0215243 0.000129573 -0.0868276
0.0206423 -0.000320642 -0.0865725
0.0197168 -0.000792715 -0.0863499
0.0187924 -0.00126981 -0.0861822
0.0178642 -0.00174779 -0.0860469
0.0169316 -0.00219846 -0.0859547
0.016029 -0.00260843 -0.0859105
0.0151492 -0.00297405 -0.0859454
0.0142991 -0.00329714 -0.0860333
0.013493 -0.0035923 -0.0861965
0.0127451 -0.00387675 -0.0864423
0.0120475 -0.00414698 -0.0867432
0.0114516 -0.0044052 -0.0870818
0.0109268 -0.00465537 -0.0874776
0.0104912 -0.00490389 -0.0879096
0.0101103 -0.00514554 -0.0883863
0.00978941 -0.00536613 -0.088887
0.00952125 -0.0055573 -0.0894234
0.00930119 -0.00570987 -0.0899903
0.00909791 -0.00583902 -0.0905964
0.00893143 -0.00592936 -0.0912294
0.00879703 -0.00601508 -0.0918607
0.00870398 -0.00613898 -0.0924852
0.0088583 -0.00629452 -0.0930892
0.00906266 -0.00650601 -0.0936549
0.00929205 -0.0067624 -0.0941972
0.00952421 -0.00706959 -0.0946741
0.00951921 -0.00746966 -0.0950948
0.00950368 -0.00788556 -0.0954685
0.00947751 -0.00828321 -0.0957761
0.00940747 -0.0086613 -0.0960165
0.00929974 -0.00903913 -0.0961826
0.0091804 -0.00941622 -0.0962679
0.00907439 -0.00980144 -0.0962637
0.00893969 -0.0101947 -0.0961511
0.00878305 -0.0105721 -0.0959425
0.00862597 -0.0109067 -0.0956402
0.00846973 -0.0111941 -0.0952601
0.0083244 -0.0114508 -0.0948299
0.00818994 -0.0116484 -0.094333
0.00809237 -0.0117856 -0.0938108
0.00803346 -0.0118709 -0.0932501
0.00799247 -0.0119115 -0.0926651
0.00798279 -0.0119165 -0.0920674
0.00817068 -0.0118039 -0.0914384
0.00838598 -0.0116374 -0.0907859
0.00844337 -0.0114764 -0.0901023
0.00852098 -0.0112767 -0.0894082
0.0086179 -0.0110463 -0.0887246
0.0087465 -0.0107753 -0.0880583
0.00885854 -0.0104798 -0.0874298
0.00899865 -0.0101571 -0.0868301
0.00913024 -0.00983303 -0.0862718
0.00924567 -0.00953144 -0.0857627
0.00934052 -0.00923978 -0.0852924
0.00943426 -0.0089735 -0.0848881
0.00950918 -0.00870423 -0.0845188
0.00959096 -0.00843096 -0.0841926
0.00965714 -0.00817115 -0.0839159
0.00970365 -0.00795775 -0.0836864
0.00970867 -0.0077994 -0.08349
0.0096987 -0.0076984 -0.083347
0.00965442 -0.00764856 -0.0832731
0.00957716 -0.00762824 -0.0832582
0.00946434 -0.0076458 -0.0832979
0.00933796 -0.00768979 -0.0833997
0.0092088 -0.00774138 -0.0835689
0.0090725 -0.00780655 -0.0837821
0.00893632 -0.00788247 -0.0840385
0.00879779 -0.00795863 -0.0843096
0.00866546 -0.00806345 -0.0845977
0.00853792 -0.00819783 -0.0849181
0.00838517 -0.00834723 -0.0852317
0.00823057 -0.00850694 -0.0855323
0.00805961 -0.00862942 -0.0858457
0.00788003 -0.00871975 -0.0861767
0.00769292 -0.00877269 -0.086531
0.00749981 -0.00881915 -0.0868921
0.00729201 -0.00886619 -0.0872595
0.00708136 -0.00894852 -0.0876113
0.00686808 -0.00906194 -0.0879336
0.0066607 -0.00919303 -0.0882184
0.00647451 -0.00932142 -0.0884566
0.00632818 -0.0094353 -0.0886633
0.0062052 -0.00952526 -0.0888416
0.00609153 -0.00961744 -0.0889941
0.00598956 -0.00971048 -0.0891197
0.00588591 -0.00979827 -0.0892089
0.00579884 -0.00988717 -0.0892817
0.00570941 -0.00996124 -0.0893238
0.00561439 -0.0100085 -0.0893351
0.00549025 -0.0100574 -0.0893366
0.00538048 -0.0101088 -0.089335
0.00526484 -0.0101634 -0.0893086
0.00515488 -0.0101863 -0.089256
0.00503842 -0.0101736 -0.0891899
0.0049319 -0.0101258 -0.0890954
0.00481787 -0.0100644 -0.0889944
0.00467867 -0.0100056 -0.0888827
0.00451077 -0.00992425 -0.0887361
0.00434064 -0.00983551 -0.0885799
0.00414445 -0.00972323 -0.0884368
0.00392279 -0.00961239 -0.0882909
0.00366583 -0.00952862 -0.0881718
0.00339436 -0.00943125 -0.0880787
0.00309575 -0.00933657 -0.0880133
0.00280455 -0.00925224 -0.0879629
0.00249975 -0.00918513 -0.0879354
0.00219412 -0.00912399 -0.0879131
0.0018804 -0.00907351 -0.087898
0.00158616 -0.00904877 -0.0879052
0.0012916 -0.00906665 -0.0879077
0.000990314 -0.00908181 -0.0879221
0.000671985 -0.00909511 -0.087964
0.000366772 -0.00909955 -0.0880203
4.99164e-05 -0.0091275 -0.088095
-0.000289394 -0.00916433 -0.0882015
-0.000654653 -0.00918579 -0.0883275
-0.0010339 -0.00918015 -0.0884722
-0.00142826 -0.00915218 -0.0886445
-0.00182344 -0.00912894 -0.0888355
-0.00222267 -0.00909903 -0.0890347
-0.00260794 -0.00904918 -0.0892411
-0.00297548 -0.00897645 -0.0894343
-0.00332023 -0.00890819 -0.0896326
-0.0036356 -0.00887096 -0.0898252
-0.00395153 -0.00884269 -0.0900128
-0.00425469 -0.00879484 -0.0901758
-0.00456625 -0.00873072 -0.0903215
-0.00488867 -0.00862992 -0.0904862
-0.00522813 -0.008502 -0.0906793
-0.00556562 -0.00837548 -0.0908849
-0.00588609 -0.00826372 -0.0911128
-0.0061053 -0.00819561 -0.0913435
-0.00634214 -0.00819834 -0.0915703
-0.00661844 -0.0082637 -0.0917655
-0.00702154 -0.00837476 -0.0919176
-0.00746467 -0.00850241 -0.092023
-0.00796802 -0.00860564 -0.0920784
-0.00855048 -0.00866721 -0.0920962
-0.00910112 -0.00863508 -0.0920734
-0.00971644 -0.00856559 -0.0920128
-0.0103711 -0.00847574 -0.0919288
-0.0110568 -0.00840488 -0.0918152
-0.0117212 -0.00836283 -0.0916903
-0.0124938 -0.00834353 -0.0915548
-0.013241 -0.00835771 -0.0913843
-0.0139596 -0.00839741 -0.091208
-0.014638 -0.00846365 -0.0910404
-0.0150407 -0.00848979 -0.0908599
-0.0153427 -0.00849903 -0.0906845
-0.0155249 -0.00847068 -0.0905418
-0.0155984 -0.00840945 -0.0904195
-0.015761 -0.00835037 -0.0903127
-0.0157951 -0.00827448 -0.0902373
-0.0157278 -0.00816478 -0.0902029
-0.0155469 -0.00803966 -0.0902096
-0.0152438 -0.00791852 -0.090268
-0.0147932 -0.00778893 -0.090359
-0.0141744 -0.00767799 -0.0904695
-0.0133881 -0.00756608 -0.0905876
-0.0124238 -0.00745072 -0.0907099
-0.0113163 -0.00732832 -0.0908377
-0.0100777 -0.00720948 -0.0909564
-0.00873537 -0.0071107 -0.0910522
-0.00733578 -0.00701809 -0.0911256
-0.00592965 -0.00695176 -0.091172
-0.00455412 -0.0068821 -0.0911987
-0.00324896 -0.00681245 -0.0911883
-0.00204037 -0.00674401 -0.0911422
-0.00094593 -0.00668132 -0.0910497
2.12449e-05 -0.00663268 -0.0909284
0.000858133 -0.00658655 -0.0907617
0.00140771 -0.00657263 -0.0905752
0.0018286 -0.00656283 -0.0903569
0.00214216 -0.00656199 -0.0901085
0.00252501 -0.00652221 -0.0898254
0.0028217 -0.00649331 -0.08951
0.00306343 -0.0064827 -0.0891736
0.0032359 -0.0065064 -0.0888135
0.00334947 -0.00655726 -0.0884474
0.00337852 -0.00661707 -0.0880578
0.00331738 -0.00666567 -0.0876598
0.0031613 -0.00669038 -0.0872745
0.00272773 -0.00674303 -0.086891
0.00223239 -0.00678766 -0.0865095
0.00171273 -0.00686233 -0.0861322
0.00122624 -0.00701174 -0.0857936
0.00098302 -0.00715984 -0.0855011
0.000775964 -0.00734365 -0.0852702
0.000614805 -0.00755765 -0.0850922
0.000536892 -0.007784 -0.0849499
0.000532871 -0.00802563 -0.084846
0.000546287 -0.00828276 -0.0847812
0.000608764 -0.00856787 -0.0847575
0.000733076 -0.00884689 -0.0847653
0.000883692 -0.00912666 -0.0848059
0.00106243 -0.00946348 -0.0849021
0.00126708 -0.00984506 -0.0850248
0.00145679 -0.010261 -0.0851701
0.00162102 -0.010672 -0.0853488
0.00175481 -0.0110836 -0.0855611
0.00186364 -0.0115072 -0.0858063
0.00196744 -0.0119364 -0.0860498
0.00207317 -0.012356 -0.0862992
0.00222298 -0.0127593 -0.0865458
0.00238662 -0.0131393 -0.0868
0.00255992 -0.0135015 -0.0870525
0.00275615 -0.0138516 -0.0873088
0.00292868 -0.0141966 -0.0875627
0.00308626 -0.0145238 -0.0878219
0.00320908 -0.0148377 -0.0880751
0.00327019 -0.0151112 -0.0883498
0.00327672 -0.0153533 -0.088625
0.00326198 -0.0155827 -0.0888957
0.00321357 -0.0158011 -0.0891582
0.00314493 -0.0160135 -0.0894169
0.00308945 -0.0162176 -0.0896624
0.00303095 -0.016354 -0.0898959
0.00297701 -0.0164693 -0.0901169
0.00294114 -0.0166193 -0.0903058
0.00295155 -0.0167887 -0.0904636
0.00295321 -0.0169716 -0.0905979
0.00292609 -0.0171559 -0.0906926
0.00288467 -0.0173462 -0.0907473
0.00283988 -0.0175501 -0.0907641
0.00276679 -0.0177551 -0.0907398
0.0026481 -0.0179794 -0.0906939
0.0024991 -0.0181896 -0.0906396
0.00235703 -0.0183805 -0.090572
0.00223097 -0.0185703 -0.090503
0.00213326 -0.0187858 -0.0904339
0.00208061 -0.0190338 -0.0903782
0.00209511 -0.0192819 -0.0903064
0.00216762 -0.0195107 -0.0902312
0.0022947 -0.0197214 -0.0901595
0.00245291 -0.0199265 -0.0900636
0.00262264 -0.0201292 -0.0899505
0.00281163 -0.0203209 -0.0898084
0.00302694 -0.0205007 -0.0896334
0.00325391 -0.0206625 -0.0894681
0.00346965 -0.0207776 -0.0893145
0.0037017 -0.0208486 -0.0891544
0.0039427 -0.0208739 -0.0889975
0.0041782 -0.0208966 -0.0888288
0.00444966 -0.020943 -0.0886598
0.00472385 -0.0209784 -0.0885096
0.00499678 -0.0210032 -0.0883501
0.00526414 -0.0210153 -0.0881775
0.00548448 -0.0210301 -0.0879953
0.0056995 -0.0211041 -0.0877962
0.00591725 -0.0212406 -0.0876035
0.00610455 -0.0213976 -0.0874174
0.00625232 -0.0215442 -0.087239
0.0063798 -0.0217124 -0.0870669
0.00653728 -0.021892 -0.0869103
0.0066699 -0.0220534 -0.0867911
0.006782 -0.0222332 -0.0867005
0.00688132 -0.0224144 -0.0866345
0.00698103 -0.0225763 -0.0865878
0.00710358 -0.0227745 -0.086575
0.00719849 -0.0229827 -0.0865789
0.00731354 -0.0231621 -0.086614
0.00742343 -0.0232952 -0.0866607
0.00753548 -0.0233506 -0.0867071
0.00767425 -0.0233577 -0.0867511
0.00779444 -0.0233578 -0.0868036
0.00790164 -0.0233603 -0.0868663
0.00804339 -0.0233103 -0.0869312
0.00818018 -0.0232099 -0.0869773
0.00833996 -0.0230704 -0.0870236
0.0085041 -0.0229586 -0.0870795
0.00866632 -0.022888 -0.0871437
0.00885122 -0.022811 -0.0871964
0.00901921 -0.0227196 -0.0872329
0.00921385 -0.0225999 -0.0872664
0.00940039 -0.0224667 -0.0872838
0.00959351 -0.0223518 -0.0872903
0.00979059 -0.022261 -0.0872807
0.0099943 -0.0222024 -0.0872593
0.0101969 -0.0221623 -0.0872148
0.0104006 -0.0221285 -0.0871718
0.0106315 -0.0220791 -0.0871056
0.0108813 -0.0220122 -0.0870059
0.0111121 -0.0219773 -0.086912
0.0113816 -0.0219716 -0.0868062
0.0116642 -0.0219565 -0.0866862
0.0119542 -0.0219625 -0.0865691
0.0122631 -0.0220137 -0.0864524
0.012645 -0.0221363 -0.0863284
0.0131086 -0.0222995 -0.0862042
0.0136022 -0.0225119 -0.0860892
0.0141611 -0.0227187 -0.0860079
0.0147647 -0.0228548 -0.0859595
0.01541 -0.0229202 -0.0859462
0.0161164 -0.0229549 -0.0859391
0.0168596 -0.0229507 -0.0859379
0.0176348 -0.0229078 -0.0859609
0.0184192 -0.0228102 -0.0859872
0.0192409 -0.0226979 -0.0860084
0.0200581 -0.0225968 -0.0860417
0.0208636 -0.0224836 -0.0861047
0.0216373 -0.0223154 -0.08619
0.0223849 -0.0220851 -0.0863053
0.0231045 -0.0218296 -0.0864173
0.0237851 -0.0215312 -0.0865527
0.024405 -0.021228 -0.0866848
0.0249614 -0.0209035 -0.086808
0.0254372 -0.0205922 -0.0869131
0.0258056 -0.0203113 -0.0870024
0.0260581 -0.0200456 -0.0870668
0.026212 -0.0198046 -0.0871263
0.0262508 -0.0195955 -0.0871473
0.0261763 -0.0194048 -0.087121
0.0259898 -0.0192548 -0.0870819
0.0256728 -0.0191057 -0.0870254
0.0252242 -0.0189461 -0.0869675
0.0246773 -0.0188033 -0.0869072
0.024028 -0.0186687 -0.0868407
0.0232966 -0.0185541 -0.0867728
0.0224978 -0.0184399 -0.0867081
0.0216453 -0.0183313 -0.0866605
0.0207532 -0.0182173 -0.0866362
0.0198084 -0.0180986 -0.0866164
0.0188249 -0.0179724 -0.0865888
0.0178124 -0.0178429 -0.0865886
0.0167694 -0.017694 -0.0866104
0.0156946 -0.0175038 -0.0866634
0.0146027 -0.0172876 -0.0867522
0.0135309 -0.0170519 -0.0868904
0.0124904 -0.016784 -0.0870572
0.0114959 -0.0164984 -0.0872689
0.0105681 -0.0161938 -0.0875084
0.00968882 -0.015892 -0.0877694
0.0090004 -0.0155782 -0.0880688
0.00838833 -0.0152745 -0.0883852
0.00770115 -0.0149867 -0.0887241
0.0070983 -0.0146766 -0.0890992
0.0065604 -0.014341 -0.0895073
0.006119 -0.0140104 -0.0899397
0.00577146 -0.0136875 -0.0903936
0.00551095 -0.0133883 -0.0908695
0.00533645 -0.0131171 -0.0913553
0.00521655 -0.0128942 -0.0918451
0.00539045 -0.0128097 -0.0923496
0.00561599 -0.0127849 -0.0928371
0.00587139 -0.0128422 -0.093293
0.00617325 -0.0129703 -0.0936983
0.0062657 -0.0131256 -0.0940389
0.00637665 -0.01336 -0.0943135
0.00647486 -0.0136653 -0.0945194
0.00655174 -0.0140217 -0.0946387
0.00659289 -0.0144202 -0.0946675
0.00660018 -0.0148461 -0.0945921
0.00653484 -0.0152822 -0.0944313
0.00645223 -0.0156979 -0.094171
0.0063665 -0.0161065 -0.0938283
0.00629824 -0.0165093 -0.0934063
0.00623356 -0.0168903 -0.0928959
0.00614487 -0.0172493 -0.092343
0.00601899 -0.0175527 -0.0917233
0.00584059 -0.0178039 -0.0910398
0.00560969 -0.0179957 -0.0903192
0.00535862 -0.0181369 -0.0895807
0.00525245 -0.0182015 -0.088819
0.00513539 -0.018206 -0.0880578
0.00487997 -0.0181793 -0.0872971
0.00466678 -0.0181148 -0.0865467
0.0044923 -0.0180308 -0.0858153
0.00436185 -0.0179364 -0.0850924
0.00426874 -0.0178007 -0.084382
0.00419617 -0.0176119 -0.0837026
0.00412711 -0.017409 -0.0830516
0.00404987 -0.0172212 -0.0824372
0.00397612 -0.0170499 -0.081872
0.00388941 -0.0168904 -0.0813722
0.00380656 -0.0167449 -0.0809193
0.00370839 -0.016599 -0.0805276
0.00360335 -0.0164451 -0.0801834
0.00348493 -0.0163219 -0.0798968
0.00338656 -0.0162102 -0.0796796
0.00329202 -0.0160937 -0.0795197
0.00322846 -0.0159861 -0.0794224
0.00321499 -0.0158728 -0.0793749
0.00322718 -0.015775 -0.0793719
0.00326971 -0.0156833 -0.0794266
0.0033051 -0.0155899 -0.0795436
0.00334403 -0.0155137 -0.0797138
0.00334032 -0.0154463 -0.0799264
0.00329781 -0.0153869 -0.0801937
0.00321552 -0.0153511 -0.0804872
0.00310157 -0.0153232 -0.0808158
0.00295988 -0.0152988 -0.0811728
0.00281273 -0.015265 -0.0815406
0.00266626 -0.0152214 -0.0819205
0.00253214 -0.0151711 -0.0823046
0.00239877 -0.0150958 -0.0826714
0.0022454 -0.0150123 -0.0830409
0.00204342 -0.0149039 -0.0834069
0.00180557 -0.0147694 -0.0837643
0.00152362 -0.0145912 -0.0841035
0.00120835 -0.0143796 -0.0844216
0.000858339 -0.0141519 -0.0847215
0.00048105 -0.0138999 -0.08502
9.91847e-05 -0.0136372 -0.085298
-0.000279769 -0.0133954 -0.0855392
-0.000655987 -0.0131849 -0.0857426
-0.00102647 -0.0130202 -0.0859199
-0.00138155 -0.0128775 -0.0860469
-0.00173569 -0.0127422 -0.0861278
-0.00208402 -0.0126316 -0.0861935
-0.00242639 -0.0125314 -0.0862445
-0.00277386 -0.0124533 -0.0862682
-0.00310444 -0.0123803 -0.0862889
-0.0034145 -0.0123169 -0.0862946
-0.00373919 -0.0122867 -0.0862919
-0.00405032 -0.0122669 -0.0862608
-0.00435507 -0.0122704 -0.0862167
-0.00462555 -0.0122779 -0.0861477
-0.00488643 -0.0122669 -0.0860628
-0.00512359 -0.0122272 -0.0859527
-0.00535163 -0.012164 -0.0858342
-0.00556781 -0.0120761 -0.0856865
-0.00578362 -0.0119938 -0.0855389
-0.00601097 -0.0118924 -0.0853622
-0.00625113 -0.0117606 -0.085181
-0.00649305 -0.0116142 -0.0850099
-0.00676016 -0.0114754 -0.084837
-0.00703979 -0.0113477 -0.0846618
-0.00733615 -0.0112297 -0.084478
-0.00761636 -0.011106 -0.0843059
-0.0079063 -0.010977 -0.0841557
-0.00820782 -0.0108746 -0.0840209
-0.0085089 -0.0108062 -0.0839013
-0.00882446 -0.0107467 -0.0837947
-0.00915502 -0.0106906 -0.083714
-0.00950859 -0.0106243 -0.0836617
-0.00990024 -0.0105746 -0.0836167
-0.0103118 -0.0105416 -0.0835962
-0.0107486 -0.0104986 -0.0836197
-0.0111771 -0.0104455 -0.0836745
-0.0116005 -0.0103753 -0.0837492
-0.0119979 -0.0103046 -0.0838443
-0.0123786 -0.0102355 -0.0839546
-0.0127413 -0.0101557 -0.0840635
-0.0130875 -0.0100648 -0.0841965
-0.0134463 -0.0099195 -0.0843656
-0.0138453 -0.00972659 -0.0845413
-0.0142684 -0.00952116 -0.0847405
-0.0147305 -0.00930597 -0.0849685
-0.0152306 -0.00911944 -0.0852192
-0.0157513 -0.00895056 -0.0854969
-0.0162752 -0.0087873 -0.0858081
-0.0167575 -0.00864964 -0.0861217
-0.0171935 -0.0085147 -0.0864239
-0.0175708 -0.00838145 -0.0867273
-0.0178899 -0.00823529 -0.0870382
-0.0181854 -0.00807938 -0.087363
-0.0184971 -0.00793528 -0.0876819
-0.0188616 -0.00783809 -0.0879675
-0.0192603 -0.00778889 -0.0882512
-0.0196937 -0.00776592 -0.0885293
-0.0201603 -0.00775969 -0.0887869
-0.0206399 -0.00777955 -0.0890142
-0.0211123 -0.0078074 -0.0892003
-0.0215769 -0.00786023 -0.0893441
-0.0220352 -0.00791671 -0.0894496
-0.0224783 -0.00797458 -0.0895329
-0.0228873 -0.00800792 -0.0895795
-0.0232169 -0.0080234 -0.089595
-0.0234557 -0.00801922 -0.0895843
-0.023572 -0.00799713 -0.0895326
-0.0235518 -0.00795885 -0.0894496
-0.0234128 -0.00791636 -0.0893476
-0.0231592 -0.00787337 -0.0892198
-0.0228057 -0.0077993 -0.0890805
-0.0223638 -0.00770938 -0.0889324
-0.0218312 -0.00759619 -0.0887793
-0.0212043 -0.00745527 -0.0886351
-0.0204753 -0.00727337 -0.0885088
-0.0196586 -0.00707752 -0.0883934
-0.0187287 -0.0068889 -0.0882901
-0.0176859 -0.00670746 -0.0881963
-0.0165196 -0.00654617 -0.0880896
-0.0152299 -0.00640276 -0.0879794
-0.0138283 -0.00629126 -0.0878588
-0.0123457 -0.00622051 -0.0877153
-0.0108067 -0.00617708 -0.0875363
-0.00925441 -0.00616447 -0.0873157
-0.00771729 -0.006187 -0.0870855
-0.00623733 -0.00624829 -0.0868322
-0.00487921 -0.00635112 -0.0865653
-0.00366417 -0.00648145 -0.0862994
-0.00261453 -0.00662216 -0.0860473
-0.00173147 -0.00676898 -0.0858158
-0.00100431 -0.00691047 -0.0856028
-0.000390429 -0.00704901 -0.085395
0.000116763 -0.00718484 -0.0851765
0.000544613 -0.00732865 -0.0849519
0.000894266 -0.00744859 -0.0847135
0.00115012 -0.00757004 -0.0844779
0.00131847 -0.00766847 -0.0842373
0.00139531 -0.00773963 -0.0839617
0.00139037 -0.00778816 -0.0836823
0.00131832 -0.00783431 -0.0833975
0.00119155 -0.0078785 -0.0831387
0.00103518 -0.0079518 -0.0828896
0.000845708 -0.00805636 -0.0826737
0.000657924 -0.00821995 -0.0825219
0.000472586 -0.00841984 -0.0824342
0.000293428 -0.00861057 -0.0823959
0.000152196 -0.00880811 -0.0824054
0.000113372 -0.00900527 -0.0824847
0.000155813 -0.00921857 -0.0826052
0.000242474 -0.0095096 -0.0827695
0.000381712 -0.00983624 -0.0829596
0.000579524 -0.0101715 -0.0831902
0.000778163 -0.0105328 -0.0834601
0.000954539 -0.0109191 -0.0837706
0.0011393 -0.0113199 -0.0840971
0.00136774 -0.0117343 -0.084457
0.00164676 -0.012175 -0.084841
0.00197383 -0.0126242 -0.0852371
0.00231727 -0.0130565 -0.0856476
0.00268028 -0.0134638 -0.0860467
0.0030236 -0.0138271 -0.0864372
0.00335537 -0.0141831 -0.0868216
0.0036638 -0.0145387 -0.0871895
0.00396701 -0.0148913 -0.0875421
0.00425953 -0.0152396 -0.0879002
0.00455047 -0.0155644 -0.0882494
0.00482782 -0.0158829 -0.0885856
0.00509968 -0.0162148 -0.0888969
0.00537655 -0.0165394 -0.0892036
0.00561884 -0.0168304 -0.0894846
0.00584104 -0.0171056 -0.0897156
0.00606351 -0.0173583 -0.0899188
0.00624796 -0.0175828 -0.0901047
0.00640271 -0.0178216 -0.0903021
0.00653671 -0.0180599 -0.090479
0.00668701 -0.018289 -0.0906322
0.00680565 -0.0184768 -0.0907697
0.00687398 -0.0186428 -0.0908941
0.00693776 -0.0187995 -0.0909985
0.00699502 -0.0189521 -0.0910638
0.00702995 -0.0190879 -0.0911096
0.00701703 -0.019236 -0.0911194
0.00696918 -0.0193767 -0.091099
0.00693306 -0.0195173 -0.0910666
0.00689928 -0.0196751 -0.0910117
0.00684365 -0.0198444 -0.0909366
0.00677554 -0.0200272 -0.0908541
0.00674704 -0.0201803 -0.0907561
0.00673674 -0.0203032 -0.0906563
0.0067538 -0.0204111 -0.0905625
0.0067957 -0.0205027 -0.0904705
0.00688922 -0.0206035 -0.0903536
0.00706557 -0.0206834 -0.0902236
0.00729334 -0.0207563 -0.0900838
0.0075539 -0.0208048 -0.0899266
0.00785663 -0.020806 -0.0897703
0.00820464 -0.0207286 -0.0895974
0.00857907 -0.0206247 -0.0894054
0.00898417 -0.0205267 -0.0891745
0.00941996 -0.0204868 -0.0889495
0.00989083 -0.020485 -0.08873
0.0103718 -0.0204927 -0.0885449
0.0108686 -0.0205139 -0.088391
0.0113606 -0.0205533 -0.0882478
0.0118623 -0.0206353 -0.0881063
0.0123781 -0.0207482 -0.0879709
0.0128935 -0.0209047 -0.0878381
0.0133686 -0.0211263 -0.0877106
0.0138388 -0.0213832 -0.0875661
0.0142842 -0.0216427 -0.0874234
0.014667 -0.0219079 -0.0873027
0.0150067 -0.0221879 -0.0872105
0.0153035 -0.0224798 -0.0871303
0.0156014 -0.0227784 -0.0870756
0.015865 -0.023055 -0.0870275
0.0161002 -0.023313 -0.0869804
0.01631 -0.0235237 -0.0869485
0.016519 -0.0237132 -0.0869217
0.0167128 -0.0238569 -0.0869008
0.0168814 -0.0239547 -0.0869042
0.0170277 -0.0240226 -0.0869066
0.017185 -0.0240391 -0.0869276
0.0173522 -0.0240475 -0.0869614
0.0175013 -0.0240325 -0.0870021
0.017632 -0.0240069 -0.0870441
0.0177513 -0.023944 -0.0870837
0.0178636 -0.0238729 -0.0871315
0.0179753 -0.0238188 -0.087188
0.018086 -0.0237736 -0.0872508
0.0181905 -0.0237119 -0.0872912
0.0183028 -0.0236544 -0.0873156
0.0184103 -0.0236171 -0.0873366
0.0185088 -0.0236208 -0.0873745
0.018607 -0.0236449 -0.0873998
0.0187125 -0.0236474 -0.0873958
0.0188249 -0.0236105 -0.0873843
0.0189398 -0.0235645 -0.0873814
0.019044 -0.023542 -0.0873683
0.0191577 -0.0235408 -0.0873388
0.0192779 -0.0235082 -0.0873012
0.0194148 -0.0234502 -0.0872451
0.0195773 -0.0233602 -0.0871873
0.0197531 -0.0232595 -0.0871283
0.0199289 -0.0231873 -0.0870493
0.0201493 -0.0231754 -0.086968
0.0203931 -0.0231804 -0.086889
0.0206557 -0.0231935 -0.0868134
0.0209512 -0.0231986 -0.0867331
0.0212861 -0.0231993 -0.0866253
0.0216902 -0.0232132 -0.0865069
0.0221462 -0.0232653 -0.0864282
0.0225996 -0.0233146 -0.086384
0.0230713 -0.0233184 -0.0863487
0.0235604 -0.0232625 -0.0863114
0.0240587 -0.0231795 -0.0863
0.0245544 -0.0231045 -0.086315
0.0249181 -0.0230218 -0.0863465
0.0253656 -0.0229802 -0.0863735
0.0257936 -0.0229037 -0.0864132
0.0262053 -0.022803 -0.0864576
0.0265887 -0.0226853 -0.0865068
0.0269168 -0.0225855 -0.0865704
0.0271901 -0.0224918 -0.0866535
0.0274118 -0.0223724 -0.086736
0.0275624 -0.0222408 -0.0868205
0.027646 -0.0221225 -0.0869265
0.0276666 -0.0219878 -0.0870535
0.0276402 -0.0218348 -0.087165
0.027582 -0.0216881 -0.0872646
0.0274796 -0.0215835 -0.0873462
0.0273566 -0.0215067 -0.0873974
0.0272043 -0.0214153 -0.0874514
0.0270036 -0.0213301 -0.0875136
0.0267758 -0.0212607 -0.0875643
0.0265227 -0.0212016 -0.0876262
0.0262472 -0.0211132 -0.0877058
0.0259259 -0.0210234 -0.0877913
0.0255865 -0.0209215 -0.0878706
0.0252125 -0.0208063 -0.0879619
0.0247949 -0.020683 -0.0880659
0.024348 -0.0205617 -0.0881585
0.0238574 -0.0204247 -0.0882511
0.0233542 -0.0202739 -0.088346
0.0228181 -0.0201037 -0.0884379
0.0222469 -0.0199319 -0.088529
0.0216832 -0.0197639 -0.0886078
0.0211101 -0.0195792 -0.0886559
0.0205357 -0.0193958 -0.0886874
0.0199731 -0.0192043 -0.0887141
0.0194026 -0.0189966 -0.0887452
0.0188292 -0.0187638 -0.0887638
0.0182593 -0.0185366 -0.088797
0.0176716 -0.0183249 -0.0888496
0.0170824 -0.0181053 -0.0888928
0.0164679 -0.0178629 -0.0889426
0.01584 -0.0175943 -0.0890044
0.0152127 -0.0173229 -0.0890742
0.0145878 -0.0170378 -0.0891595
0.0139621 -0.016737 -0.0892866
0.0133563 -0.0164364 -0.0894219
0.0127721 -0.0161149 -0.0895607
0.0122321 -0.0157732 -0.089721
0.0117255 -0.0154224 -0.0898961
0.0112546 -0.0150782 -0.090058
0.0108442 -0.0147132 -0.0902181
0.0104832 -0.0143285 -0.090371
0.0101619 -0.0139409 -0.0905027
0.00988741 -0.0135502 -0.0906224
0.00966359 -0.0131655 -0.0907355
0.00947091 -0.0127964 -0.0908473
0.00929739 -0.0124777 -0.090975
0.00914268 -0.0121897 -0.0910798
0.00898855 -0.0119417 -0.0911941
0.00882428 -0.0117184 -0.0913153
0.00862477 -0.0115264 -0.0914392
0.00839123 -0.0113666 -0.0915549
0.00813757 -0.0112291 -0.0916583
0.00786422 -0.0111008 -0.091731
0.00758503 -0.0109731 -0.0917777
0.00731527 -0.0108398 -0.0918225
0.00705645 -0.0106739 -0.0918581
0.00680522 -0.0104648 -0.0918837
0.0065851 -0.0102398 -0.0918698
0.00638831 -0.0100064 -0.0918374
0.00620375 -0.0097324 -0.0917998
0.00603775 -0.00945467 -0.0917507
0.00586569 -0.00919123 -0.0917011
0.00569707 -0.00890191 -0.091642
0.00552828 -0.00861124 -0.0915784
0.00534822 -0.008336 -0.0915166
0.00517055 -0.00807876 -0.0914569
0.00499182 -0.00784019 -0.0913987
0.00482189 -0.00761893 -0.091339
0.00466118 -0.00740974 -0.0913143
0.00451179 -0.00723067 -0.0913068
0.00437661 -0.00706022 -0.091301
0.00428248 -0.00691407 -0.0912969
0.00421423 -0.00675882 -0.0912881
0.004159 -0.0066032 -0.0912742
0.00411683 -0.00645578 -0.0912486
0.00409589 -0.00631128 -0.0912183
0.00407587 -0.00618292 -0.0911763
0.00403574 -0.00605919 -0.0911367
0.00397167 -0.00593808 -0.09108
0.00388195 -0.00582388 -0.0910242
0.00377118 -0.00569589 -0.0909743
0.00364099 -0.00556269 -0.0909405
0.00348395 -0.0054392 -0.0909201
0.00332474 -0.00530429 -0.0909131
0.00316059 -0.00517286 -0.090931
0.00301208 -0.00502502 -0.090959
0.00286562 -0.00488222 -0.0909612
0.00274691 -0.0047441 -0.0909551
0.00266891 -0.00461856 -0.0909562
0.00261288 -0.00450696 -0.0909556
0.00256703 -0.004405 -0.0909542
0.00255239 -0.00432949 -0.0909522
0.00254108 -0.00426276 -0.0909551
0.00254556 -0.00420718 -0.0909569
0.00255106 -0.00416239 -0.0909455
0.00255181 -0.00413901 -0.0909565
0.00254132 -0.00413018 -0.0910044
0.00253959 -0.00413691 -0.0910674
0.00253505 -0.00414068 -0.0911132
0.00252703 -0.00414241 -0.091134
0.00250388 -0.00413846 -0.0911595
0.00246871 -0.00411594 -0.0911739
0.00244657 -0.00408743 -0.091186
0.00243355 -0.00405556 -0.0911914
0.00241595 -0.00403092 -0.0911898
0.00237556 -0.00399853 -0.0911606
0.00232373 -0.00394701 -0.0911251
0.0022732 -0.00390208 -0.0910891
0.00220362 -0.00385392 -0.0910708
0.00213903 -0.003818 -0.0910653
0.00205748 -0.00378911 -0.0910541
0.00195796 -0.00376207 -0.0910377
0.0018552 -0.00374283 -0.0910089
0.00175841 -0.00373706 -0.0909727
0.00165302 -0.00374162 -0.0909306
0.00156419 -0.00374624 -0.0908851
0.0014874 -0.00376125 -0.0908469
0.00143849 -0.00378103 -0.0908077
0.00141945 -0.00379975 -0.0907777
0.00143483 -0.00382619 -0.0907533
0.00147298 -0.00384587 -0.0907318
0.00152554 -0.00387282 -0.0907455
0.00159192 -0.00391201 -0.0907633
0.00166146 -0.00395022 -0.0907961
0.00173355 -0.00399737 -0.090825
0.00179158 -0.00403567 -0.0908421
0.00183326 -0.00408041 -0.0908634
0.00187531 -0.00412808 -0.0908727
0.00192498 -0.00417298 -0.090904
0.0019591 -0.00421627 -0.0909237
0.00198472 -0.00426061 -0.0909366
0.00201005 -0.00430429 -0.0909536
0.00203557 -0.00434347 -0.0909661
0.00205349 -0.00437228 -0.0909676
0.00205455 -0.00441328 -0.0909475
0.00205641 -0.00443605 -0.0909246
0.00203192 -0.00445987 -0.0909048
0.00200931 -0.00447359 -0.0908832
0.00198263 -0.00448259 -0.0908529
0.00196025 -0.0044956 -0.0908361
0.00192163 -0.00452613 -0.0908318
0.00187745 -0.00455806 -0.0908279
0.00183483 -0.00459258 -0.0908282
0.00180049 -0.0046106 -0.0908323
0.00176192 -0.00462956 -0.0908469
0.00175813 -0.00467246 -0.0908743
0.00176487 -0.0047185 -0.0909093
0.00177772 -0.004764 -0.0909321
0.00179014 -0.00481221 -0.0909431
0.00182988 -0.00486436 -0.0909437
0.0018892 -0.0049061 -0.0909455
0.00195081 -0.00493607 -0.0909521
0.00200134 -0.00496936 -0.090969
0.00205015 -0.0050223 -0.0909889
0.00209759 -0.0050828 -0.0909962
0.00214321 -0.00513674 -0.0909978
0.00218608 -0.00518411 -0.0910177
0.00222797 -0.00523009 -0.0910577
0.00226545 -0.0052644 -0.0910653
0.00228401 -0.00531493 -0.0910693
0.00230972 -0.00536594 -0.0910773
0.00233283 -0.00540091 -0.0910668
0.00235031 -0.00544813 -0.0910531
0.00236436 -0.00551118 -0.0910408
0.00236093 -0.00557734 -0.0909954
0.00236141 -0.00563311 -0.0909573
0.00235402 -0.00568047 -0.0909358
0.00234927 -0.00573263 -0.0909345
0.0023454 -0.005773 -0.090938
0.00234119 -0.00580787 -0.0909327
0.00234776 -0.00585133 -0.0909282
0.00235648 -0.00589472 -0.0909356
0.00237819 -0.00594916 -0.0909364
0.00239238 -0.00598767 -0.0909353
0.00242048 -0.00602846 -0.0909357
0.00246079 -0.00609228 -0.090942
0.00250571 -0.00613959 -0.0909489
0.00255034 -0.0061945 -0.0909457
0.00259956 -0.00624996 -0.0909394
0.00265507 -0.00630004 -0.0909433
0.00272145 -0.00635474 -0.0909578
0.00277982 -0.00639953 -0.090977
0.00283014 -0.0064487 -0.090983
0.0028564 -0.00650884 -0.0909963
0.00287516 -0.00657409 -0.0910063
0.00290774 -0.00665062 -0.0910174
0.00292456 -0.00672597 -0.0910068
0.00293957 -0.00678686 -0.091005
0.00294148 -0.00685308 -0.0910068
0.00293943 -0.00691823 -0.091003
0.00293814 -0.00698879 -0.090994
0.00294013 -0.00705301 -0.0909794
0.00293503 -0.00709272 -0.0909563
0.00292751 -0.00713547 -0.0909315
0.00292058 -0.00718065 -0.0909142
0.00292238 -0.00722877 -0.0909112
0.00292247 -0.0072664 -0.0909157
0.00293093 -0.00729645 -0.090923
0.00294656 -0.00733923 -0.090924
0.00295884 -0.00739307 -0.09092
0.00297851 -0.00743605 -0.0909284
0.00300692 -0.00748643 -0.0909398
0.00302776 -0.00752669 -0.0909611
0.00306238 -0.00757253 -0.0909805
0.00310024 -0.00761355 -0.090977
0.003141 -0.00765435 -0.0909748
0.00319244 -0.00769541 -0.0909864
0.00323627 -0.00774131 -0.0909886
0.00329021 -0.0077956 -0.0909981
0.00332696 -0.00783559 -0.0910068
0.003339 -0.0078549 -0.091016
0.0033499 -0.00787078 -0.0910069
0.00335604 -0.00789962 -0.0910005
0.00336056 -0.00793959 -0.0909993
0.00335992 -0.00796917 -0.0909944
0.00334561 -0.00801043 -0.0909959
0.0033338 -0.00804389 -0.0910169
0.00332938 -0.00806262 -0.091019
0.00332588 -0.00807975 -0.091019
0.00331588 -0.00810322 -0.0910291
0.00331109 -0.00812205 -0.0910319
0.00332437 -0.00814323 -0.0910232
0.00334268 -0.00815796 -0.0910221
0.00335537 -0.0081814 -0.0910244
0.0033666 -0.00819755 -0.0910317
0.00337722 -0.00820236 -0.091055
0.00339069 -0.0082149 -0.0910721
0.00340855 -0.00822014 -0.091083
0.00342106 -0.00824508 -0.0910939
0.00342478 -0.0082685 -0.0911141
0.0034442 -0.0082853 -0.0911364
0.00347795 -0.00830733 -0.0911424
0.0035063 -0.00831803 -0.0911561
0.00353306 -0.00835405 -0.0911801
0.00355977 -0.00837638 -0.0911814
0.00358556 -0.00838712 -0.091156
0.00360494 -0.0083936 -0.0911415
0.00362112 -0.00840083 -0.0911387
0.00362638 -0.00841582 -0.0911388
0.00362799 -0.00842836 -0.091128
0.00362735 -0.00842677 -0.0911297
0.00361446 -0.00842846 -0.091131
0.00360063 -0.00843708 -0.0911189
0.00359055 -0.00844979 -0.0911184
0.00358734 -0.00845397 -0.0911117
0.00358353 -0.00845002 -0.0910917
0.00358926 -0.00845433 -0.0910654
0.00361085 -0.00846222 -0.0910409
0.00363681 -0.00847808 -0.0910201
0.00365683 -0.00848092 -0.0910228
0.00368092 -0.0084859 -0.0910206
0.00371269 -0.00849648 -0.0910237
0.00374422 -0.00849591 -0.0910299
0.00376778 -0.0084932 -0.0910392
0.00379733 -0.00848699 -0.0910434
0.00382957 -0.00847979 -0.0910427
0.00385897 -0.0084741 -0.0910497
0.00388956 -0.00847274 -0.0910438
0.00392712 -0.00848664 -0.0910538
0.00396572 -0.00851215 -0.0910589
0.00398394 -0.0085311 -0.0910808
0.00399887 -0.00855056 -0.0910871
0.00401854 -0.00855105 -0.0910795
0.00403871 -0.00853001 -0.0910687
0.00403319 -0.00852036 -0.0910427
0.00402047 -0.00852674 -0.0910344
0.00400188 -0.00853425 -0.0910355
0.00399806 -0.0085287 -0.0910373
0.00398688 -0.00853194 -0.0910278
0.00398749 -0.00853705 -0.0910288
0.00397763 -0.00854182 -0.0910369
0.00396359 -0.00854672 -0.0910492
0.00394931 -0.00855107 -0.0910497
0.00393911 -0.00853728 -0.0910459
0.0039356 -0.00853111 -0.0910311
0.00392855 -0.00852596 -0.0910229
0.00391054 -0.00853354 -0.0910303
0.0038976 -0.00853315 -0.0910531
0.00390157 -0.00852999 -0.0910703
0.00390553 -0.0085167 -0.0910793
0.00391495 -0.00849612 -0.0910952
0.00392742 -0.00849444 -0.0911231
0.00394063 -0.00849267 -0.0911314
0.00395166 -0.00848629 -0.0911211
0.00396733 -0.00848575 -0.0911116
0.00398954 -0.00847532 -0.0911009
0.00399415 -0.00847135 -0.0910996
0.00399335 -0.00847386 -0.0910964
0.00399375 -0.00848924 -0.0910906
0.00398889 -0.0085139 -0.0910993
0.00398099 -0.00852218 -0.09109
0.00396353 -0.00853224 -0.0910728
0.0039445 -0.00853428 -0.0910602
0.00392572 -0.00853174 -0.0910514
0.00390111 -0.00853883 -0.0910476
0.00387583 -0.00853186 -0.0910475
0.00384974 -0.00851257 -0.0910496
0.00383578 -0.0085122 -0.0910487
0.00381845 -0.00850917 -0.0910314
0.00380609 -0.00851081 -0.0910149
0.00379194 -0.00851549 -0.0910091
0.00378057 -0.00851417 -0.0910105
0.00377157 -0.00850856 -0.0910097
0.00376279 -0.00848811 -0.0910054
0.00374319 -0.00847558 -0.0909909
0.00372816 -0.00847081 -0.090981
0.00373027 -0.00847511 -0.0909823
0.00374387 -0.00849675 -0.0909813
0.00374348 -0.00850463 -0.0909862
0.00375661 -0.0085018 -0.0910009
0.00375921 -0.00851683 -0.0910092
0.00376177 -0.00850795 -0.0910062
0.00375532 -0.00850345 -0.0909904
0.00374373 -0.00849875 -0.0909729
0.00373956 -0.00848699 -0.0909719
0.00373665 -0.00848173 -0.0909548
0.00372294 -0.00849106 -0.0909561
0.00370852 -0.00850718 -0.0909459
0.00369535 -0.00851991 -0.0909345
0.00368392 -0.00853215 -0.0909271
0.00365567 -0.0085422 -0.0909251
0.0036298 -0.00854895 -0.0909316
0.00359573 -0.00854492 -0.0909281
0.00357297 -0.00852942 -0.0909309
0.00354425 -0.00851038 -0.0909429
0.00351091 -0.00850075 -0.0909592
0.00348817 -0.00849301 -0.0909609
0.00347219 -0.00849522 -0.0909481
0.00345299 -0.00850542 -0.0909241
0.00343835 -0.00852138 -0.0909028
0.00342304 -0.00853694 -0.0908737
0.00340581 -0.00853728 -0.0908338
0.00341127 -0.0085402 -0.0908151
0.00341033 -0.00853609 -0.0908072
0.00340534 -0.00852723 -0.0908112
0.00339469 -0.00852028 -0.0908103
0.00337446 -0.00851069 -0.0908151
0.00336879 -0.0085124 -0.0908204
0.00336087 -0.00853005 -0.09082
0.00334995 -0.00853773 -0.0908129
0.00333932 -0.00854733 -0.0908032
0.00333253 -0.00854754 -0.0907991
0.00331328 -0.00853794 -0.090803
0.00328828 -0.00853022 -0.0907942
0.00326067 -0.0085155 -0.0907671
0.00324164 -0.00851185 -0.0907496
0.00322452 -0.00850659 -0.090752
0.00319487 -0.00850589 -0.0907562
0.00317167 -0.0085255 -0.0907481
0.00314875 -0.00853993 -0.090736
0.00312643 -0.00855853 -0.0907457
0.00310719 -0.00858298 -0.0907426
0.00308156 -0.00860633 -0.0907326
0.0030573 -0.00861821 -0.0907228
0.00304009 -0.00861192 -0.0907191
0.00302738 -0.0086087 -0.0907277
0.0030186 -0.00861198 -0.0907412
0.00300205 -0.00862618 -0.0907561
0.00299998 -0.00864956 -0.0907626
0.00300154 -0.00867107 -0.0907559
0.00300346 -0.00869718 -0.0907445
0.00301014 -0.0087177 -0.0907399
0.00301832 -0.00872996 -0.0907382
0.00302547 -0.00873408 -0.090754
0.00302516 -0.00871485 -0.0907671
0.00301822 -0.00871228 -0.0907786
0.00301535 -0.00871526 -0.0907913
0.00300588 -0.00870533 -0.0908019
0.00299636 -0.00870536 -0.0908027
0.00297977 -0.00871659 -0.0907959
0.00295826 -0.0087409 -0.0907961
0.00292523 -0.00875857 -0.0907966
0.00289275 -0.00877523 -0.090788
0.00285865 -0.00878808 -0.0907854
0.00282899 -0.00879147 -0.0907903
0.00279482 -0.00879179 -0.0907872
0.00276733 -0.00879595 -0.0907955
0.00273554 -0.00879589 -0.0907986
0.00269869 -0.00881719 -0.090795
0.0026663 -0.00883901 -0.0907833
0.00262888 -0.00888349 -0.0907687
0.00259079 -0.00891874 -0.0907809
0.00255825 -0.00893291 -0.0907954
0.00252574 -0.00893731 -0.0907873
0.00250791 -0.00894995 -0.0907821
0.00249144 -0.00895564 -0.09078
0.00246311 -0.00896321 -0.0907514
0.00244843 -0.00896037 -0.0907308
0.00243799 -0.00896106 -0.0907229
0.00242911 -0.00896816 -0.0907416
0.00240932 -0.00897699 -0.0907533
0.00238275 -0.00899664 -0.0907471
0.00236077 -0.00900323 -0.0907479
0.00234217 -0.00901372 -0.0907575
0.00233117 -0.00901635 -0.0907644
0.00230624 -0.0090175 -0.0907658
0.00226809 -0.00901514 -0.0907548
0.00222461 -0.00901536 -0.0907569
0.00217148 -0.00901671 -0.0907726
0.00208988 -0.0090308 -0.0907975
0.00199048 -0.00905824 -0.0908228
0.00187321 -0.00908249 -0.0908224
0.00175583 -0.00910428 -0.0908109
0.00161835 -0.0091229 -0.0907997
0.00149186 -0.00912852 -0.0907962
0.0013764 -0.00914166 -0.090794
0.00126295 -0.00916467 -0.0907994
0.00115053 -0.00917389 -0.0908092
0.0010543 -0.00919255 -0.090817
0.000978051 -0.00919696 -0.0908204
0.000911753 -0.00920423 -0.090812
0.000857664 -0.00923133 -0.0907962
0.000818482 -0.00925309 -0.0907906
0.000796583 -0.00927452 -0.0908034
0.000775242 -0.00929789 -0.0908116
0.000756412 -0.00931762 -0.090822
0.000732584 -0.00933645 -0.0908497
0.000726053 -0.00934265 -0.0908876
0.000734867 -0.00934977 -0.0909136
0.000755419 -0.00936399 -0.0909431
0.000766028 -0.00937812 -0.0909728
0.000783067 -0.00938148 -0.0909947
0.000811304 -0.00938244 -0.0910098
0.000837189 -0.00938694 -0.0910131
0.000859911 -0.00938855 -0.0909836
0.000870599 -0.00939365 -0.0909482
0.00087749 -0.00939718 -0.0909143
0.000882812 -0.00939791 -0.0908998
0.000866447 -0.00941218 -0.0908907
0.000843847 -0.00943404 -0.0908873
0.000817616 -0.00944574 -0.0908751
0.00076884 -0.00945971 -0.0908322
0.000712066 -0.00946799 -0.0907934
0.000654928 -0.00948083 -0.0907621
0.000594028 -0.009479 -0.0907502
0.0005462 -0.00946955 -0.0907413
0.000503702 -0.00945641 -0.0907124
0.000476964 -0.0094452 -0.0906881
0.000469642 -0.00943449 -0.0906722
0.000469866 -0.00942843 -0.0906584
0.000469067 -0.00942045 -0.0906327
0.000484334 -0.00941139 -0.0906284
0.000510808 -0.00940505 -0.0906318
0.000542436 -0.00939766 -0.0906474
