%roll pitch yaw
-0.00480845 -0.016296 0.0583756
-0.00469758 -0.0161686 0.058162
-0.00456072 -0.0160806 0.0579894
-0.00445298 -0.0160151 0.0578407
-0.00433858 -0.015956 0.0577279
-0.00422523 -0.0158783 0.0576527
-0.00409985 -0.0157909 0.0576101
-0.00396741 -0.015711 0.0575806
-0.00382897 -0.0156612 0.0575931
-0.00361862 -0.0156608 0.0576663
-0.00339022 -0.0157012 0.0577599
-0.0031159 -0.0157885 0.0578761
-0.00279154 -0.0159136 0.058034
-0.00243666 -0.0160748 0.0581964
-0.00203347 -0.0162984 0.0583719
-0.00161481 -0.0166097 0.0585728
-0.00119269 -0.0170401 0.0587991
-0.000715942 -0.0175588 0.0590274
-0.000230485 -0.0181005 0.0592651
0.000281922 -0.0186446 0.0595003
0.000841582 -0.0191969 0.0597486
0.00141482 -0.0197604 0.0599907
0.00202282 -0.020373 0.0602401
0.00263352 -0.0210171 0.0604961
0.00326098 -0.0216696 0.0607633
0.00387529 -0.022314 0.0610484
0.00448371 -0.0229122 0.0613783
0.00511892 -0.0234503 0.0617252
0.00572686 -0.023955 0.0620982
0.00632811 -0.0244602 0.0624802
0.0069352 -0.0249608 0.0628909
0.00753879 -0.0254108 0.0633161
0.00814471 -0.0258104 0.063751
0.00871642 -0.0261645 0.0642131
0.00927488 -0.0265059 0.0646997
0.00980877 -0.0268126 0.065205
0.0103384 -0.0270772 0.0657371
0.0108543 -0.0273415 0.0663141
0.0113268 -0.0276426 0.0669503
0.0118266 -0.0279597 0.0676201
0.0123196 -0.028276 0.0683117
0.0127812 -0.0285947 0.0690175
0.013234 -0.0289366 0.0697239
0.0136945 -0.029286 0.0704226
0.014166 -0.0296258 0.0711015
0.0146024 -0.0300084 0.0717544
0.0150528 -0.030453 0.0723699
0.0155109 -0.0309155 0.072954
0.015966 -0.0313706 0.0735129
0.0163711 -0.0318094 0.0740521
0.0167213 -0.0322237 0.0745647
0.0169927 -0.0325625 0.0750698
0.0171969 -0.0327819 0.0755552
0.0173106 -0.0329035 0.0760276
0.017333 -0.0329463 0.076482
0.0172768 -0.0328832 0.0769424
0.0171428 -0.0327221 0.0774098
0.016918 -0.0324638 0.0778699
0.0165398 -0.0320742 0.0783256
0.0160292 -0.0315382 0.0787648
0.0153628 -0.0308754 0.0791768
0.0143328 -0.0299216 0.0795398
0.0131773 -0.028892 0.0798355
0.0119152 -0.0277417 0.0800898
0.010574 -0.0264449 0.0803075
0.00920517 -0.0250173 0.0804651
0.00785563 -0.0234701 0.0805646
0.00654372 -0.02186 0.0806094
0.00527291 -0.0201678 0.0806015
0.00407386 -0.0184091 0.0805541
0.00306735 -0.0167347 0.0804284
0.00219269 -0.0151655 0.0802311
0.0014457 -0.0137282 0.0799606
0.000833895 -0.0123995 0.079596
0.000357932 -0.0111448 0.0791422
8.98315e-07 -0.00996887 0.0785906
-0.000225247 -0.00892557 0.0779518
-0.000330719 -0.00806131 0.0772649
-0.000591305 -0.00709924 0.0765514
-0.000681082 -0.00632058 0.0758133
-0.000592511 -0.00568413 0.0750535
-0.00033798 -0.00520027 0.0742623
3.47038e-05 -0.00489159 0.0734638
0.000486292 -0.00481847 0.0726866
0.00100012 -0.0049766 0.0719285
0.00152062 -0.00529948 0.0711915
0.00221528 -0.00597156 0.0704956
0.00266113 -0.00652344 0.0698451
0.00306983 -0.0071632 0.0692546
0.00340258 -0.00788361 0.0687241
0.00363361 -0.00871366 0.0682488
0.00378897 -0.00963953 0.0678333
0.0038819 -0.0105787 0.0674749
0.00390547 -0.0114861 0.067153
0.00387848 -0.012308 0.06689
0.00381284 -0.0130094 0.0666813
0.00372379 -0.0135653 0.0665275
0.00358767 -0.0139906 0.0664192
0.00341203 -0.0143259 0.0663476
0.0031726 -0.0145752 0.0663231
0.00286066 -0.0147342 0.0663593
0.00245082 -0.0147987 0.0664389
0.00193665 -0.0147643 0.0665535
0.00136166 -0.0146317 0.0666786
0.000740754 -0.014399 0.0668356
0.000130085 -0.014082 0.0670198
-0.000452908 -0.0137103 0.0672256
-0.000961154 -0.0132808 0.0674636
-0.00140744 -0.012793 0.0677452
-0.00181302 -0.0122888 0.0680709
-0.00216487 -0.0117779 0.0684343
-0.0025067 -0.01127 0.0688567
-0.00283734 -0.0107635 0.0693164
-0.00315313 -0.0102588 0.0698129
-0.00347549 -0.00978556 0.0703407
-0.00381324 -0.00933245 0.0708816
-0.00414167 -0.00891402 0.0714225
-0.00443559 -0.0085247 0.0719435
-0.00470099 -0.0081784 0.0724492
-0.00493066 -0.00786946 0.0729339
-0.00511556 -0.00760532 0.0733924
-0.00522623 -0.00736781 0.0738461
-0.00528192 -0.00717261 0.0742641
-0.00526031 -0.00701534 0.0746514
-0.00516483 -0.00686501 0.0750302
-0.00503392 -0.00672398 0.0753769
-0.00486789 -0.00660852 0.0756943
-0.00468794 -0.00655058 0.0760156
-0.00454214 -0.00656178 0.0763224
-0.00444151 -0.00661211 0.0765899
-0.00435008 -0.00669298 0.0768265
-0.00428278 -0.00682321 0.077013
-0.00424699 -0.00697877 0.0771734
-0.00420736 -0.00716974 0.0773382
-0.00416482 -0.00736929 0.0775149
-0.00414952 -0.00758043 0.0777025
-0.00415003 -0.00777825 0.0779103
-0.0041741 -0.00794579 0.0781597
-0.00426102 -0.00808845 0.078442
-0.00441468 -0.00824287 0.0787487
-0.00461729 -0.00839928 0.0790907
-0.00488617 -0.00851635 0.0794632
-0.00521777 -0.00857286 0.0798617
-0.00558653 -0.008555 0.0802584
-0.00599672 -0.00847212 0.0806588
-0.00642676 -0.00830455 0.0810575
-0.00685847 -0.00806028 0.081466
-0.00729305 -0.00776638 0.0818789
-0.00770573 -0.00745461 0.0823034
-0.00806969 -0.00711821 0.08273
-0.00839769 -0.00676507 0.0831454
-0.00871102 -0.00640044 0.0835374
-0.00899173 -0.0060455 0.0839256
-0.00922411 -0.00567813 0.0843093
-0.00944746 -0.00528888 0.0846651
-0.00967907 -0.00488399 0.0849901
-0.0098989 -0.00448344 0.0852982
-0.0101072 -0.00406057 0.0855869
-0.0103046 -0.00362376 0.0858497
-0.0104748 -0.00320307 0.0860906
-0.0106099 -0.0028168 0.0863246
-0.0107284 -0.00246282 0.0865416
-0.0108184 -0.00211939 0.0867295
-0.01088 -0.00179042 0.0868823
-0.0109513 -0.00145795 0.0869977
-0.0110373 -0.00111668 0.0870839
-0.01113 -0.00077561 0.087141
-0.011255 -0.000440685 0.0871648
-0.0114083 -0.000142734 0.0871801
-0.0115801 0.000105419 0.0871766
-0.0117852 0.000293067 0.0871497
-0.0120048 0.000394693 0.0871277
-0.0122468 0.000427301 0.0871065
-0.0124834 0.000396969 0.0870912
-0.0127123 0.000293521 0.087097
-0.0129554 0.000104357 0.0871049
-0.0132058 -0.000142509 0.0871174
-0.0134575 -0.000436693 0.0871215
-0.0137189 -0.000766915 0.0871387
-0.0139959 -0.00113485 0.0871369
-0.014302 -0.00152834 0.0871057
-0.014652 -0.00194927 0.0870557
-0.01503 -0.00242387 0.0869969
-0.0154495 -0.00290524 0.0869321
-0.0158892 -0.00338738 0.0868486
-0.0163618 -0.0038653 0.0867473
-0.0168474 -0.00433551 0.0866132
-0.0173368 -0.00478472 0.0864732
-0.0177973 -0.00517227 0.0863171
-0.0180824 -0.00541416 0.0861297
-0.0183386 -0.00557558 0.0859373
-0.0185592 -0.0057002 0.0857131
-0.0187637 -0.00579206 0.0854702
-0.0189768 -0.00581359 0.0851865
-0.0192437 -0.00576366 0.0848338
-0.0196684 -0.00569498 0.0843691
-0.0201726 -0.00560986 0.0838445
-0.0207442 -0.00556007 0.0832553
-0.0213617 -0.00556089 0.0826248
-0.0218101 -0.00561551 0.0819867
-0.0222106 -0.00576313 0.081375
-0.0225523 -0.00602095 0.0808043
-0.0228144 -0.00639152 0.0802634
-0.0230212 -0.00686403 0.0797719
-0.0232004 -0.00743692 0.0793488
-0.0233566 -0.00809856 0.0789574
-0.0237193 -0.00887957 0.0786012
-0.0240749 -0.00972094 0.0782513
-0.024423 -0.0106208 0.0778996
-0.0247386 -0.0115735 0.0775713
-0.0249948 -0.0125331 0.0772737
-0.0251815 -0.0134575 0.0770039
-0.025075 -0.0141149 0.0767846
-0.0249054 -0.0146381 0.0765871
-0.0246629 -0.0150418 0.0764114
-0.0243652 -0.0153067 0.0762391
-0.0239824 -0.0153974 0.0760692
-0.0234972 -0.0152847 0.0759064
-0.0231018 -0.0151765 0.0757524
-0.0225753 -0.0148689 0.0755964
-0.021943 -0.0143867 0.0754718
-0.0212215 -0.0136999 0.0753664
-0.020286 -0.0126392 0.0752555
-0.0192957 -0.0114061 0.0751485
-0.0182723 -0.0100018 0.0750534
-0.0172118 -0.0084581 0.0749513
-0.0161245 -0.00679571 0.0748579
-0.0150768 -0.00506309 0.0747843
-0.0140287 -0.00326597 0.0747642
-0.0130177 -0.0014369 0.0747988
-0.0120591 0.000383381 0.0748981
-0.0112006 0.00199034 0.0750728
-0.0104312 0.00347566 0.0753245
-0.00974876 0.00482262 0.0756244
-0.00911721 0.00598037 0.0759586
-0.0085198 0.00694417 0.0763349
-0.00795293 0.00770688 0.0767624
-0.00743777 0.00824886 0.0772332
-0.00698001 0.00857015 0.0777463
-0.00659643 0.00868811 0.0783024
-0.00614413 0.00890979 0.0788889
-0.00581534 0.00892342 0.0794944
-0.00559471 0.00875853 0.0801395
-0.00548236 0.00841251 0.0807899
-0.0054593 0.0079241 0.0814396
-0.00549964 0.00735247 0.0821125
-0.0057753 0.00654602 0.0828035
-0.00585326 0.00594351 0.083493
-0.00595556 0.00531222 0.0841587
-0.00609519 0.00466002 0.0847887
-0.00625906 0.00395809 0.0854104
-0.00647702 0.0032155 0.0860247
-0.00670208 0.00243405 0.0866251
-0.00694154 0.00162588 0.0871979
-0.00717957 0.000829314 0.0877476
-0.00741005 7.79614e-05 0.0882689
-0.0076295 -0.000589423 0.0887718
-0.00783822 -0.00116384 0.0892685
-0.00806683 -0.00167496 0.0897563
-0.00829506 -0.00208119 0.0902437
-0.00852404 -0.00243076 0.0907062
-0.00870672 -0.00270111 0.091139
-0.00881284 -0.00291545 0.0915243
-0.00881954 -0.00308494 0.0918779
-0.00872526 -0.00320508 0.0922235
-0.0085406 -0.00330305 0.092519
-0.00829876 -0.00337757 0.0927913
-0.00803697 -0.00340198 0.0930362
-0.00777359 -0.00340464 0.0932305
-0.00750316 -0.00337381 0.093376
-0.00724777 -0.0033211 0.0934868
-0.0069748 -0.00326522 0.0935345
-0.00667317 -0.00320609 0.0935026
-0.00635239 -0.00317662 0.0933915
-0.00598215 -0.00315182 0.0932129
-0.00559409 -0.00317381 0.092977
-0.00519373 -0.00322715 0.0927101
-0.00479541 -0.00330861 0.0924137
-0.00441139 -0.00341938 0.0920839
-0.00403727 -0.00352901 0.0917478
-0.00369511 -0.00365251 0.0914132
-0.00338481 -0.00381078 0.0910504
-0.00313165 -0.00395667 0.0906691
-0.00294193 -0.00414299 0.0902653
-0.00284895 -0.00437182 0.0898523
-0.00284273 -0.00463848 0.0894375
-0.00293551 -0.00494022 0.0889941
-0.00311098 -0.00526996 0.0885251
-0.0033384 -0.00561144 0.0880113
-0.0036042 -0.00597593 0.0874862
-0.00386564 -0.0063583 0.0869515
-0.00412782 -0.006744 0.0864247
-0.0043904 -0.00712735 0.0859014
-0.00464093 -0.00752768 0.0853854
-0.0049038 -0.00795118 0.0848703
-0.00516698 -0.00841848 0.0843652
-0.0054452 -0.00888479 0.0838662
-0.00574169 -0.00933397 0.0833549
-0.00609004 -0.00978486 0.0828211
-0.00641369 -0.0102082 0.082259
-0.00670939 -0.0105863 0.0816633
-0.00698853 -0.0109107 0.0810311
-0.0072236 -0.0111708 0.0803849
-0.00740427 -0.0113783 0.0797336
-0.00752226 -0.0115425 0.0790612
-0.00757378 -0.0116703 0.0783834
-0.00758931 -0.0117596 0.0777118
-0.0075876 -0.011788 0.0770813
-0.00754416 -0.0117788 0.076462
-0.00743545 -0.0117593 0.0758771
-0.00729547 -0.0117004 0.0753019
-0.00714454 -0.0115831 0.07475
-0.0069768 -0.0114356 0.0742328
-0.00680864 -0.011223 0.0737274
-0.00661528 -0.0109842 0.0732335
-0.00644986 -0.0107583 0.0727492
-0.00628732 -0.010559 0.0722546
-0.006125 -0.0103568 0.0717767
-0.00595717 -0.0101218 0.0713422
-0.00574378 -0.009881 0.0709356
-0.00550653 -0.00965908 0.070588
-0.00524548 -0.00945798 0.0702793
-0.00492073 -0.00926514 0.0700279
-0.0045836 -0.00908527 0.0698356
-0.00422341 -0.0089021 0.0696907
-0.00387974 -0.00868131 0.0695861
-0.00356084 -0.00843451 0.0695254
-0.00323262 -0.00818174 0.0694965
-0.00292879 -0.0079416 0.0695039
-0.00262555 -0.00775955 0.0695198
-0.00231269 -0.00766646 0.0695358
-0.00198542 -0.00766984 0.0695722
-0.0016224 -0.00774849 0.0696484
-0.00125148 -0.0078722 0.0697543
-0.000861131 -0.00802063 0.0698956
-0.000441277 -0.00823573 0.0700609
1.30452e-05 -0.00853243 0.0702714
0.000505986 -0.00889774 0.0705054
0.00102658 -0.00931382 0.0707455
0.00155718 -0.009794 0.0709927
0.00210652 -0.0103044 0.0712453
0.00267192 -0.0108764 0.0715235
0.00323079 -0.0114737 0.0717877
0.00381112 -0.0120899 0.0720597
0.00437359 -0.012703 0.07235
0.00497543 -0.0132893 0.0726573
0.00559228 -0.0138523 0.0729893
0.00621419 -0.0143894 0.0733368
0.0068578 -0.0149089 0.0737013
0.00752444 -0.0154303 0.0740863
0.00822615 -0.015944 0.0744728
0.00891541 -0.0164571 0.0748799
0.00961937 -0.0169552 0.0753054
0.0103182 -0.0174123 0.0757579
0.0110086 -0.0178202 0.0762388
0.0117011 -0.0181938 0.0767427
0.0123521 -0.0185478 0.0772783
0.0129873 -0.0188881 0.0778533
0.0136306 -0.0192317 0.0784506
0.01426 -0.0196132 0.0790879
0.0149109 -0.0200335 0.0797357
0.0155633 -0.0204887 0.0803644
0.0161956 -0.0209612 0.0809748
0.016805 -0.0214683 0.0815578
0.017387 -0.022006 0.0821157
0.0179681 -0.0225452 0.0826414
0.0185007 -0.0231074 0.0831571
0.0190268 -0.0236929 0.083651
0.0195642 -0.0242602 0.084128
0.0200526 -0.0247737 0.0845871
0.020481 -0.0252217 0.0850466
0.0208328 -0.0256192 0.085516
0.0211021 -0.0259508 0.0859905
0.0213183 -0.0261775 0.0864732
0.0214504 -0.0263157 0.0869479
0.0215251 -0.0263265 0.0874346
0.0215126 -0.0262126 0.0879457
0.0214269 -0.0259911 0.0884832
0.0212544 -0.0256531 0.0890376
0.0207472 -0.0249599 0.0896133
0.0200847 -0.0241235 0.0901728
0.019247 -0.0231487 0.0907134
0.0182606 -0.0220454 0.0912309
0.0171772 -0.0207957 0.091708
0.0160236 -0.0193974 0.0921552
0.0148306 -0.0178372 0.0925511
0.0136509 -0.0161469 0.0929153
0.0124999 -0.0143574 0.0932321
0.0113845 -0.0125243 0.0934918
0.0103435 -0.0107406 0.0937084
0.00939239 -0.00903103 0.0938676
0.00853956 -0.00739733 0.0939658
0.00781908 -0.00582832 0.0939706
0.00720695 -0.00435933 0.0938724
0.00670933 -0.00304228 0.0936786
0.00630078 -0.00193134 0.0934142
0.00598965 -0.00103121 0.0930658
0.00559049 -3.61844e-05 0.0926261
0.00525675 0.000768328 0.0921086
0.00502706 0.001388 0.0915061
0.00489495 0.00181351 0.0908435
0.00490331 0.00202944 0.0901334
0.00504782 0.00205928 0.0893845
0.00531311 0.00196036 0.0886025
0.0056934 0.00178644 0.0878288
0.00613984 0.00155131 0.0870693
0.00659589 0.0013029 0.0863241
0.0070374 0.0009872 0.0855993
0.00744181 0.000548546 0.0848881
0.00781299 -1.90082e-05 0.0842144
0.00814534 -0.000669359 0.0835858
0.00844961 -0.00134531 0.0830112
0.00869587 -0.0020166 0.0824587
0.00888597 -0.00263091 0.0819382
0.00904157 -0.00317502 0.0814545
0.00915573 -0.00364024 0.0810065
0.00924243 -0.00403151 0.0806123
0.00929109 -0.00434329 0.0802638
0.0093197 -0.00457602 0.079957
0.00931951 -0.00473865 0.0796887
0.00926393 -0.00488467 0.0794501
0.00914764 -0.00498312 0.0792406
0.00896098 -0.00503561 0.0790614
0.00868514 -0.00502209 0.0789331
0.00832152 -0.0049234 0.0788279
0.00788675 -0.00474606 0.0787658
0.00741975 -0.00451524 0.0787602
0.00694818 -0.00421347 0.0788126
0.00650752 -0.00386349 0.0789218
0.00612067 -0.00347152 0.0790923
0.00575629 -0.00304796 0.0793318
0.00540987 -0.00262367 0.0796714
0.00509203 -0.00218379 0.0800831
0.00477022 -0.00174335 0.080557
0.00442874 -0.00131562 0.0810888
0.00406364 -0.000922121 0.0816464
0.00367718 -0.000524889 0.0822458
0.00327961 -0.000117267 0.0828611
0.00288147 0.0002884 0.0834783
0.00252137 0.000687442 0.0841046
0.00222978 0.00107843 0.0847159
0.00200226 0.00145657 0.0853212
0.00185766 0.00180684 0.0859087
0.00179488 0.00210043 0.0864846
0.00180486 0.0023543 0.0870549
0.00188766 0.00258808 0.0876124
0.00203048 0.00279572 0.0881456
0.00224034 0.00292807 0.0886576
0.002469 0.0030141 0.0891451
0.00269872 0.00306211 0.0896116
0.00291358 0.0030976 0.0900414
0.00310351 0.00310539 0.090442
0.00328509 0.0030648 0.0907801
0.00344066 0.00298531 0.0910854
0.00358501 0.00286144 0.0913669
0.00374326 0.0027105 0.0916382
0.00390887 0.00254559 0.0919149
0.00408255 0.00238666 0.092211
0.00422655 0.00221708 0.0925169
0.00432214 0.00204269 0.0928292
0.00436216 0.00190957 0.0931767
0.00432467 0.00182104 0.0935345
0.00421774 0.00176917 0.0939121
0.00406976 0.00176008 0.0942998
0.00386631 0.00180623 0.0947008
0.00360936 0.00190463 0.0951055
0.00332457 0.00204137 0.0954847
0.00302631 0.00221919 0.0958468
0.00270383 0.00242644 0.0961961
0.002379 0.00267832 0.0965534
0.0020478 0.00295806 0.0969332
0.00174548 0.003277 0.097326
0.00145809 0.00364746 0.0977315
0.00117713 0.00406213 0.0981183
0.000906958 0.00451195 0.0985021
0.00065056 0.00499971 0.098878
0.000424339 0.00550664 0.0992649
0.0001975 0.00601873 0.0996447
-3.40948e-05 0.00653202 0.100023
-0.000261666 0.00705705 0.100374
-0.000487482 0.00757735 0.10068
-0.000697751 0.00808819 0.100957
-0.000907073 0.00858456 0.101203
-0.0010956 0.00908236 0.101399
-0.00125885 0.00958663 0.101571
-0.00140309 0.0101103 0.101713
-0.00154539 0.0106398 0.101823
-0.00169389 0.0111448 0.101895
-0.00184467 0.0116105 0.101956
-0.00201463 0.0120188 0.10201
-0.00220372 0.012375 0.102042
-0.00241405 0.012688 0.102047
-0.00264753 0.0129209 0.102001
-0.00288184 0.0130501 0.101935
-0.00313971 0.0130908 0.101822
-0.00341935 0.0130567 0.101676
-0.00371445 0.0129663 0.101522
-0.00402728 0.012847 0.101348
-0.00435091 0.0126829 0.101159
-0.00468152 0.0124576 0.100977
-0.00502446 0.0121538 0.100806
-0.00536873 0.0118047 0.100641
-0.00571965 0.0114221 0.100471
-0.00608699 0.0110051 0.10029
-0.00647712 0.0105548 0.100098
-0.00688409 0.0100991 0.0999042
-0.00724487 0.00971995 0.0996913
-0.00765237 0.00941217 0.0994444
-0.00810533 0.00919 0.0991373
-0.00859789 0.00906156 0.0987787
-0.00912601 0.00903332 0.0984098
-0.00968171 0.00911669 0.0979714
-0.0102626 0.0092669 0.097494
-0.010934 0.00951224 0.096989
-0.0116701 0.00972484 0.096478
-0.0123893 0.00974425 0.0959619
-0.01316 0.00964136 0.0954581
-0.0139754 0.00940408 0.0949603
-0.0148115 0.00901211 0.0944848
-0.0156239 0.00846804 0.0940498
-0.0163919 0.00777993 0.0936504
-0.0170965 0.00692959 0.0932831
-0.0177187 0.00593581 0.0929332
-0.0182649 0.0048271 0.0926221
-0.0187481 0.00360217 0.0923263
-0.0194144 0.00228498 0.0920899
-0.0199825 0.0008662 0.0918672
-0.0204661 -0.000644034 0.0916617
-0.0208552 -0.002209 0.091461
-0.0209028 -0.00364397 0.0912948
-0.0208668 -0.00498604 0.0911566
-0.0207495 -0.00618754 0.0910248
-0.0205711 -0.00722805 0.0908941
-0.0203301 -0.00807193 0.0907453
-0.0200178 -0.00871522 0.09061
-0.0198598 -0.0093665 0.090476
-0.0196251 -0.00983571 0.0903307
-0.0193172 -0.0101157 0.0902006
-0.0189299 -0.0101971 0.090076
-0.0182857 -0.00984406 0.089965
-0.0175751 -0.00929231 0.0898774
-0.0167888 -0.00853019 0.0897921
-0.0159594 -0.00753045 0.089716
-0.0151055 -0.00632548 0.0896289
-0.0142107 -0.00494444 0.0895562
-0.0133144 -0.00343408 0.08952
-0.0124933 -0.00184447 0.0895242
-0.011678 -0.000155792 0.0895542
-0.0108877 0.00159432 0.0896296
-0.0101489 0.00335898 0.089753
-0.00944001 0.0049961 0.0899243
-0.00877594 0.00655796 0.0901178
-0.0081659 0.00801661 0.0903436
-0.00759945 0.00934287 0.0906038
-0.00706806 0.0105125 0.0908947
-0.00655803 0.0114904 0.0911896
-0.00604328 0.0122596 0.0914769
-0.00553675 0.0128259 0.0917817
-0.00505197 0.0131733 0.0921079
-0.00443742 0.0136011 0.0924541
-0.00387029 0.0138382 0.0928439
-0.00338349 0.0138947 0.0932531
-0.00300392 0.0137943 0.0936767
-0.00275293 0.0135599 0.0941171
-0.00264435 0.0132034 0.0945613
-0.00262528 0.012718 0.0949988
-0.00267491 0.0121508 0.0954411
-0.00277487 0.0115115 0.0958758
-0.0029192 0.0108112 0.0962805
-0.00309974 0.0100692 0.0966697
-0.00331056 0.00931345 0.0970494
-0.00355789 0.00856468 0.0974183
-0.00386291 0.00786216 0.0977614
-0.0042077 0.00717141 0.09807
-0.00454558 0.00646114 0.0983601
-0.00487399 0.00574279 0.0986034
-0.00522028 0.0049962 0.0988159
-0.00556852 0.00427248 0.0989819
-0.00591997 0.00361392 0.0991261
-0.00628264 0.00300508 0.0992462
-0.0066492 0.00246825 0.0993264
-0.00700031 0.00199174 0.0993823
-0.00730199 0.00156175 0.0994048
-0.00754057 0.00118272 0.0994007
-0.00769892 0.000820959 0.0993551
-0.00778356 0.000500935 0.0992585
-0.00781067 0.000204202 0.099129
-0.00778571 -7.73162e-05 0.0989941
-0.00774321 -0.000310675 0.0988327
-0.0077049 -0.000502849 0.0986395
-0.0076819 -0.000655231 0.0984378
-0.00765772 -0.000768754 0.0982171
-0.00761998 -0.000846743 0.0979545
-0.00755881 -0.000926635 0.09765
-0.00747174 -0.00100227 0.097317
-0.00733446 -0.00109319 0.0969648
-0.00715335 -0.00120344 0.0966014
-0.00696545 -0.00129722 0.096236
-0.00677419 -0.00140997 0.0958754
-0.00659185 -0.00152152 0.0955229
-0.00642591 -0.00161697 0.0951929
-0.00628857 -0.0017309 0.0948507
-0.00617665 -0.00184717 0.0945201
-0.00609122 -0.00195651 0.0942089
-0.00604067 -0.0020567 0.0938972
-0.00600955 -0.00215176 0.0935997
-0.00600685 -0.00224538 0.0933264
-0.00605346 -0.00234507 0.0930884
-0.0061152 -0.00247018 0.0928814
-0.00617593 -0.00260217 0.0926978
-0.00626054 -0.00275557 0.0925396
-0.00636031 -0.00292025 0.0924093
-0.00646784 -0.00308249 0.0923002
-0.00658317 -0.0032481 0.0922339
-0.00670174 -0.003435 0.0921999
-0.006851 -0.00362612 0.092207
-0.00702434 -0.00381833 0.092241
-0.00720666 -0.00402484 0.0923063
-0.00740838 -0.00423586 0.0923929
-0.0076288 -0.0044622 0.0924985
-0.007846 -0.00472609 0.092617
-0.00804317 -0.00498003 0.0927379
-0.00820037 -0.00520303 0.0928322
-0.00833278 -0.00542445 0.0929233
-0.00843235 -0.00562901 0.0930192
-0.00847634 -0.00583576 0.0931258
-0.00848254 -0.0060594 0.0932282
-0.00846913 -0.00627144 0.0933274
-0.00841471 -0.00645739 0.0934287
-0.00833714 -0.00661783 0.0935223
-0.00823641 -0.00672856 0.0936205
-0.00810431 -0.00681509 0.0937183
-0.00797418 -0.00691542 0.093795
-0.00781053 -0.0070055 0.0938647
-0.00765249 -0.00707238 0.0939187
-0.00749648 -0.00712085 0.0939467
-0.00734777 -0.00713254 0.0939617
-0.00718171 -0.00712153 0.0939749
-0.0069905 -0.00709886 0.0939651
-0.00680666 -0.0070797 0.0939654
-0.00664726 -0.00706422 0.0939669
-0.00645681 -0.00705623 0.0939773
-0.00627889 -0.00703528 0.0939867
-0.00613521 -0.00700514 0.094021
-0.00600275 -0.00699255 0.0940607
-0.00588247 -0.00702235 0.0941113
-0.00578877 -0.00706131 0.0941763
-0.00571431 -0.00712701 0.0942402
-0.00566765 -0.00721908 0.0943026
-0.00562475 -0.00730795 0.0943735
-0.005587 -0.00736517 0.0944483
-0.00552672 -0.00742837 0.094524
-0.00548323 -0.00753939 0.0945936
-0.00544828 -0.0076998 0.0946711
-0.00539429 -0.00791047 0.0947437
-0.00534259 -0.00818385 0.0948206
-0.00527076 -0.00848726 0.0949146
-0.00521207 -0.00877457 0.0950107
-0.00516288 -0.00907779 0.0950955
-0.00506245 -0.00940206 0.0951675
-0.00496341 -0.00975177 0.0952404
-0.00488795 -0.0101646 0.0953117
-0.00478897 -0.0106478 0.0953776
-0.00477944 -0.0111772 0.0954286
-0.00470013 -0.0117086 0.0954505
-0.00457478 -0.0121696 0.0954643
-0.00434046 -0.0125661 0.0954869
-0.00394169 -0.0128817 0.0955026
-0.00335941 -0.0131322 0.0955212
-0.00257694 -0.0132789 0.0955403
-0.0015822 -0.0132655 0.0955201
-0.00055248 -0.013186 0.0955126
0.000663039 -0.0129561 0.0954948
0.00215015 -0.012497 0.0954462
0.00374757 -0.0119487 0.0953842
0.00540109 -0.0113016 0.0953148
0.00708784 -0.0105651 0.0952405
0.00878495 -0.00974357 0.0951715
0.0104409 -0.0088516 0.0951066
0.0120443 -0.00795948 0.0950449
0.0136085 -0.00705609 0.0950134
0.0151341 -0.00616426 0.0950201
0.0166205 -0.00529559 0.0950429
0.0180321 -0.00445643 0.0950895
0.0193889 -0.0036372 0.0951803
0.020693 -0.00287139 0.0953304
0.0219253 -0.00215756 0.0955451
0.023068 -0.00150827 0.09581
0.0240873 -0.000952704 0.0961313
0.0249445 -0.000497946 0.09649
0.0256313 -0.000190617 0.0968852
0.0261085 -1.91639e-05 0.0973035
0.0263773 5.2279e-05 0.0977335
0.0264433 -2.06256e-06 0.0981642
0.0263419 -0.000129696 0.0985971
0.0261056 -0.000296119 0.0990126
0.0257513 -0.000513682 0.0994214
0.0253071 -0.000767674 0.0997941
0.024801 -0.00106995 0.100142
0.024271 -0.00140722 0.100469
0.0237194 -0.00176637 0.100752
0.0231583 -0.00215365 0.10099
0.0225912 -0.00255335 0.101183
0.0220284 -0.00295374 0.101333
0.0214451 -0.00339468 0.101439
0.0208321 -0.0038376 0.101523
0.0201946 -0.0042709 0.101579
0.0195257 -0.0047082 0.101598
0.0188304 -0.00515065 0.101556
0.0180977 -0.00559782 0.101445
0.0173746 -0.00604787 0.101274
0.0166756 -0.00649833 0.101057
0.0160156 -0.00691993 0.100802
0.0153962 -0.0073307 0.100518
0.0148167 -0.00772613 0.100195
0.0142854 -0.00812236 0.0998409
0.0137881 -0.00849899 0.0994651
0.0133258 -0.00882417 0.0990773
0.0128927 -0.0090847 0.0986697
0.0124873 -0.00927643 0.0982462
0.0121258 -0.00940665 0.0978075
0.0117898 -0.00948347 0.0973366
0.0114841 -0.00952288 0.0968298
0.0112332 -0.00954428 0.09629
0.0110469 -0.00959257 0.0957287
0.0109088 -0.00968024 0.0951751
0.0110445 -0.00980155 0.0946257
0.0112088 -0.00997606 0.09407
0.0114111 -0.0102038 0.0935382
0.0114174 -0.010505 0.0930385
0.0114499 -0.0108555 0.0925753
0.0114986 -0.0112792 0.092157
0.0115574 -0.0117349 0.0917945
0.0116242 -0.0122197 0.0914974
0.0116754 -0.0127306 0.0912807
0.011703 -0.0132357 0.0911634
0.0117299 -0.0137392 0.0911396
0.011743 -0.0142448 0.0912007
0.0117646 -0.0147428 0.0913516
0.0117685 -0.0151968 0.0915978
0.0117876 -0.0155998 0.0919283
0.0118566 -0.0159582 0.0923278
0.0119399 -0.0162806 0.0927695
0.0120475 -0.0165633 0.0932701
0.012187 -0.0168093 0.0938318
0.012332 -0.0170084 0.0944532
0.0124975 -0.0171531 0.0951036
0.0128261 -0.0171771 0.095796
0.0131586 -0.0171317 0.0965015
0.0134815 -0.0170226 0.0972368
0.0136658 -0.016936 0.0979798
0.013832 -0.016823 0.09872
0.0139776 -0.0166931 0.0994622
0.0141181 -0.0165564 0.100198
0.0142427 -0.0163994 0.100919
0.0143619 -0.0162131 0.101621
0.0144871 -0.0159956 0.102307
0.0145981 -0.0157807 0.102967
0.0146904 -0.0155626 0.10362
0.0147635 -0.0153567 0.104255
0.014808 -0.0151429 0.104844
0.0148024 -0.014906 0.105384
0.0147479 -0.014665 0.105886
0.0146563 -0.0144327 0.106342
0.0145086 -0.0142339 0.106746
0.0142999 -0.0140824 0.10708
0.0140918 -0.0139701 0.107348
0.0138771 -0.0139253 0.107532
0.0136698 -0.0139273 0.107642
0.0134834 -0.0139582 0.107694
0.0133229 -0.0140189 0.107678
0.0131926 -0.0141144 0.107587
0.0130985 -0.0142424 0.107445
0.0130365 -0.0143821 0.107257
0.0129707 -0.0145276 0.107012
0.0129151 -0.0146549 0.106711
0.0128814 -0.0147534 0.106357
0.0128534 -0.0148366 0.10598
0.0128356 -0.0148986 0.105576
0.0128346 -0.0149675 0.105136
0.0128241 -0.0150485 0.104666
0.0128023 -0.0151623 0.104185
0.0127799 -0.0153025 0.103712
0.0127807 -0.0154582 0.103238
0.0127643 -0.0156303 0.102778
0.0127491 -0.0158195 0.102344
0.0127351 -0.0160182 0.101933
0.0127016 -0.016215 0.101548
0.0126495 -0.0163854 0.101188
0.0125805 -0.0165381 0.100848
0.0124787 -0.0166517 0.100523
0.0123392 -0.0167613 0.100227
0.0121976 -0.0168889 0.0999475
0.0120437 -0.0170244 0.0996918
0.0118966 -0.0171218 0.0994531
0.0117418 -0.0171818 0.0992554
0.0115838 -0.017202 0.0990861
0.0114316 -0.0171922 0.098954
0.0112806 -0.0171506 0.098853
0.0111294 -0.0170825 0.0987774
0.0109445 -0.0169975 0.0987399
0.0107197 -0.0168758 0.0987168
0.0104927 -0.0167282 0.0986983
0.0102504 -0.0165646 0.0986866
0.00997018 -0.0163952 0.098696
0.0096723 -0.0162306 0.098717
0.0093783 -0.0160395 0.0987427
0.00906955 -0.0158612 0.0987884
0.00876503 -0.0157019 0.0988576
0.00847576 -0.0155718 0.0989593
0.00820345 -0.0154484 0.0990676
0.007929 -0.0153176 0.0991781
0.00764852 -0.0151863 0.0992627
0.00735087 -0.0150625 0.0993538
0.00703627 -0.0149503 0.0994446
0.00670934 -0.0148573 0.0995158
0.00637245 -0.01479 0.0995769
0.00603145 -0.0147445 0.0996329
0.00567521 -0.0147082 0.0996609
0.00533551 -0.014689 0.0996541
0.00502986 -0.0146696 0.0996396
0.0047659 -0.0146354 0.0996031
0.0045344 -0.0146093 0.0995661
0.00431821 -0.014594 0.099525
0.00411921 -0.0145795 0.0994718
0.00393836 -0.0145551 0.0994295
0.00373476 -0.0145372 0.0993759
0.00349486 -0.014528 0.0993235
0.00323799 -0.0145199 0.0992607
0.00298247 -0.014482 0.0991678
0.00277845 -0.0144431 0.0990698
0.00255298 -0.0144418 0.0989701
0.00229581 -0.0145137 0.0988741
0.00197674 -0.0146491 0.0987977
0.00157416 -0.0148302 0.0987317
0.00104743 -0.0150616 0.0987109
0.000401514 -0.0152582 0.0987191
-0.000373024 -0.0153853 0.0987579
-0.00123723 -0.0153819 0.0988266
-0.002177 -0.0152961 0.0989032
-0.00317198 -0.0151559 0.0989925
-0.00419359 -0.014999 0.0990993
-0.00521056 -0.0148405 0.0992167
-0.00620669 -0.0147066 0.0993587
-0.00727384 -0.0146274 0.0995111
-0.0083157 -0.014577 0.0996679
-0.00930989 -0.0145489 0.0998259
-0.0102555 -0.0145182 0.0999591
-0.0111311 -0.0144915 0.100079
-0.0117602 -0.0144208 0.100183
-0.0123007 -0.0143267 0.100265
-0.0127385 -0.0142106 0.100314
-0.0132643 -0.014094 0.100315
-0.0136808 -0.0139612 0.100283
-0.0139581 -0.0138206 0.100213
-0.0140807 -0.0137019 0.100093
-0.0140328 -0.0135955 0.099958
-0.0137877 -0.0134893 0.099808
-0.0133302 -0.0133578 0.0996488
-0.0126886 -0.0132187 0.0994838
-0.0119014 -0.0130821 0.0993386
-0.0109846 -0.012915 0.099223
-0.00997276 -0.0127344 0.0991322
-0.00892417 -0.0125316 0.0990439
-0.00784781 -0.012316 0.0989535
-0.00676684 -0.0120958 0.0988744
-0.00569903 -0.0118753 0.0988158
-0.00465911 -0.0116662 0.0987947
-0.00364564 -0.0114661 0.0988096
-0.0026542 -0.0112734 0.0988451
-0.00170058 -0.0111002 0.0989015
-0.000809224 -0.0109229 0.099005
1.86217e-05 -0.0107553 0.0991492
0.000779592 -0.0106165 0.0993255
0.00148513 -0.0104948 0.0995522
0.00213108 -0.0103821 0.0998342
0.00270468 -0.0102747 0.10015
0.00320682 -0.0101662 0.100497
0.00363446 -0.0100389 0.100877
0.00398376 -0.00988898 0.101266
0.00425578 -0.00974731 0.101665
0.00442508 -0.00961491 0.102066
0.00449517 -0.00952197 0.102457
0.00449589 -0.0094719 0.102841
0.00444363 -0.00943726 0.103223
0.00435684 -0.00942205 0.103602
0.00425309 -0.00941588 0.103972
0.00412655 -0.00945067 0.104367
0.00400268 -0.00955582 0.104776
0.00388874 -0.00972515 0.105199
0.00375982 -0.0099619 0.105605
0.00358761 -0.0102573 0.105978
0.0034414 -0.0105871 0.106308
0.00335099 -0.0109761 0.106606
0.00327567 -0.0114281 0.106842
0.00322771 -0.0119253 0.107026
0.00322396 -0.0124432 0.10717
0.00325354 -0.0129439 0.107281
0.00329838 -0.0134436 0.107345
0.0033201 -0.0139671 0.10736
0.00331991 -0.0144753 0.107329
0.00333341 -0.0149864 0.107248
0.00335756 -0.0154987 0.107113
0.00339775 -0.016022 0.106931
0.00346826 -0.0165202 0.106691
0.00358887 -0.0169725 0.106409
0.00374426 -0.0174121 0.106077
0.00391656 -0.0178261 0.105715
0.00407463 -0.0181989 0.105334
0.00422721 -0.0185315 0.104926
0.00435913 -0.0188239 0.104479
0.00445721 -0.0190736 0.104031
0.00454924 -0.0192951 0.103572
0.00460066 -0.0194756 0.103105
0.00460999 -0.01963 0.102627
0.00460918 -0.019744 0.102135
0.00457948 -0.0198146 0.101649
0.0045452 -0.0198505 0.101187
0.0045375 -0.0198812 0.10073
0.00453885 -0.0198963 0.100312
0.00456641 -0.0199043 0.0999386
0.00460314 -0.019899 0.0995832
0.0046655 -0.0198793 0.099249
0.00472359 -0.0198495 0.0989594
0.00474152 -0.0198287 0.0987134
0.00474872 -0.0198312 0.0985029
0.00473224 -0.0198661 0.0983254
0.00470351 -0.019943 0.0981789
0.00466612 -0.0200428 0.0980823
0.00460911 -0.0201542 0.0980198
0.00456698 -0.0202859 0.0979997
0.00455812 -0.0204179 0.0980202
0.00459806 -0.020567 0.0980587
0.00465646 -0.0207579 0.0981351
0.00472724 -0.0209524 0.0982355
0.00482376 -0.021145 0.0983627
0.0049339 -0.0213485 0.0985285
0.00503683 -0.0215562 0.0987295
0.00510675 -0.0217721 0.0989509
0.00518543 -0.0219911 0.0991917
0.00525862 -0.0221962 0.0994576
0.00533746 -0.0223927 0.0997185
0.00542442 -0.0225485 0.0999853
0.00554096 -0.0226653 0.100252
0.00568789 -0.0227266 0.100539
0.00585463 -0.0227712 0.100849
0.0060291 -0.0228339 0.101147
0.0062135 -0.0229023 0.101445
0.00643787 -0.022972 0.101735
0.00664369 -0.0230579 0.102023
0.00684109 -0.023157 0.102296
0.0070378 -0.0232624 0.102534
0.0072204 -0.0233504 0.102746
0.00738291 -0.0234427 0.102939
0.00754872 -0.0235549 0.103114
0.00773065 -0.0236653 0.103285
0.00794509 -0.0237542 0.103446
0.00815721 -0.02385 0.103594
0.00838286 -0.0240017 0.103721
0.0085924 -0.0241788 0.103822
0.00881277 -0.024327 0.103901
0.00903111 -0.0244445 0.10397
0.00923079 -0.0245316 0.104034
0.00942599 -0.0246297 0.104087
0.00960331 -0.0247186 0.104119
0.00977986 -0.0247677 0.104138
0.00996783 -0.0247665 0.104139
0.0101382 -0.0247351 0.104133
0.010314 -0.0246871 0.104115
0.0105147 -0.0246337 0.104067
0.0106921 -0.0245711 0.10401
0.0108984 -0.0245152 0.103952
0.0110887 -0.0244263 0.103888
0.011299 -0.0243131 0.103839
0.0115203 -0.0242102 0.103786
0.0117275 -0.0241107 0.103744
0.0119532 -0.0240604 0.103719
0.0121762 -0.0240364 0.103703
0.0124001 -0.0240253 0.1037
0.0126137 -0.024017 0.103705
0.0128259 -0.0239793 0.103712
0.0130308 -0.0239548 0.103736
0.0132321 -0.0239737 0.103777
0.0134614 -0.0240138 0.103806
0.013675 -0.0240611 0.103832
0.013859 -0.0241049 0.103878
0.0140667 -0.0241103 0.103936
0.0142652 -0.0240818 0.103999
0.0144726 -0.0240788 0.104082
0.0147209 -0.0241612 0.10418
0.0150138 -0.024319 0.104278
0.0153842 -0.0245282 0.104382
0.0157921 -0.0247557 0.104471
0.0162672 -0.0249782 0.104529
0.016805 -0.0251336 0.104556
0.017383 -0.0252237 0.104555
0.018045 -0.025235 0.104531
0.018758 -0.0251744 0.10448
0.0195383 -0.0250601 0.10442
0.0203902 -0.0249033 0.104346
0.0212641 -0.0247168 0.104249
0.0221478 -0.0245189 0.104144
0.0230206 -0.0243146 0.104032
0.0238775 -0.0240921 0.103906
0.0247195 -0.0238648 0.103775
0.0255138 -0.0236379 0.103631
0.026268 -0.0234103 0.103496
0.0269475 -0.0231904 0.103379
0.0275509 -0.0229813 0.103249
0.0280575 -0.0227844 0.103131
0.0284501 -0.022619 0.103039
0.0287329 -0.0224899 0.102972
0.0289079 -0.0224178 0.102934
0.0289716 -0.0224084 0.102923
0.0289288 -0.0224313 0.102938
0.0287643 -0.0224593 0.102971
0.0284837 -0.0224866 0.103023
0.0280891 -0.0225056 0.103106
0.0275683 -0.0225057 0.103177
0.0269388 -0.0224715 0.10324
0.026218 -0.0224079 0.103312
0.025422 -0.0222939 0.103381
0.0245664 -0.0221607 0.103459
0.0236799 -0.0219933 0.103535
0.0227567 -0.0217973 0.103596
0.0218135 -0.0215952 0.103635
0.0208634 -0.02138 0.103656
0.0198912 -0.0211548 0.103651
0.0189165 -0.0209287 0.103614
0.0179502 -0.0206989 0.103581
0.0170032 -0.0204791 0.103527
0.0160743 -0.0202686 0.103435
0.0151837 -0.020056 0.103328
0.0143184 -0.0198318 0.103182
0.0134612 -0.0196105 0.102993
0.0126204 -0.0193896 0.102784
0.0117975 -0.0191891 0.102539
0.0110082 -0.0189884 0.102291
0.010266 -0.0187639 0.102028
0.00956111 -0.0185318 0.101732
0.00892555 -0.0183144 0.10141
0.00836544 -0.0180914 0.101044
0.00789538 -0.0178465 0.100645
0.00752035 -0.0175884 0.100215
0.00723703 -0.0173051 0.0997479
0.0070464 -0.0170466 0.0992598
0.00691093 -0.0168324 0.0987816
0.00682751 -0.0167061 0.0982998
0.00678168 -0.0166993 0.0978178
0.00701057 -0.0168632 0.0973601
0.00726585 -0.0171187 0.0969316
0.00732779 -0.0174042 0.0965344
0.00742468 -0.0177537 0.0961806
0.00752356 -0.0181821 0.0958709
0.00758879 -0.0186922 0.095624
0.00763451 -0.0192732 0.0954638
0.00767299 -0.0198764 0.0953759
0.00767196 -0.0204634 0.0953789
0.00766741 -0.0210607 0.0954824
0.00765766 -0.0216353 0.0956853
0.00764975 -0.0221768 0.095985
0.00764584 -0.0226792 0.0963786
0.00762059 -0.0231324 0.0968562
0.00754073 -0.0235289 0.0973948
0.00739641 -0.0238568 0.0979954
0.00718891 -0.0241242 0.0986483
0.00692777 -0.0243442 0.0993434
0.00664681 -0.0244905 0.100089
0.00654014 -0.0245297 0.100856
0.00644231 -0.024486 0.101625
0.00638484 -0.0243784 0.102393
0.00622917 -0.0242611 0.103168
0.00612076 -0.0240993 0.103945
0.00603374 -0.0239111 0.104705
0.00596822 -0.0236742 0.105464
0.00590881 -0.0234068 0.106205
0.00583975 -0.0231305 0.106912
0.00573273 -0.0228595 0.107606
0.00560055 -0.0226043 0.108269
0.005474 -0.0223426 0.108879
0.00532911 -0.0220778 0.109452
0.00518807 -0.0217999 0.109982
0.00505629 -0.0215359 0.110434
0.00493552 -0.021287 0.110815
0.00479972 -0.0210582 0.111149
0.00467483 -0.0208721 0.111456
0.00458989 -0.0207428 0.111713
0.00452818 -0.020634 0.111913
0.00447543 -0.0205363 0.11205
0.00441915 -0.0204649 0.112126
0.00434619 -0.0204317 0.112148
0.00424609 -0.0204367 0.112099
0.00412139 -0.020452 0.111995
0.00397487 -0.0204791 0.111841
0.00381379 -0.0205224 0.11164
0.00364483 -0.0205744 0.11139
0.0034814 -0.0206351 0.111114
0.00334986 -0.0206994 0.110805
0.00324257 -0.0207565 0.110454
0.00313754 -0.0208049 0.110083
0.00302398 -0.0208291 0.109684
0.00289087 -0.0208299 0.109289
0.00271975 -0.0207829 0.108897
0.00250196 -0.0207014 0.108498
0.00223925 -0.0206116 0.108094
0.0019343 -0.0205135 0.107698
0.00160859 -0.0204096 0.10732
0.00126867 -0.0203258 0.106976
0.000932094 -0.0202581 0.106656
0.000606199 -0.0201867 0.106338
0.000297206 -0.0201075 0.106047
-1.67957e-05 -0.0200186 0.105792
-0.000340726 -0.0199019 0.105539
-0.000680276 -0.0197692 0.105316
-0.00103941 -0.019631 0.105099
-0.00141148 -0.0195075 0.1049
-0.00179507 -0.0194235 0.104714
-0.00220501 -0.0193413 0.104559
-0.00259274 -0.0192413 0.104435
-0.00296015 -0.0191326 0.104339
-0.00331387 -0.0190156 0.104245
-0.00365969 -0.0189144 0.104178
-0.00397892 -0.0188001 0.104135
-0.00428155 -0.018665 0.104099
-0.00459647 -0.0185063 0.104076
-0.00490167 -0.0183304 0.104067
-0.00518502 -0.018144 0.10409
-0.00548649 -0.0179528 0.104118
-0.00579156 -0.0177607 0.104185
-0.00611958 -0.0175862 0.104263
-0.00647858 -0.0173996 0.104334
-0.00685665 -0.0172194 0.104403
-0.0072643 -0.0170628 0.104478
-0.00767742 -0.0169338 0.104547
-0.00807269 -0.0168129 0.104624
-0.00848208 -0.0166922 0.104689
-0.00887708 -0.0165815 0.104766
-0.00928777 -0.0164916 0.10484
-0.00971355 -0.0164296 0.104908
-0.010126 -0.0163782 0.104975
-0.0105302 -0.0163491 0.105047
-0.0109339 -0.0163305 0.105112
-0.0113257 -0.0162941 0.105172
-0.0116883 -0.0162634 0.10524
-0.0120483 -0.0162467 0.105308
-0.0124055 -0.0162208 0.105345
-0.0127601 -0.0161591 0.105347
-0.0131325 -0.0160742 0.105337
-0.0135581 -0.015958 0.105308
-0.0140149 -0.0158457 0.105269
-0.0145047 -0.015748 0.105197
-0.0150203 -0.0156472 0.105099
-0.0155285 -0.0155413 0.105003
-0.016002 -0.0154224 0.104902
-0.0164303 -0.0153136 0.104782
-0.0168158 -0.0151966 0.104649
-0.0171888 -0.0150622 0.104513
-0.0175564 -0.0149286 0.104374
-0.0179576 -0.0147866 0.104229
-0.0184116 -0.0146505 0.104075
-0.018924 -0.0145309 0.103903
-0.019493 -0.0144227 0.103732
-0.0200866 -0.0143244 0.103578
-0.0206702 -0.0142497 0.103437
-0.0212287 -0.0141791 0.103302
-0.0217853 -0.0141233 0.103169
-0.0223461 -0.0140712 0.103034
-0.0228981 -0.0140143 0.102925
-0.0234232 -0.0139254 0.102818
-0.0238785 -0.0138062 0.102723
-0.0242436 -0.0136912 0.102626
-0.02449 -0.013586 0.102551
-0.0245949 -0.01348 0.102504
-0.0245625 -0.01337 0.102478
-0.0244164 -0.0132606 0.102468
-0.0241707 -0.0131563 0.102462
-0.0238327 -0.0130493 0.102465
-0.0234082 -0.0129248 0.102457
-0.0229079 -0.0127919 0.102439
-0.022312 -0.012644 0.102404
-0.0216139 -0.0124911 0.102367
-0.0207896 -0.0123236 0.102333
-0.0198307 -0.0121642 0.102309
-0.0187704 -0.0120036 0.102286
-0.0175761 -0.0118376 0.102265
-0.0162797 -0.011681 0.102284
-0.0148949 -0.0115325 0.102338
-0.0134283 -0.0113959 0.102428
-0.0119084 -0.0112599 0.102576
-0.0103754 -0.0111226 0.102733
-0.00886063 -0.0110099 0.102928
-0.00739652 -0.0108996 0.103156
-0.00603271 -0.0107949 0.103408
-0.00479403 -0.0107113 0.103692
-0.00369057 -0.0106418 0.103984
-0.00272494 -0.010573 0.104275
-0.0018811 -0.0105052 0.104589
-0.00111702 -0.0104343 0.10493
-0.000426307 -0.0103476 0.105268
0.000212 -0.0102534 0.105623
0.000788241 -0.0101538 0.106011
0.00129017 -0.0100589 0.106435
0.0016957 -0.00997276 0.106872
0.00196988 -0.00993679 0.107303
0.00211732 -0.00992187 0.107744
0.00214794 -0.00994292 0.108195
0.00205682 -0.00998661 0.108656
0.00188724 -0.0100774 0.109097
0.00169624 -0.0102776 0.109508
0.00151253 -0.0105504 0.109885
0.00131326 -0.0108691 0.110205
0.0011004 -0.011244 0.110462
0.00092931 -0.0116604 0.110669
0.000841284 -0.0120838 0.110796
0.000814885 -0.0125575 0.110859
0.000857069 -0.0130832 0.110852
0.000955931 -0.013623 0.110778
0.00109274 -0.0141724 0.110653
0.00123114 -0.014735 0.110459
0.00136252 -0.0153062 0.110179
0.00147724 -0.0158719 0.10982
0.00162812 -0.0164302 0.109398
0.00184746 -0.0169746 0.108925
0.0021247 -0.0175039 0.108378
0.00245433 -0.0180137 0.107778
0.00284986 -0.0184857 0.107146
0.00329033 -0.0188999 0.106492
0.0037447 -0.0192645 0.105825
0.00417763 -0.0195958 0.105127
0.00459179 -0.0198889 0.104424
0.00500607 -0.0201632 0.103728
0.00541076 -0.0204096 0.103044
0.00580599 -0.0206089 0.102346
0.00619599 -0.0207815 0.101661
0.00658913 -0.0209126 0.100984
0.00695266 -0.0210078 0.100317
0.00729907 -0.0210879 0.0997032
0.00760504 -0.0211468 0.0991299
0.00785688 -0.0211657 0.0985937
0.00807197 -0.0211565 0.0980904
0.00825583 -0.0211461 0.0976203
0.00841876 -0.021134 0.0971976
0.00853491 -0.0211259 0.0968253
0.00862548 -0.0211401 0.0964904
0.00871134 -0.0211904 0.0962142
0.00880045 -0.0212691 0.0959797
0.00885586 -0.0213733 0.095808
0.00888965 -0.0214749 0.0956855
0.00890647 -0.0215789 0.0956392
0.0089125 -0.0217055 0.0956593
0.0089088 -0.021871 0.0957187
0.00888655 -0.0220871 0.0958175
0.00884784 -0.0223158 0.0959393
0.00882155 -0.0225753 0.0960873
0.00882239 -0.0228433 0.0962671
0.00883401 -0.0230981 0.0964546
0.00888169 -0.0233409 0.0966826
0.00897919 -0.0235943 0.0969564
0.00912258 -0.0238448 0.097257
0.00934233 -0.0240838 0.0975637
0.00960536 -0.0242868 0.0978883
0.0099155 -0.0244431 0.0982269
0.0102868 -0.0245396 0.0985648
0.0106929 -0.0246141 0.0989241
0.0111116 -0.0247092 0.0993023
0.0115701 -0.0248159 0.0996746
0.0120552 -0.0249349 0.100021
0.0125578 -0.0250741 0.100354
0.013076 -0.0252148 0.10067
0.0135929 -0.0253513 0.100966
0.0141411 -0.0254785 0.101221
0.0147407 -0.025618 0.101442
0.0153149 -0.0257469 0.10167
0.0158829 -0.0258761 0.101875
0.0164325 -0.0260058 0.102072
0.0169754 -0.0261387 0.10226
0.0174821 -0.0262993 0.102431
0.0179402 -0.0264862 0.102571
0.0183582 -0.0266707 0.102712
0.0187551 -0.0268291 0.102838
0.0191244 -0.0269509 0.102949
0.0194479 -0.0270757 0.103039
0.0197411 -0.0271654 0.103123
0.0200079 -0.0272203 0.103204
0.0202551 -0.0272258 0.103282
0.0204649 -0.0272016 0.103342
0.0206686 -0.0271453 0.103379
0.0208548 -0.0270597 0.103391
0.0210359 -0.0269857 0.103398
0.0211955 -0.0268947 0.103394
0.0213435 -0.026776 0.103394
0.0214777 -0.0266658 0.1034
0.0215813 -0.0265631 0.103404
0.0216877 -0.0264418 0.103413
0.0217918 -0.0263409 0.103401
0.0218811 -0.0262483 0.103384
0.0219751 -0.0261557 0.103357
0.0220655 -0.0260979 0.103339
0.0221624 -0.0260669 0.103317
0.0222823 -0.0260416 0.103298
0.0224226 -0.0260189 0.103276
0.0225691 -0.0260373 0.103255
0.022723 -0.0260926 0.103255
0.0228877 -0.0261351 0.103269
0.0230688 -0.0261594 0.103281
0.0232453 -0.026195 0.103299
0.0234448 -0.0262553 0.10332
0.0236784 -0.0262865 0.103348
0.023881 -0.0263077 0.103387
0.0241073 -0.0263386 0.103434
0.0243302 -0.0263573 0.103483
0.0245845 -0.0263702 0.103503
0.0248574 -0.026359 0.103531
0.0251615 -0.026341 0.103562
0.0254822 -0.0263461 0.103592
0.0258568 -0.0263598 0.103607
0.0262394 -0.0263792 0.103632
0.0266529 -0.0263788 0.103633
0.0270855 -0.0263196 0.103616
0.0275212 -0.0262591 0.10359
0.0279519 -0.0262035 0.103541
0.0283997 -0.0261536 0.103458
0.0288288 -0.0261075 0.103352
0.0292592 -0.0260568 0.103228
0.02969 -0.0260006 0.103086
0.0301136 -0.025929 0.10293
0.0305243 -0.0258682 0.102755
0.0309131 -0.0258356 0.102589
0.0312808 -0.0258298 0.102421
0.0315916 -0.0258316 0.102233
0.0318298 -0.0258328 0.102051
0.0320208 -0.0258356 0.101854
0.0321675 -0.0258335 0.101647
0.0322503 -0.0258562 0.10143
0.0322697 -0.025855 0.101243
0.0322346 -0.0258192 0.101086
0.0321522 -0.0257756 0.100947
0.0320364 -0.0257367 0.100843
0.0318952 -0.0256874 0.100762
0.0317135 -0.0256275 0.100686
0.0314913 -0.0255621 0.100607
0.031235 -0.0254876 0.100551
0.0309422 -0.0254004 0.100507
0.0306233 -0.0252841 0.100454
0.0302483 -0.0251732 0.100402
0.0298262 -0.0250424 0.100365
0.0293672 -0.0248684 0.100334
0.0288769 -0.0247236 0.100298
0.0283506 -0.0245909 0.100287
0.0277864 -0.0244786 0.100291
0.0272139 -0.0243646 0.1003
0.0266384 -0.0242762 0.100327
0.0260661 -0.0242334 0.10035
0.0255043 -0.0242058 0.100368
0.0249461 -0.0241999 0.100404
0.0244121 -0.0241953 0.100443
0.0238769 -0.0241574 0.100495
0.0233467 -0.0241147 0.100527
0.022814 -0.0240665 0.100578
0.0222701 -0.0240276 0.100622
0.0217287 -0.0239835 0.100677
0.0211829 -0.0239161 0.100717
0.0206405 -0.0238193 0.100746
0.02009 -0.0237004 0.100756
0.01954 -0.0235606 0.100765
0.0189825 -0.0233931 0.100764
0.0184257 -0.0231901 0.100752
0.0178909 -0.022982 0.100713
0.0173678 -0.0227476 0.100651
0.0168567 -0.0225024 0.100574
0.0163597 -0.0222393 0.100494
0.0158631 -0.0219851 0.10039
0.0153475 -0.0217389 0.100293
0.0148263 -0.0214754 0.100198
0.0142892 -0.0212065 0.100102
0.0137527 -0.0209471 0.0999957
0.0132262 -0.020698 0.0998856
0.0127222 -0.0204295 0.0997638
0.0122418 -0.0201668 0.0996552
0.011771 -0.0199247 0.0995425
0.0113191 -0.019687 0.0994152
0.0109037 -0.0194666 0.099287
0.0105189 -0.0192362 0.0991575
0.0101648 -0.0190124 0.0990362
0.00983888 -0.0188043 0.0989295
0.00952034 -0.0186076 0.0988315
0.00923331 -0.0184202 0.098749
0.00896 -0.018228 0.0986609
0.00869681 -0.0180168 0.0985636
0.00845579 -0.0177843 0.0984668
0.00823442 -0.0175507 0.0983813
0.00802571 -0.0173171 0.0982908
0.00783166 -0.0170751 0.0981934
0.00765143 -0.0168053 0.098113
0.00747157 -0.0165052 0.0980537
0.0072941 -0.0162069 0.0980225
0.00714633 -0.0158956 0.0980127
0.00701073 -0.0155737 0.0980259
0.0068815 -0.0152406 0.0980705
0.00675462 -0.0148648 0.0981227
0.00662241 -0.0144928 0.0981876
0.00648092 -0.0141353 0.09827
0.00631629 -0.013788 0.0983561
0.00615063 -0.0134694 0.0984578
0.00598629 -0.0131917 0.0985566
0.0058254 -0.0129185 0.0986335
0.00564252 -0.0126623 0.0986922
0.00546892 -0.0124402 0.0987333
0.00529725 -0.0122304 0.0987654
0.00512508 -0.0120288 0.0987984
0.00495135 -0.011855 0.0988281
0.0047966 -0.0116772 0.0988467
0.00466025 -0.0114869 0.0988693
0.0045245 -0.0113028 0.0988697
0.00442172 -0.0111036 0.0988698
0.00434584 -0.0108822 0.0988801
0.004293 -0.0106377 0.0988838
0.0042465 -0.0103708 0.0988807
0.00420211 -0.0100925 0.0988667
0.00417015 -0.00981077 0.0988509
0.00412782 -0.009535 0.0988361
0.0040642 -0.00926779 0.0988064
0.004018 -0.00900003 0.0987473
0.00396054 -0.00873296 0.0986728
0.00389168 -0.00847847 0.0985949
0.00383501 -0.00823902 0.0985121
0.00379091 -0.00801751 0.0984328
0.00375705 -0.00782513 0.0983444
0.00373737 -0.00766047 0.0982753
0.00372184 -0.00750968 0.0982194
0.00368501 -0.00738579 0.0981628
0.00366069 -0.00728423 0.0981226
0.00363434 -0.00718696 0.09808
0.0035979 -0.00711281 0.0980369
0.00356072 -0.00705364 0.0980109
0.00352186 -0.00698689 0.097981
0.0034577 -0.00693821 0.0979446
0.00339905 -0.00687549 0.0979089
0.00334394 -0.00682305 0.0979042
0.00329132 -0.00677454 0.0979078
0.00324193 -0.00672317 0.0979288
0.00319506 -0.00667156 0.0979481
0.00314477 -0.0065992 0.0979765
0.00311283 -0.00652794 0.0980126
0.00308711 -0.00645766 0.0980384
0.00306906 -0.00638405 0.0980581
0.00304038 -0.00630441 0.0980826
0.00300648 -0.00621996 0.098117
0.00297038 -0.00613136 0.0981618
0.00293338 -0.00604892 0.098199
0.00290924 -0.00598585 0.0982428
0.0028736 -0.00591178 0.098285
0.00283048 -0.00584216 0.0983239
0.00280098 -0.00578905 0.0983625
0.00277325 -0.00573833 0.0983991
0.00275878 -0.00568724 0.098419
0.00274775 -0.00563652 0.0984447
0.00274179 -0.00560062 0.0984506
0.00275165 -0.00556557 0.0984583
0.00276297 -0.00552964 0.0984703
0.00276202 -0.00550799 0.0984868
0.00276718 -0.0054843 0.0984893
0.00276673 -0.00545091 0.0984908
0.00277908 -0.00544738 0.0984798
0.00281689 -0.00544944 0.0984649
0.00284312 -0.00545411 0.0984431
0.00287661 -0.00545873 0.0984214
0.00291116 -0.00546143 0.0983972
0.00293654 -0.00546938 0.0983486
0.00294146 -0.00548211 0.0982897
0.00295376 -0.00548917 0.0982511
0.00296017 -0.00550227 0.0982273
0.0029712 -0.00550972 0.0982138
0.00300477 -0.00550511 0.0982149
0.00303961 -0.00550767 0.0981973
0.00306299 -0.00550756 0.0981706
0.00310021 -0.00551648 0.0981437
0.00312811 -0.00551515 0.0981181
0.00314091 -0.00550319 0.0981107
0.00316732 -0.00549367 0.0981044
0.00319211 -0.00547655 0.0981144
0.0032077 -0.00545408 0.0981212
0.00321749 -0.0054353 0.0981138
0.00322778 -0.00542244 0.0981157
0.00323434 -0.0053966 0.0981124
0.00323101 -0.00538382 0.0981195
0.00323388 -0.00538279 0.0981221
0.0032331 -0.00539589 0.0981276
0.00325849 -0.00542564 0.0981383
0.00328144 -0.00545754 0.0981487
0.00329945 -0.00547829 0.0981584
0.00331573 -0.00549485 0.0981594
0.00333157 -0.0055131 0.0981659
0.00334764 -0.0055192 0.0981746
0.00336455 -0.00553619 0.0981775
0.00338925 -0.00554378 0.0981774
0.00342941 -0.00555582 0.0981906
0.00345881 -0.00557043 0.0982099
0.00348158 -0.0055748 0.098224
0.00351543 -0.00558945 0.0982303
0.00354674 -0.00560851 0.0982346
0.00358347 -0.00561878 0.0982472
0.00363144 -0.00562726 0.0982568
0.00366599 -0.00563548 0.0982584
0.00370508 -0.00564399 0.0982489
0.00373991 -0.00566181 0.0982322
0.00377589 -0.00568063 0.0982148
0.00381754 -0.00570704 0.0981933
0.0038544 -0.00573985 0.0981726
0.00389431 -0.00577165 0.0981383
0.00393084 -0.00580674 0.098104
0.00397533 -0.00583862 0.0980748
0.00401443 -0.00586015 0.0980566
0.00404381 -0.00587254 0.0980528
0.0040703 -0.00589506 0.0980473
0.00410192 -0.00592181 0.0980592
0.00413718 -0.00594925 0.0980691
0.00416751 -0.00597457 0.0980881
0.00418149 -0.00599371 0.0981039
0.00420607 -0.00601073 0.0980981
0.0042334 -0.00603451 0.0980781
0.00426383 -0.00606077 0.0980715
0.00429203 -0.00608533 0.0980718
0.00432034 -0.00610638 0.0980757
0.00433958 -0.00612945 0.0980921
0.00436943 -0.00614554 0.0981076
0.00440364 -0.00617348 0.0981009
0.00442899 -0.00620689 0.098087
0.00445737 -0.00622456 0.0980812
0.00448326 -0.00625791 0.098097
0.00451454 -0.0063038 0.0981114
0.0045584 -0.0063641 0.0981116
0.00459841 -0.00642271 0.0981148
0.00463532 -0.00648321 0.0981085
0.00466793 -0.00653916 0.0981073
0.00469993 -0.00658863 0.098108
0.00473167 -0.00663098 0.0981214
0.00475697 -0.00667229 0.0981366
0.00476816 -0.00671165 0.0981478
0.00478681 -0.00673787 0.0981545
0.00479277 -0.00677517 0.098174
0.00479163 -0.00680974 0.0982032
0.00479992 -0.00683959 0.098244
0.0048092 -0.00686466 0.0982754
0.00482788 -0.00689289 0.0982942
0.00484063 -0.00691707 0.0983028
0.0048459 -0.00694743 0.0983067
0.00485233 -0.0069656 0.098305
0.00486398 -0.00699176 0.0982839
0.00485893 -0.00702481 0.0982722
0.00487091 -0.00706144 0.0982686
0.00487324 -0.00710703 0.098258
0.00488681 -0.00714881 0.0982459
0.0049023 -0.00719684 0.0982396
0.00491193 -0.00723907 0.098243
0.00493149 -0.00729395 0.0982415
0.00495253 -0.00736055 0.0982231
0.00497487 -0.00741272 0.0981938
0.00499118 -0.00746425 0.0981633
0.00501139 -0.00752017 0.0981373
0.00502879 -0.00756776 0.0981333
0.00504369 -0.00759634 0.0981284
0.00505189 -0.00762279 0.0981036
0.00506114 -0.00764485 0.0980858
0.00506417 -0.00767466 0.0980896
0.00506083 -0.00770425 0.0980806
0.0050566 -0.00771897 0.0980796
0.00504454 -0.00773123 0.0980876
0.00504317 -0.00776219 0.0980951
0.00504662 -0.00778276 0.0980801
0.00505486 -0.00781863 0.0980768
0.00505695 -0.00785304 0.0980808
0.00506326 -0.00788715 0.0980914
0.00506494 -0.00793334 0.0981087
0.00507296 -0.00796639 0.0981056
0.00508 -0.00800422 0.09811
0.00507579 -0.00804809 0.098132
0.00507408 -0.00809258 0.0981512
0.00507481 -0.00812465 0.0981514
0.00508206 -0.00815921 0.0981505
0.00509246 -0.00819191 0.098166
0.00510963 -0.00822213 0.0981557
0.0051178 -0.00825026 0.0981562
0.00513117 -0.00827837 0.0981474
0.00516685 -0.00830187 0.0981447
0.00519634 -0.00829925 0.0981433
0.00522218 -0.00831336 0.0981314
0.00525744 -0.008331 0.0981204
0.0052831 -0.00833809 0.0981109
0.00530629 -0.00835115 0.0981104
0.00531757 -0.0083612 0.0981113
0.00532176 -0.00836656 0.0981
0.00532336 -0.0083748 0.0980929
0.00533566 -0.00839801 0.0981096
0.00535035 -0.00842441 0.0981235
0.00535532 -0.00844217 0.0981274
0.00536538 -0.00845849 0.0981226
0.00538626 -0.00847467 0.0981171
0.00540201 -0.00849137 0.0981137
0.00540909 -0.00851412 0.0981103
0.00540742 -0.00855343 0.098104
0.00540068 -0.00858858 0.0980793
0.00539154 -0.008619 0.0980527
0.00538441 -0.00863722 0.0980448
0.00539075 -0.00864657 0.0980474
0.00539283 -0.00866036 0.0980404
0.00539855 -0.0086589 0.0980455
0.00539525 -0.00865685 0.0980497
0.00539128 -0.00864681 0.0980539
0.00539243 -0.00864808 0.0980547
0.00539586 -0.00866186 0.0980519
0.00539173 -0.00868959 0.0980444
0.0053966 -0.00870599 0.0980491
0.00539807 -0.00871154 0.0980433
0.00539055 -0.00873861 0.0980446
0.00538367 -0.00875482 0.0980513
0.00538448 -0.00876744 0.0980454
0.00537686 -0.00876685 0.0980506
0.00537188 -0.00877457 0.0980558
0.00536792 -0.00879283 0.0980548
0.0053541 -0.00879281 0.0980542
0.00534309 -0.00881297 0.0980579
0.00532711 -0.00882589 0.0980753
0.00530754 -0.00883369 0.0980913
0.00529649 -0.00884388 0.098102
0.00528568 -0.00883575 0.0981305
0.00526576 -0.00884718 0.0981517
0.00524331 -0.00884616 0.0981898
0.00522382 -0.00884411 0.0982155
0.00520237 -0.00885296 0.0982218
0.00518923 -0.00884296 0.0982257
0.00517791 -0.0088355 0.098221
0.00515941 -0.00883539 0.0982295
0.0051344 -0.00883952 0.0982458
0.00512498 -0.00885494 0.0982507
0.00510991 -0.00886071 0.0982464
0.00509095 -0.00886092 0.0982375
0.00507984 -0.00886398 0.0982315
0.00507488 -0.00886494 0.0982076
0.00505383 -0.00887329 0.09819
0.00504383 -0.00888323 0.0981852
0.00501704 -0.00889214 0.0981802
0.00499875 -0.00889943 0.0981798
0.0049984 -0.00891579 0.0981681
0.00498667 -0.00893082 0.0981654
0.00497095 -0.00894787 0.0981534
0.00496666 -0.00896553 0.098151
0.0049445 -0.00897505 0.0981477
0.00493402 -0.00899934 0.0981453
0.0049329 -0.0090058 0.0981338
0.00490872 -0.00900322 0.0981319
0.00487265 -0.00900577 0.0981341
0.00485103 -0.00899431 0.0981236
0.00482491 -0.00898516 0.098104
0.00478793 -0.00899119 0.0980887
0.00475633 -0.00899685 0.0980798
0.00473132 -0.00900371 0.0980802
0.00470233 -0.00899781 0.0980901
0.00467762 -0.00901036 0.0981026
0.00466018 -0.00902498 0.0981171
0.00464235 -0.00904632 0.0981236
0.00462814 -0.00906339 0.0981295
0.00461028 -0.00907306 0.098135
0.0045802 -0.00909157 0.0981314
0.00456659 -0.00910147 0.0981357
0.0045592 -0.00912199 0.0981425
0.00453588 -0.00915142 0.0981292
0.00452077 -0.00917178 0.0981264
0.00450434 -0.00918452 0.0981323
0.00449351 -0.00917978 0.0981407
0.00448058 -0.00918119 0.0981517
0.00445935 -0.0092046 0.0981695
0.00444722 -0.00921477 0.0981748
0.00443419 -0.00922551 0.0981675
0.00441833 -0.00924058 0.0981632
0.00439772 -0.00926558 0.098158
0.00436397 -0.00927607 0.0981287
0.00434468 -0.00928801 0.0981106
0.00432562 -0.00930041 0.0980954
0.00431486 -0.00930867 0.0980819
0.00430367 -0.00933288 0.0980829
0.00429461 -0.00935669 0.0980886
0.00428885 -0.00938022 0.0980772
0.00427421 -0.00938973 0.0980677
0.00426442 -0.00940016 0.0980391
0.00425156 -0.00941897 0.0980183
0.00424236 -0.00943009 0.0980055
0.00423147 -0.00945891 0.0980065
0.00421791 -0.00947589 0.0980268
0.00421213 -0.0094724 0.0980451
0.0041991 -0.00947592 0.0980598
0.00418228 -0.00947837 0.0980514
0.00416966 -0.00949324 0.0980313
0.00415546 -0.00952808 0.0980195
0.00414116 -0.00955282 0.0980173
0.00411592 -0.00957946 0.0980394
0.00409249 -0.00958693 0.0980493
0.00407355 -0.00960462 0.098055
