%roll pitch yaw
0.00393768 -0.0170137 -0.0523987
0.00394211 -0.0170065 -0.0524218
0.00393219 -0.0169949 -0.0524341
0.00391961 -0.016991 -0.0524262
0.00391414 -0.0169938 -0.0524141
0.00391193 -0.016989 -0.0524093
0.00392728 -0.016988 -0.0524174
0.00394269 -0.0169822 -0.0524153
0.0039551 -0.0169849 -0.0524122
0.00397756 -0.0169642 -0.0524102
0.00400792 -0.0169497 -0.0524115
0.00404296 -0.0169493 -0.0524194
0.00408435 -0.0169469 -0.052437
0.00413548 -0.0169464 -0.0524547
0.00419749 -0.0169486 -0.0524553
0.00427762 -0.016954 -0.0524562
0.00435929 -0.0169707 -0.0524379
0.00445261 -0.01698 -0.0524138
0.00455776 -0.0169931 -0.052388
0.00467409 -0.0170018 -0.0523862
0.00480818 -0.017012 -0.0523865
0.00494142 -0.0170229 -0.0523941
0.00506524 -0.0170289 -0.052394
0.00519046 -0.0170415 -0.0523828
0.00532317 -0.0170516 -0.052371
0.00545293 -0.0170655 -0.052359
0.00558641 -0.0170744 -0.0523331
0.00571337 -0.0170809 -0.0523127
0.00582524 -0.0170931 -0.0522885
0.00591943 -0.0171098 -0.0522655
0.00600246 -0.0171124 -0.0522428
0.00607425 -0.017131 -0.0522172
0.00614006 -0.0171498 -0.0521894
0.00619093 -0.0171698 -0.0521615
0.00623947 -0.0171895 -0.0521482
0.00627826 -0.0172061 -0.0521412
0.00630156 -0.017219 -0.0521341
0.00631947 -0.017236 -0.052097
0.00634069 -0.0172444 -0.0520676
0.00635566 -0.0172577 -0.0520407
0.00636866 -0.0172575 -0.052013
0.0063886 -0.0172677 -0.0520002
0.00641167 -0.0172632 -0.0520071
0.00644385 -0.0172595 -0.0520246
0.00646721 -0.0172616 -0.0520447
0.00649845 -0.0172579 -0.0520556
0.00653399 -0.0172444 -0.0520606
0.00657788 -0.0172391 -0.0520949
0.00662682 -0.017241 -0.0521257
0.00667828 -0.0172531 -0.0521516
0.00673974 -0.0172579 -0.0521728
0.00682629 -0.0172623 -0.0522044
0.00691646 -0.0172534 -0.0522265
0.00699873 -0.0172573 -0.0522567
0.00707873 -0.0172568 -0.0522846
0.0071514 -0.0172563 -0.0523124
0.00721943 -0.0172623 -0.0523409
0.00726791 -0.0172721 -0.0523566
0.00729449 -0.0172704 -0.0523699
0.00730287 -0.0172804 -0.0523789
0.00731664 -0.0172863 -0.0523806
0.00732489 -0.0172956 -0.0523783
0.00732029 -0.017293 -0.0523769
0.00730675 -0.0172997 -0.0523941
0.00728457 -0.0173049 -0.0523899
0.00726174 -0.017301 -0.0523806
0.00723641 -0.0172914 -0.0523527
0.00720373 -0.0172839 -0.0523288
0.00718013 -0.0172723 -0.0522997
0.00715304 -0.017273 -0.0522688
0.00711368 -0.0172594 -0.0522328
0.0070868 -0.0172363 -0.0521878
0.00707175 -0.0172203 -0.052151
0.00706936 -0.0172035 -0.0521218
0.0070695 -0.0171939 -0.0521014
0.0070784 -0.0171759 -0.0520893
0.00709579 -0.0171648 -0.0520639
0.00711867 -0.0171622 -0.0520351
0.00715198 -0.0171492 -0.0520151
0.00720578 -0.0171312 -0.0520096
0.00726631 -0.0171113 -0.0520087
0.00733294 -0.0170966 -0.051997
0.00740696 -0.0170859 -0.0519902
0.00747612 -0.0170698 -0.0519919
0.00753896 -0.0170532 -0.0519894
0.00760032 -0.0170422 -0.0519984
0.00766813 -0.0170182 -0.0519937
0.00771857 -0.0170224 -0.0519759
0.00777321 -0.0170217 -0.0519484
0.00781362 -0.0170085 -0.0519472
0.00784524 -0.0169921 -0.0519451
0.0078812 -0.0169709 -0.0519264
0.00792145 -0.0169512 -0.0519164
0.00796106 -0.016946 -0.0519306
0.00800643 -0.016943 -0.0519551
0.00805504 -0.0169464 -0.0519748
0.00809715 -0.0169439 -0.0519834
0.00814514 -0.0169551 -0.0519835
0.00819214 -0.0169651 -0.051981
0.00824626 -0.0169686 -0.0519733
0.00829874 -0.0169618 -0.0519737
0.00835266 -0.0169548 -0.0519777
0.00841035 -0.0169354 -0.0519775
0.00845661 -0.0169076 -0.0519799
0.00850561 -0.0168837 -0.0519819
0.0085453 -0.0168731 -0.0519859
0.00859005 -0.0168523 -0.0519768
0.00863554 -0.0168252 -0.0519626
0.00868908 -0.0167921 -0.05195
0.00874748 -0.0167613 -0.0519511
0.00879985 -0.0167347 -0.0519485
0.00884104 -0.016702 -0.0519328
0.00888057 -0.0166729 -0.0519002
0.00892028 -0.0166494 -0.0518573
0.00895955 -0.0166258 -0.0518155
0.00900492 -0.0165962 -0.0517876
0.00904727 -0.0165563 -0.0517532
0.00909455 -0.0165263 -0.0517156
0.00914676 -0.0164979 -0.0516774
0.00921045 -0.0164542 -0.0516356
0.00927814 -0.0164191 -0.0516036
0.00934797 -0.0163777 -0.05158
0.00942651 -0.0163341 -0.0515514
0.00951053 -0.0162909 -0.0515208
0.00959294 -0.0162494 -0.0514883
0.00967668 -0.0162068 -0.0514714
0.00976707 -0.0161603 -0.0514543
0.00986402 -0.0161012 -0.0514469
0.009964 -0.0160438 -0.051446
0.0100677 -0.0159778 -0.0514472
0.0101631 -0.015928 -0.051445
0.0102671 -0.0158657 -0.051433
0.0103608 -0.0158128 -0.0514304
0.0104663 -0.0157576 -0.0514347
0.0105774 -0.0157163 -0.051442
0.0106966 -0.015683 -0.0514365
0.0108258 -0.0156642 -0.0514345
0.0109686 -0.0156337 -0.0514384
0.0111038 -0.0156123 -0.0514367
0.0112323 -0.0156022 -0.0514269
0.0113622 -0.0156069 -0.0514179
0.0114709 -0.0156135 -0.0513847
0.0115678 -0.0156086 -0.0513499
0.0116545 -0.0156189 -0.0513151
0.011716 -0.0156329 -0.0512688
0.0117534 -0.0156483 -0.0512379
0.0117743 -0.0156687 -0.0512031
0.0117693 -0.0156954 -0.0511739
0.0117213 -0.0157323 -0.0511344
0.011635 -0.015752 -0.0510847
0.0115021 -0.0157631 -0.0510334
0.011327 -0.0157899 -0.0509842
0.0111072 -0.0158082 -0.0509361
0.0108403 -0.0158271 -0.0508906
0.0105322 -0.01584 -0.0508465
0.0101866 -0.0158521 -0.050786
0.00979021 -0.0158782 -0.0507216
0.00934649 -0.0158873 -0.0506504
0.00885845 -0.0159181 -0.0505826
0.00832233 -0.0159363 -0.0505218
0.00773645 -0.0159587 -0.0504974
0.00711979 -0.0159834 -0.0504934
0.00647823 -0.0160072 -0.0505038
0.00583509 -0.0160466 -0.0505307
0.00518249 -0.0160934 -0.0505647
0.00452708 -0.0161263 -0.0506061
0.00388165 -0.0161675 -0.0506481
0.0032715 -0.0161902 -0.0507086
0.00271184 -0.0161935 -0.0508052
0.00219839 -0.0161788 -0.0509185
0.00173715 -0.016154 -0.0510485
0.001342 -0.0161272 -0.0511988
0.001011 -0.0160845 -0.0513674
0.000751335 -0.0160342 -0.0515568
0.000563953 -0.0159794 -0.0517888
0.000446427 -0.0158924 -0.0520283
0.000390011 -0.0157907 -0.0522786
0.000393615 -0.0156618 -0.052536
0.000439733 -0.0155134 -0.0528026
0.000527457 -0.0153628 -0.0530949
0.000653503 -0.0152073 -0.0534132
0.000803946 -0.0150989 -0.0537334
0.00100763 -0.0150374 -0.0540896
0.00125617 -0.0150135 -0.0544567
0.00158116 -0.0150173 -0.0548139
0.00197922 -0.0150407 -0.0551669
0.00244356 -0.0150819 -0.0554959
0.0029409 -0.0151641 -0.0557809
0.00344505 -0.0153002 -0.0560315
0.00392968 -0.0154707 -0.0562699
0.0043745 -0.0156507 -0.0564797
0.00476173 -0.0158421 -0.0566625
0.00504871 -0.0160404 -0.0567836
0.00523802 -0.0162461 -0.0568713
0.00532743 -0.0164819 -0.0569298
0.00529579 -0.0167219 -0.0569548
0.00517694 -0.0169559 -0.0569307
0.00495945 -0.0171738 -0.0568687
0.00464837 -0.0173545 -0.0567823
0.00425539 -0.0175389 -0.0566604
0.00378597 -0.0177053 -0.0564906
0.00326489 -0.0178506 -0.0562773
0.00271316 -0.0179818 -0.0560175
0.00213644 -0.0181003 -0.055734
0.00151613 -0.0182191 -0.0554126
0.000880401 -0.0183306 -0.0550691
0.000222417 -0.0184271 -0.0547148
-0.000437837 -0.0185233 -0.0543574
-0.00109327 -0.0186148 -0.0540074
-0.00170876 -0.0186966 -0.0536694
-0.00228852 -0.0187697 -0.053362
-0.00283436 -0.0188479 -0.0530842
-0.00332238 -0.0189263 -0.0528424
-0.00373696 -0.0190101 -0.0525983
-0.00405967 -0.0190931 -0.0523816
-0.00429525 -0.019189 -0.0521918
-0.0044524 -0.0193072 -0.0520234
-0.00453525 -0.0194426 -0.051863
-0.00454292 -0.0195679 -0.0517214
-0.00446786 -0.0196869 -0.0515987
-0.00434034 -0.019819 -0.0514961
-0.00417975 -0.0199651 -0.0514174
-0.00396902 -0.020117 -0.0513605
-0.00374094 -0.0202639 -0.0513285
-0.00350398 -0.0204092 -0.0512912
-0.0032707 -0.0205622 -0.0512783
-0.00305174 -0.0207108 -0.051286
-0.0028598 -0.0208732 -0.0512857
-0.00270728 -0.0210207 -0.0512863
-0.00259802 -0.0211565 -0.0512858
-0.00253496 -0.0212805 -0.0512901
-0.00252211 -0.0213946 -0.0512905
-0.00257201 -0.0214873 -0.0512963
-0.00269315 -0.0215673 -0.051301
-0.00287767 -0.0216244 -0.0512983
-0.00311918 -0.0216826 -0.0513075
-0.00341653 -0.0217061 -0.0513131
-0.00375547 -0.021701 -0.051319
-0.00414067 -0.0216597 -0.0513583
-0.00457872 -0.0215913 -0.05139
-0.00507024 -0.021491 -0.0514482
-0.00559933 -0.0213529 -0.051534
-0.00616131 -0.0212235 -0.051635
-0.00676447 -0.0211088 -0.0517281
-0.00739991 -0.0210114 -0.0518261
-0.00803302 -0.020938 -0.0519436
-0.00866416 -0.0208874 -0.0520668
-0.00928062 -0.0208451 -0.0521975
-0.00987834 -0.0208157 -0.052321
-0.0104741 -0.0207838 -0.0524315
-0.0110507 -0.0207477 -0.0525544
-0.0116058 -0.0207136 -0.0526796
-0.0121391 -0.020708 -0.0527893
-0.012646 -0.0207037 -0.0529027
-0.0131241 -0.0206871 -0.0530481
-0.0135764 -0.0206788 -0.053214
-0.0140105 -0.02066 -0.0534002
-0.0144134 -0.0206361 -0.0535847
-0.0147696 -0.0206025 -0.0537583
-0.015077 -0.0205491 -0.0539283
-0.0153477 -0.0204804 -0.0540978
-0.0155767 -0.0203915 -0.0542733
-0.0157565 -0.02027 -0.0544575
-0.01591 -0.0201135 -0.0546442
-0.0160529 -0.0199424 -0.0548235
-0.0161876 -0.019775 -0.0549973
-0.0163171 -0.0195956 -0.0551741
-0.016441 -0.019408 -0.0553559
-0.0165788 -0.0192267 -0.0555244
-0.0167241 -0.0190617 -0.0556771
-0.016887 -0.018911 -0.055806
-0.0170622 -0.0187804 -0.0559294
-0.0172425 -0.0186434 -0.0560392
-0.0174357 -0.0185205 -0.0561266
-0.0176438 -0.0183978 -0.0562058
-0.0178547 -0.0182871 -0.0562731
-0.0180961 -0.0181904 -0.0563411
-0.0183875 -0.0180936 -0.0563725
-0.0187301 -0.0179953 -0.0564088
-0.0191359 -0.0179089 -0.0564433
-0.0196023 -0.0178328 -0.0564783
-0.0201054 -0.017767 -0.056529
-0.0206412 -0.0177064 -0.0565756
-0.0211864 -0.0176364 -0.0566347
-0.0217333 -0.0175489 -0.0566991
-0.0222554 -0.0174399 -0.0567653
-0.0227471 -0.0173587 -0.0568216
-0.0232017 -0.0172881 -0.0568828
-0.0236286 -0.0172194 -0.0569366
-0.0240334 -0.0171691 -0.0569797
-0.0244416 -0.0171265 -0.0570095
-0.0248698 -0.0171074 -0.0570316
-0.0253381 -0.0170592 -0.0570385
-0.0258272 -0.017023 -0.0570572
-0.0263244 -0.0169929 -0.0570961
-0.0268018 -0.016969 -0.0571674
-0.0272467 -0.0169584 -0.0572836
-0.0276456 -0.0169727 -0.0574058
-0.0279891 -0.0170261 -0.0575155
-0.0283007 -0.0171057 -0.0576153
-0.0285996 -0.0171859 -0.0577183
-0.0289089 -0.0172842 -0.0577917
-0.029232 -0.0173852 -0.0578413
-0.0295531 -0.0174952 -0.0578642
-0.0298498 -0.0175887 -0.0578754
-0.0301052 -0.017685 -0.0578891
-0.0303188 -0.0177777 -0.0578898
-0.0304786 -0.0178582 -0.0578772
-0.0305816 -0.0179208 -0.0578668
-0.0306185 -0.0179621 -0.0578428
-0.0305785 -0.0179897 -0.0578216
-0.0304562 -0.0179754 -0.0577989
-0.0302479 -0.0179323 -0.0578103
-0.0299322 -0.0178647 -0.0578531
-0.0295199 -0.0177777 -0.0579172
-0.0289964 -0.0176658 -0.0579535
-0.0283718 -0.0175367 -0.0579704
-0.027639 -0.0173782 -0.0579957
-0.026798 -0.0172251 -0.0580172
-0.0258644 -0.01707 -0.0580256
-0.0248351 -0.0169058 -0.058051
-0.0236999 -0.0167373 -0.0580956
-0.0224571 -0.0165619 -0.0581278
-0.0211221 -0.0163681 -0.0581856
-0.0197134 -0.0161908 -0.058251
-0.0182549 -0.0160321 -0.0582846
-0.0167747 -0.0158986 -0.0582792
-0.0153135 -0.0157849 -0.0582414
-0.0138869 -0.0156758 -0.0581488
-0.0125319 -0.0155906 -0.0580236
-0.0112741 -0.0155279 -0.0578685
-0.0101017 -0.0154838 -0.0576775
-0.00902753 -0.0154591 -0.0574411
-0.00803994 -0.0154512 -0.0571712
-0.00715246 -0.0154579 -0.0568641
-0.00621274 -0.0154686 -0.0565272
-0.00535425 -0.0155023 -0.056145
-0.00458682 -0.0155216 -0.0557147
-0.00392867 -0.0155305 -0.0552384
-0.00340878 -0.0155666 -0.0547504
-0.00300703 -0.0156234 -0.0542294
-0.00272877 -0.015672 -0.0536746
-0.00255912 -0.0157085 -0.0531137
-0.00247478 -0.0157187 -0.0525638
-0.00245263 -0.0157446 -0.051998
-0.00250038 -0.0158034 -0.0514284
-0.00259989 -0.0159064 -0.0508633
-0.00276344 -0.0160724 -0.0503022
-0.00295112 -0.0163096 -0.0497714
-0.00309073 -0.0166276 -0.0492806
-0.00318664 -0.01702 -0.0488238
-0.00325603 -0.0174672 -0.0484218
-0.00328665 -0.0179764 -0.0480438
-0.00328692 -0.0185329 -0.0477048
-0.00326937 -0.0191324 -0.0474213
-0.00324402 -0.0197711 -0.0472154
-0.00323244 -0.0204274 -0.0470964
-0.00322413 -0.0211278 -0.0470411
-0.00316344 -0.0218639 -0.0470427
-0.00304096 -0.022634 -0.0471035
-0.00284232 -0.0234395 -0.0472433
-0.00255884 -0.0242381 -0.0474407
-0.00220988 -0.0250098 -0.0476882
-0.00181313 -0.0257433 -0.0479865
-0.00139207 -0.0264294 -0.0483224
-0.000954714 -0.0270663 -0.0486844
-0.000490452 -0.0276435 -0.0490749
-0.0001379 -0.0281552 -0.049499
0.000382523 -0.0285938 -0.0499687
0.000936238 -0.0290035 -0.0504783
0.00151086 -0.0293694 -0.0510069
0.00209597 -0.029714 -0.0515577
0.00267004 -0.0300418 -0.0521093
0.00320343 -0.0303311 -0.0526672
0.00371424 -0.0306004 -0.0532158
0.00419987 -0.0308609 -0.0537282
0.00463933 -0.0311123 -0.0542275
0.00502466 -0.0313631 -0.0547103
0.00538493 -0.0316353 -0.0551737
0.005725 -0.0319142 -0.0555991
0.00604435 -0.0321737 -0.0559983
0.00630779 -0.0323975 -0.0563598
0.00652843 -0.0326408 -0.0566647
0.0067066 -0.0328971 -0.0569393
0.00685971 -0.0331836 -0.0571744
0.00699247 -0.0335076 -0.0573681
0.00709607 -0.0338532 -0.0575221
0.00718073 -0.0341994 -0.0576313
0.0072582 -0.034549 -0.0577046
0.0073306 -0.034915 -0.0577479
0.00740339 -0.0352883 -0.0577581
0.00748502 -0.0356633 -0.0577639
0.0075965 -0.036034 -0.0577384
0.00773694 -0.0364049 -0.0576859
0.00790887 -0.036784 -0.0576071
0.00810695 -0.0371786 -0.0575142
0.00835718 -0.0375588 -0.0574271
0.00865365 -0.0379112 -0.0572921
0.00898877 -0.0382515 -0.0571382
0.00936823 -0.0385441 -0.0569616
0.00978902 -0.0388075 -0.0567665
0.010246 -0.0390291 -0.0565526
0.0107337 -0.0392104 -0.0563399
0.0112617 -0.0393624 -0.0560995
0.0118283 -0.0394798 -0.0558571
0.0124226 -0.039623 -0.0556146
0.0130604 -0.0397847 -0.0553772
0.013698 -0.0399384 -0.0551264
0.0143395 -0.0400807 -0.0548758
0.0150015 -0.0402572 -0.054647
0.0156822 -0.0404567 -0.054427
0.0163321 -0.0406415 -0.0542049
0.0169747 -0.0408378 -0.0539822
0.0176131 -0.0410694 -0.0537589
0.0182206 -0.0412819 -0.0535215
0.0188324 -0.0414941 -0.0532922
0.019415 -0.0417261 -0.0530613
0.0199783 -0.0419739 -0.0528486
0.0205373 -0.0421927 -0.0526286
0.0210818 -0.0424036 -0.0524063
0.0216369 -0.0426019 -0.0521801
0.0221589 -0.0427838 -0.0519745
0.0226786 -0.0429221 -0.0517583
0.0231931 -0.0430367 -0.0515391
0.023686 -0.0431253 -0.0513177
0.0241651 -0.0431768 -0.0511024
0.0246026 -0.0431894 -0.0509021
0.0250281 -0.0431495 -0.0507034
0.025454 -0.0430981 -0.0505054
0.0258738 -0.0430318 -0.050328
0.0262797 -0.0429341 -0.0501775
0.0266875 -0.0427974 -0.0500606
0.0270913 -0.0426439 -0.0499655
0.0274896 -0.0425258 -0.0498876
0.027898 -0.0424022 -0.0498122
0.0283366 -0.0422586 -0.049758
0.0287808 -0.0421244 -0.0497212
0.0292526 -0.0420109 -0.0496982
0.0297571 -0.0419434 -0.0496997
0.0302671 -0.0418855 -0.0497115
0.0307788 -0.041821 -0.0497259
0.0312895 -0.041795 -0.0497516
0.0317977 -0.0417785 -0.0497945
0.0323066 -0.0417278 -0.0498379
0.0328118 -0.0416826 -0.0498739
0.0333207 -0.0417202 -0.0499117
0.0338406 -0.0418355 -0.0499475
0.0344151 -0.0420047 -0.049984
0.0350351 -0.0422209 -0.050031
0.035679 -0.0425073 -0.0501103
0.0363611 -0.0428229 -0.0501893
0.0370572 -0.0431606 -0.0502937
0.0377886 -0.0435205 -0.0504242
0.0385325 -0.0438574 -0.0505842
0.0392878 -0.0441723 -0.0507573
0.0400694 -0.0444578 -0.0509348
0.0408672 -0.044748 -0.051118
0.0416514 -0.0450198 -0.0513116
0.042424 -0.0452693 -0.0514913
0.0431854 -0.0455099 -0.0516724
0.0439494 -0.0457368 -0.0518391
0.0447183 -0.0459486 -0.051994
0.0454853 -0.0461338 -0.0521502
0.0462461 -0.0463128 -0.0523063
0.0469715 -0.0464912 -0.0524623
0.0476467 -0.0466818 -0.0526288
0.0482522 -0.0468666 -0.0528057
0.0487648 -0.0470477 -0.052978
0.0491721 -0.0472253 -0.0531291
0.0494673 -0.0474097 -0.0532483
0.0496654 -0.0475975 -0.0533287
0.0497703 -0.0478006 -0.0533944
0.0497905 -0.0480102 -0.053413
0.0497293 -0.048244 -0.0533976
0.0495854 -0.0485013 -0.0533414
0.0493384 -0.0487645 -0.0532811
0.0490066 -0.0490367 -0.0532031
0.048588 -0.04931 -0.0530933
0.0480858 -0.049581 -0.0529553
0.047478 -0.0498517 -0.0527974
0.046771 -0.0501022 -0.0526548
0.0459501 -0.0503433 -0.0524997
0.0450271 -0.0505735 -0.052351
0.0440325 -0.0507909 -0.0521941
0.0429504 -0.0510117 -0.052038
0.0418263 -0.0512185 -0.0518736
0.0406906 -0.0514179 -0.0517106
0.0395517 -0.0516245 -0.0515643
0.0384307 -0.0518437 -0.0514482
0.0373375 -0.0520956 -0.0513762
0.0362775 -0.0523389 -0.0513393
0.0352469 -0.0525746 -0.0513349
0.0342381 -0.0528117 -0.0513689
0.0331573 -0.0530289 -0.0514251
0.0321015 -0.0532231 -0.0515149
0.0310986 -0.0533969 -0.0516494
0.0301397 -0.0535485 -0.0518193
0.0292338 -0.053672 -0.0520296
0.0283773 -0.0537653 -0.0522853
0.0275607 -0.0538511 -0.0525871
0.0268078 -0.0539437 -0.0529524
0.0261184 -0.0540374 -0.053366
0.0254782 -0.0541346 -0.0538575
0.0248892 -0.0542487 -0.054424
0.0243597 -0.0543832 -0.0550449
0.024031 -0.0545532 -0.0557239
0.0237753 -0.0547452 -0.056468
0.0236009 -0.0549635 -0.0572719
0.023487 -0.0551789 -0.0581262
0.0234259 -0.0553821 -0.0590429
0.0234395 -0.0555681 -0.0599924
0.0235326 -0.0557439 -0.0609544
0.0236977 -0.0559299 -0.0619304
0.0236922 -0.0560681 -0.0629196
0.0237217 -0.0562534 -0.0639138
0.0237893 -0.0565076 -0.0649063
0.0238917 -0.0568644 -0.0658623
0.0240475 -0.0573301 -0.0667845
0.0244733 -0.0579304 -0.0676604
0.0249359 -0.0586136 -0.0684728
0.0254096 -0.0593779 -0.0691924
0.0258737 -0.0602205 -0.0698174
0.0263014 -0.0611571 -0.070349
0.0264358 -0.0620991 -0.0707735
0.0265199 -0.0631041 -0.0710881
0.0265681 -0.0641557 -0.0713025
0.0265862 -0.0652593 -0.0714003
0.0265694 -0.0664316 -0.071403
0.026558 -0.0676407 -0.0713025
0.0267564 -0.0688221 -0.0710968
0.0269527 -0.0699539 -0.0707946
0.0271375 -0.0709672 -0.0703982
0.0273166 -0.0718776 -0.0699264
0.0274626 -0.0726966 -0.0693472
0.0275604 -0.0734359 -0.0687069
0.0276229 -0.0740876 -0.0680094
0.0276486 -0.074638 -0.067255
0.0276454 -0.075098 -0.066434
0.0274497 -0.0755247 -0.0655569
0.0272751 -0.0758828 -0.0646589
0.0270996 -0.0761862 -0.0637435
0.026928 -0.0764389 -0.0627891
0.0267836 -0.0766003 -0.0618002
0.0266436 -0.0766838 -0.060767
0.0265177 -0.076709 -0.0597146
0.0263813 -0.0766756 -0.0586516
0.0262315 -0.0765892 -0.0575835
0.0260589 -0.0764783 -0.0565148
0.0258613 -0.0763747 -0.0554623
0.0256497 -0.0762813 -0.0544366
0.0254388 -0.0762082 -0.0534275
0.0252071 -0.0761572 -0.0524529
0.0249998 -0.0761209 -0.0514927
0.0248046 -0.0761174 -0.0505597
0.0246175 -0.076151 -0.0496563
0.0244644 -0.0762365 -0.0488034
0.0243311 -0.0763582 -0.0480191
0.0242334 -0.0765127 -0.0473
0.024154 -0.0766709 -0.0466327
0.0240877 -0.0768477 -0.0460217
0.0240173 -0.0770241 -0.0454596
0.0239624 -0.0772294 -0.0449698
0.0239157 -0.0774889 -0.0445637
0.0238707 -0.0778138 -0.0442275
0.0238435 -0.0781702 -0.0439861
0.0238494 -0.0785895 -0.0438078
0.0238739 -0.0790477 -0.0437063
0.0239211 -0.0795249 -0.043683
0.0239639 -0.0799897 -0.0437064
0.0240027 -0.0804788 -0.0437764
0.0240331 -0.0809545 -0.0438837
0.0240672 -0.0814547 -0.0440284
0.0240899 -0.0819349 -0.0441951
0.0240944 -0.0824598 -0.0443945
0.0240723 -0.0829869 -0.044638
0.0240327 -0.0835159 -0.0449043
0.0239614 -0.0839996 -0.0451784
0.0238498 -0.0844597 -0.0454671
0.0237089 -0.0849008 -0.0457726
0.0235263 -0.0853063 -0.0460812
0.0233228 -0.0856818 -0.0463983
0.0231056 -0.0859907 -0.0467324
0.022863 -0.0862563 -0.0470614
0.0226114 -0.0864559 -0.0474024
0.0223404 -0.0866084 -0.0477613
0.0220668 -0.0866869 -0.048118
0.0217736 -0.0867155 -0.0484786
0.0214485 -0.0866884 -0.0488548
0.0211195 -0.0866309 -0.0492291
0.0207739 -0.086532 -0.0496038
0.0204357 -0.086409 -0.0499941
0.0201391 -0.0862765 -0.0503835
0.0198979 -0.0861448 -0.0507954
0.0197064 -0.0860295 -0.051189
0.0195696 -0.0859919 -0.0515444
0.0194487 -0.086087 -0.0518574
0.0193256 -0.0863471 -0.0521039
0.0191697 -0.086794 -0.0522868
0.0189069 -0.0873891 -0.0523833
0.0185014 -0.0880745 -0.0524038
0.017935 -0.0887939 -0.0523357
0.0172123 -0.0895283 -0.0521734
0.0163527 -0.0902521 -0.0519122
0.0153542 -0.0909444 -0.0515552
0.0142431 -0.0915875 -0.0511059
0.0130572 -0.092153 -0.0505794
0.0118023 -0.0926286 -0.0499871
0.0104756 -0.0930029 -0.049346
0.00907806 -0.0932667 -0.0486385
0.00763152 -0.0934276 -0.0478605
0.00615313 -0.0934843 -0.0470308
0.00466716 -0.0934525 -0.0461569
0.00320558 -0.0933127 -0.0452351
0.00174924 -0.093113 -0.0442877
0.000294487 -0.0928934 -0.0433097
-0.0011533 -0.0926725 -0.0423312
-0.00258335 -0.0924621 -0.0413749
-0.00397617 -0.0923047 -0.0404592
-0.00531445 -0.092199 -0.0395612
-0.00659445 -0.0921595 -0.0386832
-0.00781479 -0.0922249 -0.0378347
-0.00897955 -0.0924055 -0.0370124
-0.0100664 -0.0927015 -0.0362287
-0.0110445 -0.0931209 -0.0355039
-0.0118984 -0.0936634 -0.0348229
-0.0127423 -0.0942359 -0.0341851
-0.013489 -0.0949239 -0.0335957
-0.0141691 -0.0957254 -0.0330499
-0.0147657 -0.0966283 -0.0325504
-0.0152744 -0.0975931 -0.0320955
-0.0156935 -0.0986229 -0.0316897
-0.0159503 -0.0997022 -0.0313486
-0.0161567 -0.100771 -0.0310579
-0.0163213 -0.101807 -0.0308506
-0.016431 -0.102793 -0.0307214
-0.0165021 -0.103694 -0.0306592
-0.0165182 -0.104481 -0.0306711
-0.0164828 -0.105146 -0.0307604
-0.0163822 -0.105691 -0.0309385
-0.016217 -0.106131 -0.0311918
-0.015978 -0.106444 -0.031503
-0.0156545 -0.106643 -0.0318369
-0.0153543 -0.10678 -0.0321949
-0.0149474 -0.106804 -0.0325876
-0.0144434 -0.106738 -0.033013
-0.013868 -0.106602 -0.033448
-0.0132125 -0.106437 -0.0338824
-0.0125045 -0.106266 -0.0343224
-0.0117401 -0.106122 -0.0347538
-0.0108175 -0.106032 -0.0351682
-0.00987966 -0.105987 -0.0355602
-0.00892636 -0.105995 -0.0359264
-0.00797623 -0.106047 -0.0362899
-0.00704594 -0.106143 -0.0366384
-0.00614747 -0.106303 -0.0369524
-0.00527785 -0.106536 -0.0372331
-0.00442702 -0.106828 -0.0374971
-0.0036141 -0.107171 -0.0377166
-0.0028551 -0.107539 -0.0378908
-0.00215908 -0.107912 -0.0380071
-0.00154827 -0.108334 -0.0380598
-0.00103369 -0.108805 -0.038049
-0.000624441 -0.109306 -0.0379679
-0.000323908 -0.109809 -0.0377951
-0.000145746 -0.11032 -0.0375331
4.09576e-06 -0.110941 -0.0371869
3.06765e-06 -0.111521 -0.0367411
-0.000107925 -0.112108 -0.0361956
-0.000323561 -0.112701 -0.0355594
-0.000660399 -0.113238 -0.0348191
-0.00110703 -0.1138 -0.033967
-0.001594 -0.114435 -0.0330104
-0.00212065 -0.115122 -0.0319475
-0.00267474 -0.115848 -0.0308053
-0.0031904 -0.116625 -0.0296056
-0.00376766 -0.11744 -0.0283602
-0.00429658 -0.118313 -0.0270764
-0.00479266 -0.119273 -0.025785
-0.00525957 -0.120342 -0.0245114
-0.00572339 -0.121492 -0.0232551
-0.00618355 -0.122716 -0.022042
-0.00663018 -0.124009 -0.020878
-0.00705769 -0.12535 -0.0197785
-0.00745644 -0.126708 -0.0187541
-0.00779126 -0.12802 -0.0178217
-0.00803697 -0.129265 -0.0170079
-0.00818597 -0.1304 -0.0162981
-0.00824694 -0.13142 -0.015734
-0.00821187 -0.132292 -0.0153206
-0.00808927 -0.133009 -0.0150609
-0.00787472 -0.133509 -0.0149435
-0.00745626 -0.134028 -0.0149694
-0.00698959 -0.134329 -0.0151377
-0.00650381 -0.134405 -0.0154363
-0.00596843 -0.134282 -0.0158491
-0.00541322 -0.133953 -0.0163668
-0.00487463 -0.133434 -0.017001
-0.00435723 -0.132764 -0.017734
-0.00384883 -0.131978 -0.0185438
-0.00334904 -0.131087 -0.0193979
-0.00287216 -0.130079 -0.0202928
-0.00242102 -0.128964 -0.0212202
-0.00198228 -0.127796 -0.0221387
-0.00155065 -0.126592 -0.0230555
-0.00117354 -0.125347 -0.0239519
-0.000878472 -0.124058 -0.0248127
-0.000667243 -0.122756 -0.0256312
-0.00056691 -0.121483 -0.026407
-0.000556343 -0.120282 -0.0271362
-0.000665389 -0.119155 -0.0278105
-0.000893618 -0.118093 -0.0284195
-0.00123475 -0.117069 -0.0289728
-0.00164987 -0.116062 -0.0294594
-0.00210458 -0.11507 -0.0298934
-0.00258332 -0.114121 -0.0302846
-0.00309622 -0.113232 -0.030627
-0.00360546 -0.112393 -0.0309213
-0.00408278 -0.11161 -0.0311725
-0.00452654 -0.110886 -0.0314028
-0.004945 -0.110214 -0.031628
-0.00532482 -0.109604 -0.0318165
-0.00563588 -0.109073 -0.032
-0.00585081 -0.108634 -0.032204
-0.00595785 -0.108307 -0.0324187
-0.00597478 -0.108099 -0.0326493
-0.00590465 -0.107964 -0.032893
-0.00575942 -0.107853 -0.0331471
-0.00550853 -0.107824 -0.0334
-0.00512367 -0.107866 -0.0336686
-0.00466089 -0.107886 -0.0339708
-0.00413289 -0.107934 -0.0343133
-0.00353689 -0.10804 -0.0346674
-0.0028598 -0.108107 -0.0350122
-0.00214987 -0.108146 -0.0353577
-0.00141659 -0.108179 -0.0357085
-0.000665004 -0.108165 -0.0360526
8.37728e-05 -0.108069 -0.0363673
0.000810528 -0.107931 -0.0366637
0.00151459 -0.107796 -0.0369291
0.00216938 -0.1076 -0.0371776
0.00278255 -0.107315 -0.0373953
0.00333765 -0.106945 -0.037559
0.00385194 -0.106492 -0.0376995
0.004302 -0.105969 -0.0378188
0.0046688 -0.105326 -0.0379113
0.00501799 -0.104571 -0.0380006
0.00530932 -0.103721 -0.038078
0.00556332 -0.102801 -0.0381434
0.00578707 -0.101803 -0.0381912
0.00598527 -0.100706 -0.0382472
0.00617078 -0.0995418 -0.0383015
0.00632096 -0.0983147 -0.0383546
0.00643315 -0.0969786 -0.0384043
0.00653881 -0.0955595 -0.0384383
0.00658636 -0.094091 -0.0384786
0.00659041 -0.0926676 -0.0385422
0.0066499 -0.0912751 -0.0386241
0.00678959 -0.0899697 -0.038735
0.00706529 -0.0888004 -0.038881
0.00750327 -0.0878339 -0.0390627
0.00809789 -0.0870171 -0.0392794
0.00884648 -0.086261 -0.0395386
0.00970203 -0.0855039 -0.0398394
0.0106084 -0.084703 -0.0401681
0.0116077 -0.0838775 -0.0405063
0.0126782 -0.0830699 -0.0408633
0.0138029 -0.0822754 -0.0412795
0.0149479 -0.0814757 -0.0417094
0.0161289 -0.0806086 -0.0421519
0.0173696 -0.0796965 -0.0426059
0.0186238 -0.0787325 -0.0430795
0.0198809 -0.0777034 -0.0435735
0.0211569 -0.0765875 -0.0440769
0.0224347 -0.0753897 -0.0445778
0.0236902 -0.0741205 -0.0450709
0.0249051 -0.0727974 -0.0455435
0.0260705 -0.0714326 -0.0459799
0.0271915 -0.0700669 -0.0463893
0.028364 -0.0686588 -0.0467786
0.0294599 -0.0672812 -0.0471614
0.0304658 -0.0659745 -0.0474891
0.0313892 -0.0647335 -0.0477902
0.0322176 -0.0635801 -0.0480414
0.0329396 -0.0625164 -0.0482455
0.0335691 -0.061534 -0.0484064
0.0341122 -0.0606253 -0.0485193
0.0345646 -0.0597939 -0.0486124
0.0349402 -0.0590384 -0.048689
0.0352352 -0.0583492 -0.0487396
0.035452 -0.0576958 -0.048779
0.0355938 -0.0570504 -0.0488003
0.0356526 -0.056408 -0.0487938
0.0356322 -0.0557389 -0.0487497
0.0355472 -0.0550211 -0.0486875
0.0353938 -0.0542563 -0.0485936
0.0351797 -0.0534096 -0.0484734
0.0349117 -0.0524722 -0.0483216
0.0345989 -0.0514587 -0.0481696
0.0342185 -0.0503805 -0.0480122
0.0337644 -0.0492546 -0.0478496
0.0332121 -0.0480821 -0.0476632
0.032554 -0.0468863 -0.0474432
0.031788 -0.0456752 -0.0471918
0.0309109 -0.0444843 -0.046895
0.0299229 -0.0433259 -0.0465775
0.0288599 -0.0422102 -0.0462483
0.027744 -0.0411421 -0.0459038
0.0265875 -0.0401414 -0.045575
0.0253839 -0.0392027 -0.0452572
0.0241503 -0.038307 -0.0449494
0.0229248 -0.0374593 -0.0446654
0.0216406 -0.0366823 -0.0444298
0.0204156 -0.0359383 -0.0442517
0.0192499 -0.035225 -0.044123
0.0181104 -0.0345065 -0.0440401
0.0170415 -0.0337856 -0.0440158
0.0160504 -0.0330485 -0.0440505
0.0151843 -0.0322949 -0.0441582
0.0144695 -0.0314776 -0.0443343
0.0139178 -0.0306113 -0.044584
0.0137392 -0.0297547 -0.0449078
0.0137462 -0.0288721 -0.045303
0.0139341 -0.0279762 -0.0457598
0.0142603 -0.0270688 -0.0462984
0.0144996 -0.0260775 -0.0468769
0.0148459 -0.025156 -0.0474923
0.0152751 -0.024306 -0.0481345
0.0157877 -0.0235745 -0.0487926
0.0163055 -0.0229603 -0.049441
0.0168171 -0.0224512 -0.0500588
0.0173096 -0.0220449 -0.0506461
0.0177412 -0.0217524 -0.0511647
0.0181076 -0.0215471 -0.0515989
0.0184459 -0.021422 -0.0519494
0.0187354 -0.0213678 -0.0522158
0.019011 -0.0213832 -0.0523874
0.0192741 -0.0214627 -0.0524585
0.0194895 -0.0215739 -0.052422
0.0196468 -0.0216948 -0.052275
0.0197356 -0.0217934 -0.0520253
0.0197433 -0.0218612 -0.0516704
0.0196586 -0.0218598 -0.0512205
0.0194861 -0.021797 -0.050703
0.0192715 -0.0216452 -0.0501133
0.0190304 -0.021413 -0.0494745
0.0189613 -0.0210916 -0.048805
0.0189038 -0.020663 -0.0480793
0.0188357 -0.02014 -0.0473007
0.0187686 -0.0195249 -0.0465087
0.0185554 -0.0188352 -0.0456856
0.0183507 -0.0180825 -0.0448277
0.0181451 -0.0172703 -0.0439636
0.0179495 -0.0164121 -0.0430853
0.0177722 -0.01552 -0.0422193
0.0176216 -0.0145847 -0.0413705
0.0174954 -0.0136078 -0.0405521
0.0173976 -0.0125952 -0.0397583
0.0173202 -0.0115611 -0.0390058
0.0172712 -0.0105451 -0.0382799
0.0172692 -0.00952584 -0.0375776
0.0173189 -0.00854038 -0.0368988
0.0174136 -0.00757881 -0.0362771
0.0175511 -0.00665376 -0.0357108
0.0177323 -0.00575147 -0.0352173
0.0179274 -0.00487666 -0.0347702
0.0181151 -0.00406205 -0.0343829
0.0183009 -0.00331072 -0.0340551
0.0184725 -0.00262092 -0.0337915
0.0186356 -0.00199607 -0.033599
0.0187994 -0.0014325 -0.0334729
0.0189694 -0.00092775 -0.0334077
0.0191521 -0.000480191 -0.0333879
0.0193522 -5.70465e-05 -0.0334053
0.0195626 0.000342211 -0.0334608
0.0197622 0.000723779 -0.0335574
0.0199343 0.00106702 -0.0336775
0.020054 0.00138516 -0.0338131
0.0201249 0.00168938 -0.033955
0.0201314 0.00195239 -0.0341222
0.0200545 0.00218801 -0.0342975
0.0199083 0.00238623 -0.0344812
0.0197215 0.00257099 -0.0346701
0.019493 0.00273838 -0.0348649
0.0192316 0.00287866 -0.035047
0.0189419 0.00302339 -0.0352173
0.0186486 0.00317387 -0.0353606
0.0183524 0.00330158 -0.0354856
0.0180445 0.0034152 -0.0355994
0.0177396 0.00349611 -0.0357018
0.0174402 0.00357034 -0.0357865
0.0171491 0.00364649 -0.0358581
0.0168503 0.00370764 -0.0359031
0.0165443 0.00377329 -0.0359348
0.0162629 0.00385043 -0.0359479
0.0160049 0.0039406 -0.0359673
0.0157744 0.00401876 -0.0359816
0.0155733 0.00411002 -0.0360079
0.0154286 0.00425358 -0.0360165
0.0153157 0.00440908 -0.0360304
0.0152431 0.00460318 -0.0360349
0.0151938 0.00481756 -0.0360192
0.0151798 0.00507745 -0.0359968
0.0151715 0.00535856 -0.0359698
0.0151779 0.00565146 -0.0359366
0.0151841 0.00597343 -0.0358988
0.015177 0.00632948 -0.0358508
0.0151627 0.00669508 -0.0357709
0.0151187 0.00706511 -0.0356937
0.0150537 0.00743673 -0.0356277
0.0149879 0.00779995 -0.0355604
0.01492 0.00815738 -0.0354962
0.0148437 0.00848909 -0.0354459
0.0147513 0.00880074 -0.0353706
0.0146195 0.00908428 -0.035293
0.0144605 0.00933304 -0.0352001
0.0142617 0.0095721 -0.035126
0.0140105 0.00977176 -0.0350609
0.0137199 0.00994949 -0.0350037
0.0133846 0.0101039 -0.0349775
0.0130077 0.0102461 -0.0349666
0.0126139 0.0104037 -0.0349573
0.0122367 0.0105503 -0.0349553
0.0118564 0.0106803 -0.0349707
0.0114948 0.0107888 -0.0349988
0.0111538 0.0108634 -0.0350194
0.0108171 0.0109154 -0.0350284
0.0104334 0.010934 -0.0350312
0.00995263 0.0109388 -0.0350533
0.00932609 0.010939 -0.0350886
0.00855015 0.0109241 -0.0351579
0.0076185 0.0109014 -0.0352399
0.00654154 0.0108633 -0.0353212
0.00529424 0.0107202 -0.0354133
0.00394735 0.0105732 -0.0355064
0.00252856 0.0104191 -0.0356123
0.00108924 0.0102498 -0.0357467
-0.000335409 0.0100444 -0.0358868
-0.00170637 0.00979289 -0.0360308
-0.0029928 0.00949653 -0.0361848
-0.00427081 0.00924751 -0.036344
-0.00548604 0.00893988 -0.0365145
-0.00665238 0.00857799 -0.036698
-0.00777774 0.00815808 -0.0368926
-0.00884242 0.00767909 -0.0371
-0.00983386 0.00715698 -0.0373529
-0.0107296 0.0065945 -0.0376329
-0.0115346 0.00599786 -0.0379735
-0.0122219 0.00539849 -0.0383702
-0.0127711 0.00482294 -0.0388136
-0.0131891 0.00428676 -0.039303
-0.0134436 0.00380305 -0.0398296
-0.0135311 0.00335401 -0.0403809
-0.0134552 0.00295082 -0.0409529
-0.0132198 0.002621 -0.041521
-0.0128299 0.00235081 -0.042065
-0.0123018 0.00215578 -0.0425744
-0.0116667 0.00200542 -0.0430604
-0.010959 0.00190532 -0.0434979
-0.0101903 0.0018545 -0.0438785
-0.00938403 0.00183618 -0.0442127
-0.00856734 0.00184112 -0.0444996
-0.00773982 0.00186857 -0.0447497
-0.00690546 0.00188238 -0.0449243
-0.00607899 0.00189406 -0.0450429
-0.00526762 0.00188819 -0.0450946
-0.004474 0.001869 -0.045105
-0.00370723 0.00183164 -0.0450462
-0.0029813 0.00176147 -0.0449261
-0.00230709 0.00165709 -0.0447361
-0.00170085 0.00153671 -0.0444764
-0.00115241 0.00134731 -0.0441739
-0.000657329 0.00112629 -0.043807
-0.000227231 0.000868055 -0.0433884
0.000148387 0.000591738 -0.0429463
0.000463861 0.000276023 -0.0424741
0.000714131 -6.64937e-05 -0.0419803
0.000892692 -0.000435691 -0.0414627
0.000998563 -0.000852348 -0.0409231
0.00118786 -0.00127739 -0.040381
0.00126835 -0.00175247 -0.0398281
0.00122845 -0.00225015 -0.0392608
0.00106112 -0.00275565 -0.0386663
0.000621514 -0.0033245 -0.0380659
0.000148972 -0.003904 -0.0374472
-0.000320338 -0.00452757 -0.0368238
-0.000761006 -0.00516303 -0.0362058
-0.00115021 -0.00577833 -0.0356127
-0.00148305 -0.00637724 -0.0350255
-0.00174557 -0.00694308 -0.034463
-0.00196373 -0.00746288 -0.0339343
-0.00203023 -0.00795691 -0.0334405
-0.00209203 -0.00841941 -0.0329852
-0.00215574 -0.00882866 -0.032562
-0.00223533 -0.00918516 -0.0322002
-0.00233449 -0.00950291 -0.0319164
-0.00244596 -0.00975245 -0.0317165
-0.00254502 -0.00994029 -0.0315803
-0.00264512 -0.0100994 -0.0315231
-0.00273187 -0.0102253 -0.0315264
-0.00280003 -0.0103152 -0.0315843
-0.00285007 -0.0103587 -0.0316821
-0.0028727 -0.0103754 -0.0318078
-0.00291169 -0.0103982 -0.0319595
-0.00295999 -0.0104309 -0.0321451
-0.00301399 -0.0104905 -0.0323672
-0.00310895 -0.0105615 -0.0326286
-0.00323242 -0.0106559 -0.0329057
-0.00337569 -0.0107955 -0.033175
-0.00355217 -0.0109492 -0.0334478
-0.00375116 -0.0111224 -0.0337248
-0.00397771 -0.0113252 -0.0340001
-0.00421952 -0.0115187 -0.0343033
-0.00446119 -0.0117263 -0.034631
-0.00467148 -0.0119396 -0.0349753
-0.00486333 -0.0121344 -0.0353147
-0.00505686 -0.0123156 -0.035633
-0.00522975 -0.0125151 -0.0359288
-0.00536633 -0.0127044 -0.0362249
-0.00548156 -0.0128771 -0.0365064
-0.00556581 -0.013072 -0.0367606
-0.00560501 -0.0133213 -0.0370022
-0.00560492 -0.0136052 -0.0372239
-0.00560405 -0.0138806 -0.0374487
-0.00558318 -0.0141734 -0.0376615
-0.00553971 -0.014515 -0.0378793
-0.00546401 -0.014899 -0.0380756
-0.00539408 -0.0153296 -0.0382553
-0.00531539 -0.0158028 -0.0384247
-0.00522916 -0.016311 -0.0385781
-0.00513627 -0.0168457 -0.0386955
-0.00503915 -0.0174082 -0.0387868
-0.00495899 -0.0179844 -0.0388606
-0.00490152 -0.0185767 -0.0389115
-0.00485902 -0.0191681 -0.0389241
-0.00482657 -0.0197405 -0.0389114
-0.00479801 -0.0202991 -0.0388744
-0.0047908 -0.0208452 -0.0388427
-0.00478713 -0.0213664 -0.0387916
-0.004799 -0.0218424 -0.0387374
-0.00481367 -0.0222495 -0.0386755
-0.00483018 -0.0225924 -0.0386012
-0.00484665 -0.0228667 -0.0384987
-0.00485185 -0.0231097 -0.0384015
-0.00484862 -0.0232952 -0.0382713
-0.0048334 -0.0234959 -0.0381478
-0.00480809 -0.0237202 -0.0380284
-0.0047764 -0.023934 -0.0379239
-0.00476995 -0.024123 -0.0377948
-0.00477756 -0.0243226 -0.0376456
-0.00476132 -0.0245605 -0.0375228
-0.00471694 -0.0247997 -0.0374032
-0.00468519 -0.0250095 -0.0372729
-0.00465388 -0.0252245 -0.0371337
-0.00460331 -0.0254614 -0.0369989
-0.00451188 -0.0256959 -0.0368723
-0.00443864 -0.0259588 -0.0367474
-0.00435244 -0.0262636 -0.0366216
-0.00428936 -0.0265709 -0.0364912
-0.0042337 -0.0268561 -0.0363691
-0.00414905 -0.0270967 -0.0362249
-0.00405895 -0.0273185 -0.0360853
-0.00397047 -0.0275405 -0.0359257
-0.00384273 -0.0277726 -0.0357636
-0.00369548 -0.0279774 -0.0356144
-0.00351271 -0.0281329 -0.0354537
-0.00331007 -0.0282461 -0.0352923
-0.00309223 -0.0283414 -0.0351274
-0.00285503 -0.0284597 -0.0349872
-0.00258675 -0.0285868 -0.0348591
-0.00230858 -0.0287026 -0.0347438
-0.00202446 -0.0287984 -0.0346307
-0.00171323 -0.028913 -0.0345246
-0.00141434 -0.0290445 -0.0344073
-0.00112963 -0.0291795 -0.0342772
-0.000823813 -0.0293188 -0.034142
-0.00053093 -0.0294908 -0.0340051
-0.000270344 -0.0297017 -0.0338667
5.11054e-07 -0.0299145 -0.0337357
0.000261386 -0.0301096 -0.0336073
0.000490286 -0.0303011 -0.0334677
0.000760942 -0.0305691 -0.0333602
0.00105383 -0.0308928 -0.0332643
0.00135511 -0.0312579 -0.0332049
0.00165957 -0.03164 -0.0331752
0.00203098 -0.0320814 -0.0331839
0.00242387 -0.032467 -0.0332249
0.00289945 -0.0328611 -0.0333167
0.00345151 -0.0332741 -0.0334553
0.0040975 -0.0336088 -0.0336531
0.00486687 -0.0338572 -0.0339033
0.00575179 -0.0340203 -0.0342195
0.00673056 -0.0340981 -0.0345945
0.00777639 -0.0340945 -0.0349916
0.00891683 -0.0340342 -0.0354102
0.0101069 -0.033875 -0.0358505
0.0112953 -0.0336859 -0.0363243
0.0124884 -0.0334508 -0.0367998
0.0136532 -0.0332127 -0.037275
0.0147843 -0.032996 -0.0377416
0.0159677 -0.0328054 -0.0382145
0.0171152 -0.0326358 -0.0386643
0.0182078 -0.0324894 -0.03907
0.0192471 -0.0323752 -0.0394301
0.0202187 -0.0323162 -0.0397447
0.021116 -0.0323334 -0.0399934
0.0219315 -0.0324117 -0.0401865
0.0226237 -0.0325455 -0.040311
0.0231919 -0.0327503 -0.040403
0.0236176 -0.0330115 -0.0404401
0.0238892 -0.0333132 -0.0404214
0.0239924 -0.0336337 -0.0403466
0.0239154 -0.0339666 -0.0402279
0.0236896 -0.034285 -0.0400838
0.023347 -0.0345689 -0.0398953
0.0229091 -0.0348159 -0.0396827
0.0224097 -0.0350254 -0.0394451
0.0218688 -0.0352057 -0.0391954
0.0212854 -0.0353477 -0.0389252
0.0206739 -0.0354409 -0.0386566
0.0200325 -0.0354948 -0.0383968
0.0193585 -0.0355484 -0.03816
0.0186467 -0.0355959 -0.0379086
0.017884 -0.0356396 -0.0376746
0.0170848 -0.0356858 -0.0374587
0.0162386 -0.0357414 -0.0372626
0.0153774 -0.0358128 -0.0371018
0.014511 -0.0358688 -0.0369817
0.0136606 -0.0359435 -0.0368994
0.0128378 -0.0360377 -0.0368796
0.0120443 -0.0361238 -0.036914
0.011285 -0.0361954 -0.0369932
0.0105647 -0.036247 -0.0371028
0.00989593 -0.0362841 -0.0372688
0.00926955 -0.0363134 -0.0374726
0.00871186 -0.0363366 -0.0377194
0.00822351 -0.0363503 -0.0380281
0.00779062 -0.0363307 -0.0383798
0.00740535 -0.0362714 -0.0387893
0.0070565 -0.0361649 -0.0392403
0.00675233 -0.0360285 -0.0397304
0.00650656 -0.0358727 -0.0402665
0.00632415 -0.0356835 -0.0408472
0.00619962 -0.0354806 -0.0414808
0.0061465 -0.035262 -0.0421398
0.00615678 -0.0350733 -0.0428434
0.00621217 -0.0349584 -0.0435787
0.00632783 -0.0349527 -0.0443284
0.00648199 -0.0350541 -0.0450798
0.00666997 -0.0353002 -0.0458244
0.00686236 -0.0357026 -0.046526
0.00705606 -0.0362617 -0.0471748
0.00723042 -0.0369656 -0.0477691
0.0073752 -0.0377898 -0.048297
0.00748361 -0.0387085 -0.0487426
0.00755223 -0.0396988 -0.0491019
0.00761039 -0.0407611 -0.049364
0.00765768 -0.041866 -0.0495449
0.00770508 -0.043 -0.0496195
0.00776284 -0.0441313 -0.0496066
0.00782009 -0.0452515 -0.0495124
0.00787676 -0.0463526 -0.0493379
0.00792302 -0.0474086 -0.0490812
0.00793865 -0.0483966 -0.048727
0.00789575 -0.0492996 -0.0482966
0.00781686 -0.0501299 -0.0478006
0.00767724 -0.0508906 -0.0472375
0.0075058 -0.0515672 -0.0466187
0.00745734 -0.0520956 -0.0459576
0.00740108 -0.0525348 -0.045258
0.00734908 -0.0528948 -0.0445356
0.00718143 -0.0532187 -0.0437759
0.00703872 -0.0534769 -0.0429953
0.0069373 -0.0536705 -0.0421719
0.00686922 -0.0537973 -0.0413236
0.00682188 -0.0538745 -0.0404431
0.00677988 -0.0539039 -0.0395515
0.00673597 -0.0538783 -0.0386408
0.00668612 -0.053834 -0.0377107
0.00659962 -0.053784 -0.0367958
0.00648984 -0.0537213 -0.0358989
0.00638213 -0.0536249 -0.0350295
0.00626826 -0.0534973 -0.0342055
0.00616587 -0.053375 -0.0334043
0.00609365 -0.0532569 -0.0326322
0.00604215 -0.0531433 -0.0319059
0.00602435 -0.0530433 -0.0312314
0.00603279 -0.0529617 -0.0306141
0.00604756 -0.0529054 -0.0300627
0.00605762 -0.0528711 -0.0295569
0.00607345 -0.0528655 -0.0291192
0.00608377 -0.0529003 -0.0287324
0.00608051 -0.0529609 -0.0283858
0.00605664 -0.0530425 -0.028089
0.00601297 -0.0531449 -0.0278409
0.00597193 -0.0532815 -0.0276631
0.00593108 -0.0534525 -0.027562
0.00589647 -0.0536411 -0.0275282
0.00586845 -0.0538311 -0.0275701
0.00583869 -0.0540092 -0.0276506
0.00580345 -0.0541672 -0.0277836
0.00575776 -0.0543125 -0.0279565
0.00570297 -0.054456 -0.02819
0.00562571 -0.0545901 -0.0284651
0.00552889 -0.0547312 -0.0287896
0.00542554 -0.0548354 -0.0291404
0.00531527 -0.0549469 -0.0295096
0.00518932 -0.0550499 -0.0298948
0.00502356 -0.0551528 -0.0303268
0.00484769 -0.0552399 -0.0307647
0.00465249 -0.0553151 -0.0311907
0.00445073 -0.0553788 -0.0316223
0.00423091 -0.0554358 -0.0320565
0.00399729 -0.0554576 -0.0324782
0.00376753 -0.0554743 -0.0328964
0.00353385 -0.0554669 -0.0333071
0.00330829 -0.0554327 -0.033691
0.00307241 -0.0553795 -0.0340735
0.00283083 -0.0553134 -0.0344617
0.00258947 -0.055244 -0.0348359
0.00235555 -0.0551542 -0.0351964
0.00210199 -0.0550144 -0.0355578
0.00184435 -0.0548359 -0.0359238
0.00159391 -0.0546196 -0.0362857
0.00134863 -0.0543686 -0.0366362
0.00109642 -0.0540399 -0.036978
0.000852742 -0.0536436 -0.0373092
0.000596731 -0.0532112 -0.037628
0.000348132 -0.0527666 -0.0379324
0.000112798 -0.0522979 -0.0382306
-0.000117872 -0.0518205 -0.0385119
-0.000331693 -0.0513618 -0.0387868
-0.000535784 -0.0509044 -0.0390335
-0.00073968 -0.0504633 -0.0392506
-0.000934086 -0.0500568 -0.0394327
-0.00112899 -0.0496729 -0.0396065
-0.00133303 -0.049321 -0.0397674
-0.00155215 -0.0489798 -0.0399344
-0.00179234 -0.0486646 -0.0400868
-0.00205034 -0.048389 -0.0402051
-0.00230344 -0.0481386 -0.0403216
-0.00253977 -0.0479108 -0.0404475
-0.00278745 -0.047734 -0.0405703
-0.00302427 -0.047592 -0.0406587
-0.00326566 -0.0475236 -0.0407313
-0.00353124 -0.0475765 -0.0407777
-0.00383147 -0.0477599 -0.0408018
-0.00418227 -0.048051 -0.0407854
-0.00461343 -0.048405 -0.0407463
-0.00513454 -0.0487948 -0.0406568
-0.00573451 -0.0491697 -0.0405398
-0.00642702 -0.0494888 -0.0403615
-0.00720547 -0.0497565 -0.0401436
-0.00803736 -0.0499584 -0.0399272
-0.0089127 -0.0500891 -0.0397099
-0.00981236 -0.0501739 -0.0394638
-0.0107178 -0.0502025 -0.0392245
-0.0116237 -0.0501729 -0.038978
-0.0125556 -0.0501067 -0.038722
-0.01348 -0.0500182 -0.038462
-0.0143782 -0.0499194 -0.0381996
-0.0152344 -0.0497857 -0.0379422
-0.0160483 -0.0496372 -0.0376916
-0.0168215 -0.04947 -0.0374566
-0.017569 -0.0492914 -0.0372523
-0.0182945 -0.0491066 -0.0370937
-0.0189627 -0.0489252 -0.0369821
-0.0195546 -0.0487733 -0.0369258
-0.020036 -0.0486438 -0.0369105
-0.0203527 -0.0485375 -0.036919
-0.0205142 -0.0484847 -0.0369546
-0.0205399 -0.0484562 -0.0370188
-0.0204101 -0.0484438 -0.0371185
-0.0201558 -0.0484411 -0.0372666
-0.0198002 -0.0484575 -0.037449
-0.0193466 -0.0484851 -0.0376695
-0.0188045 -0.0485298 -0.0379047
-0.0181669 -0.04858 -0.0381319
-0.0174439 -0.0486312 -0.0383495
-0.0166475 -0.0486763 -0.0385744
-0.0157857 -0.0487181 -0.0388063
-0.0148447 -0.0487417 -0.0390303
-0.013832 -0.0487709 -0.0392618
-0.0127691 -0.048811 -0.0394878
-0.011645 -0.0488528 -0.0396986
-0.0104611 -0.0489123 -0.0398902
-0.0092465 -0.0489764 -0.0400611
-0.00803003 -0.0490399 -0.0402159
-0.00683975 -0.0491123 -0.040339
-0.0056966 -0.0491734 -0.0404135
-0.00460775 -0.0492095 -0.0404249
-0.00359164 -0.0492158 -0.0403723
-0.00264925 -0.0491927 -0.0402631
-0.00178161 -0.049144 -0.040112
-0.000991368 -0.0490875 -0.0399154
-0.000267237 -0.0490028 -0.0396891
0.000400694 -0.0488614 -0.0394329
0.00101858 -0.04866 -0.0391264
0.00159935 -0.0484218 -0.0387606
0.00214549 -0.0481722 -0.0383571
0.00265435 -0.0479512 -0.0379068
0.00313005 -0.0477398 -0.037437
0.00354878 -0.0475006 -0.0369571
0.00390372 -0.0472763 -0.0364368
0.00418544 -0.0470757 -0.0359034
0.00438387 -0.0468857 -0.0353585
0.00447451 -0.0466769 -0.0347925
0.0044648 -0.0465182 -0.0342188
0.00440514 -0.0464439 -0.0336397
0.00433214 -0.0464522 -0.0330685
0.0042474 -0.0465461 -0.0325282
0.00416662 -0.0467629 -0.0320147
0.00414227 -0.0471161 -0.0315243
0.00417721 -0.0475629 -0.0310643
0.0042608 -0.0481043 -0.0306484
0.00439759 -0.0487399 -0.030258
0.00455233 -0.0494678 -0.0298946
0.00474189 -0.0502837 -0.0295845
0.00496183 -0.0511685 -0.0293557
0.00520724 -0.0521316 -0.0292064
0.00548499 -0.0531434 -0.029131
0.00577895 -0.0541833 -0.0291376
0.00608609 -0.0552267 -0.0292352
0.00638818 -0.0562762 -0.029392
0.00669426 -0.0572947 -0.0296244
0.00702714 -0.058284 -0.0299316
0.0073816 -0.0592358 -0.0303057
0.00776412 -0.0601211 -0.0307427
0.00819285 -0.0609616 -0.0312599
0.00867764 -0.0617254 -0.0318415
0.00918574 -0.0624019 -0.0324854
0.00972011 -0.0630397 -0.0331933
0.0102584 -0.0636353 -0.033945
0.0107684 -0.064187 -0.0347269
0.011247 -0.0646913 -0.0355301
0.0116984 -0.0651617 -0.0363418
0.0120854 -0.0655612 -0.0371783
0.0124191 -0.0659176 -0.0380113
0.0127536 -0.0662538 -0.0388454
0.0130741 -0.066553 -0.0396878
0.01336 -0.066785 -0.0405397
0.0136211 -0.0669769 -0.0413852
0.0138694 -0.067148 -0.0422223
0.0141017 -0.0672854 -0.0430537
0.0143415 -0.067369 -0.0438694
0.0145745 -0.0674079 -0.0446451
0.0147927 -0.0674387 -0.0453918
0.0150088 -0.0674455 -0.0461002
0.015225 -0.0674633 -0.046756
0.0154403 -0.0674864 -0.0473691
0.0156445 -0.0675129 -0.0479262
0.0158589 -0.06752 -0.0484466
0.0160803 -0.0675094 -0.0489267
0.0163178 -0.0675011 -0.0493654
0.0165539 -0.0675081 -0.0497462
0.0168027 -0.0675375 -0.0500725
0.0170874 -0.06757 -0.0503558
0.0174033 -0.0676013 -0.0505952
0.0177379 -0.0676304 -0.0507932
0.0180791 -0.0676509 -0.0509357
0.0184585 -0.0676513 -0.0510325
0.0188753 -0.0676533 -0.0510642
0.0193147 -0.0676762 -0.0510403
0.0197728 -0.067735 -0.0509719
0.0202363 -0.0677812 -0.0508639
0.0207312 -0.0678207 -0.0507055
0.0212069 -0.0679003 -0.0505062
0.0216912 -0.0680402 -0.0502717
0.0221975 -0.0681981 -0.0500113
0.0227006 -0.0683619 -0.0497065
0.0231864 -0.0685496 -0.0493683
0.0236771 -0.0687556 -0.0490045
0.024171 -0.0689564 -0.0486203
0.0246665 -0.0691335 -0.0482161
0.0251668 -0.0693242 -0.0477948
0.0256584 -0.0695163 -0.0473468
0.0261542 -0.0697124 -0.0468871
0.0266439 -0.0699012 -0.0464152
0.0271376 -0.0700665 -0.0459188
0.027597 -0.0702118 -0.0454192
0.0280617 -0.0703529 -0.0449086
0.0285326 -0.0704994 -0.0443967
0.0290084 -0.0706129 -0.0438872
0.0294832 -0.0706746 -0.0433817
0.0299555 -0.0706887 -0.0429002
0.030414 -0.0706792 -0.0424405
0.030892 -0.0706638 -0.0420021
0.0313905 -0.0706137 -0.0415599
0.0318808 -0.0705278 -0.041137
0.0323876 -0.0704112 -0.0407397
0.0328961 -0.0702902 -0.0403554
0.0333753 -0.0701897 -0.0399833
0.033859 -0.0701042 -0.0396174
0.034342 -0.0700177 -0.0392606
0.0348244 -0.0699625 -0.0389228
0.0352889 -0.069963 -0.0386058
0.0357198 -0.0699781 -0.0383103
0.0361208 -0.0700034 -0.0380271
0.0364922 -0.070047 -0.0377421
0.0368292 -0.0700884 -0.0374779
0.0371443 -0.0701515 -0.0372221
0.037458 -0.0702725 -0.0369548
0.0377532 -0.0704184 -0.0367014
0.0380725 -0.0706315 -0.0364581
0.0384735 -0.0709252 -0.0362327
0.0389295 -0.0713152 -0.0360197
0.0394669 -0.0718074 -0.0358343
0.0401039 -0.0724279 -0.0357042
0.0408219 -0.0731229 -0.0356337
0.0416156 -0.0738347 -0.0356242
0.0424308 -0.0745325 -0.035669
0.0432678 -0.0752166 -0.035777
0.0441041 -0.0758849 -0.0359334
0.0449787 -0.0764944 -0.0361447
0.0458905 -0.0770613 -0.0363891
0.0468412 -0.0775895 -0.0366766
0.0478388 -0.0780654 -0.0369842
0.0488954 -0.0785047 -0.0373216
0.0499879 -0.0789243 -0.0376805
0.0510816 -0.0793013 -0.0380498
0.052151 -0.0796492 -0.0384326
0.0532265 -0.0799967 -0.0388076
0.0542616 -0.0803377 -0.0391717
0.0552665 -0.0806749 -0.0395459
0.0562353 -0.0810255 -0.0399342
0.0571277 -0.0813898 -0.0403165
0.0579503 -0.0817925 -0.0406975
0.0586635 -0.0822265 -0.0410563
0.0592539 -0.0827032 -0.0413698
0.0597068 -0.0832099 -0.0416456
0.0600242 -0.0837397 -0.0418867
0.0602514 -0.0843119 -0.0420923
0.0603972 -0.0849195 -0.0422771
0.0604689 -0.0855444 -0.042434
0.060473 -0.086182 -0.0425691
0.0603977 -0.0868314 -0.0426963
0.0602678 -0.0874809 -0.0428006
0.0600608 -0.088127 -0.0428899
0.0597649 -0.0887379 -0.0429347
0.0593832 -0.0893218 -0.0429496
0.0589186 -0.0898859 -0.0429336
0.0583749 -0.0903951 -0.0428908
0.0577576 -0.0908697 -0.0428057
0.057088 -0.0913163 -0.0426839
0.0563637 -0.0917489 -0.0425491
0.0555932 -0.0921699 -0.042389
0.054784 -0.092579 -0.0422222
0.0539415 -0.0929905 -0.042046
0.0530783 -0.0934024 -0.0418632
0.052197 -0.0938299 -0.0416972
0.051315 -0.0942719 -0.0415256
0.0504302 -0.0947292 -0.0413546
0.0495523 -0.0951959 -0.0411922
0.0486245 -0.0957008 -0.0410357
0.0477071 -0.096237 -0.0408705
0.0468091 -0.0968209 -0.0407152
0.0459402 -0.0974263 -0.040577
0.0450937 -0.0980559 -0.0404722
0.0442891 -0.0986904 -0.0403951
0.0435344 -0.0993223 -0.0403509
0.0428169 -0.0999237 -0.0403397
0.042171 -0.100481 -0.0403691
0.0415536 -0.101032 -0.0404505
0.0409771 -0.101562 -0.0406045
0.0404592 -0.102059 -0.0408359
0.0399652 -0.102544 -0.0411267
0.0394917 -0.103038 -0.0414985
0.0390232 -0.10351 -0.0419544
0.0385806 -0.103992 -0.0425063
0.0381504 -0.104506 -0.0431495
0.0377367 -0.105024 -0.0438816
0.0373781 -0.105532 -0.0447288
0.0370833 -0.106059 -0.0457187
0.0368497 -0.106636 -0.046839
0.0366954 -0.107207 -0.0481132
0.0367584 -0.107849 -0.0495541
0.0369342 -0.10852 -0.0511338
0.0371924 -0.109236 -0.0528558
0.0375293 -0.110046 -0.0547095
0.0379472 -0.110964 -0.0566633
0.0384631 -0.112025 -0.0587194
0.0390592 -0.113248 -0.0608528
0.0397368 -0.114616 -0.0630203
0.0404924 -0.116124 -0.0651994
0.0413009 -0.11775 -0.0673395
0.0421267 -0.119491 -0.0694458
0.0429757 -0.121336 -0.071483
0.0438207 -0.123231 -0.0734418
0.0446303 -0.125131 -0.0753371
0.0453774 -0.127042 -0.0771528
0.0460278 -0.128901 -0.0788096
0.0463656 -0.130731 -0.08028
0.0466052 -0.132421 -0.0815792
0.0467426 -0.133942 -0.0827056
0.0467763 -0.135309 -0.0836688
0.0466929 -0.136485 -0.0844791
0.0466377 -0.137328 -0.0851336
0.0464472 -0.137969 -0.0856259
0.0461223 -0.138441 -0.0859629
0.0456798 -0.138756 -0.0861827
0.0451437 -0.138945 -0.0862758
0.0445403 -0.138996 -0.0862721
0.0438797 -0.138948 -0.0861943
0.0430236 -0.138908 -0.0860576
0.0421561 -0.138784 -0.0858854
0.0412929 -0.138584 -0.0856886
0.040461 -0.138317 -0.0854824
0.0396957 -0.138017 -0.0853154
0.0390149 -0.137702 -0.0851766
0.0384476 -0.137409 -0.085076
0.037998 -0.137153 -0.0850564
0.0376812 -0.136992 -0.0851229
0.0375193 -0.136938 -0.0852941
0.0375081 -0.137009 -0.0855866
0.0376238 -0.137175 -0.0859867
0.0378439 -0.137437 -0.086463
0.0381578 -0.137773 -0.0870298
0.0385338 -0.138184 -0.0876818
0.038963 -0.138675 -0.0883877
0.0394201 -0.139246 -0.0891365
0.0398793 -0.139875 -0.0899133
0.0403261 -0.140573 -0.0907042
0.0407614 -0.141342 -0.0915174
0.0412515 -0.142148 -0.09232
0.0416909 -0.14301 -0.0930951
0.0420504 -0.143927 -0.0938073
0.0423424 -0.144866 -0.0944702
0.0425233 -0.145842 -0.0950912
0.042594 -0.146856 -0.0956476
0.0424365 -0.147971 -0.0961233
0.042143 -0.149077 -0.0965279
0.0417266 -0.150204 -0.0968619
0.0411916 -0.151367 -0.0971156
0.0405543 -0.152567 -0.0972672
0.0398261 -0.1538 -0.097328
0.0390301 -0.155048 -0.0973071
0.0381916 -0.156312 -0.0972329
0.0373261 -0.157586 -0.0971146
0.0364508 -0.158862 -0.0969738
0.0355841 -0.160159 -0.0967907
0.0348878 -0.161311 -0.0965853
0.0342426 -0.162413 -0.0963586
0.0336473 -0.163432 -0.0961354
0.0329543 -0.164496 -0.0958959
0.0323016 -0.165468 -0.0956671
0.0316928 -0.166352 -0.0954573
0.031131 -0.167147 -0.0952464
0.0306095 -0.167865 -0.0950337
0.0301393 -0.168478 -0.0948075
0.0297411 -0.168986 -0.0945933
0.0293976 -0.16941 -0.0943742
0.0291045 -0.16975 -0.0941561
0.0288641 -0.170003 -0.0939425
0.0286761 -0.170168 -0.0937146
0.0285527 -0.170254 -0.0934867
0.0284497 -0.170292 -0.0932704
0.0283676 -0.170304 -0.0930611
0.0283051 -0.170287 -0.0928494
0.0282444 -0.170258 -0.0926368
0.0281988 -0.170198 -0.0924462
0.0281592 -0.170117 -0.0922395
0.0281108 -0.170052 -0.092032
0.0280577 -0.169999 -0.0918638
0.0280151 -0.169985 -0.0917164
0.0280082 -0.170038 -0.0916048
0.0280119 -0.170143 -0.0915378
0.0280468 -0.170265 -0.0914963
0.0281031 -0.170415 -0.0915015
0.0281674 -0.170606 -0.0915344
0.0282076 -0.170848 -0.0915887
0.0282199 -0.171137 -0.0916561
0.0281878 -0.171486 -0.0917904
0.0280963 -0.171939 -0.0919722
0.0279244 -0.172502 -0.0921897
0.0276687 -0.173155 -0.0924484
0.0273352 -0.173888 -0.0927583
0.0269618 -0.174666 -0.0930913
0.0265429 -0.175488 -0.0934506
0.0260939 -0.17632 -0.0938416
0.0256163 -0.17712 -0.0942525
0.0251203 -0.1779 -0.0946731
0.0246298 -0.178652 -0.0950972
0.024112 -0.179357 -0.0955249
0.0235695 -0.180007 -0.0959673
0.0229899 -0.180592 -0.0964262
0.0223951 -0.181091 -0.0968911
0.0218187 -0.181516 -0.097378
0.0212977 -0.181872 -0.0978938
0.0208591 -0.182144 -0.098434
0.0205008 -0.182348 -0.0989986
0.0202343 -0.18247 -0.0995864
0.0200561 -0.182513 -0.100184
0.0199658 -0.182443 -0.100821
0.0199744 -0.182274 -0.101501
0.0200884 -0.182019 -0.102218
0.0203175 -0.181693 -0.103
0.0206801 -0.181295 -0.103837
0.0211946 -0.180841 -0.104715
0.0218701 -0.18032 -0.105648
0.0227056 -0.179756 -0.106608
0.0237112 -0.179138 -0.10761
0.024886 -0.178488 -0.10865
0.0262294 -0.177823 -0.109729
0.0277032 -0.177112 -0.110809
0.0292637 -0.176356 -0.111851
0.0309058 -0.175552 -0.112861
0.0325884 -0.174694 -0.113839
0.0342566 -0.173799 -0.11478
0.0358748 -0.172882 -0.115695
0.0374374 -0.171957 -0.116585
0.0389266 -0.171047 -0.117428
0.0403354 -0.170167 -0.118219
0.041662 -0.16931 -0.118934
0.0429129 -0.168433 -0.119582
0.0441002 -0.167528 -0.120138
0.0453014 -0.16656 -0.120607
0.046449 -0.165575 -0.120976
0.0475345 -0.164574 -0.121247
0.0485572 -0.163579 -0.121412
0.0495188 -0.162606 -0.121495
0.0504163 -0.161653 -0.121487
0.0512594 -0.1607 -0.121383
0.0520477 -0.159729 -0.121193
0.0527807 -0.158732 -0.120924
0.0534824 -0.157717 -0.120551
0.0541767 -0.156666 -0.12009
0.054884 -0.155594 -0.119525
0.0556179 -0.154528 -0.118858
0.0563839 -0.153447 -0.118097
0.057194 -0.152359 -0.117223
0.0580243 -0.151309 -0.116237
0.0588752 -0.150294 -0.115122
0.059716 -0.149333 -0.113856
0.060527 -0.14828 -0.112442
0.0612841 -0.147291 -0.110841
0.0619729 -0.146361 -0.109066
0.0625931 -0.145544 -0.107114
0.0631508 -0.144869 -0.10497
0.0636394 -0.144358 -0.102644
0.0640695 -0.144039 -0.100153
0.0643986 -0.144234 -0.0975091
0.064701 -0.144674 -0.0947519
0.0649687 -0.14538 -0.0919078
0.0652166 -0.146354 -0.0889884
0.0654224 -0.147611 -0.0860145
0.0655813 -0.149111 -0.0830075
0.0656753 -0.150846 -0.0800106
0.065721 -0.15276 -0.0770494
0.0657199 -0.154822 -0.0741448
0.0657052 -0.157032 -0.0713137
0.0657131 -0.159342 -0.0685917
0.0657898 -0.161647 -0.0659944
0.0659515 -0.163904 -0.0635532
0.0662161 -0.166047 -0.0612734
0.0665943 -0.168016 -0.0591644
0.0670942 -0.169775 -0.0572476
0.067742 -0.171304 -0.0555122
0.0685216 -0.172531 -0.053951
0.0694413 -0.17346 -0.0525798
0.0706704 -0.174097 -0.0514136
0.0720103 -0.174435 -0.0504234
0.0734344 -0.174502 -0.0496124
0.0749659 -0.174325 -0.0489453
0.0766037 -0.173889 -0.0484137
0.0781904 -0.173235 -0.048002
0.0798274 -0.172356 -0.0476826
0.0814969 -0.171318 -0.0474352
0.0831857 -0.170149 -0.0472576
0.084905 -0.168885 -0.0471351
0.0866555 -0.167543 -0.0470523
0.0884156 -0.16613 -0.046991
0.0901533 -0.164661 -0.046951
0.0918253 -0.16318 -0.0468876
0.0934086 -0.161727 -0.0467939
0.094861 -0.160313 -0.0466298
0.0961632 -0.158983 -0.0463893
0.0973153 -0.157778 -0.0460632
0.0983127 -0.156729 -0.0456222
0.0991469 -0.155845 -0.0450484
0.09982 -0.155126 -0.0443522
0.100351 -0.154595 -0.043531
0.10076 -0.154265 -0.0425809
0.101103 -0.153931 -0.0414895
0.101377 -0.153814 -0.040291
0.101591 -0.153877 -0.0389854
0.101754 -0.154119 -0.0375944
0.101876 -0.154568 -0.0361507
0.101996 -0.155211 -0.034664
0.102121 -0.15603 -0.0331559
0.102267 -0.157013 -0.0316408
0.102435 -0.158183 -0.0301178
0.102687 -0.159507 -0.0286121
0.103025 -0.160924 -0.027147
0.103466 -0.162421 -0.0257418
0.10406 -0.164017 -0.0244199
0.104834 -0.165665 -0.0231839
0.105741 -0.167349 -0.0220288
0.106844 -0.168949 -0.0209969
0.108133 -0.170491 -0.0200981
0.109577 -0.171948 -0.0193599
0.111156 -0.173287 -0.0187799
0.112887 -0.174492 -0.0183579
0.114756 -0.175592 -0.0180955
0.116854 -0.1766 -0.0179991
0.118886 -0.177568 -0.0180295
0.120968 -0.178464 -0.0182121
0.123075 -0.179279 -0.0185383
0.125174 -0.180028 -0.0189763
0.127268 -0.180684 -0.0195372
0.129321 -0.181249 -0.0201882
0.131315 -0.181747 -0.0209248
0.13341 -0.182151 -0.0217481
0.135435 -0.18245 -0.0226419
0.137345 -0.182672 -0.0235966
0.139139 -0.182807 -0.0245979
0.140788 -0.182851 -0.0256209
0.142313 -0.182812 -0.0266469
0.143659 -0.182708 -0.0276683
0.144868 -0.182559 -0.0286594
0.145934 -0.182393 -0.029613
0.146869 -0.182185 -0.0305327
0.147671 -0.18195 -0.0314454
0.148309 -0.181649 -0.0323207
0.148811 -0.181292 -0.0331728
0.149221 -0.180911 -0.0339894
0.149559 -0.180475 -0.0347747
0.149632 -0.180001 -0.0355166
0.149846 -0.179655 -0.0362497
0.150067 -0.179396 -0.0369599
0.15027 -0.179212 -0.0376334
0.150486 -0.179088 -0.0382815
0.150704 -0.179045 -0.0389014
0.150933 -0.179087 -0.039489
0.151189 -0.179192 -0.0400645
0.151473 -0.179407 -0.0406655
0.151808 -0.17972 -0.0413101
0.152174 -0.180087 -0.0419856
0.152685 -0.180548 -0.0426915
0.153179 -0.181131 -0.0434169
0.15365 -0.181869 -0.0441342
0.154133 -0.182722 -0.0448571
0.154686 -0.183697 -0.0455547
0.155203 -0.184844 -0.0462349
0.155663 -0.186174 -0.0468718
0.156112 -0.187641 -0.0474713
0.156428 -0.189082 -0.048015
0.156769 -0.190573 -0.0485647
0.157194 -0.192073 -0.049082
0.157696 -0.193554 -0.0495791
0.15823 -0.195008 -0.0501038
0.158772 -0.19646 -0.0506561
0.159306 -0.197858 -0.0512651
0.159808 -0.199158 -0.0519482
0.160247 -0.20033 -0.0527225
0.16062 -0.20139 -0.0535738
0.160901 -0.202354 -0.0545079
0.161111 -0.203186 -0.0555341
0.161258 -0.203855 -0.0566472
0.161364 -0.204359 -0.0578274
0.161427 -0.204659 -0.0590729
0.161472 -0.204772 -0.0604041
0.161702 -0.204828 -0.0618515
0.16191 -0.204655 -0.0633463
0.162183 -0.204331 -0.0648802
0.16263 -0.203969 -0.0664773
0.163374 -0.203674 -0.0681372
0.164373 -0.20343 -0.069876
0.165477 -0.203177 -0.0716755
0.166618 -0.202857 -0.0735448
0.167752 -0.20245 -0.0754709
0.168827 -0.201926 -0.0774391
0.1696 -0.201191 -0.0794089
0.170276 -0.200411 -0.0814165
0.170827 -0.199603 -0.0834236
0.171295 -0.198799 -0.0854305
0.171691 -0.197995 -0.0874763
0.172014 -0.197193 -0.0895472
0.172288 -0.19639 -0.0916009
0.172525 -0.195589 -0.093613
0.172726 -0.194789 -0.0955897
0.17289 -0.194019 -0.0975058
0.173014 -0.193274 -0.0993802
0.173106 -0.192581 -0.101181
0.173139 -0.191917 -0.102903
0.173084 -0.191262 -0.104569
0.17291 -0.19061 -0.106219
0.172599 -0.190022 -0.107848
0.172143 -0.189525 -0.10947
0.171564 -0.189099 -0.111087
0.170915 -0.188695 -0.112692
0.170219 -0.188246 -0.114252
0.169492 -0.187689 -0.115754
0.16874 -0.187032 -0.117217
0.167941 -0.186283 -0.118662
0.167092 -0.185469 -0.120096
0.166185 -0.18457 -0.121527
0.165234 -0.183592 -0.122993
0.164241 -0.182536 -0.124504
0.163222 -0.181412 -0.126069
0.162164 -0.180261 -0.127651
0.161085 -0.179112 -0.129252
0.159987 -0.17797 -0.130856
