%roll pitch yaw
-0.00594918 -0.0142411 0.0217049
-0.00594505 -0.014239 0.0217035
-0.00593924 -0.0142346 0.0217202
-0.00593792 -0.0142216 0.0217239
-0.00593414 -0.0142116 0.0217305
-0.00592764 -0.0142044 0.0217426
-0.00591726 -0.0142072 0.0217498
-0.00592108 -0.0142 0.021746
-0.0059304 -0.0142011 0.021727
-0.00593608 -0.0141979 0.0217116
-0.00592632 -0.0141877 0.0216964
-0.00593373 -0.0141888 0.0216788
-0.00594614 -0.0141929 0.0216724
-0.00594918 -0.0141956 0.0216709
-0.00594199 -0.0141961 0.0216811
-0.00592092 -0.0141927 0.021672
-0.00591685 -0.014195 0.0216678
-0.00591594 -0.0141925 0.021651
-0.00591083 -0.0141993 0.0216357
-0.00589988 -0.0141976 0.021626
-0.00589256 -0.014201 0.0216347
-0.00589701 -0.014209 0.0216492
-0.00588641 -0.0142159 0.0216321
-0.00588512 -0.0142158 0.0216283
-0.00588833 -0.014213 0.0216465
-0.00587932 -0.0142039 0.0216671
-0.00587956 -0.0141983 0.0216694
-0.00588187 -0.0141938 0.0216796
-0.00589714 -0.0141979 0.0216863
-0.00591503 -0.0142096 0.0217003
-0.00591597 -0.0142027 0.0217015
-0.00591097 -0.0142032 0.0216901
-0.00590171 -0.0142061 0.021675
-0.00589738 -0.0142006 0.0216751
-0.0059016 -0.0142002 0.021675
-0.00589985 -0.0141904 0.0216798
-0.00590311 -0.0141873 0.0216976
-0.00591146 -0.0141981 0.0217138
-0.0059073 -0.0142048 0.0217272
-0.00590342 -0.0142067 0.0217127
-0.00588781 -0.0142052 0.0216888
-0.00587532 -0.0142116 0.0216664
-0.00586876 -0.0142121 0.0216527
-0.00586373 -0.0142154 0.0216495
-0.00586124 -0.0142252 0.0216469
-0.00585829 -0.0142355 0.0216403
-0.00585366 -0.0142429 0.0216322
-0.00585027 -0.0142487 0.0216253
-0.00585716 -0.0142513 0.0216312
-0.0058546 -0.0142506 0.0216437
-0.00585641 -0.0142335 0.021661
-0.00586944 -0.014227 0.0216695
-0.0058719 -0.014228 0.0216735
-0.00586986 -0.0142143 0.0216692
-0.00587642 -0.0142038 0.021669
-0.00587865 -0.0141948 0.0216559
-0.00587995 -0.0141933 0.021651
-0.00588792 -0.0142045 0.0216526
-0.00588672 -0.0142203 0.021669
-0.00588322 -0.0142331 0.0216846
-0.00588 -0.0142372 0.0216967
-0.00587719 -0.0142353 0.0216976
-0.00587955 -0.0142321 0.0216913
-0.00587809 -0.0142293 0.0216704
-0.00588626 -0.0142202 0.0216562
-0.00588678 -0.0142113 0.0216489
-0.0058869 -0.0142045 0.0216326
-0.00589242 -0.0142045 0.0216256
-0.00589431 -0.0142052 0.0216185
-0.00588242 -0.0142167 0.0216046
-0.00587919 -0.0142216 0.0216055
-0.0058793 -0.0142396 0.021611
-0.00588784 -0.0142473 0.0216248
-0.00587958 -0.0142476 0.0216538
-0.00588184 -0.0142444 0.0216732
-0.0058817 -0.0142393 0.0216747
-0.00587859 -0.0142486 0.0216838
-0.00588293 -0.0142649 0.021706
-0.00587771 -0.01428 0.0217135
-0.00588018 -0.0142829 0.0217171
-0.00588547 -0.0142935 0.021733
-0.00589001 -0.0142955 0.0217441
-0.00590332 -0.0142944 0.0217436
-0.00591645 -0.0142993 0.0217285
-0.0059205 -0.0142991 0.0217125
-0.00592209 -0.0142935 0.0217277
-0.00592182 -0.0142884 0.0217539
-0.00591835 -0.0142884 0.0217709
-0.00591087 -0.014284 0.021778
-0.00591115 -0.014293 0.0217744
-0.00590472 -0.0143019 0.0217867
-0.00590702 -0.0142972 0.0217869
-0.00590967 -0.0142936 0.0217831
-0.00593499 -0.0142848 0.0217927
-0.0059471 -0.014288 0.0217846
-0.00594233 -0.0142944 0.0217706
-0.00594242 -0.0142946 0.0217493
-0.00593811 -0.0142852 0.0217334
-0.00592626 -0.0142917 0.0217425
-0.00592492 -0.0142969 0.0217337
-0.00592861 -0.0143037 0.0217359
-0.00592887 -0.0143131 0.0217455
-0.00592691 -0.0143214 0.0217577
-0.00593006 -0.0143325 0.0217721
-0.00593063 -0.0143358 0.0217869
-0.00592673 -0.0143399 0.0217748
-0.00592375 -0.0143421 0.0217496
-0.00592675 -0.0143452 0.0217344
-0.00594016 -0.0143519 0.0217406
-0.00594572 -0.0143672 0.0217337
-0.00595334 -0.0143816 0.0217192
-0.00595593 -0.0143843 0.0217137
-0.00596042 -0.0143954 0.021729
-0.00596265 -0.0143959 0.0217363
-0.00596143 -0.0144059 0.02172
-0.0059548 -0.0144161 0.0216954
-0.00595416 -0.0144162 0.0216857
-0.00595699 -0.0144171 0.0216845
-0.00595896 -0.0144177 0.0216874
-0.00595826 -0.0144185 0.0216847
-0.0059584 -0.0144303 0.0216868
-0.00594909 -0.0144402 0.0216871
-0.00595482 -0.0144454 0.0216884
-0.00595764 -0.0144411 0.0216837
-0.00595524 -0.0144386 0.0216826
-0.0059574 -0.0144413 0.0216784
-0.00594756 -0.014445 0.021686
-0.00594898 -0.0144382 0.0216819
-0.00595395 -0.014423 0.0216857
-0.00595078 -0.0144164 0.0216823
-0.00594675 -0.0144168 0.021678
-0.00594345 -0.0144116 0.0216776
-0.00593744 -0.0143963 0.0216719
-0.00592512 -0.0143968 0.0216636
-0.00591744 -0.0144057 0.0216623
-0.0059142 -0.0144075 0.021662
-0.0059217 -0.0144186 0.0216595
-0.00592143 -0.0144306 0.0216605
-0.00592689 -0.0144319 0.0216528
-0.00593979 -0.0144337 0.0216524
-0.00595051 -0.0144344 0.0216615
-0.00595578 -0.014432 0.0216829
-0.00595823 -0.0144259 0.0216865
-0.00596188 -0.0144237 0.0216891
-0.00595415 -0.0144307 0.0216817
-0.00595317 -0.0144372 0.0216702
-0.00595199 -0.0144354 0.0216548
-0.00594834 -0.0144311 0.0216416
-0.00593753 -0.0144176 0.0216381
-0.00593459 -0.0144078 0.0216444
-0.00592932 -0.0144014 0.0216467
-0.00592307 -0.0143974 0.0216721
-0.00592325 -0.0143981 0.0216788
-0.00591995 -0.0144027 0.0216882
-0.00591243 -0.0144089 0.0216928
-0.00589996 -0.0144165 0.0216876
-0.00588399 -0.0144169 0.0217022
-0.00587955 -0.0144071 0.0217116
-0.00587869 -0.0144063 0.0217061
-0.00587867 -0.0144039 0.0216964
-0.00588392 -0.0143967 0.021699
-0.005889 -0.0143848 0.0217088
-0.00590272 -0.0143767 0.0217115
-0.00591224 -0.0143705 0.0217063
-0.00591937 -0.0143626 0.0216879
-0.00593042 -0.0143515 0.0216807
-0.00592397 -0.0143549 0.021654
-0.00591716 -0.0143523 0.0216315
-0.00590479 -0.0143552 0.0216333
-0.00590158 -0.0143547 0.021628
-0.00590524 -0.0143509 0.0216483
-0.00591774 -0.0143472 0.0216775
-0.00591094 -0.0143482 0.0216988
-0.00589716 -0.0143416 0.0216979
-0.00588734 -0.0143218 0.0216852
-0.00589793 -0.0143107 0.0216689
-0.00590728 -0.0143037 0.0216764
-0.00590666 -0.0142914 0.0216757
-0.00590499 -0.0142863 0.0216916
-0.00591219 -0.0142876 0.0217037
-0.00591866 -0.0142931 0.021732
-0.00591919 -0.0142922 0.0217495
-0.00592217 -0.0142792 0.0217624
-0.00591504 -0.0142605 0.0217815
-0.00590366 -0.0142454 0.0217995
-0.00590021 -0.0142386 0.0217904
-0.00588952 -0.0142259 0.021782
-0.00588311 -0.01421 0.0217938
-0.00588362 -0.0141962 0.0217869
-0.00589611 -0.0141782 0.0217866
-0.00589324 -0.014162 0.0217854
-0.00589885 -0.0141487 0.0217826
-0.00589638 -0.0141434 0.0217918
-0.00589757 -0.0141397 0.0217937
-0.00589286 -0.0141362 0.0217854
-0.00589626 -0.0141213 0.0217707
-0.00589251 -0.01411 0.021769
-0.00589044 -0.0140998 0.0217503
-0.00588633 -0.0140992 0.0217215
-0.00588563 -0.0140936 0.02171
-0.00588302 -0.0140762 0.021715
-0.00589894 -0.0140611 0.0217205
-0.00591499 -0.0140432 0.0217352
-0.00592857 -0.0140328 0.0217486
-0.00592535 -0.0140185 0.0217547
-0.00591265 -0.0139955 0.0217553
-0.00591335 -0.0139738 0.021743
-0.00591762 -0.0139522 0.0217392
-0.00593608 -0.0139412 0.0217312
-0.00594145 -0.0139333 0.0217286
-0.00594079 -0.0139365 0.0217267
-0.00595026 -0.0139225 0.021745
-0.00595934 -0.0139039 0.0217535
-0.00596816 -0.0138871 0.0217422
-0.00597864 -0.0138649 0.0217379
-0.00597918 -0.013852 0.0217233
-0.0059684 -0.013837 0.0216996
-0.00596257 -0.0138263 0.0216846
-0.00596192 -0.013819 0.0216906
-0.00596081 -0.0138106 0.0216976
-0.00596506 -0.013793 0.0217092
-0.00596554 -0.0137786 0.0217297
-0.0059595 -0.0137708 0.0217463
-0.00595931 -0.0137523 0.0217592
-0.00595804 -0.0137424 0.0217472
-0.00595139 -0.0137311 0.0217443
-0.00595668 -0.0137208 0.021721
-0.00596405 -0.013701 0.0217039
-0.00598211 -0.0136902 0.0216963
-0.00599824 -0.0136737 0.0216875
-0.00601449 -0.0136497 0.0216974
-0.00601951 -0.0136199 0.0217115
-0.00603251 -0.013591 0.0217288
-0.00603915 -0.0135588 0.0217437
-0.00604898 -0.0135295 0.021765
-0.00605263 -0.0134905 0.0217656
-0.0060679 -0.0134606 0.0217503
-0.00607931 -0.0134315 0.0217446
-0.0061035 -0.0133927 0.0217491
-0.00611266 -0.0133663 0.0217429
-0.00612526 -0.0133332 0.0217393
-0.00613317 -0.0132964 0.0217569
-0.00613497 -0.0132701 0.0217669
-0.00614047 -0.013251 0.0217726
-0.00614063 -0.0132291 0.0217784
-0.00613705 -0.0132052 0.0217678
-0.00613476 -0.0131841 0.02174
-0.00614159 -0.013179 0.02171
-0.00614268 -0.0131561 0.0216964
-0.00613297 -0.0131352 0.0216988
-0.00612714 -0.0131185 0.0217092
-0.00612281 -0.0131004 0.0217313
-0.00612238 -0.0130778 0.0217323
-0.00610805 -0.0130633 0.0217248
-0.00609521 -0.0130471 0.0217283
-0.00608775 -0.0130363 0.0217298
-0.00608553 -0.0130222 0.0217225
-0.00607984 -0.0130102 0.0217391
-0.00606966 -0.0129924 0.021764
-0.00605806 -0.0129714 0.0217718
-0.00605901 -0.0129483 0.0217784
-0.00606175 -0.0129345 0.0217927
-0.00607223 -0.0129217 0.0217979
-0.00607028 -0.0129189 0.0217956
-0.00606262 -0.0129151 0.0218051
-0.00605682 -0.012898 0.0218086
-0.00604736 -0.0128961 0.0218227
-0.00604521 -0.0128893 0.021828
-0.00605401 -0.0128928 0.0218257
-0.00606177 -0.012892 0.0218343
-0.00606591 -0.0128825 0.0218221
-0.00607452 -0.012879 0.0218091
-0.0060714 -0.0128739 0.0218011
-0.00606633 -0.0128755 0.0217941
-0.006066 -0.0128879 0.0217956
-0.00605705 -0.0128962 0.0217906
-0.00603982 -0.0128992 0.0217908
-0.00603335 -0.012885 0.0217944
-0.00601934 -0.0128725 0.0218056
-0.00601269 -0.0128789 0.0218074
-0.00601324 -0.0128878 0.0218083
-0.00602364 -0.0129003 0.0218063
-0.00602302 -0.0129099 0.0217967
-0.00601999 -0.0129105 0.0217874
-0.00601375 -0.0129037 0.0217833
-0.00601825 -0.0129152 0.0217882
-0.00602509 -0.0129301 0.021769
-0.00602871 -0.0129396 0.02174
-0.00603494 -0.0129427 0.021729
-0.00603942 -0.0129548 0.0217032
-0.00604575 -0.0129718 0.0217004
-0.00605428 -0.0129874 0.0217006
-0.00605294 -0.0130003 0.0217011
-0.00605017 -0.0130096 0.0217016
-0.00604831 -0.0130177 0.0216984
-0.0060504 -0.0130248 0.0216916
-0.00604377 -0.0130395 0.021693
-0.00603892 -0.0130446 0.0217068
-0.00603809 -0.0130525 0.0216973
-0.00602621 -0.0130659 0.0216826
-0.00601666 -0.0130855 0.021671
-0.00600873 -0.0131068 0.0216665
-0.00600436 -0.0131177 0.0216703
-0.00600398 -0.0131334 0.021676
-0.00600441 -0.0131561 0.0216823
-0.00601278 -0.0131681 0.0216769
-0.0060239 -0.0131844 0.0216778
-0.00602014 -0.0131982 0.0216934
-0.00601359 -0.0132072 0.0217017
-0.006015 -0.0132377 0.0216978
-0.00601531 -0.0132694 0.0217054
-0.00601758 -0.0132895 0.0217221
-0.00602519 -0.013303 0.0217327
-0.00603306 -0.0133234 0.0217341
-0.0060406 -0.0133465 0.0217349
-0.00605148 -0.0133749 0.021732
-0.00604617 -0.0133933 0.021722
-0.00605397 -0.0134027 0.0217353
-0.00605312 -0.0134154 0.021752
-0.00605676 -0.0134336 0.0217594
-0.00604023 -0.0134585 0.021766
-0.00601523 -0.0134792 0.0217847
-0.00599597 -0.0135004 0.0217769
-0.00598087 -0.0135336 0.0217687
-0.00595586 -0.0135645 0.0217539
-0.00592813 -0.0135906 0.021739
-0.00590728 -0.0136148 0.0217238
-0.00588713 -0.0136394 0.0217122
-0.00588341 -0.0136634 0.0217159
-0.0058845 -0.0136873 0.0217112
-0.00586602 -0.0137133 0.0217102
-0.00584335 -0.0137281 0.0217199
-0.00582912 -0.0137405 0.0217229
-0.00581909 -0.0137647 0.0217284
-0.0058031 -0.0137938 0.0217259
-0.0057793 -0.0138248 0.0217155
-0.00575879 -0.0138536 0.021712
-0.00573409 -0.0138724 0.0217301
-0.00572759 -0.0138875 0.0217469
-0.00572792 -0.013904 0.0217678
-0.00571696 -0.0139277 0.0217744
-0.00571037 -0.0139531 0.0217995
-0.00570057 -0.0139863 0.0218063
-0.00569689 -0.0139988 0.0218113
-0.00569268 -0.0140068 0.021819
-0.00567641 -0.0140234 0.0218259
-0.00565867 -0.0140466 0.0218285
-0.00564552 -0.0140747 0.0218395
-0.00562929 -0.014098 0.0218469
-0.0056027 -0.0141129 0.0218496
-0.00558856 -0.0141439 0.0218398
-0.00556983 -0.0141727 0.0218327
-0.00556317 -0.0142176 0.0218321
-0.00555061 -0.0142579 0.021839
-0.00552656 -0.0142805 0.0218503
-0.00550835 -0.0142933 0.0218543
-0.00548088 -0.0142886 0.0218629
-0.00546449 -0.0142942 0.0218668
-0.00545632 -0.0143113 0.0218783
-0.0054442 -0.0143334 0.021881
-0.00543808 -0.0143506 0.0218818
-0.00542826 -0.0143532 0.0218889
-0.00542158 -0.0143745 0.0218787
-0.00541386 -0.0143989 0.0218742
-0.00540275 -0.0144271 0.0218822
-0.00538813 -0.0144556 0.0219025
-0.00537393 -0.0144818 0.0219173
-0.00536616 -0.0144919 0.0219039
-0.00536466 -0.0144998 0.0218906
-0.00535452 -0.0145102 0.0219024
-0.00535416 -0.0145238 0.0218959
-0.00534463 -0.0145512 0.0218854
-0.00532555 -0.0145684 0.0218901
-0.00531774 -0.0145839 0.0218902
-0.00530949 -0.0146037 0.0218856
-0.00530181 -0.0146209 0.0218729
-0.005289 -0.0146411 0.021852
-0.00527452 -0.0146462 0.0218493
-0.00525707 -0.0146501 0.0218546
-0.00524303 -0.0146522 0.021855
-0.00523708 -0.014667 0.0218665
-0.00522247 -0.0146926 0.0218788
-0.00519958 -0.0146986 0.0218985
-0.00518524 -0.0146883 0.0219133
-0.00517229 -0.0146871 0.0219252
-0.00515547 -0.0147053 0.0219456
-0.00514706 -0.014722 0.0219486
-0.0051373 -0.0147324 0.0219419
-0.00511527 -0.0147332 0.0219498
-0.00509069 -0.0147373 0.0219668
-0.00508032 -0.0147399 0.0219848
-0.00508115 -0.0147389 0.0220015
-0.00507166 -0.0147473 0.0220103
-0.00506967 -0.0147594 0.0220098
-0.00505662 -0.0147637 0.0220087
-0.00504372 -0.0147665 0.0220075
-0.00503292 -0.0147736 0.0219923
-0.00502888 -0.0147911 0.0219888
-0.00501999 -0.0148055 0.0219975
-0.00502014 -0.0148175 0.0220156
-0.00501973 -0.0148315 0.0220313
-0.00500284 -0.0148488 0.0220533
-0.00499788 -0.014859 0.0220555
-0.00498053 -0.0148642 0.0220559
-0.00497009 -0.0148734 0.0220392
-0.00498071 -0.0148792 0.022038
-0.00497783 -0.014911 0.0220354
-0.00498125 -0.0149384 0.0220491
-0.00498229 -0.014949 0.0220475
-0.00498854 -0.0149509 0.0220327
-0.0049814 -0.0149705 0.0220241
-0.00497321 -0.014991 0.0220262
-0.00497304 -0.0150149 0.022049
-0.004962 -0.0150353 0.0220674
-0.00495039 -0.015058 0.0220601
-0.00493856 -0.0150805 0.0220422
-0.00492143 -0.0151059 0.0220279
-0.00491718 -0.0151094 0.0220238
-0.00489537 -0.015096 0.0220339
-0.00486634 -0.0151023 0.0220307
-0.00484284 -0.0151307 0.0220061
-0.0048178 -0.0151579 0.0219892
-0.00478922 -0.0151688 0.0219848
-0.00476386 -0.0151703 0.0219715
-0.00474083 -0.0151744 0.0219511
-0.00471247 -0.0151933 0.0219437
-0.00468954 -0.0152236 0.0219362
-0.00466399 -0.0152423 0.0219353
-0.00463478 -0.0152447 0.0219254
-0.00460834 -0.0152376 0.0219117
-0.00459649 -0.0152462 0.0219158
-0.00457801 -0.0152705 0.0219191
-0.00456487 -0.0152793 0.021935
-0.00455594 -0.0152926 0.0219349
-0.00453063 -0.0152987 0.0219236
-0.00450842 -0.0153199 0.021911
-0.00450186 -0.0153443 0.0219031
-0.00448576 -0.0153671 0.0219083
-0.00444591 -0.0153669 0.0219179
-0.00440831 -0.0153689 0.0219248
-0.00436339 -0.0153684 0.0219362
-0.00433562 -0.01538 0.0219638
-0.00432557 -0.0153978 0.0219852
-0.00429582 -0.0153955 0.0219976
-0.00427016 -0.0153937 0.0220016
-0.00425835 -0.0153908 0.0219893
-0.00423496 -0.0154029 0.0219724
-0.00420293 -0.0154303 0.0219633
-0.00416814 -0.0154614 0.0219755
-0.00413289 -0.0154761 0.021985
-0.00411183 -0.0154759 0.0219821
-0.00410917 -0.0154651 0.0219785
-0.00408243 -0.0154568 0.0219829
-0.00408094 -0.0154804 0.0219885
-0.00408657 -0.0154999 0.0219817
-0.00407181 -0.0154907 0.0219825
-0.0040627 -0.0154775 0.0219972
-0.00404443 -0.0154729 0.0220145
-0.00404085 -0.0154819 0.0220227
-0.00404655 -0.0154781 0.0220244
-0.00404109 -0.0154735 0.0220212
-0.00400858 -0.0154679 0.0219915
-0.00398211 -0.0154644 0.0219612
-0.00394798 -0.0154713 0.0219364
-0.0039235 -0.0154801 0.0219146
-0.00390241 -0.0154726 0.0218988
-0.00386813 -0.0154655 0.0218843
-0.00382404 -0.0154626 0.0218813
-0.00379725 -0.0154733 0.0218784
-0.00376343 -0.0154769 0.0218765
-0.00372337 -0.0154708 0.021875
-0.00368256 -0.0154709 0.0218598
-0.00365044 -0.0154761 0.0218646
-0.00361352 -0.0154722 0.0218732
-0.00357681 -0.015468 0.0218962
-0.00354879 -0.0154598 0.0219177
-0.00351846 -0.0154601 0.0219499
-0.00349754 -0.0154627 0.0219665
-0.00347453 -0.0154644 0.021977
-0.0034393 -0.0154626 0.0219871
-0.00341117 -0.0154509 0.0220024
-0.00339844 -0.015445 0.0220297
-0.00338123 -0.0154373 0.0220548
-0.00335101 -0.0154308 0.0220729
-0.00333203 -0.0154346 0.0220946
-0.00331898 -0.0154304 0.0221325
-0.00329621 -0.0154267 0.0221785
-0.00326254 -0.0154276 0.022217
-0.00321917 -0.0154239 0.022248
-0.00316476 -0.0154064 0.0222756
-0.00312218 -0.0154002 0.0222989
-0.00307562 -0.0154037 0.0223323
-0.0030177 -0.0154079 0.0223621
-0.00295321 -0.0154069 0.0223726
-0.00287769 -0.0153973 0.0223795
-0.00279604 -0.0153903 0.0223774
-0.00271496 -0.0153905 0.0223665
-0.0026168 -0.0153936 0.0223549
-0.00251322 -0.0153898 0.0223578
-0.00241678 -0.015371 0.0223716
-0.00232008 -0.0153616 0.0223813
-0.00222027 -0.0153526 0.022362
-0.00214674 -0.0153484 0.0223523
-0.00206004 -0.0153335 0.0223249
-0.00199054 -0.015316 0.022294
-0.00195155 -0.0152839 0.0222644
-0.00191116 -0.0152398 0.0222559
-0.00188774 -0.0152129 0.0222721
-0.00186978 -0.0152041 0.0222911
-0.00185294 -0.0152011 0.0222976
-0.00184333 -0.0151897 0.0223188
-0.0018396 -0.015173 0.0223345
-0.00183604 -0.0151652 0.0223459
-0.00184364 -0.015165 0.0223622
-0.00184762 -0.0151553 0.022384
-0.00183015 -0.0151444 0.0224019
-0.00181047 -0.0151319 0.0224108
-0.00180238 -0.0151344 0.022437
-0.00176881 -0.0151341 0.0224655
-0.00172866 -0.0151354 0.0224812
-0.00168882 -0.0151291 0.0224786
-0.00161304 -0.0151109 0.0224808
-0.00152957 -0.0151035 0.0224802
-0.00142659 -0.0151133 0.0224819
-0.00129516 -0.0151307 0.0224935
-0.00115183 -0.0151397 0.0225029
-0.000992248 -0.0151406 0.0225183
-0.000807667 -0.0151435 0.0225621
-0.000623873 -0.0151521 0.0226044
-0.000443372 -0.0151696 0.0226369
-0.00026304 -0.0151776 0.0226659
-9.56603e-05 -0.0151698 0.022689
5.98047e-05 -0.0151684 0.0227082
0.000196633 -0.0151651 0.0227233
0.000298189 -0.0151782 0.022744
0.00039495 -0.0151816 0.0227635
0.000474817 -0.0151696 0.0227854
0.000529215 -0.015152 0.022819
0.000583619 -0.0151296 0.0228599
0.000618909 -0.0151043 0.0228907
0.000643283 -0.0150792 0.0229175
0.000687287 -0.0150495 0.0229772
0.000733573 -0.0150327 0.0230187
0.000789999 -0.0150142 0.0230409
0.000860389 -0.0149994 0.0230731
0.000948286 -0.0149844 0.0231091
0.0010565 -0.0149632 0.0231402
0.00116357 -0.0149246 0.02315
0.00127782 -0.014875 0.0231656
0.00139631 -0.0148118 0.0231725
0.00149237 -0.0147492 0.0231521
0.00157375 -0.0146875 0.0231369
0.00164028 -0.0146323 0.0231133
0.00165915 -0.0145898 0.0230868
0.00163779 -0.0145207 0.0230587
0.00159577 -0.0144408 0.0230355
0.00148947 -0.0143623 0.0230246
0.00129896 -0.0142832 0.0230133
0.00104162 -0.0142105 0.0230014
0.000722537 -0.01414 0.0230361
0.000326576 -0.0140892 0.0230749
-0.000121157 -0.014054 0.0231197
-0.00063526 -0.0140343 0.0231949
-0.00121655 -0.0140403 0.0232535
-0.00185968 -0.0140682 0.0233099
-0.0025562 -0.0141082 0.0233604
-0.00329326 -0.0141528 0.0234104
-0.0040591 -0.0142055 0.0234355
-0.00478721 -0.0142802 0.0234491
-0.00551619 -0.0143732 0.023418
-0.00618978 -0.0144732 0.023323
-0.00678331 -0.0145763 0.023162
-0.00725197 -0.0146589 0.0229493
-0.00758025 -0.0147239 0.0226698
-0.00774094 -0.0147712 0.0222891
-0.00776463 -0.0148339 0.0218275
-0.0076518 -0.0149278 0.0212804
-0.00731014 -0.0150792 0.0206755
-0.00688603 -0.0152512 0.0200284
-0.00653124 -0.0154481 0.0193437
-0.0061455 -0.0156627 0.0186305
-0.00572584 -0.0158819 0.0179055
-0.00530747 -0.0161202 0.0171698
-0.00488745 -0.0163572 0.0164446
-0.0044705 -0.0166008 0.0157338
-0.00406983 -0.0168769 0.0150433
-0.00368737 -0.0171531 0.0143891
-0.00332369 -0.0174485 0.0137853
-0.00300423 -0.0177744 0.0132248
-0.00275211 -0.0181089 0.0127317
-0.0025914 -0.0184601 0.0123081
-0.00255338 -0.0188472 0.0119538
-0.00262131 -0.0192518 0.0116854
-0.00283364 -0.0196686 0.0115083
-0.00316637 -0.0201257 0.0114146
-0.0036279 -0.0206056 0.0113932
-0.00419255 -0.0210942 0.0114333
-0.00484667 -0.0216122 0.0115237
-0.00554711 -0.0221313 0.0116706
-0.00628952 -0.0226671 0.0118636
-0.00704894 -0.0232071 0.012089
-0.00779145 -0.0237252 0.0123391
-0.00852795 -0.0242155 0.0126268
-0.00924744 -0.0246953 0.0129342
-0.00994607 -0.0251406 0.0132759
-0.0106183 -0.025559 0.0136417
-0.0112756 -0.025928 0.014012
-0.0119145 -0.0262492 0.0144113
-0.0125408 -0.0265408 0.0148157
-0.0131201 -0.0267817 0.0152164
-0.0136698 -0.0269882 0.0156136
-0.0141596 -0.0271604 0.0160076
-0.0145958 -0.0273039 0.0163832
-0.0149733 -0.0274377 0.0167489
-0.0152911 -0.0275622 0.0171026
-0.0155372 -0.0276676 0.0174336
-0.0157096 -0.0277713 0.0177424
-0.0158166 -0.0278532 0.0180159
-0.0158586 -0.0279152 0.0182787
-0.0158585 -0.0279785 0.0185066
-0.0158406 -0.0280279 0.0187216
-0.0157817 -0.0280609 0.0189198
-0.0157147 -0.0280986 0.0191101
-0.0156494 -0.0281418 0.019287
-0.0155517 -0.0281833 0.019451
-0.0154699 -0.0282459 0.0196034
-0.0154043 -0.0283111 0.0197267
-0.015332 -0.0283728 0.0198478
-0.0152808 -0.0284324 0.0199582
-0.0152752 -0.0284963 0.0200447
-0.015298 -0.0285447 0.0201025
-0.0153868 -0.0285765 0.0201408
-0.0155328 -0.0285895 0.020191
-0.0157639 -0.0285729 0.0202465
-0.0160775 -0.0285428 0.0203106
-0.0164401 -0.0285139 0.0203658
-0.0168818 -0.0284698 0.020428
-0.0173812 -0.0284124 0.0204994
-0.0179339 -0.0283495 0.020596
-0.0185172 -0.0282729 0.020693
-0.0191184 -0.0281839 0.0207844
-0.019748 -0.0280984 0.0208585
-0.0204063 -0.0280291 0.0209263
-0.0210942 -0.0279864 0.021008
-0.0218031 -0.0279777 0.0210824
-0.02253 -0.0279775 0.0211358
-0.023256 -0.0279727 0.0211626
-0.0239959 -0.027969 0.0211651
-0.0246978 -0.0279717 0.0211439
-0.0253575 -0.0279849 0.0210862
-0.0259921 -0.0279912 0.0209871
-0.0265822 -0.0279859 0.0208413
-0.0270945 -0.0279723 0.0206197
-0.0275526 -0.0279553 0.0203578
-0.0279474 -0.0279397 0.0200486
-0.0282835 -0.0279217 0.0197124
-0.0285543 -0.0279432 0.0193528
-0.0287723 -0.0280015 0.0189681
-0.0289684 -0.0281016 0.0185623
-0.0290994 -0.0282253 0.01813
-0.0291912 -0.0283716 0.0176952
-0.0292402 -0.0285152 0.0172747
-0.0292687 -0.028626 0.0168337
-0.0292689 -0.0287237 0.0164046
-0.0292276 -0.0288 0.0159852
-0.0291401 -0.0288637 0.0155726
-0.029035 -0.0288941 0.0151544
-0.0289155 -0.028916 0.0147373
-0.0287877 -0.0289391 0.0143491
-0.0286438 -0.0289604 0.0140019
-0.0285155 -0.0289683 0.0137007
-0.0284012 -0.0289602 0.0134319
-0.0283035 -0.0289017 0.0132086
-0.028236 -0.0288265 0.0130422
-0.0282257 -0.0287408 0.0129226
-0.0282558 -0.028611 0.0128249
-0.0283105 -0.0284416 0.0127676
-0.0283943 -0.0282539 0.0127447
-0.0285174 -0.0280558 0.0127643
-0.0286582 -0.0278343 0.0128248
-0.0287907 -0.0276254 0.0129238
-0.0289452 -0.0274342 0.0130732
-0.0291019 -0.0272438 0.0132613
-0.0292656 -0.0270573 0.0134728
-0.0294547 -0.0268831 0.0137091
-0.0296574 -0.0267115 0.0139756
-0.0298775 -0.0265479 0.0142727
-0.030128 -0.0264268 0.0145771
-0.0303846 -0.026347 0.0148744
-0.0306152 -0.0263135 0.0151426
-0.0308324 -0.0263363 0.0153818
-0.0310289 -0.0263936 0.0155907
-0.0311787 -0.0264538 0.0157343
-0.0312536 -0.0265195 0.0158395
-0.031283 -0.0266173 0.0158784
-0.0312484 -0.0267294 0.015841
-0.0311415 -0.0268367 0.0157762
-0.0310012 -0.0269387 0.0156822
-0.0308562 -0.0270526 0.0155627
-0.0307049 -0.0271702 0.0154334
-0.0305452 -0.0272913 0.0152686
-0.0303825 -0.0274172 0.0150665
-0.0302376 -0.0275348 0.0148498
-0.0300867 -0.0276292 0.0146026
-0.0299329 -0.027709 0.0143206
-0.0297794 -0.0277637 0.0140241
-0.0296434 -0.0278288 0.0137492
-0.0295628 -0.0279095 0.0134726
-0.0295598 -0.0280012 0.0132146
-0.0296371 -0.0281143 0.0129845
-0.0297937 -0.0282567 0.0127792
-0.0300126 -0.0284036 0.012603
-0.030257 -0.0284739 0.0124539
-0.0304792 -0.0284737 0.0123235
-0.030624 -0.0283639 0.0122027
-0.030681 -0.028111 0.0121003
-0.0306041 -0.0276921 0.0120195
-0.0303765 -0.0270832 0.011957
-0.0299925 -0.0262441 0.0119028
-0.029468 -0.0251698 0.0118434
-0.0288162 -0.0238535 0.0117846
-0.0280598 -0.0222959 0.0117287
-0.0271945 -0.0205433 0.0117009
-0.0262588 -0.0186311 0.0117068
-0.0252773 -0.0166058 0.0117415
-0.0242849 -0.014501 0.0118191
-0.0232854 -0.012344 0.0119276
-0.0224046 -0.0104714 0.0120749
-0.0215532 -0.00866118 0.0122532
-0.0207642 -0.00698209 0.0124573
-0.0200576 -0.00547431 0.0126811
-0.019451 -0.0042113 0.0129212
-0.0189689 -0.00325056 0.0131972
-0.0183243 -0.00223071 0.0134877
-0.0178688 -0.00155477 0.0138333
-0.0176027 -0.00119629 0.014253
-0.0175087 -0.00112453 0.0147641
-0.0175611 -0.00128062 0.0153381
-0.0177609 -0.00161387 0.0159685
-0.0180541 -0.00206586 0.0166145
-0.0184361 -0.00261384 0.0172361
-0.018862 -0.00326246 0.0178389
-0.0193172 -0.00403496 0.0183933
-0.0197541 -0.00490878 0.0189082
-0.0201933 -0.00588669 0.0193725
-0.0206058 -0.00696645 0.0197881
-0.0209967 -0.00811311 0.0201784
-0.0213796 -0.00932963 0.0205334
-0.0217342 -0.0106005 0.0208537
-0.0220474 -0.0119342 0.0211201
-0.0222889 -0.01332 0.0213677
-0.0224474 -0.0147097 0.0215845
-0.0225201 -0.0161013 0.0217653
-0.0224807 -0.0174844 0.0218964
-0.0223248 -0.0188646 0.0219671
-0.0220557 -0.0202031 0.0219787
-0.0216682 -0.0214762 0.0219261
-0.0211721 -0.0226906 0.0218125
-0.0205914 -0.0238643 0.021652
-0.0200943 -0.0251109 0.0214222
-0.0195269 -0.0262767 0.0211545
-0.0188976 -0.0273713 0.0208364
-0.0182444 -0.0284006 0.0204608
-0.0175742 -0.0293444 0.0200483
-0.0169126 -0.0302236 0.0196051
-0.0162599 -0.031043 0.0191477
-0.0156208 -0.0317899 0.0186771
-0.0148269 -0.0323675 0.018167
-0.0140858 -0.0328628 0.0176086
-0.0133607 -0.0333017 0.0170207
-0.0126858 -0.0336838 0.0164219
-0.0120432 -0.0340018 0.015822
-0.0114472 -0.0342506 0.0152304
-0.0109156 -0.0344235 0.0146392
-0.0104491 -0.0345258 0.0140559
-0.0100477 -0.0345573 0.0135038
-0.00971578 -0.0345337 0.013006
-0.00949128 -0.0344915 0.0125593
-0.00935106 -0.0344437 0.0121536
-0.00930399 -0.0343951 0.0118154
-0.0093623 -0.0343216 0.0115353
-0.00951372 -0.0342478 0.0113232
-0.00977232 -0.034184 0.0111601
-0.0101061 -0.0341524 0.011077
-0.0104983 -0.0341535 0.0110904
-0.0109462 -0.0341757 0.0111851
-0.011444 -0.0342163 0.0113382
-0.0119738 -0.0342943 0.0115383
-0.0125162 -0.0344202 0.0117934
-0.0130625 -0.0346124 0.012089
-0.0136198 -0.0348761 0.0124175
-0.0141498 -0.0351765 0.0127687
-0.0146445 -0.0355315 0.0131594
-0.0150879 -0.0359428 0.0135542
-0.015478 -0.0363656 0.0139461
-0.0157967 -0.0367931 0.0143427
-0.0160262 -0.0372239 0.0147158
-0.0161678 -0.0376629 0.0150706
-0.0161874 -0.0380963 0.0154073
-0.0161065 -0.0385379 0.0157537
-0.0159389 -0.0389761 0.0160895
-0.0156475 -0.0393972 0.0164004
-0.0152669 -0.0397988 0.0166713
-0.0147973 -0.0402077 0.0169161
-0.0142649 -0.0405973 0.0171488
-0.0136787 -0.040951 0.0173687
-0.0130418 -0.0412825 0.0175839
-0.0124069 -0.0416136 0.0177789
-0.0117634 -0.0419401 0.0179588
-0.0110816 -0.0422478 0.0181097
-0.0104207 -0.0425251 0.018244
-0.00976523 -0.0427814 0.0183774
-0.00914962 -0.0430318 0.0185019
-0.00853518 -0.0432414 0.0186239
-0.00795582 -0.0434164 0.0187319
-0.0074257 -0.0435814 0.0188355
-0.0069592 -0.0437288 0.0189253
-0.00655806 -0.0438408 0.0190292
-0.00624558 -0.0439296 0.0191535
-0.00598728 -0.0439952 0.0192687
-0.0057973 -0.0440393 0.0193751
-0.00566008 -0.0440488 0.0194774
-0.00555798 -0.0439879 0.0195894
-0.00552826 -0.0438504 0.0196983
-0.00551948 -0.0436588 0.019797
-0.00551942 -0.0434636 0.0198673
-0.00555372 -0.0432773 0.0199244
-0.00556334 -0.0431014 0.0199715
-0.00557012 -0.0429025 0.0200034
-0.0055805 -0.0426792 0.0200134
-0.00558398 -0.0424284 0.019978
-0.00558896 -0.0421971 0.0199119
-0.00556362 -0.0419737 0.0198243
-0.00550305 -0.0417738 0.0197167
-0.00542278 -0.0415637 0.0195744
-0.00530869 -0.0413587 0.0194018
-0.00512627 -0.0411942 0.019203
-0.00491082 -0.0410815 0.0189744
-0.00463095 -0.0410148 0.0187246
-0.00429916 -0.04096 0.0184727
-0.003919 -0.0408757 0.0182356
-0.00346485 -0.0407939 0.0180015
-0.00296065 -0.0407748 0.0177725
-0.00241342 -0.0408167 0.0175479
-0.00181137 -0.0409037 0.0173073
-0.00119477 -0.041027 0.0170736
-0.000566189 -0.0411521 0.0168532
6.4518e-05 -0.0412609 0.0166447
0.000688622 -0.0413491 0.0164658
0.00132276 -0.0414602 0.0163372
0.00190473 -0.0416049 0.0162401
0.00250093 -0.0417663 0.0162011
0.00312539 -0.0418634 0.0161868
0.00374439 -0.0419097 0.0161841
0.00434506 -0.0419104 0.0162123
0.00491099 -0.0418942 0.0162986
0.00543474 -0.0418784 0.0164404
0.00590661 -0.041864 0.016625
0.0063224 -0.0418547 0.0168457
0.00672336 -0.0418205 0.0171277
0.00708554 -0.0417922 0.0174565
0.00739775 -0.0417428 0.0178478
0.00766115 -0.0416421 0.0182664
0.00790613 -0.0415213 0.0187366
0.00816198 -0.0414388 0.0192289
0.00842666 -0.041394 0.0197173
0.008684 -0.0413755 0.0201939
0.00894511 -0.0413827 0.0206681
0.00917738 -0.0414302 0.021119
0.00944208 -0.0415182 0.0215464
0.00973292 -0.0415926 0.0219583
0.00999793 -0.0416662 0.022358
0.010224 -0.0417268 0.0227531
0.0104016 -0.0417439 0.0231421
0.0105251 -0.0416755 0.0235059
0.0105344 -0.0414918 0.023863
0.0104279 -0.0411943 0.0242056
0.0102115 -0.040751 0.0245274
0.00986431 -0.0401177 0.0248249
0.00937407 -0.0392874 0.0250846
0.00870545 -0.0382598 0.0253054
0.00776998 -0.0369579 0.0254813
0.00674238 -0.0354676 0.0256304
0.00562088 -0.0337954 0.0257543
0.0044463 -0.0319537 0.02582
0.00325708 -0.0299593 0.0258269
0.0020235 -0.0276712 0.0257657
0.000843226 -0.0252175 0.0256247
-0.000211304 -0.0226583 0.0253767
-0.00113952 -0.0200801 0.0250263
-0.00176244 -0.0181142 0.0245773
-0.00221866 -0.0164627 0.0240657
-0.00252058 -0.0151842 0.0234989
-0.00289962 -0.0139112 0.0229
-0.00317018 -0.0129827 0.0222701
-0.00333163 -0.0123263 0.0216165
-0.00340553 -0.0119022 0.0209346
-0.00342382 -0.011655 0.0202065
-0.00341324 -0.0115785 0.0194519
-0.00337877 -0.0116589 0.0186815
-0.00333414 -0.0119014 0.0179095
-0.00326793 -0.0123103 0.0171376
-0.00316278 -0.0128785 0.0163729
-0.0029953 -0.0135971 0.0156466
-0.0027568 -0.0144288 0.0149723
-0.00244901 -0.0153401 0.0143536
-0.00211804 -0.0163546 0.0137963
-0.00162889 -0.017667 0.0132996
-0.00115893 -0.0190695 0.0128852
-0.000950152 -0.0203633 0.0125667
-0.000847147 -0.0216977 0.0123536
-0.000847652 -0.0230306 0.0122495
-0.000960199 -0.0243126 0.0122129
-0.00117185 -0.0255629 0.0122638
-0.00146266 -0.0267923 0.0123726
-0.00180073 -0.0280074 0.0125323
-0.00219895 -0.0292038 0.0127491
-0.00262779 -0.0303361 0.0130152
-0.00307153 -0.0314211 0.0133286
-0.00338814 -0.0325413 0.0136782
-0.003733 -0.0336009 0.0140761
-0.00412295 -0.034586 0.0145402
-0.00455931 -0.0354744 0.0150778
-0.00506864 -0.0362563 0.015692
-0.00566032 -0.0369247 0.0163801
-0.00631274 -0.037468 0.0171644
-0.00714933 -0.0378427 0.0180448
-0.00798839 -0.0381508 0.0190044
-0.00882236 -0.0383793 0.020038
-0.00961983 -0.0385486 0.021134
-0.0103703 -0.0386565 0.0222664
-0.0110587 -0.0386892 0.023407
-0.0116791 -0.0386034 0.0245565
-0.0122438 -0.0384288 0.0256984
-0.0127665 -0.0381571 0.0268292
-0.0132385 -0.0378281 0.0279407
-0.0137049 -0.0374647 0.0290214
-0.0141365 -0.0370714 0.0300606
-0.0145185 -0.0366455 0.0310504
-0.0148468 -0.0362215 0.0319731
-0.0151261 -0.0358114 0.0328206
-0.0153311 -0.0354058 0.0335805
-0.0154368 -0.0350237 0.0342493
-0.0154583 -0.0346704 0.0348196
-0.0153962 -0.0343651 0.0352793
-0.0152478 -0.0340855 0.0356259
-0.0150519 -0.0338505 0.0358731
-0.0148211 -0.0336686 0.0360277
-0.0145825 -0.0335339 0.0361165
-0.0143663 -0.0334719 0.0361303
-0.0141708 -0.0334587 0.03608
-0.0140107 -0.0335077 0.0359519
-0.0138938 -0.0336102 0.0357661
-0.0138115 -0.033742 0.0355291
-0.0137579 -0.0338916 0.0352486
-0.0137614 -0.0340848 0.0349182
-0.0138061 -0.0343069 0.034526
-0.0138964 -0.0345622 0.0340894
-0.0140513 -0.0348534 0.0336219
-0.0142669 -0.0351654 0.0331112
-0.0145728 -0.0355026 0.0325654
-0.014946 -0.0358281 0.0320049
-0.0153872 -0.0361173 0.031432
-0.0158834 -0.0364061 0.0308772
-0.0164173 -0.0366756 0.0303238
-0.0170037 -0.0369084 0.029763
-0.0176343 -0.0371469 0.0291965
-0.0182946 -0.0373837 0.0286385
-0.0189815 -0.0375741 0.0281085
-0.0196888 -0.0377455 0.0276091
-0.0204158 -0.037878 0.027138
-0.0211612 -0.0379546 0.0266935
-0.0218902 -0.0379865 0.0262582
-0.0226106 -0.0379851 0.0258266
-0.023292 -0.037984 0.0254103
-0.0239236 -0.0379743 0.0250026
-0.0245338 -0.0379405 0.0246067
-0.0251042 -0.0378742 0.0242155
-0.0256405 -0.0377612 0.0238338
-0.0261403 -0.0375899 0.0234746
-0.0265809 -0.0373751 0.0231255
-0.0269583 -0.0370985 0.0228028
-0.0272857 -0.0367822 0.0224958
-0.0275727 -0.036439 0.0222137
-0.027837 -0.0360584 0.0219572
-0.0280517 -0.0356712 0.0217094
-0.0282409 -0.0353042 0.0214692
-0.0284026 -0.0349386 0.0212531
-0.0285294 -0.0345912 0.0210356
-0.0286587 -0.0342647 0.0208414
-0.0287632 -0.0339398 0.0206806
-0.0288578 -0.0336461 0.0205353
-0.0289545 -0.0333837 0.0203999
-0.0290488 -0.0331378 0.0202827
-0.0291391 -0.0329145 0.0202014
-0.0292469 -0.0327111 0.0201537
-0.029349 -0.032529 0.0201453
-0.0294688 -0.0323666 0.0201783
-0.0296107 -0.0322039 0.020262
-0.0297733 -0.0320425 0.0203673
-0.0299496 -0.0318764 0.0205078
-0.0301631 -0.0317209 0.0207052
-0.030413 -0.0315598 0.0209402
-0.0307096 -0.0313647 0.0212031
-0.0310258 -0.0311424 0.0214887
-0.0313782 -0.0309003 0.0218199
-0.0317521 -0.0306398 0.022172
-0.0321235 -0.030362 0.0225489
-0.0325059 -0.0300663 0.022915
-0.0328867 -0.0297544 0.0232549
-0.0332295 -0.0294182 0.0235786
-0.0335355 -0.0290633 0.0238605
-0.0338221 -0.028718 0.024118
-0.0340761 -0.0283714 0.0243762
-0.0342569 -0.0280376 0.0246074
-0.034392 -0.0277075 0.024818
-0.0344814 -0.0273453 0.0250024
-0.0345706 -0.0269687 0.0251506
-0.0346309 -0.0265998 0.0252516
-0.0346604 -0.0262347 0.0253168
-0.0346667 -0.0258805 0.0253419
-0.0346642 -0.0255281 0.0253004
-0.0346458 -0.0251606 0.0251972
-0.03461 -0.0247676 0.0250268
-0.0345771 -0.024349 0.0248194
-0.0345648 -0.0239261 0.0245803
-0.0345708 -0.0235091 0.024322
-0.034645 -0.0231539 0.0240514
-0.0347805 -0.0228538 0.0238071
-0.0349857 -0.0226244 0.0235787
-0.0352307 -0.0224195 0.0233493
-0.035471 -0.0222016 0.0231263
-0.0357035 -0.0219419 0.0229226
-0.0359 -0.0216233 0.0227055
-0.0360424 -0.0212274 0.0224685
-0.0361082 -0.0207204 0.0222109
-0.0360729 -0.0200977 0.021955
-0.0358914 -0.0193294 0.0216934
-0.0355737 -0.0183694 0.0214402
-0.0350994 -0.017227 0.0211765
-0.0345242 -0.0158961 0.0209384
-0.0338705 -0.0143598 0.0207401
-0.0331553 -0.0126318 0.0205857
-0.0324161 -0.0107318 0.0204913
-0.0316879 -0.00871815 0.0204681
-0.0309777 -0.00665098 0.0205014
-0.0302787 -0.00457933 0.020593
-0.0295746 -0.00250442 0.0207241
-0.0288467 -0.00046091 0.0208884
-0.0281159 0.00144318 0.021078
-0.027363 0.00314044 0.0212842
-0.0266176 0.00461986 0.0215378
-0.0259338 0.00584738 0.021837
-0.0253239 0.00683626 0.022193
-0.0248002 0.00760317 0.0225858
-0.0243839 0.00817377 0.0230099
-0.0240677 0.0085804 0.0234782
-0.023867 0.00881721 0.0239703
-0.0237625 0.0089105 0.0244928
-0.0237455 0.0088649 0.0250287
-0.0238306 0.00868563 0.025569
-0.0240051 0.00835129 0.026103
-0.0242828 0.00790171 0.0266164
-0.0246507 0.00736215 0.0271341
-0.0251053 0.00674162 0.0276314
-0.0256138 0.00604314 0.0280987
-0.0261534 0.00529904 0.0285308
-0.0266893 0.00448717 0.0289286
-0.0271807 0.00360239 0.0292986
-0.02762 0.00265424 0.0296141
-0.0279976 0.00164424 0.0298908
-0.0283068 0.000587941 0.0301533
-0.0285595 -0.000503352 0.0303985
-0.0287525 -0.0015863 0.0305997
-0.0288899 -0.00263547 0.0307632
-0.0289605 -0.00368084 0.0308782
-0.0289644 -0.00469787 0.0309245
-0.0288869 -0.00568698 0.0309166
-0.0287182 -0.00661158 0.0308354
-0.0284523 -0.00749956 0.0306872
-0.0280836 -0.00834265 0.0304773
-0.0276014 -0.00913232 0.0301916
-0.0270212 -0.00985923 0.0298388
-0.0265321 -0.0106217 0.0294385
-0.0259852 -0.011321 0.0289716
-0.0254064 -0.0119273 0.0284395
-0.0248057 -0.0124255 0.0278546
-0.0240659 -0.0127299 0.02721
-0.0233571 -0.012944 0.0265489
-0.0226689 -0.0131097 0.0258825
-0.0220151 -0.0132 0.0251906
-0.0213987 -0.0132004 0.0244919
-0.0208363 -0.0131066 0.0237792
-0.0203157 -0.0129572 0.0230633
-0.0198582 -0.0127521 0.0223546
-0.019456 -0.0125274 0.0216872
-0.0191201 -0.0122448 0.0210614
-0.0188723 -0.0119168 0.0204938
-0.0187159 -0.0115836 0.0199738
-0.0186513 -0.0112555 0.0195284
-0.018693 -0.0109093 0.0191612
-0.0188586 -0.0105674 0.0188892
-0.0191517 -0.0102517 0.0186914
-0.0195631 -0.0099587 0.0185648
-0.0200488 -0.00968504 0.0185032
-0.0206047 -0.00946518 0.0185165
-0.0212174 -0.00933668 0.0185788
-0.0218689 -0.00926819 0.0186919
-0.0225412 -0.00922369 0.0188382
-0.0232223 -0.00923298 0.0190246
-0.023889 -0.0093395 0.0192356
-0.0245313 -0.00951979 0.0194632
-0.0251508 -0.0097513 0.0197069
-0.0257137 -0.0100161 0.0199606
-0.0262203 -0.0103419 0.0202121
-0.0266903 -0.0107236 0.020479
-0.0270742 -0.0111493 0.0207608
-0.0273794 -0.0115773 0.0210388
-0.0276023 -0.0120121 0.0213103
-0.0277117 -0.0124571 0.0215578
-0.0277312 -0.0129156 0.0217852
-0.0276604 -0.0133644 0.0220058
-0.02749 -0.0137943 0.0222119
-0.0272153 -0.014202 0.0224032
-0.0268726 -0.0146402 0.0225894
-0.0264906 -0.0150752 0.0227628
-0.0260567 -0.0154942 0.0229124
-0.0256255 -0.0158877 0.0230653
-0.025217 -0.0162461 0.0232063
-0.0248003 -0.0165811 0.0233164
-0.0243623 -0.0168648 0.0234034
-0.0239462 -0.017116 0.0234665
-0.0235427 -0.0173515 0.0235141
-0.0231512 -0.0175925 0.0235468
-0.0227811 -0.0178375 0.0235566
-0.022454 -0.0180756 0.0235832
-0.0221814 -0.0182606 0.0236294
-0.0219914 -0.0183876 0.0236809
-0.021845 -0.0184812 0.0237536
-0.0217901 -0.0185445 0.0238161
-0.0217851 -0.018593 0.0238867
-0.021861 -0.0186396 0.0239716
-0.0220036 -0.018645 0.0240618
-0.0221959 -0.0185988 0.0241515
-0.0224405 -0.0184961 0.024241
-0.0227426 -0.0183674 0.0243042
-0.0230534 -0.0181961 0.0243617
-0.0233714 -0.0179707 0.0244198
-0.0236776 -0.0177142 0.0244672
-0.0239591 -0.0174561 0.0245012
-0.0242421 -0.0172328 0.0245139
-0.0245037 -0.0170297 0.0245034
-0.0247204 -0.0168315 0.0244799
-0.0249051 -0.0166207 0.0244118
-0.0250485 -0.0164026 0.0243216
-0.0251095 -0.016188 0.024195
-0.0251198 -0.0159991 0.0240568
-0.0250592 -0.0158427 0.0238764
-0.0249046 -0.0157062 0.023654
-0.0246861 -0.015598 0.0234098
-0.0243718 -0.0155329 0.0231596
-0.0239955 -0.0155092 0.0229028
-0.0235503 -0.0155029 0.0226669
-0.0230154 -0.0155322 0.0224239
-0.0224296 -0.0155986 0.0221859
-0.0217873 -0.0157108 0.0219645
-0.0210983 -0.0158578 0.0217598
-0.0203901 -0.0160532 0.0215766
-0.0196749 -0.016288 0.0214288
-0.0189885 -0.0165171 0.0213097
-0.0183424 -0.0167528 0.0212415
-0.0177521 -0.0168609 0.0212541
-0.0171622 -0.0169605 0.0213393
-0.0166236 -0.0170023 0.0215315
-0.0160967 -0.0169369 0.0217918
-0.0156116 -0.016741 0.0221391
-0.0151409 -0.0164172 0.0225251
-0.0146513 -0.016018 0.0229535
-0.0141026 -0.015589 0.0233949
-0.0134907 -0.015101 0.0238394
-0.0127346 -0.0147491 0.0242832
-0.0118662 -0.0144795 0.0246893
-0.0108774 -0.0143531 0.0250724
-0.00980602 -0.0143662 0.0254235
-0.00862444 -0.0145338 0.0257433
-0.00738533 -0.0148754 0.0260216
-0.00613691 -0.0153747 0.0262638
-0.00492212 -0.0160259 0.0264707
-0.0037862 -0.0167987 0.0266445
-0.00269171 -0.017719 0.0268056
-0.00170408 -0.0187071 0.0269677
-0.000797657 -0.0197818 0.0271394
-9.86598e-05 -0.0208312 0.027322
0.00051323 -0.0218785 0.0274875
0.0010158 -0.0228689 0.0276449
0.00153403 -0.0239233 0.0277769
0.00193188 -0.0248566 0.0278862
0.0021676 -0.0255934 0.0279699
0.00219908 -0.0260437 0.0280661
0.00204352 -0.0261729 0.0281936
0.00171548 -0.0259904 0.0283618
0.00118881 -0.0255133 0.0285739
0.000509597 -0.0247679 0.0288013
-0.000293894 -0.0237747 0.029023
-0.00119696 -0.0225658 0.0292044
-0.0021083 -0.0212999 0.0293057
-0.00299554 -0.0198871 0.0293351
-0.00390936 -0.0181222 0.0292749
-0.00472491 -0.0162239 0.0291183
-0.00542901 -0.014298 0.0288852
-0.00599773 -0.0124634 0.0285745
-0.00639657 -0.0108578 0.0281604
-0.00665986 -0.00952739 0.0276802
-0.00682486 -0.00843894 0.0271661
-0.00687811 -0.00757063 0.0266066
-0.00684454 -0.00688908 0.0260126
-0.00678905 -0.00638502 0.025386
-0.00672223 -0.00602468 0.0247199
-0.00664616 -0.00579105 0.0240451
-0.0065989 -0.00566955 0.0233355
-0.00657025 -0.00565686 0.0226076
-0.00654408 -0.00576993 0.0218637
-0.00653151 -0.00600768 0.0211305
-0.00650116 -0.00636061 0.0203967
-0.00631492 -0.00701896 0.0197006
-0.00609174 -0.0077681 0.0190434
-0.00581291 -0.00861372 0.0184285
-0.00552006 -0.00955914 0.0178574
-0.00524306 -0.0105939 0.0173527
-0.00498576 -0.0117011 0.0169083
-0.00491199 -0.0127461 0.0165351
-0.00487387 -0.0138614 0.0162183
-0.00487176 -0.0150358 0.0159526
-0.00489123 -0.0162227 0.0157005
-0.00493115 -0.0174528 0.0154758
-0.00496126 -0.0187043 0.0152798
-0.00484691 -0.020082 0.0151049
-0.00470342 -0.0214545 0.0149788
-0.00452688 -0.0228205 0.0148905
-0.00447072 -0.0240962 0.0148092
-0.00441309 -0.0253753 0.0147731
-0.00436414 -0.0266613 0.0147859
-0.00435161 -0.0279213 0.0148593
-0.00439569 -0.0291461 0.0150179
-0.00450275 -0.0303054 0.0152742
-0.0046815 -0.0313995 0.015637
-0.00494124 -0.0324048 0.0161003
-0.005299 -0.0332915 0.0166591
-0.00573156 -0.0340492 0.0172955
-0.00621067 -0.0346638 0.018012
-0.00671432 -0.0351399 0.0188065
-0.00723911 -0.0354922 0.0196675
-0.00776051 -0.0357417 0.0205661
-0.00827186 -0.0358869 0.0215045
-0.00876133 -0.0359371 0.0224923
-0.00921684 -0.0358982 0.0235058
-0.00952604 -0.0357637 0.0245302
-0.00980944 -0.0355795 0.0255481
-0.010147 -0.0353456 0.0265296
-0.0104454 -0.03503 0.0274709
-0.0106945 -0.0346506 0.028366
-0.0109021 -0.0342513 0.0291933
-0.0110788 -0.0338521 0.0299444
-0.0111999 -0.0334584 0.0306233
-0.0112619 -0.0330951 0.0312244
-0.0112868 -0.0327588 0.0317437
-0.0112475 -0.0324542 0.0321998
-0.0111582 -0.0321974 0.0325946
-0.0110279 -0.0319758 0.03292
-0.0108746 -0.0318081 0.0331965
-0.0106883 -0.0316798 0.0333919
-0.010507 -0.0316076 0.0335179
-0.0103481 -0.0315968 0.0335857
-0.0102081 -0.0316253 0.0335802
-0.0100983 -0.0317111 0.0335296
-0.0100333 -0.0318598 0.0334327
-0.010013 -0.0320641 0.0332803
-0.0100354 -0.0323208 0.0330875
-0.0101051 -0.0326173 0.0328266
-0.0102033 -0.0329521 0.0325185
-0.0103512 -0.0333257 0.0321235
-0.0105416 -0.0337376 0.0316555
-0.0107635 -0.0341678 0.0311542
-0.01103 -0.0346345 0.0306152
-0.0113567 -0.0351452 0.0300484
-0.0117027 -0.0356863 0.0294608
-0.0120651 -0.0362573 0.0288844
-0.0124683 -0.0368457 0.0283043
-0.0129082 -0.0374358 0.0277409
-0.0133973 -0.038038 0.0271863
-0.0139292 -0.0386299 0.0266324
-0.0145026 -0.0391934 0.0260992
-0.015127 -0.0397305 0.0255913
-0.0157831 -0.0402519 0.0251099
-0.0164419 -0.0407761 0.0246558
-0.0171419 -0.0413054 0.0242246
-0.0178455 -0.0418123 0.0238239
-0.0185527 -0.0422803 0.0234394
-0.0192547 -0.0427019 0.0230647
-0.0199281 -0.0430503 0.0226998
-0.0205722 -0.0433348 0.0223541
-0.0211935 -0.043558 0.0220151
-0.0217394 -0.0437273 0.0217274
-0.0222335 -0.0438596 0.021462
-0.022694 -0.0439537 0.0212206
-0.023109 -0.0440096 0.0210041
-0.0234908 -0.0440401 0.0207782
-0.023844 -0.0440471 0.0205678
-0.0241406 -0.0440202 0.0203645
-0.0244012 -0.0439707 0.0201565
-0.0246494 -0.0439209 0.0199445
-0.0248525 -0.0438908 0.019743
-0.02501 -0.0438735 0.0195506
-0.0251297 -0.0438606 0.0193514
-0.0252027 -0.0438671 0.0191694
-0.0252321 -0.0438649 0.0190094
-0.0252342 -0.043852 0.0188529
-0.0252337 -0.043841 0.0187232
-0.0252197 -0.0438225 0.0186344
-0.0252345 -0.0438207 0.0185834
-0.0252899 -0.043819 0.0186041
-0.0253698 -0.0437948 0.0186636
-0.025499 -0.0437595 0.018758
-0.0256873 -0.0436867 0.0189033
-0.0259174 -0.0435585 0.0190958
-0.0261809 -0.0433769 0.0193136
-0.0264806 -0.0431574 0.0195595
-0.026807 -0.0428957 0.0198552
-0.0271145 -0.0426125 0.0201637
-0.027382 -0.0423301 0.0204962
-0.0276038 -0.0420475 0.0208174
-0.0278098 -0.0417489 0.0211294
-0.028002 -0.041453 0.0214467
-0.0281855 -0.0411869 0.0217715
-0.0283422 -0.0409466 0.0220955
-0.0284941 -0.0407348 0.0223928
-0.0286654 -0.0405457 0.0226599
-0.0288724 -0.040414 0.0228854
-0.0290846 -0.0402987 0.023076
-0.0292805 -0.0401933 0.0232089
-0.0294595 -0.0401222 0.0232911
-0.0296109 -0.0400594 0.0233257
-0.0296936 -0.039986 0.023319
-0.0297237 -0.0399206 0.0232601
-0.0297247 -0.0398404 0.0231812
-0.029694 -0.0397358 0.0230799
-0.0296454 -0.039623 0.0229433
-0.0296144 -0.039507 0.0227787
-0.0295984 -0.0393578 0.0225773
-0.0296057 -0.0391618 0.0223528
-0.0296167 -0.0389564 0.022085
-0.0296305 -0.0387584 0.0217652
-0.0296074 -0.0385527 0.0213961
-0.0295381 -0.0383061 0.0209975
-0.0293655 -0.0379963 0.0205909
-0.0291007 -0.0376024 0.020181
-0.0285053 -0.0368907 0.0197578
-0.0277783 -0.0360561 0.0193404
-0.0269278 -0.0351221 0.0189348
-0.0261485 -0.0342542 0.018567
-0.0252338 -0.0331821 0.0182087
-0.0241179 -0.0318349 0.0178563
-0.022946 -0.0302689 0.0175016
-0.0217432 -0.0284843 0.0171458
-0.0205337 -0.026536 0.0168044
-0.0193548 -0.0244429 0.0165114
-0.0181602 -0.0221225 0.0162801
-0.0170597 -0.0197131 0.0161435
-0.016048 -0.0172583 0.0160847
-0.0152662 -0.015201 0.016121
-0.0145885 -0.0132535 0.0162414
-0.0140291 -0.0114945 0.0164269
-0.013596 -0.010007 0.0166871
-0.0133088 -0.00880764 0.0170184
-0.0131941 -0.00789475 0.0174188
-0.0130504 -0.00690897 0.0178946
-0.0130984 -0.00616122 0.0184244
-0.0133015 -0.00562974 0.0190149
-0.0136156 -0.00528706 0.0196598
-0.0140076 -0.00515085 0.0203546
-0.0144231 -0.00520456 0.0210487
-0.0148577 -0.00541637 0.0217578
-0.01529 -0.00578562 0.0224757
-0.0157515 -0.00630385 0.0231928
-0.016211 -0.00697611 0.0238965
-0.0166786 -0.00781826 0.0245771
-0.0171352 -0.00881252 0.0252517
-0.0175396 -0.00993675 0.0259053
-0.0178444 -0.0111843 0.0265303
-0.0180459 -0.0124934 0.0271407
-0.0181366 -0.0138703 0.0277158
-0.018108 -0.0152928 0.0282488
-0.0179563 -0.0167551 0.0287404
-0.0176792 -0.018256 0.0291832
-0.0172783 -0.0197957 0.0295904
-0.0167511 -0.0213236 0.0299465
-0.0160872 -0.0227936 0.0302126
-0.0154617 -0.0243405 0.0303932
-0.0147298 -0.0257944 0.0304745
-0.0139119 -0.0271649 0.0304686
-0.013017 -0.0284565 0.0303959
-0.012071 -0.0296438 0.0302564
-0.0110824 -0.0307468 0.03005
-0.0100674 -0.0317624 0.0297766
-0.00904296 -0.0327022 0.0294377
-0.00803044 -0.0335436 0.0290398
-0.00688653 -0.0342216 0.0285823
-0.00580813 -0.0348244 0.0280744
-0.00479119 -0.035336 0.0275172
-0.00381855 -0.0357351 0.0269189
-0.00290839 -0.0360246 0.0263108
-0.00206527 -0.0361907 0.0256661
-0.00128892 -0.0362742 0.0250095
-0.000584907 -0.0362964 0.0243315
1.80902e-05 -0.0362945 0.0236476
0.000513243 -0.0362178 0.0229777
0.000871579 -0.0360731 0.0223376
0.00109043 -0.0358997 0.0217198
0.00120438 -0.0356738 0.0211468
0.00120531 -0.0353832 0.0206386
0.00109115 -0.0350695 0.0202078
0.000872582 -0.0347456 0.0198368
0.00058153 -0.0344206 0.0195299
0.000233072 -0.0340987 0.0192795
-0.000178165 -0.0338167 0.0190898
-0.00064258 -0.0335751 0.0189665
-0.00112487 -0.033388 0.01889
-0.0016036 -0.0332403 0.0188691
-0.00206022 -0.0331085 0.0189247
-0.00249018 -0.0330442 0.019011
-0.00289087 -0.0330423 0.0191397
-0.00323992 -0.0330888 0.0192946
-0.0035156 -0.0332123 0.0194712
-0.00373255 -0.0334264 0.0196514
-0.00389434 -0.0336879 0.0198631
-0.00396206 -0.0340172 0.0200801
-0.00393286 -0.0343614 0.0202932
-0.00378535 -0.0346896 0.0204921
-0.00350004 -0.0350203 0.020688
-0.00307941 -0.0353526 0.020889
-0.0025721 -0.0356774 0.0210856
-0.00196097 -0.0360001 0.0212879
-0.00125604 -0.0363579 0.0215083
-0.000495475 -0.0367404 0.0217386
0.000315622 -0.037134 0.0219614
0.001165 -0.037499 0.0221974
0.00200587 -0.0378146 0.0224603
0.00284592 -0.0380882 0.0227352
0.00365915 -0.0383403 0.0230117
0.00448462 -0.0385939 0.0232809
0.00528837 -0.0388419 0.0235373
0.00608683 -0.0390866 0.0237877
0.00684621 -0.0393137 0.0240414
0.00759471 -0.0395061 0.0242746
0.00827404 -0.0396416 0.0244817
0.00891304 -0.0397568 0.0246714
0.00947443 -0.0398586 0.0248883
0.009953 -0.0399405 0.0251277
0.0103589 -0.0399948 0.0253616
0.0107085 -0.0400278 0.0255841
0.0109814 -0.04004 0.0258018
0.0112109 -0.0400407 0.0260166
0.0113761 -0.0400054 0.0262495
0.0114777 -0.0399 0.0264486
0.0115661 -0.0397157 0.0266222
0.011617 -0.0395118 0.026782
0.0116748 -0.0393157 0.0269268
0.0117122 -0.0391201 0.0270549
0.0117348 -0.0389093 0.0271497
0.0117712 -0.0386743 0.0272206
0.0118089 -0.0384322 0.0272512
0.0118505 -0.0381991 0.0272422
0.0119259 -0.0379764 0.0272128
0.012021 -0.0377228 0.0271546
0.012124 -0.037459 0.0270628
0.0122672 -0.0371884 0.0269369
0.0124661 -0.0369218 0.026794
0.0127198 -0.0367103 0.0266217
0.0130386 -0.0365413 0.0264118
0.0134116 -0.0363666 0.0262002
0.0138614 -0.0361599 0.0259582
0.0143752 -0.0359671 0.0256937
0.0149569 -0.0358239 0.0254045
0.0155992 -0.0357331 0.0251055
0.0162927 -0.0356796 0.0248123
0.0169965 -0.035662 0.0245139
0.0177119 -0.0356452 0.0242327
0.018383 -0.0356546 0.0239811
0.0190367 -0.0356848 0.0237607
0.0196771 -0.0357563 0.0235772
0.0202578 -0.0358467 0.0234337
0.0208075 -0.0359596 0.0233512
0.0213587 -0.0360609 0.0233122
0.0219095 -0.0361418 0.0233134
0.0224508 -0.0361943 0.0233925
0.0229762 -0.0362466 0.0235325
0.0234969 -0.0362738 0.0237143
0.0239624 -0.0362657 0.0239513
0.0243921 -0.0362416 0.0242319
0.0247356 -0.0362112 0.0245476
0.0249994 -0.036191 0.024923
0.0251985 -0.0361606 0.0253401
0.0253347 -0.0360965 0.0258008
0.0254397 -0.0360181 0.0263081
0.025549 -0.0359222 0.0268318
0.0256609 -0.0358132 0.027352
0.0257823 -0.0356745 0.0278597
0.025891 -0.0354933 0.0283716
0.0259871 -0.03524 0.0289095
0.0260713 -0.0349653 0.0294597
0.0261651 -0.0346748 0.030033
0.0262508 -0.0343676 0.0306291
0.0262695 -0.0340353 0.0312307
0.0262387 -0.0336695 0.0318335
0.0261718 -0.0332114 0.0324415
0.0260286 -0.0326523 0.0330194
0.0258082 -0.032006 0.0335829
0.0255112 -0.0312586 0.0341329
0.025119 -0.0303715 0.034648
0.0246275 -0.0292736 0.0351286
0.0240271 -0.0279732 0.0355706
0.0232741 -0.0264671 0.0359732
0.0223686 -0.0247414 0.0363549
0.0212831 -0.0228246 0.0367325
0.0201168 -0.0207451 0.0370872
0.0188737 -0.0185505 0.037413
0.0175765 -0.0162555 0.0376918
0.0162979 -0.0139172 0.0378931
0.015018 -0.0113569 0.0379887
0.0137733 -0.00882996 0.0379951
0.0125733 -0.00642549 0.0379207
0.0113998 -0.00422523 0.0377581
0.0105599 -0.00263712 0.0375251
0.00987793 -0.00132237 0.0372601
0.00937185 -0.000263441 0.0369689
0.00884743 0.000904549 0.0366278
0.00848984 0.00180647 0.0362234
0.00829706 0.00245483 0.0357527
0.00821949 0.00288073 0.0352325
0.00822752 0.00311415 0.0346522
0.00830011 0.00315961 0.0340254
0.0084581 0.0030262 0.0333717
0.00870254 0.00273383 0.0326837
0.00904706 0.00228734 0.0319797
0.00946384 0.00172039 0.0313057
0.00994378 0.00104779 0.0306632
0.0104572 0.000266162 0.0300432
0.0109801 -0.000628155 0.0294488
0.0114843 -0.00165158 0.0288859
0.011944 -0.00279163 0.0283712
0.0123569 -0.00397916 0.0278902
0.0127194 -0.00518523 0.0274595
0.0130262 -0.00637568 0.0270982
0.0132617 -0.00759662 0.0267867
0.0134089 -0.00884319 0.0265287
0.0134416 -0.0100972 0.0263449
0.0133715 -0.0113353 0.0262223
0.0131598 -0.0125243 0.0261948
0.0127992 -0.013672 0.0262547
0.0124762 -0.0148686 0.026379
0.0120598 -0.015988 0.02657
0.0115241 -0.0170113 0.0268444
0.0109128 -0.0179136 0.0271943
0.0102644 -0.0187123 0.0276045
0.00957571 -0.0194024 0.0280855
0.00870989 -0.0199273 0.0286642
0.0078236 -0.0203607 0.029291
0.00693199 -0.0206807 0.0299974
0.0060275 -0.0208966 0.0307755
0.0051372 -0.020991 0.0316092
0.00425836 -0.0209655 0.0324804
0.00338614 -0.0208369 0.0333572
0.00254859 -0.0206271 0.0342738
0.0017565 -0.0203186 0.0352107
0.00101438 -0.0199328 0.0361469
0.000351547 -0.0194879 0.0370712
-0.000210194 -0.0190051 0.0379532
-0.000672359 -0.0184864 0.0387702
-0.00100504 -0.0179224 0.0395088
-0.00120525 -0.0173375 0.0401757
-0.00127853 -0.0167589 0.0407859
-0.00122637 -0.0161967 0.0413145
-0.00103658 -0.0156571 0.0417443
-0.000737939 -0.0151449 0.0420719
-0.000366011 -0.0146738 0.0423094
6.51376e-05 -0.0142544 0.0424832
0.000529466 -0.0138758 0.0426088
0.00102273 -0.013545 0.0426837
0.00153025 -0.0132696 0.0426995
0.002021 -0.0130477 0.0426365
0.00249778 -0.0128745 0.0425116
0.00296365 -0.012773 0.0423417
0.00337623 -0.0127338 0.0421479
0.00374951 -0.0127363 0.0419323
0.00404697 -0.0127885 0.041695
0.00427682 -0.0128942 0.0414352
0.0044139 -0.0130514 0.0411496
0.00444572 -0.0132343 0.0408661
0.00438149 -0.0134299 0.0405727
0.00419761 -0.0136517 0.0402553
0.00389043 -0.0139179 0.0399161
0.00348279 -0.0142129 0.0395938
0.00297211 -0.0144969 0.0392793
0.00240301 -0.0147715 0.0389735
0.00177528 -0.0150143 0.0386937
0.00110805 -0.01522 0.038428
0.000419475 -0.0153953 0.0382043
-0.000282311 -0.0155661 0.038002
-0.00100203 -0.0157228 0.0378205
-0.00170796 -0.0158624 0.0376594
-0.0023956 -0.0159721 0.0375145
-0.00306051 -0.016059 0.0373722
-0.00371722 -0.0161112 0.0372379
-0.00435135 -0.0161115 0.0371209
-0.00494328 -0.016105 0.0370196
-0.00550392 -0.0160943 0.0369218
-0.00600597 -0.016051 0.0368233
-0.00643696 -0.0159916 0.0367178
-0.00680291 -0.015918 0.036602
-0.00709901 -0.0158047 0.036501
-0.00733593 -0.0156426 0.0364202
-0.00751177 -0.0154063 0.0363438
-0.00762256 -0.0150996 0.0362997
-0.00767016 -0.0147488 0.0362716
-0.00767545 -0.0143604 0.0362638
-0.00765031 -0.0139509 0.0362573
-0.00759358 -0.0135453 0.0362606
-0.00752403 -0.013123 0.0362961
-0.00743515 -0.0126926 0.0363525
-0.00736636 -0.0122497 0.0364255
-0.00731757 -0.0117685 0.0365276
-0.00730094 -0.0112676 0.0366491
-0.00732619 -0.0107729 0.0367923
-0.00739665 -0.0103067 0.0369531
-0.00752452 -0.0098738 0.037136
-0.00771367 -0.00945369 0.0373201
-0.00797538 -0.00904767 0.03752
-0.00828435 -0.00864727 0.0377273
-0.008661 -0.00824449 0.0379347
-0.00909347 -0.0078416 0.0381638
-0.00957432 -0.00744324 0.0384121
-0.0100987 -0.00707639 0.0386835
-0.010648 -0.00671187 0.0389747
-0.0112126 -0.00637109 0.0392754
-0.0118199 -0.00605713 0.0395837
-0.0124626 -0.00576706 0.0398703
-0.0131503 -0.00550676 0.0401572
-0.0138819 -0.00527388 0.0404385
-0.0146517 -0.00507791 0.0406878
-0.0154496 -0.00489567 0.0408759
-0.0162348 -0.00472036 0.0410058
-0.0169996 -0.00457369 0.0410556
-0.0177314 -0.0044452 0.0410245
-0.0183952 -0.00434376 0.040925
-0.0188982 -0.00417694 0.0407539
-0.0193356 -0.0040012 0.0405155
-0.0197083 -0.00381072 0.0402147
-0.020065 -0.00355267 0.0398377
-0.0204321 -0.00318604 0.0393867
-0.0208581 -0.00273954 0.038863
-0.0213469 -0.00225421 0.0383053
-0.0220003 -0.00168855 0.0377559
-0.0226599 -0.00130633 0.0372096
-0.023398 -0.00106218 0.0366919
-0.0241939 -0.000970349 0.0362337
-0.0249978 -0.00100903 0.0358126
-0.0257757 -0.00117569 0.0354243
-0.0265028 -0.00144067 0.0350637
-0.0271828 -0.00177031 0.0347384
-0.0277937 -0.00216748 0.034443
-0.02846 -0.00263615 0.0341524
-0.0290401 -0.00318471 0.0338542
-0.0295378 -0.00381376 0.0335668
-0.0298707 -0.00444302 0.0332823
-0.0301586 -0.00509812 0.0329983
-0.0303947 -0.00571899 0.0327368
-0.0305731 -0.00624513 0.0324864
-0.0306844 -0.00664129 0.0322477
-0.0307957 -0.00694213 0.0320396
-0.0307894 -0.00699572 0.0318499
-0.0306271 -0.00680552 0.0316762
-0.0303217 -0.0063677 0.0315254
-0.0298631 -0.00570494 0.0313843
-0.029259 -0.00485179 0.0312682
-0.0285288 -0.00383543 0.0312123
-0.0277239 -0.00270708 0.0312117
-0.026878 -0.00148965 0.0312879
-0.0260406 -0.000208708 0.0314344
-0.0252593 0.00112664 0.0316644
-0.0245909 0.00249508 0.0319583
-0.0240441 0.00382788 0.0322956
-0.0236479 0.00509318 0.0326891
-0.0234346 0.00625029 0.0331348
-0.023362 0.00727958 0.0336346
-0.0234444 0.0081763 0.0341641
-0.0236276 0.0089368 0.0347257
-0.0238775 0.009592 0.035336
-0.0241474 0.0101307 0.0359749
-0.0244537 0.0105497 0.0366352
-0.0247655 0.0108665 0.037301
-0.0251174 0.0110868 0.0379808
-0.0256923 0.0109799 0.0386751
-0.0261712 0.0110119 0.0393565
-0.0267498 0.0109615 0.0400277
-0.0274159 0.0108206 0.0406642
-0.0281392 0.0105642 0.0412648
-0.0288872 0.0101977 0.0418253
-0.0296275 0.00972972 0.0423387
-0.0303436 0.00914978 0.0428359
-0.031025 0.0084438 0.0432816
-0.0316551 0.00764312 0.0436795
-0.0322479 0.00672066 0.0440156
-0.0327985 0.0057333 0.0442803
-0.0332809 0.00469498 0.044495
-0.0336947 0.00361242 0.0446683
-0.0340617 0.00250027 0.044787
-0.0343594 0.00136799 0.0448752
-0.0345776 0.000243894 0.0449298
-0.0347245 -0.000885011 0.0449296
-0.0348098 -0.00203044 0.0448704
-0.0348059 -0.00313933 0.0447449
-0.0347235 -0.00420033 0.0445522
-0.0345682 -0.00520885 0.0442971
-0.0343591 -0.00618405 0.0439754
-0.0341077 -0.00710439 0.0435842
-0.0338193 -0.00796884 0.0431035
-0.0335049 -0.00879106 0.0425473
-0.0331639 -0.00952557 0.0419289
-0.0328237 -0.0101713 0.0412676
-0.0324908 -0.0107 0.0405413
-0.0321685 -0.0111552 0.0397694
-0.031852 -0.0115303 0.0389752
-0.0315846 -0.0118375 0.0381753
-0.031343 -0.0120858 0.0373729
-0.0311596 -0.0122505 0.0365803
-0.0310421 -0.012366 0.035806
-0.0309986 -0.0124459 0.0350643
-0.031047 -0.0124802 0.0343734
-0.0311897 -0.0124397 0.0337267
-0.0314438 -0.0123523 0.0331481
-0.0317945 -0.0122692 0.0326316
-0.0322484 -0.0121747 0.0321881
-0.0328025 -0.0120566 0.0318315
-0.0334635 -0.0119485 0.031529
-0.0342027 -0.011868 0.0312839
-0.0349967 -0.0118103 0.0311179
-0.0358108 -0.0117981 0.0310123
-0.0366402 -0.0118206 0.0309556
-0.0374854 -0.0118783 0.030937
-0.0383206 -0.0119719 0.0309723
-0.039149 -0.0120871 0.0310478
-0.039965 -0.0122605 0.0311533
-0.0407514 -0.0124935 0.0312973
-0.0415002 -0.012769 0.0314839
-0.0422309 -0.0131022 0.0316887
-0.0429176 -0.0135041 0.0319198
-0.0435269 -0.0139653 0.0321778
-0.0440767 -0.0144576 0.0324439
-0.0445456 -0.0149314 0.0327282
-0.0449161 -0.0154325 0.03301
-0.0452124 -0.0159476 0.0333181
-0.0454388 -0.0164893 0.033636
-0.0455816 -0.0170468 0.0339698
-0.0456726 -0.0176245 0.034311
-0.0457186 -0.0182608 0.0346667
-0.0457033 -0.0189153 0.0350245
-0.045673 -0.019571 0.0353947
-0.0456323 -0.0201945 0.035757
-0.045591 -0.0207732 0.036128
-0.0455664 -0.0213481 0.0364809
-0.0455063 -0.0219256 0.0368304
-0.0454549 -0.0225095 0.0371613
-0.045396 -0.0230869 0.0374928
-0.0453268 -0.023635 0.0378079
-0.0452565 -0.0241154 0.0381442
-0.0451711 -0.0245516 0.0384642
-0.0450778 -0.0249709 0.0387677
-0.0450316 -0.0254089 0.0390738
-0.044988 -0.0257955 0.0393963
-0.0449741 -0.0261317 0.0397273
-0.044985 -0.0264139 0.0400436
-0.0450138 -0.0266582 0.0403287
-0.0450726 -0.0268321 0.0406064
-0.0451517 -0.0269536 0.0408638
-0.0452486 -0.0269951 0.0411136
-0.0453638 -0.0269565 0.0413569
-0.0454908 -0.0268432 0.0415737
-0.0456322 -0.0267163 0.0417681
-0.0457758 -0.0265874 0.0419589
-0.0458871 -0.026484 0.042124
-0.0459682 -0.0263661 0.0422602
-0.0460395 -0.0262018 0.0423704
-0.0460572 -0.0260105 0.0424687
-0.04604 -0.0258185 0.0425736
-0.0460075 -0.0256481 0.042671
-0.0459461 -0.0255381 0.0427544
-0.0458512 -0.0254462 0.0428215
-0.0457158 -0.0253864 0.0428623
-0.0455621 -0.0253714 0.0429055
-0.0453873 -0.0253929 0.0429382
-0.0451672 -0.0254471 0.0429928
-0.0448929 -0.0255272 0.0430418
-0.0445906 -0.025627 0.0430685
-0.0442525 -0.0257774 0.0431036
-0.0438916 -0.0260096 0.0431506
-0.0435403 -0.0262952 0.0432039
-0.0432584 -0.0264638 0.0432709
-0.0429669 -0.0266173 0.043383
-0.042674 -0.026716 0.0435516
-0.042361 -0.0267215 0.0437602
-0.0420762 -0.0266019 0.04404
-0.0417952 -0.0263596 0.0443892
-0.0415102 -0.0260263 0.0447918
-0.0411735 -0.0256201 0.0452005
-0.0407564 -0.0251761 0.0456074
-0.0402387 -0.0247147 0.0460044
-0.0395832 -0.0242441 0.0463582
-0.0388662 -0.023717 0.0466789
-0.0380298 -0.0232348 0.0469826
-0.0369724 -0.0229613 0.0472466
-0.0358031 -0.0228139 0.0474852
-0.0345412 -0.0227865 0.0476806
-0.0332118 -0.0229209 0.047824
-0.0318512 -0.0232391 0.0478972
-0.0304991 -0.0237328 0.0478616
-0.0291611 -0.0243793 0.0477367
-0.0278332 -0.0251513 0.0475059
-0.026539 -0.0260257 0.0471979
-0.0252927 -0.0269962 0.0468307
-0.0241306 -0.028078 0.0464239
-0.0230675 -0.0292503 0.0460312
-0.0221327 -0.0304908 0.0456845
-0.0212778 -0.0318944 0.0453971
-0.0206356 -0.033225 0.0451672
-0.0201747 -0.0345562 0.0449856
-0.0199181 -0.0358886 0.0448572
-0.0198514 -0.037155 0.0447991
-0.0199815 -0.0382502 0.0447926
-0.0202959 -0.0390834 0.0448289
-0.0207467 -0.0395916 0.0449082
-0.0213358 -0.0397992 0.0450191
-0.0220217 -0.0397412 0.0451525
-0.0227741 -0.0394883 0.0452906
-0.0236016 -0.0389555 0.0454238
-0.0244655 -0.0381268 0.045528
-0.0253289 -0.0370554 0.0455915
-0.0261663 -0.0358142 0.0456033
-0.0269461 -0.0344006 0.0455511
-0.0276243 -0.0328062 0.0454161
-0.0281982 -0.0310435 0.0452014
-0.0286433 -0.0291605 0.0448969
-0.0289261 -0.0272155 0.0445218
-0.0291203 -0.0253181 0.0440815
-0.0292546 -0.0235722 0.0435922
-0.0293385 -0.022046 0.0430626
-0.0294002 -0.0207415 0.0425166
-0.0294566 -0.0196119 0.0419661
-0.0293579 -0.0188731 0.0414197
-0.0292805 -0.0182512 0.040872
-0.029319 -0.0175394 0.0403155
-0.0293703 -0.0169424 0.0397571
-0.0294608 -0.0164584 0.0392006
-0.0296075 -0.0160952 0.0386448
-0.0297966 -0.0158865 0.0380873
-0.0300238 -0.0158471 0.0375372
-0.03027 -0.0159739 0.0369782
-0.0304254 -0.0164722 0.0364174
-0.0305515 -0.0171219 0.0358677
-0.0306623 -0.0179109 0.0353315
-0.0307369 -0.0188014 0.0348077
-0.0307742 -0.0198134 0.03428
-0.0307913 -0.0209457 0.0337586
-0.0307908 -0.0221635 0.0332319
-0.0309114 -0.0233415 0.0327366
-0.0310182 -0.0246345 0.0322697
-0.0311377 -0.0260295 0.0318273
-0.0312408 -0.0274818 0.0314141
-0.0313692 -0.0289958 0.0310049
-0.0315259 -0.0305762 0.030632
-0.0316579 -0.032204 0.0302892
-0.0317959 -0.0338821 0.0299908
-0.0319366 -0.0355847 0.0297699
-0.0319538 -0.0373335 0.0296209
-0.0319833 -0.0390453 0.0295615
-0.0320119 -0.0407043 0.0296024
-0.0320423 -0.0422863 0.0297394
-0.0321086 -0.0437722 0.0299896
-0.0322321 -0.0451472 0.0303635
-0.0324208 -0.0464195 0.0308685
-0.032676 -0.0475454 0.031513
-0.0330168 -0.0485312 0.0322862
-0.0334303 -0.0493453 0.0331769
-0.0340352 -0.0500127 0.0341819
-0.0347005 -0.0505157 0.0352961
-0.0354139 -0.0508704 0.0365126
-0.0361449 -0.051075 0.0378073
-0.0368784 -0.0511424 0.0391459
-0.0376021 -0.0510613 0.0405155
-0.0383258 -0.0508529 0.041893
-0.0390596 -0.0505077 0.0432838
-0.0397819 -0.0500561 0.0446887
-0.0404959 -0.0495117 0.0460841
-0.0411949 -0.0488977 0.0474507
-0.0418823 -0.0482374 0.0487979
-0.0425464 -0.0475542 0.0501102
-0.0431586 -0.0468473 0.0514036
-0.0437171 -0.046148 0.0526584
-0.0442091 -0.045469 0.0538758
-0.0446464 -0.0448345 0.0550347
-0.0450187 -0.0442657 0.0561425
-0.0453317 -0.0437821 0.0571874
-0.0456276 -0.043399 0.0581713
-0.0459053 -0.0431249 0.0590773
-0.0461696 -0.0429287 0.0598984
-0.0464101 -0.0428226 0.0606125
-0.0466753 -0.042812 0.0612009
-0.0469448 -0.0428957 0.0616754
-0.0472199 -0.0430534 0.0620393
-0.0475035 -0.0433042 0.0622822
-0.0477937 -0.0436495 0.0623917
-0.0481016 -0.0440585 0.0623813
-0.0484175 -0.04457 0.0622652
-0.048746 -0.0451682 0.0620608
-0.0490786 -0.0458266 0.0617689
-0.0494429 -0.0465701 0.0614051
-0.0498549 -0.0473729 0.0609613
-0.0502913 -0.0482207 0.0604595
-0.0507488 -0.0491084 0.0599069
-0.0512672 -0.050035 0.0593409
-0.0518547 -0.0509701 0.0587611
-0.0525004 -0.0519072 0.0581798
-0.0531928 -0.0528456 0.0575929
-0.0539348 -0.0537747 0.0569891
-0.05471 -0.0547058 0.0563921
-0.0555124 -0.0556074 0.0558019
-0.0563194 -0.0564933 0.0552307
-0.0571468 -0.0573522 0.0546716
-0.0579604 -0.0581451 0.0541155
-0.0587686 -0.0588633 0.0535785
-0.0595782 -0.059489 0.0530529
-0.0603533 -0.0600374 0.0525608
-0.0611016 -0.0604929 0.052094
-0.061827 -0.0608447 0.0516667
-0.0624855 -0.0611025 0.0512576
-0.063072 -0.0612652 0.0508508
-0.0636074 -0.0613534 0.0504745
-0.0640619 -0.0613889 0.0501247
-0.0644265 -0.0614043 0.0497877
-0.0647418 -0.061383 0.0494609
-0.0649933 -0.0613607 0.0491353
-0.0651465 -0.061315 0.0488166
-0.0652583 -0.0612704 0.0484737
-0.0653369 -0.0612373 0.0481199
-0.0653629 -0.0612158 0.0477404
-0.0653295 -0.061189 0.0473453
-0.0652626 -0.0611776 0.0469348
-0.0651493 -0.0611712 0.0465319
-0.0649854 -0.0611593 0.0461193
-0.0647793 -0.0611655 0.045712
-0.0645435 -0.061179 0.0452957
-0.0642967 -0.061148 0.044888
-0.0640254 -0.0610693 0.0445094
-0.063737 -0.0609796 0.0441571
-0.0632699 -0.0607887 0.0438349
-0.0627992 -0.0605981 0.0435481
-0.0623433 -0.0604315 0.0433022
-0.0619202 -0.0602802 0.0430951
-0.0615328 -0.0601654 0.0429188
-0.061326 -0.0601926 0.04277
-0.0611466 -0.0602559 0.0426461
-0.0609836 -0.0603403 0.0425326
-0.0608373 -0.0604574 0.0424233
-0.0606976 -0.0606226 0.0423106
-0.0605743 -0.0608383 0.0421946
-0.0604387 -0.061141 0.0420667
-0.06029 -0.0615238 0.0419297
-0.0601391 -0.0619846 0.0417668
-0.0598685 -0.0624266 0.0416101
-0.0595955 -0.0629384 0.041457
-0.0593424 -0.0634726 0.0413077
-0.0591091 -0.0640372 0.0411865
-0.0589228 -0.0645963 0.0410892
-0.058779 -0.0651549 0.0409924
-0.0586874 -0.0657153 0.0409169
-0.0586754 -0.0662874 0.0408746
-0.0587204 -0.0668177 0.040834
-0.0589484 -0.067414 0.0408024
-0.0592019 -0.0679431 0.0407946
-0.0594693 -0.0684295 0.040814
-0.0597313 -0.0688566 0.0408327
-0.0599749 -0.0692091 0.0408838
-0.0601681 -0.0694726 0.0409737
-0.0603258 -0.0696444 0.0410717
-0.0604197 -0.0697262 0.0411814
-0.0604652 -0.0697081 0.0412842
-0.0604823 -0.0695715 0.0414009
-0.060426 -0.0693244 0.0415129
-0.0602991 -0.068955 0.0416276
-0.059868 -0.0682677 0.0417616
-0.0592988 -0.0674574 0.0419059
-0.0585795 -0.0665244 0.0420383
-0.057708 -0.0654834 0.0421807
-0.0566732 -0.0643178 0.0423206
-0.0554626 -0.0630348 0.042438
-0.0540923 -0.0616225 0.0425336
-0.052579 -0.0600675 0.0425858
-0.0509441 -0.0583659 0.0426075
-0.0491904 -0.0565367 0.0426002
-0.0473346 -0.0545729 0.0425685
-0.0454153 -0.0525124 0.0425104
-0.0434513 -0.0503973 0.0424208
-0.0415005 -0.048312 0.0423174
-0.0396445 -0.046331 0.0422295
-0.0379194 -0.0444554 0.0421845
-0.03633 -0.0426605 0.0421617
-0.0348998 -0.0409312 0.0421626
-0.0335098 -0.0391413 0.0421975
-0.0325802 -0.0378279 0.0423064
-0.032014 -0.036733 0.042496
-0.0318143 -0.0357874 0.0427462
-0.0319284 -0.0349301 0.0430637
-0.0322832 -0.0341277 0.0434688
-0.0328151 -0.0333695 0.0439604
-0.0334744 -0.0327301 0.0445288
-0.0342336 -0.0323326 0.0451374
-0.035077 -0.0322012 0.0457721
-0.0358248 -0.0319665 0.0464328
-0.0366996 -0.0318845 0.0471302
-0.0377743 -0.0324887 0.0478645
-0.0388754 -0.0333727 0.0486724
-0.039967 -0.0345191 0.0495499
-0.0410101 -0.0358727 0.0505046
-0.0419564 -0.0373724 0.0515474
-0.0426824 -0.0389708 0.0526393
-0.0431772 -0.0406644 0.0537275
-0.043391 -0.0424159 0.0547875
-0.043357 -0.0442157 0.0557889
-0.0430638 -0.0460264 0.0566959
-0.0422643 -0.0476859 0.0574769
-0.0412724 -0.0494099 0.0581515
-0.0401123 -0.0511988 0.0586974
-0.0389372 -0.0531156 0.0591171
-0.0376327 -0.0550443 0.0594117
-0.0362327 -0.0569947 0.0596128
-0.0347608 -0.0589566 0.0597159
-0.0332617 -0.0609225 0.0597265
-0.0317682 -0.0629126 0.0596655
-0.0303038 -0.0649076 0.0595183
-0.0288776 -0.0668629 0.0592934
-0.0275011 -0.0687517 0.0590025
-0.0261686 -0.0705575 0.0586437
-0.0246432 -0.0722021 0.0582017
-0.023192 -0.0737746 0.0577185
-0.0218212 -0.0752306 0.0571884
-0.020561 -0.0765165 0.0566291
-0.0194291 -0.0776454 0.0560319
-0.0184238 -0.0786286 0.0554238
-0.017565 -0.0794791 0.0548061
-0.0168675 -0.0801833 0.0541907
-0.0163247 -0.0807474 0.0535961
-0.0159253 -0.0811879 0.0530451
-0.0156917 -0.0815119 0.0525237
-0.015606 -0.0817469 0.0520273
-0.0156661 -0.0819068 0.051565
-0.0158482 -0.0820249 0.051131
-0.0161072 -0.0821311 0.0507268
-0.016435 -0.0822692 0.0503639
-0.0168204 -0.0824506 0.0500337
-0.0172564 -0.0826563 0.0497293
-0.0176984 -0.0828607 0.0494582
-0.0181401 -0.0831108 0.0491879
-0.0185795 -0.083428 0.0489042
-0.0190214 -0.0837793 0.0486213
-0.0194822 -0.0841956 0.0483723
-0.0199374 -0.08463 0.0481273
-0.0204037 -0.0850924 0.0478769
-0.0208312 -0.0855378 0.0476083
-0.0211945 -0.0859616 0.0473335
-0.0214795 -0.086383 0.0470555
-0.0216892 -0.0868121 0.0467535
-0.0217946 -0.0872462 0.0464285
-0.0217654 -0.0877142 0.0460978
-0.0216154 -0.0882219 0.0457664
-0.0214522 -0.0887148 0.0454854
-0.0212234 -0.0892544 0.0452141
-0.020943 -0.0898431 0.0449619
-0.0206392 -0.0904721 0.0447588
-0.0202963 -0.0911341 0.0445886
-0.0198593 -0.0917933 0.0444356
-0.0193543 -0.0923922 0.0442859
-0.0187686 -0.0929746 0.0441294
-0.018072 -0.0935247 0.0439882
-0.017309 -0.0940535 0.043836
-0.016498 -0.0945365 0.0436631
-0.0156952 -0.0949525 0.0434841
-0.0148401 -0.0953802 0.0432985
-0.014081 -0.0957601 0.0431143
-0.0133113 -0.0962255 0.0429365
-0.012623 -0.0966896 0.0427782
-0.0120159 -0.0971181 0.0426482
-0.011479 -0.0975142 0.0425668
-0.0110299 -0.097856 0.0425442
-0.0106594 -0.0981557 0.0425677
-0.0103375 -0.0984005 0.0426424
-0.0100685 -0.0985932 0.0427732
-0.00983338 -0.0987467 0.042942
-0.00960123 -0.0989091 0.0431452
-0.00941824 -0.099027 0.0433794
-0.00927034 -0.099121 0.0436377
-0.00915339 -0.0991451 0.0439057
-0.00907326 -0.099105 0.0441748
-0.00902287 -0.0990283 0.0444555
-0.00903476 -0.0989406 0.0447474
-0.00908358 -0.0988798 0.0450475
-0.00914336 -0.0988368 0.0453716
-0.00921747 -0.0987875 0.0456927
-0.00928184 -0.0987192 0.0460085
-0.00931125 -0.0986363 0.0462993
-0.00926528 -0.0985204 0.046553
-0.0091415 -0.0983336 0.0467847
-0.00889817 -0.098044 0.046988
-0.00856823 -0.0976945 0.0471465
-0.00815825 -0.0973572 0.0472389
-0.0076877 -0.0970944 0.047285
-0.0072104 -0.0968603 0.0472933
-0.00671089 -0.0966441 0.0472621
-0.00619662 -0.0964807 0.047201
-0.00571226 -0.0963469 0.047126
-0.00523971 -0.0962389 0.0470443
-0.00474759 -0.0961504 0.0469625
-0.00428737 -0.0960731 0.0468779
-0.00379802 -0.0960187 0.0468196
-0.00330833 -0.0960032 0.0467802
-0.00278961 -0.0960046 0.0467713
-0.00223069 -0.0960314 0.0467857
-0.00166109 -0.0960693 0.0468224
-0.00106711 -0.0961208 0.0468898
-0.000498777 -0.0961941 0.0469927
4.48149e-06 -0.0962805 0.0471366
0.00046895 -0.0964084 0.0473411
0.000854722 -0.096566 0.0475911
0.00114339 -0.0967408 0.0478938
0.00136935 -0.0969334 0.0482515
0.00154462 -0.0971439 0.0486519
0.00170658 -0.097369 0.0490854
0.00186929 -0.0975506 0.0495456
0.00203393 -0.097674 0.0500005
0.00220076 -0.0977585 0.0504701
0.00239984 -0.0977959 0.0509605
0.00260863 -0.0977962 0.0514676
0.00279662 -0.0978083 0.0519975
0.00293018 -0.0978473 0.052537
0.00300438 -0.0978618 0.0530917
0.00302188 -0.0978307 0.0536571
0.00297266 -0.097731 0.0542212
0.00283478 -0.0975612 0.0547639
0.0026077 -0.0972803 0.0552636
0.00230662 -0.096861 0.055725
0.00170782 -0.0961587 0.0561435
0.00104805 -0.095312 0.0565041
0.000310572 -0.0943322 0.0567974
-0.000491696 -0.0932326 0.0570378
-0.00134553 -0.0920123 0.0572364
-0.00227822 -0.0906267 0.0573989
-0.00328599 -0.0890551 0.0575406
-0.0043739 -0.0873372 0.0576733
-0.00554949 -0.0854847 0.0577806
-0.00681615 -0.0835133 0.0578688
-0.00816803 -0.0814376 0.0579622
-0.00961283 -0.0792532 0.0580501
-0.011124 -0.0770017 0.0581022
-0.0126841 -0.0747434 0.0580816
-0.014227 -0.0725406 0.0579744
-0.0157111 -0.0704279 0.0577506
-0.0171442 -0.0681433 0.0573922
-0.0183284 -0.0662391 0.0568895
-0.0192685 -0.0644788 0.0562316
-0.0199174 -0.0628995 0.0554324
-0.0202481 -0.0614954 0.05449
-0.0202567 -0.0602919 0.0534107
-0.019995 -0.0594059 0.0522038
-0.0195334 -0.0589114 0.0508909
-0.0189542 -0.0587718 0.0495168
-0.0183264 -0.0589749 0.0480974
-0.0177031 -0.0594799 0.0466701
-0.0171081 -0.060255 0.0452455
-0.0167408 -0.0609117 0.0438279
-0.0163894 -0.0618389 0.042384
-0.0158745 -0.0634297 0.0409286
-0.0153806 -0.0652825 0.0394744
-0.0149311 -0.0673168 0.038031
-0.0145158 -0.0694569 0.0366177
-0.0141486 -0.0716664 0.0352349
-0.013864 -0.0739404 0.0339062
-0.0137159 -0.0762573 0.0326691
-0.0137401 -0.0785968 0.0315411
-0.0139476 -0.0809294 0.0305318
-0.0145689 -0.0831446 0.0296896
-0.0154054 -0.0853077 0.0289974
-0.016441 -0.0873537 0.0284737
-0.0176324 -0.0893035 0.0281294
-0.0189381 -0.0911678 0.0279374
-0.0201542 -0.0930498 0.0279093
-0.0214251 -0.0948445 0.0280449
-0.0227082 -0.0965569 0.0283183
-0.0239615 -0.0981442 0.0287322
-0.0251678 -0.0996177 0.029265
-0.0263401 -0.100946 0.0298889
-0.0274908 -0.102152 0.0306086
-0.0286085 -0.103239 0.0313981
-0.0297079 -0.104208 0.0322663
-0.0307832 -0.105056 0.0332345
-0.0318293 -0.105798 0.0342831
-0.0328528 -0.106422 0.0354067
-0.033812 -0.106951 0.0366007
-0.0346843 -0.107391 0.037816
-0.0354821 -0.107723 0.0390578
-0.0361912 -0.107944 0.0403102
-0.0369336 -0.107969 0.0415629
-0.0376133 -0.107891 0.042824
-0.0382241 -0.107715 0.0440741
-0.0385943 -0.107537 0.0452916
-0.0389169 -0.107319 0.0465229
-0.0392163 -0.107066 0.0477725
-0.0394696 -0.106809 0.0490161
-0.0396978 -0.106553 0.0502567
-0.0398926 -0.106329 0.0515032
-0.0400589 -0.106131 0.0527397
-0.0402033 -0.105978 0.0539472
-0.0403404 -0.105867 0.0551037
-0.0404594 -0.105825 0.0562024
-0.0405642 -0.105854 0.0572372
-0.0406704 -0.105977 0.0582239
-0.0407797 -0.106194 0.0591552
-0.0408902 -0.106512 0.0600065
-0.041035 -0.106971 0.060796
-0.0412135 -0.107565 0.0615176
-0.0414475 -0.10821 0.0621619
-0.0417196 -0.109002 0.0627093
-0.0420032 -0.109933 0.0631579
-0.0422982 -0.111018 0.0635061
-0.0426156 -0.112233 0.0637654
-0.0429684 -0.113573 0.0639309
-0.0433458 -0.115034 0.0640207
-0.043793 -0.116597 0.0640221
-0.044313 -0.118261 0.0639661
-0.0448598 -0.120051 0.0638697
-0.0454519 -0.121867 0.0637223
-0.0460801 -0.123694 0.0635374
-0.0467361 -0.125525 0.0633222
-0.0474617 -0.127327 0.0630571
-0.0481929 -0.129108 0.0627911
-0.0489161 -0.130845 0.062504
-0.0496339 -0.13251 0.0621955
-0.050337 -0.134065 0.0618743
-0.0510032 -0.135518 0.0615603
-0.051668 -0.136866 0.0612597
-0.0523067 -0.13812 0.0609741
-0.0529259 -0.139258 0.060708
-0.0535228 -0.140264 0.0604677
-0.0541283 -0.141129 0.0602624
-0.0547672 -0.141818 0.060114
-0.0553887 -0.142333 0.0600018
-0.0560413 -0.142697 0.0599142
-0.0566925 -0.142954 0.0598687
-0.0573257 -0.14313 0.0598449
-0.0579648 -0.143252 0.0598159
-0.0585934 -0.143343 0.0598069
-0.0592157 -0.143402 0.0598115
-0.0598045 -0.143423 0.0598138
-0.0603739 -0.143406 0.0597914
-0.0609439 -0.143368 0.0597585
-0.0614998 -0.143354 0.0597207
-0.0620628 -0.143355 0.0596602
-0.0625827 -0.143412 0.0595781
-0.0630915 -0.143552 0.0594775
-0.0636055 -0.143732 0.0593376
-0.0641003 -0.14394 0.059157
-0.0646043 -0.144191 0.0589376
-0.0651469 -0.144499 0.0586849
-0.0656994 -0.144817 0.0584007
-0.066261 -0.145154 0.0581046
-0.0668577 -0.145554 0.0577714
-0.0674754 -0.146002 0.0574074
-0.0681051 -0.146469 0.0570351
-0.0687231 -0.146967 0.0566671
-0.0693472 -0.147505 0.0562901
-0.0700112 -0.148035 0.0559208
-0.0707047 -0.148577 0.0555376
-0.0713994 -0.149158 0.0551377
-0.0720875 -0.149778 0.054748
-0.0727528 -0.150461 0.0543595
-0.0734285 -0.151169 0.0539593
-0.0740809 -0.151898 0.0535514
-0.0747035 -0.152624 0.0531391
-0.0752931 -0.153351 0.0527221
-0.0758451 -0.154076 0.0523105
-0.0763349 -0.15481 0.0518889
-0.0768034 -0.155538 0.0514629
-0.0772266 -0.15627 0.0510166
-0.077592 -0.157021 0.0505267
-0.0779193 -0.157788 0.0500113
-0.0782083 -0.158573 0.04947
-0.0784654 -0.159381 0.0488882
-0.0785483 -0.16012 0.048246
-0.0786135 -0.160841 0.0475757
-0.0786675 -0.161548 0.0468731
-0.0787033 -0.162243 0.046147
-0.0786888 -0.162915 0.0453954
-0.0786408 -0.16357 0.0446035
-0.0785509 -0.164221 0.0437878
-0.0783921 -0.164853 0.04297
-0.0781781 -0.165459 0.0421579
-0.0779046 -0.166032 0.041361
-0.0775563 -0.166549 0.0405644
-0.0773645 -0.167084 0.0397961
-0.0771814 -0.167553 0.0390558
-0.0769778 -0.167938 0.0383582
-0.0767424 -0.168198 0.0377171
-0.0765084 -0.168327 0.0371377
-0.0762781 -0.168303 0.0366406
-0.0759941 -0.168125 0.0362118
-0.0753953 -0.167669 0.0358247
-0.0747358 -0.167021 0.0355247
-0.0739713 -0.166191 0.0352791
-0.0730986 -0.16516 0.0351051
-0.0721189 -0.163946 0.0349878
-0.0710559 -0.162579 0.034928
-0.0699152 -0.161057 0.0349143
-0.0687165 -0.159397 0.0349353
-0.0674848 -0.157641 0.0349808
-0.0662982 -0.155912 0.0350316
-0.0652504 -0.154339 0.03511
-0.0644034 -0.152921 0.0352353
-0.0637189 -0.151626 0.0353968
-0.0631283 -0.150415 0.0355912
-0.0625866 -0.149234 0.0358105
-0.0620726 -0.148033 0.0360455
-0.0615253 -0.146816 0.0362766
-0.0609044 -0.145588 0.0365196
-0.0601971 -0.144331 0.0367522
-0.0594147 -0.143037 0.0369793
-0.0585582 -0.141695 0.0371773
-0.0576595 -0.140321 0.0373406
-0.0567296 -0.138931 0.0374758
-0.0558102 -0.137541 0.0375717
-0.0549445 -0.136149 0.037626
-0.0541976 -0.13455 0.0376082
-0.0536972 -0.133315 0.0375458
-0.053508 -0.13282 0.037509
-0.0536044 -0.132871 0.0375125
-0.054007 -0.133291 0.0376194
-0.0547062 -0.133994 0.0378631
-0.0556242 -0.134855 0.0383116
-0.0565904 -0.135762 0.0389538
-0.057442 -0.136537 0.0397739
-0.0580553 -0.137093 0.0407477
-0.058415 -0.13751 0.041856
-0.0585424 -0.137935 0.0430385
-0.0585544 -0.13851 0.0442931
-0.0584102 -0.13878 0.0456185
-0.0584565 -0.139906 0.0470307
-0.0586809 -0.141401 0.0485299
-0.0590859 -0.143217 0.0500771
-0.0596624 -0.145398 0.0516542
-0.0603362 -0.14786 0.0532282
-0.0609621 -0.150597 0.0547558
-0.0613715 -0.153527 0.0562312
-0.0614233 -0.156557 0.0576078
-0.0610162 -0.15969 0.0588531
-0.0601446 -0.162871 0.0599552
-0.0588166 -0.166123 0.0608881
-0.0570829 -0.169448 0.061592
-0.0550338 -0.172806 0.0620617
-0.0527389 -0.176237 0.0623188
-0.0503608 -0.179694 0.0623699
-0.0477163 -0.183042 0.0622264
-0.0452482 -0.186363 0.061932
-0.0432091 -0.189774 0.0615583
-0.0413886 -0.193175 0.0611461
-0.039765 -0.196539 0.060723
-0.0383456 -0.199841 0.060299
-0.0371064 -0.203034 0.0598665
-0.0360065 -0.206031 0.0594047
-0.0350281 -0.208818 0.0589346
-0.0341738 -0.211358 0.0584668
-0.0334811 -0.213595 0.0580119
-0.0329933 -0.215531 0.0575801
-0.032491 -0.217049 0.057164
-0.0322934 -0.218353 0.0567912
-0.0324197 -0.219482 0.056463
-0.0328901 -0.220499 0.0561889
-0.0336684 -0.221456 0.0559909
-0.034706 -0.222368 0.0558871
-0.0359368 -0.223228 0.0558785
-0.0372894 -0.224029 0.0559485
-0.0386837 -0.224742 0.056047
-0.0400771 -0.22537 0.056173
-0.0414217 -0.225983 0.0563184
-0.0427158 -0.226648 0.0564619
-0.0439193 -0.227378 0.056565
-0.0450105 -0.228266 0.0566117
-0.0459865 -0.229346 0.0565892
-0.0468163 -0.230615 0.0564714
-0.0475301 -0.232031 0.0562712
-0.048143 -0.233619 0.0560143
-0.0486337 -0.235346 0.0556912
-0.0490125 -0.237156 0.05527
-0.049245 -0.239087 0.0547553
-0.0492809 -0.241126 0.0541423
-0.0493082 -0.243521 0.0534172
-0.0491181 -0.246026 0.0525792
-0.0487489 -0.248662 0.0516394
-0.0481752 -0.251434 0.0506047
-0.0474737 -0.254322 0.0494879
-0.046637 -0.257312 0.0483276
-0.0457493 -0.26038 0.0471371
-0.0447288 -0.263342 0.0459607
-0.0437176 -0.266353 0.0448111
-0.0427109 -0.269399 0.0436855
-0.0417686 -0.272479 0.0426081
-0.0408735 -0.275578 0.0415757
-0.0400521 -0.278685 0.0405943
-0.0392737 -0.28179 0.0396696
-0.0385714 -0.284869 0.03881
-0.0379626 -0.287934 0.0380232
-0.037429 -0.290982 0.0373087
-0.0369739 -0.294 0.0366767
-0.0366314 -0.297003 0.0361347
-0.0364149 -0.29998 0.0357225
-0.0363714 -0.302955 0.0354695
-0.0365162 -0.305938 0.0353463
-0.0368656 -0.308906 0.0353891
-0.0374791 -0.311759 0.0356248
-0.0383009 -0.314404 0.036027
-0.0392034 -0.316863 0.0366176
-0.0402635 -0.319233 0.0374189
-0.0415387 -0.32162 0.0385113
-0.0430568 -0.324096 0.0399477
-0.0448411 -0.326646 0.0417499
-0.0468841 -0.329181 0.0439409
-0.0491153 -0.33159 0.0464744
-0.0514629 -0.333816 0.0493161
-0.0538685 -0.335825 0.0524315
-0.0562912 -0.337633 0.0557937
-0.058703 -0.339223 0.059334
-0.0611148 -0.340562 0.0630444
-0.0635455 -0.341627 0.0669337
-0.0660033 -0.342411 0.0710056
-0.0684887 -0.342914 0.075276
-0.0709493 -0.343132 0.079749
-0.0733871 -0.343079 0.0844434
-0.0758154 -0.342845 0.089365
-0.0782533 -0.342453 0.0944869
-0.0808599 -0.342474 0.0997656
