%roll pitch yaw
0.0069142 0.0175794 -0.371573
0.00773914 0.016905 -0.372789
0.00867311 0.0162883 -0.374025
0.00969093 0.0157288 -0.375234
0.0107438 0.0151698 -0.376406
0.0115714 0.0148231 -0.377527
0.0123339 0.0144634 -0.378589
0.0129732 0.0140385 -0.379583
0.013463 0.0135423 -0.380536
0.0138078 0.0130257 -0.381443
0.0140603 0.0124797 -0.382293
0.0142755 0.0119314 -0.38308
0.0144576 0.0113797 -0.383794
0.0146457 0.0108091 -0.384427
0.0148346 0.0101802 -0.38499
0.0149978 0.00950718 -0.385466
0.0151488 0.0088046 -0.385851
0.0152422 0.00809467 -0.386136
0.0152443 0.00735186 -0.386328
0.0151311 0.00659454 -0.386421
0.0150961 0.00574503 -0.386426
0.0149755 0.00491148 -0.386362
0.0146608 0.00415594 -0.386233
0.0143196 0.00343885 -0.386035
0.0139797 0.00272615 -0.385766
0.0136746 0.00203429 -0.385392
0.0134051 0.00141828 -0.384933
0.0131664 0.000877397 -0.384384
0.0129709 0.00036175 -0.383733
0.0127941 -0.000109313 -0.382972
0.0126342 -0.000515517 -0.382122
0.0125117 -0.00087222 -0.381199
0.0124104 -0.00117619 -0.380231
0.0122929 -0.00138868 -0.379254
0.0121916 -0.0015382 -0.37832
0.0121095 -0.00164913 -0.377422
0.0120414 -0.00169652 -0.376558
0.0119996 -0.00171873 -0.37573
0.0119887 -0.00174834 -0.37495
0.0120156 -0.00178208 -0.374208
0.0121075 -0.00181289 -0.373527
0.0122793 -0.00187518 -0.372899
0.0125127 -0.00194859 -0.37234
0.0128138 -0.00203615 -0.371849
0.0131791 -0.00214935 -0.371419
0.0136063 -0.00228586 -0.371069
0.0140712 -0.0024343 -0.370797
0.0145454 -0.00260394 -0.370618
0.0150195 -0.00280728 -0.370497
0.0154887 -0.00303078 -0.370412
0.0159367 -0.00326609 -0.370367
0.0163389 -0.00355692 -0.370325
0.0167124 -0.00393378 -0.370287
0.0170484 -0.00433969 -0.370259
0.0173137 -0.00475526 -0.370219
0.0175377 -0.00519514 -0.370195
0.0177024 -0.0056412 -0.370182
0.0177705 -0.00603721 -0.370172
0.0177657 -0.00638201 -0.370168
0.0176629 -0.00667775 -0.37016
0.0174765 -0.00693367 -0.370157
0.0172004 -0.00713603 -0.370133
0.0168436 -0.00731097 -0.370106
0.0164463 -0.00747362 -0.370054
0.0159988 -0.00760954 -0.369995
0.0155383 -0.00771854 -0.369945
0.0150838 -0.00782438 -0.369889
0.014628 -0.00792603 -0.369825
0.0141883 -0.00799248 -0.369767
0.0137666 -0.00800606 -0.369722
0.0133681 -0.008003 -0.369703
0.0129689 -0.00798219 -0.369689
0.0125739 -0.00795243 -0.369705
0.0121896 -0.00790333 -0.369745
0.0118226 -0.00785902 -0.369809
0.0114647 -0.00780867 -0.369902
0.0111446 -0.00775404 -0.370007
0.010872 -0.00771676 -0.370125
0.0106378 -0.00769739 -0.370249
0.0104538 -0.00769244 -0.37039
0.0102945 -0.00771335 -0.370529
0.010132 -0.00776753 -0.370685
0.00996646 -0.00783245 -0.370849
0.00981031 -0.00786999 -0.371016
0.00963547 -0.00789361 -0.371182
0.00942366 -0.00790526 -0.371331
0.00917438 -0.00792876 -0.37148
0.00888528 -0.00799807 -0.371623
0.00855463 -0.00811258 -0.37178
0.00819358 -0.00826122 -0.371938
0.0078003 -0.00843868 -0.372098
0.00738733 -0.00864226 -0.372247
0.00697895 -0.00882125 -0.372382
0.00655213 -0.00894235 -0.3725
0.00613483 -0.00902237 -0.3726
0.00576292 -0.00907445 -0.372663
0.00538853 -0.00910537 -0.372712
0.00501754 -0.00915234 -0.372757
0.00465327 -0.00923037 -0.372784
0.00426028 -0.009348 -0.372845
0.00381395 -0.00945175 -0.372949
0.00329532 -0.00950341 -0.373091
0.00273145 -0.00949717 -0.373263
0.00212702 -0.00942257 -0.373476
0.00149368 -0.00930798 -0.373713
0.000838291 -0.00920126 -0.373946
0.000199493 -0.00913751 -0.374196
-0.000403053 -0.00911687 -0.374457
-0.000984419 -0.00910299 -0.374728
-0.00152905 -0.00904988 -0.375
-0.0020439 -0.00896425 -0.375289
-0.00253909 -0.00886426 -0.375596
-0.00302696 -0.00877625 -0.37591
-0.00352203 -0.00869692 -0.37625
-0.00404961 -0.0086152 -0.376626
-0.00460332 -0.00853256 -0.377056
-0.0051844 -0.00841856 -0.377549
-0.00577897 -0.00829959 -0.378097
-0.00636178 -0.00824018 -0.378682
-0.00689656 -0.00825688 -0.379287
-0.00735842 -0.00827885 -0.379904
-0.00774049 -0.00824371 -0.380509
-0.00806721 -0.00814723 -0.381119
-0.00834128 -0.00802421 -0.381741
-0.00858753 -0.0078885 -0.382361
-0.00887045 -0.0078217 -0.383002
-0.00920107 -0.00787376 -0.383654
-0.00956984 -0.0080293 -0.384294
-0.00997718 -0.00824988 -0.384936
-0.0104125 -0.00852525 -0.385539
-0.010858 -0.00884222 -0.386093
-0.0112889 -0.00917689 -0.386572
-0.0117155 -0.00952828 -0.386977
-0.0121877 -0.00995022 -0.387345
-0.0127178 -0.0104293 -0.387693
-0.0132408 -0.0109354 -0.38803
-0.0136902 -0.0113568 -0.38834
-0.0136594 -0.0111777 -0.38859
-0.0133968 -0.010621 -0.388784
-0.0128709 -0.0096334 -0.388917
-0.0120614 -0.00822048 -0.389007
-0.0109814 -0.00638359 -0.389046
-0.00968048 -0.0042028 -0.38906
-0.0082494 -0.00185356 -0.389037
-0.00678697 0.000664076 -0.388965
-0.00534438 0.00316923 -0.388842
-0.00410294 0.00533384 -0.388709
-0.00307366 0.00733103 -0.388571
-0.00224572 0.00913847 -0.388421
-0.00159351 0.0107543 -0.388248
-0.00109038 0.0121765 -0.38804
-0.000708612 0.0133494 -0.387794
-0.000429248 0.0142391 -0.38752
-0.000236398 0.0148614 -0.387204
9.14409e-05 0.015661 -0.386829
0.000326748 0.0161912 -0.386375
0.000461349 0.0164523 -0.385816
0.000300858 0.0162498 -0.385157
4.06666e-05 0.0159486 -0.384416
-0.000335839 0.0156285 -0.383596
-0.00083456 0.0153347 -0.382716
-0.00147126 0.0150722 -0.381819
-0.00201683 0.0150123 -0.380941
-0.00263205 0.0149506 -0.380106
-0.00330295 0.014864 -0.379308
-0.00395879 0.0147762 -0.378565
-0.00453922 0.0146622 -0.37787
-0.00500567 0.014526 -0.377213
-0.00539669 0.0143542 -0.376597
-0.00570429 0.0141437 -0.376001
-0.00591308 0.0138838 -0.375447
-0.00603028 0.0135878 -0.374931
-0.0060856 0.0132471 -0.374475
-0.00605283 0.0128442 -0.374084
-0.00593547 0.012368 -0.373735
-0.00578014 0.0118274 -0.373436
-0.005597 0.0112395 -0.373196
-0.00553265 0.0104641 -0.373035
-0.00546611 0.00967976 -0.372934
-0.00539005 0.00895621 -0.37289
-0.00530629 0.0082937 -0.372968
-0.00501459 0.0077427 -0.373143
-0.00467903 0.00715611 -0.373406
-0.00435565 0.00656687 -0.373735
-0.00400532 0.0060158 -0.374117
-0.00364574 0.00550525 -0.374538
-0.00326003 0.00501845 -0.375013
-0.00287113 0.00456654 -0.375562
-0.00248217 0.00415027 -0.376188
-0.00212104 0.00378559 -0.376867
-0.00177733 0.00347562 -0.377617
-0.00147328 0.00321929 -0.378425
-0.00119245 0.00298091 -0.379303
-0.00097077 0.00273678 -0.380253
-0.000798625 0.00250242 -0.381232
-0.000652298 0.00231478 -0.382221
-0.000561538 0.00218541 -0.383199
-0.000469754 0.00212169 -0.384145
-0.00042538 0.00207097 -0.385046
-0.000392229 0.00202298 -0.385898
-0.000417736 0.00195203 -0.386682
-0.000483048 0.00191281 -0.387398
-0.000610601 0.00188072 -0.388039
-0.000807188 0.00181991 -0.388613
-0.00104501 0.00169113 -0.389132
-0.00132363 0.00152084 -0.389589
-0.00165589 0.00135403 -0.389989
-0.00201607 0.00122134 -0.390325
-0.00239793 0.0011146 -0.390591
-0.00277583 0.00100024 -0.390806
-0.00310645 0.000861711 -0.391001
-0.0034251 0.000665582 -0.391178
-0.00366875 0.00042231 -0.391349
-0.00386325 0.000144871 -0.391525
-0.00398678 -0.000125218 -0.391704
-0.00407697 -0.000372018 -0.391868
-0.00406314 -0.000627503 -0.392021
-0.00396386 -0.000909428 -0.39216
-0.00376598 -0.00116179 -0.392297
-0.00350905 -0.00135264 -0.392436
-0.00322718 -0.00147349 -0.392593
-0.00285359 -0.00154269 -0.392768
-0.00242143 -0.00161574 -0.392951
-0.00194202 -0.00167766 -0.393151
-0.00149444 -0.0017066 -0.393363
-0.00101691 -0.00168917 -0.393573
-0.000543648 -0.00165679 -0.393765
-8.29267e-05 -0.00162632 -0.393943
0.000317724 -0.00160968 -0.3941
0.000717171 -0.00161958 -0.394237
0.00107966 -0.00158273 -0.39434
0.00143974 -0.00148478 -0.394444
0.00173664 -0.00133251 -0.394546
0.0020052 -0.0011685 -0.394632
0.00224834 -0.00104715 -0.394698
0.00242363 -0.000929429 -0.394736
0.00259573 -0.000781017 -0.394761
0.00270574 -0.000633867 -0.39478
0.0028063 -0.000562296 -0.394781
0.00286671 -0.000600884 -0.394748
0.00292314 -0.000682401 -0.394699
0.00300216 -0.000722797 -0.394659
0.003051 -0.000754655 -0.394614
0.00316221 -0.000843821 -0.394591
0.00323793 -0.000983321 -0.394583
0.00334742 -0.00109487 -0.394585
0.0035067 -0.00112854 -0.394588
0.00367807 -0.00123126 -0.394598
0.0038816 -0.00143859 -0.394605
0.00408753 -0.00165622 -0.394609
0.00426301 -0.00185969 -0.394616
0.00451718 -0.00212499 -0.394647
0.00475065 -0.00242594 -0.394682
0.00498429 -0.00259672 -0.394726
0.0052121 -0.00264765 -0.394789
0.00539995 -0.00275049 -0.394863
0.00565244 -0.00289247 -0.39494
0.00597351 -0.00295338 -0.395017
0.0063063 -0.00303189 -0.395098
0.00668584 -0.00319639 -0.395173
0.00702928 -0.00337124 -0.395231
0.00741503 -0.00339777 -0.395276
0.00785693 -0.00337795 -0.395324
0.00829103 -0.00338688 -0.395352
0.00875523 -0.00338491 -0.395371
0.00919158 -0.00333782 -0.39537
0.00961373 -0.00329403 -0.395337
0.0100886 -0.00333266 -0.39528
0.010537 -0.00345279 -0.395229
0.0110281 -0.0035328 -0.395145
0.0115042 -0.00351582 -0.395037
0.0120061 -0.00350211 -0.394873
0.0125572 -0.00354933 -0.394663
0.0130466 -0.00361734 -0.394391
0.0134942 -0.00366657 -0.394076
0.0139006 -0.00372404 -0.393724
0.0141961 -0.00371061 -0.393305
0.0144812 -0.00359071 -0.392796
0.0147576 -0.00347497 -0.392226
0.0150292 -0.00350676 -0.391613
0.0153599 -0.0036397 -0.390986
0.0156864 -0.00382901 -0.390404
0.0160439 -0.00412366 -0.38988
0.0164378 -0.00457984 -0.389444
0.0167807 -0.00508945 -0.389087
0.0169238 -0.00553967 -0.388775
0.0170604 -0.00604033 -0.388501
0.0171876 -0.00661837 -0.388245
0.0175189 -0.00731394 -0.388034
0.0177812 -0.00801165 -0.387842
0.0180357 -0.00872444 -0.387679
0.0182655 -0.00954091 -0.387534
0.0184804 -0.010411 -0.387404
0.018714 -0.0112515 -0.387288
0.018931 -0.0120723 -0.387216
0.01886 -0.0125263 -0.387151
0.018678 -0.0127967 -0.387121
0.0182955 -0.0126828 -0.387115
0.01773 -0.0121129 -0.387181
0.0168939 -0.0111184 -0.387277
0.0157723 -0.00967326 -0.387392
0.0144131 -0.00779076 -0.387502
0.0128667 -0.00561429 -0.387601
0.0112412 -0.00327181 -0.387673
0.00960231 -0.000828823 -0.387744
0.0081375 0.00148772 -0.387816
0.00687596 0.00371304 -0.387928
0.00582004 0.00578239 -0.388093
0.00493959 0.00767022 -0.38832
0.00423768 0.00940381 -0.388641
0.00370245 0.0109452 -0.389047
0.00332105 0.01227 -0.389529
0.00307598 0.0133349 -0.390072
0.00294866 0.0141192 -0.390668
0.00270432 0.015028 -0.391341
0.0026893 0.0155518 -0.392065
0.00308929 0.0154746 -0.392875
0.00365722 0.0152665 -0.393751
0.00433927 0.0149681 -0.394665
0.00513464 0.0146012 -0.395635
0.00604549 0.0142069 -0.39662
0.00679287 0.0139509 -0.397592
0.00761551 0.0136282 -0.398551
0.00844541 0.013291 -0.399442
0.00922822 0.0129779 -0.400266
0.0099555 0.0126609 -0.401039
0.0105488 0.0122957 -0.401769
0.0110019 0.0119066 -0.402447
0.0113591 0.0115295 -0.403053
0.0116311 0.0111672 -0.403598
0.0118401 0.0107798 -0.404077
0.0119959 0.0103856 -0.404506
0.0120743 0.00998781 -0.404877
0.0120909 0.00954789 -0.40519
0.0120246 0.00906035 -0.405446
0.0118946 0.0085501 -0.40565
0.0118959 0.00790189 -0.405785
0.0118127 0.00720793 -0.405858
0.0116799 0.00648704 -0.405883
0.0115438 0.00578164 -0.405854
0.011371 0.00511354 -0.405778
0.011187 0.00446513 -0.405644
0.0108095 0.00393328 -0.405455
0.0104357 0.00342336 -0.405231
0.0100632 0.00292327 -0.404961
0.00973877 0.00246422 -0.40461
0.00942917 0.0020166 -0.404199
0.00912015 0.00156903 -0.403725
0.00883712 0.00114428 -0.40319
0.00857692 0.000753117 -0.402606
0.00834496 0.000414578 -0.401985
0.00815004 0.000139936 -0.401325
0.00798059 -5.38999e-05 -0.400643
0.00785122 -0.000204023 -0.399949
0.00776349 -0.000338022 -0.399261
0.0077202 -0.000461362 -0.398607
0.0077062 -0.000572383 -0.397997
0.00772546 -0.00068581 -0.397416
0.00777289 -0.000805841 -0.396913
0.00786299 -0.000916911 -0.396463
0.00798598 -0.00101788 -0.39606
0.00816561 -0.00111459 -0.395694
0.00841142 -0.00119716 -0.395375
0.00872831 -0.00128209 -0.395135
0.00911522 -0.00140397 -0.394941
0.00954388 -0.00154485 -0.394786
0.0100088 -0.00171205 -0.394665
0.0104752 -0.00190131 -0.394596
0.010926 -0.00209465 -0.394557
0.0113479 -0.00230633 -0.394546
0.0117282 -0.00253497 -0.394563
0.0120573 -0.00280889 -0.394574
0.0123345 -0.00309825 -0.394576
0.0125157 -0.00336973 -0.39457
0.0126323 -0.00363429 -0.394543
0.0126881 -0.00391183 -0.394505
0.0126745 -0.00416102 -0.394462
0.0126403 -0.00437567 -0.394391
0.0125238 -0.00457147 -0.394308
0.0123514 -0.00478036 -0.394222
0.0121476 -0.00496548 -0.39413
0.011881 -0.00509818 -0.394033
0.0115675 -0.00519835 -0.393917
0.0112081 -0.00526983 -0.393809
0.0108163 -0.00528693 -0.393688
0.0104387 -0.00524527 -0.393554
0.01007 -0.00518711 -0.393426
0.00973709 -0.00511441 -0.393305
0.00945888 -0.00502495 -0.39317
0.00921705 -0.00494205 -0.393058
0.00900291 -0.00490978 -0.392953
0.00883244 -0.00493468 -0.392873
0.00870102 -0.00497197 -0.392814
0.00861311 -0.00499937 -0.392785
0.00855495 -0.00499432 -0.392795
0.00850535 -0.00494144 -0.392828
0.00848966 -0.00481213 -0.392887
0.00849102 -0.00464708 -0.392944
0.00852797 -0.00447714 -0.393005
0.0085891 -0.00432776 -0.393067
0.00864915 -0.00425203 -0.393157
0.00870625 -0.00427504 -0.393249
0.00874642 -0.0043762 -0.393333
0.00874751 -0.00450912 -0.393413
0.00871515 -0.00462085 -0.39351
0.00864228 -0.00471783 -0.393613
0.0085167 -0.00476752 -0.393724
0.00835776 -0.00477868 -0.393827
0.0081766 -0.00476335 -0.393936
0.00796267 -0.00474854 -0.394049
0.00773064 -0.00477692 -0.394148
0.00751769 -0.00487172 -0.394235
0.0073283 -0.00504154 -0.394319
0.0071562 -0.00521369 -0.394372
0.00699973 -0.00536435 -0.394424
0.00684693 -0.00546363 -0.394474
0.00669112 -0.0054757 -0.394517
0.00648357 -0.00541745 -0.394577
0.00624409 -0.00533607 -0.394663
0.00598448 -0.00528322 -0.394781
0.00566958 -0.00525615 -0.394925
0.00529831 -0.00526111 -0.395088
0.00489939 -0.00527693 -0.395274
0.00448942 -0.0052404 -0.395505
0.00404599 -0.00513142 -0.395755
0.0035957 -0.00494633 -0.396011
0.00317374 -0.00470236 -0.396285
0.00279082 -0.00445986 -0.396556
0.0024348 -0.00425266 -0.396813
0.00211163 -0.00407783 -0.397058
0.0017961 -0.00392902 -0.397329
0.00146142 -0.00378065 -0.397636
0.00109658 -0.00363782 -0.39796
0.000691476 -0.00348806 -0.398328
0.000248703 -0.00333131 -0.398738
-0.000219314 -0.00315647 -0.399192
-0.000701008 -0.00294714 -0.3997
-0.00114297 -0.0027294 -0.400239
-0.00151752 -0.00251651 -0.400805
-0.00163843 -0.00226567 -0.401369
-0.00167644 -0.00202696 -0.401904
-0.00182547 -0.00185447 -0.402422
-0.00194903 -0.00176981 -0.402892
-0.00210026 -0.00179506 -0.403302
-0.00231904 -0.00191072 -0.403691
-0.00263142 -0.00209114 -0.404036
-0.00290925 -0.00226891 -0.404347
-0.00325467 -0.00252937 -0.404626
-0.00363345 -0.00286714 -0.404856
-0.00401773 -0.00326154 -0.405066
-0.00457147 -0.00383264 -0.405255
-0.00509423 -0.00442621 -0.405408
-0.00559186 -0.00502734 -0.405539
-0.0060547 -0.00564003 -0.405662
-0.00648663 -0.00628314 -0.405764
-0.00659857 -0.00663315 -0.405856
-0.0065675 -0.00680729 -0.405901
-0.00634195 -0.00664463 -0.405893
-0.00589002 -0.00601109 -0.405829
-0.00518927 -0.00485967 -0.40574
-0.00423647 -0.00323698 -0.405641
-0.00307839 -0.00126669 -0.405563
-0.00180052 0.000996969 -0.405531
-0.00045104 0.00339818 -0.405567
0.000806649 0.0055692 -0.405637
0.00193176 0.00762459 -0.405711
0.0028662 0.00954626 -0.405751
0.00359667 0.0113222 -0.405764
0.00413632 0.0129335 -0.40573
0.00450732 0.0143395 -0.405655
0.00474232 0.0154885 -0.405563
0.0051653 0.0168174 -0.405441
0.00553188 0.0178436 -0.405287
0.00582936 0.0185658 -0.405066
0.00603421 0.0190263 -0.404764
0.00594197 0.01898 -0.404407
0.00575481 0.0188222 -0.403974
0.00545886 0.018602 -0.403475
0.00523326 0.0185746 -0.402936
0.00489412 0.0184983 -0.402379
0.00446315 0.0183752 -0.401796
0.00400283 0.0182423 -0.401196
0.0035152 0.0181057 -0.40061
0.00298967 0.0179848 -0.400044
0.00247455 0.0178892 -0.39951
0.00201889 0.0178195 -0.39901
0.00167697 0.0177569 -0.398559
0.00144389 0.017643 -0.398159
0.00136056 0.0174899 -0.397793
0.00142182 0.0173046 -0.397445
0.00158933 0.0170879 -0.397119
0.00183327 0.0168548 -0.396806
0.00208982 0.0165829 -0.396538
0.00234984 0.0162748 -0.396299
0.00256572 0.0159586 -0.396087
0.00275439 0.0156301 -0.395935
0.00290215 0.015307 -0.395862
0.00302305 0.0149562 -0.395856
0.00314016 0.0145672 -0.395929
0.00326869 0.0141449 -0.396037
0.00344172 0.0137081 -0.396164
0.00367015 0.0132748 -0.396316
0.0039706 0.0128447 -0.39647
0.00426365 0.0124302 -0.396644
0.00457444 0.012026 -0.396826
0.00484811 0.0116453 -0.397044
0.00509741 0.0113124 -0.397328
0.00525935 0.0110186 -0.397698
0.00534283 0.0107561 -0.398146
0.00537259 0.0104815 -0.398667
0.00532352 0.0102003 -0.399261
0.00528346 0.00994324 -0.399949
0.00522765 0.00972794 -0.400686
0.00523585 0.00953482 -0.401432
0.00530138 0.00936217 -0.402176
0.00544758 0.00919544 -0.40288
0.0056125 0.00906404 -0.40356
0.00582328 0.00897409 -0.4042
0.00601757 0.00892085 -0.40481
0.00619216 0.00889731 -0.405407
0.00628408 0.00885555 -0.40597
0.00628553 0.00876569 -0.406515
0.0062219 0.00865249 -0.40705
0.00606284 0.00858543 -0.407563
0.00588157 0.00853094 -0.408034
0.00567405 0.00844673 -0.40844
0.00551795 0.00832963 -0.408796
0.00535007 0.008193 -0.409105
0.00522521 0.00807703 -0.40936
0.00511901 0.00800531 -0.409585
0.00507336 0.00794845 -0.409772
0.0050477 0.00787011 -0.409935
0.00502597 0.00772981 -0.410073
0.00499503 0.0075107 -0.410216
0.00495364 0.00727238 -0.410381
0.00492553 0.00704031 -0.410553
0.00490775 0.00681662 -0.410743
0.00495619 0.00660933 -0.410943
0.00500556 0.0064011 -0.411166
0.0051301 0.00619369 -0.411379
0.00529857 0.00600535 -0.411578
0.00557575 0.00588673 -0.411758
0.00587275 0.00580964 -0.411942
0.00616568 0.00574487 -0.412139
0.00642777 0.00563861 -0.412342
0.00671249 0.00549394 -0.412551
0.00695478 0.00534015 -0.412761
0.00714168 0.00525057 -0.412981
0.00730006 0.00519359 -0.413208
0.00739659 0.00509232 -0.413438
0.00750628 0.00497499 -0.413683
0.00763288 0.00486611 -0.413906
0.00776889 0.00479609 -0.414096
0.00788999 0.00480211 -0.414276
0.00806067 0.0048163 -0.414437
0.00823239 0.0047911 -0.414587
0.00839953 0.00472595 -0.414717
0.0085646 0.00467099 -0.414826
0.00867426 0.00462715 -0.414927
0.00884171 0.00454892 -0.415025
0.00902602 0.00438103 -0.415102
0.00926548 0.0041035 -0.415185
0.00947466 0.00381105 -0.415275
0.00968956 0.00354316 -0.415369
0.00999172 0.00327889 -0.415466
0.0102893 0.00296259 -0.415557
0.010617 0.00262378 -0.415638
0.0109451 0.00232588 -0.415693
0.0112476 0.00198405 -0.415725
0.0115776 0.00152581 -0.415756
0.0118542 0.00106196 -0.415775
0.0121224 0.000630408 -0.415765
0.0123824 0.000190122 -0.415743
0.0125674 -0.000269928 -0.415693
0.0127852 -0.000652157 -0.415613
0.0129466 -0.000914049 -0.415519
0.0130921 -0.00116148 -0.415406
0.0132554 -0.00150538 -0.415288
0.0133874 -0.0018387 -0.415156
0.0135332 -0.00206886 -0.415032
0.0136413 -0.00228529 -0.414894
0.0137066 -0.00252762 -0.414728
0.0137943 -0.00272005 -0.414555
0.0138497 -0.00280338 -0.414352
0.0139448 -0.00286248 -0.414161
0.0140486 -0.00292996 -0.413979
0.0141589 -0.00305936 -0.413817
0.0142903 -0.00317786 -0.413628
0.0143852 -0.00322544 -0.413408
0.0145438 -0.00321673 -0.413203
0.0147286 -0.00322566 -0.412992
0.0149525 -0.0033126 -0.41277
0.0151593 -0.00341357 -0.412541
0.0153457 -0.00346142 -0.412284
0.0154849 -0.00341711 -0.412008
0.0157371 -0.00342637 -0.411703
0.0160175 -0.00332358 -0.411368
0.0163401 -0.00325594 -0.411015
0.0166628 -0.00338338 -0.410657
0.0170248 -0.0036438 -0.410312
0.0173984 -0.0039652 -0.410003
0.0177755 -0.00436808 -0.409758
0.0180097 -0.00482105 -0.40957
0.0181959 -0.00539665 -0.409416
0.0183898 -0.00603553 -0.409297
0.0185678 -0.00666187 -0.409202
0.0187062 -0.00734123 -0.409154
0.0191209 -0.00821146 -0.409156
0.0194654 -0.00911153 -0.409194
0.0197438 -0.0100128 -0.409242
0.0199725 -0.0110003 -0.409305
0.0201145 -0.012041 -0.409371
0.0202816 -0.0130273 -0.409415
0.020464 -0.0139637 -0.409433
0.0203548 -0.0145818 -0.409451
0.0201904 -0.0150907 -0.409468
0.0198419 -0.0153571 -0.409516
0.0193112 -0.0152348 -0.409599
0.0185233 -0.0147063 -0.409716
0.0174607 -0.0137848 -0.409885
0.0161911 -0.0124345 -0.410042
0.0146798 -0.0106607 -0.410171
0.0129979 -0.00857083 -0.410258
0.0112154 -0.00632644 -0.410296
0.00943363 -0.0039642 -0.410312
0.00772237 -0.00157356 -0.410318
0.00634107 0.000663944 -0.410356
0.00521604 0.00281676 -0.410466
0.00433565 0.00486372 -0.410661
0.00367423 0.00672882 -0.410954
0.00318332 0.00836659 -0.41135
0.002859 0.00978234 -0.411837
0.00262626 0.0109495 -0.412416
0.00250622 0.0118057 -0.413071
0.002511 0.0122774 -0.413789
0.00229356 0.0128529 -0.414572
0.0023541 0.0130132 -0.415398
0.00290793 0.0125379 -0.416244
0.00364354 0.0118768 -0.417093
0.00453197 0.0111059 -0.41795
0.00551794 0.0102855 -0.418796
0.00659616 0.00937169 -0.419594
0.00769267 0.008333 -0.42036
0.00857133 0.00742885 -0.421067
0.00941821 0.0065062 -0.421704
0.010171 0.00557917 -0.422296
0.010794 0.00467178 -0.422855
0.0112589 0.00383073 -0.423377
0.0116977 0.0029074 -0.423836
0.0120724 0.001998 -0.424237
0.012418 0.00113184 -0.424578
0.0127396 0.000328116 -0.424877
0.0130544 -0.000448193 -0.425112
0.0132214 -0.00111776 -0.425295
0.0133316 -0.00176224 -0.425422
0.0133643 -0.00236192 -0.425519
0.0134363 -0.00303484 -0.425572
0.0133826 -0.00373056 -0.425587
0.0132126 -0.00442969 -0.425571
0.0129496 -0.00508467 -0.42553
0.012617 -0.00569671 -0.425466
0.0122589 -0.00628351 -0.425401
0.011901 -0.00682975 -0.425324
0.0113808 -0.00726752 -0.425214
0.0108836 -0.00770631 -0.425071
0.0104306 -0.00811195 -0.424884
0.0100429 -0.00849238 -0.424644
0.0098611 -0.008951 -0.424347
0.00965641 -0.00942086 -0.423983
0.00945801 -0.00988304 -0.423576
0.0092482 -0.0103353 -0.423121
0.00888607 -0.0107106 -0.422645
0.008519 -0.011046 -0.422162
0.00817295 -0.0113567 -0.421712
0.00785597 -0.0116523 -0.42131
0.00760986 -0.011958 -0.420947
0.00743052 -0.0122726 -0.42063
0.00730899 -0.0126122 -0.420384
0.00728819 -0.0129929 -0.420161
0.00735964 -0.0134173 -0.419968
0.00750778 -0.0138557 -0.419799
0.00774059 -0.0142937 -0.419649
0.00803923 -0.0147231 -0.419538
0.00838489 -0.0151473 -0.419466
0.00877266 -0.0155768 -0.419448
0.00918716 -0.0160204 -0.419488
0.00962647 -0.0164846 -0.419572
0.010073 -0.0169707 -0.419682
0.0105287 -0.0174984 -0.41979
0.0109595 -0.0180419 -0.419903
0.011345 -0.0185785 -0.420023
0.0116986 -0.019106 -0.420119
0.011965 -0.0196143 -0.420197
0.0121395 -0.0200777 -0.420241
0.0122385 -0.0205154 -0.420263
0.0122331 -0.0208981 -0.420247
0.0121938 -0.0211646 -0.420205
0.0120663 -0.0213944 -0.420116
0.0118483 -0.0216032 -0.420002
0.0115738 -0.0217853 -0.419881
0.0112389 -0.0219082 -0.41977
0.0107979 -0.02207 -0.419635
0.010312 -0.0221888 -0.419488
0.00983253 -0.022243 -0.41933
0.00935753 -0.0222385 -0.419156
0.00888068 -0.022201 -0.418968
0.00839054 -0.0221297 -0.418766
0.00793078 -0.0220141 -0.418559
0.00747689 -0.021884 -0.418367
0.00703707 -0.0217833 -0.418207
0.00661079 -0.0217364 -0.41807
0.00620085 -0.0217187 -0.417975
0.00584572 -0.0216996 -0.417914
0.00553483 -0.0216905 -0.41789
0.00526738 -0.0216631 -0.41791
0.00506585 -0.0215921 -0.417954
0.00490596 -0.0214811 -0.418028
0.0047963 -0.021356 -0.418149
0.0047329 -0.0212368 -0.418292
0.00468703 -0.0211354 -0.418453
0.00464614 -0.0210536 -0.418617
0.0045981 -0.0210039 -0.418784
0.00451724 -0.0209895 -0.418956
0.00439424 -0.0210201 -0.419125
0.0042249 -0.0210982 -0.419302
0.00401598 -0.0212107 -0.419481
0.00379572 -0.0213374 -0.419677
0.00357441 -0.0214785 -0.419876
0.00337293 -0.0216029 -0.420062
0.00319263 -0.0217082 -0.420221
0.00304071 -0.0218069 -0.420322
0.00289368 -0.0219018 -0.420357
0.00277145 -0.0219703 -0.420367
0.00263378 -0.0220452 -0.420355
0.00242759 -0.0221621 -0.420344
0.00217666 -0.0223034 -0.42035
0.00187705 -0.0224341 -0.420404
0.00147593 -0.0225411 -0.420501
0.00101601 -0.0226084 -0.420623
0.000519575 -0.022585 -0.420764
3.96763e-05 -0.0224722 -0.420882
-0.00040394 -0.0223259 -0.421011
-0.000836811 -0.0221879 -0.421113
-0.00121423 -0.0220627 -0.421189
-0.00154393 -0.0219466 -0.421271
-0.0018686 -0.0218161 -0.421366
-0.00221184 -0.0216397 -0.421468
-0.00258545 -0.0214235 -0.421604
-0.0030033 -0.0211451 -0.421781
-0.00347291 -0.020825 -0.422019
-0.00399385 -0.0205097 -0.422299
-0.00454379 -0.0202189 -0.422645
-0.00510678 -0.0199659 -0.42303
-0.00567982 -0.0197483 -0.423455
-0.0062133 -0.0195333 -0.423895
-0.006686 -0.0192777 -0.424353
-0.00706146 -0.0189587 -0.424804
-0.00734799 -0.0186266 -0.425276
-0.00756014 -0.0183064 -0.425756
-0.0077099 -0.017977 -0.426241
-0.00784765 -0.0176383 -0.426751
-0.00797674 -0.017336 -0.427294
-0.00813715 -0.0170882 -0.427876
-0.00833315 -0.0168717 -0.428484
-0.00856984 -0.0166484 -0.429115
-0.00886598 -0.0164308 -0.42979
-0.00919983 -0.0162148 -0.430473
-0.00950377 -0.0160005 -0.431174
-0.00978958 -0.0158048 -0.431842
-0.0100478 -0.0156728 -0.432483
-0.0102837 -0.0156036 -0.433092
-0.0105065 -0.0155734 -0.433651
-0.0107291 -0.0155975 -0.434165
-0.0109792 -0.0157078 -0.434653
-0.0112962 -0.01592 -0.435106
-0.011654 -0.0161941 -0.435515
-0.0119842 -0.0164118 -0.435882
-0.0121578 -0.0164288 -0.436193
-0.0120922 -0.0161013 -0.436415
-0.0117219 -0.0153851 -0.43656
-0.0109908 -0.0142873 -0.436598
-0.00972826 -0.0126948 -0.436531
-0.00828001 -0.0108614 -0.436407
-0.00669043 -0.00876458 -0.43627
-0.00502511 -0.00642757 -0.436144
-0.00337042 -0.0040016 -0.436039
-0.00180771 -0.00157847 -0.435921
-0.000296615 0.00104157 -0.435762
0.000906247 0.00338003 -0.435546
0.00187352 0.00555337 -0.435257
0.00260824 0.00744312 -0.4349
0.00312999 0.00902109 -0.434476
0.00349751 0.010282 -0.434005
0.00371772 0.0112159 -0.4335
0.00381458 0.0118757 -0.432958
0.00412018 0.0127002 -0.432393
0.00429911 0.0132619 -0.43178
0.0043774 0.0135735 -0.431098
0.00409853 0.0134252 -0.430353
0.00370535 0.0131997 -0.42958
0.00318696 0.0129697 -0.42881
0.00253384 0.012793 -0.428048
0.00176312 0.0126125 -0.427293
0.00110238 0.0126104 -0.426546
0.000403693 0.012507 -0.425811
-0.000310082 0.0123618 -0.425111
-0.000981109 0.0121921 -0.424454
-0.00156862 0.0120256 -0.423839
-0.00204104 0.0118761 -0.423264
-0.002417 0.0116907 -0.422746
-0.00274624 0.0112403 -0.422289
-0.00294334 0.010751 -0.421882
-0.00293233 0.0104162 -0.421515
-0.00281365 0.0100187 -0.421201
-0.0025888 0.00954949 -0.420938
-0.0022639 0.00907405 -0.420732
-0.00185415 0.00859296 -0.420587
-0.00137184 0.00812233 -0.420517
-0.000986228 0.00751273 -0.420518
-0.000530299 0.00688377 -0.420618
-3.67437e-05 0.00627158 -0.420805
0.000510693 0.00570848 -0.421092
0.00112263 0.00521849 -0.421476
0.00181118 0.00478634 -0.42193
0.0025251 0.00438432 -0.422467
0.00343618 0.00407766 -0.423056
0.0043386 0.00380529 -0.423692
0.00522941 0.00358426 -0.424361
0.00610885 0.00342654 -0.425059
0.00694182 0.00331143 -0.42584
0.00771741 0.00321376 -0.426679
0.0084283 0.00314743 -0.427576
0.00908718 0.00314051 -0.428528
0.00968977 0.00321528 -0.429515
0.0102648 0.00332516 -0.430517
0.0107666 0.00342894 -0.431526
0.0112279 0.00350674 -0.432487
0.0116036 0.00359332 -0.43339
0.0118947 0.00370273 -0.434206
0.0120924 0.00379142 -0.434954
0.0121916 0.00384968 -0.435633
0.012181 0.00388938 -0.436234
0.01207 0.00392963 -0.436749
0.0118591 0.00396838 -0.437191
0.011577 0.00399372 -0.437586
0.0112447 0.0040215 -0.437934
0.0108224 0.00402571 -0.438218
0.0103843 0.00396021 -0.438429
0.00991482 0.0038474 -0.438601
0.00948341 0.0037139 -0.438727
0.00908507 0.00358937 -0.438822
0.00873514 0.00347767 -0.438893
0.00843507 0.00336606 -0.438958
0.00822652 0.00326289 -0.439036
0.00806658 0.00316585 -0.439134
0.00797255 0.00305048 -0.439247
0.00795362 0.00290583 -0.439387
0.0080734 0.00276901 -0.439559
0.00829303 0.00269177 -0.439744
0.00861642 0.00265474 -0.439953
0.00901497 0.00262828 -0.440184
0.00955542 0.00262684 -0.440434
0.0101813 0.00269696 -0.440691
0.0109009 0.00282985 -0.44097
0.0116316 0.00302151 -0.441269
0.0123891 0.0032935 -0.441574
0.0131301 0.0035977 -0.441892
0.0138731 0.00389765 -0.442216
0.0145478 0.00416168 -0.442547
0.0152034 0.00437531 -0.442857
0.0157774 0.00456413 -0.443132
0.0163435 0.0048102 -0.443382
0.0168406 0.00510038 -0.443605
0.0172436 0.00537597 -0.443797
0.0176202 0.00563084 -0.44394
0.0178942 0.00589187 -0.44405
0.0181261 0.00617779 -0.444129
0.0182623 0.00647803 -0.444182
0.0183524 0.00667389 -0.444219
0.0183693 0.00674965 -0.444211
0.0183377 0.00675145 -0.444176
0.0183252 0.00675454 -0.444121
0.0182436 0.0067068 -0.444048
0.0181112 0.00656637 -0.443975
0.0179948 0.00645655 -0.443894
0.0178537 0.00642729 -0.443803
0.017748 0.0063803 -0.443726
0.0176211 0.00626309 -0.443652
0.0174635 0.00611774 -0.443592
0.0173757 0.00598077 -0.443543
0.0173003 0.00578384 -0.443515
0.0171992 0.00552896 -0.443529
0.0171156 0.00532811 -0.443564
0.0170427 0.00524493 -0.443607
0.0170917 0.00522345 -0.443664
0.017152 0.00518331 -0.443737
0.017193 0.00515065 -0.443827
0.0172855 0.00518898 -0.443926
0.0174009 0.00522268 -0.444038
0.0176088 0.00517033 -0.444172
0.0178168 0.0051012 -0.444335
0.0180537 0.00515059 -0.444514
0.0183378 0.00530066 -0.444668
0.0186398 0.00543107 -0.444823
0.0190409 0.00550541 -0.444962
0.0194669 0.00564695 -0.445101
0.0198373 0.00579816 -0.445225
0.0202438 0.00583903 -0.445333
0.0206487 0.00585958 -0.445431
0.0211066 0.00595204 -0.445486
0.0215905 0.00607942 -0.44549
0.0220564 0.0061637 -0.44542
0.022539 0.00618922 -0.445273
0.0229916 0.00626381 -0.445062
0.0234228 0.00639031 -0.444817
0.0238909 0.00642769 -0.444531
0.0243121 0.00637015 -0.444227
0.0247332 0.00625406 -0.443903
0.0250811 0.00609356 -0.443567
0.0253544 0.00581113 -0.44324
0.025435 0.00530941 -0.442927
0.0254495 0.00473134 -0.442604
0.0255179 0.00406763 -0.442287
0.0256106 0.00330609 -0.441974
0.0256928 0.00243245 -0.441666
0.0258035 0.00150895 -0.441373
0.0261051 0.000551329 -0.441116
0.0263953 -0.000539289 -0.440878
0.0266407 -0.00177183 -0.440655
0.0268336 -0.00304412 -0.440459
0.0270616 -0.00427096 -0.440301
0.0272638 -0.00546965 -0.440161
0.0273076 -0.00642633 -0.44003
0.0273604 -0.00727831 -0.439889
0.0273665 -0.00800826 -0.439761
0.0273343 -0.00861028 -0.439651
0.0271813 -0.00896547 -0.439574
0.0268295 -0.00890389 -0.439552
0.026277 -0.00831278 -0.439587
0.0254377 -0.00721816 -0.439643
0.024374 -0.0057479 -0.439726
0.0230961 -0.00401689 -0.439822
0.0216829 -0.00203081 -0.439912
0.0201549 0.000203412 -0.43998
0.0186104 0.00254821 -0.440027
0.0170732 0.0049813 -0.440082
0.0156607 0.00743435 -0.440162
0.0146114 0.00970471 -0.440287
0.013773 0.0118343 -0.440468
0.0131241 0.0137622 -0.440714
0.0126457 0.0154708 -0.441041
0.0122928 0.0169862 -0.441441
0.0120103 0.0182437 -0.441924
0.0117635 0.019172 -0.442505
0.0115624 0.0197675 -0.443196
0.0114756 0.0200771 -0.444002
0.0112561 0.0204827 -0.444918
0.0112314 0.0206112 -0.445904
0.0114036 0.0205215 -0.44696
0.0117225 0.0202825 -0.448044
0.0124624 0.0198117 -0.449143
0.013294 0.0193264 -0.450242
0.0141962 0.0188545 -0.45135
0.0149694 0.0185926 -0.452479
0.0157651 0.0183862 -0.453595
0.0165351 0.0182009 -0.454683
0.0172249 0.0180117 -0.455706
0.0177847 0.0178024 -0.456682
0.0182189 0.017527 -0.457577
0.0185323 0.017196 -0.45839
0.0187508 0.0168426 -0.459116
0.0189322 0.0164714 -0.459778
0.0190908 0.0160841 -0.460399
0.0192572 0.0156297 -0.460973
0.019439 0.0150759 -0.461474
0.0196043 0.0144474 -0.461925
0.0197655 0.0137515 -0.462295
0.0199094 0.0129788 -0.462565
0.0199786 0.0121669 -0.462739
0.0199574 0.0113562 -0.462807
0.0198478 0.0105208 -0.462763
0.0196775 0.00967863 -0.462633
0.0194595 0.00885575 -0.462415
0.0192102 0.00802177 -0.46211
0.0189658 0.00719276 -0.461717
0.0187582 0.00637677 -0.461235
0.0185861 0.00560659 -0.460687
0.0184348 0.00490379 -0.460053
0.0183062 0.00429249 -0.459344
0.0181864 0.00378279 -0.45856
0.0180772 0.00333384 -0.457679
0.0180001 0.00294783 -0.456717
0.0179499 0.00264835 -0.455692
0.017913 0.00241302 -0.454645
0.0179097 0.00222235 -0.453592
0.0179151 0.00210211 -0.452547
0.0179225 0.00203513 -0.451555
0.0179682 0.0019993 -0.450646
0.0180502 0.00198113 -0.449806
0.0181833 0.00198565 -0.449033
0.0183783 0.00198478 -0.448308
0.0186251 0.00195493 -0.447629
0.0189617 0.00191665 -0.447017
0.0193833 0.00186039 -0.44648
0.0198759 0.00176688 -0.446025
0.0204253 0.00164381 -0.445659
0.0210266 0.00151038 -0.445355
0.021649 0.00135668 -0.445122
0.0222638 0.00118834 -0.444965
0.0228645 0.00101549 -0.444848
0.0234567 0.000815722 -0.444778
0.0240215 0.000550088 -0.444728
0.0245791 0.000215685 -0.444681
0.0250952 -0.000142294 -0.444648
0.0255713 -0.000530629 -0.444636
0.0259763 -0.000959934 -0.444649
0.0263168 -0.00140272 -0.444678
0.0265821 -0.00181157 -0.444726
0.026731 -0.00217486 -0.444772
0.0267998 -0.00249926 -0.444809
0.0268014 -0.00276904 -0.444828
0.026705 -0.00298371 -0.444838
0.0265499 -0.00318299 -0.44483
0.0263342 -0.00339519 -0.44482
0.0260761 -0.00359341 -0.444801
0.0258005 -0.00378083 -0.444773
0.0255022 -0.00396707 -0.444757
0.0252258 -0.00413755 -0.444763
0.0249584 -0.00427119 -0.444768
0.0247027 -0.00434352 -0.444792
0.0244813 -0.00437341 -0.444817
0.0242759 -0.00436411 -0.444844
0.0240892 -0.00432326 -0.444884
0.0239165 -0.00427569 -0.444937
0.0237434 -0.00424854 -0.445003
0.0235981 -0.00426099 -0.445098
0.0234838 -0.00428079 -0.445214
0.0233817 -0.00430261 -0.445343
0.0233042 -0.00435918 -0.44547
0.0232606 -0.00443566 -0.445625
0.0232283 -0.00451114 -0.445766
0.023214 -0.00457653 -0.44591
0.0232147 -0.00461629 -0.44604
0.0232 -0.00462935 -0.446167
0.0231627 -0.00463132 -0.446283
0.0230854 -0.00466251 -0.446378
0.0229717 -0.0047496 -0.446471
0.02283 -0.00487589 -0.446573
0.0226198 -0.00502262 -0.446675
0.0223538 -0.00519855 -0.446791
0.0220582 -0.00537728 -0.446913
0.0217406 -0.00551215 -0.447019
0.0214202 -0.00559164 -0.447106
0.0211066 -0.00562578 -0.447159
0.020809 -0.00563662 -0.447172
0.0205429 -0.00567444 -0.447153
0.0202953 -0.00576915 -0.447133
0.0200139 -0.0059028 -0.447132
0.0196987 -0.0060275 -0.447158
0.0193247 -0.00613597 -0.447226
0.0188625 -0.00618731 -0.447349
0.0183266 -0.00615224 -0.447523
0.0177407 -0.00607156 -0.447737
0.0171304 -0.00600127 -0.447952
0.0165092 -0.0059506 -0.448179
0.0159152 -0.00594348 -0.448396
0.0153907 -0.00595832 -0.448617
0.0149255 -0.00597075 -0.44885
0.0144915 -0.00595747 -0.449081
0.0140505 -0.00589306 -0.449335
0.0136004 -0.00579521 -0.449638
0.0131111 -0.00570014 -0.449986
0.0125861 -0.00564134 -0.450387
0.0120427 -0.00560883 -0.450851
0.0116052 -0.00541886 -0.451361
0.0111624 -0.00514535 -0.451919
0.010769 -0.00489075 -0.452488
0.0104195 -0.00474147 -0.45305
0.0100926 -0.00466701 -0.45356
0.00966409 -0.00465344 -0.454025
0.00915197 -0.00471487 -0.454432
0.00864388 -0.00485183 -0.454792
0.00805272 -0.00509861 -0.455119
0.00737505 -0.00545922 -0.455398
0.00665413 -0.00592157 -0.455636
0.00589263 -0.00644398 -0.455818
0.00513098 -0.00700055 -0.45596
0.00441202 -0.00760872 -0.456078
0.00355579 -0.00835156 -0.456178
0.00278656 -0.00911973 -0.456276
0.00209451 -0.00990202 -0.45637
0.00165922 -0.0105633 -0.456475
0.00128849 -0.0112181 -0.456546
0.000935749 -0.0118311 -0.456585
0.000562458 -0.0123707 -0.456608
0.000203739 -0.0127861 -0.456637
-6.92443e-05 -0.0129424 -0.456642
-0.000159471 -0.0127214 -0.456649
4.37724e-05 -0.0120524 -0.456643
0.00058139 -0.0109382 -0.456635
0.00146331 -0.00938128 -0.456644
0.0026693 -0.0074225 -0.456672
0.00410012 -0.00516901 -0.456723
0.00561172 -0.0026773 -0.456796
0.00717996 -0.000118533 -0.45685
0.00868604 0.00238536 -0.45689
0.00985234 0.00455699 -0.456907
0.0107334 0.00656462 -0.456861
0.0113209 0.00836944 -0.456736
0.011632 0.00998676 -0.45655
0.0117135 0.0113794 -0.456322
0.0116299 0.0124823 -0.45606
0.011439 0.0132775 -0.455768
0.0114755 0.014285 -0.455448
0.0114655 0.0149795 -0.455087
0.0114407 0.0153693 -0.45467
0.0113661 0.01543 -0.454186
0.0112335 0.015219 -0.453624
0.0108246 0.0146251 -0.453005
0.0103024 0.014001 -0.452339
0.00965289 0.0133713 -0.451633
0.00903063 0.0129109 -0.450947
0.0083134 0.0123934 -0.450298
0.00754724 0.0118349 -0.449712
0.00676038 0.0112575 -0.449197
0.00605478 0.0106742 -0.44874
0.00548974 0.010103 -0.448309
0.00512597 0.00959391 -0.447899
0.0048898 0.00908551 -0.447507
0.00475535 0.00857433 -0.447159
0.00470551 0.00807486 -0.44684
0.00473679 0.00759782 -0.446567
0.00478316 0.00712997 -0.44636
0.00483548 0.00662478 -0.446185
0.00486047 0.00607213 -0.446045
0.00477904 0.0054273 -0.445927
0.00472585 0.00481963 -0.445833
0.00470787 0.00423985 -0.445775
0.00473289 0.00368709 -0.445755
0.00480739 0.00316898 -0.445776
0.0049438 0.00269167 -0.445819
0.00526098 0.00236053 -0.44588
0.00561404 0.00203238 -0.445964
0.00597847 0.00168775 -0.446101
0.00631924 0.001371 -0.446289
0.00664391 0.00110102 -0.446525
0.00691836 0.000896031 -0.446822
0.00716494 0.000738156 -0.447216
0.00736427 0.000589373 -0.44768
0.00757413 0.000465291 -0.448187
0.00777138 0.00034003 -0.448728
0.00800694 0.000232869 -0.449315
0.00823729 0.000147365 -0.449937
0.00848878 9.4308e-05 -0.450577
0.00873761 6.55992e-05 -0.451219
0.00902869 1.73211e-05 -0.451841
0.00926711 -6.98066e-05 -0.452437
0.00949249 -0.000149627 -0.45298
0.00968068 -0.000212933 -0.453505
0.00980686 -0.000277884 -0.454015
0.00987089 -0.000389125 -0.454503
0.0098581 -0.000557762 -0.454968
0.00980867 -0.000751658 -0.455401
0.00968362 -0.000951806 -0.455799
0.009527 -0.00115889 -0.456146
0.00933091 -0.00141944 -0.456466
0.00914224 -0.00172965 -0.45673
0.00894476 -0.00209506 -0.456957
0.00875735 -0.00247272 -0.457137
0.00855078 -0.00282021 -0.457286
0.0083793 -0.00312495 -0.457418
0.00821594 -0.00344994 -0.457535
0.00810262 -0.00381733 -0.457655
0.00802595 -0.00421835 -0.457787
0.0079787 -0.00462156 -0.457936
0.00798662 -0.00500695 -0.458118
0.00800631 -0.00537404 -0.458331
0.00812479 -0.0057063 -0.458567
0.00828839 -0.00602802 -0.458783
0.00849637 -0.00635653 -0.458999
0.0087574 -0.00669722 -0.459207
0.00913497 -0.00698895 -0.45941
0.00952647 -0.00717688 -0.459611
0.00990528 -0.00731002 -0.459803
0.0102637 -0.00746325 -0.459997
0.0106584 -0.00766329 -0.460213
0.0110562 -0.00781583 -0.460449
0.0114093 -0.00789585 -0.460709
0.0117311 -0.00794134 -0.460967
0.0120445 -0.00799368 -0.461209
0.0124103 -0.00807669 -0.461446
0.0127187 -0.00816591 -0.461669
0.0130482 -0.00823242 -0.461852
0.0133788 -0.00826648 -0.461982
0.0137136 -0.00829155 -0.462093
0.0140328 -0.00832086 -0.462182
0.0143375 -0.00836253 -0.462258
0.0145854 -0.00841469 -0.462328
0.0148293 -0.00849816 -0.462392
0.0150513 -0.00861524 -0.462451
0.0152867 -0.00872682 -0.462507
0.0154652 -0.00883201 -0.462562
0.0156657 -0.00897609 -0.462591
0.0158531 -0.00923939 -0.462592
0.0160367 -0.00957549 -0.462567
0.0162567 -0.00991431 -0.462521
0.0164485 -0.0102476 -0.462457
0.0166826 -0.0106042 -0.462355
0.016892 -0.0110108 -0.462235
0.0170668 -0.011405 -0.462092
0.0172256 -0.0117568 -0.461943
0.0173315 -0.0120733 -0.461806
0.0174326 -0.0124146 -0.461678
0.0174194 -0.0128335 -0.461551
0.017453 -0.0132702 -0.461409
0.0174494 -0.0136665 -0.461258
0.0174337 -0.0140126 -0.461082
0.0174392 -0.0143717 -0.460886
0.0174451 -0.0147044 -0.46069
0.0175106 -0.0149217 -0.460505
0.0175786 -0.0150616 -0.460347
0.0176235 -0.0152479 -0.46023
0.0177251 -0.0154444 -0.460162
0.0178072 -0.0155682 -0.460101
0.0179039 -0.015678 -0.460057
0.0180569 -0.0158298 -0.460013
0.0181921 -0.0159268 -0.459977
0.0183584 -0.0158973 -0.459935
0.0185337 -0.0158976 -0.459894
0.0187094 -0.0159532 -0.459832
0.0190055 -0.0159383 -0.459732
0.0193276 -0.0159135 -0.459614
0.019625 -0.0160007 -0.459491
0.0199576 -0.0161322 -0.459372
0.0202606 -0.0161793 -0.459258
0.0205627 -0.0161492 -0.45912
0.0208429 -0.0161492 -0.458976
0.021011 -0.0161153 -0.458812
0.0211532 -0.0159871 -0.458601
0.021267 -0.0159165 -0.458339
0.0213529 -0.0159753 -0.458043
0.0214838 -0.0160588 -0.457725
0.0215912 -0.0161014 -0.457379
0.0217003 -0.016224 -0.457014
0.0218581 -0.0164096 -0.456644
0.0220131 -0.016556 -0.456259
0.0221879 -0.0166953 -0.455855
0.0223507 -0.0168944 -0.455427
0.0224543 -0.0171646 -0.455001
0.0225549 -0.0174844 -0.454554
0.0226213 -0.0178435 -0.4541
0.0227045 -0.0182503 -0.453665
0.0228202 -0.0187347 -0.453243
0.0229375 -0.0192511 -0.452862
0.023126 -0.0197764 -0.452511
0.0232697 -0.0203593 -0.452207
0.0233372 -0.0209244 -0.451947
0.0232866 -0.0212571 -0.451745
0.0229643 -0.0211965 -0.451629
0.0223676 -0.0207251 -0.451604
0.0211605 -0.0196631 -0.451665
0.019739 -0.0183596 -0.451766
0.0181445 -0.0167389 -0.451894
0.0164309 -0.0147507 -0.452033
0.0146709 -0.0125126 -0.452146
0.0129307 -0.0101635 -0.452239
0.0111965 -0.00768486 -0.452331
0.0096723 -0.00517365 -0.452481
0.00854527 -0.00290211 -0.452718
0.00766304 -0.000766366 -0.453038
0.0069942 0.00119894 -0.453485
0.00648179 0.00294784 -0.454086
0.00610114 0.0044382 -0.454794
0.00581625 0.00560106 -0.455581
0.00566772 0.00641639 -0.456454
0.00568846 0.00685419 -0.457383
0.00549101 0.00738411 -0.458348
0.00553513 0.00751683 -0.459345
0.00613262 0.00701288 -0.460333
0.00690512 0.00631092 -0.461282
0.00784091 0.00541433 -0.462192
0.00889301 0.00437304 -0.463052
0.0100467 0.00325678 -0.463859
0.011252 0.00211917 -0.464576
0.0124364 0.000927717 -0.465199
0.0133763 -0.000105723 -0.465737
0.0142079 -0.00114081 -0.46621
0.0148962 -0.00217126 -0.466646
0.0155002 -0.00333926 -0.467001
0.0159852 -0.00443072 -0.467305
0.0163943 -0.00538395 -0.467561
0.0167661 -0.00620558 -0.467793
0.0170922 -0.00693004 -0.467975
0.0174036 -0.00760551 -0.468097
0.0175496 -0.00813915 -0.468138
0.0176109 -0.0086407 -0.468109
0.0175229 -0.00910112 -0.46802
0.0173677 -0.00966581 -0.467875
0.0170059 -0.010201 -0.467705
0.01647 -0.0106573 -0.467523
0.015829 -0.0110286 -0.467319
0.0151273 -0.0113299 -0.46709
0.0143998 -0.0115863 -0.466867
0.0137158 -0.0118222 -0.466619
0.0131138 -0.0120402 -0.466347
0.0123963 -0.0121519 -0.466023
0.0117552 -0.0122947 -0.465677
0.0111753 -0.0124455 -0.4653
0.0108214 -0.012612 -0.464896
0.010466 -0.0127558 -0.464472
0.0100763 -0.0129233 -0.464017
0.00963776 -0.0131231 -0.46358
0.00917799 -0.013316 -0.463173
0.00873508 -0.0135349 -0.462798
0.00835316 -0.013807 -0.462491
0.0078807 -0.0140327 -0.462246
0.0075455 -0.0142915 -0.462043
0.00735967 -0.0145813 -0.461891
0.00734302 -0.0148786 -0.461788
0.00747203 -0.0152001 -0.461717
0.00773569 -0.0155702 -0.461661
0.00809097 -0.0159807 -0.461626
0.0085332 -0.0164393 -0.461637
0.00901326 -0.0169671 -0.461688
0.00950948 -0.0175372 -0.461793
0.0100059 -0.0181327 -0.461925
0.010474 -0.0187343 -0.462083
0.0109264 -0.0193157 -0.462266
0.0113809 -0.0198853 -0.462466
0.0118418 -0.0204256 -0.462676
0.0122989 -0.0209705 -0.462858
0.0127581 -0.0215362 -0.462982
0.0131738 -0.0220938 -0.463048
0.0135327 -0.0226005 -0.463026
0.0137738 -0.0230575 -0.462937
0.0138746 -0.0234696 -0.462779
0.0138756 -0.0236703 -0.462598
0.0137192 -0.0237478 -0.462396
0.0134491 -0.0237437 -0.462172
0.0130839 -0.0236953 -0.461961
0.0125614 -0.0236759 -0.461719
0.0120028 -0.0236146 -0.461434
0.0114155 -0.0235246 -0.461115
0.0108628 -0.0234093 -0.460763
0.0103441 -0.0232484 -0.460408
0.00986127 -0.0230196 -0.460038
0.00940227 -0.0227273 -0.459677
0.00896838 -0.0224026 -0.459336
0.00855039 -0.0220407 -0.459025
0.00813856 -0.0216447 -0.458755
0.00773839 -0.0212382 -0.458529
0.00737376 -0.0208538 -0.458358
0.00705572 -0.0205016 -0.458241
0.00679247 -0.0201835 -0.458167
0.00660986 -0.019882 -0.458143
0.00650672 -0.0195903 -0.458166
0.00647746 -0.0192872 -0.458239
0.00652773 -0.0189786 -0.458358
0.006653 -0.0186909 -0.458513
0.00682621 -0.0184383 -0.458693
0.00702196 -0.0181892 -0.458893
0.00720522 -0.0179661 -0.459103
0.00735876 -0.0177751 -0.459336
0.00748263 -0.0176136 -0.459567
0.0075673 -0.0174946 -0.459795
0.00761451 -0.0174168 -0.46002
0.00764457 -0.0173549 -0.460228
0.00767012 -0.0173003 -0.460407
0.00770041 -0.0172592 -0.46056
0.00773095 -0.017232 -0.460688
0.00775966 -0.0172024 -0.460744
0.00778036 -0.0171174 -0.460754
0.00777626 -0.017 -0.460731
0.00771449 -0.0168918 -0.460665
0.00757297 -0.016796 -0.460577
0.00733953 -0.0167046 -0.460492
0.00703803 -0.0166529 -0.460395
0.00668555 -0.0166012 -0.460324
0.00626293 -0.0165086 -0.460275
0.00582752 -0.0163376 -0.460231
0.00540868 -0.0160755 -0.460163
0.00500832 -0.0157438 -0.460078
0.00463943 -0.0153813 -0.459978
0.00431554 -0.0150489 -0.459884
0.00401427 -0.0147311 -0.459798
0.00373032 -0.0144327 -0.459739
0.00341644 -0.0141396 -0.45974
0.00303592 -0.0138143 -0.459797
0.00260615 -0.013438 -0.459913
0.00212598 -0.0129986 -0.460111
0.00160687 -0.0125485 -0.460381
0.00107713 -0.0121006 -0.460696
0.000570745 -0.0116904 -0.461061
0.00011712 -0.0113334 -0.461465
-0.000251284 -0.0109882 -0.461882
-0.000515303 -0.0106098 -0.462316
-0.000692918 -0.0101951 -0.462773
-0.000800209 -0.00977052 -0.463258
-0.000864909 -0.00933674 -0.463736
-0.00089207 -0.00888747 -0.464264
-0.000933253 -0.00843693 -0.464835
-0.00102316 -0.00804942 -0.465459
-0.00116336 -0.00773391 -0.466132
-0.0013518 -0.00742671 -0.466814
-0.00156233 -0.00710086 -0.467515
-0.00180422 -0.00676612 -0.468224
-0.00202731 -0.00645631 -0.468915
-0.00221205 -0.00616225 -0.469593
-0.00237789 -0.00587397 -0.470235
-0.00255231 -0.00565694 -0.47085
-0.00276118 -0.00554607 -0.471397
-0.00301287 -0.005538 -0.471899
-0.00329222 -0.00563943 -0.472364
-0.00363001 -0.00583861 -0.472793
-0.00402798 -0.00613884 -0.473166
-0.00443753 -0.00645247 -0.47348
-0.00471119 -0.00665094 -0.473713
-0.00452373 -0.00627413 -0.473857
-0.00408489 -0.00556427 -0.473883
-0.00334181 -0.00449411 -0.473842
-0.00231092 -0.00299522 -0.473742
-0.00104349 -0.00111268 -0.473614
0.000366529 0.00101293 -0.473487
0.00183756 0.00338141 -0.473361
0.00328391 0.00577408 -0.473229
0.00458009 0.00813114 -0.473103
0.00555701 0.010121 -0.472952
0.00631022 0.0119229 -0.472763
0.00686193 0.0135323 -0.472533
0.00725357 0.0149662 -0.472292
0.00754692 0.016177 -0.472036
0.0077594 0.017118 -0.471763
0.00794565 0.0178149 -0.471476
0.00832331 0.0186861 -0.471166
0.00865626 0.0193471 -0.470816
0.00893625 0.0198422 -0.470425
0.00915693 0.0202084 -0.469984
0.00907529 0.0202377 -0.469502
0.00888911 0.0202165 -0.468995
0.00858207 0.0201868 -0.468459
0.0081674 0.0202084 -0.467908
0.00780775 0.0204554 -0.467352
0.00736331 0.0207508 -0.466802
0.00687542 0.0210736 -0.466255
0.00635518 0.0213875 -0.465719
0.0058641 0.021677 -0.46523
0.0054629 0.0219449 -0.464768
0.005202 0.022223 -0.464335
0.00506675 0.0224433 -0.463948
0.00505326 0.0225915 -0.463589
0.00516585 0.0226878 -0.463237
0.00538396 0.0227683 -0.46287
0.00568158 0.0228201 -0.462489
0.00596024 0.0228262 -0.462132
0.00620513 0.0227596 -0.461833
0.00640235 0.0226519 -0.461606
0.00657165 0.0224894 -0.461476
0.00672735 0.0222686 -0.461423
0.00688053 0.0219582 -0.461448
0.0070856 0.0216149 -0.461513
0.00735069 0.0212557 -0.46161
0.0077186 0.0208965 -0.46172
0.00817296 0.0205399 -0.461843
0.00868756 0.0201966 -0.462004
0.00924425 0.0198645 -0.462198
0.00978198 0.0195231 -0.462454
0.010254 0.0192136 -0.462766
0.010665 0.0189614 -0.463172
0.0109856 0.0187744 -0.463682
0.0112368 0.0186288 -0.464295
0.0114199 0.018498 -0.465003
0.0115877 0.018368 -0.465784
0.0117394 0.0182432 -0.466624
0.011896 0.0181821 -0.467481
0.0120994 0.0181992 -0.468336
0.01234 0.018265 -0.469176
0.0126351 0.0183492 -0.469967
0.0129229 0.0184362 -0.470736
0.0131973 0.0185475 -0.471481
0.0134175 0.018694 -0.472189
0.0135577 0.0188729 -0.47286
0.0135992 0.0190652 -0.473519
0.0135595 0.0192394 -0.47416
0.0133902 0.01939 -0.474785
0.0131647 0.0195106 -0.475378
0.0128965 0.0196278 -0.475942
0.0126279 0.0197333 -0.476459
0.0123791 0.0198333 -0.476912
0.0121498 0.0199814 -0.477294
0.0119448 0.0201298 -0.477636
0.0117909 0.0202371 -0.477922
0.0116536 0.0203 -0.478172
0.0115391 0.0203157 -0.478398
0.0114101 0.020308 -0.47862
0.0112593 0.0202835 -0.478845
0.0111243 0.0201978 -0.479095
0.0109997 0.0200494 -0.479355
0.010939 0.0198929 -0.479608
0.0108772 0.0198137 -0.479879
0.0109077 0.0197991 -0.480135
0.0110138 0.0198019 -0.480395
0.0112103 0.0197784 -0.48064
0.0114206 0.0197573 -0.480884
0.0116694 0.0197658 -0.481121
0.0119395 0.0197979 -0.481358
0.0121796 0.0198096 -0.48159
0.0124277 0.0197357 -0.481849
0.0126298 0.0196284 -0.482115
0.0127743 0.019546 -0.482382
0.0128654 0.0195415 -0.482634
0.0129957 0.0196141 -0.48288
0.0130924 0.0197213 -0.483102
0.0131833 0.0197855 -0.483305
0.0132432 0.0198092 -0.483473
0.0133404 0.0198047 -0.483614
0.0134003 0.0197601 -0.483734
0.0134932 0.0197037 -0.483839
0.0135655 0.0196413 -0.483919
0.0136465 0.0195742 -0.483987
0.0136861 0.019475 -0.484026
0.0137609 0.0193161 -0.48406
0.0138386 0.0191432 -0.484073
0.0139027 0.0190064 -0.48408
0.014034 0.0188998 -0.484071
0.0141589 0.0187399 -0.484057
0.014342 0.0184669 -0.484059
0.0145602 0.0181174 -0.484052
0.0147894 0.0177988 -0.484034
0.0149935 0.01752 -0.484018
0.015203 0.017226 -0.484001
0.015434 0.0168746 -0.483984
0.0156332 0.0165773 -0.483983
0.015844 0.0163439 -0.483973
0.015987 0.016144 -0.48396
0.0161203 0.015911 -0.483942
0.0162382 0.0155552 -0.483922
0.0163542 0.015171 -0.483886
0.0164997 0.0148993 -0.483821
0.0166021 0.0147135 -0.483744
0.0167316 0.0144995 -0.483653
0.0168343 0.0142848 -0.483536
0.0169066 0.014125 -0.483379
0.0170272 0.0139423 -0.483207
0.0171433 0.0137152 -0.483032
0.0172912 0.0134971 -0.482851
0.0174827 0.013296 -0.482672
0.0176134 0.0130941 -0.482482
0.0177405 0.012889 -0.482287
0.0178783 0.0126908 -0.48207
0.0180066 0.0124948 -0.481819
0.0180884 0.0123324 -0.481559
0.0181587 0.0121489 -0.481267
0.0182617 0.0120088 -0.480896
0.0184462 0.0119412 -0.480457
0.0187134 0.0118146 -0.479975
0.0191704 0.0116258 -0.479495
0.019721 0.0113708 -0.479021
0.0203659 0.0110565 -0.478578
0.0208904 0.0105246 -0.478202
0.0213852 0.00981874 -0.477921
0.0218817 0.00898764 -0.477724
0.0222874 0.00808191 -0.477581
0.0226232 0.00709898 -0.477487
0.0229076 0.00595466 -0.477434
0.0230748 0.00469513 -0.477415
0.0231617 0.00341143 -0.477414
0.0234094 0.00202986 -0.477432
0.0235843 0.000544249 -0.477458
0.0237431 -0.00101647 -0.477505
0.0236746 -0.0023314 -0.477572
0.0236148 -0.00352519 -0.477614
0.0236197 -0.00461148 -0.477626
0.0236569 -0.00561428 -0.477603
0.0237102 -0.00647382 -0.477542
0.0237237 -0.00721909 -0.477454
0.0238821 -0.00822288 -0.477336
0.0239163 -0.00904637 -0.477244
0.0236656 -0.00951624 -0.477198
0.0231366 -0.00952152 -0.477212
0.0222658 -0.00907723 -0.477276
0.0209813 -0.00792623 -0.477369
0.0195098 -0.00647163 -0.47749
0.0179546 -0.00473245 -0.477585
0.0163849 -0.0026835 -0.477646
0.0148773 -0.000456105 -0.477653
0.0135283 0.00179918 -0.477628
0.0122714 0.00414328 -0.477606
0.0112628 0.00647346 -0.477648
0.0106647 0.00851756 -0.47778
0.0102929 0.0103983 -0.478001
0.0100678 0.0120863 -0.478283
0.00991801 0.0135549 -0.478664
0.00977623 0.0147821 -0.479146
0.00963414 0.015735 -0.479742
0.00947668 0.0163787 -0.480459
0.00937715 0.016752 -0.481287
0.00913611 0.0172596 -0.482214
0.00907198 0.0174108 -0.483209
0.00919133 0.0172818 -0.48425
0.00976938 0.0167776 -0.485299
0.010497 0.0162104 -0.486359
0.0113582 0.0155883 -0.487419
0.0123078 0.0149087 -0.488468
0.0133295 0.014201 -0.489491
0.0143288 0.0134717 -0.490441
0.0150852 0.0129112 -0.491318
0.0157367 0.0123224 -0.492152
0.0162293 0.0116997 -0.492954
0.0165627 0.011017 -0.493716
0.0169357 0.0101456 -0.494406
0.0172546 0.00924752 -0.495037
0.0175495 0.00835006 -0.495623
0.0178178 0.00749433 -0.496152
0.0179413 0.00675139 -0.496621
0.0180954 0.00595092 -0.497014
0.0182551 0.00512685 -0.497323
0.0183869 0.00431305 -0.497536
0.0186209 0.00340981 -0.497653
0.0187285 0.00252084 -0.497691
0.0187356 0.00168371 -0.497643
0.0186487 0.000876535 -0.497513
0.0184697 8.91164e-05 -0.497328
0.0182557 -0.00064891 -0.497102
0.0178386 -0.00129373 -0.496819
0.0174469 -0.00193405 -0.496475
0.017097 -0.00256094 -0.496061
0.0167899 -0.00312599 -0.495591
0.0165206 -0.00362274 -0.495056
0.0162921 -0.00405923 -0.494449
0.0160656 -0.00441934 -0.493765
0.0158498 -0.00471237 -0.493006
0.0156564 -0.0049748 -0.492176
0.0154565 -0.00518135 -0.49133
0.0152563 -0.00531739 -0.490491
0.0150739 -0.00543763 -0.48968
0.0149104 -0.00554478 -0.488925
0.0147727 -0.00565318 -0.48825
0.0146872 -0.0057533 -0.487651
0.0146351 -0.00585735 -0.48712
0.014647 -0.00596404 -0.486653
0.0147225 -0.00607176 -0.486251
0.014858 -0.00620062 -0.485902
0.0151011 -0.00634861 -0.485581
0.0154214 -0.00652078 -0.485321
0.0157959 -0.00673423 -0.485123
0.0162084 -0.00699638 -0.484995
0.0166632 -0.00730506 -0.484924
0.0171179 -0.00763492 -0.484922
0.0175625 -0.00800032 -0.484963
0.0179822 -0.00839188 -0.485047
0.0183665 -0.00877757 -0.485132
0.0187286 -0.00916753 -0.485218
0.0190593 -0.00960682 -0.485289
0.0193447 -0.0100812 -0.485346
0.0195806 -0.0105283 -0.485411
0.0197465 -0.0109551 -0.485463
0.0198529 -0.0114055 -0.485493
0.0199044 -0.0118046 -0.485511
0.0198263 -0.0122263 -0.485518
0.0196723 -0.0125599 -0.485505
0.0194339 -0.0128505 -0.485481
0.019133 -0.0130938 -0.485463
0.0187718 -0.0132667 -0.485443
0.018344 -0.0133494 -0.485396
0.0178851 -0.0133877 -0.485331
0.0174212 -0.0134029 -0.485263
0.0169624 -0.0133995 -0.485169
0.0164978 -0.0133795 -0.485035
0.0160523 -0.0133323 -0.484883
0.015653 -0.0132904 -0.48475
0.015263 -0.0132582 -0.484626
0.0148712 -0.0132199 -0.484534
0.0145028 -0.0131819 -0.484476
0.0141675 -0.0131457 -0.484436
0.0138679 -0.013083 -0.484406
0.0135663 -0.0129773 -0.484398
0.0132951 -0.012845 -0.484402
0.013084 -0.0126757 -0.48443
0.01291 -0.0124769 -0.484463
0.0127566 -0.0122913 -0.484502
0.0126089 -0.0121634 -0.484553
0.0124586 -0.0121098 -0.484592
0.0123124 -0.0121105 -0.48463
0.0121606 -0.0121583 -0.484682
