%roll pitch yaw
0.0231455 -0.0124477 -1.19527
0.0230233 -0.0132508 -1.19497
0.0227965 -0.0141049 -1.1947
0.0224718 -0.0149639 -1.19442
0.022088 -0.0158364 -1.19416
0.0216571 -0.0166998 -1.19389
0.021208 -0.0175601 -1.19359
0.020761 -0.0183962 -1.19326
0.0203415 -0.0191932 -1.19286
0.0199585 -0.0199562 -1.19241
0.0195953 -0.0206562 -1.19193
0.0192578 -0.0212939 -1.1914
0.0189364 -0.0218344 -1.19085
0.0186418 -0.0222759 -1.19028
0.0183461 -0.0226178 -1.18971
0.0180454 -0.0228896 -1.18913
0.0177658 -0.02309 -1.18857
0.0174961 -0.0231971 -1.18803
0.0172424 -0.0232416 -1.1875
0.0170346 -0.0231952 -1.18702
0.0168858 -0.0230832 -1.1866
0.0168273 -0.0229148 -1.18623
0.0168748 -0.0227205 -1.18593
0.0170557 -0.0225536 -1.18573
0.0173515 -0.0224074 -1.18559
0.0177627 -0.0222756 -1.18553
0.0182694 -0.0221667 -1.18555
0.0188354 -0.0220948 -1.18565
0.0194293 -0.0220673 -1.18583
0.0200238 -0.0220756 -1.18607
0.0206055 -0.0221159 -1.18638
0.0211745 -0.0221954 -1.18673
0.0217233 -0.0222942 -1.18711
0.0222576 -0.0224313 -1.18752
0.0227813 -0.0225995 -1.18796
0.0232757 -0.0228153 -1.18844
0.0237365 -0.023118 -1.18894
0.0241295 -0.0234758 -1.18943
0.0244649 -0.0238578 -1.18991
0.0247346 -0.0242476 -1.19037
0.0249378 -0.0246242 -1.19083
0.025065 -0.0249893 -1.19132
0.0251212 -0.0253315 -1.1918
0.0251 -0.0256356 -1.19227
0.0250079 -0.0259086 -1.19272
0.024869 -0.0261632 -1.19315
0.0246989 -0.0264233 -1.19354
0.0245098 -0.0266736 -1.1939
0.0243063 -0.0269264 -1.19425
0.0241012 -0.0271791 -1.19457
0.0238858 -0.0274073 -1.19485
0.0236997 -0.0275833 -1.19509
0.023527 -0.0277221 -1.19533
0.0233527 -0.0278513 -1.1955
0.0231722 -0.0279983 -1.19562
0.0230117 -0.0281606 -1.19573
0.0228613 -0.028345 -1.19582
0.0227242 -0.0285766 -1.19591
0.0225958 -0.0288276 -1.19598
0.0225069 -0.0290872 -1.19604
0.0224486 -0.0293339 -1.19607
0.0224216 -0.0295661 -1.19607
0.0224102 -0.0297603 -1.19606
0.0224262 -0.0299275 -1.19603
0.0224683 -0.0300805 -1.19597
0.0225376 -0.030221 -1.1959
0.0226306 -0.0303293 -1.19578
0.0227458 -0.0304014 -1.19564
0.0228822 -0.0304066 -1.19548
0.0230463 -0.0303416 -1.1953
0.023227 -0.0302107 -1.19509
0.0234295 -0.0300544 -1.19487
0.0236244 -0.0298962 -1.19464
0.0237919 -0.0297534 -1.19439
0.0239091 -0.0296395 -1.19416
0.0239813 -0.0295685 -1.19392
0.0240142 -0.0295392 -1.19369
0.0240158 -0.029481 -1.19345
0.0240074 -0.0293656 -1.1932
0.0239871 -0.0292048 -1.19292
0.023956 -0.0290404 -1.19262
0.0239027 -0.0289111 -1.19229
0.0238068 -0.0288163 -1.19196
0.0236519 -0.0287555 -1.19162
0.0234101 -0.0287113 -1.19129
0.0230965 -0.0286047 -1.19097
0.0227176 -0.0284412 -1.19067
0.0223 -0.0282568 -1.19038
0.0218711 -0.0280749 -1.19011
0.0214698 -0.0278949 -1.18988
0.0211119 -0.0277299 -1.18966
0.0208017 -0.0275574 -1.18946
0.0205237 -0.0273413 -1.1893
0.0202863 -0.0271011 -1.18917
0.0200789 -0.0268686 -1.18913
0.0199102 -0.0266277 -1.18915
0.0197857 -0.0263658 -1.18927
0.0197214 -0.0260905 -1.18947
0.019838 -0.0256317 -1.18981
0.0200225 -0.0251541 -1.19024
0.0202462 -0.0246327 -1.19074
0.0205134 -0.02402 -1.19128
0.020806 -0.0233115 -1.19186
0.0210766 -0.0225444 -1.19244
0.0212747 -0.0217846 -1.19302
0.0213593 -0.0211231 -1.19355
0.0212809 -0.0205853 -1.19405
0.0209546 -0.0202117 -1.19451
0.0204194 -0.0199653 -1.19491
0.0196892 -0.0198843 -1.19524
0.0187769 -0.0199266 -1.19553
0.0177226 -0.0200495 -1.19576
0.0165865 -0.0202429 -1.19592
0.0154235 -0.0205051 -1.19602
0.0143029 -0.0208303 -1.19605
0.0132827 -0.021198 -1.19605
0.0122259 -0.0216515 -1.19602
0.0113233 -0.0221386 -1.19594
0.0107496 -0.0224965 -1.19583
0.0103336 -0.0227787 -1.19567
0.0100829 -0.022893 -1.19549
0.0100154 -0.0227849 -1.19529
0.0101145 -0.0224332 -1.1951
0.010368 -0.0217987 -1.1949
0.0107831 -0.0208769 -1.19473
0.0112945 -0.0197866 -1.19459
0.0119109 -0.0184534 -1.19451
0.0126363 -0.0169544 -1.19446
0.0134689 -0.0153119 -1.19442
0.0143666 -0.0135618 -1.19437
0.015299 -0.0117355 -1.19426
0.0162492 -0.00983448 -1.19406
0.0172035 -0.00787615 -1.19379
0.017893 -0.00637114 -1.19341
0.0186944 -0.00452379 -1.19296
0.019397 -0.00290256 -1.19247
0.0199813 -0.0016013 -1.19197
0.0203691 -0.000664123 -1.19148
0.0205919 -5.57759e-05 -1.191
0.0207092 0.000257977 -1.19053
0.0206978 0.000328931 -1.19008
0.0206208 0.000239593 -1.18962
0.0205088 2.27191e-05 -1.18918
0.0204402 -0.00024069 -1.18873
0.0203924 -0.000571482 -1.18828
0.0203793 -0.000950616 -1.18784
0.0204039 -0.00138374 -1.18746
0.0204373 -0.00186178 -1.18711
0.0204555 -0.00234545 -1.18681
0.0204515 -0.00283175 -1.18656
0.0204121 -0.00332336 -1.18639
0.0203658 -0.00379219 -1.18629
0.0203235 -0.00426676 -1.18623
0.0203302 -0.00474762 -1.18622
0.0203741 -0.00526557 -1.18624
0.0204769 -0.00579702 -1.1863
0.0206554 -0.00635694 -1.18636
0.0209213 -0.00692652 -1.18643
0.0212568 -0.0074474 -1.18649
0.0215257 -0.00810662 -1.18654
0.0218293 -0.00874071 -1.18663
0.0221624 -0.00935844 -1.18674
0.0224955 -0.00996519 -1.18689
0.0228393 -0.0105421 -1.18711
0.0231647 -0.0110784 -1.18739
0.0236371 -0.0115129 -1.18771
0.0241009 -0.0118955 -1.18811
0.0245623 -0.0122322 -1.18858
0.02504 -0.0125557 -1.18913
0.0255327 -0.0128483 -1.18974
0.0260511 -0.0130836 -1.19043
0.0265807 -0.0132467 -1.19118
0.0271242 -0.0133616 -1.192
0.0276909 -0.0133891 -1.19286
0.0282593 -0.0133339 -1.19374
0.0288254 -0.0131866 -1.19464
0.0293703 -0.0129483 -1.19551
0.0298868 -0.0126125 -1.19637
0.0303472 -0.0122067 -1.19721
0.0307435 -0.0117614 -1.19801
0.0310774 -0.0112475 -1.19877
0.0313626 -0.010716 -1.19948
0.0315825 -0.0101621 -1.20011
0.0317392 -0.0095945 -1.20067
0.0318514 -0.0090319 -1.20116
0.0319205 -0.00846589 -1.20155
0.0319485 -0.0079136 -1.20188
0.0319102 -0.00738893 -1.20212
0.0318436 -0.00686468 -1.20226
0.0317436 -0.00636972 -1.20231
0.0316457 -0.0059161 -1.20229
0.031556 -0.00551298 -1.20222
0.0314589 -0.00517677 -1.20208
0.031378 -0.00491964 -1.20191
0.0313253 -0.00472703 -1.20171
0.0313065 -0.00459013 -1.20148
0.0313277 -0.00451634 -1.20122
0.0314011 -0.0045006 -1.20094
0.0315123 -0.00450185 -1.20064
0.0316745 -0.00454537 -1.20033
0.0318701 -0.00461517 -1.2
0.0320869 -0.00469608 -1.19966
0.0323498 -0.00477812 -1.19929
0.0326332 -0.00483473 -1.19891
0.0329672 -0.0048523 -1.19851
0.0333259 -0.00483886 -1.19813
0.0337282 -0.00480203 -1.19776
0.0341372 -0.0047501 -1.19739
0.0345595 -0.00468735 -1.19701
0.0349682 -0.00466839 -1.19663
0.0353966 -0.00469737 -1.19628
0.0358267 -0.00472948 -1.19594
0.0362315 -0.00475404 -1.19561
0.0366071 -0.0047812 -1.19529
0.037008 -0.00481504 -1.19502
0.0374245 -0.00485149 -1.19478
0.0378278 -0.00491043 -1.19458
0.0381892 -0.00500491 -1.19442
0.0385422 -0.00514477 -1.19428
0.038874 -0.00535016 -1.19417
0.0392035 -0.00558432 -1.1941
0.0394868 -0.00583104 -1.19406
0.0397384 -0.00608201 -1.194
0.0399658 -0.00633394 -1.19397
0.0401596 -0.00655914 -1.19394
0.0402995 -0.00676992 -1.19391
0.0403804 -0.00694672 -1.19389
0.0403942 -0.00710719 -1.19385
0.0403702 -0.00726372 -1.19379
0.0402935 -0.00746132 -1.19374
0.0401536 -0.00770532 -1.19371
0.0399676 -0.00797771 -1.19369
0.0397514 -0.00828201 -1.19365
0.0394927 -0.008577 -1.19364
0.0391683 -0.00888331 -1.19363
0.0387878 -0.00919266 -1.19365
0.0383457 -0.00949991 -1.19369
0.0378709 -0.00980336 -1.19374
0.0373803 -0.0101071 -1.1938
0.0368722 -0.0104012 -1.19386
0.0363634 -0.0107095 -1.19393
0.0358512 -0.0110419 -1.19402
0.0353479 -0.0114034 -1.19414
0.0348543 -0.0117831 -1.19428
0.034415 -0.0121535 -1.19443
0.0339738 -0.0124683 -1.19459
0.0335747 -0.0127345 -1.1948
0.0332142 -0.0129909 -1.19501
0.0329076 -0.0132757 -1.19523
0.0326081 -0.0135621 -1.19546
0.0323302 -0.0138494 -1.1957
0.0320452 -0.0141158 -1.19596
0.0317612 -0.0143389 -1.19621
0.0314797 -0.0145359 -1.19643
0.0311871 -0.0147203 -1.19666
0.0308488 -0.0148952 -1.19685
0.0305099 -0.0150348 -1.19701
0.0301703 -0.0151333 -1.19714
0.0298491 -0.0151588 -1.19724
0.0295043 -0.0151794 -1.1973
0.0291963 -0.0152096 -1.19734
0.0288958 -0.0152295 -1.19734
0.0286007 -0.0152091 -1.19731
0.0283015 -0.0151755 -1.19724
0.0280166 -0.0151448 -1.19711
0.0277105 -0.0151258 -1.19696
0.0273731 -0.0150673 -1.19674
0.0270188 -0.015003 -1.19648
0.0266811 -0.0149892 -1.19618
0.0264114 -0.0150517 -1.19586
0.0262117 -0.0152159 -1.19554
0.0261105 -0.015488 -1.19524
0.0261064 -0.0158462 -1.19496
0.0261258 -0.0162222 -1.19473
0.0261426 -0.0165829 -1.19454
0.0261691 -0.0169197 -1.19438
0.0261258 -0.0172155 -1.19425
0.0260129 -0.0174577 -1.19414
0.0258253 -0.0176806 -1.19401
0.0255517 -0.0178017 -1.19388
0.0251612 -0.0177757 -1.19374
0.0246422 -0.0175529 -1.19359
0.0238178 -0.0168918 -1.19347
0.0228575 -0.0159859 -1.1934
0.0218103 -0.0148291 -1.19339
0.0206809 -0.0133866 -1.19345
0.0195167 -0.011737 -1.19358
0.0182594 -0.00984483 -1.19373
0.0170317 -0.00785593 -1.19393
0.0158234 -0.00581157 -1.19416
0.0146174 -0.0037523 -1.19442
0.0136504 -0.0021208 -1.19475
0.0127397 -0.000657922 -1.19511
0.0118869 0.000582111 -1.19551
0.0111418 0.00158102 -1.19593
0.0105232 0.00228561 -1.19635
0.0100591 0.00267826 -1.1968
0.00937436 0.00322553 -1.19724
0.00886022 0.0034709 -1.19769
0.00847162 0.00346257 -1.19815
0.00819446 0.00322694 -1.1986
0.00828999 0.00255488 -1.19905
0.00846049 0.00182299 -1.19952
0.00868146 0.00109645 -1.19994
0.00864375 0.000551292 -1.20032
0.00866658 -7.33716e-05 -1.20062
0.0087304 -0.000739612 -1.20085
0.00878012 -0.00138837 -1.20099
0.00883093 -0.00200231 -1.20103
0.00885433 -0.00255609 -1.20099
0.00887015 -0.00304024 -1.20085
0.00887322 -0.00350209 -1.20064
0.0090649 -0.00415217 -1.20036
0.00906339 -0.00468888 -1.20002
0.00902111 -0.0052591 -1.19964
0.00888601 -0.00582652 -1.19926
0.00864744 -0.00635363 -1.19888
0.008272 -0.00679252 -1.19849
0.00777901 -0.00718295 -1.19809
0.00719312 -0.0075224 -1.19766
0.00656777 -0.00785233 -1.19721
0.00592488 -0.00821533 -1.19669
0.00527531 -0.00863625 -1.19616
0.00460639 -0.0091344 -1.19563
0.00393757 -0.00966375 -1.19512
0.00323789 -0.0102073 -1.19461
0.00250567 -0.010725 -1.1941
0.0017435 -0.0111974 -1.1936
0.000986133 -0.0116516 -1.19309
0.000207473 -0.0120619 -1.19258
-0.00056065 -0.0124117 -1.19207
-0.00130993 -0.0126908 -1.19153
-0.00199495 -0.0129249 -1.19098
-0.00263916 -0.0130988 -1.19045
-0.0032352 -0.0131952 -1.18991
-0.00376774 -0.0132191 -1.18942
-0.00424253 -0.0131724 -1.18897
-0.00466006 -0.0130973 -1.18855
-0.00502544 -0.0129809 -1.18817
-0.00532132 -0.012818 -1.18782
-0.00556482 -0.0126038 -1.18755
-0.00574082 -0.0123638 -1.18735
-0.00588263 -0.0121168 -1.18724
-0.00599208 -0.0118756 -1.18719
-0.00606138 -0.0116334 -1.18721
-0.0060661 -0.0113932 -1.1873
-0.00604439 -0.0111852 -1.18748
-0.00596815 -0.0110234 -1.18773
-0.00584814 -0.0109177 -1.18802
-0.00568795 -0.0108437 -1.18835
-0.00551317 -0.0107953 -1.1887
-0.00536538 -0.010758 -1.18907
-0.00524772 -0.0107424 -1.18946
-0.00517559 -0.0107122 -1.18985
-0.0051695 -0.0106897 -1.19023
-0.00521851 -0.0106975 -1.19059
-0.00533533 -0.0107464 -1.19093
-0.00552864 -0.0108049 -1.19123
-0.00575999 -0.0108492 -1.19154
-0.00604176 -0.0108899 -1.19185
-0.00637381 -0.0109138 -1.19215
-0.00675166 -0.0109086 -1.19242
-0.00717286 -0.0108631 -1.19269
-0.00762452 -0.0107841 -1.19293
-0.00812979 -0.010678 -1.19316
-0.00867116 -0.0105249 -1.19338
-0.00921662 -0.0103343 -1.19356
-0.00979379 -0.0101223 -1.1937
-0.0103778 -0.00991373 -1.19381
-0.0109674 -0.00972334 -1.19387
-0.0115366 -0.0095223 -1.19387
-0.0120831 -0.00931375 -1.19384
-0.0126223 -0.00909633 -1.19377
-0.0131415 -0.00890106 -1.19367
-0.0136074 -0.00871461 -1.19356
-0.0140514 -0.00850107 -1.19341
-0.0144623 -0.00827963 -1.19324
-0.0148338 -0.00806234 -1.19307
-0.0151694 -0.00786418 -1.19289
-0.0154626 -0.00774232 -1.19272
-0.015713 -0.00769003 -1.19254
-0.0159103 -0.00769846 -1.19236
-0.0160533 -0.00772457 -1.19218
-0.0161435 -0.00775143 -1.19201
-0.0161987 -0.0077587 -1.19183
-0.0162037 -0.00770494 -1.19166
-0.0161666 -0.00756771 -1.1915
-0.0160952 -0.0073479 -1.19134
-0.0160062 -0.00709312 -1.19117
-0.0158953 -0.00684858 -1.19102
-0.0157693 -0.00664082 -1.1909
-0.0156423 -0.00647588 -1.19078
-0.0155314 -0.00635571 -1.19067
-0.01542 -0.00625495 -1.19055
-0.0153143 -0.0061468 -1.19045
-0.0152305 -0.00602155 -1.19036
-0.015162 -0.00590463 -1.19027
-0.0151035 -0.00578713 -1.19016
-0.0150663 -0.00568729 -1.19004
-0.0150522 -0.00562725 -1.18993
-0.0150456 -0.00559993 -1.18982
-0.0150526 -0.00559373 -1.1897
-0.0150783 -0.00558072 -1.18958
-0.0151308 -0.00554734 -1.18948
-0.0151817 -0.00549475 -1.18938
-0.0152544 -0.00542504 -1.18928
-0.0153584 -0.00535048 -1.18919
-0.0154807 -0.00524203 -1.18912
-0.0156151 -0.00508117 -1.18908
-0.0157624 -0.00489118 -1.18908
-0.0159358 -0.00467041 -1.18913
-0.0160868 -0.0044455 -1.18922
-0.0162102 -0.00421221 -1.18934
-0.0163087 -0.00395076 -1.18947
-0.0163644 -0.00364812 -1.18965
-0.0163737 -0.00331754 -1.18982
-0.0163529 -0.00297067 -1.19001
-0.0162846 -0.00263336 -1.19021
-0.0161528 -0.00232005 -1.19044
-0.0159808 -0.00200893 -1.19073
-0.0158006 -0.00168184 -1.19102
-0.0156197 -0.00137171 -1.19139
-0.0154405 -0.00106546 -1.19181
-0.0152715 -0.000771642 -1.19228
-0.0150788 -0.000463229 -1.1928
-0.0147226 -4.43895e-05 -1.19334
-0.0145145 0.000342881 -1.19392
-0.0143506 0.000714633 -1.19453
-0.0142507 0.000992377 -1.19514
-0.0142486 0.00112955 -1.19572
-0.014324 0.00110968 -1.19626
-0.0144617 0.000972294 -1.1967
-0.0146518 0.000786815 -1.19703
-0.0148602 0.000607848 -1.19728
-0.0148672 0.000507954 -1.19747
-0.0148563 0.000390179 -1.19759
-0.014821 0.000250261 -1.19768
-0.0147381 0.000110727 -1.19779
-0.0147835 -0.000165954 -1.19787
-0.0147339 -0.000398337 -1.19793
-0.0145897 -0.000572039 -1.19797
-0.0143447 -0.0006085 -1.19796
-0.0137666 -0.000299724 -1.19791
-0.0130902 0.000225656 -1.19781
-0.0123003 0.00102407 -1.19767
-0.0114058 0.00202961 -1.19748
-0.0104119 0.0031857 -1.19726
-0.00933277 0.00447175 -1.19699
-0.00818037 0.00600112 -1.19668
-0.00696908 0.00761301 -1.19634
-0.00571174 0.00924678 -1.19595
-0.0044315 0.0108691 -1.19553
-0.00316504 0.01239 -1.19508
-0.00217785 0.0133105 -1.19462
-0.00127929 0.0139925 -1.19415
-0.000486789 0.0144534 -1.1937
0.000195065 0.0147279 -1.19328
0.000766674 0.014803 -1.19289
0.00123756 0.0146664 -1.19251
0.00191326 0.0146499 -1.19213
0.0024566 0.0144301 -1.19172
0.002878 0.0140922 -1.19133
0.00319274 0.0137126 -1.19093
0.00337411 0.0133025 -1.19055
0.00344339 0.0128392 -1.19018
0.00318767 0.012168 -1.18984
0.00285754 0.0115329 -1.18955
0.00265587 0.0110789 -1.18932
0.00242778 0.0106612 -1.18913
0.00220966 0.0102611 -1.189
0.00201381 0.00988071 -1.18891
0.00185935 0.00950579 -1.18884
0.00175091 0.00916144 -1.18879
0.00166116 0.00880594 -1.18874
0.00162006 0.00845554 -1.18872
0.00163367 0.00809806 -1.1887
0.00172696 0.00771135 -1.18871
0.00190907 0.00730202 -1.18872
0.0022132 0.00686344 -1.18876
0.00263581 0.00640797 -1.18883
0.00316147 0.00589735 -1.18893
0.0037932 0.00534719 -1.18906
0.00451886 0.00475885 -1.18923
0.00529711 0.00415314 -1.18945
0.00611091 0.00357028 -1.18973
0.00693947 0.00301969 -1.19003
0.00778156 0.00249204 -1.19034
0.00865153 0.00194714 -1.19068
0.00952014 0.0013901 -1.19105
0.0103943 0.000849222 -1.19146
0.0112557 0.000323918 -1.1919
0.012116 -0.000132233 -1.19236
0.0129551 -0.000517211 -1.19286
0.0137908 -0.00080697 -1.19337
0.0146061 -0.00102583 -1.19391
0.0154177 -0.00118056 -1.19446
0.0162118 -0.001295 -1.195
0.0169504 -0.00136382 -1.19553
0.017622 -0.00139914 -1.19604
0.0181858 -0.00138247 -1.19655
0.0186286 -0.00130996 -1.19705
0.0189691 -0.00116551 -1.1975
0.0192279 -0.00100184 -1.19791
0.0193979 -0.00081049 -1.19825
0.0194998 -0.000568621 -1.19854
0.0195351 -0.000288024 -1.19875
0.0195425 -5.57078e-06 -1.19889
0.01952 0.000277163 -1.19898
0.019428 0.000552049 -1.199
0.0192931 0.000833921 -1.19896
0.0191286 0.00111311 -1.19885
0.0189632 0.00137374 -1.1987
0.0188006 0.00161578 -1.1985
0.0186389 0.00181853 -1.19828
0.0185026 0.00201167 -1.19803
0.0183852 0.00217498 -1.19776
0.0183023 0.00230828 -1.1975
0.018258 0.0023915 -1.19726
0.0182677 0.00241669 -1.19703
0.0183189 0.00244906 -1.19681
0.0184572 0.00249652 -1.19658
0.0186978 0.00255697 -1.19637
0.0190253 0.00263195 -1.19614
0.0194375 0.00274757 -1.19592
0.0199255 0.00291999 -1.1957
0.0204738 0.00314237 -1.19552
0.021097 0.00339943 -1.19533
0.0217521 0.00369395 -1.19516
0.0224257 0.00397563 -1.19503
0.0231271 0.00420431 -1.19492
0.0238567 0.00438231 -1.19484
0.0246006 0.00455202 -1.19479
0.0253521 0.00474832 -1.19477
0.0261036 0.00495272 -1.19476
0.026889 0.00514856 -1.19477
0.0276955 0.00533612 -1.19481
0.0284823 0.00550238 -1.19486
0.0292187 0.00562677 -1.19494
0.0299159 0.00568263 -1.19503
0.030562 0.00568106 -1.19516
0.0311526 0.00560773 -1.19528
0.0316696 0.00550656 -1.19541
0.0321284 0.00542233 -1.19553
0.0325187 0.00535197 -1.19562
0.0328531 0.00528424 -1.19568
0.0331246 0.00521186 -1.19573
0.0333313 0.00514844 -1.19575
0.033495 0.00512425 -1.19574
0.0335978 0.00512865 -1.19569
0.0336731 0.00515149 -1.19562
0.0337105 0.00519774 -1.19555
0.0336972 0.00525284 -1.19548
0.033655 0.00532736 -1.1954
0.0335808 0.00538575 -1.19531
0.033503 0.00543214 -1.19523
0.0333792 0.00546636 -1.19518
0.0332136 0.00548217 -1.19514
0.0330633 0.00550827 -1.19511
0.0329119 0.00555475 -1.1951
0.0327964 0.00563853 -1.19509
0.0326928 0.00569703 -1.19508
0.0326524 0.00570454 -1.1951
0.0326385 0.00567374 -1.19513
0.0326931 0.00562262 -1.19519
0.0327668 0.00556581 -1.19524
0.0329032 0.00553727 -1.1953
0.0330508 0.0055054 -1.19539
0.0332697 0.00547115 -1.19549
0.0335136 0.00544385 -1.19562
0.0337704 0.00541063 -1.19578
0.0340145 0.00542364 -1.19596
0.0342563 0.00545284 -1.19614
0.034479 0.00550852 -1.19634
0.0346805 0.0055415 -1.19655
0.0348612 0.0055668 -1.19674
0.0350136 0.0055994 -1.19688
0.0351639 0.00566694 -1.19697
0.0353245 0.00574702 -1.19701
0.0354997 0.00581844 -1.19699
0.035646 0.00588931 -1.19691
0.0357781 0.00595286 -1.19679
0.0359092 0.0059792 -1.19663
0.0360656 0.00597105 -1.19645
0.0360826 0.00605417 -1.19626
0.0361282 0.00616982 -1.19603
0.0362137 0.00633272 -1.19576
0.0363943 0.0065225 -1.19542
0.0366804 0.0067005 -1.19506
0.0371261 0.00681674 -1.19469
0.0377299 0.00686068 -1.19431
0.0383584 0.00675226 -1.19398
0.0390463 0.00652557 -1.19375
0.0397505 0.00617076 -1.19362
0.0404361 0.00570681 -1.19357
0.041089 0.00517715 -1.1936
0.041678 0.00464724 -1.19366
0.0421905 0.00410554 -1.19371
0.0427681 0.00341897 -1.19375
0.0432195 0.00278557 -1.19375
0.0435704 0.00220254 -1.1937
0.0437849 0.00171453 -1.19364
0.0436422 0.00145547 -1.19359
0.0433646 0.00137588 -1.19356
0.0429738 0.00153083 -1.19354
0.0424784 0.0019711 -1.19354
0.0418872 0.0026922 -1.19355
0.0412179 0.00367449 -1.19355
0.0404562 0.00482979 -1.19357
0.039623 0.0061235 -1.19359
0.0386815 0.00762168 -1.19363
0.0376723 0.00920013 -1.1937
0.0366287 0.0107821 -1.19379
0.0355691 0.0123581 -1.19392
0.0345242 0.0138728 -1.19407
0.0335642 0.0152568 -1.19423
0.0329943 0.0161819 -1.19438
0.0325654 0.0169483 -1.19456
0.0323064 0.0175451 -1.19474
0.0322226 0.0179375 -1.19494
0.0322981 0.0181501 -1.19514
0.0325196 0.0181811 -1.19535
0.0325804 0.0182896 -1.19558
0.032739 0.0183133 -1.19584
0.0329718 0.0183399 -1.19612
0.0332566 0.0183978 -1.19643
0.0336133 0.0184658 -1.19675
0.0340521 0.0184799 -1.19703
0.0345483 0.0184606 -1.19727
0.0350726 0.0183956 -1.19745
0.0356293 0.018283 -1.19755
0.0361905 0.0181583 -1.1976
0.0367594 0.0180238 -1.19761
0.0373447 0.0178671 -1.19756
0.0379401 0.0176864 -1.19746
0.038523 0.0174938 -1.19734
0.0390974 0.0172626 -1.19719
0.0396241 0.0169581 -1.19704
0.0400499 0.0165564 -1.19689
0.0403547 0.0160687 -1.19675
0.04054 0.0155082 -1.19659
0.0406324 0.0148884 -1.19644
0.0406292 0.0142078 -1.19627
0.0406023 0.0135039 -1.19607
0.04057 0.0127702 -1.19583
0.0405583 0.0120306 -1.19555
0.0405514 0.0112801 -1.1952
0.0405364 0.010512 -1.19479
0.0404923 0.00974145 -1.19431
0.0404232 0.0089888 -1.19378
0.0403178 0.00827401 -1.1932
0.0401926 0.00763107 -1.1926
0.0400501 0.00705686 -1.19199
0.0399077 0.00656259 -1.19136
0.0397726 0.00616131 -1.19072
0.0396655 0.00582618 -1.19005
0.0395745 0.00555219 -1.18936
0.0395286 0.00531049 -1.18867
0.0395635 0.00514916 -1.188
0.0396324 0.00508097 -1.18733
0.0397565 0.0050845 -1.18669
0.0399424 0.00515051 -1.18608
0.0401857 0.00526368 -1.1855
0.0404769 0.00541167 -1.18497
0.0408169 0.00557379 -1.18453
0.0411958 0.00572781 -1.18417
0.0416046 0.00588578 -1.1839
0.042061 0.00602561 -1.18373
0.0425517 0.00615281 -1.18365
0.0431002 0.00628745 -1.18369
0.0436971 0.00643446 -1.18381
0.0443397 0.00654852 -1.18402
0.045017 0.00661615 -1.18425
0.0457139 0.00662778 -1.18451
0.0464018 0.00658187 -1.18479
0.0470595 0.00649344 -1.18509
0.0476774 0.00635964 -1.18541
0.0482416 0.00618968 -1.18577
0.0487348 0.00597883 -1.18615
0.0491607 0.00573739 -1.18655
0.0495412 0.00547175 -1.18697
0.0498796 0.00518296 -1.18744
0.0501836 0.00487512 -1.18792
0.0504554 0.0045503 -1.18842
0.0507007 0.00423102 -1.1889
0.0509197 0.00393446 -1.18937
0.0511031 0.00365609 -1.18983
0.0512636 0.0033979 -1.19029
0.0513892 0.00316851 -1.19073
0.0514879 0.00294056 -1.19113
0.0515729 0.00270187 -1.19149
0.05164 0.00246184 -1.1918
0.0516938 0.0022369 -1.19204
0.0517405 0.00202744 -1.1922
0.0517673 0.00180929 -1.19232
0.051778 0.00157601 -1.1924
0.0517742 0.00134901 -1.19245
0.0517622 0.00112154 -1.19248
0.0517508 0.000904057 -1.19248
0.0517197 0.000690634 -1.19245
0.0516794 0.000455284 -1.19237
0.051629 0.000205405 -1.19226
0.0515859 -6.02575e-05 -1.19215
0.0515216 -0.000307609 -1.192
0.0514332 -0.00054619 -1.19182
0.0513495 -0.000765458 -1.19163
0.0512595 -0.000951225 -1.1914
0.0511661 -0.00108641 -1.19114
0.0510614 -0.00118373 -1.19083
0.0509646 -0.00122632 -1.19049
0.0509009 -0.00119835 -1.19015
0.0508559 -0.00109789 -1.18982
0.0508174 -0.000929668 -1.1895
0.0507556 -0.000736622 -1.18917
0.0506521 -0.000527189 -1.18887
0.0505016 -0.000329944 -1.18861
0.0503064 -0.000153693 -1.18838
0.0500812 -5.88967e-06 -1.18819
0.0498284 0.000120887 -1.18802
0.0495731 0.000240967 -1.18787
0.0493264 0.000351491 -1.18774
0.0490864 0.000426223 -1.18759
0.0488404 0.000468692 -1.18745
0.0485434 0.000488003 -1.18733
0.0481893 0.000486116 -1.18726
0.0477734 0.000455144 -1.18722
0.0472942 0.000402227 -1.18723
0.0467573 0.000325879 -1.18728
0.0461942 0.000242489 -1.18737
0.0456209 0.000160333 -1.1875
0.0450617 9.12998e-05 -1.18762
0.0445289 2.4038e-05 -1.18776
0.0440212 -4.83814e-05 -1.18792
0.0435482 -0.000137317 -1.1881
0.0432407 -5.7263e-05 -1.18833
0.0429696 9.89863e-06 -1.18864
0.0427355 0.000101547 -1.18904
0.0425164 0.000287352 -1.18956
0.0423003 0.000660353 -1.19021
0.0420352 0.00123291 -1.19098
0.0415909 0.00191073 -1.19182
0.0408984 0.00260531 -1.19271
0.0399141 0.00327361 -1.19358
0.038863 0.00408712 -1.19443
0.0373574 0.0044269 -1.19522
0.0356234 0.00454036 -1.19592
0.0337092 0.00443603 -1.19654
0.0316747 0.00410676 -1.19709
0.0295448 0.00353145 -1.19754
0.0273609 0.00268345 -1.19789
0.0251502 0.00157019 -1.19813
0.0229767 0.000211473 -1.19827
0.0208842 -0.00135055 -1.19832
0.0189361 -0.00306337 -1.19825
0.0169868 -0.00496117 -1.19809
0.0155434 -0.00684434 -1.19788
0.0143915 -0.0087047 -1.19764
0.0134794 -0.0104646 -1.19742
0.0127394 -0.0120866 -1.19724
0.0121294 -0.0135207 -1.19712
0.0116892 -0.0146681 -1.19706
0.0114993 -0.0154385 -1.19702
0.0116093 -0.0157231 -1.19695
0.0116902 -0.015923 -1.19684
0.0123891 -0.0152913 -1.19671
0.0133133 -0.0143 -1.19655
0.014412 -0.0130281 -1.19641
0.0156402 -0.0116228 -1.19625
0.0169748 -0.00988545 -1.19609
0.018296 -0.00788403 -1.19592
0.0193623 -0.00586559 -1.19577
0.0202336 -0.0038835 -1.19563
0.020878 -0.0019651 -1.19542
0.0212811 -0.000133576 -1.19517
0.0216455 0.00188844 -1.19484
0.0217756 0.00372445 -1.19442
0.0216958 0.0053083 -1.19391
0.0214204 0.00663272 -1.19333
0.0209998 0.00765957 -1.19271
0.0202367 0.00797072 -1.19207
0.0194582 0.00798819 -1.19145
0.0186981 0.00776914 -1.19087
0.0180812 0.00770242 -1.19032
0.0174945 0.00754753 -1.18977
0.0169127 0.00736185 -1.18923
0.0163437 0.00718002 -1.18868
0.0157841 0.00698444 -1.1881
0.0152574 0.00676304 -1.1875
0.0147874 0.00649479 -1.1869
0.0144056 0.00621132 -1.1863
0.014076 0.00592646 -1.1857
0.0138186 0.00562953 -1.18513
0.0136374 0.00532634 -1.18456
0.0135191 0.00496593 -1.18397
0.0134679 0.00458838 -1.18338
0.013491 0.00418563 -1.18277
0.0135603 0.00376478 -1.18216
0.0136759 0.00327114 -1.18156
0.0138209 0.0026979 -1.18098
0.0140221 0.00202592 -1.18041
0.014253 0.00126066 -1.17987
0.0145044 0.000415026 -1.17936
0.0147721 -0.000483225 -1.17889
0.0150665 -0.00145468 -1.17847
0.015377 -0.00245794 -1.17814
0.0157005 -0.00346923 -1.17791
0.0160124 -0.00446465 -1.17782
0.0163284 -0.00544871 -1.17785
0.0166413 -0.0064193 -1.17803
0.016925 -0.0073788 -1.17836
0.0171865 -0.00832802 -1.17882
0.0174232 -0.00923289 -1.17938
0.0176631 -0.0100559 -1.18006
0.0178977 -0.0107994 -1.18084
0.0181266 -0.0114227 -1.18174
0.0183513 -0.0119021 -1.18271
0.0185923 -0.0122102 -1.18374
0.0188218 -0.0123468 -1.18483
0.0190225 -0.012324 -1.18596
0.019193 -0.0121529 -1.18712
0.0192924 -0.0118564 -1.18828
0.0193274 -0.0114445 -1.18942
0.019309 -0.0109712 -1.19056
0.0191942 -0.010441 -1.19169
0.0190018 -0.00986717 -1.19275
0.0187493 -0.00926194 -1.19375
0.0184631 -0.00860996 -1.19466
0.0181523 -0.00788744 -1.1955
0.0178128 -0.00712451 -1.19622
0.0174949 -0.00633549 -1.19683
0.0172085 -0.00557877 -1.19734
0.0169452 -0.00489384 -1.19777
0.0167016 -0.00431979 -1.19812
0.0164731 -0.00385294 -1.19837
0.0162919 -0.0034781 -1.19853
0.0161726 -0.00316952 -1.19862
0.016102 -0.00292863 -1.19864
0.0160676 -0.00275216 -1.19861
0.0160896 -0.00265364 -1.19852
0.0162037 -0.00261937 -1.19837
0.0163899 -0.00264402 -1.19816
0.01662 -0.00270863 -1.1979
0.0169132 -0.00279708 -1.19758
0.0172465 -0.00291732 -1.19722
0.0176231 -0.00303677 -1.1968
0.0180288 -0.00317079 -1.19632
0.0184645 -0.0033284 -1.19581
0.0189303 -0.00349912 -1.19526
0.019391 -0.00368219 -1.19468
0.0198639 -0.00386288 -1.19407
0.0203175 -0.00403791 -1.19347
0.0207557 -0.00421005 -1.19286
0.0211624 -0.00439923 -1.19225
0.0215991 -0.00463012 -1.19166
0.0220182 -0.00490554 -1.19108
0.0224349 -0.00521083 -1.1905
0.0228484 -0.00554441 -1.18995
0.023284 -0.00589717 -1.18943
0.0237217 -0.00625826 -1.18895
0.0241755 -0.00661371 -1.18854
0.0246195 -0.00694038 -1.18816
0.0250612 -0.00727197 -1.18783
0.025502 -0.00760314 -1.18754
0.0259068 -0.00794762 -1.18727
0.0262934 -0.008314 -1.18705
0.0266308 -0.0087029 -1.18684
0.0269491 -0.00905116 -1.18665
0.027254 -0.00932254 -1.18646
0.0275295 -0.00952115 -1.18628
0.0277503 -0.00966346 -1.18609
0.0279399 -0.00979025 -1.18592
0.028076 -0.00993408 -1.18575
0.0281629 -0.0100979 -1.1856
0.0281967 -0.0102994 -1.18548
0.0281715 -0.0104789 -1.18538
0.028128 -0.0106132 -1.18531
0.0280229 -0.0107105 -1.18526
0.0279138 -0.0108118 -1.18524
0.0277815 -0.0109094 -1.18525
0.0276206 -0.0110245 -1.18528
0.0274761 -0.0111529 -1.18531
0.027371 -0.0113159 -1.18535
0.0272752 -0.0114749 -1.18541
0.0272079 -0.0116145 -1.1855
0.0271663 -0.0117573 -1.18561
0.0271503 -0.0119071 -1.18575
0.0271633 -0.0120544 -1.1859
0.0271692 -0.0121935 -1.18606
0.0271948 -0.0123612 -1.18626
0.0272523 -0.0125591 -1.1865
0.0273033 -0.0127354 -1.18678
0.0273633 -0.0129062 -1.18704
0.0274317 -0.0130837 -1.18728
0.0274935 -0.0132654 -1.18751
0.0276023 -0.0134345 -1.18771
0.0277058 -0.013589 -1.18787
0.0278213 -0.0137189 -1.18801
0.0279147 -0.0138127 -1.1881
0.0280129 -0.0138818 -1.18814
0.0280555 -0.0139327 -1.18816
0.0280418 -0.0139801 -1.18815
0.0279689 -0.0140128 -1.18813
0.0278499 -0.0140305 -1.18808
0.0276547 -0.0139875 -1.188
0.0274417 -0.0137441 -1.18788
0.0272615 -0.0134357 -1.18769
0.0271522 -0.0131591 -1.18742
0.0272093 -0.012927 -1.18709
0.0274089 -0.0128243 -1.18672
0.027759 -0.0128605 -1.18638
0.0281996 -0.0129892 -1.18609
0.0286393 -0.0131143 -1.18588
0.0291301 -0.0132946 -1.18574
0.0296586 -0.0135309 -1.18565
0.0301901 -0.0137988 -1.18558
0.0307065 -0.0141245 -1.18553
0.0312681 -0.0145711 -1.18546
0.0317371 -0.0150743 -1.18537
0.0320941 -0.0156184 -1.18526
0.0323672 -0.0161418 -1.18512
0.0325633 -0.0166143 -1.185
0.0326801 -0.0170144 -1.1849
0.0325468 -0.0170765 -1.18483
0.0323381 -0.0168975 -1.1848
0.0320078 -0.0164139 -1.1848
0.031548 -0.0156452 -1.18484
0.0309798 -0.0146951 -1.18489
0.0302646 -0.0135244 -1.18496
0.0294128 -0.0121848 -1.18503
0.0284607 -0.0106799 -1.18512
0.0274332 -0.00906035 -1.18522
0.026392 -0.00739395 -1.18533
0.0253341 -0.00574008 -1.18546
0.024327 -0.00417004 -1.18561
0.0234136 -0.00271106 -1.18579
0.0226111 -0.00135773 -1.18598
0.0218745 -0.00015248 -1.1862
0.0216501 0.000380874 -1.18643
0.0212063 0.00102934 -1.18665
0.0209488 0.00137606 -1.18686
0.0208736 0.00151192 -1.18707
0.0209159 0.00149597 -1.18728
0.0210783 0.00136251 -1.18749
0.0212871 0.00111402 -1.18772
0.021539 0.00078123 -1.18795
0.0218008 0.000412973 -1.18818
0.0220935 5.51769e-05 -1.18839
0.0223878 -0.00027882 -1.18856
0.0227181 -0.000605708 -1.18867
0.0231055 -0.000954053 -1.18871
0.0235346 -0.0013387 -1.18867
0.0239533 -0.00180661 -1.18855
0.024338 -0.00230002 -1.18838
0.024662 -0.00278557 -1.18814
0.0248792 -0.00328182 -1.18786
0.0249868 -0.00376505 -1.18758
0.0250715 -0.00424909 -1.1873
0.0251319 -0.0047198 -1.18702
0.0251923 -0.00520618 -1.18674
0.0252322 -0.00572418 -1.18646
0.0252789 -0.0063233 -1.1862
0.0252736 -0.00702254 -1.18594
0.0251936 -0.00777489 -1.18571
0.0250338 -0.00853861 -1.18549
0.0247769 -0.00930963 -1.18527
0.0244485 -0.0100731 -1.18506
0.0240805 -0.0108403 -1.18482
0.0236981 -0.0116039 -1.18455
0.0233107 -0.0123532 -1.18425
0.0229672 -0.0130839 -1.18391
0.0226473 -0.013789 -1.18353
0.022374 -0.0144496 -1.18314
0.0221218 -0.0150726 -1.18271
0.0218992 -0.0156203 -1.18228
0.0216947 -0.0160808 -1.18185
0.0214954 -0.0164544 -1.18142
0.021291 -0.0167432 -1.18098
0.0210986 -0.0169308 -1.18055
0.0208936 -0.0170227 -1.18013
0.0206912 -0.0170218 -1.17975
0.0204896 -0.0169515 -1.17941
0.0203221 -0.0168206 -1.17912
0.0202192 -0.016654 -1.17888
0.0202135 -0.0164572 -1.17869
0.0203178 -0.0162959 -1.17857
0.0205313 -0.0161544 -1.17854
0.0208595 -0.0160199 -1.17856
0.0212705 -0.0158664 -1.17866
0.0217296 -0.0157185 -1.17882
0.0221932 -0.015598 -1.17902
0.0226594 -0.0155105 -1.17927
0.0230973 -0.0154599 -1.17954
0.0234923 -0.0154364 -1.17986
0.0238713 -0.0154621 -1.18018
0.0242368 -0.0155337 -1.18051
0.0246226 -0.0156375 -1.18087
0.0249975 -0.0157688 -1.18124
0.0253242 -0.0159421 -1.18162
0.0255941 -0.0161711 -1.18199
0.0258181 -0.0164203 -1.18236
0.025981 -0.0166633 -1.18273
0.0260851 -0.0169076 -1.18309
0.0261192 -0.0171476 -1.18342
0.0261005 -0.0173924 -1.18375
0.026039 -0.0176351 -1.18405
0.0259346 -0.0178929 -1.18433
0.0257947 -0.018152 -1.18461
0.0255985 -0.0183849 -1.18488
0.0254031 -0.0185998 -1.18513
0.0252149 -0.0188008 -1.18534
0.0250333 -0.01899 -1.18553
0.0248486 -0.0191673 -1.18569
0.0246843 -0.0193084 -1.18583
0.0245271 -0.0194362 -1.18595
0.0243841 -0.019587 -1.18602
0.024213 -0.0197558 -1.18605
0.0240405 -0.0199581 -1.18607
0.0238827 -0.0201672 -1.18607
0.0237489 -0.0203823 -1.18606
0.0236248 -0.0205795 -1.18603
0.023533 -0.0207636 -1.18597
0.0234698 -0.0209264 -1.18589
0.0234224 -0.0210915 -1.18578
0.0234038 -0.0212748 -1.18565
0.0233894 -0.0214965 -1.1855
0.0233745 -0.0217302 -1.18532
0.0233647 -0.0219288 -1.18512
0.023337 -0.0220513 -1.18491
0.0233032 -0.0220765 -1.18473
0.0232528 -0.0219873 -1.18454
0.0232173 -0.0217846 -1.18437
0.0232284 -0.0215593 -1.18419
0.023264 -0.0213714 -1.18401
0.0233111 -0.0212357 -1.1838
0.0233663 -0.0211354 -1.18356
0.0234197 -0.0210384 -1.18328
0.0234321 -0.0209018 -1.18299
0.0233812 -0.0206932 -1.18271
0.023257 -0.0204332 -1.18247
0.0230863 -0.0201562 -1.18226
0.0228625 -0.0199011 -1.1821
0.0225725 -0.0197011 -1.18196
0.0222552 -0.0195361 -1.18183
0.0219202 -0.0193898 -1.18168
0.0215714 -0.0192343 -1.18151
0.0212208 -0.0190562 -1.18133
0.020852 -0.0188481 -1.18113
0.0204513 -0.0186113 -1.18092
0.0199882 -0.0183573 -1.18074
0.0194707 -0.0180926 -1.18059
0.0189042 -0.0177982 -1.18049
0.0182802 -0.0174804 -1.18045
0.0176271 -0.0171671 -1.18045
0.0169973 -0.0168617 -1.1805
0.0164039 -0.0165885 -1.18058
0.015885 -0.0163652 -1.1807
0.0154314 -0.0161407 -1.18085
0.0150421 -0.0158925 -1.18103
0.01476 -0.0156286 -1.18128
0.0145424 -0.0153658 -1.18158
0.0144608 -0.0149711 -1.18194
0.0144029 -0.0145544 -1.18239
0.014354 -0.0140243 -1.18294
0.0142669 -0.0133554 -1.18356
0.0140734 -0.0126536 -1.18421
0.0137418 -0.0120331 -1.1849
0.0132756 -0.0113653 -1.18553
0.0125712 -0.0109486 -1.1861
0.0116975 -0.0107007 -1.18658
0.0106623 -0.0106682 -1.18698
0.00952175 -0.010846 -1.18728
0.00829116 -0.0112048 -1.18752
0.00702369 -0.011641 -1.18771
0.00575723 -0.0120717 -1.18782
0.00453454 -0.0124848 -1.18791
0.00331927 -0.0128952 -1.18797
0.00229421 -0.0133427 -1.18805
0.00138731 -0.0138382 -1.18815
0.000597382 -0.014414 -1.18823
-9.95866e-05 -0.0150221 -1.18829
-0.000713008 -0.0156259 -1.18829
-0.00122599 -0.0160963 -1.18822
-0.00183825 -0.0166139 -1.18808
-0.00225541 -0.0168051 -1.18786
-0.00239961 -0.0166091 -1.18757
-0.00222985 -0.0159671 -1.18726
-0.00172619 -0.0148847 -1.18696
-0.000944547 -0.0134496 -1.18671
4.42937e-05 -0.0117857 -1.18651
0.00117662 -0.0100326 -1.18635
0.00235751 -0.00828358 -1.18619
0.00347653 -0.0065875 -1.18602
0.00447131 -0.00494602 -1.18581
0.00531811 -0.00334453 -1.18554
0.00600056 -0.00181354 -1.18519
0.00648464 -0.000409615 -1.18477
0.00680334 0.000777555 -1.1843
0.00697554 0.00168884 -1.18383
0.00703696 0.00230655 -1.18336
0.00699404 0.00264115 -1.18289
0.00691481 0.00271628 -1.18239
0.00679011 0.0025907 -1.18189
0.00660571 0.00231578 -1.18135
0.00638307 0.00194529 -1.18078
0.00614788 0.00153349 -1.1802
0.00587873 0.00114807 -1.17962
0.00556822 0.000796938 -1.17904
0.00520324 0.000449297 -1.17849
0.00480555 8.96326e-05 -1.17799
0.00440907 -0.00028132 -1.17755
0.00403134 -0.0006488 -1.17716
0.0037154 -0.00102794 -1.1768
0.00345866 -0.0014142 -1.17647
0.00328697 -0.00177336 -1.17618
0.00320272 -0.00217556 -1.1759
0.00321437 -0.00259783 -1.17564
0.00330789 -0.00304157 -1.17542
0.00346601 -0.00351624 -1.17522
0.0036866 -0.00401205 -1.17504
0.00392123 -0.00452902 -1.17491
0.00417529 -0.00510479 -1.17483
0.00443812 -0.00573862 -1.17481
0.00472915 -0.00642695 -1.17483
0.00503221 -0.00712543 -1.17492
0.00537138 -0.00781823 -1.17506
0.00572749 -0.00850181 -1.17526
0.00611645 -0.00917851 -1.17554
0.00655366 -0.00984884 -1.17589
0.00699959 -0.0105047 -1.17632
0.0074489 -0.0111405 -1.1768
0.00787245 -0.0117449 -1.17735
0.00827477 -0.0122949 -1.17797
0.00865662 -0.012794 -1.17865
0.00902239 -0.0132161 -1.17938
0.00938609 -0.0135411 -1.18015
0.00975208 -0.0137372 -1.181
0.0100971 -0.0138222 -1.18189
0.0104518 -0.0138236 -1.1828
0.0107829 -0.0137409 -1.1837
0.0110757 -0.0135946 -1.18461
0.0113242 -0.0133843 -1.1855
0.011533 -0.0131186 -1.18633
0.0116868 -0.012794 -1.18712
0.0117819 -0.0124413 -1.18785
0.0118357 -0.0121017 -1.18852
0.0118383 -0.0117437 -1.18909
0.011763 -0.0113515 -1.18959
0.0116261 -0.0109168 -1.18998
0.0114465 -0.0104718 -1.19029
0.0112379 -0.0100849 -1.1905
0.0109827 -0.00977464 -1.19063
0.0107066 -0.00951541 -1.1907
0.0104206 -0.00927409 -1.19067
0.0101382 -0.0090662 -1.19059
0.00988975 -0.00889767 -1.19046
0.00968132 -0.0087802 -1.19027
0.00948647 -0.00872136 -1.19003
0.00935384 -0.00872167 -1.18973
0.00928674 -0.00876531 -1.18937
0.00929432 -0.00883267 -1.18899
0.00933047 -0.00892369 -1.18861
0.00941576 -0.00901857 -1.18822
0.00955511 -0.00912613 -1.18779
0.00976535 -0.00922725 -1.18737
0.0100032 -0.00932294 -1.18693
0.0103198 -0.00940836 -1.18649
0.0106684 -0.00947703 -1.18603
0.0110872 -0.00952353 -1.18557
0.0115449 -0.00958483 -1.18511
0.0120444 -0.00967624 -1.18467
0.0125655 -0.00979815 -1.18424
0.0131333 -0.00990687 -1.18384
0.0137062 -0.00999285 -1.18346
0.0142991 -0.0100809 -1.18311
0.0148859 -0.0101846 -1.18281
0.0155067 -0.0103175 -1.18255
0.0161148 -0.0104644 -1.1823
0.0167144 -0.0106473 -1.18209
0.0172677 -0.0108466 -1.18193
0.0178187 -0.0110564 -1.1818
0.0183309 -0.0112613 -1.18169
0.0188325 -0.0114639 -1.18159
0.0192852 -0.0116743 -1.18152
0.0197326 -0.0118729 -1.18147
0.0201457 -0.012083 -1.18142
0.0205351 -0.0123235 -1.1814
0.0208702 -0.0125945 -1.18136
0.0211681 -0.0128659 -1.18133
0.0214188 -0.0130916 -1.18128
0.0216505 -0.0132399 -1.1812
0.0218323 -0.0133677 -1.18111
0.021948 -0.0135048 -1.18101
0.0220228 -0.01368 -1.18093
0.0220433 -0.0138894 -1.18086
0.0220142 -0.0141323 -1.1808
0.0219172 -0.0143774 -1.18079
0.0217513 -0.0145913 -1.1808
0.021549 -0.0147678 -1.18083
0.0213292 -0.0149151 -1.18086
0.0211204 -0.0150551 -1.18091
0.0209002 -0.0151919 -1.18095
0.0207147 -0.0153338 -1.181
0.0205486 -0.0154817 -1.18106
0.0204516 -0.0156232 -1.18117
0.0203528 -0.0157496 -1.18129
0.0203034 -0.0158613 -1.18143
0.0202642 -0.0159808 -1.18159
0.0202709 -0.016092 -1.18177
0.0203094 -0.0161836 -1.18195
0.0203977 -0.0162604 -1.18213
0.0205231 -0.0163212 -1.18232
0.0206564 -0.0163564 -1.18253
0.020841 -0.016403 -1.18275
0.0210188 -0.0164655 -1.18295
0.021194 -0.016531 -1.18314
0.0213409 -0.0165587 -1.1833
0.0215074 -0.0165433 -1.18344
0.0216515 -0.0164896 -1.18354
0.0217728 -0.0164109 -1.18361
0.0219011 -0.0163235 -1.18361
0.0220302 -0.0162435 -1.18355
0.0221603 -0.0161448 -1.18344
0.0222422 -0.0160268 -1.1833
0.0223302 -0.0159126 -1.18314
0.0223942 -0.0157787 -1.18295
0.0224328 -0.0156429 -1.1827
0.022433 -0.0154831 -1.18242
0.0224228 -0.015324 -1.18211
0.0223773 -0.0151793 -1.18176
0.0223332 -0.0150491 -1.18136
0.0223059 -0.0149477 -1.18093
0.0223338 -0.0148954 -1.18049
0.0224285 -0.0149157 -1.18008
0.0225861 -0.0149874 -1.17969
0.0227537 -0.0150945 -1.17932
0.0229353 -0.0152472 -1.17899
0.0231091 -0.0154 -1.17871
0.0232326 -0.0155255 -1.17849
0.0232851 -0.0156203 -1.1783
0.0232911 -0.0156842 -1.17813
0.0232219 -0.0156774 -1.17796
0.0230568 -0.0155298 -1.17781
0.0227526 -0.0151888 -1.17771
0.0222769 -0.0146365 -1.17764
0.021454 -0.0136411 -1.1776
0.0205245 -0.0124303 -1.17763
0.0194969 -0.0109773 -1.17775
0.0184014 -0.00928115 -1.17795
0.0172904 -0.00737903 -1.1782
0.0162396 -0.00538095 -1.17851
0.0151506 -0.00311634 -1.17889
0.0141596 -0.000877824 -1.1793
0.0132628 0.00126556 -1.17972
0.0124468 0.00325092 -1.18015
0.0120001 0.0045773 -1.18058
0.0116385 0.00562193 -1.18104
0.0113332 0.00640267 -1.18152
0.0110965 0.00696779 -1.18201
0.0109196 0.00732048 -1.18248
0.0108075 0.00741601 -1.18297
0.0107854 0.00727425 -1.18348
0.010588 0.00726978 -1.18399
0.0105017 0.00711636 -1.18449
0.0104915 0.00689361 -1.18496
0.0105606 0.00661957 -1.18542
0.0107044 0.00627467 -1.18583
0.0112066 0.00569581 -1.18615
0.0117623 0.0051506 -1.18637
0.0123484 0.00467484 -1.1865
0.0126905 0.00441796 -1.18648
0.0129967 0.00419771 -1.18633
0.0132007 0.00396258 -1.18608
0.0133176 0.0036907 -1.18573
0.0133421 0.00337262 -1.18531
0.0132966 0.00302686 -1.18486
0.0132075 0.00268802 -1.18442
0.0131241 0.00238062 -1.18399
0.0130407 0.00211419 -1.18355
0.0129595 0.00189993 -1.18309
0.0128606 0.0016816 -1.18261
0.0126966 0.00145008 -1.18208
0.01246 0.00116846 -1.18152
0.0121256 0.00084272 -1.18091
0.0116983 0.00045937 -1.18029
0.0111983 4.3059e-05 -1.17967
0.0106724 -0.000400462 -1.17905
0.0101465 -0.000827639 -1.17845
0.00965862 -0.0012435 -1.17786
0.00922198 -0.0016236 -1.17727
0.00882618 -0.00199329 -1.17667
0.0084759 -0.0023369 -1.17609
0.00815109 -0.00264148 -1.17551
0.00786423 -0.0028938 -1.17494
0.00760791 -0.00309361 -1.17435
0.00737558 -0.00320923 -1.17379
0.00714592 -0.00324716 -1.17324
0.00692078 -0.00319344 -1.1727
0.00669068 -0.00309272 -1.17221
0.00646502 -0.00293868 -1.17174
0.00625082 -0.00274234 -1.17132
0.00608579 -0.00250489 -1.17098
0.00599564 -0.00223094 -1.1707
0.00599633 -0.00190609 -1.17049
0.00611168 -0.0015699 -1.17033
0.00632477 -0.00124021 -1.17023
0.00661932 -0.000940657 -1.17023
0.0069556 -0.000626942 -1.17027
0.00728832 -0.000298731 -1.17038
0.0075832 1.17517e-05 -1.17054
0.00782669 0.000282916 -1.17074
0.00801786 0.000537183 -1.17098
0.00817305 0.000751534 -1.17128
0.00832778 0.000937561 -1.17159
0.00849105 0.00108198 -1.17192
0.00867691 0.00120284 -1.17228
0.00889605 0.00131414 -1.17266
0.0091112 0.00140993 -1.17303
0.00930195 0.00145629 -1.17336
0.00945674 0.00145662 -1.17366
0.00955848 0.0014307 -1.17394
0.00961701 0.00139174 -1.1742
0.00963003 0.00135572 -1.17445
0.0095826 0.00131129 -1.1747
0.00949032 0.00126921 -1.17492
0.00937202 0.00123823 -1.17514
0.00924404 0.00121463 -1.17535
0.00908747 0.0012018 -1.17555
0.00892663 0.00118405 -1.17571
0.00879193 0.00115211 -1.17584
0.00868172 0.0011216 -1.17591
0.00859879 0.00108282 -1.17593
0.00855062 0.0010458 -1.17593
0.00852419 0.0010167 -1.17589
0.00849529 0.000993482 -1.17583
0.00845395 0.000980714 -1.17574
0.00837609 0.000955545 -1.17559
0.0082556 0.000891198 -1.1754
0.00812341 0.00078407 -1.17517
0.00799897 0.000642526 -1.17491
0.00789421 0.000477664 -1.17466
0.00783364 0.000281275 -1.17443
0.00780351 4.59042e-05 -1.17419
0.00781748 -0.000198152 -1.17395
0.00785142 -0.0004156 -1.1737
0.00789786 -0.000641043 -1.17344
0.00795146 -0.000870686 -1.17318
0.00801334 -0.00109271 -1.17293
0.00810831 -0.00127978 -1.17269
0.00823212 -0.00142762 -1.17245
0.00838639 -0.00152784 -1.17223
0.00858451 -0.0015827 -1.17204
0.00880334 -0.00160771 -1.17188
0.00903822 -0.00161197 -1.17175
0.00928881 -0.00163269 -1.17163
0.00953879 -0.00167704 -1.17154
0.00978307 -0.00175881 -1.17147
0.0100317 -0.00185962 -1.17143
0.0102684 -0.0019457 -1.17144
0.0104761 -0.00200701 -1.17147
0.010651 -0.00203834 -1.17152
0.0108003 -0.00204862 -1.17161
0.0109255 -0.00207677 -1.17174
0.0110233 -0.00212371 -1.17186
0.0111002 -0.00220235 -1.17197
0.0111605 -0.00231023 -1.17205
0.0111984 -0.00240058 -1.17212
0.0112039 -0.00243514 -1.17215
0.0111767 -0.00242947 -1.17218
0.0111152 -0.00239522 -1.17223
0.0110207 -0.00234948 -1.17229
0.0108651 -0.00230168 -1.1724
0.0106684 -0.00222572 -1.17254
0.0104357 -0.00210401 -1.17273
0.0101783 -0.00195081 -1.17294
0.00993429 -0.0017809 -1.17316
0.0097486 -0.00159285 -1.17341
0.00962009 -0.00140654 -1.17364
0.00967911 -0.00113189 -1.17387
0.00976464 -0.0008865 -1.17413
0.00987084 -0.000603311 -1.17445
0.00993522 -0.000144985 -1.17487
0.00990544 0.000500335 -1.17537
0.00968319 0.00123873 -1.17595
0.00921469 0.00196749 -1.17658
0.00847903 0.00257021 -1.17722
0.00746531 0.00296824 -1.17781
0.00620867 0.00308197 -1.1783
0.00473595 0.00286205 -1.17865
0.00310022 0.00226473 -1.17888
0.00133539 0.0013066 -1.17897
-0.000532496 5.1548e-05 -1.17892
-0.00244686 -0.00143512 -1.17875
-0.00432929 -0.003135 -1.1785
-0.00632073 -0.00505829 -1.1782
-0.0078581 -0.00711216 -1.17789
-0.00909798 -0.00917072 -1.17755
-0.010064 -0.0111104 -1.17726
-0.010789 -0.0128679 -1.17702
-0.0113154 -0.0144232 -1.17683
-0.0116065 -0.0157435 -1.17664
-0.0116458 -0.0167837 -1.17644
-0.0114219 -0.017503 -1.17621
-0.0112693 -0.0182374 -1.17596
-0.0108787 -0.0185962 -1.17572
-0.00997495 -0.0181733 -1.17551
-0.00889204 -0.0173594 -1.17531
-0.00762412 -0.0161695 -1.17515
-0.00618093 -0.0147141 -1.17501
-0.00455309 -0.0128584 -1.17488
-0.0028393 -0.0107256 -1.17474
-0.00125944 -0.00870146 -1.1746
0.000151119 -0.0067614 -1.17445
0.0016306 -0.00460846 -1.17428
0.00284358 -0.0026779 -1.17404
0.00377933 -0.000951683 -1.17373
0.00443899 0.000581328 -1.17334
0.00484678 0.00183857 -1.17288
0.00503573 0.00278324 -1.17239
0.00503252 0.00341886 -1.17183
0.00450054 0.00328623 -1.17125
0.00387212 0.00286346 -1.17066
0.00319865 0.002153 -1.17011
0.00251533 0.00123634 -1.16959
0.00201253 0.000519281 -1.16909
0.0014877 -0.000233007 -1.16859
0.000956223 -0.00099951 -1.16808
0.000408897 -0.00179087 -1.16758
-0.000173229 -0.00259464 -1.16709
-0.000786008 -0.00344866 -1.16658
-0.00139789 -0.00432106 -1.16608
-0.00200174 -0.00520153 -1.16557
-0.00261349 -0.00608599 -1.16508
-0.00322594 -0.00698106 -1.16457
-0.00378366 -0.00787234 -1.16405
-0.00427819 -0.00876427 -1.1635
-0.00468805 -0.00968116 -1.16296
-0.00502622 -0.0106043 -1.16243
-0.00526734 -0.0115827 -1.16188
-0.00543054 -0.0126024 -1.16132
-0.00548135 -0.0137095 -1.16076
-0.00544539 -0.0148619 -1.1602
-0.0053133 -0.0160566 -1.15969
-0.00510109 -0.0172639 -1.15924
-0.00480775 -0.0185014 -1.15883
-0.00444673 -0.0197424 -1.1585
-0.00405903 -0.0209931 -1.15829
-0.00364551 -0.0222592 -1.15819
-0.00318425 -0.0235306 -1.15821
-0.00270506 -0.0247978 -1.15836
-0.00221453 -0.0260595 -1.15863
-0.00174539 -0.0272825 -1.15902
-0.00125931 -0.028432 -1.15951
-0.000758006 -0.0294889 -1.16011
-0.000224388 -0.0304516 -1.16081
0.000318228 -0.0313118 -1.16157
0.000862089 -0.0320435 -1.16238
0.00136144 -0.0326528 -1.16322
0.00181518 -0.0331424 -1.16404
0.00221949 -0.0335137 -1.16492
0.00252665 -0.0337519 -1.16582
0.00272218 -0.0338485 -1.16671
0.00281442 -0.0338365 -1.16761
0.00277614 -0.0337112 -1.16849
0.00262656 -0.0335607 -1.16932
0.00237784 -0.0334201 -1.1701
0.00203168 -0.0332641 -1.17082
0.00160502 -0.0330734 -1.17145
0.00111683 -0.0328337 -1.172
0.000586028 -0.0325737 -1.17244
5.36006e-05 -0.032347 -1.17278
-0.000486561 -0.0321652 -1.17304
-0.001005 -0.0320412 -1.1732
-0.00152518 -0.0319733 -1.17329
-0.00200691 -0.0319849 -1.17331
-0.00245963 -0.0320501 -1.17325
-0.00288761 -0.0321942 -1.17315
-0.00327864 -0.0324105 -1.17299
-0.00361664 -0.0326906 -1.17281
-0.0038959 -0.0330322 -1.17258
-0.00407494 -0.0334295 -1.17233
-0.00418461 -0.0338652 -1.17205
-0.00420914 -0.0343227 -1.17174
-0.00411574 -0.0347789 -1.17139
-0.00395641 -0.0352469 -1.17101
-0.00370575 -0.0357115 -1.17058
-0.00340012 -0.0361553 -1.17012
-0.00303533 -0.0365646 -1.16963
-0.00262835 -0.0369307 -1.1691
-0.00218426 -0.0372976 -1.16858
-0.00171885 -0.0376761 -1.16808
-0.00119752 -0.0380844 -1.16758
-0.000684661 -0.038478 -1.16707
-0.000162672 -0.0388262 -1.16658
0.000386337 -0.0391537 -1.16612
0.000956869 -0.0394831 -1.16571
0.00152096 -0.0398202 -1.16533
0.00211775 -0.0401681 -1.16496
0.00274333 -0.0405153 -1.16462
0.00337263 -0.0408475 -1.16432
0.00400091 -0.0411459 -1.16406
0.00461608 -0.0414238 -1.16383
0.00521502 -0.0416828 -1.16363
0.00577484 -0.041934 -1.16345
0.00632359 -0.0421968 -1.16329
0.00684331 -0.0424841 -1.16317
0.00732501 -0.0427902 -1.16306
0.00775891 -0.0430911 -1.16299
0.00818432 -0.0433383 -1.16293
0.00855461 -0.0435001 -1.16286
0.00890168 -0.0435539 -1.1628
0.00918223 -0.0435488 -1.16275
0.00941818 -0.0435334 -1.1627
0.00958251 -0.0435112 -1.16265
0.00971626 -0.0434983 -1.1626
0.00976605 -0.0435098 -1.16258
0.00977562 -0.0435512 -1.1626
0.00975928 -0.0436318 -1.16262
0.00975955 -0.0437143 -1.16267
0.00976007 -0.0437775 -1.16273
0.00978499 -0.0437967 -1.1628
0.0098328 -0.0437883 -1.16288
0.00990922 -0.0438016 -1.16296
0.0100218 -0.0438419 -1.16307
0.0101565 -0.0439403 -1.1632
0.0103385 -0.0440581 -1.16337
0.010541 -0.044182 -1.16357
0.0107886 -0.0442837 -1.16378
0.011047 -0.044364 -1.16399
0.0113449 -0.0444279 -1.16422
0.0116472 -0.0444959 -1.16445
0.0119653 -0.044559 -1.16467
0.0123167 -0.0445993 -1.16489
0.0126764 -0.0446038 -1.1651
0.0130561 -0.0445529 -1.16533
0.0134211 -0.0444606 -1.16555
0.013794 -0.0443274 -1.16578
0.0141321 -0.0441666 -1.16599
0.0144244 -0.0439971 -1.16617
0.0146727 -0.0438252 -1.1663
0.0148664 -0.0436285 -1.16639
0.0149703 -0.0433994 -1.16642
0.0150423 -0.0431316 -1.16641
0.015038 -0.0428471 -1.16635
0.0150084 -0.042518 -1.16622
0.0148398 -0.0420407 -1.16602
0.0147827 -0.0416182 -1.16577
0.014763 -0.0412006 -1.16551
0.0147844 -0.0408669 -1.16528
0.014863 -0.0407113 -1.16508
0.0150074 -0.0407117 -1.16494
0.0150883 -0.0407245 -1.16488
0.0152402 -0.040792 -1.16489
0.0154835 -0.0409357 -1.16497
0.0157663 -0.0411324 -1.16507
0.0162103 -0.0414786 -1.16517
0.0166436 -0.0418328 -1.16527
0.0170834 -0.0422122 -1.16538
0.0174569 -0.0425945 -1.16548
0.0177257 -0.0429868 -1.16561
0.0179122 -0.0433476 -1.16576
0.0178007 -0.0433768 -1.16592
0.0175774 -0.0432322 -1.16611
0.0172358 -0.0428614 -1.16634
0.0167723 -0.0422338 -1.16661
0.0161448 -0.0413593 -1.16691
0.015355 -0.0402247 -1.16724
0.0144099 -0.038842 -1.16757
0.0133552 -0.0372668 -1.16792
0.0121416 -0.0354324 -1.16826
0.0108424 -0.0333944 -1.16858
0.00948902 -0.0312671 -1.16889
0.00815148 -0.0290919 -1.1692
0.00689044 -0.0268648 -1.16951
0.00572324 -0.0245981 -1.16985
0.00464029 -0.0223954 -1.17024
0.00403401 -0.0210474 -1.17069
0.00324461 -0.0195043 -1.17116
0.00258666 -0.018338 -1.17166
0.00203051 -0.0175608 -1.17219
0.00161907 -0.0171867 -1.17269
0.00135682 -0.0171183 -1.17316
0.00121047 -0.0172621 -1.17361
0.00117333 -0.0175663 -1.17406
0.00125705 -0.0179686 -1.17446
0.00145978 -0.0184769 -1.17483
0.00172381 -0.0190645 -1.1752
0.00202196 -0.019663 -1.17552
0.00234657 -0.0202597 -1.17578
0.00269552 -0.0208358 -1.17598
0.0030395 -0.0214257 -1.17612
0.00337662 -0.0220376 -1.17618
0.00371926 -0.0226606 -1.17615
0.00401953 -0.0232699 -1.17605
0.00427652 -0.0238372 -1.17588
0.00446293 -0.0243301 -1.17568
0.00456146 -0.0247558 -1.17543
0.00456759 -0.0251346 -1.17514
0.00449559 -0.0255412 -1.17482
0.00431999 -0.025987 -1.17451
0.00406788 -0.0264836 -1.17417
0.00372575 -0.0270108 -1.17383
0.00348471 -0.027712 -1.1735
0.00318064 -0.0283909 -1.17315
0.00284271 -0.0290401 -1.17278
0.00246778 -0.0296739 -1.1724
0.00187896 -0.0301732 -1.17198
0.00126699 -0.0306562 -1.17151
0.000629732 -0.0311648 -1.17099
-4.10624e-05 -0.0316846 -1.17043
-0.00073214 -0.0322075 -1.16984
-0.00144938 -0.0326913 -1.16922
-0.00217703 -0.0331189 -1.16859
-0.00290619 -0.0334757 -1.16795
-0.00361938 -0.0337682 -1.1673
-0.00430174 -0.0339746 -1.16665
-0.00495261 -0.0341135 -1.16598
-0.00553779 -0.0341858 -1.16531
-0.00604012 -0.0342066 -1.16466
-0.00645665 -0.0341616 -1.16404
-0.00678312 -0.034053 -1.16346
-0.00701347 -0.0338613 -1.16292
-0.00714646 -0.0336 -1.16243
-0.00718995 -0.0332941 -1.16199
-0.00714475 -0.0329852 -1.16163
-0.00704295 -0.0327245 -1.16132
-0.00686763 -0.0324991 -1.16107
-0.00662644 -0.0322808 -1.16092
-0.00632887 -0.0320813 -1.16087
-0.00600835 -0.0319152 -1.16089
-0.00566432 -0.0317949 -1.161
-0.00530852 -0.0316912 -1.16116
-0.00495431 -0.0316125 -1.16136
-0.0045481 -0.0315662 -1.16159
-0.00426712 -0.0315312 -1.16186
-0.00404392 -0.0315296 -1.16214
-0.00387076 -0.0315675 -1.16241
-0.00375812 -0.0316841 -1.16267
-0.00370649 -0.0318728 -1.16297
-0.00373065 -0.0320905 -1.16327
-0.00381889 -0.0323012 -1.16356
-0.00395724 -0.032507 -1.16387
-0.00416322 -0.0327116 -1.16422
-0.00440754 -0.0329012 -1.16458
-0.00457186 -0.0330568 -1.16497
-0.0047501 -0.0332063 -1.16538
-0.00506329 -0.0333824 -1.1658
-0.00539095 -0.0335593 -1.16624
-0.00572116 -0.0337467 -1.16668
-0.00605663 -0.0339277 -1.16713
-0.00638145 -0.0340958 -1.16754
-0.00668911 -0.034229 -1.16795
-0.00697475 -0.0343331 -1.16834
-0.00723348 -0.0344246 -1.16873
-0.00746856 -0.0344859 -1.16908
-0.00768428 -0.0345196 -1.16941
-0.00790317 -0.0345421 -1.16968
-0.00810915 -0.0345769 -1.16993
-0.00830501 -0.0346133 -1.17013
-0.00848248 -0.0346415 -1.1703
-0.00865441 -0.0346778 -1.17043
-0.00882551 -0.0347309 -1.17055
-0.00899027 -0.0347775 -1.17063
-0.00915573 -0.0348051 -1.17068
-0.00931305 -0.0348046 -1.17071
-0.00944108 -0.0347883 -1.17071
-0.00951818 -0.0347478 -1.17066
-0.00952991 -0.0346619 -1.17058
-0.00947458 -0.0345228 -1.17045
-0.00935074 -0.0343348 -1.1703
-0.00917622 -0.0340963 -1.17014
-0.00896128 -0.0338152 -1.16996
-0.00871926 -0.0335225 -1.16975
-0.00848481 -0.033229 -1.16953
-0.00825869 -0.0329416 -1.1693
