%roll pitch yaw
0.0142255 -0.0192808 -1.26741
0.0138847 -0.0200902 -1.26692
0.0135281 -0.0208102 -1.2664
0.0131696 -0.0214149 -1.26586
0.0128046 -0.0219138 -1.2653
0.0124574 -0.0223085 -1.26474
0.0121311 -0.022627 -1.26419
0.0118401 -0.0228685 -1.26364
0.011575 -0.0230156 -1.26311
0.0113597 -0.0230877 -1.26263
0.0112297 -0.0230855 -1.26218
0.0111931 -0.0230403 -1.26181
0.0112791 -0.0229436 -1.26151
0.0115014 -0.0228504 -1.26127
0.0118388 -0.0227717 -1.2611
0.0122667 -0.0227068 -1.26099
0.0127724 -0.0226383 -1.26097
0.0133471 -0.022584 -1.26101
0.0139228 -0.022564 -1.26111
0.0144684 -0.0225975 -1.26127
0.0149929 -0.0226805 -1.2615
0.0155125 -0.0228065 -1.2618
0.0160098 -0.0229901 -1.26217
0.0164994 -0.0232171 -1.26258
0.0169711 -0.023464 -1.26301
0.0174166 -0.0237288 -1.26345
0.017815 -0.0240334 -1.26392
0.0181559 -0.0243823 -1.26441
0.0184118 -0.0247881 -1.26487
0.0185987 -0.0252336 -1.26534
0.0187121 -0.0256867 -1.2658
0.0187522 -0.0261451 -1.26624
0.0187323 -0.0265988 -1.26667
0.0186548 -0.0270466 -1.26711
0.0185426 -0.0274796 -1.26757
0.0183843 -0.0278585 -1.26803
0.0182063 -0.0282211 -1.26849
0.0180142 -0.028557 -1.26891
0.0178195 -0.0288849 -1.26929
0.017616 -0.0292123 -1.26966
0.0174268 -0.0295383 -1.27
0.0172494 -0.029854 -1.27031
0.0170853 -0.0301504 -1.27057
0.0169472 -0.0304587 -1.27082
0.0167886 -0.030749 -1.27105
0.0166577 -0.0310182 -1.27126
0.0165332 -0.0312678 -1.27143
0.0164261 -0.0314979 -1.27156
0.0163417 -0.0317466 -1.27165
0.0163065 -0.0320373 -1.27171
0.0163032 -0.032379 -1.27174
0.0163372 -0.0327636 -1.27172
0.0163786 -0.0331374 -1.27168
0.0164257 -0.0334745 -1.27164
0.0164623 -0.0337478 -1.27159
0.0165017 -0.0339664 -1.27152
0.0165368 -0.0341522 -1.27144
0.0165787 -0.0342906 -1.27134
0.0166558 -0.0343915 -1.2712
0.0167861 -0.0344869 -1.27102
0.0169702 -0.034548 -1.27081
0.0171947 -0.0345709 -1.27059
0.01743 -0.0345572 -1.27034
0.017629 -0.0345152 -1.27007
0.0177979 -0.0344606 -1.26977
0.0179289 -0.0343868 -1.26949
0.0179863 -0.0343429 -1.26923
0.0179942 -0.0343323 -1.26897
0.0179712 -0.034379 -1.26869
0.0179355 -0.0344449 -1.2684
0.0179031 -0.0344866 -1.26807
0.0178719 -0.034491 -1.26773
0.0178086 -0.0344732 -1.26736
0.0177044 -0.0344496 -1.26695
0.017539 -0.0344546 -1.26653
0.0173084 -0.034492 -1.2661
0.0170281 -0.034528 -1.26569
0.0167166 -0.0345252 -1.26531
0.0163604 -0.0344898 -1.26497
0.0159848 -0.034419 -1.26465
0.0156407 -0.0343337 -1.26433
0.0153465 -0.0342498 -1.26405
0.0150899 -0.0341795 -1.2638
0.0148789 -0.0340911 -1.26358
0.0147184 -0.0339584 -1.26341
0.014599 -0.0337925 -1.2633
0.014515 -0.033604 -1.26329
0.014498 -0.033403 -1.26336
0.0145284 -0.0331837 -1.26353
0.0146186 -0.0329557 -1.26379
0.0147677 -0.0327309 -1.26414
0.0150421 -0.0322855 -1.26456
0.0153516 -0.0317782 -1.26503
0.0156978 -0.0311749 -1.26555
0.0160392 -0.0305087 -1.26611
0.0163561 -0.0298006 -1.26669
0.0165614 -0.0291428 -1.26726
0.0167148 -0.0285627 -1.26781
0.0167512 -0.0281135 -1.26829
0.0166658 -0.0278249 -1.26868
0.0164041 -0.0275914 -1.26897
0.0159726 -0.0274552 -1.26919
0.0153835 -0.0273804 -1.26935
0.0146935 -0.0273365 -1.2695
0.0139242 -0.0273153 -1.26961
0.0131393 -0.0273099 -1.26969
0.0124095 -0.0273048 -1.2697
0.0117707 -0.0273087 -1.26966
0.0110697 -0.0274638 -1.26958
0.0105076 -0.0275848 -1.26946
0.0100805 -0.0276351 -1.26929
0.00980542 -0.0276009 -1.26908
0.00972561 -0.0274187 -1.26886
0.00997924 -0.0268151 -1.26861
0.0104034 -0.0259934 -1.26836
0.0109785 -0.0249594 -1.26811
0.0116669 -0.0237486 -1.26788
0.0124101 -0.022407 -1.26767
0.0131678 -0.0209496 -1.26747
0.0139955 -0.0193217 -1.26731
0.0148402 -0.0175954 -1.26716
0.015682 -0.0158039 -1.26702
0.0165372 -0.0139517 -1.26685
0.0172573 -0.0124064 -1.26659
0.0179406 -0.0109454 -1.26621
0.0185548 -0.00963447 -1.26572
0.0190842 -0.0085581 -1.26513
0.019505 -0.00780354 -1.26448
0.0197987 -0.00741379 -1.26378
0.0202639 -0.00689592 -1.26309
0.0205855 -0.00662454 -1.26241
0.0207692 -0.00652192 -1.26176
0.0208367 -0.00654123 -1.26114
0.0208382 -0.00667989 -1.26055
0.0206308 -0.00721645 -1.26
0.0204245 -0.00784708 -1.2595
0.0202427 -0.0085532 -1.25903
0.0202626 -0.00906751 -1.25862
0.0203164 -0.00964777 -1.25829
0.0203891 -0.0102759 -1.25803
0.0204962 -0.0109069 -1.2578
0.0206318 -0.0115483 -1.25762
0.0207639 -0.0121764 -1.25752
0.0208943 -0.0127926 -1.25748
0.0210599 -0.0133993 -1.2575
0.021244 -0.0139831 -1.25758
0.0214548 -0.0145807 -1.25772
0.0216899 -0.015181 -1.2579
0.022006 -0.0157888 -1.25811
0.0224159 -0.0163673 -1.25836
0.0228997 -0.0168844 -1.25864
0.0233493 -0.0174759 -1.25896
0.0238522 -0.0180277 -1.2593
0.0243855 -0.0185216 -1.25965
0.024941 -0.018953 -1.26004
0.0254892 -0.0193486 -1.26047
0.0260105 -0.0197219 -1.26095
0.0265037 -0.0200547 -1.26148
0.0269901 -0.0203145 -1.26206
0.0276068 -0.0204876 -1.26268
0.0282347 -0.0206041 -1.26335
0.0288864 -0.0206623 -1.26408
0.029548 -0.0206625 -1.26486
0.0302376 -0.0206086 -1.2657
0.0309341 -0.0205246 -1.26657
0.0316326 -0.0203848 -1.26747
0.032325 -0.0201927 -1.26837
0.0330056 -0.0199532 -1.26924
0.0336573 -0.0195909 -1.2701
0.0342615 -0.0191633 -1.27095
0.0347865 -0.0186687 -1.27176
0.0352438 -0.0181566 -1.27253
0.0356208 -0.0176487 -1.27324
0.0358993 -0.0171368 -1.27388
0.0360837 -0.0165986 -1.27444
0.0362023 -0.0161014 -1.27493
0.0362779 -0.0156318 -1.27534
0.0363185 -0.0151884 -1.27567
0.0363372 -0.0147174 -1.27591
0.0363393 -0.0142467 -1.27606
0.0363379 -0.0138036 -1.27612
0.0363436 -0.0134254 -1.27613
0.0363397 -0.0131045 -1.27608
0.036338 -0.0128448 -1.27599
0.0363404 -0.0126488 -1.27586
0.0363753 -0.0124901 -1.27571
0.0364265 -0.0123866 -1.27558
0.0365193 -0.0123072 -1.27541
0.0366731 -0.0122519 -1.27524
0.0368859 -0.0122473 -1.27507
0.0371647 -0.0122597 -1.27487
0.0375009 -0.0122817 -1.27465
0.0378881 -0.0123228 -1.27441
0.038316 -0.0123583 -1.27416
0.0387876 -0.0123673 -1.2739
0.0393049 -0.0123019 -1.27361
0.0398676 -0.0121795 -1.27332
0.0404594 -0.0120185 -1.27303
0.0410428 -0.0118006 -1.27273
0.0416335 -0.0115795 -1.27241
0.0422144 -0.0114086 -1.2721
0.0427816 -0.0112664 -1.27181
0.0433392 -0.0111248 -1.27153
0.0438684 -0.0109935 -1.27122
0.0443872 -0.0108681 -1.27093
0.0449064 -0.010753 -1.27066
0.045426 -0.0106615 -1.27042
0.0459047 -0.010563 -1.27021
0.0463339 -0.0104636 -1.27002
0.0467388 -0.0104276 -1.26983
0.0471014 -0.0104377 -1.26966
0.04743 -0.0105197 -1.26952
0.047711 -0.0106574 -1.26939
0.0479452 -0.0108075 -1.26927
0.0481582 -0.0109681 -1.26916
0.0483323 -0.0110952 -1.26906
0.0484499 -0.0111707 -1.26897
0.0485202 -0.0111878 -1.26887
0.0485453 -0.0111384 -1.26875
0.0485106 -0.0110743 -1.26863
0.0484482 -0.011062 -1.2685
0.0483229 -0.0111216 -1.26836
0.0481696 -0.0112508 -1.26824
0.0479769 -0.0114285 -1.26816
0.0477568 -0.0116505 -1.26813
0.0474829 -0.0118765 -1.26812
0.0471722 -0.0120717 -1.26815
0.0468216 -0.0122386 -1.2682
0.0464737 -0.0123977 -1.26829
0.0460911 -0.0125501 -1.2684
0.0456891 -0.0127291 -1.26854
0.0452952 -0.0129494 -1.26872
0.0449505 -0.0132306 -1.26892
0.0446317 -0.0135138 -1.26914
0.0443328 -0.0137923 -1.2694
0.0440732 -0.0140773 -1.2697
0.0438365 -0.0143469 -1.27005
0.04364 -0.0145869 -1.27044
0.0434722 -0.0147884 -1.27086
0.0433354 -0.014956 -1.27131
0.0431905 -0.0151353 -1.2718
0.0430701 -0.0153174 -1.2723
0.0429346 -0.015497 -1.27281
0.042774 -0.0156472 -1.27333
0.0425829 -0.0157909 -1.27385
0.0423748 -0.015923 -1.27435
0.0421344 -0.0160632 -1.27482
0.0418411 -0.0162203 -1.27526
0.0414873 -0.0163852 -1.27567
0.0411122 -0.0165273 -1.27603
0.0406666 -0.0166302 -1.27633
0.0402136 -0.0167114 -1.27657
0.039768 -0.0168174 -1.27674
0.0393334 -0.0169225 -1.27683
0.0388911 -0.0170028 -1.27687
0.0384808 -0.0170442 -1.27686
0.0380774 -0.017075 -1.2768
0.0376907 -0.0170986 -1.27671
0.0372739 -0.0170771 -1.27662
0.036833 -0.017016 -1.27653
0.0363799 -0.0169454 -1.27641
0.035981 -0.0168512 -1.27628
0.0356179 -0.0167062 -1.27613
0.035274 -0.0165183 -1.27595
0.0349855 -0.0163009 -1.27575
0.0347523 -0.0160243 -1.27551
0.0345522 -0.0156518 -1.27523
0.0343384 -0.0152388 -1.27495
0.0341393 -0.0148417 -1.27466
0.0339078 -0.0144362 -1.27437
0.0336255 -0.0140236 -1.2741
0.0332844 -0.0135888 -1.27382
0.0328571 -0.0130731 -1.27356
0.0323005 -0.0123751 -1.27329
0.0315866 -0.0114317 -1.27299
0.0305402 -0.0101024 -1.2727
0.0293489 -0.00856546 -1.27244
0.0280383 -0.0068635 -1.2722
0.0266559 -0.00506682 -1.272
0.0252167 -0.0031948 -1.27187
0.0236707 -0.00108799 -1.27179
0.0221482 0.000940886 -1.27178
0.0207212 0.0028609 -1.27181
0.0196064 0.00435515 -1.27188
0.0186407 0.00571207 -1.27199
0.0177985 0.00685809 -1.27211
0.017094 0.00779992 -1.27224
0.0164904 0.00854675 -1.27236
0.0159757 0.00905597 -1.27252
0.0155342 0.00931401 -1.2727
0.0148779 0.00975054 -1.2729
0.0143781 0.00999056 -1.27315
0.0140229 0.0100716 -1.27346
0.01409 0.00973857 -1.27383
0.0142478 0.00937627 -1.27425
0.0144836 0.0090593 -1.27468
0.0147754 0.00879314 -1.2751
0.0151221 0.00849852 -1.2755
0.0155118 0.00816547 -1.27585
0.0159272 0.00782286 -1.2761
0.0163376 0.00750169 -1.27627
0.0165359 0.00739121 -1.27636
0.0166751 0.00730707 -1.2764
0.0167343 0.00723462 -1.27642
0.0168176 0.00691447 -1.2764
0.01684 0.00654923 -1.27637
0.0168167 0.00613892 -1.27636
0.0166284 0.00589269 -1.27639
0.0164095 0.00561838 -1.27644
0.0161109 0.00536143 -1.27648
0.0157374 0.00509515 -1.27648
0.0152582 0.0048517 -1.27642
0.0146767 0.00457305 -1.2763
0.0139985 0.00422926 -1.27612
0.0132613 0.00381879 -1.27588
0.01251 0.00334983 -1.2756
0.0117873 0.00283951 -1.27529
0.0111162 0.00230305 -1.27497
0.010695 0.00168584 -1.27464
0.0103247 0.00109991 -1.27432
0.0097882 0.00061481 -1.27398
0.00926587 0.000184739 -1.2736
0.00873288 -0.000181753 -1.27319
0.00818879 -0.000503906 -1.27272
0.00764084 -0.000768075 -1.27222
0.00711841 -0.000976112 -1.27168
0.00663973 -0.00111538 -1.27111
0.00618959 -0.00120205 -1.27054
0.00578953 -0.00122747 -1.26994
0.00545373 -0.00117431 -1.26934
0.00518575 -0.00105718 -1.26876
0.00498125 -0.000859276 -1.26823
0.00482895 -0.000611482 -1.26775
0.004705 -0.000349669 -1.26732
0.00462534 -7.27194e-05 -1.26694
0.00458005 0.000204809 -1.26661
0.00456814 0.000509367 -1.26634
0.00457168 0.000809206 -1.26614
0.00459171 0.00109951 -1.26602
0.00463734 0.00139132 -1.266
0.00470564 0.00168035 -1.26604
0.00478634 0.00194345 -1.26614
0.00488141 0.00219015 -1.26628
0.00501867 0.00242597 -1.26644
0.00518797 0.00263564 -1.26663
0.00538081 0.0028165 -1.26686
0.00557323 0.00294313 -1.26709
0.00573507 0.00302816 -1.26734
0.00586583 0.00310517 -1.26756
0.00593795 0.0031717 -1.26779
0.00596137 0.00322353 -1.26804
0.00590784 0.00328199 -1.26831
0.00578597 0.00337666 -1.26858
0.0056274 0.00350455 -1.26887
0.00542319 0.00363889 -1.26917
0.00517397 0.00378002 -1.26949
0.00490174 0.00391654 -1.26979
0.00461745 0.00407778 -1.27006
0.00430432 0.00424779 -1.27028
0.00395503 0.00442775 -1.27047
0.00359195 0.00463794 -1.27061
0.00323796 0.00488737 -1.2707
0.00288885 0.00516284 -1.27075
0.00255265 0.00543416 -1.27077
0.00223765 0.00569177 -1.27078
0.00192199 0.00591513 -1.27076
0.00160618 0.00610151 -1.2707
0.00130248 0.00625744 -1.27061
0.00101818 0.00636593 -1.27048
0.000745048 0.00642816 -1.27035
0.000504877 0.0064712 -1.2702
0.000305961 0.00651464 -1.27003
0.000161876 0.00656719 -1.26985
5.80514e-05 0.00659643 -1.26969
-1.72882e-05 0.00658513 -1.26951
-5.22201e-05 0.00654982 -1.26932
-4.21615e-05 0.00650607 -1.26912
8.38487e-07 0.00649073 -1.26891
5.76985e-05 0.00654756 -1.2687
0.000135508 0.00668961 -1.26848
0.000256937 0.00690157 -1.26826
0.000416017 0.00715229 -1.26803
0.000598089 0.00739964 -1.26781
0.000769913 0.00761642 -1.26759
0.000959319 0.00779986 -1.26737
0.00113917 0.00795504 -1.26718
0.00130541 0.00811312 -1.267
0.00143402 0.00828632 -1.26684
0.00152947 0.00847967 -1.2667
0.00159249 0.00867683 -1.26658
0.00163917 0.00884988 -1.26648
0.00165996 0.00899354 -1.26641
0.00164479 0.00909062 -1.26633
0.00160616 0.00915567 -1.26626
0.00153864 0.00920984 -1.2662
0.00143569 0.00926546 -1.26614
0.00129668 0.00933517 -1.26607
0.00112745 0.00940309 -1.266
0.000943461 0.00947091 -1.26592
0.000740462 0.00954777 -1.26586
0.000516187 0.00965339 -1.26582
0.000283079 0.00978214 -1.26581
3.33819e-05 0.00991937 -1.26583
-0.000243162 0.0100617 -1.26592
-0.000544021 0.0102019 -1.26608
-0.000833163 0.0103423 -1.2663
-0.00111184 0.010471 -1.26658
-0.00138158 0.0105934 -1.2669
-0.00159661 0.0107132 -1.26726
-0.00172064 0.0108272 -1.26763
-0.00162462 0.0110291 -1.26801
-0.00150573 0.0112237 -1.2684
-0.00140208 0.0114789 -1.26882
-0.00139536 0.0118811 -1.2693
-0.00152794 0.0124087 -1.26985
-0.00184474 0.012952 -1.27048
-0.00232394 0.0136452 -1.27114
-0.00301973 0.0139206 -1.2718
-0.00388295 0.0139698 -1.2724
-0.0048679 0.0137533 -1.2729
-0.00590263 0.0132791 -1.27327
-0.00691276 0.0126288 -1.27355
-0.0078366 0.0118407 -1.27374
-0.00861592 0.0108742 -1.27386
-0.00922522 0.0097056 -1.2739
-0.0096667 0.00838395 -1.27388
-0.010204 0.00695055 -1.27384
-0.0103643 0.0054751 -1.27381
-0.0104287 0.003983 -1.27378
-0.0103973 0.00253214 -1.27377
-0.0102973 0.00124695 -1.27381
-0.0101305 0.000196839 -1.2739
-0.00989304 -0.000546108 -1.27398
-0.00953014 -0.000942998 -1.27404
-0.00921965 -0.00120296 -1.27406
-0.0087 -0.00104498 -1.27406
-0.00792477 -0.000454251 -1.27401
-0.00687217 0.000525963 -1.27389
-0.00557254 0.00182781 -1.27372
-0.00411248 0.0033718 -1.27352
-0.00258464 0.00505605 -1.2733
-0.00109176 0.00678151 -1.27306
0.000237724 0.00845017 -1.27278
0.00134728 0.00999132 -1.27247
0.00218845 0.0113417 -1.27212
0.00249724 0.0121713 -1.27173
0.00283775 0.0131683 -1.2713
0.00298664 0.0139852 -1.27086
0.00300188 0.0145858 -1.27043
0.00289524 0.014922 -1.26997
0.00269548 0.015014 -1.2695
0.00243202 0.0149055 -1.269
0.00211748 0.0146471 -1.26849
0.00178271 0.0143047 -1.26796
0.00145729 0.0139017 -1.26744
0.00111933 0.0134514 -1.26692
0.000816226 0.0129806 -1.2664
0.000515331 0.0125034 -1.26586
0.000208214 0.0120069 -1.26534
-0.000113742 0.0115216 -1.26484
-0.000452038 0.0110511 -1.26438
-0.000808634 0.0105808 -1.26397
-0.00115855 0.0100945 -1.26362
-0.00146287 0.00958606 -1.26331
-0.00166879 0.00906127 -1.26302
-0.00176992 0.00850348 -1.26275
-0.00172753 0.00790414 -1.26247
-0.00155796 0.00726014 -1.26221
-0.00129877 0.00658513 -1.26194
-0.000971331 0.00588576 -1.26169
-0.00062522 0.00515623 -1.26145
-0.000256885 0.00439445 -1.26123
0.000125118 0.00359115 -1.26105
0.000504401 0.00274127 -1.26092
0.000881047 0.00183344 -1.26085
0.00126988 0.00090513 -1.26086
0.00167528 -4.25642e-05 -1.26094
0.0021029 -0.000999713 -1.26111
0.0025341 -0.00194575 -1.26135
0.00299529 -0.00286145 -1.26168
0.00344914 -0.00371756 -1.26209
0.00391472 -0.00452259 -1.26259
0.00435414 -0.00530616 -1.26318
0.00478438 -0.00604938 -1.26387
0.00517317 -0.00672764 -1.26461
0.00553432 -0.0073113 -1.26539
0.00585614 -0.00779262 -1.26618
0.00613641 -0.00815572 -1.26699
0.00635657 -0.00839588 -1.26781
0.00652427 -0.00854123 -1.26863
0.00664547 -0.00862204 -1.26943
0.00671014 -0.00861536 -1.27023
0.00671397 -0.00855792 -1.27103
0.00666545 -0.00845752 -1.27179
0.00658099 -0.00834185 -1.27249
0.00644288 -0.00819241 -1.2731
0.0062626 -0.00800137 -1.27363
0.00605186 -0.00771924 -1.27407
0.00580671 -0.00743369 -1.27443
0.00553589 -0.00717611 -1.27472
0.00524052 -0.00693395 -1.27493
0.00494355 -0.00669772 -1.27507
0.00466846 -0.00646125 -1.27516
0.0044196 -0.00626072 -1.27519
0.00421918 -0.00611667 -1.27517
0.00405214 -0.00602702 -1.27511
0.00393801 -0.00597474 -1.27497
0.00387951 -0.0059595 -1.27479
0.00392184 -0.00599451 -1.27456
0.00402216 -0.0061055 -1.27429
0.00416942 -0.00626389 -1.27402
0.00438905 -0.00644991 -1.27373
0.00469442 -0.00663401 -1.27343
0.00505969 -0.006806 -1.2731
0.00545921 -0.00696687 -1.27275
0.00587487 -0.00709198 -1.27239
0.00631203 -0.00719112 -1.27201
0.00678045 -0.00728377 -1.2716
0.00725381 -0.00736059 -1.27118
0.00776848 -0.00745803 -1.27075
0.00828925 -0.00760418 -1.27033
0.00881609 -0.00779546 -1.26992
0.00937946 -0.00799179 -1.26952
0.00994268 -0.0081537 -1.26915
0.0104843 -0.00829348 -1.26882
0.0110296 -0.00842701 -1.26852
0.0115867 -0.00855662 -1.26823
0.0121476 -0.0086816 -1.26798
0.012693 -0.00882258 -1.26778
0.0132286 -0.00901773 -1.2676
0.0137506 -0.00926766 -1.26747
0.0142865 -0.00955199 -1.26735
0.0147877 -0.00982759 -1.26727
0.0152883 -0.0101062 -1.26721
0.0157577 -0.0103614 -1.26717
0.0162248 -0.0105763 -1.26713
0.01666 -0.0107855 -1.26708
0.0170887 -0.0109964 -1.26704
0.0174755 -0.011206 -1.267
0.017854 -0.011398 -1.26696
0.0181996 -0.011564 -1.26691
0.0185099 -0.0116836 -1.26687
0.0187929 -0.0117672 -1.26685
0.0190261 -0.0118308 -1.26682
0.0192443 -0.0118849 -1.2668
0.0194126 -0.0119025 -1.26682
0.0195718 -0.0119121 -1.26683
0.0196996 -0.011967 -1.26687
0.0198494 -0.0120453 -1.26692
0.0199918 -0.0121162 -1.26696
0.0201511 -0.0121765 -1.267
0.0203179 -0.0121995 -1.26706
0.0205414 -0.0122151 -1.26714
0.0207565 -0.0122405 -1.26722
0.0209952 -0.0122977 -1.26731
0.0212592 -0.012393 -1.2674
0.0215733 -0.0125182 -1.2675
0.0218941 -0.0126545 -1.2676
0.0222435 -0.0127681 -1.26769
0.022625 -0.0128611 -1.26776
0.0230483 -0.0129556 -1.2678
0.0234459 -0.0130675 -1.26785
0.0238597 -0.0131956 -1.26788
0.0242454 -0.0133304 -1.26787
0.0246091 -0.0134175 -1.26786
0.0249331 -0.0134709 -1.26782
0.0252292 -0.0134917 -1.26776
0.0254536 -0.0134971 -1.26766
0.0256416 -0.0134656 -1.26753
0.0257726 -0.0133978 -1.26736
0.0258728 -0.013306 -1.26716
0.0259532 -0.0131967 -1.26691
0.0260331 -0.0130826 -1.26663
0.0260674 -0.0129276 -1.2663
0.0261094 -0.0127361 -1.26593
0.0261264 -0.0124982 -1.26552
0.0261846 -0.0122305 -1.26508
0.0262318 -0.0119751 -1.26465
0.0263251 -0.0117847 -1.26424
0.0264824 -0.0117127 -1.26388
0.0267552 -0.0117697 -1.2636
0.02713 -0.0119279 -1.26341
0.0275715 -0.0121438 -1.26331
0.0281068 -0.0123963 -1.26329
0.028716 -0.0126794 -1.26332
0.0293381 -0.0129701 -1.26338
0.0299262 -0.013281 -1.26345
0.03048 -0.0135773 -1.26355
0.0309501 -0.0138317 -1.26366
0.0313335 -0.0140193 -1.26377
0.0316277 -0.0141349 -1.26392
0.0316224 -0.013891 -1.26409
0.0314892 -0.0134399 -1.26426
0.031222 -0.0127357 -1.26449
0.0308414 -0.011784 -1.26476
0.0303735 -0.0106687 -1.26505
0.0297641 -0.00928396 -1.26533
0.029056 -0.00771328 -1.26559
0.0282714 -0.00601117 -1.26583
0.0274288 -0.00419295 -1.26605
0.0265694 -0.00229691 -1.26625
0.0257188 -0.0003706 -1.26643
0.0248821 0.00149859 -1.26662
0.024087 0.00320912 -1.26682
0.0233495 0.0047415 -1.26702
0.0226636 0.00610653 -1.26723
0.0220521 0.00729649 -1.26746
0.0218998 0.00778857 -1.26773
0.0215572 0.00840282 -1.268
0.0213777 0.00873399 -1.26828
0.0213302 0.00889698 -1.26858
0.021366 0.00897201 -1.26889
0.0214782 0.00896782 -1.2692
0.0216478 0.00884057 -1.26951
0.0218811 0.00858607 -1.26979
0.0224526 0.00806614 -1.27004
0.0227949 0.00775467 -1.27022
0.0232118 0.00748689 -1.27032
0.0236834 0.00724055 -1.27033
0.0242015 0.00699302 -1.27022
0.0247304 0.00670473 -1.27
0.0252385 0.00635468 -1.26968
0.0256941 0.00596219 -1.26931
0.0260813 0.00555306 -1.26892
0.0263795 0.00517085 -1.26852
0.0266199 0.00482166 -1.26811
0.0268433 0.00449214 -1.26771
0.027042 0.00416516 -1.26728
0.0272276 0.00380739 -1.26685
0.0273867 0.00341875 -1.26641
0.0274976 0.00294583 -1.26596
0.0275452 0.00240766 -1.26551
0.0274928 0.00180157 -1.26507
0.0273413 0.00118179 -1.26464
0.0271068 0.000570959 -1.26421
0.0268431 -2.04729e-05 -1.26376
0.026567 -0.000608675 -1.26328
0.0262912 -0.00116636 -1.2628
0.0260352 -0.00172626 -1.26232
0.0258146 -0.0022516 -1.26182
0.0256456 -0.00274881 -1.26131
0.0255156 -0.00317888 -1.26081
0.0254154 -0.00356782 -1.26029
0.0253208 -0.00386872 -1.2598
0.0252398 -0.0040801 -1.25931
0.0251657 -0.00420487 -1.25881
0.0250926 -0.00426117 -1.25833
0.0250197 -0.0042454 -1.25787
0.0249396 -0.00417576 -1.25744
0.0248659 -0.00403695 -1.25708
0.0248364 -0.00384814 -1.25679
0.0248906 -0.00361786 -1.25653
0.0250498 -0.00338335 -1.25634
0.0253389 -0.00316435 -1.25622
0.0257325 -0.00296669 -1.25617
0.0262236 -0.00278918 -1.25619
0.0267912 -0.00264183 -1.25627
0.0273856 -0.00249131 -1.25641
0.0279617 -0.00237067 -1.25661
0.0284989 -0.00226054 -1.25687
0.0290157 -0.0021915 -1.25718
0.0295102 -0.00216638 -1.25752
0.0299801 -0.00218006 -1.25792
0.0304452 -0.00224691 -1.25836
0.0309059 -0.00234405 -1.25879
0.0313591 -0.00248535 -1.25919
0.031799 -0.00266383 -1.25958
0.0321968 -0.00288528 -1.25997
0.0325577 -0.00317258 -1.26034
0.0328582 -0.00348691 -1.26067
0.0331036 -0.00381258 -1.26097
0.0332832 -0.00412408 -1.26127
0.0334129 -0.00443208 -1.26156
0.0334955 -0.00474583 -1.26182
0.0335459 -0.00506111 -1.26206
0.0335765 -0.00536615 -1.2623
0.0335987 -0.00566046 -1.26251
0.0336209 -0.00594803 -1.26269
0.0336653 -0.00622017 -1.26285
0.0337363 -0.00648988 -1.26297
0.0338352 -0.00672133 -1.26304
0.0339586 -0.00693627 -1.26307
0.0341018 -0.00712108 -1.26306
0.0342492 -0.00731672 -1.26302
0.0343935 -0.00754622 -1.26297
0.0345123 -0.00780192 -1.2629
0.034587 -0.00808451 -1.26281
0.0346417 -0.00838776 -1.26272
0.0346934 -0.00869949 -1.26262
0.0347682 -0.00900978 -1.26252
0.0348642 -0.00930624 -1.26241
0.0350117 -0.00959432 -1.26228
0.035216 -0.00989324 -1.26212
0.0354609 -0.0102086 -1.26194
0.0357233 -0.0105496 -1.26174
0.0359816 -0.0109027 -1.26154
0.0362326 -0.0112314 -1.26132
0.0364543 -0.0115017 -1.2611
0.0366606 -0.0116848 -1.26091
0.0368478 -0.0117811 -1.26074
0.0370145 -0.011811 -1.26059
0.0371762 -0.0118124 -1.26049
0.0373235 -0.0118166 -1.26044
0.0374692 -0.0118367 -1.2604
0.0376221 -0.011845 -1.26037
0.0378016 -0.011842 -1.26036
0.0379916 -0.0118051 -1.26034
0.0381829 -0.0117453 -1.2603
0.0383342 -0.0116709 -1.26025
0.0384167 -0.0115878 -1.2602
0.0383954 -0.0115297 -1.26016
0.0382695 -0.0115045 -1.26015
0.0380307 -0.0114629 -1.26017
0.0376838 -0.0114145 -1.26022
0.0372623 -0.0113416 -1.26028
0.0368182 -0.0112571 -1.26035
0.0363782 -0.0111879 -1.2604
0.0359478 -0.0111184 -1.26041
0.0355298 -0.0110274 -1.26042
0.0351252 -0.0108957 -1.26041
0.0347021 -0.0107223 -1.26042
0.0342658 -0.0105366 -1.26046
0.0338217 -0.0103459 -1.26057
0.0333672 -0.0101768 -1.26077
0.0329213 -0.0100334 -1.26104
0.0324808 -0.00988541 -1.26138
0.0321135 -0.00971892 -1.26178
0.0318482 -0.00954609 -1.2622
0.0318469 -0.00923734 -1.26265
0.0319481 -0.0089414 -1.26313
0.0321155 -0.00855915 -1.26365
0.0323219 -0.00797593 -1.26424
0.0325008 -0.00725756 -1.26489
0.0325406 -0.0065223 -1.2656
0.0323753 -0.00586573 -1.26631
0.0320943 -0.00507074 -1.267
0.0314036 -0.00473799 -1.26765
0.0304418 -0.00466161 -1.26819
0.0292474 -0.00485701 -1.26863
0.0278726 -0.00528691 -1.26898
0.026386 -0.00591646 -1.26924
0.0248312 -0.00670713 -1.26936
0.0232772 -0.00757886 -1.26939
0.0217776 -0.00850578 -1.26934
0.0204159 -0.0095079 -1.26923
0.0190828 -0.0105889 -1.26905
0.0181157 -0.0117819 -1.26883
0.0173433 -0.0130125 -1.26862
0.0167353 -0.014223 -1.26841
0.016263 -0.0153665 -1.26823
0.0158988 -0.0163982 -1.26809
0.0156632 -0.0172378 -1.26794
0.0156073 -0.0177712 -1.26779
0.0157629 -0.0178954 -1.26762
0.0159507 -0.0179295 -1.26744
0.0165729 -0.0172824 -1.26724
0.0174053 -0.0163644 -1.26708
0.0183975 -0.0152215 -1.26697
0.0195142 -0.0138857 -1.2669
0.0207384 -0.0123135 -1.26687
0.0219938 -0.0105305 -1.26687
0.0231894 -0.00863685 -1.26687
0.0242875 -0.00671949 -1.26683
0.0252444 -0.00485435 -1.26672
0.0260299 -0.00306896 -1.26653
0.0266386 -0.00138518 -1.26626
0.0270498 0.000140481 -1.26593
0.0272758 0.00145277 -1.26553
0.0273489 0.00252539 -1.26507
0.0273237 0.00332094 -1.26458
0.0272243 0.00383124 -1.26407
0.027064 0.00407732 -1.26356
0.0268381 0.00412948 -1.26307
0.026614 0.00402832 -1.26259
0.0264303 0.00383386 -1.26209
0.0262718 0.00355143 -1.26159
0.0261316 0.0032024 -1.26106
0.0260369 0.0028067 -1.2605
0.0259866 0.00237275 -1.25991
0.0259602 0.0018867 -1.25933
0.0259329 0.00134139 -1.25874
0.0259077 0.00075159 -1.25818
0.0258823 0.000130842 -1.25763
0.0258849 -0.000528675 -1.25712
0.0259208 -0.00123485 -1.25662
0.0260169 -0.00200443 -1.25612
0.026168 -0.0028261 -1.25564
0.0263915 -0.0037027 -1.25515
0.0266999 -0.0046115 -1.25468
0.0270711 -0.00557606 -1.25422
0.0274689 -0.00658057 -1.25379
0.0279131 -0.00762443 -1.25341
0.0283688 -0.00867676 -1.25306
0.0288419 -0.00970958 -1.25278
0.029327 -0.0107218 -1.25258
0.0298215 -0.0117216 -1.25245
0.030328 -0.0127271 -1.25242
0.0308372 -0.0136907 -1.2525
0.0313517 -0.014623 -1.25271
0.0318568 -0.0155111 -1.25306
0.0323628 -0.0163221 -1.25352
0.0328644 -0.0170291 -1.2541
0.0333743 -0.0176198 -1.2548
0.0339041 -0.018087 -1.25561
0.0344515 -0.018465 -1.25648
0.0349942 -0.0187625 -1.25742
0.035546 -0.0189403 -1.25841
0.0360805 -0.0189822 -1.25942
0.0365736 -0.0188709 -1.26044
0.0370187 -0.0186525 -1.26147
0.0374011 -0.0183212 -1.2625
0.0377286 -0.0178683 -1.2635
0.0379983 -0.0173485 -1.26448
0.0382207 -0.0167897 -1.26542
0.0383594 -0.016196 -1.26631
0.0384252 -0.0156054 -1.26713
0.0384296 -0.0150283 -1.26789
0.0384068 -0.014462 -1.26856
0.0383211 -0.0138787 -1.26915
0.0382216 -0.0132938 -1.26965
0.0381272 -0.0127214 -1.27004
0.0380582 -0.0122221 -1.27033
0.0380174 -0.0117947 -1.27054
0.03799 -0.0114761 -1.27067
0.0379671 -0.0112641 -1.27071
0.0379955 -0.0111507 -1.27067
0.0380623 -0.0111254 -1.27059
0.0381674 -0.0111905 -1.27045
0.0383396 -0.011328 -1.27025
0.0385645 -0.0115103 -1.27
0.0388542 -0.0117258 -1.26967
0.0392004 -0.0119842 -1.2693
0.0395894 -0.0122774 -1.26887
0.0400039 -0.012602 -1.26841
0.040434 -0.0129345 -1.26791
0.040882 -0.0132784 -1.26736
0.0413876 -0.0135949 -1.2668
0.0419095 -0.0138952 -1.26623
0.0424492 -0.0141568 -1.26561
0.0429837 -0.0144188 -1.26497
0.0435103 -0.014692 -1.26433
0.044065 -0.0149976 -1.26367
0.0446073 -0.0152873 -1.26302
0.0451259 -0.0155322 -1.2624
0.0456184 -0.0157694 -1.26182
0.046151 -0.015997 -1.2613
0.046687 -0.0162284 -1.26083
0.047235 -0.0164686 -1.2604
0.0477583 -0.0167223 -1.26001
0.0483033 -0.0169881 -1.25966
0.0488559 -0.0172627 -1.25936
0.0494243 -0.0175106 -1.25909
0.0499549 -0.0177445 -1.25889
0.0504727 -0.017974 -1.25871
0.0509548 -0.0181973 -1.25857
0.0514064 -0.0183954 -1.25847
0.0517941 -0.0186235 -1.2584
0.0521336 -0.0188525 -1.25835
0.0524158 -0.0190593 -1.2583
0.0526589 -0.0192138 -1.25824
0.0528662 -0.019322 -1.25815
0.0530135 -0.019422 -1.25807
0.0531048 -0.0195218 -1.25802
0.0531414 -0.01965 -1.25799
0.0531291 -0.0198148 -1.25798
0.0530536 -0.0200201 -1.25801
0.0528893 -0.0202743 -1.25806
0.0526688 -0.0205419 -1.25811
0.0523908 -0.0207982 -1.25819
0.0521032 -0.0210362 -1.25829
0.0517969 -0.021268 -1.2584
0.0515043 -0.0215253 -1.25851
0.0512405 -0.0218192 -1.25864
0.0510069 -0.0221463 -1.2588
0.050767 -0.0224932 -1.25897
0.0505482 -0.0228407 -1.25919
0.0503362 -0.0231947 -1.25944
0.0501318 -0.0235364 -1.2597
0.04997 -0.0238934 -1.25998
0.0498267 -0.0242264 -1.26026
0.0496772 -0.0245721 -1.26055
0.0495575 -0.0249374 -1.26086
0.049425 -0.0253246 -1.26118
0.0492858 -0.0256996 -1.26151
0.0491251 -0.0260793 -1.26181
0.0489738 -0.0264418 -1.2621
0.0487954 -0.0267766 -1.26237
0.0486146 -0.0270572 -1.26261
0.0484643 -0.0272638 -1.26283
0.0483215 -0.0273978 -1.26301
0.0482001 -0.027462 -1.26317
0.0480879 -0.0274883 -1.2633
0.048029 -0.0275221 -1.26343
0.047934 -0.0275585 -1.26356
0.0478366 -0.0275982 -1.26365
0.0477144 -0.0276453 -1.2637
0.04761 -0.0276802 -1.26374
0.0474876 -0.0277111 -1.26378
0.0473679 -0.0277343 -1.26379
0.0472774 -0.0277771 -1.26378
0.0472665 -0.0277716 -1.26374
0.0473118 -0.0277255 -1.26366
0.0474071 -0.0276779 -1.26355
0.0475578 -0.0276204 -1.26342
0.0477135 -0.0274991 -1.26324
0.0478792 -0.0273421 -1.26301
0.0480303 -0.0271818 -1.26274
0.048149 -0.026994 -1.26244
0.0482023 -0.026745 -1.26209
0.0482016 -0.0265078 -1.26171
0.0481377 -0.0262493 -1.26131
0.0479563 -0.0259192 -1.26088
0.0476646 -0.0254414 -1.26039
0.0470519 -0.0244812 -1.25988
0.0463209 -0.023378 -1.25936
0.0454936 -0.0221472 -1.25883
0.0447575 -0.0210398 -1.25827
0.0438642 -0.0197221 -1.2577
0.0427564 -0.0179934 -1.25712
0.0415525 -0.0159861 -1.25652
0.0402772 -0.0137247 -1.2559
0.0389838 -0.0113392 -1.25529
0.0377279 -0.00899331 -1.2547
0.0365655 -0.0067767 -1.25416
0.0353233 -0.00428458 -1.2537
0.0341984 -0.0019936 -1.25335
0.0335119 -0.000579152 -1.25305
0.0329595 0.000520566 -1.25285
0.0325443 0.00129639 -1.25271
0.0322289 0.00174271 -1.25263
0.0320398 0.0019375 -1.25259
0.0320021 0.00190536 -1.25262
0.0321045 0.00161288 -1.25271
0.032031 0.00150691 -1.25287
0.032083 0.00120207 -1.2531
0.0324454 0.000419716 -1.25338
0.0328293 -0.00043626 -1.25371
0.0332499 -0.00137592 -1.25405
0.0337197 -0.00235587 -1.25442
0.0342457 -0.00330911 -1.25481
0.0346072 -0.00404192 -1.25519
0.0350128 -0.00478915 -1.25558
0.0354266 -0.0055821 -1.25597
0.0358128 -0.00641581 -1.25636
0.0361448 -0.00726292 -1.25672
0.036383 -0.00809053 -1.2571
0.0365368 -0.00887619 -1.25747
0.0367645 -0.00989462 -1.25785
0.0369469 -0.0109533 -1.25823
0.0369521 -0.0118366 -1.25859
0.0368906 -0.0127424 -1.25892
0.0367595 -0.013654 -1.25922
0.0365296 -0.0145589 -1.25949
0.0361665 -0.0154272 -1.25973
0.0358503 -0.0163416 -1.25992
0.035454 -0.0171951 -1.26003
0.0349755 -0.0180193 -1.26009
0.0344743 -0.0188324 -1.26011
0.0339542 -0.0196507 -1.26008
0.0332356 -0.0203863 -1.25998
0.0325563 -0.0211186 -1.25981
0.0319295 -0.0218316 -1.25958
0.0313509 -0.0224939 -1.2593
0.0307817 -0.0230512 -1.25896
0.0302256 -0.0235061 -1.25857
0.0296758 -0.0238371 -1.25814
0.0291332 -0.0240689 -1.25768
0.0286111 -0.0242215 -1.25719
0.0281142 -0.0243146 -1.25667
0.0276322 -0.024371 -1.25614
0.0271873 -0.024413 -1.25563
0.0268163 -0.0244327 -1.25515
0.0265301 -0.0244396 -1.25472
0.0263267 -0.0244347 -1.25434
0.0262469 -0.0244398 -1.25403
0.0262895 -0.0244569 -1.25378
0.0264441 -0.0244751 -1.25363
0.0266894 -0.0245425 -1.25357
0.0269787 -0.0246576 -1.25358
0.0273105 -0.0248427 -1.25366
0.0276664 -0.0250977 -1.25379
0.0280093 -0.0253859 -1.25398
0.0283517 -0.0257153 -1.25424
0.0286816 -0.0260798 -1.25453
0.0290251 -0.0264701 -1.25488
0.0294025 -0.0268869 -1.25528
0.0297971 -0.0273701 -1.25571
0.0302053 -0.0279264 -1.25616
0.0306185 -0.0285287 -1.25662
0.0310108 -0.0291478 -1.2571
0.0313589 -0.0297261 -1.25759
0.0316294 -0.0302841 -1.25806
0.0318199 -0.0308071 -1.25854
0.0319376 -0.0312672 -1.25901
0.0319891 -0.0316835 -1.25947
0.0319531 -0.0320732 -1.25992
0.0318585 -0.0324415 -1.26035
0.0317119 -0.0327843 -1.26076
0.0315398 -0.0330552 -1.26114
0.031348 -0.0332373 -1.26146
0.0311397 -0.0333519 -1.26172
0.0309372 -0.0334033 -1.26194
0.0307312 -0.033406 -1.26214
0.0305348 -0.0333566 -1.2623
0.0303246 -0.0332955 -1.26244
0.0300597 -0.0332595 -1.26254
0.0297666 -0.0332083 -1.26261
0.0294637 -0.0331453 -1.26267
0.0291284 -0.0330386 -1.26271
0.0287734 -0.0328914 -1.26275
0.0284197 -0.0327293 -1.26277
0.0280919 -0.0325703 -1.26279
0.0277935 -0.0324319 -1.26281
0.0275315 -0.0323131 -1.26283
0.0273265 -0.0322105 -1.26282
0.0271614 -0.0321018 -1.26277
0.0270312 -0.0319491 -1.26269
0.0269499 -0.0317102 -1.26256
0.0268857 -0.0313659 -1.26242
0.0268418 -0.0309303 -1.26227
0.0268113 -0.0304361 -1.26212
0.0267853 -0.0299175 -1.26196
0.0267497 -0.0294376 -1.26182
0.0266946 -0.0289916 -1.26168
0.0266303 -0.0286029 -1.26154
0.0265803 -0.0282468 -1.26139
0.0265134 -0.0278798 -1.26123
0.0264471 -0.027475 -1.26107
0.0263909 -0.0270365 -1.26089
0.026336 -0.0265544 -1.26068
0.0262616 -0.0260944 -1.26044
0.0261728 -0.0256906 -1.26018
0.0260364 -0.0253471 -1.25988
0.0258396 -0.0250512 -1.25956
0.0255457 -0.0247652 -1.25924
0.0251464 -0.0244768 -1.25891
0.024658 -0.0241694 -1.25857
0.0240901 -0.0238451 -1.25826
0.0234883 -0.0235301 -1.25795
0.022877 -0.023207 -1.25764
0.0222917 -0.0228731 -1.25732
0.0217441 -0.0225015 -1.25699
0.0212475 -0.0221045 -1.25664
0.0207862 -0.0217061 -1.25628
0.0203575 -0.0213092 -1.25595
0.0199501 -0.0209267 -1.25569
0.0195531 -0.0205408 -1.2555
0.019168 -0.0201149 -1.25542
0.0188035 -0.0196512 -1.25545
0.0184893 -0.0191735 -1.25556
0.0183515 -0.0185719 -1.25574
0.01829 -0.0179428 -1.256
0.0182681 -0.0172177 -1.25632
0.0182283 -0.0163459 -1.25669
0.0180805 -0.0153878 -1.25709
0.017776 -0.0144447 -1.25755
0.0174196 -0.0133455 -1.25802
0.0167588 -0.012654 -1.25848
0.0158848 -0.012209 -1.25888
0.0148087 -0.0120447 -1.2592
0.0135741 -0.012138 -1.25939
0.0122382 -0.0123994 -1.25946
0.0108441 -0.0127307 -1.25943
0.00943338 -0.0131116 -1.25937
0.00809958 -0.0135277 -1.25928
0.00682807 -0.0138859 -1.2592
0.00575325 -0.0143971 -1.25916
0.00479333 -0.0149834 -1.25915
0.00393209 -0.0156683 -1.25917
0.00316546 -0.0164299 -1.25921
0.00247556 -0.0171781 -1.25921
0.00190327 -0.0177632 -1.25914
0.00124479 -0.0183752 -1.25898
0.000803086 -0.0186619 -1.25873
0.000638771 -0.0185319 -1.2584
0.000930855 -0.0178072 -1.25803
0.00145644 -0.0167648 -1.2577
0.00218817 -0.0155173 -1.25745
0.0030793 -0.0139687 -1.2573
0.00407408 -0.0123561 -1.25721
0.00509371 -0.0107615 -1.25717
0.00593442 -0.00945816 -1.25715
0.00664434 -0.00818262 -1.25709
0.00720129 -0.00694369 -1.25694
0.00758364 -0.00576485 -1.25672
0.00801812 -0.00435314 -1.25643
0.00830742 -0.00310765 -1.25607
0.00846609 -0.00210776 -1.25566
0.0085095 -0.0013603 -1.25522
0.00847242 -0.000886598 -1.25478
0.00833613 -0.000682643 -1.25433
0.00811609 -0.000671214 -1.25387
0.00781727 -0.000799759 -1.25339
0.00748714 -0.00100354 -1.25286
0.00713811 -0.00125079 -1.25232
0.00677466 -0.00149283 -1.25176
0.00639389 -0.00173138 -1.2512
0.00602317 -0.00197694 -1.25063
0.00564957 -0.00225383 -1.2501
0.00530144 -0.00256723 -1.24962
0.00497414 -0.00294083 -1.24918
0.00469232 -0.00332688 -1.24878
0.0044463 -0.00371954 -1.24841
0.00425359 -0.00413864 -1.24807
0.00415249 -0.00458658 -1.24777
0.00411317 -0.00506427 -1.24751
0.00413099 -0.00555581 -1.24728
0.00421666 -0.0060608 -1.24707
0.00436541 -0.00659829 -1.24688
0.00456422 -0.00719552 -1.24672
0.00478366 -0.00783324 -1.24661
0.00504601 -0.00849449 -1.24655
0.00535589 -0.00917368 -1.24654
0.00570513 -0.00986332 -1.24657
0.00608253 -0.0105434 -1.24665
0.00648891 -0.0112086 -1.2468
0.00688435 -0.0118284 -1.24704
0.00728538 -0.0124275 -1.24734
0.00770267 -0.0130093 -1.24773
0.00811843 -0.0135868 -1.24822
0.008504 -0.014132 -1.24879
0.00887242 -0.0146276 -1.24944
0.00920597 -0.0150318 -1.25017
0.00953533 -0.0153521 -1.25096
0.00984834 -0.0155911 -1.2518
0.0101638 -0.015754 -1.25268
0.0104556 -0.0158342 -1.25359
0.0107411 -0.0158413 -1.25449
0.0109896 -0.0157684 -1.25539
0.0111881 -0.015619 -1.25627
0.0113257 -0.0153931 -1.25711
0.0114068 -0.0151275 -1.25791
0.0114135 -0.0148026 -1.25868
0.0113527 -0.0144636 -1.2594
0.0112371 -0.0141243 -1.26005
0.0110589 -0.0138028 -1.26064
0.0108079 -0.0134504 -1.26114
0.0105098 -0.0130754 -1.26156
0.0101634 -0.0126914 -1.26188
0.00980238 -0.0123433 -1.26213
0.00944176 -0.0120486 -1.2623
0.00907692 -0.0118049 -1.2624
0.00870848 -0.0115796 -1.26241
0.00835767 -0.0114053 -1.26233
0.00803544 -0.0112775 -1.26219
0.00774798 -0.0112019 -1.26201
0.00749322 -0.0111739 -1.26178
0.00729939 -0.0111769 -1.26152
0.00715069 -0.0112466 -1.26121
0.00708037 -0.0113658 -1.26091
0.00704727 -0.0115334 -1.2606
0.00708907 -0.0117279 -1.26028
0.00718238 -0.0119312 -1.25994
0.00736676 -0.0121383 -1.25959
0.00757031 -0.0123192 -1.25923
0.00784156 -0.0124835 -1.25885
0.00814813 -0.0126402 -1.25846
0.00850581 -0.0127699 -1.25805
0.00890738 -0.012904 -1.25764
0.00937449 -0.0130573 -1.25723
0.00985387 -0.0132489 -1.25684
0.0103705 -0.0134361 -1.25649
0.0109129 -0.0135825 -1.25616
0.0114663 -0.0137247 -1.25584
0.011998 -0.0139081 -1.25555
0.0125605 -0.014123 -1.25527
0.0131254 -0.0143285 -1.25502
0.0136914 -0.0145469 -1.25482
0.0142353 -0.0147843 -1.25466
0.0147576 -0.0150188 -1.25453
0.0152477 -0.0152618 -1.25444
0.0157087 -0.0155228 -1.25437
0.016145 -0.0157867 -1.25432
0.0165444 -0.0160611 -1.25428
0.0169258 -0.0163578 -1.25424
0.0172636 -0.0166964 -1.25421
0.0175805 -0.0170375 -1.25415
0.0178483 -0.0173453 -1.25407
0.0180951 -0.0175915 -1.25398
0.0182857 -0.0177738 -1.25388
0.018446 -0.0179448 -1.25376
0.0185303 -0.0181395 -1.25365
0.0185638 -0.0183566 -1.25355
0.0185192 -0.0186155 -1.25348
0.0184262 -0.0189086 -1.2534
0.0182771 -0.0191928 -1.25336
0.0180778 -0.0194472 -1.25334
0.0178524 -0.019657 -1.25334
0.0176266 -0.0198475 -1.25334
0.0174141 -0.0200421 -1.25334
0.0172232 -0.0202445 -1.25333
0.0170429 -0.0204419 -1.25332
0.0169315 -0.0206234 -1.25332
0.0168469 -0.0207872 -1.25335
0.0168158 -0.0209431 -1.25339
0.0168087 -0.0211128 -1.25346
0.0168693 -0.0212997 -1.25355
0.0169369 -0.0214693 -1.25365
0.0170441 -0.0216174 -1.25375
0.0171661 -0.0217352 -1.25387
0.0173113 -0.0218324 -1.254
0.0174585 -0.0219212 -1.25414
0.0176198 -0.0220105 -1.2543
0.0177863 -0.0221158 -1.25444
0.0179478 -0.0222169 -1.25457
0.0181173 -0.0222719 -1.25464
0.018278 -0.022285 -1.25469
0.0184548 -0.0222728 -1.25468
0.0186108 -0.0222369 -1.25463
0.018763 -0.0221846 -1.25452
0.0189151 -0.0221034 -1.25438
0.0190665 -0.0219818 -1.25421
0.0191559 -0.0218279 -1.25402
0.0192291 -0.0216948 -1.2538
0.0192423 -0.0215192 -1.25355
0.0192093 -0.0212832 -1.25328
0.0191313 -0.020989 -1.25295
0.0190918 -0.0206971 -1.25257
0.0191236 -0.0204618 -1.25221
0.0192096 -0.0203118 -1.25185
0.0193995 -0.0203045 -1.25156
0.0196632 -0.0204359 -1.25137
0.0199972 -0.0206341 -1.25126
0.0203323 -0.0208493 -1.25123
0.0207007 -0.0210911 -1.25126
0.0210782 -0.0213537 -1.25131
0.0214472 -0.0216349 -1.25137
0.0217823 -0.0219216 -1.25142
0.0220581 -0.022222 -1.25147
0.0222097 -0.022469 -1.25155
0.0222319 -0.0226237 -1.25166
0.022102 -0.0226315 -1.25182
0.0217831 -0.0224496 -1.25203
0.0211398 -0.0217968 -1.2523
0.0203849 -0.0208963 -1.25261
0.019543 -0.0197294 -1.25295
0.0186367 -0.0182837 -1.25331
0.017696 -0.0165921 -1.25367
0.0166636 -0.0146203 -1.25404
0.0156116 -0.0125315 -1.25443
0.0145674 -0.0104183 -1.25483
0.0135452 -0.00834607 -1.25526
0.0125242 -0.00627823 -1.25574
0.01152 -0.00426269 -1.25626
0.0109817 -0.00292732 -1.25682
0.0102623 -0.00136947 -1.25739
0.00966919 -0.000125914 -1.25797
0.00919238 0.000842751 -1.25853
0.00885929 0.00149559 -1.25907
0.00862016 0.00183207 -1.25958
0.00846486 0.0018833 -1.26009
0.00838165 0.00174946 -1.26061
0.00838343 0.00152347 -1.26112
0.00846718 0.00122588 -1.2616
0.00860827 0.000849968 -1.26203
0.00880352 0.000399435 -1.26239
0.009028 -0.000110114 -1.26268
0.00924715 -0.000640531 -1.26286
0.00942535 -0.00111209 -1.26294
0.0095689 -0.00149527 -1.26292
0.00969303 -0.00181923 -1.26278
0.00978358 -0.00211723 -1.26251
0.00985887 -0.00244962 -1.26215
0.0099451 -0.00280513 -1.26171
0.0100183 -0.0031872 -1.26124
0.0100334 -0.00355367 -1.26073
0.00997932 -0.00388059 -1.26022
0.00983717 -0.0042061 -1.25971
0.00959233 -0.00449356 -1.2592
0.00947295 -0.00489915 -1.2587
0.00909995 -0.0051216 -1.25816
0.00872076 -0.00537458 -1.2576
0.00830804 -0.00568549 -1.25703
0.00792141 -0.00606252 -1.25645
0.00754476 -0.0065011 -1.25586
0.00717739 -0.00696105 -1.25528
0.00680238 -0.00742523 -1.25471
0.00641124 -0.00787388 -1.25416
0.00600427 -0.00829696 -1.25361
0.00558952 -0.00869812 -1.25307
0.0052062 -0.00904215 -1.25252
0.00482394 -0.00932802 -1.25198
0.0044583 -0.00956509 -1.25143
0.00409184 -0.00974883 -1.25089
0.00373913 -0.00988912 -1.25035
0.00340658 -0.00995343 -1.24983
0.00311091 -0.00992919 -1.24937
0.00286617 -0.00981464 -1.24892
0.00267886 -0.00963689 -1.2485
0.00257955 -0.00939712 -1.24813
0.00254828 -0.00911059 -1.24781
0.00260143 -0.00877411 -1.24756
0.00270081 -0.00841818 -1.24738
0.00283048 -0.00805323 -1.24728
0.00295287 -0.00772949 -1.24725
0.00307946 -0.00742176 -1.2473
0.00321187 -0.0071062 -1.24743
0.00333713 -0.00675469 -1.24765
0.00347658 -0.00640506 -1.24793
0.00361523 -0.00609491 -1.24826
0.00376343 -0.00581515 -1.24863
0.00392449 -0.00559003 -1.24901
0.00407665 -0.00540192 -1.24941
0.00420347 -0.00523812 -1.24981
0.00430951 -0.00510631 -1.2502
0.00439793 -0.00499797 -1.25057
0.00444229 -0.00493174 -1.25093
0.00443635 -0.00489424 -1.25128
0.00437921 -0.00487353 -1.25162
0.0042963 -0.00483853 -1.25193
0.0041909 -0.00479439 -1.25222
0.00405177 -0.00477205 -1.2525
0.00388526 -0.00476558 -1.25276
0.00371446 -0.00476971 -1.253
0.0035414 -0.00476798 -1.25325
0.00336423 -0.00474851 -1.25347
0.0031955 -0.00473981 -1.25368
0.00304546 -0.0047314 -1.25386
0.00290348 -0.00470569 -1.25402
0.00276549 -0.0046683 -1.25413
0.00262216 -0.00461981 -1.25421
0.00247586 -0.00458004 -1.25424
0.0023391 -0.00457048 -1.25423
0.00216812 -0.00460568 -1.25419
0.00199965 -0.0046801 -1.25411
0.00183415 -0.00476984 -1.254
0.00167836 -0.00486341 -1.25385
0.00153759 -0.00495634 -1.25369
0.00142179 -0.00500922 -1.25348
0.00133575 -0.00504828 -1.25326
0.00127018 -0.00511268 -1.25303
0.00121325 -0.00525935 -1.25279
0.00117568 -0.00546168 -1.25254
0.0011847 -0.00568107 -1.25229
0.00122281 -0.00591914 -1.25204
0.00127625 -0.00613583 -1.25181
0.00136475 -0.00626839 -1.25158
0.00149513 -0.0063034 -1.25135
0.00167106 -0.00625094 -1.25114
0.00188985 -0.00616558 -1.25095
0.00215292 -0.00606609 -1.25077
0.00244465 -0.00597186 -1.25061
0.00274132 -0.00591115 -1.25049
0.00303638 -0.00587524 -1.25041
0.00332416 -0.00584769 -1.25037
0.00360036 -0.0058128 -1.25037
0.00386628 -0.00576272 -1.25038
0.00412534 -0.00571235 -1.25039
0.00438358 -0.00566253 -1.25041
0.00463006 -0.00563689 -1.25044
0.00486723 -0.00561515 -1.25047
0.00509558 -0.00558772 -1.2505
0.00530346 -0.00557211 -1.25052
0.00547402 -0.0055464 -1.25053
0.00560778 -0.00551439 -1.25055
0.00570867 -0.0054733 -1.25057
0.00576094 -0.00543675 -1.2506
0.00575949 -0.00537372 -1.25065
0.00572922 -0.00526421 -1.25071
0.00566422 -0.00509218 -1.25083
0.00556198 -0.00487894 -1.25097
0.00544844 -0.00466538 -1.25112
0.0053784 -0.00444322 -1.25125
0.00533943 -0.00420098 -1.25136
0.00534804 -0.00391594 -1.25146
0.00538192 -0.00360496 -1.25155
0.00547233 -0.00326739 -1.25165
0.00557365 -0.00293022 -1.25178
0.005711 -0.00260651 -1.25195
0.00590752 -0.00223572 -1.25218
0.00608103 -0.00182601 -1.25249
0.00621844 -0.00126384 -1.25291
0.00625445 -0.000536904 -1.25342
0.00610982 0.000281089 -1.25399
0.00574423 0.00109922 -1.25461
0.00513457 0.00177982 -1.2552
0.00428053 0.0022093 -1.25571
0.00320715 0.00232604 -1.25611
0.00194635 0.00210217 -1.25637
0.000538238 0.0014981 -1.2565
-0.000984052 0.000539644 -1.2565
-0.0025819 -0.000690404 -1.2564
-0.00420504 -0.00212487 -1.25623
-0.00577147 -0.00372507 -1.25604
-0.00732655 -0.00551616 -1.25587
-0.00849929 -0.00739247 -1.25571
-0.00940314 -0.0092225 -1.2556
-0.0100331 -0.0109286 -1.25554
-0.0104492 -0.0124839 -1.25551
-0.0106686 -0.0138725 -1.25551
-0.0106948 -0.0150438 -1.25551
-0.0104994 -0.0159068 -1.25545
-0.0103765 -0.0167319 -1.25535
-0.0100074 -0.017185 -1.25522
-0.00915449 -0.0168966 -1.2551
-0.00808645 -0.0162034 -1.25502
-0.00683327 -0.0151477 -1.25495
-0.00540855 -0.0137719 -1.25491
-0.00382914 -0.0120492 -1.2549
-0.00214848 -0.0100666 -1.2549
-0.000460991 -0.00798022 -1.2549
0.00114128 -0.00592446 -1.25485
0.00257354 -0.00400108 -1.25475
0.00343582 -0.0026259 -1.25456
0.00400027 -0.00143562 -1.2543
0.0045533 -3.25075e-05 -1.25396
0.00484492 0.00113519 -1.25354
0.00493128 0.00202203 -1.25306
0.00486272 0.00262245 -1.25252
0.00465987 0.00294012 -1.25194
0.00407182 0.00254322 -1.25135
0.0034618 0.00190293 -1.25078
0.00284753 0.0010861 -1.25022
0.00243024 0.000481327 -1.24968
0.00202102 -0.000182353 -1.24916
0.00162337 -0.000870485 -1.24865
0.00124316 -0.00155587 -1.24812
0.000847121 -0.00225331 -1.24758
0.000421857 -0.00299115 -1.24703
-1.15369e-06 -0.00376569 -1.24649
-0.000432462 -0.0045614 -1.246
-0.00088132 -0.00535783 -1.24553
-0.0013256 -0.00616763 -1.2451
-0.00172958 -0.00699181 -1.24468
-0.00205881 -0.00783212 -1.24429
-0.00229355 -0.00869414 -1.24392
-0.00242559 -0.0095472 -1.24353
-0.00244508 -0.0104503 -1.24313
-0.0023621 -0.0114175 -1.24273
-0.00220692 -0.0124496 -1.24234
-0.00200533 -0.0135274 -1.24196
-0.00174898 -0.0146423 -1.24161
-0.00146934 -0.015757 -1.24129
-0.00115333 -0.0168867 -1.24104
-0.000793827 -0.0180128 -1.24087
-0.000423743 -0.0191432 -1.24077
-1.81719e-05 -0.0202698 -1.24078
0.000399484 -0.021404 -1.2409
0.000831597 -0.0225566 -1.24116
0.00127809 -0.0237054 -1.24154
0.00171057 -0.0247805 -1.24203
0.00215184 -0.0257663 -1.24261
0.00259798 -0.0266445 -1.24327
0.00305775 -0.0274392 -1.24402
0.00351485 -0.0281135 -1.2448
0.00395918 -0.028672 -1.24561
0.00437174 -0.0291268 -1.24644
0.00472834 -0.0294813 -1.24728
0.00501871 -0.0297239 -1.24812
0.00522397 -0.0298537 -1.24895
0.00534792 -0.029849 -1.24975
0.00538189 -0.029757 -1.25052
0.00532187 -0.0295804 -1.25126
0.00514812 -0.0293542 -1.25198
0.00489239 -0.0291069 -1.25265
0.00458032 -0.0288812 -1.25325
0.00418998 -0.028612 -1.25377
0.00373615 -0.0283019 -1.25419
0.00322632 -0.0279797 -1.25453
0.00271111 -0.0276936 -1.25474
0.00219724 -0.0274662 -1.25486
0.00170618 -0.0272905 -1.25491
0.00122085 -0.0271587 -1.25486
0.000757794 -0.0270698 -1.25477
0.00034496 -0.0270321 -1.25464
-4.84238e-05 -0.0270438 -1.25442
-0.000415733 -0.0271087 -1.25419
-0.000727593 -0.0272284 -1.25393
-0.000948655 -0.0274092 -1.25367
-0.00111179 -0.027628 -1.2534
-0.00119447 -0.0278757 -1.25315
-0.00123023 -0.028134 -1.25287
-0.00117728 -0.0284113 -1.25256
-0.00104753 -0.0286895 -1.25223
-0.000836412 -0.0289321 -1.25188
-0.000574229 -0.0291607 -1.25149
-0.000263023 -0.0293625 -1.25107
0.000113892 -0.0295397 -1.25063
0.000528028 -0.0297152 -1.25019
0.000993697 -0.0298858 -1.24977
0.00146943 -0.0300532 -1.24937
0.00200471 -0.0301912 -1.249
0.00253741 -0.0303051 -1.24866
0.00308776 -0.0304531 -1.24835
0.00365753 -0.0306168 -1.24809
0.00424778 -0.0307938 -1.24786
0.00483155 -0.0309689 -1.24768
0.00544092 -0.0311532 -1.24752
0.0060426 -0.031346 -1.24739
0.00664957 -0.0315225 -1.2473
0.00724022 -0.0316711 -1.24726
0.00779668 -0.031797 -1.24726
0.00833651 -0.0319273 -1.24727
0.00883835 -0.0320995 -1.24728
0.00930792 -0.0323084 -1.24731
0.00970922 -0.0325609 -1.24736
0.0100836 -0.0328338 -1.2474
0.0104034 -0.0330666 -1.24745
0.0106974 -0.0332333 -1.2475
0.0109485 -0.0333348 -1.24752
0.0111541 -0.03338 -1.24753
0.0112895 -0.0333901 -1.24751
0.0113731 -0.033392 -1.24749
0.0114032 -0.0334205 -1.24749
0.0113773 -0.0334842 -1.24751
0.0112899 -0.0336236 -1.24755
0.0111652 -0.0337983 -1.24762
0.0110264 -0.0339477 -1.24771
0.0109173 -0.0340538 -1.24779
0.0108137 -0.0341124 -1.24786
0.010747 -0.0341613 -1.24786
0.010702 -0.0342216 -1.24786
0.0106975 -0.0342926 -1.24787
0.0107092 -0.0344137 -1.24787
0.0107805 -0.0345529 -1.24789
0.0108751 -0.0346978 -1.24792
0.0110204 -0.0348184 -1.24797
0.0111995 -0.0349064 -1.24804
0.0113891 -0.0349974 -1.24811
0.0115994 -0.0350891 -1.24816
0.0118142 -0.0351782 -1.24823
0.0120285 -0.0352406 -1.24829
0.0122586 -0.0352532 -1.24834
0.0124752 -0.0352599 -1.24835
0.0127286 -0.0352642 -1.2483
0.0129631 -0.0352791 -1.24822
0.0131751 -0.035277 -1.24812
0.0133897 -0.0352044 -1.24799
0.0135639 -0.0350433 -1.24784
0.0136827 -0.0348364 -1.24769
0.0137649 -0.0345999 -1.24751
0.0137118 -0.0341605 -1.2473
0.0136133 -0.0336432 -1.24703
0.0135247 -0.0330347 -1.2467
0.0134637 -0.0324074 -1.24632
0.0134604 -0.0317492 -1.24594
0.0135377 -0.0312084 -1.24559
0.0137282 -0.0308109 -1.24532
0.0139828 -0.0305545 -1.24511
0.0142847 -0.030396 -1.24499
0.0146827 -0.0303358 -1.24494
0.0152053 -0.0303875 -1.24495
0.0157947 -0.0305501 -1.24503
0.0164343 -0.030809 -1.24516
0.0170781 -0.0311312 -1.24533
0.0176819 -0.0315299 -1.24553
0.0183762 -0.032123 -1.24576
0.0189665 -0.032775 -1.24601
0.0192926 -0.0332867 -1.24626
0.019515 -0.0337195 -1.24653
0.0196232 -0.0340171 -1.24683
0.0196074 -0.0341312 -1.24716
0.0194593 -0.0339997 -1.24752
0.0191372 -0.0336063 -1.24791
0.0186674 -0.0329436 -1.24828
0.0180555 -0.0320085 -1.24866
0.0173087 -0.0308095 -1.24903
0.0164303 -0.0293664 -1.2494
0.0154277 -0.0277069 -1.24977
0.0143284 -0.0259327 -1.25011
0.0131421 -0.0241222 -1.25043
0.0119186 -0.0222994 -1.25077
0.010677 -0.020437 -1.25114
0.00944668 -0.0185192 -1.25153
0.00861824 -0.0171056 -1.25194
0.00793735 -0.0159459 -1.25237
0.00703499 -0.0145783 -1.25278
0.00629274 -0.0135237 -1.25317
0.00568962 -0.0127842 -1.25352
0.00528192 -0.0123881 -1.25383
0.00505918 -0.012307 -1.25412
0.00500407 -0.0124453 -1.25439
0.00505673 -0.0126845 -1.25464
0.00519703 -0.0129465 -1.25487
0.00540064 -0.0132339 -1.2551
0.00563996 -0.0135544 -1.25531
0.0058908 -0.0139442 -1.25549
0.00617345 -0.0144474 -1.25564
0.0064843 -0.0150166 -1.25574
0.0068383 -0.0155395 -1.25577
0.00723645 -0.0159946 -1.25573
0.00764386 -0.0164008 -1.25559
0.00804304 -0.0167919 -1.25535
0.00842795 -0.0171939 -1.25506
0.00875586 -0.0176461 -1.25472
0.00899057 -0.018141 -1.25437
0.00912975 -0.0186772 -1.25401
0.00915646 -0.0192388 -1.25366
0.00921564 -0.0199592 -1.25335
0.0091975 -0.020664 -1.25305
0.00912302 -0.0213331 -1.25276
0.00900681 -0.0219853 -1.25246
0.00868803 -0.0224817 -1.25212
0.0083384 -0.0230189 -1.25177
0.00795394 -0.0236322 -1.25138
0.00751869 -0.0243088 -1.25098
0.00703794 -0.0250329 -1.25057
0.00649447 -0.0257549 -1.25013
0.00589644 -0.0264453 -1.24966
0.00524721 -0.0270678 -1.24918
0.00457418 -0.0276195 -1.24866
0.00389008 -0.0280804 -1.24813
0.00322377 -0.0284624 -1.24757
0.00257954 -0.0287673 -1.24699
0.0019895 -0.0290284 -1.24639
0.00144629 -0.0292019 -1.24578
0.000979846 -0.0293 -1.24518
0.000594377 -0.0292956 -1.2446
0.000280984 -0.0291936 -1.24404
4.59304e-05 -0.0290032 -1.24351
-0.000123311 -0.0287447 -1.24303
-0.000207803 -0.0284511 -1.24259
-0.000227498 -0.0281389 -1.24221
-0.000178169 -0.0278281 -1.2419
-7.02521e-05 -0.0275489 -1.24166
0.000112803 -0.0272912 -1.2415
0.000364931 -0.0270281 -1.24142
0.000673197 -0.026758 -1.24143
0.00111979 -0.0265494 -1.24152
0.00147285 -0.0263218 -1.24166
0.00183542 -0.0261481 -1.24187
0.00218433 -0.0260346 -1.24211
0.00250772 -0.0259836 -1.2424
0.00280869 -0.0259768 -1.24272
0.00308386 -0.026037 -1.24305
0.00331939 -0.0261565 -1.24341
0.00351663 -0.0263452 -1.24379
0.00365869 -0.0265908 -1.24417
0.0037374 -0.0268489 -1.24456
0.00375058 -0.0271214 -1.24494
0.00370629 -0.0273791 -1.24532
0.00361403 -0.0276491 -1.24572
0.00348704 -0.0279185 -1.24613
0.00335275 -0.0281763 -1.24655
0.00318678 -0.0284379 -1.24698
0.00298709 -0.0287059 -1.24744
0.0027575 -0.0289975 -1.24787
0.00248276 -0.0292894 -1.24828
0.0021788 -0.0295428 -1.24869
0.00187186 -0.0297429 -1.24908
0.00154414 -0.0298882 -1.24945
0.00120565 -0.0299893 -1.24979
0.000899572 -0.0300772 -1.2501
0.000605182 -0.0301631 -1.25036
0.000358193 -0.0302632 -1.25058
0.000119131 -0.0303818 -1.25072
-9.11372e-05 -0.0305275 -1.25081
-0.000274553 -0.0306664 -1.25086
-0.000445545 -0.0307678 -1.25088
-0.000619711 -0.0308417 -1.25089
-0.000793757 -0.0308744 -1.25089
-0.000955091 -0.0308858 -1.25086
-0.00110651 -0.0309 -1.25078
-0.00124472 -0.0309345 -1.2507
-0.00136209 -0.0310025 -1.25061
-0.00145287 -0.0310814 -1.25051
-0.00148696 -0.0311428 -1.2504
-0.00146759 -0.0311521 -1.25026
-0.00139589 -0.0310833 -1.25011
-0.00126231 -0.0309273 -1.24992
-0.00106734 -0.0306948 -1.2497
-0.000833193 -0.0304404 -1.24944
-0.000578492 -0.0302153 -1.24915
-0.000318215 -0.0300394 -1.24885
-6.17264e-05 -0.0299075 -1.24856
0.000180688 -0.02981 -1.24828
0.000406957 -0.0297105 -1.24803
0.000593648 -0.0296038 -1.24782
0.000743233 -0.0294795 -1.24763
