%roll pitch yaw
0.0169541 -0.00597222 -1.04196
0.0160925 -0.00462493 -1.04238
0.0153188 -0.00352084 -1.04283
0.0146662 -0.00267445 -1.04329
0.0141829 -0.00211466 -1.04373
0.0138971 -0.00185286 -1.04417
0.0137689 -0.00188836 -1.04459
0.0137739 -0.00208322 -1.04497
0.013856 -0.00235239 -1.04532
0.0139843 -0.00269795 -1.04565
0.014129 -0.00311285 -1.04595
0.0143112 -0.00360098 -1.04623
0.0145427 -0.00411174 -1.04645
0.0148392 -0.00461984 -1.04662
0.0152008 -0.0051148 -1.04672
0.015598 -0.00559123 -1.04676
0.0160023 -0.0060611 -1.0467
0.0163746 -0.00656244 -1.04655
0.0166981 -0.00710094 -1.04632
0.0169505 -0.00768476 -1.04602
0.0171386 -0.00828995 -1.04568
0.0172723 -0.00889743 -1.04534
0.0173938 -0.00946571 -1.045
0.0174719 -0.010001 -1.04466
0.0175176 -0.0105134 -1.04431
0.0174852 -0.0110313 -1.04394
0.0173731 -0.0115817 -1.04353
0.0171834 -0.0121977 -1.04311
0.0168794 -0.0129045 -1.04269
0.0164904 -0.0136937 -1.04226
0.016052 -0.0145129 -1.04184
0.0155951 -0.0153126 -1.04145
0.0151531 -0.01607 -1.04105
0.0147213 -0.016823 -1.04064
0.014313 -0.017565 -1.04023
0.0139341 -0.0182869 -1.03979
0.013594 -0.0189679 -1.03933
0.0132711 -0.0196054 -1.03883
0.0129611 -0.0202072 -1.03828
0.0126673 -0.0207604 -1.03773
0.0123986 -0.0212182 -1.03719
0.0121296 -0.0215786 -1.03666
0.0118828 -0.0218311 -1.03615
0.0116576 -0.0220137 -1.03565
0.0114557 -0.0221526 -1.03518
0.0112935 -0.0222521 -1.03476
0.0111992 -0.0223077 -1.03439
0.0111832 -0.0223049 -1.0341
0.0112826 -0.0222665 -1.03388
0.0114922 -0.0222195 -1.03375
0.0118101 -0.0221635 -1.0337
0.0122158 -0.0221158 -1.0337
0.0126874 -0.0220617 -1.03377
0.0131853 -0.0220236 -1.0339
0.0136716 -0.0220298 -1.03409
0.0141295 -0.0220972 -1.03435
0.0145364 -0.0222041 -1.03467
0.0149343 -0.0223366 -1.03505
0.0153261 -0.0225093 -1.03547
0.0157101 -0.0227099 -1.0359
0.0160974 -0.0229215 -1.03636
0.0164653 -0.0231318 -1.03685
0.0167792 -0.0233613 -1.03734
0.0170342 -0.0236223 -1.03783
0.0172226 -0.023916 -1.03827
0.0173442 -0.0242452 -1.03869
0.0173916 -0.0245696 -1.0391
0.0173762 -0.0248964 -1.03952
0.0172915 -0.0252195 -1.03994
0.0171608 -0.0255381 -1.04035
0.0170069 -0.0258353 -1.04075
0.0168293 -0.0260923 -1.04118
0.0166377 -0.0263169 -1.04159
0.0164395 -0.0265243 -1.04195
0.0162377 -0.0267192 -1.04228
0.0160183 -0.0269203 -1.04257
0.015819 -0.0271254 -1.04284
0.0156388 -0.0273218 -1.0431
0.0154895 -0.0275308 -1.04331
0.0153422 -0.027758 -1.0435
0.0151967 -0.0279916 -1.04366
0.0150952 -0.0282105 -1.04377
0.0150011 -0.0283979 -1.04385
0.0149138 -0.0285787 -1.0439
0.0148712 -0.0287583 -1.04391
0.0148588 -0.028985 -1.0439
0.0148793 -0.0292849 -1.04387
0.0149252 -0.0296266 -1.0438
0.0149852 -0.0299905 -1.0437
0.0150683 -0.0303303 -1.04356
0.0151401 -0.0306159 -1.0434
0.0152021 -0.0308678 -1.04325
0.0152452 -0.0310653 -1.04309
0.0152977 -0.0312245 -1.04292
0.0153702 -0.0313585 -1.04274
0.015457 -0.0314696 -1.04253
0.0155966 -0.0315819 -1.04229
0.0157821 -0.031682 -1.04201
0.0159797 -0.03174 -1.0417
0.0161676 -0.0317433 -1.04136
0.0163285 -0.0317086 -1.04102
0.0164446 -0.0316531 -1.04068
0.0164868 -0.0316244 -1.04037
0.0164662 -0.0316602 -1.04008
0.0164013 -0.0317412 -1.03978
0.0163064 -0.0318324 -1.0395
0.0162019 -0.031898 -1.03921
0.0161028 -0.0319153 -1.03891
0.0160059 -0.0319082 -1.0386
0.0158925 -0.0318741 -1.03828
0.015735 -0.0318442 -1.03796
0.0155203 -0.0318232 -1.03764
0.0152446 -0.0318012 -1.03732
0.0149298 -0.0317541 -1.03703
0.0145731 -0.0316689 -1.03678
0.0141901 -0.0315584 -1.03656
0.0138173 -0.0314055 -1.03639
0.0134722 -0.0312407 -1.03627
0.0131586 -0.0311006 -1.03616
0.0129125 -0.0309423 -1.03608
0.0127172 -0.0307331 -1.03606
0.0125617 -0.0304724 -1.03609
0.0124506 -0.0301848 -1.03618
0.0123969 -0.0298757 -1.03635
0.0123624 -0.0295741 -1.03661
0.0123582 -0.0292807 -1.03695
0.012398 -0.0289839 -1.03737
0.0125779 -0.0285095 -1.03788
0.0127925 -0.0279882 -1.03847
0.0130382 -0.0274252 -1.03912
0.0133108 -0.0268178 -1.03979
0.0135739 -0.0261873 -1.04042
0.0137452 -0.0256108 -1.04103
0.0138398 -0.025127 -1.0416
0.0138342 -0.0247425 -1.04212
0.013649 -0.0244735 -1.04255
0.0132741 -0.0243204 -1.0429
0.0127091 -0.0242931 -1.04319
0.0119696 -0.0243721 -1.0434
0.0111125 -0.0244975 -1.04354
0.0101826 -0.0246336 -1.04364
0.00925429 -0.0247742 -1.04372
0.00838755 -0.0249407 -1.04375
0.00746127 -0.0252751 -1.04373
0.0066912 -0.0256075 -1.04366
0.00608877 -0.0258915 -1.04354
0.00583387 -0.0259033 -1.04337
0.00574673 -0.0257865 -1.04315
0.00580557 -0.0255061 -1.0429
0.00602413 -0.0249969 -1.04263
0.00637033 -0.0242432 -1.04236
0.00682479 -0.0232628 -1.04211
0.00735082 -0.0221457 -1.0419
0.00798837 -0.0208211 -1.04172
0.00869911 -0.0193263 -1.04157
0.00947099 -0.0176905 -1.04141
0.0102785 -0.0159411 -1.04126
0.0109986 -0.0143663 -1.04108
0.011689 -0.0128447 -1.04084
0.0123269 -0.0114065 -1.04058
0.0128964 -0.0100888 -1.04024
0.0133644 -0.00894788 -1.03984
0.0137078 -0.00803305 -1.03939
0.0142396 -0.00687445 -1.03888
0.0146522 -0.00606746 -1.03833
0.014932 -0.00558551 -1.03776
0.0150597 -0.00537041 -1.03719
0.015077 -0.00536544 -1.03665
0.0147748 -0.00585682 -1.03616
0.0144448 -0.00645432 -1.0357
0.0141127 -0.00713111 -1.03525
0.0139384 -0.00759432 -1.03483
0.0138067 -0.00812723 -1.03446
0.0137302 -0.00872305 -1.03412
0.0137053 -0.00936664 -1.03385
0.0137058 -0.0100409 -1.03361
0.0137349 -0.0107107 -1.03342
0.0137844 -0.0113585 -1.03327
0.0138129 -0.011989 -1.03316
0.0138299 -0.0125863 -1.03311
0.013865 -0.0131724 -1.03313
0.0139296 -0.0137459 -1.03319
0.0140525 -0.0143296 -1.03329
0.014234 -0.0149351 -1.03342
0.0144886 -0.0155469 -1.03358
0.0148283 -0.0161627 -1.03375
0.0151137 -0.0169084 -1.03393
0.0154768 -0.0176201 -1.03412
0.0158947 -0.0182855 -1.0343
0.0163484 -0.0189144 -1.03453
0.0167834 -0.0195205 -1.03479
0.0171891 -0.0200988 -1.03509
0.0175679 -0.0206386 -1.03544
0.0180982 -0.0210767 -1.03585
0.0185856 -0.021479 -1.03632
0.019075 -0.021861 -1.03685
0.0195388 -0.0222059 -1.03746
0.0200131 -0.0225233 -1.03813
0.0204909 -0.0227837 -1.03886
0.020993 -0.0229889 -1.03963
0.0215101 -0.023144 -1.04045
0.0220218 -0.0232319 -1.04129
0.022513 -0.0232318 -1.04215
0.0229823 -0.0231495 -1.04298
0.0234 -0.0230058 -1.04379
0.0237493 -0.0227828 -1.04455
0.0240075 -0.0225059 -1.04527
0.0242019 -0.0221827 -1.04594
0.0243305 -0.0218242 -1.04657
0.0243791 -0.021442 -1.04714
0.0243732 -0.0210688 -1.04763
0.0243382 -0.0207193 -1.04805
0.0242669 -0.0203754 -1.0484
0.0241562 -0.0200225 -1.04867
0.0240169 -0.0196468 -1.04885
0.0238546 -0.0192689 -1.04894
0.0236978 -0.0189385 -1.04895
0.0235528 -0.0186474 -1.0489
0.023397 -0.0184105 -1.04881
0.0232292 -0.0182343 -1.04869
0.0230877 -0.0181211 -1.04853
0.0230025 -0.0180435 -1.04834
0.0229769 -0.0180041 -1.04812
0.0230079 -0.0180085 -1.04788
0.0231333 -0.0180745 -1.04762
0.0232888 -0.0181552 -1.04735
0.0235234 -0.0182254 -1.04707
0.0238118 -0.0182972 -1.04676
0.0241707 -0.0184006 -1.04644
0.0245525 -0.0185083 -1.0461
0.0249846 -0.0185836 -1.04574
0.0254322 -0.0186166 -1.04536
0.025917 -0.0186351 -1.045
0.0264009 -0.018629 -1.04465
0.0268876 -0.0185763 -1.04432
0.027362 -0.0185007 -1.04398
0.0278538 -0.0184497 -1.04363
0.0283346 -0.0184251 -1.04328
0.028849 -0.0184359 -1.04295
0.0293529 -0.018472 -1.04264
0.0298604 -0.0185103 -1.04235
0.030371 -0.0185769 -1.04208
0.0308911 -0.0186467 -1.04185
0.0313958 -0.0186994 -1.04165
0.0318702 -0.0187885 -1.04149
0.0323319 -0.0189044 -1.04135
0.0327618 -0.0191206 -1.04123
0.0331788 -0.0193963 -1.04115
0.0335349 -0.0196994 -1.04111
0.0338575 -0.0200057 -1.04109
0.0341382 -0.0202812 -1.0411
0.0343849 -0.0205183 -1.04109
0.0345837 -0.0207321 -1.04106
0.0347323 -0.0209208 -1.041
0.0348251 -0.0211149 -1.04095
0.0348541 -0.0213077 -1.04087
0.0348497 -0.0215128 -1.04077
0.0347909 -0.0217392 -1.04066
0.0346759 -0.0219796 -1.04056
0.0344999 -0.0222188 -1.04046
0.034268 -0.0224702 -1.04039
0.0339802 -0.0227548 -1.04033
0.0336393 -0.0230764 -1.04028
0.0332475 -0.0234283 -1.04026
0.0328313 -0.0237702 -1.04025
0.0324143 -0.0240862 -1.04025
0.0320308 -0.0243966 -1.04024
0.0316377 -0.0246686 -1.04025
0.0312973 -0.024939 -1.04029
0.0309672 -0.0252165 -1.04037
0.0306721 -0.0255258 -1.04047
0.0303953 -0.0258388 -1.04059
0.0301468 -0.0261209 -1.04075
0.0298829 -0.0263416 -1.04094
0.0296319 -0.0265175 -1.04116
0.029412 -0.0266685 -1.04141
0.0291914 -0.0268092 -1.04172
0.0289872 -0.026942 -1.04203
0.0287873 -0.0270669 -1.04232
0.0285982 -0.0271543 -1.04259
0.0284115 -0.0272041 -1.04282
0.0282375 -0.0272333 -1.04302
0.0280516 -0.0272623 -1.04317
0.0278842 -0.0272661 -1.04327
0.0276818 -0.0272374 -1.04333
0.0275033 -0.0271547 -1.04338
0.0272981 -0.0270566 -1.04341
0.0270475 -0.0269298 -1.04342
0.0267491 -0.0267876 -1.0434
0.0264317 -0.0266466 -1.04336
0.0260634 -0.0264761 -1.04331
0.0256807 -0.0263001 -1.04321
0.0252714 -0.0261331 -1.04306
0.0249126 -0.0259628 -1.04285
0.0245737 -0.0257848 -1.04259
0.0242693 -0.0255808 -1.0423
0.0240155 -0.0254051 -1.04197
0.0238433 -0.025307 -1.04163
0.023713 -0.0252868 -1.0413
0.0236298 -0.0253908 -1.04104
0.0235784 -0.025606 -1.04082
0.0235458 -0.0258639 -1.04065
0.0234958 -0.0261008 -1.04051
0.0234233 -0.0262833 -1.04039
0.0233203 -0.0264049 -1.04027
0.0231318 -0.0264388 -1.04016
0.0228418 -0.0263402 -1.04005
0.0224474 -0.0261332 -1.03995
0.0219181 -0.0257747 -1.03988
0.0212361 -0.0252217 -1.03985
0.0204014 -0.024457 -1.03987
0.0193371 -0.0232571 -1.03992
0.0181906 -0.0218087 -1.04003
0.017017 -0.0201097 -1.04018
0.0158247 -0.0182123 -1.04037
0.0146603 -0.0161718 -1.04058
0.0133489 -0.0138273 -1.04082
0.0120605 -0.0114797 -1.04107
0.0107977 -0.00917003 -1.04135
0.00955541 -0.00693751 -1.04166
0.00875432 -0.00538933 -1.04203
0.00805894 -0.00414305 -1.04245
0.0075249 -0.00320583 -1.0429
0.00714905 -0.00256504 -1.04337
0.00692061 -0.00224052 -1.04384
0.00643646 -0.00181607 -1.04431
0.0060508 -0.00166572 -1.04476
0.00574621 -0.00169126 -1.0452
0.00553937 -0.00186295 -1.04563
0.00543211 -0.00217372 -1.04603
0.00567767 -0.0028706 -1.0464
0.00597224 -0.00358287 -1.04671
0.0060425 -0.00405247 -1.04696
0.00609641 -0.00454483 -1.04717
0.00614271 -0.00509711 -1.0473
0.00619541 -0.00572288 -1.04734
0.00627469 -0.0063367 -1.04729
0.00636626 -0.00688081 -1.04718
0.00645977 -0.00734628 -1.04701
0.0065503 -0.00776192 -1.04678
0.00657742 -0.00815159 -1.04649
0.00652011 -0.0085514 -1.04617
0.0063458 -0.00898017 -1.0458
0.00606329 -0.00947196 -1.04542
0.00565972 -0.00998109 -1.04503
0.00519198 -0.010475 -1.04464
0.00483296 -0.0110356 -1.04426
0.00446667 -0.0115301 -1.04387
0.0040589 -0.0119741 -1.04346
0.00362614 -0.0123923 -1.04303
0.00297316 -0.0126962 -1.04254
0.00228178 -0.0130261 -1.042
0.001541 -0.0134151 -1.04143
0.000724839 -0.0138405 -1.04086
-0.000135677 -0.0142692 -1.04028
-0.000992818 -0.0146781 -1.03971
-0.00184556 -0.015032 -1.03915
-0.00266356 -0.0153248 -1.03862
-0.00342407 -0.0155351 -1.03807
-0.00413919 -0.0156722 -1.03751
-0.00480916 -0.0157346 -1.03695
-0.00540513 -0.0157346 -1.03641
-0.00594472 -0.015679 -1.03588
-0.00642805 -0.015567 -1.03537
-0.00686058 -0.0153795 -1.0349
-0.00722731 -0.0151173 -1.03448
-0.00752875 -0.0147965 -1.03409
-0.00776289 -0.0144533 -1.03376
-0.00795159 -0.0140995 -1.03351
-0.00809345 -0.0137616 -1.03335
-0.00817415 -0.0134197 -1.03326
-0.00820514 -0.0130642 -1.03324
-0.00817816 -0.0127138 -1.0333
-0.0080875 -0.0123794 -1.03345
-0.00793265 -0.0120727 -1.03367
-0.00771398 -0.0117816 -1.03394
-0.00746094 -0.0115197 -1.03425
-0.00722338 -0.0112926 -1.03455
-0.00701644 -0.0111221 -1.03486
-0.00685839 -0.0109757 -1.03518
-0.00675875 -0.0108576 -1.03552
-0.00671861 -0.0107816 -1.03587
-0.00675539 -0.0107494 -1.03624
-0.00684642 -0.0107404 -1.03662
-0.00697491 -0.0107209 -1.03697
-0.00713892 -0.0106737 -1.03731
-0.00735274 -0.0106081 -1.03761
-0.00761043 -0.0105162 -1.03789
-0.00791133 -0.0104307 -1.03813
-0.00825198 -0.0103537 -1.03838
-0.00865672 -0.0102796 -1.03863
-0.00910888 -0.0101878 -1.03885
-0.00959625 -0.0100577 -1.03907
-0.0101045 -0.00990238 -1.03929
-0.0106268 -0.00972831 -1.03947
-0.0111811 -0.00952605 -1.03961
-0.0117264 -0.00928427 -1.03968
-0.0122538 -0.00899596 -1.03971
-0.0127712 -0.00871888 -1.0397
-0.0132821 -0.00847064 -1.03964
-0.0137472 -0.00827552 -1.03953
-0.0141495 -0.00809033 -1.03939
-0.014525 -0.00791076 -1.03924
-0.0148678 -0.00773775 -1.03908
-0.0151682 -0.00755675 -1.0389
-0.0154106 -0.00739649 -1.0387
-0.0156284 -0.00724314 -1.0385
-0.0158145 -0.00711352 -1.03831
-0.0159473 -0.00701526 -1.03812
-0.0160022 -0.00692935 -1.03793
-0.0159967 -0.00686559 -1.03773
-0.0159425 -0.00680852 -1.03754
-0.0158269 -0.00671802 -1.03735
-0.0156469 -0.00657181 -1.03718
-0.0154381 -0.00634686 -1.03701
-0.0152086 -0.00607633 -1.03686
-0.0149654 -0.00578287 -1.03672
-0.0146951 -0.00550923 -1.03657
-0.014422 -0.00526089 -1.03642
-0.0141551 -0.005033 -1.03628
-0.0138749 -0.00484452 -1.03616
-0.0135865 -0.00467804 -1.03604
-0.0133179 -0.00453386 -1.0359
-0.0130552 -0.00439881 -1.03577
-0.0127967 -0.00425251 -1.03563
-0.0125622 -0.00410408 -1.03547
-0.0123351 -0.00396545 -1.03531
-0.0121307 -0.00387146 -1.03513
-0.0119541 -0.00384703 -1.03495
-0.0118114 -0.00382101 -1.03478
-0.0116906 -0.00376957 -1.03461
-0.0116111 -0.00368779 -1.03447
-0.0115615 -0.00358674 -1.03435
-0.0115479 -0.00347319 -1.03425
-0.0115582 -0.00335498 -1.03419
-0.0115717 -0.0032078 -1.03413
-0.0115699 -0.00301204 -1.03409
-0.0115601 -0.00278029 -1.03407
-0.0115389 -0.00251257 -1.03406
-0.0114828 -0.00222433 -1.03407
-0.0113995 -0.00193213 -1.03414
-0.0112763 -0.00161313 -1.03421
-0.0111308 -0.00126813 -1.03432
-0.0109525 -0.000906996 -1.03444
-0.0107628 -0.00052397 -1.03461
-0.0105553 -0.000151636 -1.03483
-0.0103391 0.000227857 -1.03511
-0.0101287 0.000595275 -1.03544
-0.00991385 0.000955607 -1.03583
-0.00963906 0.00130711 -1.03627
-0.00925885 0.00170147 -1.03675
-0.00888286 0.00215213 -1.03731
-0.00858717 0.00266203 -1.03793
-0.00839133 0.00313903 -1.0386
-0.00835101 0.00364571 -1.03928
-0.00845592 0.00399703 -1.03991
-0.00860055 0.00402136 -1.04046
-0.00884799 0.00388528 -1.04092
-0.00919663 0.0035905 -1.04126
-0.00958302 0.00317029 -1.04149
-0.00996395 0.0026206 -1.04164
-0.0102768 0.00198308 -1.04174
-0.0104977 0.00128972 -1.0418
-0.0106424 0.000562464 -1.04185
-0.0108801 -0.000217032 -1.04191
-0.0108338 -0.000961322 -1.04201
-0.010658 -0.00162727 -1.04212
-0.0103484 -0.00216295 -1.04221
-0.00990036 -0.0025236 -1.04227
-0.00932322 -0.00264423 -1.04228
-0.00862596 -0.00250352 -1.04222
-0.00781517 -0.00206519 -1.04208
-0.00701016 -0.00142444 -1.04185
-0.00604631 -0.000449339 -1.04155
-0.00492763 0.000828076 -1.04121
-0.00375917 0.00208104 -1.04085
-0.00258619 0.00336169 -1.04048
-0.0014517 0.00456886 -1.04012
-0.000146443 0.00605258 -1.03975
0.00106047 0.00737576 -1.03936
0.00213213 0.0085108 -1.03897
0.00305866 0.00941811 -1.03857
0.00384852 0.0101067 -1.03815
0.004466 0.0105965 -1.03771
0.0049109 0.0108784 -1.03729
0.00520002 0.0109685 -1.03687
0.00533324 0.0108796 -1.03646
0.00533671 0.0106535 -1.03607
0.00524202 0.0103002 -1.03568
0.00510482 0.00984828 -1.03527
0.00493991 0.009292 -1.03486
0.00476962 0.00872644 -1.03444
0.0045816 0.00818516 -1.03401
0.00440607 0.00771664 -1.03359
0.00423796 0.00729208 -1.03319
0.00404196 0.0068775 -1.03286
0.00384489 0.00647698 -1.03258
0.00367791 0.006068 -1.03233
0.00356943 0.00565481 -1.03214
0.00352834 0.00521704 -1.03197
0.00358826 0.00478016 -1.03181
0.00376155 0.00430896 -1.03165
0.00404202 0.00384048 -1.03152
0.0043988 0.00338017 -1.03139
0.00484246 0.00288786 -1.03128
0.00535443 0.00235153 -1.03119
0.00593909 0.00174358 -1.03115
0.00656972 0.00108277 -1.03113
0.00726526 0.000385066 -1.03116
0.00801035 -0.000339203 -1.03123
0.00878645 -0.00107788 -1.03132
0.00959039 -0.00182748 -1.03147
0.0103876 -0.00257158 -1.03165
0.0111829 -0.00328251 -1.03189
0.0119588 -0.00399942 -1.03218
0.0127216 -0.00470773 -1.03253
0.0134565 -0.00542265 -1.03295
0.014147 -0.0060893 -1.03343
0.0148096 -0.00670433 -1.03398
0.0154126 -0.00725485 -1.03458
0.015973 -0.00774495 -1.03521
0.0164953 -0.0081451 -1.03588
0.0169664 -0.00849136 -1.03659
0.0174024 -0.00876463 -1.03732
0.0178063 -0.00894893 -1.03806
0.01816 -0.00905742 -1.03878
0.0184756 -0.00908195 -1.03947
0.0187394 -0.00903469 -1.04011
0.0189255 -0.00892734 -1.04072
0.0190408 -0.00880731 -1.04128
0.0190893 -0.00867324 -1.0418
0.0190683 -0.00851175 -1.04226
0.0189699 -0.00829925 -1.04265
0.0188231 -0.00805962 -1.04296
0.0186368 -0.00783355 -1.04323
0.0184407 -0.00763285 -1.04343
0.0182508 -0.00744006 -1.04354
0.0180518 -0.00723901 -1.04361
0.0178648 -0.00703741 -1.04361
0.0177262 -0.00683821 -1.04358
0.0176521 -0.00665088 -1.04349
0.0176134 -0.00647663 -1.04337
0.0176291 -0.00633436 -1.0432
0.0177006 -0.00624016 -1.04301
0.0178317 -0.00621501 -1.04279
0.0180176 -0.00621316 -1.04257
0.0182408 -0.00621175 -1.04232
0.0185232 -0.00619553 -1.04204
0.0188595 -0.00616252 -1.04174
0.0192551 -0.00611197 -1.04143
0.0196934 -0.00603805 -1.04111
0.020162 -0.00597827 -1.04076
0.0206985 -0.00590467 -1.04039
0.0212727 -0.00579539 -1.04004
0.0218884 -0.00568835 -1.03968
0.0225016 -0.00560674 -1.03932
0.0231415 -0.00555084 -1.03898
0.0237933 -0.00550155 -1.03866
0.0244441 -0.00545144 -1.03836
0.025074 -0.00544728 -1.03809
0.025722 -0.00549761 -1.03783
0.0263677 -0.0055869 -1.0376
0.0270343 -0.00566545 -1.03738
0.027683 -0.00574523 -1.03721
0.0283288 -0.00585499 -1.03707
0.028985 -0.0060043 -1.03699
0.0296365 -0.00618626 -1.03695
0.0302458 -0.00639356 -1.03694
0.0308279 -0.00664166 -1.03693
0.0313716 -0.00690977 -1.03692
0.0318913 -0.00719915 -1.03694
0.0323456 -0.00749821 -1.03697
0.0327837 -0.00779222 -1.03699
0.0331731 -0.00801061 -1.03699
0.0335128 -0.00818629 -1.03697
0.0337872 -0.00831932 -1.03697
0.0340071 -0.00843268 -1.03695
0.0341718 -0.00855378 -1.03692
0.0342836 -0.00867654 -1.03689
0.0343668 -0.0088118 -1.03686
0.0343856 -0.00892914 -1.03684
0.0343741 -0.00900891 -1.03683
0.0343197 -0.0090945 -1.03684
0.0342351 -0.00920179 -1.03686
0.034126 -0.00933105 -1.03688
0.0340182 -0.00946425 -1.03693
0.0338985 -0.00959175 -1.03698
0.0337925 -0.00970326 -1.03704
0.0337197 -0.00978736 -1.03711
0.0336642 -0.00984917 -1.03722
0.0336629 -0.00993497 -1.03734
0.0337063 -0.0100574 -1.03749
0.0337859 -0.010166 -1.03765
0.0338571 -0.010276 -1.03782
0.0339662 -0.0103938 -1.03801
0.0340889 -0.0104908 -1.03822
0.0342198 -0.0105799 -1.03841
0.034344 -0.0106617 -1.03862
0.034449 -0.0107624 -1.03881
0.0345299 -0.0108727 -1.03901
0.0345948 -0.0109081 -1.03918
0.0346393 -0.0109032 -1.03933
0.0346303 -0.0108693 -1.03944
0.034617 -0.0108236 -1.03949
0.034598 -0.0107733 -1.0395
0.034594 -0.0106943 -1.03946
0.0345477 -0.0105819 -1.03937
0.0345154 -0.010482 -1.03923
0.0344715 -0.0103801 -1.03904
0.0344296 -0.0102919 -1.03881
0.0343375 -0.0102151 -1.03856
0.0342131 -0.0101149 -1.03829
0.0341057 -0.0100007 -1.03797
0.0340061 -0.00988655 -1.03765
0.0339629 -0.00982502 -1.03729
0.0340143 -0.00984703 -1.03692
0.0342127 -0.00996576 -1.03655
0.0345228 -0.0101821 -1.0362
0.0349717 -0.0104727 -1.03589
0.0355121 -0.0108107 -1.03563
0.0360771 -0.0111372 -1.03544
0.0366333 -0.0114512 -1.03532
0.0371575 -0.0117877 -1.03525
0.0376269 -0.0121091 -1.03518
0.0379994 -0.0123918 -1.03515
0.0382679 -0.012591 -1.0351
0.038405 -0.0126826 -1.03505
0.0381836 -0.0123776 -1.03497
0.0378 -0.0118702 -1.03488
0.0372729 -0.0111274 -1.0348
0.0366265 -0.0101363 -1.03476
0.0358754 -0.00890979 -1.03475
0.0350917 -0.00744557 -1.03479
0.0342586 -0.00574886 -1.03485
0.0334044 -0.00385734 -1.03493
0.0325214 -0.00189457 -1.03501
0.0316279 6.69799e-05 -1.03511
0.030714 0.0019649 -1.03525
0.0297739 0.00383816 -1.03541
0.0290611 0.00526623 -1.03562
0.0283974 0.00650062 -1.03584
0.0278274 0.00750128 -1.03611
0.027387 0.00823621 -1.03639
0.0271004 0.00874668 -1.03668
0.0269621 0.0090508 -1.037
0.026965 0.0091472 -1.03735
0.0267826 0.0093535 -1.03772
0.0266936 0.00938445 -1.03812
0.0267107 0.00934051 -1.03852
0.026825 0.0092528 -1.03895
0.0270422 0.00912221 -1.03938
0.0273416 0.00893491 -1.03975
0.0277164 0.00870807 -1.04005
0.0281165 0.00844304 -1.04025
0.0285303 0.00818147 -1.04035
0.028925 0.00793414 -1.04033
0.0292773 0.00769665 -1.04021
0.0296068 0.00743984 -1.03999
0.0299472 0.00713071 -1.0397
0.0303185 0.00676554 -1.03939
0.0306891 0.00637652 -1.03906
0.0310265 0.00598172 -1.03871
0.0313038 0.00558165 -1.03836
0.0314921 0.00516105 -1.03799
0.0315446 0.00472486 -1.0376
0.0314816 0.00425974 -1.03721
0.0313353 0.00375244 -1.03679
0.0311461 0.00320953 -1.03633
0.0309528 0.00261326 -1.03587
0.0307546 0.00196723 -1.03541
0.0305607 0.00128219 -1.03495
0.0303685 0.000598708 -1.03447
0.0301591 -6.59874e-05 -1.03397
0.0299098 -0.000708546 -1.03343
0.0296301 -0.0013246 -1.03287
0.0293315 -0.00190418 -1.03228
0.0290181 -0.00243577 -1.0317
0.0287065 -0.0028871 -1.0311
0.0284346 -0.00327653 -1.03051
0.0281975 -0.00359277 -1.02991
0.0279926 -0.00386532 -1.02933
0.027826 -0.00405587 -1.02875
0.0276922 -0.00418104 -1.0282
0.027586 -0.00422036 -1.02768
0.0275126 -0.00417306 -1.0272
0.0274674 -0.00405605 -1.02676
0.0274626 -0.00388661 -1.02636
0.0275263 -0.00366042 -1.02604
0.027674 -0.00340512 -1.0258
0.0278753 -0.00313671 -1.02562
0.0281405 -0.00292437 -1.02549
0.0284332 -0.00275507 -1.02546
0.028788 -0.00260334 -1.02551
0.0291933 -0.00244711 -1.02565
0.0296562 -0.0022931 -1.02586
0.0301538 -0.00217267 -1.02612
0.0306898 -0.00208159 -1.02644
0.0312585 -0.00202812 -1.02678
0.0318264 -0.00201934 -1.02716
0.032377 -0.00205615 -1.02755
0.0328834 -0.00213348 -1.02795
0.0333452 -0.00224433 -1.02835
0.0337675 -0.00238023 -1.02874
0.0341363 -0.00257225 -1.02913
0.0344529 -0.00282095 -1.02949
0.0347408 -0.00308597 -1.02982
0.0349996 -0.00335782 -1.03014
0.0352075 -0.00362489 -1.03046
0.0353563 -0.00388696 -1.03077
0.0354589 -0.00416446 -1.03106
0.0355062 -0.00442796 -1.03133
0.0355006 -0.00467877 -1.03157
0.0354459 -0.00492588 -1.03179
0.0353948 -0.00515385 -1.03197
0.0353358 -0.00535467 -1.03212
0.0352669 -0.00553345 -1.03224
0.0352267 -0.00568624 -1.03233
0.0351936 -0.0058247 -1.03237
0.0351784 -0.00596232 -1.03236
0.0351846 -0.00612521 -1.03232
0.0351956 -0.00631147 -1.03226
0.0352034 -0.00652818 -1.03218
0.0352218 -0.0067489 -1.03208
0.0352227 -0.00697574 -1.03197
0.0352265 -0.00720559 -1.03185
0.0352492 -0.00743228 -1.03173
0.0353078 -0.00767727 -1.0316
0.0353988 -0.00793939 -1.03147
0.0355259 -0.00824016 -1.03133
0.0356962 -0.00855203 -1.03118
0.0358975 -0.00887921 -1.03103
0.0361226 -0.00918967 -1.03086
0.0363587 -0.00945617 -1.0307
0.0366188 -0.00963786 -1.03053
0.0368881 -0.00973045 -1.03034
0.0371381 -0.0097639 -1.03016
0.0373625 -0.00973783 -1.03001
0.0375722 -0.00968858 -1.02988
0.0377462 -0.00964909 -1.02977
0.0379146 -0.00960546 -1.02966
0.0380731 -0.00954541 -1.02958
0.0382315 -0.0094594 -1.0295
0.038374 -0.00935474 -1.02942
0.0385021 -0.00925371 -1.02933
0.0386089 -0.00915291 -1.02924
0.0386438 -0.00906016 -1.02915
0.0385519 -0.00899828 -1.02906
0.038337 -0.00892991 -1.02899
0.0380167 -0.00884625 -1.02895
0.0375864 -0.00875037 -1.02894
0.0370911 -0.00864917 -1.02896
0.036551 -0.00856484 -1.02899
0.0360083 -0.00848445 -1.029
0.0354708 -0.00839832 -1.02899
0.0349389 -0.00829018 -1.02895
0.0344108 -0.00816961 -1.02889
0.0338719 -0.008027 -1.02885
0.03332 -0.00786601 -1.02884
0.0327501 -0.00769767 -1.02889
0.0321796 -0.00754663 -1.02904
0.0316142 -0.00741019 -1.02928
0.0310835 -0.00727934 -1.02958
0.0306109 -0.00711494 -1.02994
0.0302264 -0.00693436 -1.03034
0.0300783 -0.00662544 -1.03076
0.0300391 -0.00633253 -1.03123
0.0300843 -0.00595789 -1.03176
0.0301634 -0.00539188 -1.03238
0.0301932 -0.00467086 -1.03307
0.030104 -0.00389952 -1.03384
0.0297937 -0.00319029 -1.03462
0.0292436 -0.00259762 -1.03539
0.0284228 -0.00222104 -1.0361
0.0273456 -0.00214171 -1.03671
0.0260444 -0.00237698 -1.03721
0.0245932 -0.0028747 -1.0376
0.0230329 -0.003603 -1.03787
0.021426 -0.00451467 -1.03803
0.0198361 -0.00554058 -1.0381
0.0183175 -0.00661531 -1.03812
0.0169417 -0.00771737 -1.03808
0.0157538 -0.008891 -1.03802
0.0147536 -0.0101397 -1.03796
0.0139055 -0.0114483 -1.03789
0.0132094 -0.012766 -1.03787
0.0126273 -0.0140364 -1.03786
0.0121597 -0.0151991 -1.03784
0.0118496 -0.0160997 -1.03779
0.0117567 -0.0165928 -1.03769
0.0116336 -0.0170202 -1.03754
0.0120317 -0.0166463 -1.03736
0.0126617 -0.0159307 -1.03717
0.0135263 -0.0149364 -1.03702
0.014544 -0.0137405 -1.03695
0.0156954 -0.0122843 -1.03692
0.016926 -0.0106162 -1.03696
0.0181249 -0.0088207 -1.03703
0.0191125 -0.00720174 -1.03709
0.0199316 -0.00565069 -1.0371
0.0205583 -0.00418991 -1.03703
0.0209842 -0.00280459 -1.03684
0.0214014 -0.00118259 -1.03655
0.0216458 0.000301252 -1.03614
0.0217408 0.00157581 -1.03566
0.0217142 0.00260613 -1.03513
0.0213544 0.00287217 -1.03456
0.0209488 0.00284241 -1.03397
0.0205347 0.00254661 -1.03339
0.0202365 0.00242068 -1.03281
0.0199261 0.00215948 -1.03223
0.0196105 0.00187603 -1.03161
0.0193108 0.0015536 -1.03098
0.019011 0.00119579 -1.03033
0.0187216 0.000779434 -1.02965
0.0184646 0.000330263 -1.02898
0.0182357 -0.000168853 -1.02833
0.0180538 -0.000723828 -1.02768
0.0179145 -0.00130994 -1.02706
0.0178298 -0.00190786 -1.02645
0.0178021 -0.00254441 -1.02584
0.017831 -0.00320509 -1.02524
0.0179134 -0.00392648 -1.02464
0.0180411 -0.00466943 -1.02406
0.0182211 -0.00544039 -1.0235
0.0184813 -0.00625418 -1.02297
0.0187967 -0.00714924 -1.02246
0.0191536 -0.008107 -1.02201
0.0195534 -0.00908855 -1.02158
0.0199705 -0.0100729 -1.02121
0.0204215 -0.0110545 -1.02088
0.0208918 -0.0120235 -1.02063
0.0213795 -0.0130116 -1.02046
0.0218723 -0.014006 -1.0204
0.0223813 -0.0149789 -1.02042
0.0228933 -0.0159172 -1.02056
0.0233849 -0.0168008 -1.02083
0.0238583 -0.0176161 -1.02123
0.0243243 -0.0183654 -1.02176
0.0247787 -0.0190322 -1.02241
0.0252276 -0.0196178 -1.02316
0.0256732 -0.0200921 -1.02399
0.0261154 -0.0204744 -1.02489
0.0265661 -0.0207135 -1.02583
0.0270049 -0.0208262 -1.0268
0.0274289 -0.0208029 -1.02779
0.0278258 -0.0206586 -1.02879
0.0281571 -0.0203925 -1.0298
0.0284302 -0.0200193 -1.0308
0.0286334 -0.0195639 -1.03177
0.0287716 -0.0190716 -1.0327
0.0288222 -0.0185697 -1.03359
0.0288166 -0.0180981 -1.03442
0.0287373 -0.0176116 -1.03518
0.0286018 -0.0170947 -1.03584
0.0284215 -0.0165209 -1.0364
0.0282434 -0.01595 -1.03685
0.0280727 -0.015423 -1.03724
0.0279121 -0.0149759 -1.03755
0.0277788 -0.0146004 -1.03778
0.0276674 -0.0143482 -1.03793
0.0275851 -0.014181 -1.03798
0.0275485 -0.0140818 -1.03797
0.0275551 -0.0140521 -1.0379
0.0276033 -0.0141248 -1.03777
0.0277066 -0.0142534 -1.03757
0.0278949 -0.0144178 -1.03732
0.0281145 -0.0146311 -1.03703
0.028388 -0.0148774 -1.03669
0.0287192 -0.0151515 -1.03631
0.0291076 -0.0154592 -1.0359
0.0295266 -0.0157635 -1.03545
0.0299904 -0.016088 -1.03496
0.0304817 -0.0164262 -1.03444
0.0310326 -0.016762 -1.03388
0.0315906 -0.0170911 -1.03329
0.0321655 -0.0173609 -1.03266
0.0327238 -0.0175891 -1.03202
0.0333059 -0.0178145 -1.03138
0.0338939 -0.0180572 -1.03078
0.0345069 -0.0183105 -1.03019
0.0350968 -0.0185586 -1.02964
0.0357109 -0.0188296 -1.02911
0.0363284 -0.0191258 -1.02863
0.0369749 -0.0194263 -1.02818
0.0376119 -0.0197028 -1.02777
0.0382369 -0.0199458 -1.0274
0.0388592 -0.0201772 -1.02706
0.0394758 -0.0204196 -1.02679
0.0400685 -0.0206395 -1.02656
0.0406291 -0.0208513 -1.02639
0.0411417 -0.021082 -1.02625
0.0416252 -0.021327 -1.02612
0.0420615 -0.0215853 -1.026
0.0424254 -0.0218286 -1.02591
0.042725 -0.0220254 -1.02582
0.042978 -0.0221582 -1.02572
0.0431913 -0.0222047 -1.02561
0.0433713 -0.0222396 -1.0255
0.0435081 -0.0222839 -1.0254
0.0435998 -0.0223854 -1.02532
0.0436333 -0.0225572 -1.02525
0.0435745 -0.0227825 -1.02525
0.0434412 -0.0230092 -1.02528
0.0432539 -0.0231752 -1.02536
0.0430541 -0.0233129 -1.02548
0.0428221 -0.0234296 -1.02562
0.0426145 -0.0235437 -1.02578
0.0424072 -0.0236615 -1.02596
0.042252 -0.0237979 -1.02617
0.0421352 -0.0239841 -1.02638
0.042026 -0.0242231 -1.02661
0.0419366 -0.0244676 -1.02687
0.0418653 -0.0246855 -1.02714
0.0417956 -0.0248725 -1.02744
0.0417443 -0.0250672 -1.02777
0.0416853 -0.0252984 -1.02811
0.0416124 -0.0255239 -1.02847
0.0414952 -0.0257535 -1.02885
0.0413843 -0.0259858 -1.02922
0.0412513 -0.0262177 -1.02956
0.0411299 -0.0264419 -1.02986
0.0410012 -0.0266795 -1.03012
0.0408639 -0.0269005 -1.03031
0.0407294 -0.0270728 -1.03043
0.0406052 -0.0271577 -1.03051
0.0405031 -0.027176 -1.03057
0.0403962 -0.0271572 -1.0306
0.0402679 -0.0271245 -1.0306
0.0401008 -0.0270874 -1.03057
0.0398872 -0.0270371 -1.03052
0.0396604 -0.0269514 -1.03046
0.0394024 -0.0268725 -1.0304
0.0391626 -0.0268113 -1.03029
0.0389346 -0.0267497 -1.03016
0.0387941 -0.0266528 -1.02998
0.0387196 -0.0265403 -1.02977
0.0387814 -0.0264994 -1.02954
0.0389786 -0.0265658 -1.0293
0.0392959 -0.0267211 -1.02908
0.0396771 -0.0269694 -1.0289
0.0401259 -0.0272976 -1.02877
0.0405901 -0.027612 -1.02867
0.0410002 -0.0278896 -1.02862
0.0413613 -0.0281363 -1.02858
0.0416502 -0.028333 -1.02856
0.0417869 -0.0284194 -1.02852
0.041763 -0.0283747 -1.02848
0.0415849 -0.0282031 -1.02842
0.0412552 -0.027876 -1.02835
0.0407553 -0.0273575 -1.02826
0.0401131 -0.0265792 -1.02818
0.0392016 -0.0252714 -1.02811
0.0381999 -0.0236948 -1.02804
0.0371171 -0.0219061 -1.02795
0.0359961 -0.0199645 -1.02784
0.0348616 -0.0178847 -1.02774
0.0337452 -0.0157168 -1.02762
0.0324775 -0.0132317 -1.02752
0.0312318 -0.0107325 -1.02745
0.0299993 -0.00827795 -1.02745
0.0290912 -0.0065271 -1.02754
0.0282645 -0.00506021 -1.02775
0.0275602 -0.00394039 -1.02805
0.0270136 -0.00318258 -1.02841
0.0266967 -0.00276713 -1.02879
0.0265928 -0.00266712 -1.02918
0.0262944 -0.00244588 -1.02956
0.0261623 -0.00252726 -1.02994
0.0261501 -0.0027843 -1.03033
0.0262137 -0.00314161 -1.0307
0.0266318 -0.00392079 -1.03106
0.0270958 -0.00482277 -1.03139
0.0275911 -0.00579452 -1.03167
0.0280897 -0.00677744 -1.03188
0.0283291 -0.00756387 -1.032
0.0285743 -0.00842658 -1.03204
0.0288059 -0.0093356 -1.03201
0.0290339 -0.010246 -1.03191
0.0292505 -0.0111149 -1.03175
0.0294867 -0.0119099 -1.03156
0.0297169 -0.0126572 -1.03132
0.0300921 -0.0135824 -1.03105
0.0304238 -0.0145482 -1.03073
0.0305594 -0.0153546 -1.03039
0.0305779 -0.01618 -1.03005
0.0304266 -0.0169849 -1.02971
0.0301422 -0.0177209 -1.02935
0.0298769 -0.0185073 -1.02902
0.0295615 -0.019227 -1.02868
0.0291728 -0.0198909 -1.02834
0.0287749 -0.020537 -1.02799
0.0282068 -0.0210641 -1.02761
0.0276818 -0.0216077 -1.02721
0.0271666 -0.0221514 -1.02682
0.0266312 -0.0226987 -1.02645
0.0260921 -0.0232187 -1.02607
0.0255275 -0.0236783 -1.02568
0.0249293 -0.0240732 -1.02528
0.0243245 -0.0243968 -1.02487
0.0237289 -0.0246272 -1.02446
0.0231272 -0.0247816 -1.02405
0.022538 -0.0248564 -1.02365
0.021984 -0.024847 -1.02326
0.0214739 -0.0247892 -1.02291
0.0210249 -0.0247128 -1.02261
0.0206652 -0.024619 -1.02237
0.0204051 -0.0245025 -1.02218
0.0202734 -0.0243303 -1.02206
0.020243 -0.0241131 -1.02199
0.0202946 -0.0239026 -1.02201
0.0204012 -0.0237432 -1.02208
0.0205314 -0.0236051 -1.02223
0.0206986 -0.0234892 -1.02245
0.0209234 -0.0234331 -1.02274
0.0211742 -0.0234249 -1.02311
0.0214574 -0.0234854 -1.02355
0.0217674 -0.0235827 -1.02404
0.0221422 -0.0237383 -1.02458
0.0225374 -0.023938 -1.02516
0.0229357 -0.0241862 -1.02575
0.0233488 -0.0244627 -1.02635
0.0237476 -0.0247627 -1.02691
0.024108 -0.0251139 -1.02745
0.0244147 -0.0255128 -1.02796
0.0246602 -0.0259404 -1.02843
0.0248452 -0.0264019 -1.02887
0.0249609 -0.0268436 -1.02929
0.0249954 -0.027262 -1.02968
0.0249805 -0.0276435 -1.03004
0.0249157 -0.0279539 -1.03036
0.0247956 -0.0282035 -1.03063
0.0246154 -0.0284054 -1.03087
0.0243849 -0.0285693 -1.03107
0.0241099 -0.0287082 -1.03123
0.0238277 -0.0288055 -1.03134
0.0235453 -0.0288831 -1.03141
0.0232472 -0.0289342 -1.03145
0.0229555 -0.0289432 -1.03142
0.0226616 -0.0288898 -1.03137
0.0223761 -0.0287701 -1.03126
0.022074 -0.028649 -1.03111
0.0217521 -0.0285418 -1.03094
0.0214238 -0.0284749 -1.03075
0.0211018 -0.0284235 -1.03055
0.0207778 -0.028374 -1.03034
0.0204779 -0.0283344 -1.03009
0.0201961 -0.0282933 -1.02986
0.0199488 -0.0282432 -1.02961
0.0197359 -0.0281882 -1.02937
0.0195627 -0.0281071 -1.02912
0.0194185 -0.0280277 -1.02885
0.0193129 -0.0279578 -1.02862
0.0192401 -0.027869 -1.02837
0.0192167 -0.0277555 -1.02812
0.0192487 -0.0276023 -1.02787
0.0193175 -0.0273466 -1.02761
0.0194367 -0.0270068 -1.02735
0.0195791 -0.0265992 -1.0271
0.0196956 -0.0261666 -1.02685
0.019816 -0.0257471 -1.02661
0.0198937 -0.0253888 -1.0264
0.0199383 -0.025086 -1.02621
0.019936 -0.0248085 -1.02606
0.0198901 -0.0245479 -1.02593
0.0198089 -0.0242511 -1.02583
0.0197007 -0.0239138 -1.02573
0.0195713 -0.0235456 -1.0256
0.0194192 -0.0231772 -1.02543
0.019236 -0.022854 -1.02525
0.0190136 -0.0225748 -1.02505
0.018724 -0.0223055 -1.02486
0.0183646 -0.0220241 -1.02467
0.0179391 -0.0217099 -1.02449
0.0174526 -0.0213537 -1.02433
0.0168796 -0.0209894 -1.02421
0.0162548 -0.0206065 -1.02412
0.0156202 -0.0202049 -1.02408
0.0149898 -0.0197705 -1.02405
0.0143859 -0.0193155 -1.02402
0.0138561 -0.0188286 -1.02401
0.0133948 -0.01833 -1.024
0.0129845 -0.0178566 -1.024
0.0126092 -0.017377 -1.02404
0.0122794 -0.0168922 -1.02415
0.0119582 -0.0163923 -1.02432
0.0116845 -0.0158677 -1.02459
0.0115012 -0.0152472 -1.02496
0.0113435 -0.0146217 -1.0254
0.0111914 -0.013913 -1.02591
0.0109949 -0.0130865 -1.02645
0.0106988 -0.0121828 -1.02701
0.0102636 -0.0113026 -1.02758
0.00964958 -0.0105412 -1.02811
0.00884666 -0.00996827 -1.02857
0.00786939 -0.00963012 -1.02893
0.00674206 -0.00957414 -1.02918
0.00546683 -0.00982084 -1.0293
0.00410895 -0.0102915 -1.02932
0.00269106 -0.0108601 -1.02926
0.00125387 -0.0114556 -1.02915
-0.000152512 -0.0120729 -1.02904
-0.00146051 -0.0127737 -1.02896
-0.00264556 -0.0135591 -1.02894
-0.00370513 -0.0144324 -1.02895
-0.00462889 -0.015399 -1.02898
-0.00542026 -0.0164047 -1.02899
-0.00607596 -0.0173459 -1.02897
-0.00655099 -0.0180477 -1.02885
-0.00709607 -0.018726 -1.02863
-0.00738973 -0.0190148 -1.0283
-0.00738071 -0.0188493 -1.02792
-0.00684811 -0.0180448 -1.02754
-0.00606387 -0.0169311 -1.02719
-0.00505544 -0.0155879 -1.02693
-0.0038658 -0.0139228 -1.02677
-0.00254271 -0.0121817 -1.0267
-0.00119444 -0.0104378 -1.02669
-7.81176e-05 -0.00902645 -1.02668
0.000866797 -0.00766538 -1.02664
0.00160357 -0.0063693 -1.02652
0.0021248 -0.00516717 -1.02633
0.00242359 -0.00412656 -1.02609
0.00280566 -0.0028607 -1.02579
0.00301624 -0.00186332 -1.02544
0.00309205 -0.00116701 -1.02509
0.00305454 -0.000769767 -1.02473
0.00291054 -0.000649104 -1.02433
0.00268363 -0.000762403 -1.02392
0.00238204 -0.00104415 -1.0235
0.00203856 -0.00140255 -1.02304
0.00166126 -0.00180429 -1.02255
0.00125017 -0.00216667 -1.02201
0.000784639 -0.00250108 -1.02148
0.00030062 -0.00283137 -1.02095
-0.000218045 -0.00319243 -1.02046
-0.000768133 -0.0035863 -1.02003
-0.00132236 -0.00401756 -1.01964
-0.00183683 -0.00447337 -1.01927
-0.00228098 -0.00492476 -1.01891
-0.00262646 -0.00538232 -1.01858
-0.00285342 -0.00583829 -1.01823
-0.00295392 -0.00633035 -1.01789
-0.00303905 -0.00707919 -1.01755
-0.00297336 -0.00764804 -1.01722
-0.00288272 -0.00824917 -1.01689
-0.00275653 -0.00888561 -1.01659
-0.00260648 -0.00960026 -1.01631
-0.00244959 -0.0103665 -1.01608
-0.00227719 -0.0111708 -1.0159
-0.00205926 -0.0119891 -1.01578
-0.0017941 -0.0127931 -1.01572
-0.00147759 -0.0136061 -1.01575
-0.00110562 -0.014409 -1.01585
-0.000692138 -0.0152081 -1.01603
-0.000253816 -0.0159906 -1.0163
0.00019566 -0.0167646 -1.01663
0.000623574 -0.0174975 -1.01703
0.00105176 -0.0181682 -1.01749
0.00144501 -0.0187631 -1.01802
0.00180386 -0.0192641 -1.01862
0.00212183 -0.0196777 -1.0193
0.00241352 -0.0200001 -1.02004
0.00267671 -0.0202332 -1.02082
0.00290968 -0.0203854 -1.02163
0.00311223 -0.0204649 -1.02245
0.00328402 -0.0204667 -1.02326
0.00340887 -0.0203841 -1.02404
0.00348376 -0.0202505 -1.02479
0.00349699 -0.0200546 -1.02549
0.00344017 -0.0198298 -1.02615
0.00330827 -0.0196123 -1.02679
0.0031184 -0.0193977 -1.02736
0.00284249 -0.0191539 -1.02786
0.00249458 -0.0188972 -1.02826
0.00209364 -0.0186476 -1.02857
0.00165918 -0.0184419 -1.02881
0.00119362 -0.0182774 -1.02898
0.000706989 -0.0181505 -1.02905
0.000210013 -0.0180658 -1.02905
-0.000259678 -0.0180246 -1.02899
-0.000680385 -0.0180369 -1.02888
-0.00106319 -0.0181077 -1.02873
-0.00141006 -0.0182239 -1.02854
-0.00169299 -0.018369 -1.0283
-0.00190965 -0.0185604 -1.02803
-0.00204804 -0.0187926 -1.02775
-0.00216022 -0.0190932 -1.02747
-0.00219432 -0.0194443 -1.02718
-0.00219478 -0.0197974 -1.02689
-0.00209834 -0.0201335 -1.02659
-0.00196933 -0.020445 -1.02627
-0.00176061 -0.0207569 -1.02594
-0.00151472 -0.0210364 -1.02557
-0.00118393 -0.0212676 -1.02517
-0.000808475 -0.0214987 -1.02477
-0.000416309 -0.0217395 -1.02438
7.50413e-08 -0.0220059 -1.02401
0.000446416 -0.0222763 -1.02366
0.000906963 -0.022535 -1.02331
0.00135525 -0.022792 -1.02299
0.00181496 -0.0230359 -1.02268
0.00228924 -0.0232789 -1.0224
0.00277242 -0.0234923 -1.02213
0.00327318 -0.0236767 -1.02191
0.00372976 -0.02388 -1.02171
0.00421063 -0.0240978 -1.02155
0.00466413 -0.0243332 -1.02143
0.00510225 -0.0245978 -1.02135
0.00550636 -0.0248669 -1.02129
0.0059158 -0.0251542 -1.02123
0.00628126 -0.0254331 -1.02117
0.00664515 -0.0257248 -1.02111
0.0069759 -0.0260123 -1.02106
0.00729392 -0.0262775 -1.02102
0.00758364 -0.0264975 -1.02095
0.00785091 -0.0266764 -1.02089
0.00809553 -0.0268451 -1.02084
0.00828634 -0.0270229 -1.02078
0.00841284 -0.0272239 -1.02076
0.00850202 -0.0274334 -1.02073
0.0085467 -0.0276466 -1.02074
0.00856378 -0.0278828 -1.02078
0.00852682 -0.0280857 -1.02085
0.00849582 -0.0282425 -1.02092
0.00845786 -0.0283804 -1.02099
0.00846658 -0.0285138 -1.02107
0.008478 -0.0286545 -1.02113
0.00853244 -0.0288121 -1.02117
0.008615 -0.0289658 -1.02121
0.00876354 -0.0291014 -1.02126
0.00893382 -0.0292254 -1.02133
0.00915183 -0.0293686 -1.02142
0.00939646 -0.0295383 -1.02152
0.00970992 -0.0297242 -1.02162
0.0100253 -0.0298973 -1.02174
0.0103632 -0.0300319 -1.02188
0.0107142 -0.0301363 -1.02201
0.0110891 -0.0302176 -1.02212
0.0114646 -0.0303065 -1.02222
0.0118635 -0.0304267 -1.0223
0.0122466 -0.0305739 -1.02235
0.0126193 -0.0306809 -1.02233
0.0129967 -0.0307389 -1.02227
0.0133597 -0.0307433 -1.02217
0.0136957 -0.0307208 -1.02204
0.0139753 -0.030675 -1.02187
0.0142213 -0.0305912 -1.02167
0.0143888 -0.0304435 -1.02145
0.0145123 -0.0302584 -1.02117
0.0146169 -0.0300657 -1.02086
0.014702 -0.0298317 -1.02049
0.0147558 -0.0295163 -1.02008
0.0148434 -0.0291459 -1.01962
0.0149658 -0.0287593 -1.01915
0.0151638 -0.0284305 -1.0187
0.0153813 -0.0282232 -1.01833
0.0156556 -0.0281736 -1.01807
0.015984 -0.028247 -1.01789
0.0164082 -0.0284079 -1.01776
0.0168821 -0.0285984 -1.01771
0.0174082 -0.0288048 -1.0177
0.0179454 -0.0290539 -1.01772
0.0184794 -0.0293497 -1.01776
0.0189437 -0.0296301 -1.01784
0.0193222 -0.0299006 -1.01796
0.0196077 -0.0301257 -1.01812
0.0197721 -0.0302672 -1.01832
0.0198278 -0.0302549 -1.01855
0.019739 -0.0300437 -1.01881
0.0194975 -0.029608 -1.01914
0.0188881 -0.0286718 -1.01951
0.0181245 -0.0274918 -1.01991
0.0172158 -0.026073 -1.02034
0.0161896 -0.0244234 -1.02081
0.015103 -0.0225713 -1.02129
0.0138407 -0.0204113 -1.02177
0.0125476 -0.0181012 -1.02223
0.0112911 -0.0157616 -1.0227
0.0101724 -0.0134556 -1.02321
0.0091648 -0.0112125 -1.02377
0.00861025 -0.0096589 -1.02439
0.00822152 -0.00841701 -1.02506
0.00764677 -0.00701239 -1.02574
0.00718889 -0.00600249 -1.02643
0.00681522 -0.00532564 -1.0271
0.00652674 -0.00488812 -1.02772
0.006346 -0.00469118 -1.0283
0.00628597 -0.00471721 -1.02886
0.00633774 -0.00490339 -1.02939
0.00649632 -0.0051892 -1.02988
0.00670702 -0.00550727 -1.03032
0.00695256 -0.00588086 -1.03071
0.00724404 -0.00635225 -1.03102
0.00755839 -0.00693967 -1.03124
0.00788482 -0.0075426 -1.03136
0.00824717 -0.00809127 -1.03137
0.00863558 -0.0085658 -1.03127
0.00900716 -0.00895389 -1.03103
0.00934872 -0.00928876 -1.03069
0.00963779 -0.00961579 -1.03024
0.00984711 -0.00997751 -1.0297
0.00997988 -0.0103733 -1.02914
0.0100171 -0.010814 -1.02857
0.00995607 -0.0112367 -1.02801
0.00999431 -0.0117828 -1.02746
0.00998174 -0.0122952 -1.02691
0.00995047 -0.0127614 -1.02635
0.0098904 -0.0132055 -1.02579
0.0098106 -0.013633 -1.0252
0.00953419 -0.0139492 -1.02458
0.00921201 -0.0143354 -1.02392
0.00884547 -0.0147596 -1.02327
0.00844072 -0.0152185 -1.0226
0.00798921 -0.0156703 -1.02191
0.00747601 -0.0160894 -1.02124
0.00694213 -0.0164692 -1.02056
0.00640208 -0.0167824 -1.0199
0.0058777 -0.017029 -1.01924
0.00535991 -0.0172168 -1.01858
0.00485479 -0.0173459 -1.01793
0.00437916 -0.0174383 -1.01727
0.00394866 -0.0174472 -1.01663
0.00358459 -0.0173953 -1.016
0.00330257 -0.0172534 -1.01543
0.0030934 -0.01703 -1.01488
0.00296341 -0.016725 -1.01438
0.00290822 -0.0163793 -1.01395
0.00291362 -0.0160125 -1.01359
0.00298497 -0.0156298 -1.01332
0.00310976 -0.015218 -1.01312
0.0033011 -0.014832 -1.01301
0.00354015 -0.0144726 -1.01299
0.00382629 -0.0141461 -1.01305
0.00415751 -0.0138342 -1.0132
0.0045082 -0.013538 -1.01341
0.00488105 -0.0132538 -1.01372
0.00526137 -0.0129965 -1.01407
0.00562616 -0.0127861 -1.01446
0.00595978 -0.0126428 -1.01486
0.00626143 -0.0125454 -1.01529
0.00652255 -0.0124783 -1.01572
0.00674311 -0.0124548 -1.01614
0.00693502 -0.0124739 -1.01657
0.00707253 -0.0125392 -1.01702
0.00716229 -0.0126149 -1.01744
0.00721908 -0.0126686 -1.01785
0.00722193 -0.0127086 -1.01823
0.007177 -0.0127488 -1.01859
0.00708992 -0.0128172 -1.01892
0.00696858 -0.0129068 -1.01925
0.00683591 -0.0130022 -1.01958
0.00668847 -0.0130944 -1.01991
0.00653245 -0.0131857 -1.02023
0.00636604 -0.0132607 -1.02053
0.00619539 -0.0133026 -1.02082
0.00600999 -0.0133123 -1.02107
0.00581306 -0.0132856 -1.02127
0.00561819 -0.0132384 -1.02143
0.00542554 -0.0131989 -1.02154
0.00522101 -0.0131926 -1.02159
0.00504545 -0.0132332 -1.02161
0.00491684 -0.013303 -1.0216
0.00480618 -0.0133754 -1.02155
0.0047224 -0.0134278 -1.02145
0.00467926 -0.013447 -1.02132
0.00468952 -0.0134689 -1.02116
0.00470519 -0.013505 -1.02097
0.00475338 -0.013573 -1.02076
0.00484136 -0.0136512 -1.02052
0.00497029 -0.0137505 -1.02025
0.00512366 -0.0138658 -1.01998
0.00530208 -0.0140006 -1.01972
0.00552008 -0.0140865 -1.01947
0.00576521 -0.014084 -1.01924
0.00603365 -0.0139744 -1.01901
0.00631914 -0.0138184 -1.01879
0.00663327 -0.013654 -1.01859
0.00697837 -0.0135033 -1.01843
0.00735124 -0.0133834 -1.01828
0.00774433 -0.0132943 -1.01814
0.00816168 -0.0132005 -1.018
0.00860503 -0.0131014 -1.01786
0.00904449 -0.0129843 -1.01771
0.00948114 -0.0128757 -1.01755
0.00987934 -0.0127496 -1.0174
0.0102307 -0.0126345 -1.01728
0.0105296 -0.0125642 -1.01716
0.0107544 -0.0125132 -1.01706
0.0109173 -0.0124837 -1.01698
0.0110316 -0.0124452 -1.01694
0.0110887 -0.0123892 -1.01693
0.0111119 -0.0123191 -1.01693
0.0111226 -0.01223 -1.01695
0.0111442 -0.0121248 -1.01698
0.0111585 -0.0119837 -1.01701
0.0112024 -0.011783 -1.01704
0.0112525 -0.0115196 -1.01706
0.0112939 -0.0112272 -1.0171
0.0113122 -0.0109238 -1.01717
0.011322 -0.0106032 -1.01728
0.0113141 -0.0102548 -1.01743
0.0112684 -0.00986532 -1.01762
0.0112234 -0.00944524 -1.01789
0.0112365 -0.00901834 -1.01822
0.0113973 -0.00848454 -1.01859
0.0116286 -0.00796394 -1.01901
0.0119062 -0.00736582 -1.01946
0.0121872 -0.00654736 -1.01996
0.0123412 -0.00556743 -1.0205
0.0122907 -0.00453852 -1.0211
0.0119722 -0.00354942 -1.02174
0.0113513 -0.00272484 -1.02238
0.0104646 -0.0022152 -1.02299
0.00930295 -0.0020927 -1.0235
0.00791253 -0.00232999 -1.02387
0.00636007 -0.00290725 -1.0241
0.0047101 -0.0037838 -1.02414
0.00301278 -0.00488675 -1.024
0.00132103 -0.00613855 -1.0237
-0.000323391 -0.0075273 -1.02331
-0.0020004 -0.00900306 -1.02289
-0.00331991 -0.0106411 -1.0225
-0.00436691 -0.012284 -1.02217
-0.00518406 -0.0139305 -1.02193
-0.00578518 -0.0155652 -1.02174
-0.00620774 -0.0170979 -1.0216
-0.00646265 -0.0183809 -1.02144
-0.00650876 -0.0193083 -1.02124
-0.00632379 -0.0198239 -1.02098
-0.00613224 -0.0202134 -1.02063
-0.00564634 -0.020094 -1.02025
-0.00466317 -0.0193073 -1.01991
-0.00346638 -0.0181995 -1.01963
-0.0020706 -0.0168567 -1.01943
-0.000494362 -0.0153262 -1.01927
0.00128811 -0.0134554 -1.01916
0.00309521 -0.0114667 -1.01908
0.00481406 -0.00945883 -1.019
0.00634669 -0.00755871 -1.01889
0.00731244 -0.00619389 -1.01874
0.00795212 -0.00502829 -1.01853
0.00825482 -0.0040494 -1.01827
0.0082323 -0.0032865 -1.01794
0.00828014 -0.00232354 -1.01757
0.0081565 -0.00162794 -1.01716
0.00792402 -0.00121137 -1.01675
0.00759114 -0.00109277 -1.01633
0.00721473 -0.00123434 -1.01592
0.00684657 -0.00158411 -1.01549
0.00636721 -0.00234351 -1.01505
0.0060482 -0.00284281 -1.01458
0.00574999 -0.00335097 -1.01407
0.00532494 -0.00412077 -1.01356
0.00487159 -0.00487186 -1.01307
0.00447214 -0.0054049 -1.01259
0.0040382 -0.00598203 -1.01214
0.00361022 -0.00661007 -1.01175
0.00322112 -0.00724713 -1.0114
0.0028863 -0.00791311 -1.01107
0.00265339 -0.00861744 -1.01075
0.00251029 -0.00932434 -1.01041
0.00241373 -0.0102368 -1.01006
0.00239846 -0.0111907 -1.0097
0.00245502 -0.0121895 -1.00933
0.00267909 -0.0130184 -1.00897
0.00295495 -0.0139059 -1.00862
0.0032681 -0.0148513 -1.0083
0.00358276 -0.0158451 -1.00801
0.00391851 -0.0168766 -1.00776
0.00428053 -0.0179425 -1.00755
0.00467067 -0.0190076 -1.00741
0.00509921 -0.0200531 -1.00735
0.00556523 -0.0211063 -1.00736
0.00606063 -0.0221724 -1.00746
0.00657679 -0.0232372 -1.00766
0.00709937 -0.024255 -1.008
0.0076058 -0.0252155 -1.00845
0.00807947 -0.0261027 -1.00898
0.0085234 -0.0268915 -1.0096
0.00893379 -0.0276092 -1.01032
0.00932601 -0.0282156 -1.0111
0.0097057 -0.0287273 -1.01192
0.0100704 -0.0291111 -1.01277
0.010387 -0.0293616 -1.01363
0.0106674 -0.0294909 -1.01449
0.0108892 -0.0294861 -1.01535
0.0110331 -0.0293345 -1.01618
0.0110796 -0.0290704 -1.01696
0.0110626 -0.0287231 -1.01772
0.0109432 -0.0283353 -1.01842
0.0107208 -0.0279477 -1.01906
0.0103942 -0.0275944 -1.01961
0.00999859 -0.027218 -1.02008
0.00955159 -0.0267973 -1.02045
0.0090612 -0.026312 -1.02074
0.00855256 -0.0258164 -1.02092
0.00805487 -0.025349 -1.02101
0.00757874 -0.0249431 -1.02105
0.00711933 -0.0246028 -1.02103
0.00669912 -0.024347 -1.02095
0.00633679 -0.0241531 -1.02082
0.0060152 -0.024016 -1.02065
0.00575719 -0.0239584 -1.02045
0.00557598 -0.0239482 -1.02022
0.00547715 -0.0239791 -1.01996
0.00546603 -0.0240559 -1.01967
0.00554672 -0.0241718 -1.01937
0.00568855 -0.024311 -1.01905
0.00591061 -0.024461 -1.01873
0.0062133 -0.0246202 -1.01839
0.00656063 -0.0247719 -1.01806
0.0069692 -0.0249366 -1.01771
0.00743186 -0.0250906 -1.01736
0.00792866 -0.0252352 -1.01699
0.00848821 -0.0253792 -1.01662
0.00906644 -0.0255039 -1.01624
0.00966642 -0.0256182 -1.01587
0.0102488 -0.0257345 -1.01553
0.0108401 -0.0258415 -1.01521
0.0114373 -0.0259923 -1.01489
0.0120498 -0.026194 -1.0146
0.0126216 -0.0264405 -1.01435
0.0132214 -0.026718 -1.01411
0.0138035 -0.0270053 -1.01392
0.0143901 -0.0272955 -1.01376
0.0149319 -0.0275803 -1.01364
0.0154666 -0.0278607 -1.01355
0.0159572 -0.0281351 -1.01347
0.0164074 -0.0283871 -1.01342
0.0168186 -0.0286679 -1.01339
0.0172057 -0.0290318 -1.0134
0.0175493 -0.0294413 -1.01343
0.0178383 -0.0298509 -1.01344
0.0180776 -0.0302205 -1.01345
0.0182637 -0.0305149 -1.01344
0.0184083 -0.0307342 -1.01343
0.0185039 -0.0309046 -1.01339
0.0185793 -0.0310581 -1.01331
0.0186326 -0.0312135 -1.01323
0.018644 -0.0313956 -1.01316
0.0186295 -0.0316606 -1.01311
0.0185565 -0.0320015 -1.01308
0.0184508 -0.0323621 -1.01308
0.0182947 -0.0326764 -1.0131
0.0181499 -0.0329255 -1.01314
0.0179771 -0.0331136 -1.01319
0.0178368 -0.0332675 -1.01324
0.0176915 -0.033449 -1.01328
0.0175994 -0.0336533 -1.01333
0.0175283 -0.0338848 -1.01338
0.0175054 -0.0341146 -1.01344
0.0175248 -0.0343296 -1.01351
0.0176242 -0.0345193 -1.01359
0.0177354 -0.0346735 -1.01367
0.0178906 -0.034793 -1.01374
0.0180554 -0.034918 -1.01382
0.0182601 -0.0350177 -1.01391
0.0184483 -0.0350937 -1.01402
0.0186677 -0.035156 -1.01414
0.0188752 -0.0352207 -1.01423
0.0190377 -0.035269 -1.0143
0.0191538 -0.0352769 -1.01436
0.0192677 -0.0352256 -1.01438
0.0193569 -0.035105 -1.01436
0.0194103 -0.0349004 -1.01431
0.0194338 -0.0346464 -1.01421
0.0194476 -0.0343704 -1.01409
0.019309 -0.0339379 -1.01392
0.0191633 -0.0334792 -1.0137
0.0190121 -0.0329391 -1.01346
0.0189077 -0.0324039 -1.01319
0.0188272 -0.0318722 -1.01292
0.0187949 -0.0314422 -1.01266
0.0188561 -0.03113 -1.01244
0.0189327 -0.0309276 -1.01228
0.0191249 -0.0308384 -1.01218
0.0194275 -0.0308924 -1.01217
0.019834 -0.0310989 -1.01223
0.0203182 -0.0314428 -1.01235
0.0208132 -0.0318762 -1.01253
0.0213271 -0.0323566 -1.01274
0.0219487 -0.0329705 -1.013
0.0225188 -0.0336855 -1.01327
0.0230086 -0.0344765 -1.01353
0.0232405 -0.0351273 -1.01377
0.0233344 -0.035715 -1.01401
0.0233091 -0.0361545 -1.01426
0.0231518 -0.036401 -1.01454
0.022859 -0.0364011 -1.01486
0.0224403 -0.0361139 -1.01521
0.0219112 -0.0355839 -1.01557
0.0212626 -0.0347998 -1.01593
0.0205535 -0.0338202 -1.01628
0.0196733 -0.0325765 -1.01662
0.0186387 -0.0311262 -1.01695
0.0174541 -0.0295636 -1.01725
0.0161487 -0.0279681 -1.01754
0.014743 -0.0263253 -1.01784
0.0133036 -0.0245926 -1.01816
0.0118554 -0.0227394 -1.01851
0.0108628 -0.0213601 -1.0189
0.010024 -0.0201914 -1.01929
0.00900242 -0.0187691 -1.01966
0.00818919 -0.0176986 -1.02001
0.00759332 -0.0169753 -1.02033
0.00719302 -0.0166219 -1.02061
0.00696571 -0.0166004 -1.02086
0.00688527 -0.0168074 -1.02107
0.00691974 -0.0171129 -1.0213
0.00705398 -0.0174204 -1.02149
0.007282 -0.0177285 -1.02168
0.00758096 -0.0180702 -1.02186
0.00793619 -0.01848 -1.02203
0.00833521 -0.0189913 -1.02217
0.00876731 -0.0195347 -1.0223
0.0092028 -0.0200586 -1.02238
0.00964723 -0.0205418 -1.02241
0.0100701 -0.0209742 -1.02238
0.010491 -0.0213934 -1.02229
0.0108955 -0.0218547 -1.02213
0.0112986 -0.0223922 -1.02192
0.0116459 -0.0229818 -1.02168
0.0119365 -0.023569 -1.02142
0.0120892 -0.0241708 -1.02117
0.0120995 -0.0247765 -1.02095
0.0120626 -0.025559 -1.02073
0.0119057 -0.0263073 -1.0205
0.011636 -0.0270474 -1.02025
0.0111299 -0.027623 -1.02001
0.0105441 -0.0282569 -1.01977
0.00992781 -0.0289804 -1.01953
0.00927757 -0.0297695 -1.01926
0.00863992 -0.030593 -1.01894
0.00798209 -0.0314283 -1.01859
0.00730914 -0.0322329 -1.01821
0.00661661 -0.0329907 -1.01778
0.00591146 -0.0336768 -1.01729
0.00518453 -0.0342623 -1.01677
0.00445927 -0.0347635 -1.0162
0.00374049 -0.0351844 -1.0156
0.00304882 -0.035548 -1.01497
0.00238541 -0.0358222 -1.01432
0.00175479 -0.0360047 -1.01368
0.00121066 -0.0360796 -1.01306
0.000729217 -0.0360742 -1.01245
0.000343207 -0.0359908 -1.01188
6.44756e-05 -0.0358595 -1.01136
-6.35055e-05 -0.0356818 -1.0109
-3.0717e-05 -0.0354676 -1.01047
0.000128163 -0.0352298 -1.01009
0.000362847 -0.0350346 -1.00977
0.0006592 -0.0348452 -1.00951
0.00100225 -0.0346379 -1.00933
0.00137786 -0.0344081 -1.0092
0.00175766 -0.0341927 -1.00916
0.00216502 -0.0340012 -1.00918
0.0025975 -0.0338679 -1.00928
0.00304601 -0.0337967 -1.00944
0.00348862 -0.0337973 -1.00964
0.0039095 -0.0338632 -1.00989
0.00431402 -0.0339818 -1.01017
0.00466675 -0.0341577 -1.01048
0.00495067 -0.0344135 -1.01083
0.00516323 -0.0347325 -1.01119
0.00529413 -0.035076 -1.01155
0.00535467 -0.0353996 -1.01193
0.00534527 -0.0357246 -1.01231
0.00525402 -0.0360422 -1.01269
0.00508997 -0.0363814 -1.01308
0.0048717 -0.0367317 -1.01349
0.00459932 -0.0370894 -1.01391
0.00429558 -0.0374503 -1.01436
0.00395992 -0.0377786 -1.01484
0.00358451 -0.0380757 -1.0153
0.00318489 -0.0383215 -1.01574
0.0027705 -0.038504 -1.01616
0.00234509 -0.0386258 -1.01655
0.00192588 -0.0387069 -1.01691
0.00152885 -0.0387841 -1.01724
0.00114013 -0.0388684 -1.01752
0.000775266 -0.0389638 -1.01778
0.000420737 -0.0390638 -1.018
5.95456e-05 -0.0391562 -1.0182
-0.00027769 -0.0392273 -1.01836
-0.000596824 -0.0392341 -1.01851
-0.000888424 -0.0391952 -1.01865
-0.00116056 -0.0391264 -1.01878
-0.00139571 -0.0390684 -1.01889
-0.00160721 -0.0390181 -1.01898
-0.00179784 -0.0389938 -1.01903
-0.00195997 -0.0390071 -1.01907
-0.0020875 -0.0390457 -1.01909
-0.00216038 -0.0390334 -1.01908
-0.00218013 -0.0389308 -1.01906
-0.0021523 -0.0387348 -1.019
-0.00206538 -0.0384335 -1.01889
-0.00193829 -0.0381001 -1.01874
-0.00178702 -0.0377657 -1.01855
-0.00164113 -0.0374814 -1.01835
-0.0014982 -0.0372754 -1.01817
-0.0013746 -0.0371344 -1.01801
-0.00126423 -0.0370089 -1.01784
-0.00116204 -0.0368531 -1.01767
-0.0010662 -0.0366666 -1.0175
-0.000976042 -0.0364673 -1.01733
