%roll pitch yaw
0.0179455 -0.00854996 -1.35987
0.0170932 -0.00719726 -1.36014
0.0160075 -0.005536 -1.36043
0.0150128 -0.00399695 -1.36075
0.0141445 -0.00263589 -1.36108
0.0134552 -0.00152878 -1.36141
0.0129714 -0.000770975 -1.36174
0.0127291 -0.000392622 -1.36204
0.0126716 -0.000282781 -1.36231
0.0127476 -0.000321064 -1.36254
0.0129012 -0.000448351 -1.36273
0.0130947 -0.00066274 -1.3629
0.0133155 -0.00101407 -1.36306
0.0135416 -0.00145355 -1.36321
0.0138065 -0.00191377 -1.36335
0.0141229 -0.00235497 -1.3635
0.0144946 -0.00278833 -1.36361
0.0149157 -0.00324317 -1.36367
0.0154034 -0.00375451 -1.36366
0.0159014 -0.00432023 -1.36358
0.0163943 -0.00493616 -1.36345
0.0168227 -0.00559281 -1.36325
0.017183 -0.00627442 -1.36302
0.0174557 -0.00696637 -1.36277
0.0176934 -0.00763381 -1.36251
0.0178909 -0.00828693 -1.36225
0.0180255 -0.00894913 -1.36201
0.0180934 -0.00964633 -1.36175
0.0180798 -0.0104048 -1.36146
0.0179921 -0.0112114 -1.36115
0.0178023 -0.0120815 -1.36088
0.0175066 -0.0129804 -1.36062
0.0171312 -0.013907 -1.36036
0.016711 -0.014817 -1.36012
0.0162955 -0.0157154 -1.35985
0.0158746 -0.0166009 -1.35956
0.0154703 -0.0174591 -1.35924
0.0150811 -0.0182796 -1.35886
0.0147 -0.0190709 -1.35843
0.0143264 -0.0198137 -1.35794
0.0139551 -0.0205112 -1.35742
0.0135859 -0.0211007 -1.35686
0.0132298 -0.0215859 -1.35627
0.012865 -0.0219634 -1.35569
0.0125427 -0.0222468 -1.35513
0.0122548 -0.0224502 -1.35458
0.0120171 -0.0225624 -1.35407
0.011811 -0.0226136 -1.35361
0.0116657 -0.0225936 -1.3532
0.0115956 -0.0225453 -1.35286
0.0116472 -0.0224778 -1.35259
0.011817 -0.0223952 -1.35242
0.0121216 -0.0223166 -1.3523
0.0125177 -0.0222386 -1.35224
0.0130088 -0.0221563 -1.35224
0.0135665 -0.0221113 -1.35229
0.014152 -0.0220903 -1.35241
0.0147379 -0.0221353 -1.3526
0.0153156 -0.0222322 -1.35284
0.0158829 -0.0223612 -1.35313
0.01643 -0.0225401 -1.35349
0.0169524 -0.0227595 -1.3539
0.0174624 -0.0230111 -1.35434
0.0179418 -0.0232637 -1.35483
0.0183856 -0.0235448 -1.35533
0.018766 -0.0238911 -1.35583
0.0190791 -0.0242846 -1.3563
0.0193029 -0.0247068 -1.35675
0.0194574 -0.0251357 -1.35718
0.019539 -0.025561 -1.35759
0.0195553 -0.0259803 -1.35802
0.0195098 -0.0263958 -1.35843
0.0194043 -0.026794 -1.35887
0.0192629 -0.0271507 -1.35931
0.0190774 -0.0274891 -1.35973
0.0188858 -0.0278019 -1.36013
0.0186944 -0.0280925 -1.3605
0.0184962 -0.028401 -1.36081
0.0182971 -0.0287102 -1.36109
0.018119 -0.0289937 -1.36136
0.0179412 -0.029258 -1.36159
0.0177734 -0.0295219 -1.36178
0.0176203 -0.0297829 -1.36197
0.0174857 -0.0300111 -1.36213
0.0173785 -0.0302227 -1.36225
0.0172689 -0.0304387 -1.36233
0.0171784 -0.0306748 -1.36238
0.017119 -0.030946 -1.36242
0.0171007 -0.0312709 -1.36246
0.0171156 -0.03163 -1.36249
0.0171661 -0.0320003 -1.3625
0.0172206 -0.0323195 -1.36249
0.0172994 -0.0325894 -1.36246
0.0173781 -0.0328219 -1.36239
0.0174704 -0.0330181 -1.36231
0.0175822 -0.0331746 -1.3622
0.0177201 -0.0333089 -1.36206
0.0178987 -0.0334105 -1.3619
0.0181313 -0.0334892 -1.3617
0.0183898 -0.0335194 -1.36147
0.0186585 -0.0335131 -1.36121
0.0189033 -0.0334698 -1.36095
0.0191076 -0.0333996 -1.36067
0.0192646 -0.0333377 -1.3604
0.0193635 -0.033316 -1.36015
0.0194189 -0.0333358 -1.3599
0.019447 -0.033402 -1.35964
0.0194441 -0.0334574 -1.35937
0.0194339 -0.0334678 -1.35905
0.0194128 -0.0334421 -1.35866
0.0193572 -0.0334188 -1.35825
0.0192689 -0.033396 -1.35782
0.0191074 -0.0333768 -1.35739
0.0188856 -0.033369 -1.35695
0.0185907 -0.0333397 -1.35654
0.018254 -0.0332776 -1.35614
0.0178827 -0.0331948 -1.35577
0.0174886 -0.0330795 -1.35542
0.017132 -0.0329421 -1.3551
0.0168229 -0.0328006 -1.3548
0.0165652 -0.0326907 -1.3545
0.0163727 -0.032568 -1.35423
0.0162254 -0.032401 -1.35403
0.0161113 -0.0321855 -1.35391
0.016038 -0.0319435 -1.3539
0.0160271 -0.0316956 -1.35398
0.0160789 -0.0314536 -1.35415
0.0162061 -0.0312137 -1.35442
0.016484 -0.0307738 -1.35481
0.0168101 -0.0302879 -1.35528
0.0171783 -0.0297491 -1.35582
0.0175594 -0.0291317 -1.35643
0.0179472 -0.0284369 -1.35705
0.0182597 -0.0277621 -1.35768
0.0185094 -0.0271324 -1.35828
0.0186513 -0.0266185 -1.35885
0.0186612 -0.0262357 -1.35936
0.0185078 -0.0259721 -1.3598
0.018136 -0.0257706 -1.36017
0.0175897 -0.0256494 -1.36049
0.0168982 -0.0255914 -1.36076
0.0160953 -0.0255719 -1.36099
0.0152359 -0.0255619 -1.36116
0.0143757 -0.0255785 -1.36129
0.0135697 -0.0256385 -1.36138
0.0128432 -0.0257341 -1.36141
0.0120627 -0.0259667 -1.36138
0.0114168 -0.0261657 -1.36131
0.0109228 -0.0263213 -1.3612
0.0106061 -0.0263915 -1.36104
0.0106379 -0.0260837 -1.36085
0.0108665 -0.0255414 -1.36065
0.0112753 -0.024768 -1.36044
0.0118192 -0.0238051 -1.36024
0.0124561 -0.0226539 -1.36006
0.0131709 -0.0213217 -1.35993
0.0139292 -0.0198545 -1.35984
0.0147638 -0.0181944 -1.35977
0.0156518 -0.0164284 -1.35971
0.0165708 -0.0145944 -1.35964
0.0174165 -0.0130077 -1.35949
0.0182522 -0.0114993 -1.35925
0.0190136 -0.0100784 -1.3589
0.0196924 -0.00880895 -1.35843
0.0202489 -0.00776649 -1.35787
0.0206759 -0.00701781 -1.35724
0.0212706 -0.00608776 -1.35659
0.0217144 -0.00549138 -1.35596
0.022001 -0.00517508 -1.35537
0.0221526 -0.00507779 -1.35481
0.0221965 -0.00515242 -1.35427
0.0220246 -0.00563313 -1.35376
0.0218533 -0.00619655 -1.35327
0.0217113 -0.00682312 -1.35281
0.0217572 -0.00725846 -1.35241
0.0218626 -0.00774332 -1.35206
0.0219975 -0.00827759 -1.35175
0.0221407 -0.00885845 -1.3515
0.0222849 -0.00944711 -1.35132
0.0224213 -0.0100403 -1.3512
0.0225455 -0.0106196 -1.35115
0.0226634 -0.011176 -1.35116
0.0228009 -0.0117259 -1.3512
0.0229608 -0.0122627 -1.3513
0.0231645 -0.0128074 -1.35144
0.0234311 -0.0133385 -1.35164
0.0237826 -0.0138474 -1.35187
0.0242294 -0.014326 -1.3521
0.0247483 -0.0147747 -1.35233
0.0252068 -0.0153012 -1.35257
0.025705 -0.0157606 -1.35284
0.0262029 -0.0161722 -1.35314
0.0267099 -0.0165548 -1.35346
0.027194 -0.016898 -1.35384
0.0276627 -0.0172159 -1.35425
0.0281275 -0.017497 -1.3547
0.0287296 -0.0176897 -1.35523
0.029352 -0.0178437 -1.35582
0.029982 -0.0179298 -1.35647
0.0306307 -0.017979 -1.35718
0.0312998 -0.0179713 -1.35793
0.0320017 -0.0179309 -1.35872
0.0327199 -0.0178339 -1.35951
0.0334395 -0.0176686 -1.36033
0.0341401 -0.0174251 -1.36118
0.0348211 -0.0171092 -1.36203
0.0354679 -0.0167127 -1.36284
0.036063 -0.0162344 -1.36362
0.0365975 -0.0156761 -1.36436
0.0370525 -0.0151058 -1.36506
0.0374332 -0.0145308 -1.36573
0.0377493 -0.0139367 -1.36635
0.0379859 -0.0133412 -1.3669
0.0381566 -0.0127741 -1.36736
0.0382993 -0.0122295 -1.36775
0.0384072 -0.0116925 -1.36805
0.0384812 -0.0111467 -1.36827
0.038512 -0.0106057 -1.3684
0.0385397 -0.0100972 -1.36844
0.0385514 -0.00962918 -1.36842
0.0385576 -0.0092093 -1.36837
0.0385578 -0.00885529 -1.36829
0.038566 -0.00858304 -1.36819
0.0386109 -0.00834713 -1.36807
0.0386911 -0.00817434 -1.36797
0.0388161 -0.00803649 -1.36786
0.0389869 -0.00790127 -1.36774
0.0392203 -0.00781403 -1.3676
0.0395195 -0.00774694 -1.36744
0.0398545 -0.0077027 -1.36727
0.0402514 -0.00768317 -1.36709
0.0406896 -0.00765248 -1.36689
0.0411414 -0.0076083 -1.36666
0.0416434 -0.00749699 -1.36641
0.0421597 -0.00733873 -1.36615
0.0426981 -0.00714365 -1.36588
0.0432242 -0.00690924 -1.36562
0.0437796 -0.00668343 -1.36535
0.0443491 -0.00649628 -1.36509
0.044905 -0.00633581 -1.36482
0.0454109 -0.00618276 -1.36455
0.0458895 -0.00603812 -1.36431
0.0463664 -0.00592436 -1.36409
0.0468095 -0.00582941 -1.36388
0.0472381 -0.00570888 -1.36369
0.0476245 -0.00560967 -1.36352
0.0479789 -0.00554279 -1.36338
0.0482979 -0.00549467 -1.36325
0.0486102 -0.00548563 -1.36314
0.0488764 -0.00552558 -1.36305
0.049105 -0.00560548 -1.36298
0.0493121 -0.00570871 -1.36293
0.0495203 -0.00582141 -1.36287
0.0496816 -0.00589453 -1.36283
0.0497904 -0.00592896 -1.36282
0.0498687 -0.00589853 -1.3628
0.0499072 -0.00582776 -1.36278
0.0498871 -0.0057715 -1.36278
0.0498272 -0.00574351 -1.36277
0.0497148 -0.0057929 -1.36277
0.0495594 -0.00588611 -1.36278
0.0493853 -0.00603022 -1.36281
0.0491844 -0.00619155 -1.36286
0.0489462 -0.00635872 -1.36294
0.0486698 -0.0065185 -1.36305
0.048391 -0.00668409 -1.36317
0.0480947 -0.00687053 -1.36333
0.047794 -0.00706721 -1.36349
0.0474534 -0.00725882 -1.36366
0.0471207 -0.00744994 -1.36386
0.0468066 -0.00766927 -1.3641
0.0465086 -0.00791929 -1.36439
0.0462016 -0.0081851 -1.3647
0.04591 -0.00846398 -1.36502
0.0456222 -0.00870861 -1.36537
0.0453836 -0.00892013 -1.36574
0.0451687 -0.0090813 -1.36613
0.0449775 -0.00920668 -1.36651
0.044802 -0.00932973 -1.36691
0.0446702 -0.00948728 -1.36731
0.0445347 -0.00968143 -1.36773
0.0444026 -0.00984107 -1.36815
0.0442445 -0.00998523 -1.36855
0.0440927 -0.0101358 -1.36893
0.0438824 -0.0103166 -1.36928
0.0436278 -0.0105106 -1.36959
0.0433126 -0.0107195 -1.36986
0.0427844 -0.0107492 -1.37008
0.0422158 -0.010778 -1.37024
0.0416068 -0.0108008 -1.37035
0.0409978 -0.0107973 -1.37042
0.0405472 -0.0109514 -1.3704
0.0401317 -0.0110871 -1.37033
0.039762 -0.011163 -1.37021
0.0394245 -0.0112097 -1.37007
0.0391412 -0.0112139 -1.36991
0.038849 -0.0111556 -1.36975
0.0385875 -0.0110779 -1.36957
0.038334 -0.0110046 -1.36939
0.0380959 -0.0108907 -1.36922
0.0378151 -0.0107144 -1.36904
0.0375774 -0.0105066 -1.36884
0.0373846 -0.0102679 -1.36863
0.0372196 -0.00996461 -1.36838
0.0370813 -0.00962206 -1.36811
0.0369991 -0.00929211 -1.36781
0.0369126 -0.00894752 -1.3675
0.0368202 -0.00862262 -1.36719
0.036703 -0.00834964 -1.36692
0.0365116 -0.00805426 -1.36666
0.0361936 -0.00762367 -1.36643
0.0357308 -0.00702186 -1.36622
0.0350593 -0.0061848 -1.36605
0.0340197 -0.00501143 -1.36592
0.0328172 -0.0036411 -1.36579
0.0314802 -0.00208599 -1.36565
0.0300271 -0.000366097 -1.3655
0.0285337 0.00141366 -1.36537
0.0270491 0.00311216 -1.36526
0.0255218 0.00499911 -1.3652
0.0240828 0.00685912 -1.36519
0.022916 0.00836293 -1.36525
0.0219042 0.00970793 -1.36539
0.021049 0.0108734 -1.36559
0.0203379 0.0118503 -1.36581
0.0197246 0.0126086 -1.36602
0.0191997 0.0131196 -1.36621
0.0187608 0.0134115 -1.36639
0.018403 0.0135228 -1.36659
0.0177972 0.0138228 -1.36683
0.0173877 0.0139432 -1.36713
0.0171497 0.0139185 -1.36749
0.0173142 0.0136346 -1.36793
0.0175841 0.0133905 -1.36839
0.017934 0.0131757 -1.36885
0.0183624 0.0129422 -1.36927
0.0188415 0.0126933 -1.36963
0.0193566 0.012442 -1.36992
0.0198663 0.0122034 -1.3701
0.0201375 0.0121595 -1.3702
0.0203672 0.0121436 -1.37023
0.0204895 0.0120675 -1.3702
0.0204826 0.0119227 -1.37015
0.020394 0.011745 -1.37006
0.0202151 0.0115481 -1.36998
0.0200012 0.0113541 -1.36995
0.0197359 0.0111524 -1.36995
0.0194466 0.0109718 -1.36992
0.0191333 0.0107509 -1.36986
0.018769 0.0104968 -1.36974
0.018332 0.0101798 -1.36957
0.0177656 0.00979314 -1.36936
0.0171292 0.00935263 -1.36909
0.0164545 0.00885788 -1.36878
0.0157853 0.00834533 -1.36845
0.0153343 0.00774411 -1.36814
0.0149284 0.00714894 -1.36783
0.014557 0.00658558 -1.36748
0.0142362 0.00604695 -1.3671
0.0137457 0.00561545 -1.36668
0.0132486 0.00525756 -1.36622
0.0127509 0.00495946 -1.36574
0.012255 0.00471678 -1.36522
0.0117819 0.00450328 -1.36466
0.0113607 0.00435196 -1.36409
0.0109655 0.00427069 -1.3635
0.0105959 0.00425764 -1.3629
0.0102756 0.00432424 -1.36232
0.010009 0.00446968 -1.36173
0.00980519 0.00468372 -1.36117
0.0096657 0.0049474 -1.36063
0.00957713 0.00520665 -1.36016
0.00953342 0.00545565 -1.35974
0.0095454 0.00571336 -1.3594
0.00960627 0.00601352 -1.35912
0.00970755 0.00634654 -1.35895
0.00982379 0.00666537 -1.35887
0.00995175 0.0069749 -1.35886
0.0100953 0.00727592 -1.3589
0.0102484 0.00757765 -1.35899
0.0104246 0.00785621 -1.35912
0.0106282 0.008098 -1.35929
0.0108531 0.00830966 -1.35951
0.0110938 0.00847998 -1.35974
0.0113666 0.0086252 -1.35999
0.0116213 0.00871925 -1.36023
0.0118361 0.00877953 -1.36047
0.0119844 0.00884566 -1.36071
0.0120549 0.00890808 -1.36094
0.0120577 0.00896502 -1.36118
0.0119835 0.00903452 -1.36143
0.0118782 0.00911748 -1.3617
0.0117297 0.00921823 -1.36197
0.0115248 0.00931758 -1.36224
0.0112834 0.00940316 -1.3625
0.0110153 0.00949793 -1.36275
0.0107279 0.00962521 -1.36293
0.0104174 0.00978816 -1.36307
0.0100774 0.00997205 -1.36316
0.00973822 0.010155 -1.36321
0.00941052 0.0103513 -1.36324
0.00910187 0.0105443 -1.36322
0.00880685 0.010721 -1.3632
0.008534 0.010863 -1.36313
0.00827714 0.0109887 -1.36303
0.00802599 0.0111172 -1.36293
0.00779308 0.0112102 -1.36279
0.00757705 0.0112671 -1.36262
0.00739373 0.0112759 -1.36244
0.00725748 0.0112205 -1.36225
0.00716317 0.0111131 -1.36206
0.00710204 0.01097 -1.36187
0.00707981 0.0108105 -1.36169
0.0070889 0.0106611 -1.3615
0.00711819 0.0105407 -1.36131
0.00717118 0.010495 -1.36112
0.0072407 0.010535 -1.36091
0.0073448 0.0106549 -1.36073
0.00748789 0.0108296 -1.36054
0.00766417 0.011015 -1.36035
0.00786526 0.0111782 -1.36016
0.00807366 0.0113183 -1.35996
0.00829 0.0114538 -1.35977
0.00849808 0.0116306 -1.35959
0.00866988 0.0118357 -1.35943
0.00880585 0.0120395 -1.35928
0.00890638 0.012216 -1.35917
0.00895667 0.0123497 -1.3591
0.00897633 0.0124568 -1.35905
0.00895 0.0125407 -1.35903
0.00889157 0.0126065 -1.35902
0.0088043 0.0126494 -1.35903
0.00868184 0.0126723 -1.35904
0.00852405 0.0126748 -1.35906
0.00834965 0.0126524 -1.35908
0.00814536 0.0126072 -1.35911
0.00791213 0.0125703 -1.35913
0.00765584 0.0125705 -1.35915
0.00737835 0.0126166 -1.35917
0.00708457 0.0126813 -1.3592
0.00675723 0.0127167 -1.35925
0.00639946 0.0127485 -1.35935
0.00603554 0.0127686 -1.35952
0.00565945 0.0127906 -1.35977
0.00528837 0.0127934 -1.36008
0.00495 0.0127915 -1.36044
0.00467011 0.0127974 -1.36083
0.00463043 0.0129305 -1.36124
0.00462995 0.0130852 -1.36164
0.00462758 0.0132762 -1.36207
0.00460107 0.0135881 -1.36251
0.00444236 0.0140512 -1.363
0.00411085 0.0145998 -1.36355
0.00365779 0.0153661 -1.36414
0.00291471 0.0157666 -1.36472
0.00196837 0.0159488 -1.36523
0.00084766 0.0158514 -1.36567
-0.000382708 0.0154665 -1.36601
-0.00164425 0.0148257 -1.36623
-0.00285694 0.013944 -1.36637
-0.00395455 0.0128298 -1.36645
-0.00486821 0.011493 -1.36651
-0.00558169 0.00996614 -1.36652
-0.00635224 0.00827683 -1.36653
-0.00672014 0.00654791 -1.36654
-0.0069634 0.00481939 -1.36658
-0.00708359 0.00317646 -1.36666
-0.00710516 0.00168017 -1.36676
-0.00705646 0.000372005 -1.36687
-0.00694472 -0.000665535 -1.367
-0.00672851 -0.00135057 -1.36713
-0.00659672 -0.00196418 -1.36726
-0.00625293 -0.00217884 -1.36738
-0.00568319 -0.0019538 -1.36744
-0.00484903 -0.00126924 -1.36748
-0.00376618 -0.000131802 -1.36751
-0.00248615 0.00137515 -1.36755
-0.00108208 0.0031265 -1.36755
0.000356494 0.00500132 -1.36752
0.00172873 0.00686433 -1.36744
0.00272721 0.00831249 -1.36728
0.00346108 0.00958464 -1.36707
0.00391797 0.0106654 -1.36679
0.00410378 0.0115632 -1.36645
0.00434964 0.0126292 -1.36604
0.00441491 0.0135211 -1.36562
0.00436566 0.0142075 -1.36518
0.00390125 0.0141878 -1.36473
0.00339298 0.0139234 -1.36426
0.00285721 0.0134665 -1.36377
0.00232834 0.0128787 -1.36329
0.0019674 0.0124847 -1.36278
0.00163111 0.012015 -1.36225
0.00132899 0.0115255 -1.36172
0.00105352 0.01103 -1.36117
0.000802576 0.0105244 -1.3606
0.000538773 0.010014 -1.36006
0.000245616 0.0095162 -1.35953
-9.41658e-05 0.00902068 -1.35903
-0.000444934 0.00850354 -1.35857
-0.000768969 0.00796117 -1.35815
-0.00102793 0.00738732 -1.35778
-0.00119302 0.00676863 -1.35744
-0.00125449 0.00613008 -1.35709
-0.00121761 0.00546724 -1.35672
-0.00108808 0.00477209 -1.35635
-0.000894673 0.00404522 -1.35597
-0.000689826 0.0032861 -1.35562
-0.000466603 0.002504 -1.35529
-0.000240536 0.00168647 -1.355
4.74487e-06 0.000821053 -1.35476
0.00025969 -0.000106463 -1.35459
0.000538649 -0.00107546 -1.3545
0.000822841 -0.00205972 -1.35451
0.00113559 -0.00303995 -1.35461
0.00148123 -0.00403023 -1.35479
0.0018601 -0.00498256 -1.35505
0.00225598 -0.00588965 -1.35541
0.00263748 -0.00675224 -1.35586
0.00302 -0.00756983 -1.35639
0.00338671 -0.0083461 -1.357
0.00374374 -0.00906036 -1.35769
0.00406549 -0.00971088 -1.35846
0.00437168 -0.0102827 -1.35927
0.00464759 -0.0107229 -1.36009
0.00489505 -0.0110242 -1.36094
0.00511589 -0.0112054 -1.36179
0.00531316 -0.011287 -1.36266
0.00548517 -0.0112752 -1.36352
0.00562435 -0.0111767 -1.36438
0.00570968 -0.0110384 -1.36523
0.00574588 -0.0108783 -1.36604
0.0057372 -0.0107051 -1.36679
0.00566777 -0.0104725 -1.36746
0.00552257 -0.0102045 -1.36803
0.00531851 -0.00989296 -1.36849
0.00508973 -0.0095808 -1.36885
0.0048457 -0.00927841 -1.36913
0.00459483 -0.00900426 -1.36936
0.00434625 -0.00873523 -1.36952
0.00412129 -0.00849022 -1.36961
0.00394355 -0.00828163 -1.36965
0.00380841 -0.00812899 -1.36965
0.00370694 -0.00804386 -1.36959
0.00363625 -0.00799884 -1.36948
0.00362852 -0.00802183 -1.36933
0.00368939 -0.00810415 -1.36913
0.00381573 -0.0082435 -1.36889
0.00397225 -0.00842123 -1.36863
0.00417428 -0.00862204 -1.36833
0.0044285 -0.00884225 -1.36801
0.00472337 -0.00906563 -1.36766
0.00506033 -0.00927203 -1.3673
0.00545364 -0.00943703 -1.3669
0.00586406 -0.0095676 -1.36649
0.00630589 -0.00967988 -1.36608
0.00674083 -0.00977215 -1.36565
0.00720614 -0.00989879 -1.36522
0.00768175 -0.0100569 -1.36481
0.00816367 -0.0102505 -1.36443
0.00868319 -0.0104551 -1.36405
0.00920168 -0.0106123 -1.36368
0.00969262 -0.0107373 -1.36332
0.0101969 -0.0108652 -1.363
0.0107443 -0.0109694 -1.36272
0.0113064 -0.0110714 -1.36249
0.0118717 -0.0112217 -1.36231
0.0124573 -0.011421 -1.36217
0.0130382 -0.0116471 -1.36205
0.0136197 -0.0119046 -1.362
0.0141789 -0.0121862 -1.36196
0.014746 -0.0124479 -1.36194
0.0152934 -0.0126594 -1.36192
0.0158437 -0.0128359 -1.36191
0.0163706 -0.0130028 -1.3619
0.0168854 -0.0131635 -1.36191
0.0173547 -0.01331 -1.36191
0.0177943 -0.0134137 -1.3619
0.0181886 -0.0134913 -1.36189
0.018545 -0.0135625 -1.36186
0.0188555 -0.0136202 -1.36182
0.0191394 -0.0136784 -1.36179
0.0193745 -0.0137091 -1.36175
0.019592 -0.0137237 -1.36173
0.0197655 -0.0137321 -1.36174
0.0199353 -0.0137555 -1.36175
0.0200966 -0.0137848 -1.36177
0.0202417 -0.0138282 -1.36179
0.0203903 -0.0138613 -1.36179
0.0205485 -0.013865 -1.3618
0.0207359 -0.0138703 -1.36183
0.0209473 -0.0138757 -1.36187
0.0211809 -0.0139255 -1.3619
0.021454 -0.0140432 -1.36194
0.0217506 -0.0141887 -1.36199
0.022075 -0.0143249 -1.36205
0.0224183 -0.0144412 -1.36211
0.0228049 -0.0145559 -1.36219
0.023201 -0.014656 -1.36224
0.0236121 -0.0147676 -1.36227
0.024003 -0.0148827 -1.3623
0.0243773 -0.0150157 -1.36233
0.0247249 -0.0151132 -1.36233
0.0250461 -0.0151563 -1.36231
0.0253244 -0.0151451 -1.36226
0.0255688 -0.0151173 -1.36218
0.0257591 -0.0150631 -1.36204
0.0259217 -0.014958 -1.36187
0.0260381 -0.0148277 -1.36167
0.0261493 -0.0146584 -1.36143
0.0262291 -0.01448 -1.36116
0.0263068 -0.0143074 -1.36086
0.0263749 -0.0141107 -1.36054
0.026431 -0.0138637 -1.36019
0.026488 -0.0135765 -1.3598
0.0265553 -0.0132842 -1.35939
0.0266263 -0.0130331 -1.35898
0.0267456 -0.0128793 -1.35862
0.0269722 -0.0128661 -1.35833
0.0273058 -0.0129778 -1.35812
0.0277213 -0.0131797 -1.35798
0.0282117 -0.013426 -1.35791
0.0287738 -0.0136978 -1.35791
0.0293454 -0.0139676 -1.35797
0.0299031 -0.0142172 -1.35803
0.0303909 -0.0144791 -1.3581
0.0308201 -0.0147116 -1.35817
0.0311573 -0.0148616 -1.35825
0.0312351 -0.0147043 -1.35833
0.0311873 -0.0144026 -1.35844
0.031019 -0.0139018 -1.35857
0.0307272 -0.0131734 -1.35873
0.0303122 -0.0121778 -1.35894
0.0297987 -0.0109329 -1.35919
0.0292119 -0.00945394 -1.35943
0.0285245 -0.00776105 -1.35969
0.0277601 -0.00594883 -1.35995
0.0269481 -0.00411128 -1.36019
0.0261231 -0.00224443 -1.36042
0.0253185 -0.000372104 -1.36064
0.024526 0.00149529 -1.36086
0.0237848 0.00325038 -1.36109
0.023112 0.00478726 -1.36134
0.0224964 0.0061356 -1.36159
0.0219441 0.00729781 -1.36184
0.0218214 0.0077971 -1.36212
0.0214896 0.00843148 -1.36243
0.0212816 0.00876292 -1.36278
0.0211941 0.00889169 -1.36316
0.0212105 0.00891067 -1.36353
0.0213216 0.00885202 -1.3639
0.021504 0.0086846 -1.36427
0.021745 0.0083968 -1.3646
0.0223096 0.00785095 -1.36488
0.0229231 0.0073476 -1.36509
0.0233066 0.00707273 -1.3652
0.0237401 0.00682668 -1.36521
0.0242359 0.00657905 -1.3651
0.0247618 0.00630578 -1.3649
0.0252726 0.00596843 -1.3646
0.0257382 0.00559211 -1.36424
0.0261283 0.00518288 -1.36381
0.0264287 0.00477048 -1.36337
0.0266627 0.00438793 -1.36294
0.0268551 0.0040356 -1.36252
0.0270282 0.00369785 -1.3621
0.0271781 0.00332543 -1.36167
0.0273303 0.00291807 -1.36124
0.0274614 0.00244034 -1.36078
0.0275625 0.00188368 -1.36032
0.0275877 0.00125349 -1.35984
0.0275113 0.000573969 -1.35938
0.0273406 -0.000107411 -1.35891
0.0271171 -0.00075292 -1.35846
0.0268698 -0.00138566 -1.35799
0.026613 -0.00199158 -1.35751
0.0263815 -0.00258782 -1.35702
0.0261856 -0.00315703 -1.3565
0.0260527 -0.0036881 -1.35597
0.0259523 -0.00418859 -1.35546
0.0258781 -0.00463594 -1.35494
0.0258076 -0.00499738 -1.35441
0.0257522 -0.00527979 -1.3539
0.0257085 -0.00546733 -1.35341
0.0256677 -0.0055907 -1.35293
0.0256244 -0.00563213 -1.35247
0.0255698 -0.00559922 -1.35203
0.025511 -0.0054962 -1.35164
0.0255089 -0.00534718 -1.35132
0.0255579 -0.00517857 -1.35105
0.0257036 -0.00500606 -1.35085
0.0259661 -0.00483312 -1.35073
0.026353 -0.00469184 -1.35068
0.0268353 -0.00458169 -1.35069
0.027392 -0.00448896 -1.35079
0.0279945 -0.00438125 -1.35095
0.0286038 -0.00428172 -1.35116
0.0291829 -0.00420877 -1.35141
0.0297226 -0.00416618 -1.35172
0.0302284 -0.00416556 -1.35208
0.0307192 -0.00420376 -1.35247
0.0311822 -0.00430772 -1.35288
0.0316463 -0.00445534 -1.35329
0.0321037 -0.00463027 -1.35371
0.0325707 -0.00485149 -1.35412
0.0329865 -0.00511766 -1.35452
0.033351 -0.00544297 -1.35489
0.0336596 -0.00579995 -1.35523
0.0339146 -0.00614898 -1.35555
0.034123 -0.00649749 -1.35588
0.0342681 -0.00682195 -1.35619
0.0343578 -0.00715618 -1.35648
0.0344342 -0.00749359 -1.35676
0.0344828 -0.0078379 -1.35702
0.0345132 -0.00819063 -1.35727
0.0345695 -0.00853437 -1.35747
0.0346468 -0.0088632 -1.35766
0.0347487 -0.00918529 -1.35782
0.0348797 -0.00946807 -1.35792
0.0350209 -0.00972753 -1.35799
0.0351838 -0.00999115 -1.35802
0.0353298 -0.0102628 -1.35801
0.0354721 -0.0105736 -1.358
0.0355899 -0.0109232 -1.35796
0.0356805 -0.0112872 -1.3579
0.0357504 -0.0116446 -1.35782
0.0358328 -0.0120023 -1.35774
0.0359453 -0.0123606 -1.35767
0.0360922 -0.012733 -1.35758
0.0362747 -0.0131213 -1.3575
0.0365022 -0.0135288 -1.3574
0.0367644 -0.0139477 -1.35727
0.0370328 -0.0143722 -1.35711
0.0373087 -0.0147879 -1.35692
0.037574 -0.0151717 -1.35673
0.0378026 -0.0154842 -1.35652
0.0380016 -0.0156974 -1.35631
0.0381728 -0.0158459 -1.35614
0.0383274 -0.0159397 -1.35601
0.0384982 -0.0160044 -1.35591
0.0386568 -0.0160689 -1.35585
0.0388065 -0.0161298 -1.35582
0.0389652 -0.0161892 -1.35578
0.0391343 -0.0162015 -1.35573
0.0392816 -0.0161912 -1.35566
0.0394016 -0.0161589 -1.35557
0.0394631 -0.016101 -1.35547
0.0394494 -0.0160341 -1.35541
0.0393373 -0.015976 -1.35535
0.0391379 -0.0159363 -1.35534
0.0388625 -0.0158869 -1.35537
0.038511 -0.0158212 -1.35544
0.0381251 -0.0157503 -1.35553
0.0377371 -0.0156866 -1.35562
0.0373586 -0.0156262 -1.3557
0.0369861 -0.0155506 -1.35577
0.036602 -0.0154512 -1.35587
0.0361996 -0.0153091 -1.35596
0.0357839 -0.0151141 -1.35607
0.03535 -0.014896 -1.35622
0.0349342 -0.0146922 -1.35643
0.0345348 -0.0145163 -1.3567
0.0341634 -0.0143652 -1.35704
0.0338514 -0.0142169 -1.35742
0.0336238 -0.0140684 -1.35785
0.0336516 -0.0137618 -1.35832
0.0337643 -0.0134594 -1.35883
0.0339641 -0.0131353 -1.3594
0.0342433 -0.0126927 -1.36003
0.0345305 -0.0120812 -1.36074
0.0347453 -0.0113554 -1.36149
0.0347895 -0.0106574 -1.36227
0.0345981 -0.0100408 -1.36303
0.0342781 -0.00934927 -1.36375
0.0335552 -0.00905317 -1.36443
0.0325776 -0.00899444 -1.36502
0.0313994 -0.00917087 -1.3655
0.0300767 -0.00955841 -1.36587
0.0286384 -0.0101448 -1.36614
0.0271411 -0.0108651 -1.36631
0.0256366 -0.0116595 -1.36638
0.0241864 -0.0124858 -1.36638
0.0228549 -0.0133756 -1.36632
0.0217168 -0.0143431 -1.36622
0.0207996 -0.0153673 -1.36611
0.0200833 -0.0164079 -1.366
0.0195338 -0.0174465 -1.3659
0.0191299 -0.0184607 -1.36582
0.0188288 -0.0193761 -1.36577
0.0186391 -0.0201425 -1.36574
0.0186015 -0.0206618 -1.36569
0.018753 -0.0208184 -1.36562
0.0189373 -0.0209078 -1.36554
0.0193628 -0.0206154 -1.36547
0.0201232 -0.0197712 -1.36542
0.021054 -0.0186946 -1.3654
0.0220965 -0.0174277 -1.36541
0.0232862 -0.0159122 -1.36541
0.0245397 -0.0142046 -1.36539
0.0257828 -0.0123617 -1.36532
0.0269561 -0.0104737 -1.36518
0.0280196 -0.00857158 -1.36496
0.0289033 -0.00672639 -1.36465
0.0295777 -0.0049828 -1.36425
0.0300542 -0.00338376 -1.36378
0.0303309 -0.00199414 -1.36325
0.0304121 -0.000840808 -1.36269
0.0303727 2.03882e-05 -1.3621
0.0302475 0.000588929 -1.36152
0.0300662 0.000934411 -1.36092
0.0298401 0.00107512 -1.36035
0.029645 0.00105558 -1.35979
0.0295277 0.000892351 -1.35922
0.0294898 0.000636054 -1.35864
0.0295029 0.00033087 -1.35802
0.0295707 -4.72933e-05 -1.35737
0.0296723 -0.000488751 -1.35669
0.029747 -0.00097746 -1.35601
0.0297804 -0.00150276 -1.35538
0.0297787 -0.00205712 -1.35479
0.0297615 -0.00265858 -1.35426
0.0297346 -0.00331253 -1.35377
0.0297509 -0.00401932 -1.35332
0.0298453 -0.00479741 -1.35289
0.0300527 -0.00561042 -1.35247
0.0303607 -0.00646818 -1.35203
0.0307429 -0.00736678 -1.35158
0.0311895 -0.00830471 -1.35112
0.0316622 -0.00927068 -1.35068
0.0321519 -0.0102726 -1.35026
0.0325112 -0.0113801 -1.34989
0.0330241 -0.012355 -1.34958
0.0335246 -0.0133043 -1.34937
0.0340269 -0.0142462 -1.34923
0.034527 -0.0151771 -1.3492
0.0350276 -0.0160962 -1.34929
0.0355245 -0.0169658 -1.34952
0.0360197 -0.0177849 -1.3499
0.0365347 -0.0185363 -1.35042
0.0370707 -0.0191832 -1.35107
0.0376451 -0.0197444 -1.35184
0.0382406 -0.0202095 -1.3527
0.0388584 -0.0205772 -1.35363
0.0394865 -0.0208074 -1.35461
0.0401017 -0.0209062 -1.35565
0.0406895 -0.020885 -1.3567
0.0412351 -0.0207504 -1.35778
0.0417292 -0.0205061 -1.35888
0.0421694 -0.0201594 -1.36
0.0425486 -0.0197011 -1.3611
0.0428745 -0.0191674 -1.36218
0.0431405 -0.0185605 -1.36322
0.0433359 -0.0178742 -1.3642
0.043465 -0.0171989 -1.36512
0.0435447 -0.0165446 -1.36595
0.0435814 -0.0159281 -1.3667
0.0435775 -0.0153063 -1.36738
0.0435547 -0.0146871 -1.36795
0.0435242 -0.0140932 -1.36842
0.0435036 -0.013545 -1.36879
0.0435111 -0.0130617 -1.36908
0.0435626 -0.0126792 -1.36928
0.0436349 -0.012401 -1.36941
0.043715 -0.0122297 -1.36946
0.0438306 -0.0121765 -1.36945
0.043983 -0.0122356 -1.36938
0.0441656 -0.0123634 -1.36927
0.0443951 -0.0125457 -1.36911
0.0446905 -0.0127694 -1.36889
0.0450309 -0.0130058 -1.3686
0.045404 -0.0132829 -1.36825
0.0458375 -0.0135928 -1.36783
0.0463082 -0.0139067 -1.36736
0.0467878 -0.0141895 -1.36685
0.0472719 -0.0144417 -1.36631
0.0477605 -0.0147034 -1.36573
0.0482595 -0.0149562 -1.36514
0.0487577 -0.0152161 -1.3645
0.0492796 -0.0154969 -1.36386
0.0498241 -0.0157523 -1.3632
0.0503369 -0.0159656 -1.36254
0.0508469 -0.0161627 -1.3619
0.0513678 -0.0163309 -1.3613
0.0519094 -0.0165103 -1.36075
0.0524692 -0.0167022 -1.36025
0.0530272 -0.0169041 -1.35978
0.0535741 -0.0171338 -1.35935
0.0541261 -0.0173832 -1.35896
0.0546727 -0.0176398 -1.35862
0.0552063 -0.0178728 -1.35833
0.0557202 -0.0180843 -1.35809
0.0562123 -0.0182599 -1.35788
0.0566882 -0.0184254 -1.35771
0.0571153 -0.0186097 -1.3576
0.0574658 -0.018775 -1.35752
0.0577738 -0.0188942 -1.35746
0.0580374 -0.0189646 -1.35741
0.0582466 -0.018994 -1.35738
0.058409 -0.0190232 -1.35732
0.0585336 -0.0190526 -1.35725
0.0586333 -0.0190806 -1.35718
0.0586901 -0.0191237 -1.35711
0.0587041 -0.0192204 -1.35708
0.0586488 -0.019376 -1.35708
0.058515 -0.019572 -1.3571
0.0583185 -0.019783 -1.35715
0.0580886 -0.0199954 -1.35722
0.0578167 -0.0202262 -1.3573
0.0575367 -0.0204579 -1.35739
0.0572588 -0.0206932 -1.35751
0.0570151 -0.0209657 -1.35763
0.0567708 -0.0212769 -1.35778
0.0565344 -0.0216331 -1.35797
0.0563438 -0.0220092 -1.35819
0.0561454 -0.0223634 -1.35845
0.0559957 -0.0227058 -1.35874
0.0558766 -0.0230171 -1.35904
0.0557808 -0.0233081 -1.35938
0.055665 -0.0236009 -1.35974
0.0555828 -0.0239344 -1.3601
0.0554952 -0.0242899 -1.36047
0.0554106 -0.0246365 -1.36084
0.0553168 -0.024956 -1.36121
0.0552234 -0.0252704 -1.36157
0.0550743 -0.0255556 -1.36193
0.054924 -0.0257954 -1.36226
0.0547709 -0.0259983 -1.36255
0.0546283 -0.02613 -1.3628
0.0544997 -0.026189 -1.36305
0.0544394 -0.0262064 -1.36325
0.0543552 -0.0262273 -1.36343
0.0542897 -0.0262846 -1.36359
0.0542339 -0.0263653 -1.36373
0.0541771 -0.0264385 -1.36384
0.0541212 -0.0264897 -1.36394
0.0540353 -0.0265237 -1.364
0.0539564 -0.0265339 -1.36403
0.0538568 -0.0265302 -1.36403
0.0538237 -0.0265231 -1.36401
0.0538195 -0.0264934 -1.36395
0.0538781 -0.0264596 -1.36383
0.053984 -0.0264038 -1.36368
0.0541482 -0.0262955 -1.3635
0.0543003 -0.0261341 -1.36328
0.0544365 -0.0259423 -1.36302
0.0545455 -0.0257288 -1.36272
0.0546108 -0.0254535 -1.36238
0.0545943 -0.0251605 -1.36201
0.0545167 -0.0248668 -1.36161
0.0543505 -0.0244924 -1.36119
0.0540889 -0.0239475 -1.36074
0.0535086 -0.0229193 -1.36028
0.052802 -0.0217468 -1.3598
0.0519877 -0.0204661 -1.3593
0.051293 -0.019309 -1.35879
0.0504861 -0.0179503 -1.35829
0.0495307 -0.0162906 -1.35777
0.0484085 -0.0142724 -1.35725
0.0472063 -0.0120398 -1.3567
0.0459531 -0.00967397 -1.35615
0.0446951 -0.00731059 -1.35559
0.0435107 -0.00502596 -1.35502
0.0424263 -0.00288817 -1.35451
0.0412637 -0.000511854 -1.35409
0.0402046 0.00160026 -1.35379
0.0394842 0.00283382 -1.35357
0.0389055 0.00371658 -1.35343
0.0384492 0.00426747 -1.35335
0.038104 0.00455689 -1.3533
0.0378969 0.00463666 -1.35327
0.0378184 0.00447524 -1.35326
0.0378632 0.00408452 -1.3533
0.0378032 0.00392212 -1.3534
0.0378578 0.00361855 -1.35357
0.0379921 0.00319728 -1.35382
0.0384336 0.00234067 -1.35412
0.0389147 0.00140677 -1.35448
0.0394408 0.000488346 -1.35486
0.0399914 -0.00037474 -1.35523
0.0403649 -0.00104435 -1.3556
0.0407858 -0.00173428 -1.35597
0.0412485 -0.00244188 -1.35634
0.041702 -0.00317276 -1.35673
0.0421045 -0.00389952 -1.35713
0.0423976 -0.00462285 -1.35753
0.0425646 -0.00534517 -1.35793
0.0426228 -0.00609036 -1.35834
0.0425676 -0.00687198 -1.35875
0.0424511 -0.00767411 -1.35914
0.0422808 -0.00848988 -1.35951
0.0420628 -0.00930116 -1.35985
0.0417691 -0.0100984 -1.36015
0.0413703 -0.0108836 -1.36038
0.0408731 -0.0116291 -1.36055
0.0402755 -0.0123592 -1.36064
0.0395823 -0.0130674 -1.36067
0.0390469 -0.0138405 -1.36064
0.0382575 -0.0145169 -1.36057
0.0374527 -0.0151869 -1.36043
0.0366769 -0.015824 -1.36025
0.0361548 -0.0164555 -1.36003
0.0354656 -0.0169497 -1.35976
0.0348388 -0.0173445 -1.35943
0.0342656 -0.0176582 -1.35904
0.0337468 -0.0178933 -1.3586
0.0332767 -0.0180582 -1.35812
0.0328506 -0.0181675 -1.35761
0.0324824 -0.0182238 -1.35711
0.0321639 -0.0182443 -1.35662
0.0318934 -0.0182278 -1.35614
0.0316544 -0.0181752 -1.3557
0.031452 -0.0181285 -1.3553
0.0313035 -0.0180775 -1.35498
0.0312479 -0.0180657 -1.35474
0.0312646 -0.0180858 -1.35455
0.0313805 -0.0181661 -1.35444
0.0316048 -0.01831 -1.35437
0.031934 -0.0184988 -1.35439
0.0323453 -0.0187421 -1.35448
0.0328067 -0.019002 -1.35463
0.0332861 -0.0192923 -1.35485
0.0337722 -0.0196212 -1.35511
0.0342296 -0.0199773 -1.35541
0.0346688 -0.0203885 -1.35573
0.0350782 -0.0208505 -1.35609
0.0354645 -0.0213739 -1.35646
0.0358355 -0.021935 -1.35686
0.0361818 -0.0224919 -1.35728
0.0364969 -0.0230329 -1.35773
0.0367613 -0.0235547 -1.35817
0.036958 -0.0240685 -1.35862
0.0371106 -0.0245739 -1.35905
0.0372022 -0.0250462 -1.3595
0.0372279 -0.0254909 -1.35993
0.0371806 -0.0258826 -1.36034
0.0370848 -0.0261849 -1.36072
0.0369313 -0.0264215 -1.36106
0.0367524 -0.026595 -1.36135
0.0365318 -0.0267084 -1.36159
0.0362863 -0.0268004 -1.3618
0.0360266 -0.0268672 -1.36196
0.0357756 -0.0269025 -1.36207
0.0355301 -0.0268607 -1.36214
0.0352868 -0.0267589 -1.36219
0.0350167 -0.0266126 -1.36222
0.0347528 -0.0264237 -1.36222
0.0345117 -0.0262339 -1.36224
0.0342646 -0.0260686 -1.36226
0.0340255 -0.0259319 -1.36226
0.0337921 -0.0258153 -1.36225
0.033575 -0.0256845 -1.36224
0.0333708 -0.0255302 -1.36223
0.0331894 -0.0253328 -1.36221
0.0330423 -0.0251052 -1.36218
0.0329327 -0.0248431 -1.36211
0.0328656 -0.0245555 -1.36201
0.0328287 -0.0242507 -1.36188
0.0328156 -0.0239263 -1.36174
0.0328078 -0.0235706 -1.36158
0.0328013 -0.0231691 -1.36141
0.0327589 -0.0227256 -1.36125
0.0326609 -0.0222644 -1.36111
0.0325164 -0.0217927 -1.36095
0.0323577 -0.0213351 -1.36077
0.0321806 -0.0208835 -1.36057
0.0319712 -0.0204334 -1.36038
0.0317536 -0.0200064 -1.36018
0.0315387 -0.0195944 -1.35996
0.0313166 -0.0192038 -1.35974
0.0310887 -0.0188379 -1.35948
0.030848 -0.0184576 -1.35921
0.030557 -0.0180732 -1.35895
0.0301952 -0.0177113 -1.35867
0.0297682 -0.0174092 -1.35837
0.0292532 -0.0171624 -1.3581
0.0286485 -0.0169149 -1.35786
0.027971 -0.0166515 -1.35764
0.0272638 -0.0163632 -1.35744
0.0265594 -0.0160481 -1.35724
0.0258824 -0.0157618 -1.35703
0.0252448 -0.0155102 -1.35684
0.024695 -0.0152827 -1.35665
0.0241989 -0.0150375 -1.35649
0.0237324 -0.0147632 -1.35636
0.0232993 -0.0144544 -1.35629
0.0230065 -0.0140013 -1.35629
0.0227405 -0.0135603 -1.35638
0.0224949 -0.0131332 -1.35659
0.0222584 -0.0126129 -1.35689
0.0219972 -0.0119086 -1.35727
0.0216568 -0.0110295 -1.35776
0.0211561 -0.0100567 -1.35833
0.0204958 -0.00907942 -1.35893
0.01963 -0.00818918 -1.35954
0.0185837 -0.00749902 -1.36012
0.0173749 -0.00710035 -1.36061
0.0160192 -0.0070137 -1.361
0.0145497 -0.0071986 -1.36125
0.0129914 -0.00761152 -1.36137
0.0113734 -0.00816375 -1.36137
0.00973786 -0.00879516 -1.36127
0.00816893 -0.00943636 -1.36116
0.00664559 -0.00998134 -1.36104
0.00529369 -0.0107806 -1.36096
0.00404792 -0.0117449 -1.3609
0.00289872 -0.0128585 -1.36087
0.00185 -0.0140496 -1.36089
0.000897241 -0.0152495 -1.36089
0.000100269 -0.0163633 -1.36084
-0.000497525 -0.0172106 -1.36068
-0.00115164 -0.0179914 -1.36042
-0.00154211 -0.0183345 -1.36007
-0.00131881 -0.0179378 -1.35966
-0.000833898 -0.0172144 -1.35927
-9.29927e-05 -0.0162098 -1.35894
0.000854419 -0.0148718 -1.35872
0.00196376 -0.0133017 -1.3586
0.00314495 -0.0116024 -1.35859
0.0041842 -0.0100788 -1.35865
0.00510545 -0.00862446 -1.35874
0.00587366 -0.00723173 -1.35877
0.00646054 -0.0058843 -1.35871
0.00684422 -0.00457977 -1.35856
0.00723763 -0.00302038 -1.35831
0.00748689 -0.00162723 -1.35798
0.00757788 -0.000482699 -1.35756
0.00753297 0.000405452 -1.35709
0.00711338 0.000548993 -1.3566
0.00663597 0.000411246 -1.35609
0.00612685 5.54115e-05 -1.35557
0.00560347 -0.000428137 -1.35504
0.00506259 -0.000953013 -1.35448
0.00449437 -0.00146462 -1.35387
0.00391222 -0.00197831 -1.35324
0.00340963 -0.00220893 -1.35264
0.00289452 -0.0024653 -1.35208
0.00239167 -0.0027712 -1.35152
0.0018924 -0.00310442 -1.35096
0.00143489 -0.00345967 -1.35045
0.00102393 -0.00386367 -1.34998
0.000666402 -0.00431006 -1.34952
0.000388974 -0.00479212 -1.34905
0.00018638 -0.00530515 -1.34859
3.78343e-05 -0.00583928 -1.34814
-6.23724e-05 -0.00640358 -1.34772
-0.000120731 -0.00698033 -1.34729
-0.000120871 -0.00761419 -1.34688
-9.07838e-05 -0.00834661 -1.34652
1.30591e-06 -0.00912159 -1.3462
0.000148821 -0.0099115 -1.34594
0.000340198 -0.0106939 -1.34575
0.000580444 -0.0115039 -1.34561
0.00086972 -0.0123423 -1.34555
0.0011979 -0.0131989 -1.34554
0.00156145 -0.0140462 -1.34561
0.00192237 -0.0148867 -1.34576
0.00229884 -0.0157054 -1.346
0.00268765 -0.0165023 -1.34631
0.00304953 -0.0172314 -1.34672
0.00341092 -0.0178935 -1.34724
0.00373812 -0.018449 -1.34788
0.00407332 -0.0189388 -1.34859
0.00439988 -0.0193487 -1.34935
0.00471515 -0.0196767 -1.35016
0.00502327 -0.019899 -1.35102
0.00531066 -0.0200147 -1.35191
0.00557959 -0.0200378 -1.35281
0.00580776 -0.019968 -1.35368
0.00598637 -0.0197862 -1.35455
0.00610797 -0.0195357 -1.3554
0.00615416 -0.0192262 -1.35621
0.00610703 -0.0188765 -1.35697
0.00599297 -0.0185488 -1.3577
0.00581514 -0.0182492 -1.35836
0.00557079 -0.0179296 -1.35896
0.00524887 -0.0175844 -1.35947
0.00488357 -0.017213 -1.35988
0.00451687 -0.0168687 -1.36018
0.00412592 -0.0165614 -1.3604
0.00371914 -0.0163075 -1.36054
0.00328745 -0.0161054 -1.36059
0.00288116 -0.0159588 -1.36055
0.00252144 -0.0158707 -1.36045
0.00218489 -0.0158446 -1.3603
0.0018612 -0.0158976 -1.3601
0.00157693 -0.0159921 -1.35984
0.00137539 -0.0161375 -1.35956
0.00123536 -0.0163302 -1.35925
0.00117996 -0.0165895 -1.35893
0.00114768 -0.0169015 -1.35858
0.00120472 -0.0172186 -1.35823
0.00131873 -0.0175555 -1.35786
0.00152336 -0.0179021 -1.35747
0.00176494 -0.0182357 -1.35706
0.00207439 -0.0185534 -1.35661
0.0024354 -0.0188594 -1.35615
0.0028681 -0.0191479 -1.3557
0.00331989 -0.0194543 -1.35525
0.00381265 -0.0197917 -1.35481
0.00431967 -0.0201439 -1.3544
0.0048668 -0.0204857 -1.35401
0.00540219 -0.0208235 -1.35364
0.00592726 -0.0211527 -1.35329
0.00647675 -0.0214758 -1.35295
0.00703813 -0.0217781 -1.35264
0.00759809 -0.0220769 -1.35239
0.00813663 -0.0223863 -1.35216
0.00867363 -0.0226994 -1.35196
0.00921564 -0.0229915 -1.3518
0.00973137 -0.0232898 -1.35169
0.0102171 -0.0236369 -1.3516
0.0106768 -0.0239907 -1.35151
0.0111294 -0.0243182 -1.35142
0.0115624 -0.0246321 -1.35134
0.0119791 -0.0249564 -1.35128
0.0123419 -0.0252555 -1.35121
0.0127057 -0.0254998 -1.35114
0.01301 -0.025708 -1.35106
0.0132809 -0.0258882 -1.35098
0.0134771 -0.0260794 -1.35091
0.0136303 -0.0262867 -1.35083
0.0137096 -0.0264948 -1.35075
0.013764 -0.0267153 -1.3507
0.0137706 -0.0269435 -1.35067
0.0137542 -0.0271451 -1.35067
0.0136897 -0.0273153 -1.3507
0.0136485 -0.0274627 -1.35073
0.013605 -0.0276045 -1.35075
0.0135862 -0.0277498 -1.35076
0.0135947 -0.0278907 -1.35076
0.0136449 -0.0280137 -1.35075
0.0137585 -0.0281204 -1.35077
0.0138994 -0.028214 -1.35082
0.0140619 -0.0283388 -1.3509
0.0142782 -0.0284828 -1.351
0.0145326 -0.0286519 -1.35114
0.0147867 -0.0288014 -1.35128
0.0150449 -0.028905 -1.35142
0.0153177 -0.0289785 -1.35156
0.0155983 -0.0290373 -1.35169
0.015907 -0.0291077 -1.35179
0.0162254 -0.0291881 -1.35188
0.0165544 -0.0292955 -1.35193
0.016889 -0.0293736 -1.35193
0.0172319 -0.0294071 -1.3519
0.0175717 -0.0294013 -1.35184
0.0178685 -0.0293852 -1.35177
0.0181574 -0.0293547 -1.35166
0.0183975 -0.0293017 -1.35151
0.0185643 -0.0291841 -1.35134
0.0186693 -0.0290341 -1.35113
0.0187718 -0.0288684 -1.35091
0.0188402 -0.0287 -1.35063
0.018883 -0.0285033 -1.35029
0.0189123 -0.0282491 -1.3499
0.0189703 -0.0279561 -1.34945
0.0190646 -0.0276689 -1.34898
0.0191831 -0.0274554 -1.3485
0.0193609 -0.0273363 -1.34805
0.0195508 -0.0273298 -1.34766
0.019796 -0.0274363 -1.34734
0.0200862 -0.027608 -1.3471
0.0204036 -0.027807 -1.34692
0.0207045 -0.0280032 -1.3468
0.0210102 -0.0281975 -1.34671
0.0212985 -0.0283686 -1.34664
0.0215021 -0.0284713 -1.34658
0.0215866 -0.0285036 -1.34655
0.0215725 -0.028458 -1.34653
0.0214484 -0.028306 -1.34654
0.0211958 -0.027975 -1.34659
0.0208008 -0.0274142 -1.34671
0.0202533 -0.0265939 -1.3469
0.0195147 -0.0254706 -1.34713
0.0185289 -0.0239575 -1.34743
0.0174448 -0.0222436 -1.34776
0.0163011 -0.020356 -1.34813
0.0151507 -0.0183087 -1.34852
0.0140308 -0.016132 -1.34893
0.0127518 -0.0135856 -1.34936
0.0115626 -0.0110007 -1.34981
0.0104816 -0.00849027 -1.35028
0.00950347 -0.00619414 -1.3508
0.00904998 -0.00484425 -1.35136
0.0087633 -0.0038879 -1.35194
0.00865352 -0.00330074 -1.35254
0.00830222 -0.00260031 -1.35314
0.00804625 -0.00220458 -1.35371
0.00789116 -0.00202959 -1.35427
0.00781294 -0.00201016 -1.35481
0.00779453 -0.00216761 -1.35533
0.00785457 -0.00243333 -1.35585
0.00797783 -0.00279417 -1.35631
0.00815627 -0.00323698 -1.35669
0.00839365 -0.00377842 -1.35699
0.00869127 -0.00442001 -1.35719
0.008986 -0.00511877 -1.35729
0.00930434 -0.00580809 -1.35728
0.0095988 -0.00644465 -1.35715
0.00986527 -0.00699498 -1.35692
0.0100961 -0.00746737 -1.35659
0.0102703 -0.00790487 -1.35618
0.0103978 -0.00836 -1.35568
0.0104796 -0.00884182 -1.35512
0.0105086 -0.00935553 -1.35453
0.0104348 -0.00987599 -1.35394
0.0102605 -0.0103669 -1.35336
0.0101316 -0.0109426 -1.35279
0.00992154 -0.0114445 -1.35221
0.00965953 -0.011892 -1.35161
0.00935802 -0.0123031 -1.351
0.00882997 -0.0125676 -1.35037
0.00829895 -0.0128734 -1.34972
0.00777079 -0.0132182 -1.34907
0.00723743 -0.0136103 -1.34841
0.00669903 -0.0139984 -1.34774
0.0061419 -0.0143594 -1.34706
0.00558326 -0.0146605 -1.3464
0.00503879 -0.0149126 -1.34573
0.00448585 -0.0150803 -1.34506
0.00394627 -0.0151944 -1.3444
0.00340717 -0.015251 -1.34378
0.00289434 -0.0152551 -1.34316
0.00240698 -0.0152025 -1.34255
0.00195568 -0.015086 -1.34198
0.00155979 -0.0148854 -1.34146
0.00122851 -0.0146161 -1.34099
0.000981774 -0.0142877 -1.34058
0.000843656 -0.0139516 -1.34026
0.000802744 -0.0135884 -1.34002
0.000859788 -0.0132249 -1.33987
0.00100408 -0.0128445 -1.33979
0.00120506 -0.0124858 -1.3398
0.00144712 -0.0121465 -1.33988
0.0017123 -0.0118337 -1.34005
0.00199855 -0.0115302 -1.3403
0.0022796 -0.0112515 -1.34061
0.00255115 -0.0109846 -1.34098
0.00279753 -0.0107659 -1.3414
0.00303003 -0.0106005 -1.34185
0.00323945 -0.0104859 -1.34231
0.00341601 -0.0104146 -1.34279
0.00357107 -0.0103545 -1.34328
0.00369585 -0.0103442 -1.34376
0.00378563 -0.0103713 -1.34423
0.00382412 -0.0104413 -1.34467
0.00382179 -0.0105182 -1.34507
0.0037625 -0.0105661 -1.34543
0.00365726 -0.0106139 -1.34575
0.00351835 -0.0106737 -1.34603
0.00331379 -0.0107288 -1.34631
0.00307143 -0.0108094 -1.34657
0.00278843 -0.0108888 -1.34682
0.00247427 -0.0109497 -1.34708
0.00215177 -0.0109754 -1.34733
0.00183104 -0.0109666 -1.34755
0.00153868 -0.0109112 -1.34772
0.0012513 -0.0108098 -1.34783
0.000988699 -0.0106925 -1.34789
0.000740081 -0.0105748 -1.34788
0.000522315 -0.0104731 -1.34783
0.00029499 -0.010402 -1.34774
5.03349e-05 -0.0103499 -1.34761
-0.000173081 -0.010322 -1.34745
-0.000369712 -0.0102862 -1.34728
-0.000557928 -0.0102295 -1.34708
-0.000712904 -0.0101471 -1.34686
-0.000814838 -0.0100595 -1.34664
-0.000860378 -0.0100074 -1.34642
-0.000862829 -0.0100303 -1.34616
-0.000817672 -0.0101167 -1.3459
-0.000732265 -0.0102365 -1.34561
-0.000627808 -0.0103697 -1.34534
-0.000491661 -0.0104774 -1.34506
-0.000336176 -0.0105114 -1.34481
-0.000155574 -0.0104362 -1.34454
4.23206e-05 -0.0103011 -1.34429
0.000256586 -0.010133 -1.34408
0.000488433 -0.0099765 -1.34391
0.000739915 -0.00985483 -1.34376
0.000997528 -0.0097611 -1.34365
0.0012611 -0.00967275 -1.34355
0.00153809 -0.00958006 -1.34347
0.00181542 -0.00946568 -1.3434
0.00209443 -0.00933283 -1.34332
0.00237733 -0.00922994 -1.34323
0.00266044 -0.00913719 -1.34315
0.00291836 -0.00906342 -1.34309
0.00313294 -0.00900188 -1.34302
0.00330787 -0.0089361 -1.34296
0.00341601 -0.00887801 -1.3429
0.00347939 -0.00882632 -1.34286
0.00348304 -0.0087909 -1.34285
0.00344421 -0.00875484 -1.34286
0.00337322 -0.0087121 -1.34289
0.00326651 -0.00863046 -1.34295
0.00314507 -0.00849117 -1.34303
0.00302336 -0.00829217 -1.34313
0.00290662 -0.00805718 -1.34325
0.0028015 -0.00780193 -1.34335
0.00273488 -0.00752534 -1.34344
0.00271006 -0.00723421 -1.34353
0.00270855 -0.00689199 -1.34361
0.00270313 -0.00649634 -1.34374
0.00270019 -0.00606199 -1.34393
0.00270056 -0.00560301 -1.34418
0.00275238 -0.00514741 -1.34447
0.00288571 -0.00465831 -1.34482
0.00305375 -0.00415212 -1.34524
0.00322322 -0.00351605 -1.34573
0.00330791 -0.00273798 -1.34629
0.00322036 -0.00186828 -1.34689
0.00290977 -0.000989986 -1.3475
0.00232187 -0.000235344 -1.34808
0.00148443 0.00026576 -1.34859
0.000427494 0.000463115 -1.34898
-0.000830095 0.000307454 -1.34923
-0.00226025 -0.000261837 -1.34936
-0.00382215 -0.00119661 -1.34934
-0.00546298 -0.00242668 -1.34921
-0.00712296 -0.00391995 -1.34902
-0.00870681 -0.00566906 -1.3488
-0.0101207 -0.00762979 -1.34853
-0.0112695 -0.00964965 -1.34827
-0.0121461 -0.0115636 -1.34805
-0.0127665 -0.0132925 -1.34785
-0.0131796 -0.0148348 -1.34771
-0.0134056 -0.0162057 -1.34759
-0.0134341 -0.0173394 -1.34748
-0.0132489 -0.0181802 -1.34737
-0.0131282 -0.0190022 -1.34721
-0.0127739 -0.0194428 -1.34702
-0.0121851 -0.0194518 -1.34686
-0.011152 -0.018718 -1.34673
-0.00994043 -0.0176222 -1.34664
-0.00855227 -0.0162034 -1.34659
-0.00698222 -0.0144434 -1.34652
-0.0052994 -0.0123809 -1.34646
-0.00358481 -0.0101586 -1.34638
-0.00194132 -0.00795388 -1.34627
-0.00048119 -0.00584484 -1.34611
0.000408606 -0.00434544 -1.34592
0.00101406 -0.00306803 -1.34566
0.00131292 -0.0020208 -1.34534
0.00166212 -0.000789673 -1.34494
0.00178414 0.000164932 -1.34449
0.00175785 0.0008024 -1.34399
0.00159931 0.00114024 -1.34347
0.00100475 0.000792707 -1.34293
0.00037097 0.000211156 -1.34239
-0.000263886 -0.000539757 -1.34186
-0.000872967 -0.00139426 -1.34136
-0.0014708 -0.00231343 -1.34085
-0.0020552 -0.00326351 -1.34034
-0.00251277 -0.00394537 -1.33985
-0.00298372 -0.00465873 -1.33935
-0.00346049 -0.00541174 -1.33883
-0.00395001 -0.00621034 -1.33832
-0.00446192 -0.00700911 -1.33782
-0.00498835 -0.00781228 -1.33734
-0.00551927 -0.00862074 -1.33691
-0.00600312 -0.00941648 -1.33649
-0.00640504 -0.0102168 -1.3361
-0.00672282 -0.0110306 -1.33574
-0.00693169 -0.0118914 -1.33537
-0.00702645 -0.0128136 -1.33499
-0.0070274 -0.0137675 -1.33458
-0.00694452 -0.0147643 -1.33418
-0.00677056 -0.0157899 -1.33377
-0.00653995 -0.0168162 -1.33339
-0.00626287 -0.0178588 -1.33305
-0.00594607 -0.0189205 -1.33279
-0.00558247 -0.0199978 -1.3326
-0.00518817 -0.0210661 -1.33252
-0.00477309 -0.0221515 -1.33255
-0.00435803 -0.0232396 -1.33269
-0.00392634 -0.02433 -1.33295
-0.00349304 -0.0254146 -1.33331
-0.0030648 -0.0264384 -1.33377
-0.00261225 -0.0273835 -1.33433
-0.00214694 -0.0282403 -1.33498
-0.00166525 -0.0290125 -1.3357
-0.00118881 -0.0296835 -1.33647
-0.000719997 -0.0302772 -1.33723
-0.00029826 -0.0307729 -1.33802
4.987e-05 -0.0311743 -1.33881
0.000308953 -0.0314512 -1.33959
0.000461654 -0.0316236 -1.34035
0.000507427 -0.0316822 -1.3411
0.00045117 -0.0316545 -1.34184
0.000283619 -0.0315471 -1.34256
-1.30055e-05 -0.0314043 -1.34322
-0.000392623 -0.0312871 -1.34384
-0.000850936 -0.0311649 -1.34438
-0.00137373 -0.0310208 -1.34482
-0.00196199 -0.0308484 -1.34518
-0.00259287 -0.030669 -1.34544
-0.00321361 -0.0305154 -1.34562
-0.00383134 -0.0303863 -1.34572
-0.0044587 -0.0303139 -1.34576
-0.00507331 -0.030294 -1.3457
-0.00566619 -0.0303019 -1.34557
-0.00622962 -0.0303531 -1.34537
-0.00676037 -0.0304527 -1.34514
-0.00723939 -0.0306132 -1.34488
-0.0076736 -0.0308006 -1.34461
-0.00801964 -0.0310641 -1.34433
-0.00829807 -0.0313845 -1.34404
-0.00849911 -0.0317529 -1.34377
-0.00859183 -0.0321469 -1.34348
-0.00860797 -0.0325201 -1.34318
-0.00851535 -0.0328845 -1.34283
-0.00838262 -0.033216 -1.34245
-0.00816175 -0.0334774 -1.34206
-0.00789279 -0.0337024 -1.34165
-0.00755284 -0.0339036 -1.34126
-0.00719491 -0.0340943 -1.34086
-0.00678029 -0.0342864 -1.34048
-0.00634472 -0.0344939 -1.34011
-0.00585643 -0.0347229 -1.33977
-0.00535648 -0.0349193 -1.33944
-0.00482558 -0.0351151 -1.33915
-0.00428481 -0.0353501 -1.33888
-0.00373552 -0.0355963 -1.33865
-0.00319146 -0.0358252 -1.33844
-0.00262798 -0.0360496 -1.33828
-0.00209555 -0.0362658 -1.33815
-0.00156159 -0.0364696 -1.33807
-0.00107286 -0.0366752 -1.33805
-0.000614032 -0.0368845 -1.33805
-0.000211598 -0.0371255 -1.33807
0.000166778 -0.0373831 -1.3381
0.000504562 -0.0376813 -1.33813
0.000829701 -0.0380009 -1.33817
0.00112255 -0.0383173 -1.3382
0.00140449 -0.0386093 -1.33822
0.00162307 -0.0388099 -1.33824
0.0018221 -0.0389535 -1.33825
0.00195286 -0.0390597 -1.33825
0.00204157 -0.0391528 -1.33825
0.00206591 -0.0392578 -1.33829
0.00203043 -0.039401 -1.33835
0.00195411 -0.0395577 -1.33842
0.00186266 -0.0397248 -1.33851
0.00177145 -0.0398756 -1.33863
0.00169705 -0.0399798 -1.33876
0.00164642 -0.0400348 -1.33888
0.00162747 -0.0400594 -1.339
0.00161898 -0.0400877 -1.33912
0.00166088 -0.0401501 -1.33926
0.00175382 -0.0402468 -1.33938
0.00188224 -0.0403521 -1.33952
0.00207982 -0.0404448 -1.33966
0.0023046 -0.0405061 -1.33984
0.00257931 -0.0405524 -1.34003
0.00287653 -0.0406003 -1.34022
0.00321884 -0.0406704 -1.34038
0.00356147 -0.0407387 -1.34053
0.00393109 -0.0407789 -1.34066
0.00427627 -0.040796 -1.34076
0.00462037 -0.0407871 -1.34085
0.00495029 -0.0407677 -1.3409
0.00531586 -0.0407321 -1.34093
0.00565088 -0.0406596 -1.34092
0.00595852 -0.0405292 -1.34089
0.00622722 -0.0403191 -1.34083
0.00645647 -0.0400372 -1.34073
0.00653666 -0.0395615 -1.34057
0.00661578 -0.0390659 -1.34035
0.0066585 -0.0385339 -1.34004
0.00670828 -0.0379381 -1.33967
0.00673665 -0.0372819 -1.33923
0.00683146 -0.0366519 -1.33878
0.00699776 -0.0360819 -1.33838
0.0072868 -0.0356333 -1.33802
0.00760553 -0.0353461 -1.33774
0.00805613 -0.0351803 -1.33753
0.00859985 -0.0351446 -1.33741
0.00926825 -0.0352332 -1.33734
0.0100002 -0.0354557 -1.33733
0.0108156 -0.0358084 -1.33736
0.0116735 -0.0362665 -1.33744
0.0125427 -0.0368 -1.33758
0.0135297 -0.0375039 -1.33776
0.0144482 -0.0382921 -1.33798
0.0152542 -0.0391127 -1.33822
0.0157485 -0.0397507 -1.33846
0.0161099 -0.0402976 -1.33875
0.0163163 -0.0406985 -1.33906
0.0163607 -0.0408569 -1.3394
0.0162518 -0.0407337 -1.33976
0.0159783 -0.0403239 -1.34013
0.0155558 -0.0396602 -1.34049
0.014994 -0.0387101 -1.34085
0.014359 -0.0375383 -1.34118
0.013547 -0.0360366 -1.34148
0.0126087 -0.0342549 -1.34177
0.0115553 -0.0323134 -1.34206
0.0103754 -0.0302928 -1.34239
0.00911257 -0.0282384 -1.34275
0.00785572 -0.0261977 -1.34316
0.00658752 -0.0241542 -1.34361
0.00535654 -0.0221737 -1.34411
0.00425344 -0.0204232 -1.3446
0.0033633 -0.0190117 -1.34508
0.00268757 -0.0179217 -1.34552
0.00220523 -0.0171445 -1.34593
0.00190167 -0.0167178 -1.34628
0.00176357 -0.0166372 -1.3466
0.00175264 -0.0168325 -1.34687
0.00183552 -0.0172037 -1.34715
0.00197249 -0.0176215 -1.3474
0.00214123 -0.0180259 -1.34765
0.00231631 -0.0183941 -1.34789
0.00251335 -0.0187824 -1.3481
0.00276322 -0.0192605 -1.34826
0.00307246 -0.0197941 -1.34838
0.00343962 -0.0203323 -1.34844
0.0038611 -0.0208223 -1.34843
0.00428239 -0.0212256 -1.34836
0.00470482 -0.0216016 -1.34822
0.00509413 -0.0219783 -1.348
0.00542803 -0.0223899 -1.34773
0.00567443 -0.0228444 -1.34742
0.00586901 -0.0233203 -1.34709
0.00599578 -0.0238356 -1.34675
0.00606189 -0.0243683 -1.34645
0.00618127 -0.0250985 -1.34619
0.00627345 -0.0258118 -1.34595
0.00632385 -0.0265057 -1.3457
0.00632863 -0.0271927 -1.34543
0.00610578 -0.0277466 -1.34513
0.00582307 -0.028364 -1.3448
0.00546434 -0.029041 -1.34441
0.0050264 -0.0297575 -1.34402
0.00452215 -0.030484 -1.34358
0.0039408 -0.0312135 -1.34312
0.00333119 -0.0318799 -1.34263
0.00270123 -0.0324974 -1.34209
0.00205523 -0.0330267 -1.3415
0.00140864 -0.033484 -1.34088
0.000787395 -0.0338357 -1.34022
0.000215735 -0.0341182 -1.33955
-0.000306826 -0.0343199 -1.33885
-0.000606361 -0.034428 -1.33815
-0.000862217 -0.0344231 -1.33747
-0.00125967 -0.0343185 -1.33679
-0.00159705 -0.0340924 -1.33614
-0.00187465 -0.0337882 -1.33554
-0.00208779 -0.0334461 -1.33501
-0.00220514 -0.0330796 -1.33453
-0.00222399 -0.0327182 -1.33412
-0.00214867 -0.0323692 -1.33379
-0.00197345 -0.0320576 -1.33354
-0.00168885 -0.0317378 -1.33337
-0.001313 -0.0314125 -1.33327
-0.000780576 -0.0311513 -1.33324
-0.000236054 -0.0309291 -1.3333
0.000300174 -0.0307471 -1.3334
0.000823252 -0.0306057 -1.33354
0.00132244 -0.0305163 -1.33373
0.00171387 -0.0304405 -1.33396
0.00207369 -0.0304236 -1.33421
0.00240702 -0.0304642 -1.33448
0.00269965 -0.0305837 -1.33479
0.00296107 -0.0307823 -1.33515
0.00316539 -0.0310129 -1.33554
0.00331859 -0.0312453 -1.33596
0.00343078 -0.0314917 -1.33639
0.00347597 -0.0317585 -1.33682
0.00355743 -0.0320205 -1.33726
0.00359062 -0.0322945 -1.33772
0.00348103 -0.0325897 -1.33821
0.0033163 -0.0328897 -1.33872
0.00310435 -0.03319 -1.33924
0.00285756 -0.0335061 -1.33975
0.00259863 -0.0338191 -1.34024
0.0023427 -0.0341022 -1.34071
0.00208897 -0.0343335 -1.34115
0.00182943 -0.0345239 -1.34156
0.00159922 -0.034685 -1.34193
0.00137923 -0.034826 -1.34225
0.0011743 -0.0349368 -1.34252
0.000955344 -0.0350789 -1.34274
0.000731864 -0.0352351 -1.3429
0.000513831 -0.0353822 -1.343
0.000283561 -0.0355176 -1.34308
3.95929e-05 -0.0356241 -1.34314
-0.000195283 -0.0357078 -1.34319
-0.000421165 -0.0357503 -1.34324
-0.000615332 -0.0357705 -1.34327
-0.000767516 -0.03578 -1.34328
-0.000882589 -0.0358043 -1.34326
-0.000935629 -0.0358487 -1.34321
-0.000910461 -0.0358639 -1.3431
-0.000820486 -0.0358189 -1.34298
-0.000669247 -0.0356916 -1.34283
-0.000458323 -0.0354775 -1.34267
-0.00020717 -0.0351923 -1.34249
6.91657e-05 -0.0348674 -1.34227
0.000362341 -0.0345542 -1.34206
0.00066748 -0.0343081 -1.34184
0.000972308 -0.0341295 -1.34162
0.00127626 -0.0339884 -1.34142
0.0015858 -0.0338503 -1.34124
0.00189535 -0.033676 -1.34106
0.00221066 -0.033492 -1.34087
0.00254383 -0.0332943 -1.34067
0.00288764 -0.0331046 -1.34045
0.00323298 -0.032935 -1.34018
0.00356017 -0.0328038 -1.33988
0.00385856 -0.032727 -1.33959
