%roll pitch yaw
0.0188446 -0.00642287 -1.43861
0.0194798 -0.00724321 -1.43851
0.0199455 -0.00792791 -1.43834
0.0202999 -0.00864725 -1.43814
0.0205487 -0.00938581 -1.4379
0.0206968 -0.0100839 -1.43765
0.0207711 -0.0107769 -1.4374
0.0207718 -0.0114705 -1.43717
0.0207134 -0.0121639 -1.43692
0.0206239 -0.0128818 -1.43662
0.0204941 -0.0136388 -1.43629
0.0203231 -0.0144568 -1.43597
0.0200626 -0.0153495 -1.43566
0.0197298 -0.0162677 -1.43536
0.0193102 -0.0171667 -1.43507
0.0188557 -0.0180303 -1.43479
0.018368 -0.0188944 -1.4345
0.0178716 -0.0197563 -1.43418
0.0173943 -0.0205847 -1.43381
0.0169322 -0.0213752 -1.43339
0.0164766 -0.0221117 -1.43292
0.0160563 -0.0228083 -1.43243
0.0156601 -0.0234342 -1.43191
0.01531 -0.0239766 -1.43139
0.0149694 -0.0244317 -1.43087
0.014654 -0.0247837 -1.43033
0.0143627 -0.0250481 -1.42981
0.014097 -0.0252365 -1.42931
0.0138642 -0.0253672 -1.42885
0.0136817 -0.0254428 -1.42843
0.013564 -0.0254738 -1.42805
0.0135387 -0.0254567 -1.42775
0.0136016 -0.0254292 -1.42753
0.0137646 -0.025424 -1.42739
0.0140325 -0.0254368 -1.42734
0.0144043 -0.0254367 -1.42736
0.0148849 -0.0254412 -1.42745
0.0154199 -0.0254819 -1.42761
0.0159856 -0.0255933 -1.42782
0.0165531 -0.0257587 -1.4281
0.0171239 -0.0259641 -1.42843
0.0176799 -0.0262082 -1.42879
0.0181986 -0.0264728 -1.42921
0.0186854 -0.02676 -1.42969
0.0191442 -0.0270497 -1.43019
0.0195675 -0.0273729 -1.43071
0.0199399 -0.0277549 -1.43122
0.0202475 -0.0281851 -1.43173
0.0205125 -0.0286385 -1.4322
0.0206988 -0.0290936 -1.43266
0.0208151 -0.0295509 -1.43311
0.0208483 -0.0299991 -1.43357
0.0208033 -0.0304171 -1.43403
0.0206885 -0.0308003 -1.43449
0.0205139 -0.0311197 -1.43495
0.0202727 -0.0314145 -1.43538
0.0200004 -0.0317159 -1.43578
0.0197197 -0.0320072 -1.43616
0.0194306 -0.0323056 -1.43651
0.0191259 -0.0326146 -1.43681
0.0188277 -0.0328817 -1.43709
0.018542 -0.0331227 -1.43735
0.0182638 -0.033337 -1.43758
0.0179936 -0.0335396 -1.43778
0.0177484 -0.0337415 -1.43797
0.0175096 -0.0339181 -1.43814
0.0172769 -0.0341125 -1.43827
0.0170713 -0.0343448 -1.43839
0.0168928 -0.0346244 -1.43849
0.0167583 -0.0349491 -1.43858
0.0166388 -0.0352879 -1.43867
0.0165618 -0.0356153 -1.43876
0.0165043 -0.0358837 -1.43882
0.0164647 -0.0361018 -1.43885
0.0164615 -0.0362875 -1.43886
0.0164864 -0.0364715 -1.43885
0.0165516 -0.036648 -1.4388
0.0166365 -0.0367937 -1.43869
0.0167476 -0.0368875 -1.43854
0.0169026 -0.0369313 -1.43835
0.0170607 -0.0369152 -1.43815
0.0172069 -0.0368565 -1.43794
0.0173353 -0.0367822 -1.43772
0.0174372 -0.0366879 -1.43747
0.0174904 -0.0366073 -1.43723
0.0174945 -0.0365687 -1.43699
0.0174723 -0.036579 -1.43674
0.0174359 -0.0366352 -1.4365
0.0173781 -0.0366688 -1.43622
0.017299 -0.0366599 -1.43588
0.0172066 -0.0366045 -1.43549
0.017077 -0.0365319 -1.43506
0.0168739 -0.036474 -1.4346
0.0166135 -0.0364589 -1.43412
0.0162751 -0.036464 -1.43366
0.0158861 -0.0364441 -1.43324
0.0154552 -0.03637 -1.43285
0.0149857 -0.0362549 -1.43246
0.0145133 -0.0361155 -1.43209
0.0140892 -0.0359648 -1.43173
0.0137184 -0.0358134 -1.43139
0.0133943 -0.0356664 -1.43106
0.0131186 -0.0355004 -1.43078
0.0128746 -0.0352943 -1.43054
0.0126582 -0.0350626 -1.43039
0.0124748 -0.0348268 -1.43032
0.0123322 -0.034611 -1.43035
0.0122169 -0.0343865 -1.43047
0.012144 -0.0341517 -1.43071
0.0121287 -0.0338926 -1.43103
0.0121796 -0.0335973 -1.43142
0.0122898 -0.0332888 -1.43187
0.0124564 -0.0329534 -1.43236
0.0128081 -0.03237 -1.43288
0.0131866 -0.0317168 -1.43342
0.0134673 -0.0311184 -1.43399
0.0137417 -0.0305129 -1.43454
0.0139404 -0.0299685 -1.43503
0.0140439 -0.0295506 -1.43547
0.0139899 -0.0292923 -1.43583
0.0137846 -0.0291689 -1.4361
0.0134254 -0.0291308 -1.43631
0.0129106 -0.0291243 -1.43645
0.0122746 -0.0291223 -1.43655
0.0115823 -0.0291116 -1.43661
0.0108784 -0.0290743 -1.43665
0.0102068 -0.0290436 -1.43663
0.00961212 -0.0290146 -1.43657
0.0091339 -0.028943 -1.43644
0.00878214 -0.0287937 -1.43626
0.00856257 -0.0285154 -1.43604
0.00848974 -0.0280985 -1.43576
0.00857305 -0.0275012 -1.43544
0.00888309 -0.026566 -1.43512
0.00931733 -0.0254446 -1.4348
0.00983789 -0.0241505 -1.4345
0.0104251 -0.0227454 -1.43421
0.0110457 -0.0212639 -1.43394
0.0117326 -0.0196255 -1.43369
0.012439 -0.0179222 -1.43344
0.013149 -0.0161489 -1.43317
0.0138708 -0.014313 -1.43286
0.0144856 -0.0128056 -1.43251
0.0150783 -0.0113682 -1.43207
0.0156197 -0.0100841 -1.43156
0.0160891 -0.00904347 -1.43097
0.0164807 -0.00834716 -1.43032
0.016783 -0.00801671 -1.42964
0.0172295 -0.00754131 -1.42894
0.0175425 -0.00732217 -1.42821
0.0177301 -0.00728587 -1.42747
0.017805 -0.00739438 -1.42675
0.017601 -0.00792662 -1.42607
0.0173572 -0.00854767 -1.42542
0.0171057 -0.00923567 -1.42481
0.0168726 -0.0099772 -1.42429
0.0168442 -0.0105032 -1.42384
0.0168568 -0.0111175 -1.42345
0.0169091 -0.0117814 -1.42314
0.017031 -0.0124724 -1.42289
0.0171942 -0.0131523 -1.42269
0.017371 -0.013797 -1.42256
0.0175561 -0.0144065 -1.4225
0.0177811 -0.014959 -1.42248
0.018018 -0.0154708 -1.42253
0.018276 -0.0159672 -1.42268
0.0185651 -0.0164492 -1.42286
0.0189145 -0.0169514 -1.42311
0.019356 -0.0174332 -1.42342
0.0198894 -0.0179078 -1.42376
0.0203726 -0.0184615 -1.42415
0.0209278 -0.0189724 -1.42456
0.0215345 -0.0194119 -1.42498
0.0221486 -0.0198084 -1.42544
0.0227631 -0.0201819 -1.42592
0.0233507 -0.020524 -1.42644
0.0238949 -0.0208078 -1.42701
0.0245509 -0.0209906 -1.42762
0.0251736 -0.0211242 -1.42829
0.0257653 -0.0212361 -1.42901
0.0263473 -0.0213045 -1.42977
0.0269193 -0.0213343 -1.43059
0.0274863 -0.0213286 -1.43144
0.0280605 -0.0213046 -1.4323
0.0286489 -0.0212268 -1.4332
0.0292303 -0.0210783 -1.43409
0.0297758 -0.0208585 -1.43495
0.0302805 -0.0205814 -1.43581
0.0307305 -0.0202333 -1.43664
0.0311052 -0.0198176 -1.43743
0.0314187 -0.019394 -1.43816
0.0316856 -0.0189734 -1.43885
0.0318752 -0.0185531 -1.43947
0.0319851 -0.0181355 -1.44
0.0320415 -0.0177389 -1.44047
0.03207 -0.017341 -1.44086
0.032071 -0.0169333 -1.44114
0.0320465 -0.0165128 -1.44133
0.0320141 -0.0161104 -1.44144
0.0319955 -0.0157501 -1.44149
0.0319775 -0.0154303 -1.44148
0.0319503 -0.0151709 -1.44142
0.0319401 -0.0149494 -1.44131
0.031954 -0.0147702 -1.44117
0.0320073 -0.0146197 -1.44101
0.0320913 -0.0145048 -1.44086
0.0322233 -0.0144379 -1.44067
0.0324174 -0.0143988 -1.44046
0.0326826 -0.0143616 -1.44024
0.0330306 -0.0143127 -1.44
0.0334221 -0.0142746 -1.43974
0.0338754 -0.0142394 -1.43946
0.0343633 -0.0141828 -1.43916
0.0349028 -0.0141057 -1.43883
0.0354573 -0.0139896 -1.4385
0.0360702 -0.0138223 -1.43817
0.0366871 -0.0136078 -1.43783
0.0372998 -0.013367 -1.43749
0.0379054 -0.0131005 -1.43713
0.0385068 -0.0128713 -1.43676
0.0391089 -0.0126775 -1.43639
0.0396922 -0.0124986 -1.43603
0.0402472 -0.0123274 -1.43568
0.0407794 -0.0121887 -1.43534
0.0413025 -0.0120775 -1.43501
0.0418376 -0.0119709 -1.43471
0.0423457 -0.0118568 -1.43444
0.0427988 -0.0117856 -1.43419
0.0432273 -0.0117405 -1.43395
0.0436338 -0.0117703 -1.43376
0.0440137 -0.0118687 -1.43359
0.0443253 -0.0120124 -1.43342
0.044595 -0.0121787 -1.43327
0.0448228 -0.0123547 -1.43314
0.0450009 -0.0125065 -1.433
0.0451415 -0.0126253 -1.43285
0.0452181 -0.0127018 -1.43271
0.0452564 -0.0127307 -1.43258
0.0452634 -0.0127826 -1.43242
0.0452142 -0.0128967 -1.43225
0.0451421 -0.0130894 -1.43209
0.0450112 -0.0133178 -1.43194
0.0448606 -0.0135692 -1.43182
0.0446651 -0.013832 -1.43173
0.0444221 -0.0140949 -1.43167
0.0440961 -0.0143637 -1.43164
0.0437404 -0.0146116 -1.43164
0.0433463 -0.0148392 -1.43168
0.0429504 -0.0150601 -1.43174
0.0425344 -0.0152891 -1.43184
0.042139 -0.0155423 -1.43197
0.0417622 -0.0158043 -1.43215
0.0414129 -0.0160846 -1.43235
0.0410979 -0.0163764 -1.43259
0.0408159 -0.0166695 -1.43287
0.0405756 -0.0168908 -1.43318
0.0403537 -0.0170629 -1.43353
0.0401514 -0.0172224 -1.43393
0.0399555 -0.0173824 -1.43438
0.0397796 -0.0175621 -1.43485
0.0396096 -0.0177505 -1.43537
0.039425 -0.0179544 -1.4359
0.0392126 -0.0181465 -1.43642
0.0389798 -0.0183152 -1.43694
0.0387639 -0.0184663 -1.43741
0.0384911 -0.0185853 -1.43785
0.0381674 -0.0186679 -1.43826
0.0378424 -0.0186964 -1.43863
0.0374947 -0.0186994 -1.43896
0.0371177 -0.0187004 -1.43925
0.0367597 -0.0187028 -1.43948
0.0364008 -0.0187041 -1.43965
0.0360383 -0.0186766 -1.43974
0.0356977 -0.0186511 -1.43978
0.0353581 -0.0186458 -1.43977
0.0349992 -0.0186269 -1.43972
0.0345997 -0.0185635 -1.43961
0.034191 -0.0184725 -1.43946
0.033738 -0.0183616 -1.43927
0.0333175 -0.018279 -1.43907
0.0329167 -0.0182038 -1.43884
0.0325726 -0.0181224 -1.43858
0.0322959 -0.0180885 -1.43829
0.032172 -0.0180858 -1.43796
0.0321169 -0.0180979 -1.43763
0.0321146 -0.018149 -1.4373
0.0321431 -0.0182534 -1.43698
0.0321777 -0.0183418 -1.43666
0.0321565 -0.0183544 -1.43636
0.0320704 -0.0182791 -1.43608
0.0318673 -0.0180327 -1.43583
0.0314994 -0.017581 -1.43557
0.0309477 -0.0169204 -1.43534
0.0301908 -0.0160033 -1.43512
0.0291169 -0.0147023 -1.43492
0.0279219 -0.0131948 -1.43473
0.0266243 -0.0114754 -1.43455
0.025291 -0.00957938 -1.43438
0.0239479 -0.00761251 -1.43424
0.0225548 -0.00543889 -1.43415
0.0211924 -0.00328719 -1.4341
0.0198801 -0.00117758 -1.43412
0.0188173 0.000486125 -1.4342
0.0178604 0.0019463 -1.43432
0.0169821 0.00317138 -1.43447
0.0161898 0.00414846 -1.43466
0.0154669 0.00485225 -1.43488
0.0148356 0.00525788 -1.43513
0.0142969 0.00540895 -1.43541
0.0139066 0.00536479 -1.43574
0.0133849 0.0055066 -1.43611
0.0130104 0.00544141 -1.43653
0.0130684 0.00492926 -1.43697
0.0132055 0.00437061 -1.43741
0.0134025 0.00381589 -1.43784
0.0136649 0.00326985 -1.43822
0.0139777 0.00269841 -1.43855
0.0143477 0.00207158 -1.43879
0.0147305 0.00143685 -1.43896
0.0149112 0.00100582 -1.43907
0.0150576 0.000627189 -1.43909
0.015155 0.000279685 -1.43906
0.0153257 -0.000302522 -1.43899
0.0154274 -0.000943624 -1.43888
0.0153621 -0.00141217 -1.43876
0.0152706 -0.0018927 -1.43865
0.0151548 -0.00234423 -1.43855
0.0149825 -0.0027541 -1.43844
0.0147565 -0.00312444 -1.43832
0.0144285 -0.00348723 -1.43816
0.0139772 -0.00386091 -1.43797
0.0133875 -0.00423482 -1.43772
0.0126898 -0.00464128 -1.43742
0.0119353 -0.00506889 -1.43707
0.0113275 -0.00562427 -1.4367
0.0107279 -0.00619527 -1.43636
0.0101649 -0.00675707 -1.43603
0.00964014 -0.00729391 -1.4357
0.009155 -0.00778353 -1.43536
0.0085097 -0.00816004 -1.435
0.00785774 -0.00848765 -1.43463
0.00718359 -0.00874254 -1.43424
0.00649337 -0.00894235 -1.43381
0.00578827 -0.00904828 -1.43334
0.00508887 -0.00908656 -1.43287
0.00442116 -0.00906055 -1.43241
0.00379877 -0.00900936 -1.43198
0.00321904 -0.00893334 -1.43155
0.00270754 -0.00880952 -1.43114
0.00227759 -0.0085915 -1.43076
0.00194136 -0.00829164 -1.43042
0.00167925 -0.00795178 -1.43012
0.00149679 -0.00762758 -1.42988
0.00138406 -0.00732142 -1.42971
0.00133984 -0.00701648 -1.4296
0.00133928 -0.00671473 -1.42958
0.00135087 -0.00643149 -1.42964
0.00137034 -0.0061829 -1.42977
0.00140368 -0.00596001 -1.42998
0.00146774 -0.0057529 -1.43023
0.00153689 -0.00556833 -1.43053
0.00164356 -0.00540056 -1.43085
0.0017773 -0.00525763 -1.4312
0.00195003 -0.00513564 -1.43157
0.00213825 -0.00504866 -1.43193
0.00231652 -0.00504299 -1.43228
0.00246679 -0.00508963 -1.43263
0.00255342 -0.00516858 -1.43297
0.00254808 -0.00525589 -1.43331
0.00247013 -0.00529892 -1.43361
0.00231474 -0.00530416 -1.4339
0.00206314 -0.00528453 -1.43418
0.00175104 -0.00524801 -1.43443
0.00138828 -0.0051766 -1.43466
0.000983024 -0.00507642 -1.43485
0.000545197 -0.00497648 -1.43502
6.70731e-05 -0.00485738 -1.43518
-0.000425205 -0.00471051 -1.43529
-0.000955153 -0.00455097 -1.43535
-0.00149677 -0.00437558 -1.43537
-0.00204125 -0.00417593 -1.43536
-0.00257869 -0.00390439 -1.4353
-0.00309732 -0.00359362 -1.4352
-0.00360396 -0.00327962 -1.43505
-0.00411344 -0.00298234 -1.43484
-0.00462714 -0.00271688 -1.43461
-0.00513085 -0.0024938 -1.43438
-0.00561514 -0.00231127 -1.43413
-0.00606555 -0.00217241 -1.43388
-0.0064745 -0.00206615 -1.43364
-0.00682986 -0.00195055 -1.43341
-0.00714301 -0.00180454 -1.4332
-0.0074003 -0.00168195 -1.43299
-0.00760827 -0.00158994 -1.43278
-0.00775894 -0.00152426 -1.43256
-0.00786312 -0.00146016 -1.43232
-0.00792264 -0.00136095 -1.43212
-0.00795208 -0.0012108 -1.43193
-0.0079602 -0.000980874 -1.43176
-0.0079314 -0.000683009 -1.43162
-0.0078847 -0.000335422 -1.43149
-0.00783652 1.82011e-06 -1.43136
-0.00778557 0.000307043 -1.43125
-0.00773119 0.000562434 -1.43115
-0.0076875 0.00077818 -1.43106
-0.00766192 0.000968054 -1.43098
-0.00764474 0.00116777 -1.43093
-0.00765132 0.00139109 -1.4309
-0.00769819 0.00163817 -1.43089
-0.00777945 0.00187452 -1.4309
-0.00788961 0.00207517 -1.43091
-0.00803637 0.00222271 -1.43091
-0.00822986 0.00232191 -1.43091
-0.00844412 0.00239934 -1.43089
-0.00867775 0.00249191 -1.43086
-0.00893964 0.0026069 -1.43083
-0.00922862 0.00274587 -1.43081
-0.00953691 0.00291334 -1.43077
-0.00985507 0.00309946 -1.43076
-0.0102041 0.00329006 -1.43075
-0.0105707 0.00348105 -1.43076
-0.0109593 0.00369038 -1.43081
-0.0113726 0.00391834 -1.4309
-0.0117999 0.00412237 -1.43106
-0.0121989 0.00432755 -1.43125
-0.0125586 0.00451694 -1.43149
-0.0128697 0.00471828 -1.43175
-0.0131096 0.00492923 -1.43204
-0.0132756 0.00512333 -1.43234
-0.0133794 0.005318 -1.43264
-0.0134147 0.00550568 -1.43297
-0.0133828 0.00570047 -1.43334
-0.0132398 0.00595855 -1.43377
-0.0131334 0.00624539 -1.43426
-0.0131123 0.0066026 -1.43482
-0.0132204 0.00701384 -1.43547
-0.0134474 0.00740957 -1.4362
-0.0138882 0.00782843 -1.43693
-0.0144799 0.00807905 -1.43765
-0.0149221 0.00800979 -1.43827
-0.0153729 0.00777081 -1.43874
-0.0158269 0.00741056 -1.43908
-0.0162615 0.00697099 -1.43928
-0.016657 0.00644161 -1.43937
-0.0169926 0.00581865 -1.43939
-0.0172551 0.00510606 -1.43938
-0.0174173 0.00434854 -1.43937
-0.0177362 0.00354288 -1.43938
-0.0179816 0.0027059 -1.43939
-0.0181274 0.00184067 -1.43944
-0.0179452 0.0011612 -1.43949
-0.0176511 0.000676502 -1.43952
-0.0172419 0.000454714 -1.43952
-0.016694 0.000544338 -1.43948
-0.0159818 0.000932159 -1.43942
-0.0150947 0.00162431 -1.4393
-0.0140445 0.00257693 -1.43913
-0.012845 0.00373806 -1.43891
-0.0115606 0.00518125 -1.43861
-0.0101715 0.00675025 -1.43828
-0.00875588 0.00837244 -1.43793
-0.007365 0.00996906 -1.43754
-0.00603161 0.0114977 -1.43712
-0.00477653 0.0129134 -1.43668
-0.00393131 0.0137515 -1.43623
-0.00327063 0.0143745 -1.43579
-0.00246815 0.0152134 -1.43538
-0.00220068 0.0154325 -1.43499
-0.00208887 0.0154231 -1.43462
-0.00210143 0.0151963 -1.43427
-0.00194006 0.0151138 -1.43392
-0.0019294 0.0148216 -1.43358
-0.00200379 0.0144347 -1.43322
-0.00219157 0.0139863 -1.43285
-0.00246099 0.0135467 -1.43246
-0.00283961 0.0131265 -1.43207
-0.003288 0.0127211 -1.43167
-0.00378709 0.0123375 -1.43132
-0.00431744 0.0119364 -1.431
-0.00485112 0.0115075 -1.43071
-0.00535226 0.011061 -1.43047
-0.00578273 0.0105914 -1.43026
-0.00614964 0.0101267 -1.43005
-0.00645547 0.00965367 -1.42986
-0.00670497 0.00918373 -1.42966
-0.00689719 0.00870371 -1.42947
-0.00701662 0.00820962 -1.4293
-0.00704528 0.00766516 -1.42915
-0.00696484 0.00702441 -1.42904
-0.00677651 0.00631103 -1.42895
-0.00647554 0.00555903 -1.42888
-0.00605367 0.00479078 -1.42884
-0.00553731 0.00400613 -1.42882
-0.0049566 0.00322492 -1.42887
-0.00432098 0.00243967 -1.42897
-0.00368313 0.00163246 -1.42915
-0.00302697 0.00081118 -1.42936
-0.00238708 1.30729e-05 -1.42962
-0.00173676 -0.00078946 -1.42995
-0.00109817 -0.00154174 -1.43034
-0.000466896 -0.00225089 -1.43078
0.000162734 -0.00292201 -1.43127
0.00077834 -0.00353977 -1.4318
0.00136584 -0.00409986 -1.43237
0.00195444 -0.00458408 -1.43298
0.00252657 -0.00501164 -1.43363
0.00308293 -0.00535064 -1.43429
0.00361456 -0.00563028 -1.43496
0.00406883 -0.00583365 -1.43564
0.00442773 -0.00597156 -1.43629
0.00467556 -0.00607831 -1.43691
0.00478783 -0.00616851 -1.4375
0.00479317 -0.00623987 -1.43807
0.00469454 -0.00629159 -1.43859
0.00449715 -0.00630183 -1.43908
0.00423155 -0.00627242 -1.43948
0.00390684 -0.00617545 -1.43981
0.003557 -0.00606529 -1.44006
0.00318189 -0.00592747 -1.44026
0.00278353 -0.00575642 -1.44037
0.00237125 -0.0055918 -1.44043
0.00196101 -0.00544486 -1.4404
0.00157603 -0.00532724 -1.44031
0.00120505 -0.00526518 -1.44019
0.000853067 -0.00525102 -1.44006
0.000522378 -0.00525453 -1.43989
0.000250678 -0.0053012 -1.43969
2.71035e-05 -0.00540131 -1.43948
-0.00013931 -0.00554931 -1.43926
-0.000223441 -0.00569838 -1.43905
-0.000204776 -0.00579184 -1.43886
-7.33262e-05 -0.00587223 -1.43866
0.00014729 -0.0059507 -1.43846
0.000475971 -0.00603358 -1.43825
0.000878885 -0.00608136 -1.43804
0.00136158 -0.00611224 -1.43783
0.00189693 -0.00617077 -1.43761
0.00247756 -0.00619681 -1.4374
0.00308972 -0.00617294 -1.43717
0.00372368 -0.0061398 -1.43694
0.00436506 -0.00612768 -1.43671
0.00503832 -0.00612602 -1.4365
0.00571164 -0.00610422 -1.43632
0.00637704 -0.00608088 -1.43618
0.00701926 -0.00606486 -1.43606
0.00770394 -0.00609375 -1.43595
0.00839286 -0.0061549 -1.43588
0.00907037 -0.00622212 -1.43583
0.00972666 -0.00630425 -1.43578
0.0103641 -0.00643685 -1.43573
0.010976 -0.00659526 -1.4357
0.011563 -0.00676985 -1.43567
0.0121011 -0.0069556 -1.43564
0.0126158 -0.00715725 -1.43564
0.0130634 -0.00736628 -1.43564
0.0134777 -0.00760874 -1.43564
0.0138339 -0.00788014 -1.43562
0.0141366 -0.00812356 -1.43561
0.0144071 -0.00830864 -1.43558
0.0146712 -0.00841439 -1.43552
0.0149195 -0.00846128 -1.43544
0.0151566 -0.00849675 -1.43535
0.0153615 -0.0085138 -1.43529
0.0155673 -0.00853237 -1.43525
0.0157429 -0.00857951 -1.43524
0.0159032 -0.0086524 -1.43524
0.0160557 -0.00874281 -1.43527
0.016209 -0.00883478 -1.43532
0.0163768 -0.00889565 -1.43539
0.0165614 -0.00890497 -1.43547
0.0167903 -0.00889722 -1.43555
0.0170538 -0.00891587 -1.43563
0.0173753 -0.00899319 -1.43571
0.0177188 -0.00911444 -1.43578
0.018119 -0.00925105 -1.43583
0.018541 -0.00939707 -1.43589
0.0190121 -0.00954665 -1.43595
0.0195013 -0.00970583 -1.436
0.0200509 -0.00988643 -1.43606
0.0206039 -0.0100641 -1.43612
0.0211707 -0.0102419 -1.43616
0.0217361 -0.0104204 -1.43617
0.0223207 -0.0105843 -1.43617
0.0228465 -0.0107251 -1.43615
0.0233623 -0.0108323 -1.43612
0.0238264 -0.010934 -1.43602
0.0242575 -0.0109985 -1.43587
0.0246422 -0.0109927 -1.43568
0.0249874 -0.0109497 -1.43543
0.0252953 -0.010902 -1.43514
0.0255509 -0.0108305 -1.43481
0.0257595 -0.0107505 -1.43444
0.0259555 -0.010615 -1.43404
0.0261196 -0.0104073 -1.4336
0.026234 -0.0101492 -1.4331
0.0263645 -0.00986217 -1.43259
0.0265077 -0.00960461 -1.43211
0.0267149 -0.00942903 -1.43167
0.0269744 -0.00937284 -1.43129
0.027339 -0.00943792 -1.43099
0.0277995 -0.0095678 -1.43078
0.0284092 -0.00978591 -1.43065
0.0291115 -0.010051 -1.43058
0.0298849 -0.010377 -1.43054
0.0306857 -0.010747 -1.43052
0.0315118 -0.0111168 -1.43051
0.032305 -0.0115031 -1.43055
0.0330353 -0.0118972 -1.43065
0.0336517 -0.0122907 -1.43079
0.0341409 -0.0126001 -1.43098
0.0344796 -0.0127617 -1.43121
0.0346396 -0.0127556 -1.43149
0.0346042 -0.0125451 -1.4318
0.0342845 -0.0119339 -1.43211
0.0338557 -0.0110816 -1.43239
0.0333176 -0.00999428 -1.43264
0.0326848 -0.00868868 -1.43282
0.0319928 -0.00722998 -1.43297
0.0312517 -0.00568292 -1.43309
0.030485 -0.00408156 -1.43318
0.0297155 -0.00242316 -1.43327
0.0289303 -0.000745763 -1.43337
0.0281202 0.000969292 -1.4335
0.0273256 0.0026629 -1.43364
0.0268454 0.0037594 -1.43381
0.0264402 0.00459944 -1.434
0.0258042 0.00562661 -1.43418
0.0252992 0.00642388 -1.43439
0.0252865 0.00665085 -1.43462
0.0254301 0.0066713 -1.43485
0.0254119 0.00684555 -1.43507
0.0255355 0.00686291 -1.4353
0.0257838 0.0067976 -1.43552
0.0261364 0.00671257 -1.43574
0.0265665 0.00661858 -1.43593
0.0270825 0.00650368 -1.43607
0.0276544 0.00633937 -1.43618
0.0282654 0.00609742 -1.43619
0.0289268 0.00579386 -1.43611
0.029608 0.00544528 -1.43596
0.0302837 0.00508363 -1.43574
0.0309144 0.004697 -1.43549
0.0314718 0.00432029 -1.4352
0.03195 0.00397082 -1.43488
0.0323722 0.00363176 -1.43453
0.0327577 0.00329633 -1.43416
0.0331466 0.00288382 -1.43377
0.0335402 0.00239179 -1.43337
0.0338946 0.00183216 -1.43296
0.0341974 0.00121801 -1.43256
0.0344198 0.00056805 -1.43217
0.0345203 -9.49883e-05 -1.4318
0.0345042 -0.000778008 -1.43144
0.0343898 -0.00145478 -1.43108
0.0342229 -0.00214011 -1.43068
0.034019 -0.00281166 -1.43026
0.0337921 -0.00346691 -1.42981
0.0335908 -0.00409322 -1.42936
0.0334098 -0.00468461 -1.42888
0.0332663 -0.00523409 -1.42838
0.0331514 -0.00575302 -1.42787
0.033062 -0.00621192 -1.42737
0.0329949 -0.00661875 -1.42685
0.0329445 -0.00692101 -1.42632
0.0328983 -0.00713252 -1.4258
0.0328311 -0.00723698 -1.4253
0.0327658 -0.00726036 -1.42481
0.0326929 -0.00719562 -1.42434
0.0326174 -0.00707745 -1.4239
0.0325824 -0.00692072 -1.42351
0.0326248 -0.00675047 -1.42319
0.0327595 -0.00657597 -1.42292
0.0330267 -0.00640693 -1.42271
0.0334168 -0.00626074 -1.42258
0.0339269 -0.00613202 -1.42255
0.0345262 -0.00601252 -1.42259
0.0352052 -0.00590022 -1.42269
0.0359114 -0.00579102 -1.42286
0.0366173 -0.00569593 -1.42309
0.0372956 -0.00563618 -1.42338
0.0379497 -0.00563515 -1.42372
0.0385937 -0.00569348 -1.42412
0.0392146 -0.00583845 -1.42453
0.039818 -0.00604245 -1.42497
0.0404259 -0.00627788 -1.42541
0.0410242 -0.0065576 -1.42586
0.0415724 -0.00686198 -1.42633
0.0420572 -0.00721654 -1.42678
0.0424934 -0.00758234 -1.42721
0.0428636 -0.00796162 -1.4276
0.0431784 -0.00837251 -1.42798
0.0434282 -0.00879882 -1.42834
0.0436279 -0.00922757 -1.42871
0.0437807 -0.0096501 -1.42904
0.043878 -0.0100516 -1.42935
0.043938 -0.0104375 -1.42964
0.0439684 -0.010803 -1.42989
0.0439999 -0.0111262 -1.43012
0.0440421 -0.0114273 -1.43032
0.0441084 -0.0117292 -1.43047
0.0442018 -0.0120443 -1.43058
0.0443051 -0.0123593 -1.43067
0.0444156 -0.0126766 -1.43074
0.0445264 -0.0130148 -1.4308
0.0446314 -0.0133651 -1.43085
0.044704 -0.0137012 -1.4309
0.0447436 -0.0140101 -1.43095
0.0447816 -0.0143064 -1.43099
0.0448599 -0.0146273 -1.431
0.0449769 -0.0149826 -1.43099
0.0451258 -0.0153887 -1.43101
0.0453113 -0.0157932 -1.43102
0.0455249 -0.016198 -1.43099
0.0457639 -0.0165778 -1.43097
0.0459989 -0.0169166 -1.43094
0.0462138 -0.0171968 -1.43088
0.0464137 -0.0174129 -1.43081
0.0465737 -0.0175704 -1.43076
0.046691 -0.0176818 -1.43071
0.0467656 -0.0177444 -1.43067
0.0468145 -0.0177513 -1.43065
0.0468524 -0.0177201 -1.43063
0.0468859 -0.0176542 -1.4306
0.0469175 -0.0175751 -1.43056
0.0469753 -0.0175047 -1.43051
0.0470484 -0.0174372 -1.43043
0.0471261 -0.0173632 -1.43035
0.0471684 -0.0173069 -1.43027
0.0471413 -0.0172561 -1.43021
0.0470489 -0.0171973 -1.43017
0.0468798 -0.0171327 -1.43017
0.0466369 -0.0170396 -1.43022
0.0463329 -0.0169569 -1.43031
0.0459967 -0.0169038 -1.43041
0.045643 -0.0168857 -1.43051
0.0452822 -0.0168824 -1.4306
0.0449323 -0.016852 -1.43069
0.0446009 -0.0167693 -1.43074
0.0442643 -0.0166396 -1.43078
0.0439206 -0.0164719 -1.43083
0.0435878 -0.0163101 -1.43092
0.0432719 -0.0161785 -1.43108
0.0429596 -0.0160484 -1.43128
0.0426716 -0.0159333 -1.43154
0.0425722 -0.0156748 -1.43187
0.0425472 -0.0154404 -1.43224
0.0426046 -0.015155 -1.43265
0.0427202 -0.0147435 -1.43313
0.0428713 -0.0141391 -1.43366
0.0429879 -0.0133966 -1.43427
0.0429872 -0.0126198 -1.43491
0.0427856 -0.011896 -1.43557
0.0423389 -0.0112517 -1.43624
0.0417872 -0.0105333 -1.43688
0.0407994 -0.0102595 -1.43747
0.0395891 -0.0102144 -1.43797
0.0382082 -0.0103873 -1.4384
0.0367108 -0.0107583 -1.43874
0.0351283 -0.0113201 -1.43897
0.0334856 -0.0120407 -1.43911
0.0318411 -0.0128641 -1.43916
0.0302366 -0.0138038 -1.43913
0.0287159 -0.01487 -1.43904
0.027312 -0.0160341 -1.43886
0.0260652 -0.0172286 -1.43865
0.0249087 -0.0184794 -1.43844
0.024076 -0.0197195 -1.43826
0.0234439 -0.0210006 -1.4381
0.0229564 -0.0222603 -1.43799
0.0226225 -0.0233965 -1.43797
0.0224291 -0.0243256 -1.43798
0.0223983 -0.0249952 -1.43801
0.022563 -0.0253248 -1.43807
0.0229609 -0.02527 -1.43813
0.0234709 -0.0251056 -1.4382
0.0242262 -0.0245409 -1.43827
0.0252972 -0.023459 -1.43835
0.0264976 -0.0221241 -1.43844
0.0277646 -0.0205769 -1.4385
0.029098 -0.0187926 -1.43849
0.0303943 -0.0168451 -1.43841
0.03158 -0.0148118 -1.43824
0.0326197 -0.0127343 -1.438
0.033441 -0.0107054 -1.43768
0.0340093 -0.00876801 -1.43727
0.034324 -0.00699544 -1.43679
0.0344221 -0.00543384 -1.43627
0.0343205 -0.00413322 -1.43575
0.034041 -0.00310917 -1.43524
0.0336611 -0.00236064 -1.43472
0.0332909 -0.00187416 -1.43419
0.0329578 -0.0016019 -1.43366
0.0326912 -0.00151425 -1.4331
0.0325237 -0.0015645 -1.4325
0.0324492 -0.00170461 -1.43186
0.0324397 -0.00193314 -1.43119
0.0324485 -0.0022224 -1.43051
0.0324406 -0.0025715 -1.42985
0.0323753 -0.00297774 -1.42924
0.0322651 -0.00341564 -1.42867
0.0321309 -0.0039189 -1.42815
0.0320138 -0.00448653 -1.42768
0.0319462 -0.00511266 -1.42725
0.031988 -0.00578263 -1.42685
0.0321461 -0.00652169 -1.42642
0.0324119 -0.00733616 -1.42597
0.0327654 -0.0082175 -1.42549
0.0331834 -0.00914799 -1.425
0.0336525 -0.010104 -1.42451
0.0341215 -0.0110877 -1.42406
0.0344037 -0.0122553 -1.42367
0.0346652 -0.0134246 -1.42334
0.0350601 -0.0144714 -1.42308
0.0354434 -0.0154979 -1.42291
0.0358276 -0.0165279 -1.42284
0.03621 -0.0175431 -1.42291
0.0366126 -0.0185439 -1.42311
0.0370376 -0.0195058 -1.42343
0.0374958 -0.0204162 -1.42389
0.037987 -0.021252 -1.42446
0.0384924 -0.0219736 -1.42515
0.0390291 -0.0226137 -1.42597
0.0395733 -0.0231402 -1.42688
0.0401261 -0.0235573 -1.42788
0.0406619 -0.0238651 -1.42896
0.0411762 -0.024038 -1.43009
0.0416629 -0.0240549 -1.43126
0.042103 -0.0239396 -1.43247
0.0425165 -0.0236739 -1.43371
0.0428891 -0.0232642 -1.43496
0.0432338 -0.022709 -1.43619
0.0435392 -0.0220428 -1.43741
0.0438011 -0.0213132 -1.43856
0.0439972 -0.0205285 -1.43966
0.0441225 -0.0197185 -1.44068
0.0442015 -0.018903 -1.44161
0.0442319 -0.0181088 -1.44246
0.0442295 -0.0173251 -1.44323
0.0441817 -0.016552 -1.4439
0.0441206 -0.0157848 -1.44449
0.0440561 -0.0150455 -1.44499
0.0440416 -0.0143795 -1.4454
0.0440507 -0.0137949 -1.44573
0.0440812 -0.0133319 -1.44595
0.0441344 -0.0129989 -1.44609
0.0442402 -0.0128001 -1.44616
0.044362 -0.012713 -1.44616
0.044507 -0.0127056 -1.4461
0.0446909 -0.0127832 -1.44598
0.0449307 -0.0129196 -1.44578
0.0452124 -0.0130988 -1.44549
0.0455225 -0.0133509 -1.44514
0.0458731 -0.0136412 -1.44473
0.0462247 -0.0139303 -1.44425
0.0466193 -0.0141959 -1.44372
0.0470318 -0.0144385 -1.44315
0.0474525 -0.0146961 -1.44256
0.0478729 -0.014958 -1.44194
0.0482863 -0.0152678 -1.4413
0.0487457 -0.0155997 -1.44066
0.0491975 -0.0159111 -1.44001
0.0496446 -0.0161965 -1.43936
0.050095 -0.0164396 -1.43872
0.05059 -0.0166608 -1.43809
0.0511249 -0.0168729 -1.4375
0.0516704 -0.0170552 -1.43694
0.0522271 -0.0172676 -1.43645
0.0527629 -0.0174902 -1.436
0.0533342 -0.0177163 -1.43561
0.0539049 -0.0179543 -1.43527
0.0544269 -0.0182073 -1.43497
0.0549257 -0.0184828 -1.43472
0.0553968 -0.0187455 -1.43451
0.0558302 -0.0189729 -1.43436
0.0562108 -0.0191524 -1.43425
0.0565322 -0.0192672 -1.43416
0.0568094 -0.0193085 -1.43407
0.0570347 -0.0192915 -1.43398
0.0571998 -0.019254 -1.4339
0.0573029 -0.0192175 -1.4338
0.0573702 -0.0192024 -1.43369
0.0573813 -0.0191991 -1.43357
0.0573457 -0.0192198 -1.43345
0.0572479 -0.0192733 -1.43336
0.0570705 -0.0193615 -1.43328
0.0568347 -0.0194365 -1.43323
0.0565135 -0.0195241 -1.43321
0.0561433 -0.019655 -1.43321
0.0557437 -0.0198292 -1.43324
0.0552889 -0.0200262 -1.43328
0.054855 -0.0202375 -1.43333
0.054459 -0.0204717 -1.43338
0.0540855 -0.0207384 -1.43346
0.0537052 -0.0210264 -1.43356
0.0533793 -0.0213661 -1.43369
0.0530657 -0.0217212 -1.43385
0.052773 -0.0220653 -1.43402
0.0524833 -0.0224004 -1.4342
0.0522371 -0.0227313 -1.43441
0.0519839 -0.0230484 -1.43463
0.0517402 -0.0233991 -1.43487
0.0514893 -0.0237563 -1.43513
0.0512516 -0.0241321 -1.4354
0.050991 -0.0244968 -1.43567
0.0507466 -0.0248443 -1.43595
0.0504652 -0.0251605 -1.43621
0.0502039 -0.0254429 -1.43645
0.0499498 -0.0256693 -1.43666
0.0497295 -0.0258261 -1.43686
0.0495096 -0.0259283 -1.43705
0.0493293 -0.0259449 -1.43722
0.049135 -0.0259318 -1.43737
0.0489605 -0.0259244 -1.43753
0.0488015 -0.0259266 -1.43768
0.0486282 -0.0259465 -1.43783
0.0484465 -0.0259461 -1.43795
0.0482657 -0.0259403 -1.43805
0.0480802 -0.0259111 -1.43815
0.0479076 -0.0258601 -1.43822
0.0477742 -0.0258118 -1.43825
0.0476887 -0.0257423 -1.43824
0.0476409 -0.0256342 -1.43819
0.0476301 -0.025518 -1.43809
0.0476768 -0.025378 -1.43796
0.0476938 -0.0251911 -1.43779
0.0476907 -0.0249644 -1.43759
0.0476564 -0.0247296 -1.43735
0.047562 -0.0244648 -1.43708
0.047396 -0.0241705 -1.43678
0.0471797 -0.0238762 -1.43643
0.0468844 -0.0235304 -1.43604
0.0464805 -0.0230549 -1.43564
0.0459418 -0.0223775 -1.43521
0.0452775 -0.0214573 -1.43477
0.0444441 -0.0202868 -1.43435
0.0434271 -0.018852 -1.43396
0.0422355 -0.0170841 -1.43359
0.0409768 -0.0151147 -1.43319
0.0396951 -0.0129486 -1.43277
0.0384093 -0.010685 -1.43234
0.0371862 -0.0084807 -1.43192
0.0359069 -0.00601835 -1.43153
0.0347162 -0.00363025 -1.43119
0.0338256 -0.00186011 -1.43096
0.0330317 -0.000392568 -1.43084
0.0323416 0.00076838 -1.43082
0.0317428 0.00163409 -1.43086
0.0312243 0.00218429 -1.43094
0.0308234 0.00243118 -1.43101
0.030554 0.00239196 -1.4311
0.0300981 0.00254312 -1.4312
0.0298218 0.00242944 -1.43135
0.029654 0.00214757 -1.43154
0.0297932 0.00143119 -1.43181
0.0299915 0.000643943 -1.43213
0.0302421 -0.00018953 -1.43249
0.0305311 -0.00100655 -1.43285
0.0308684 -0.00177819 -1.43319
0.0310092 -0.00234774 -1.43349
0.031177 -0.00293892 -1.43375
0.0313459 -0.00355822 -1.434
0.0314885 -0.00419468 -1.43425
0.0315805 -0.00482723 -1.43451
0.031621 -0.00542455 -1.43476
0.031577 -0.00597879 -1.43502
0.0316543 -0.00676261 -1.43527
0.0317136 -0.00758774 -1.43552
0.031622 -0.00821755 -1.43575
0.0314664 -0.00889898 -1.43597
0.0312642 -0.00958252 -1.43618
0.0309696 -0.0102587 -1.43636
0.0305599 -0.0109113 -1.43653
0.0299999 -0.0115349 -1.43667
0.029333 -0.0121498 -1.43674
0.0285901 -0.0127671 -1.43676
0.0278143 -0.0134034 -1.43676
0.0270469 -0.0140771 -1.4367
0.0263346 -0.0147793 -1.43659
0.0256581 -0.0154735 -1.43644
0.0250127 -0.016154 -1.43625
0.0243865 -0.0168047 -1.43602
0.023783 -0.0173819 -1.43574
0.0231794 -0.0178769 -1.43541
0.0225752 -0.0182731 -1.43504
0.0219654 -0.0185792 -1.43462
0.0213491 -0.0187874 -1.43417
0.0207279 -0.0189141 -1.43368
0.0201342 -0.0190084 -1.43317
0.0195802 -0.0190741 -1.43268
0.0190873 -0.0191154 -1.43221
0.0186586 -0.0191286 -1.43176
0.0183348 -0.0190703 -1.43137
0.0181016 -0.0189804 -1.43102
0.0179696 -0.0188897 -1.43074
0.0179274 -0.0188076 -1.43054
0.0179418 -0.0187406 -1.43042
0.0179932 -0.018712 -1.43035
0.0180502 -0.0187196 -1.43035
0.0181298 -0.018785 -1.43043
0.0181966 -0.0188801 -1.43058
0.0182809 -0.0190003 -1.43076
0.0183872 -0.0191372 -1.431
0.0185044 -0.0192975 -1.43129
0.0186505 -0.0194918 -1.43163
0.018851 -0.0197136 -1.43201
0.0190914 -0.0199919 -1.4324
0.0193347 -0.0203322 -1.4328
0.0195443 -0.0207087 -1.4332
0.0197208 -0.0210857 -1.43361
0.0198653 -0.0214349 -1.43402
0.0199393 -0.021763 -1.43441
0.0199432 -0.022067 -1.43482
0.0198913 -0.0223016 -1.43522
0.0197755 -0.0225138 -1.43565
0.0196178 -0.0227004 -1.43606
0.0194281 -0.022856 -1.43646
0.019217 -0.0229789 -1.43682
0.0189726 -0.0230684 -1.43713
0.0187012 -0.0231174 -1.43739
0.018399 -0.0231021 -1.43761
0.0180794 -0.0230426 -1.43777
0.0177399 -0.0229187 -1.43789
0.0174026 -0.0227696 -1.43794
0.0170408 -0.0225957 -1.43793
0.016636 -0.0224535 -1.43788
0.0161985 -0.0223318 -1.4378
0.0157334 -0.0221919 -1.4377
0.0152461 -0.0220451 -1.43759
0.0147384 -0.0218964 -1.43746
0.0142372 -0.0217352 -1.4373
0.0137589 -0.0215618 -1.43712
0.0133033 -0.0213826 -1.4369
0.0128937 -0.0212378 -1.43667
0.0125347 -0.0211391 -1.4364
0.0122119 -0.0210662 -1.43614
0.0118992 -0.0209893 -1.43587
0.0116108 -0.0208488 -1.43561
0.0113388 -0.0206254 -1.43536
0.0110979 -0.0202962 -1.43512
0.0108912 -0.01986 -1.43488
0.0107227 -0.0193842 -1.43466
0.0106029 -0.0189218 -1.43442
0.0105228 -0.0185146 -1.43418
0.0104733 -0.0181671 -1.43393
0.0104423 -0.0178713 -1.43367
0.0103932 -0.0175957 -1.43341
0.0103137 -0.0172949 -1.43317
0.0102046 -0.0169383 -1.43294
0.0100466 -0.016534 -1.43277
0.00983881 -0.0161322 -1.43264
0.00956406 -0.0157991 -1.43255
0.00925771 -0.0155336 -1.43247
0.00892402 -0.0153339 -1.43241
0.00857608 -0.0151614 -1.43236
0.00822292 -0.0149742 -1.43231
0.0078609 -0.0147654 -1.43223
0.00747747 -0.0145119 -1.43215
0.00708435 -0.014234 -1.43206
0.00666638 -0.0139225 -1.43199
0.00622394 -0.0135654 -1.43193
0.00573164 -0.0132028 -1.43193
0.00518279 -0.012805 -1.43198
0.00460665 -0.0123668 -1.43208
0.00401452 -0.0119435 -1.43224
0.00343234 -0.0115281 -1.43244
0.00288627 -0.0111013 -1.4327
0.00240404 -0.0106546 -1.43298
0.00196833 -0.0102057 -1.43328
0.00161709 -0.00976114 -1.43358
0.00134521 -0.00933088 -1.4339
0.00122884 -0.00880029 -1.43423
0.00110665 -0.00823832 -1.4346
0.000938569 -0.00759736 -1.43503
0.000653502 -0.00685282 -1.43553
0.00024297 -0.00607252 -1.43607
-0.000299631 -0.00517873 -1.43664
-0.00102076 -0.00458459 -1.43717
-0.00190134 -0.00414803 -1.4376
-0.00291743 -0.0039295 -1.43792
-0.00403583 -0.003995 -1.43809
-0.00520274 -0.00431027 -1.43813
-0.0063657 -0.004773 -1.43808
-0.00746995 -0.00531145 -1.43797
-0.00846869 -0.00594274 -1.43785
-0.00946821 -0.00664783 -1.43774
-0.0101734 -0.00749488 -1.43767
-0.0107453 -0.00835538 -1.43765
-0.0111763 -0.0092171 -1.43766
-0.0115308 -0.0100726 -1.43767
-0.0118163 -0.0108715 -1.43768
-0.0120376 -0.0114984 -1.43767
-0.012139 -0.0118476 -1.43763
-0.0123685 -0.0121352 -1.43753
-0.0123725 -0.0120867 -1.43738
-0.0120953 -0.0116491 -1.43719
-0.0115448 -0.0107919 -1.43701
-0.0107514 -0.00956397 -1.43684
-0.00972653 -0.00806035 -1.4367
-0.00852413 -0.00639866 -1.43656
-0.00723986 -0.00465701 -1.43641
-0.00595203 -0.00292269 -1.43627
-0.0049111 -0.00152661 -1.43609
-0.00405434 -0.00021641 -1.43589
-0.00317805 0.00133129 -1.43565
-0.00254349 0.00273187 -1.4354
-0.00211857 0.00393025 -1.43512
-0.00188346 0.00488636 -1.43482
-0.00185967 0.00560316 -1.43452
-0.00197545 0.00607586 -1.43424
-0.00247089 0.00591274 -1.43396
-0.00297323 0.00554979 -1.43366
-0.00330142 0.00536207 -1.43335
-0.00364718 0.00505456 -1.43301
-0.00400597 0.00470135 -1.43263
-0.00439451 0.00432385 -1.43223
-0.0048271 0.0039746 -1.43181
-0.00529988 0.00361213 -1.43138
-0.00582049 0.00322054 -1.43101
-0.00638058 0.00281029 -1.43068
-0.00694962 0.0023663 -1.43039
-0.00749722 0.00191185 -1.43016
-0.00800409 0.00143239 -1.42996
-0.00847775 0.000963993 -1.42978
-0.00888691 0.000460311 -1.42961
-0.00921465 -5.67559e-05 -1.42942
-0.00949188 -0.00059055 -1.42926
-0.00968845 -0.00113945 -1.42913
-0.00980677 -0.00171983 -1.42901
-0.00984728 -0.00235737 -1.42893
-0.00981005 -0.00305226 -1.42888
-0.00971671 -0.00380585 -1.42884
-0.00954523 -0.0045928 -1.42881
-0.0093075 -0.00539103 -1.42883
-0.00901779 -0.00616085 -1.42889
-0.0087117 -0.00691149 -1.42904
-0.00838485 -0.00765517 -1.42925
-0.00803677 -0.00840995 -1.42952
-0.00769013 -0.0091487 -1.42987
-0.00733948 -0.00990046 -1.43027
-0.00701846 -0.0106184 -1.43074
-0.00670263 -0.011272 -1.43128
-0.00643122 -0.0118893 -1.43188
-0.00617609 -0.0124243 -1.43253
-0.00595508 -0.0128946 -1.43321
-0.00575637 -0.0132925 -1.43394
-0.00559013 -0.0136218 -1.4347
-0.00544698 -0.0138678 -1.43546
-0.00533524 -0.0140219 -1.4362
-0.00527267 -0.0141005 -1.43693
-0.00525877 -0.0141018 -1.43763
-0.00532762 -0.0140609 -1.43828
-0.00550617 -0.0139693 -1.43889
-0.00576338 -0.013871 -1.43944
-0.00608668 -0.0137869 -1.43996
-0.00649985 -0.0136922 -1.44044
-0.00697299 -0.0135564 -1.44083
-0.00749515 -0.0134076 -1.44114
-0.00803705 -0.0132558 -1.44138
-0.00857923 -0.0131419 -1.44154
-0.00913642 -0.013072 -1.44162
-0.00970139 -0.0130159 -1.44162
-0.0102474 -0.0129762 -1.44154
-0.0107476 -0.0129644 -1.44142
-0.0112027 -0.0129957 -1.44128
-0.0116304 -0.0130647 -1.4411
-0.0120357 -0.0131791 -1.44089
-0.012357 -0.0133277 -1.44067
-0.0126109 -0.0135314 -1.44042
-0.0127885 -0.0138209 -1.44017
-0.0129234 -0.0141514 -1.43992
-0.0129797 -0.0144999 -1.43968
-0.012964 -0.014853 -1.43941
-0.0128743 -0.0151932 -1.4391
-0.0127376 -0.015507 -1.4388
-0.0125584 -0.0157742 -1.4385
-0.0123461 -0.0160102 -1.4382
-0.0121013 -0.0162364 -1.43785
-0.0118603 -0.0164603 -1.43751
-0.0116076 -0.0166976 -1.43717
-0.0113933 -0.0169671 -1.43683
-0.0111702 -0.0172608 -1.43651
-0.0109299 -0.0175588 -1.43621
-0.0106876 -0.0178062 -1.43591
-0.0104603 -0.0180244 -1.43565
-0.0102256 -0.0182305 -1.43541
-0.00994356 -0.018443 -1.43517
-0.00967044 -0.0186825 -1.43496
-0.00942179 -0.0189311 -1.43479
-0.00919748 -0.0192257 -1.43464
-0.00898727 -0.0195538 -1.4345
-0.00878668 -0.0199087 -1.4344
-0.00863296 -0.0202571 -1.43433
-0.00849386 -0.0205811 -1.43428
-0.00836875 -0.0208437 -1.43425
-0.00824851 -0.0210421 -1.43424
-0.0081122 -0.0212182 -1.43423
-0.00797317 -0.021409 -1.43425
-0.00784206 -0.0216045 -1.43431
-0.00774612 -0.0217759 -1.43437
-0.00762277 -0.0218963 -1.43445
-0.00754874 -0.0219986 -1.43453
-0.00745633 -0.022069 -1.43465
-0.00737934 -0.0221118 -1.43479
-0.00727688 -0.0221198 -1.43494
-0.00720905 -0.0221032 -1.4351
-0.00713066 -0.0220721 -1.43526
-0.007067 -0.0220588 -1.43543
-0.00696982 -0.0220488 -1.43562
-0.00684683 -0.0220419 -1.43578
-0.00667708 -0.0220234 -1.43593
-0.00646744 -0.0219881 -1.43608
-0.00619846 -0.0219448 -1.43623
-0.00588395 -0.0219265 -1.43639
-0.0055149 -0.0219609 -1.43654
-0.0051015 -0.0220433 -1.43672
-0.00464376 -0.0221502 -1.43687
-0.00415055 -0.0222681 -1.43701
-0.00362751 -0.0223669 -1.43712
-0.00309719 -0.0224387 -1.4372
-0.00258223 -0.0225121 -1.43723
-0.00208604 -0.0226077 -1.43723
-0.00159826 -0.0227353 -1.43718
-0.00114658 -0.0228703 -1.4371
-0.000718027 -0.0229758 -1.43696
-0.000320056 -0.0230198 -1.43677
7.87303e-05 -0.0230431 -1.43655
0.000413599 -0.0230486 -1.43627
0.000694311 -0.0230515 -1.43591
0.00089052 -0.0228524 -1.43546
0.00105101 -0.0225979 -1.43495
0.00122461 -0.02225 -1.43434
0.00139529 -0.0218053 -1.43367
0.0015828 -0.0213 -1.43297
0.00180875 -0.0208352 -1.43224
0.00209126 -0.0203954 -1.43154
0.00245354 -0.0200044 -1.4309
0.00292696 -0.0197259 -1.43032
0.00348775 -0.0195451 -1.42983
0.00415917 -0.0194035 -1.42942
0.0049485 -0.0193564 -1.42907
0.00584972 -0.0194038 -1.42879
0.00682646 -0.0195439 -1.4286
0.00788684 -0.0197728 -1.42849
0.00894887 -0.0200965 -1.42843
0.0101712 -0.02061 -1.42844
0.0113544 -0.0212056 -1.4285
0.0124329 -0.0218481 -1.42864
0.0133736 -0.0224909 -1.42884
0.01417 -0.0230954 -1.42909
0.0145594 -0.0233589 -1.42937
0.0147621 -0.0234359 -1.42969
0.0147812 -0.0232392 -1.43003
0.0146005 -0.0227157 -1.4304
0.0142415 -0.0219158 -1.43082
0.0137286 -0.0208841 -1.43122
0.0131374 -0.0197397 -1.43161
0.0123366 -0.018278 -1.432
0.0113895 -0.0164886 -1.4324
0.0103292 -0.0144098 -1.43281
0.00918768 -0.0121472 -1.43327
0.00798465 -0.00982545 -1.43376
0.00680772 -0.00759585 -1.43432
0.0056993 -0.00550095 -1.43494
0.00475266 -0.00356349 -1.43558
0.00396751 -0.00184397 -1.43624
0.00339029 -0.000398415 -1.43688
0.0030319 0.000699021 -1.43748
0.002857 0.00143425 -1.43801
0.00283534 0.00185819 -1.43849
0.00292696 0.00204903 -1.43895
0.0030636 0.00214953 -1.43938
0.00325486 0.00216384 -1.43977
0.00347895 0.0020578 -1.44014
0.00373334 0.00179884 -1.44048
0.00403805 0.00141618 -1.44078
0.00439487 0.00100847 -1.44102
0.00479113 0.000642423 -1.44119
0.00520677 0.000335042 -1.44127
0.00564403 8.00497e-05 -1.44124
0.00609003 -0.000149715 -1.4411
0.00653357 -0.000382636 -1.44083
0.00696036 -0.00066311 -1.44047
0.00735299 -0.001013 -1.44003
0.00771671 -0.00137886 -1.43954
0.00804584 -0.00174863 -1.43902
0.00837262 -0.00210149 -1.43847
0.00868152 -0.00246163 -1.43795
0.00910478 -0.00301292 -1.43745
0.00932997 -0.00337375 -1.43694
0.00953287 -0.00376827 -1.43644
0.00969125 -0.00420776 -1.43596
0.0097741 -0.00472094 -1.43551
0.00978499 -0.00531683 -1.43508
0.00974023 -0.00595097 -1.43463
0.00964944 -0.00660689 -1.43416
0.00951848 -0.00725446 -1.43368
0.00934483 -0.00789992 -1.43321
0.00913918 -0.0085399 -1.43271
0.00894401 -0.0091588 -1.43217
0.00876499 -0.0097226 -1.43158
0.00859202 -0.0102463 -1.43095
0.00841235 -0.0107099 -1.4303
0.00824026 -0.0111016 -1.42963
0.00806496 -0.0113863 -1.42894
0.00788343 -0.0115659 -1.42825
0.00766947 -0.0116087 -1.42758
0.00743659 -0.011519 -1.42693
0.0072153 -0.0113051 -1.42634
0.00701743 -0.0110246 -1.4258
0.00689252 -0.0107163 -1.42533
0.00684652 -0.0103602 -1.42491
0.00690614 -0.00997523 -1.42457
0.00709026 -0.00955819 -1.42431
0.00738376 -0.00913035 -1.42411
0.00776904 -0.00873643 -1.424
0.00819729 -0.0083565 -1.42397
0.00866904 -0.00796951 -1.42402
0.00915743 -0.00758657 -1.42415
0.00963713 -0.00722956 -1.42436
0.0101114 -0.00691306 -1.42463
0.0105941 -0.00666983 -1.42497
0.0110863 -0.00648893 -1.42535
0.011594 -0.00638289 -1.42577
0.0120869 -0.00633854 -1.42618
0.0125797 -0.00635464 -1.42662
0.0130685 -0.00642888 -1.42707
0.0135249 -0.00657036 -1.42752
0.0139396 -0.00677211 -1.42797
0.0143185 -0.00699432 -1.4284
0.014639 -0.00722098 -1.42882
0.0149117 -0.0074653 -1.42923
0.0151172 -0.00773255 -1.42964
0.0152587 -0.0080588 -1.43002
0.0153513 -0.00838829 -1.43039
0.0154088 -0.00873607 -1.43076
0.0154289 -0.00911436 -1.43111
0.0154324 -0.00950194 -1.43144
0.0154048 -0.00988273 -1.43174
0.0153618 -0.0102283 -1.432
0.0153134 -0.0105477 -1.43222
0.0152618 -0.0108696 -1.4324
0.0152054 -0.0111997 -1.43253
0.0151258 -0.0115645 -1.43262
0.0150284 -0.0119608 -1.43264
0.0149452 -0.012386 -1.43262
0.014876 -0.0128142 -1.43256
0.0148065 -0.0132163 -1.43248
0.0147468 -0.0135791 -1.43237
0.0147343 -0.0139256 -1.43225
0.0147546 -0.0143005 -1.43213
0.0148107 -0.0147181 -1.43199
0.014925 -0.015157 -1.43183
0.0151002 -0.0156092 -1.43166
0.0153171 -0.0160519 -1.43147
0.0155627 -0.0164822 -1.43126
0.0158364 -0.0168492 -1.43105
0.0161523 -0.0171252 -1.43085
0.0164925 -0.0172974 -1.4307
0.0168675 -0.0174116 -1.43057
0.0172831 -0.0175146 -1.43047
0.0177273 -0.0176344 -1.43042
0.0181817 -0.0177638 -1.4304
0.018682 -0.0178826 -1.4304
0.0192148 -0.017975 -1.43043
0.0197733 -0.0180404 -1.43044
0.0203514 -0.0180934 -1.43044
0.0209449 -0.0181607 -1.43041
0.021523 -0.0182527 -1.43036
0.0220511 -0.0183415 -1.43033
0.0224921 -0.0184371 -1.4303
0.0228483 -0.0185047 -1.43029
0.0231008 -0.018547 -1.43032
0.0232486 -0.0185894 -1.43039
0.0233162 -0.0186496 -1.43047
0.0233101 -0.0187069 -1.43055
0.0232678 -0.0187414 -1.43064
0.0232061 -0.0187407 -1.43069
0.0231201 -0.0187013 -1.43071
0.0230131 -0.0186027 -1.4307
0.0228765 -0.0184468 -1.43064
0.0226974 -0.0182745 -1.43059
0.0224832 -0.0180983 -1.43057
0.0222446 -0.0178921 -1.43062
0.0220075 -0.0176434 -1.43074
0.0218023 -0.0173753 -1.43093
0.0216587 -0.017109 -1.43116
0.0216921 -0.016665 -1.43144
0.0217834 -0.0161908 -1.43178
0.0219408 -0.0156237 -1.43221
0.0221574 -0.0149227 -1.43272
0.0223988 -0.0140716 -1.43331
0.0225828 -0.0131675 -1.43397
0.0226061 -0.0123227 -1.43464
0.0224007 -0.0115963 -1.43533
0.0221822 -0.0107275 -1.43603
0.0214458 -0.0104388 -1.43669
0.0204897 -0.0104844 -1.4373
0.0193421 -0.0108655 -1.43778
0.0180507 -0.0115482 -1.43817
0.0166683 -0.0124279 -1.43844
0.0152276 -0.0134164 -1.43859
0.0137798 -0.014464 -1.43861
0.0123768 -0.0155696 -1.43857
0.0110838 -0.0167513 -1.43847
0.00994654 -0.0179935 -1.43834
0.00889682 -0.0192733 -1.43819
0.00815101 -0.0205348 -1.43805
0.00759917 -0.0218055 -1.43797
0.00720307 -0.0230791 -1.43794
0.00695453 -0.0242597 -1.43797
0.00684182 -0.0252638 -1.43803
0.00687533 -0.0259651 -1.4381
0.00707666 -0.0262799 -1.43817
0.0074828 -0.0261702 -1.43826
0.00797389 -0.0259008 -1.43834
0.0086818 -0.0252428 -1.43841
0.00959163 -0.0242293 -1.43849
0.010715 -0.0228929 -1.43858
0.0119453 -0.0214152 -1.43865
0.0132337 -0.0198434 -1.4387
0.0145125 -0.0182004 -1.4387
0.0157045 -0.0165243 -1.43863
0.0169558 -0.0145603 -1.43845
0.0180588 -0.0125875 -1.43817
0.0189521 -0.0106492 -1.43779
0.0195698 -0.00884222 -1.43735
0.0199674 -0.00726807 -1.43686
0.0201564 -0.00603896 -1.43634
0.0201321 -0.00518149 -1.43582
0.0199519 -0.00465392 -1.43529
0.0196802 -0.00440641 -1.43476
0.0193902 -0.00439316 -1.43424
0.0191358 -0.00454351 -1.43373
0.0189743 -0.0048309 -1.43319
0.0189132 -0.00516568 -1.43264
0.0189372 -0.00557695 -1.43207
0.0190098 -0.00607941 -1.4315
0.019106 -0.0066772 -1.43094
0.0191889 -0.00734503 -1.43041
0.019228 -0.00805602 -1.42992
0.0192202 -0.00880797 -1.4295
0.0191571 -0.00961813 -1.42914
0.0190471 -0.0104716 -1.42882
0.0189476 -0.0113892 -1.42853
0.0189075 -0.0123237 -1.42827
0.0189673 -0.013313 -1.42801
0.0191321 -0.0143447 -1.42776
0.0193752 -0.0154006 -1.42752
0.0196977 -0.0165019 -1.42727
0.0199197 -0.0177836 -1.42703
0.0201614 -0.0190502 -1.42681
0.0204126 -0.0203155 -1.42664
0.0206423 -0.0215491 -1.42652
0.0208609 -0.0227625 -1.42647
0.0210512 -0.0239205 -1.42651
0.0214195 -0.0249937 -1.42664
0.0217811 -0.0260358 -1.42688
0.0221642 -0.0270463 -1.42724
0.0225593 -0.0280442 -1.42773
0.0229788 -0.0290113 -1.42834
0.0234236 -0.0299014 -1.42906
0.0238985 -0.0307007 -1.42987
0.0244187 -0.0314166 -1.43078
0.0249522 -0.0320016 -1.43177
0.0254834 -0.0324782 -1.43281
0.0260161 -0.0328104 -1.43389
0.026521 -0.0330084 -1.43497
0.0269808 -0.0330883 -1.43606
0.0273869 -0.0330289 -1.43713
0.0277202 -0.0328625 -1.43816
0.0279853 -0.0325926 -1.43915
0.0282113 -0.0322589 -1.44009
0.028365 -0.0318396 -1.44099
0.0284572 -0.0313741 -1.44181
0.0284976 -0.0308851 -1.44256
0.0284928 -0.0303961 -1.44323
0.0284404 -0.0298812 -1.4438
0.0283465 -0.0293347 -1.44426
0.0282149 -0.0287774 -1.44463
0.0280651 -0.028259 -1.44491
0.0278639 -0.0278437 -1.44509
0.0277105 -0.0274574 -1.44521
0.0275435 -0.0271721 -1.44525
0.0274238 -0.0269264 -1.44521
0.0273586 -0.0267537 -1.44511
0.0273146 -0.0266689 -1.44496
0.0273258 -0.0266719 -1.44475
0.0273878 -0.0267304 -1.4445
0.0274907 -0.0268585 -1.44419
0.0276516 -0.0270306 -1.44382
0.0278574 -0.0272563 -1.44341
0.0281392 -0.0275136 -1.44297
0.0284576 -0.0277728 -1.44252
0.0288 -0.0280232 -1.44202
0.0291956 -0.0282677 -1.4415
0.0296693 -0.0284869 -1.44094
0.0301667 -0.0286667 -1.44038
0.0306947 -0.0288292 -1.43983
0.0312114 -0.0289958 -1.43926
0.0317427 -0.0291973 -1.43868
0.0323173 -0.0294528 -1.43811
0.0328938 -0.0297043 -1.43757
0.0334536 -0.0299559 -1.43707
0.0340185 -0.0302237 -1.43659
0.0346465 -0.0304793 -1.43613
0.0353092 -0.03071 -1.43571
0.0359801 -0.0309465 -1.43532
0.0366331 -0.0312246 -1.43497
0.037283 -0.0315349 -1.43466
0.0379369 -0.0319041 -1.43441
0.0385659 -0.0323122 -1.4342
0.0391305 -0.0327249 -1.43402
0.0396498 -0.0331245 -1.43385
0.0401214 -0.0334931 -1.43372
0.0405498 -0.0338071 -1.43359
0.0409234 -0.0340831 -1.43346
0.0412354 -0.034323 -1.43333
0.0414653 -0.0345232 -1.43319
0.0416475 -0.0347151 -1.43304
0.0417802 -0.0349404 -1.43289
0.0418398 -0.035212 -1.43274
0.0418318 -0.0355021 -1.43258
0.0417752 -0.0357547 -1.43244
0.0416645 -0.0359889 -1.43231
0.0414831 -0.0362164 -1.43219
0.0412126 -0.0364492 -1.43208
0.0408972 -0.0367153 -1.43203
0.0405358 -0.0369994 -1.43199
0.0401276 -0.0372753 -1.43197
0.039704 -0.0375357 -1.43198
0.0392723 -0.0378062 -1.43204
0.0388461 -0.0380755 -1.43212
0.0384519 -0.0383146 -1.43224
0.0380768 -0.0385349 -1.43239
0.0376903 -0.0387657 -1.43256
0.0373557 -0.0390122 -1.43274
0.0370393 -0.0392594 -1.43295
0.0367512 -0.039453 -1.43319
0.0364762 -0.0395795 -1.43347
0.0362496 -0.0396439 -1.43379
0.0360258 -0.0396677 -1.43415
0.0358332 -0.0396884 -1.43454
0.0356296 -0.0396946 -1.43493
0.0354339 -0.0397052 -1.43533
0.0352277 -0.039684 -1.43572
0.0350097 -0.0396303 -1.4361
0.0347468 -0.0395674 -1.43646
0.034449 -0.0394849 -1.43678
0.034123 -0.0394085 -1.43707
0.0337355 -0.0393281 -1.43734
0.0333034 -0.039222 -1.43756
0.03283 -0.0390727 -1.43776
0.0323478 -0.038903 -1.43791
0.0318614 -0.0387389 -1.43802
0.0313746 -0.0386017 -1.43807
0.0308991 -0.0384704 -1.43804
0.0304593 -0.0383475 -1.43794
0.0300243 -0.0382402 -1.43778
0.0296201 -0.0382046 -1.43758
0.029273 -0.0382949 -1.43735
0.0289847 -0.0384927 -1.43709
0.0287168 -0.0388042 -1.43684
0.0285086 -0.0392432 -1.43661
0.0283491 -0.0397554 -1.43641
0.0281955 -0.0402796 -1.43622
0.0280429 -0.0407693 -1.43605
0.02787 -0.0412034 -1.4359
0.0276323 -0.041539 -1.43572
0.0272961 -0.0418119 -1.43553
0.0268627 -0.0420312 -1.43533
0.0263003 -0.0421392 -1.43511
0.0254743 -0.0418234 -1.4349
0.0245418 -0.0412701 -1.43471
0.0235092 -0.0404627 -1.43457
0.0223646 -0.0394081 -1.4345
0.0211424 -0.038095 -1.43451
0.0198449 -0.0365133 -1.43458
0.0184898 -0.0347165 -1.43473
0.0169884 -0.0326669 -1.43491
0.0154217 -0.0304849 -1.43513
0.0138345 -0.0282666 -1.43537
0.012229 -0.0260647 -1.43565
0.0106712 -0.0238976 -1.43594
0.00922592 -0.0218558 -1.43628
0.00824944 -0.0205491 -1.43668
0.00744882 -0.0195121 -1.43715
0.00683302 -0.0188208 -1.43765
0.00642512 -0.0184436 -1.43819
0.00622103 -0.0183234 -1.43877
0.00573122 -0.018125 -1.43935
0.00537099 -0.0182213 -1.43995
0.00513048 -0.0185071 -1.44056
0.00496842 -0.0188915 -1.44119
0.0048655 -0.0193191 -1.4418
0.00482763 -0.0198281 -1.44239
0.00511138 -0.0206751 -1.44294
0.00539645 -0.0215335 -1.44346
0.00546188 -0.0221518 -1.44392
0.00553659 -0.0227396 -1.44433
0.00564108 -0.0233374 -1.44466
0.00576249 -0.023958 -1.44492
0.00589329 -0.0246144 -1.4451
0.00601853 -0.0252918 -1.44522
0.00607705 -0.025938 -1.44529
0.00602757 -0.0265483 -1.4453
0.00584801 -0.0270837 -1.44528
0.00552002 -0.0276084 -1.44518
0.0050551 -0.0281742 -1.44504
0.00449167 -0.0288137 -1.44485
0.00384753 -0.0295095 -1.44464
0.0031624 -0.0302116 -1.44439
0.00259515 -0.0310103 -1.44414
0.00199898 -0.0317837 -1.44382
0.00135631 -0.032514 -1.44345
0.000659869 -0.0331938 -1.44302
-8.95174e-05 -0.0338368 -1.44254
-0.00112291 -0.0344004 -1.442
-0.00219817 -0.0349819 -1.44141
-0.0032993 -0.035593 -1.44076
-0.00437911 -0.0361941 -1.44007
-0.00542936 -0.0367311 -1.43934
-0.00644453 -0.0371765 -1.43858
-0.0074166 -0.0375422 -1.4378
-0.00834163 -0.0378188 -1.437
-0.00920252 -0.0380367 -1.43619
-0.0100008 -0.0381661 -1.43536
-0.0107217 -0.0382308 -1.43455
-0.0113539 -0.0381976 -1.43376
-0.0119081 -0.0381075 -1.43301
-0.0124011 -0.037958 -1.4323
-0.0128294 -0.0377431 -1.43162
-0.0131741 -0.0374761 -1.43098
-0.0134403 -0.0372112 -1.43041
-0.0136389 -0.0369588 -1.42991
-0.0137552 -0.0367333 -1.42949
-0.0137942 -0.036526 -1.42917
-0.0137491 -0.0363497 -1.42894
-0.0136418 -0.0361935 -1.42879
-0.0134588 -0.0360443 -1.42873
-0.0131089 -0.0359242 -1.42876
-0.0127483 -0.0358119 -1.42884
-0.0124021 -0.0357305 -1.42895
-0.0120975 -0.0356858 -1.4291
-0.011924 -0.0356759 -1.4293
-0.0118312 -0.0357445 -1.42956
-0.011786 -0.0358849 -1.42985
-0.0117825 -0.0360594 -1.43017
-0.0118318 -0.0362393 -1.4305
-0.0119454 -0.0364038 -1.43086
-0.0121184 -0.03654 -1.43125
-0.0123652 -0.0366792 -1.43167
-0.0126104 -0.0367839 -1.4321
-0.0129013 -0.0368983 -1.43254
-0.0132473 -0.0370095 -1.433
-0.0136204 -0.0371106 -1.43349
-0.0140085 -0.0371862 -1.434
-0.0145507 -0.0373376 -1.4345
-0.0151264 -0.0374649 -1.435
-0.0157347 -0.0375332 -1.43548
-0.0163797 -0.0375369 -1.43593
-0.0170511 -0.0374838 -1.43634
-0.0177381 -0.0373886 -1.43669
-0.0184527 -0.0372733 -1.43701
-0.0191689 -0.0371407 -1.4373
-0.0198859 -0.0370235 -1.43756
-0.0205976 -0.0369254 -1.43779
-0.0212889 -0.0368226 -1.43798
-0.0219661 -0.0366715 -1.43816
-0.0226043 -0.0364537 -1.43832
-0.0232185 -0.0361985 -1.43848
-0.0238016 -0.0359211 -1.43862
-0.024338 -0.0356242 -1.43876
-0.024802 -0.0353335 -1.43887
-0.0251854 -0.0350562 -1.43894
-0.0254988 -0.0347858 -1.43901
-0.0257233 -0.0344894 -1.43905
-0.0258742 -0.0341376 -1.43907
-0.0259592 -0.0337088 -1.43906
-0.0259895 -0.0332112 -1.43906
-0.0259572 -0.0326668 -1.43906
-0.0258759 -0.032113 -1.43904
-0.0257633 -0.0315616 -1.43898
-0.0255981 -0.0310559 -1.43888
-0.0253825 -0.0306009 -1.43877
-0.0251617 -0.0301795 -1.43864
