%roll pitch yaw
0.0229809 -0.00165555 0.00459225
0.0227568 -0.00133923 0.00420926
0.0227976 -0.00124391 0.0038749
0.0234997 -0.0015885 0.00360237
0.0243766 -0.00207485 0.00336263
0.025394 -0.00263136 0.00316083
0.0265247 -0.00329003 0.00295982
0.0277676 -0.00399044 0.00277419
0.0290963 -0.00473247 0.00264075
0.0302231 -0.0053204 0.00256131
0.0313977 -0.0059006 0.00253074
0.0327798 -0.0065095 0.00253785
0.0341818 -0.00709341 0.00258011
0.035565 -0.00765729 0.0026546
0.036816 -0.00819173 0.00277748
0.0379616 -0.00867578 0.00297115
0.0389804 -0.00908642 0.00319938
0.0398038 -0.00943066 0.00347999
0.0404394 -0.00974214 0.00380356
0.040924 -0.0100537 0.00416853
0.0413407 -0.0104327 0.00456495
0.0416657 -0.0108247 0.00497055
0.0418206 -0.0111431 0.00536313
0.0418876 -0.0114839 0.00574438
0.0418762 -0.0117892 0.00614341
0.041747 -0.0121006 0.00655965
0.0414774 -0.0123741 0.00697891
0.041056 -0.0126409 0.0074063
0.0405273 -0.0128905 0.00784365
0.0398907 -0.0131307 0.00828491
0.0391928 -0.0133572 0.00875751
0.0384797 -0.0135868 0.0092456
0.0377749 -0.0138009 0.00971202
0.0371217 -0.0139733 0.010191
0.0365397 -0.014064 0.0106799
0.03605 -0.0140776 0.0111634
0.0356284 -0.0140248 0.0116701
0.0352805 -0.0139212 0.0121839
0.035026 -0.0137419 0.0127044
0.0348401 -0.0134632 0.0132111
0.034744 -0.0131682 0.0136766
0.034733 -0.0128304 0.0140831
0.0348104 -0.0124724 0.0144145
0.0349423 -0.0121163 0.0146637
0.0351787 -0.011741 0.014856
0.0355286 -0.0113306 0.0149716
0.0359632 -0.0109329 0.0150322
0.0364965 -0.0105677 0.0150063
0.0371275 -0.0102344 0.0149231
0.0378326 -0.00992131 0.0147618
0.0385991 -0.00965602 0.0145454
0.0394016 -0.0094351 0.0142972
0.0402723 -0.00927922 0.0140025
0.0411555 -0.00916042 0.0136885
0.042035 -0.00905075 0.0133682
0.0429039 -0.00895388 0.0130405
0.0437192 -0.00886514 0.0127062
0.0444445 -0.00881819 0.0123881
0.045076 -0.00881288 0.0120821
0.0456152 -0.00881661 0.0118077
0.0460613 -0.00878735 0.0115558
0.0464024 -0.00875424 0.0113365
0.0466574 -0.00873795 0.0111484
0.046817 -0.00871213 0.0109638
0.0469075 -0.00867905 0.0107884
0.0469283 -0.0086453 0.0106312
0.0468396 -0.00859162 0.0105306
0.0466778 -0.00850539 0.0104598
0.0464694 -0.00836933 0.0104313
0.0462017 -0.00819269 0.010451
0.0459202 -0.00799589 0.0104823
0.0456373 -0.00780318 0.0105403
0.0453637 -0.00761419 0.0106466
0.0451151 -0.00741131 0.0107684
0.0448967 -0.00719415 0.0109222
0.0447147 -0.00693843 0.0111074
0.0445576 -0.00664233 0.011324
0.0444313 -0.00634102 0.011541
0.0443409 -0.00604432 0.0117532
0.0443059 -0.00576495 0.0119767
0.0443023 -0.00553534 0.0121807
0.0443454 -0.00538305 0.0123638
0.0444422 -0.00524597 0.0125501
0.044586 -0.00508761 0.0127332
0.0447567 -0.00488506 0.0129265
0.0449597 -0.00465613 0.0131435
0.0451651 -0.0043897 0.0133666
0.0453727 -0.00408432 0.01363
0.0455986 -0.00374382 0.0139001
0.0458158 -0.00333849 0.0141675
0.0460074 -0.00285721 0.0144242
0.0461756 -0.00232746 0.0146945
0.0463274 -0.00176771 0.0149701
0.0464445 -0.00121437 0.0152615
0.0465254 -0.000671412 0.0155464
0.0465641 -0.000138491 0.0158328
0.046552 0.00038145 0.0161158
0.046512 0.000889798 0.0163726
0.0464306 0.00140554 0.0166073
0.0463251 0.00190716 0.0168168
0.0461968 0.00238229 0.0170086
0.0460618 0.00282187 0.0172044
0.0458995 0.00321392 0.0173884
0.045734 0.0035618 0.017565
0.0455414 0.00388153 0.0177318
0.0452731 0.00422007 0.0178762
0.0449319 0.00455786 0.0179977
0.0445212 0.00489202 0.018086
0.0440477 0.00521295 0.0181424
0.0435089 0.00555653 0.0181758
0.0429426 0.00590297 0.0181781
0.0424292 0.00623455 0.0181462
0.042024 0.00660751 0.0180926
0.0416491 0.00692815 0.018003
0.0413091 0.00728289 0.0178747
0.0409644 0.0078271 0.0176368
0.0405881 0.00864808 0.0172796
0.0400925 0.00970457 0.0168088
0.0393554 0.0108637 0.0162009
0.0382845 0.0120121 0.0154907
0.0368596 0.0130963 0.014692
0.0353778 0.0144158 0.0138223
0.0332954 0.0150022 0.0129076
0.0309735 0.0152665 0.0119775
0.0285496 0.015194 0.0110391
0.0261017 0.0147855 0.0101169
0.0236529 0.0140325 0.0092152
0.0212121 0.0130112 0.00834722
0.0187863 0.0117474 0.00751774
0.016335 0.0101835 0.00671061
0.0137823 0.00822931 0.00594807
0.0111542 0.0058083 0.00521905
0.00857071 0.00310084 0.00454088
0.00587059 0.000297652 0.00390261
0.00385318 -0.00236093 0.00329401
0.00221559 -0.00500303 0.00267443
0.00101647 -0.00754449 0.00200191
0.000219679 -0.00981075 0.00123945
-0.000273015 -0.0116773 0.000365007
-0.00052495 -0.0130768 -0.000528378
-0.000548718 -0.0139482 -0.00139129
-0.000338051 -0.0142519 -0.00218387
9.53191e-05 -0.0139724 -0.00288283
0.000376792 -0.0135074 -0.00347708
0.00125254 -0.0122138 -0.00396514
0.0022877 -0.0105739 -0.00435873
0.00345791 -0.00864465 -0.00469374
0.00470859 -0.00642168 -0.00497769
0.00605656 -0.00394232 -0.00522282
0.00738189 -0.00137719 -0.00541059
0.00830783 0.000797427 -0.00552508
0.00892113 0.00276375 -0.00554979
0.00917587 0.00446127 -0.00546529
0.00908728 0.00592217 -0.00525163
0.00873666 0.0071986 -0.00490831
0.00842232 0.00865124 -0.00444247
0.008021 0.00993711 -0.00388885
0.00733158 0.0106529 -0.00326005
0.00654903 0.0111361 -0.00256574
0.00570127 0.0113098 -0.00184139
0.00480503 0.0111663 -0.00110389
0.00386461 0.0107785 -0.000375448
0.0028782 0.0102708 0.000319942
0.0018652 0.00977301 0.000995919
0.000906185 0.00947135 0.00166088
-3.7294e-05 0.00926739 0.00231415
-0.00093309 0.00915449 0.00294981
-0.00175081 0.00908467 0.00359221
-0.00245576 0.00908346 0.00421954
-0.00311174 0.00900013 0.00482609
-0.00366627 0.00911879 0.00541164
-0.00418906 0.00928922 0.00599096
-0.00476256 0.00922913 0.00660814
-0.00529556 0.00914939 0.00725267
-0.00575334 0.0092064 0.00793756
-0.00617769 0.00928045 0.00866197
-0.00654783 0.00933443 0.00940368
-0.00686897 0.00932325 0.0101579
-0.00715325 0.00924291 0.0109145
-0.00744014 0.00908253 0.0116323
-0.0077373 0.00881803 0.0122983
-0.00803659 0.00844338 0.0128882
-0.00834139 0.00797166 0.0133887
-0.00865695 0.0073898 0.0138018
-0.00898613 0.00672707 0.0141246
-0.00929733 0.00602375 0.0143513
-0.00958856 0.00526558 0.0144671
-0.00983706 0.00442068 0.0144588
-0.0100289 0.00354385 0.0143317
-0.0101925 0.00270132 0.0140701
-0.0103311 0.00190061 0.0136675
-0.0104304 0.00115473 0.0131193
-0.0104976 0.000502235 0.01245
-0.0105373 -7.63112e-05 0.0116695
-0.0105589 -0.000606288 0.010795
-0.0105732 -0.00107975 0.00983615
-0.0105872 -0.00143192 0.00879769
-0.0106066 -0.00172327 0.00771877
-0.0106429 -0.00188743 0.00658258
-0.0107256 -0.0019244 0.00541771
-0.0108294 -0.00184191 0.00423436
-0.0109927 -0.00165695 0.00306541
-0.01123 -0.00140323 0.00192798
-0.0115649 -0.00109473 0.000819733
-0.0119583 -0.000729369 -0.000236877
-0.0124009 -0.000279346 -0.00123069
-0.0129069 0.00017583 -0.00216404
-0.0134734 0.000700505 -0.00301999
-0.0140407 0.00121698 -0.00380158
-0.0146094 0.00172744 -0.00449861
-0.0152001 0.00228785 -0.00511752
-0.0158066 0.00283738 -0.00565026
-0.0163787 0.00337819 -0.00608141
-0.0169345 0.00387182 -0.00642264
-0.0174452 0.00427292 -0.0066896
-0.0179136 0.00455513 -0.00688013
-0.0183568 0.00475891 -0.00702388
-0.0187414 0.0049148 -0.00712349
-0.0190312 0.00503344 -0.00717825
-0.0192671 0.00509707 -0.00719521
-0.0194481 0.00509945 -0.00716824
-0.0195748 0.00506067 -0.00707948
-0.0196921 0.00500418 -0.00693857
-0.0197395 0.00491945 -0.00675996
-0.0198032 0.00482863 -0.00654454
-0.0198335 0.00473089 -0.00628716
-0.0198603 0.00465896 -0.00599345
-0.0198515 0.00456065 -0.005651
-0.0198239 0.00442664 -0.00528449
-0.0197409 0.00423116 -0.00488424
-0.0196198 0.0039992 -0.0044599
-0.0194543 0.0037311 -0.00403302
-0.0192389 0.00347004 -0.0036037
-0.0189934 0.00319321 -0.00319298
-0.0186689 0.00289808 -0.00280993
-0.0183088 0.0025969 -0.0024643
-0.0178945 0.00228657 -0.00215645
-0.0174695 0.00192812 -0.0019008
-0.0169955 0.00149117 -0.00169724
-0.0165239 0.000987393 -0.0015403
-0.0160586 0.000458007 -0.00141105
-0.0155741 -8.64345e-05 -0.0013042
-0.0150508 -0.000604713 -0.00122287
-0.0145078 -0.00106956 -0.00114627
-0.0139451 -0.00151248 -0.0010782
-0.0134038 -0.0019885 -0.000999671
-0.0128852 -0.00249297 -0.000897239
-0.0123557 -0.00303508 -0.000773866
-0.0118817 -0.00358375 -0.000631838
-0.0114493 -0.00406139 -0.000461363
-0.0111176 -0.00443957 -0.000265318
-0.0108123 -0.0047276 -3.41914e-05
-0.0105905 -0.00495863 0.000209083
-0.0104045 -0.00520512 0.000447811
-0.0102684 -0.00548331 0.000673793
-0.0101824 -0.00578969 0.000893513
-0.0101166 -0.00614237 0.00110938
-0.0100768 -0.00650867 0.00133088
-0.0100434 -0.00683915 0.00153059
-0.0100116 -0.00712912 0.00173863
-0.0099215 -0.00738678 0.00196784
-0.00980938 -0.00765377 0.00222031
-0.00967494 -0.00797039 0.00248924
-0.00946667 -0.00831817 0.00273639
-0.00926168 -0.00868726 0.00295876
-0.0089632 -0.00905745 0.00313789
-0.00864488 -0.00941155 0.00328828
-0.00831742 -0.00972667 0.00341326
-0.00792439 -0.0100425 0.0035121
-0.00750706 -0.0103827 0.00360252
-0.00706176 -0.0107167 0.00368509
-0.00660753 -0.0110307 0.00377812
-0.00613906 -0.011314 0.0038618
-0.00569525 -0.0115684 0.00396849
-0.00531812 -0.0116537 0.0040928
-0.00497498 -0.0117168 0.00422385
-0.00464949 -0.0117599 0.00439255
-0.00429728 -0.0117726 0.00461958
-0.00390914 -0.011642 0.00491261
-0.0034748 -0.0113255 0.00526733
-0.00300328 -0.0108674 0.0056847
-0.0024548 -0.0103604 0.00613428
-0.00191353 -0.009872 0.00658533
-0.00125323 -0.00940967 0.00703196
-0.000501646 -0.00901131 0.00744141
0.00043191 -0.00875508 0.00779552
0.00151071 -0.00864202 0.0080936
0.00272681 -0.00865031 0.00836096
0.00404154 -0.00880177 0.00860011
0.00545559 -0.00912838 0.00881504
0.00692876 -0.00962904 0.00899726
0.00844482 -0.0102813 0.00913609
0.00995717 -0.0110404 0.00923044
0.011389 -0.011957 0.00928223
0.0129751 -0.0130912 0.00929164
0.0144123 -0.0143601 0.00926848
0.0156567 -0.0157132 0.00923145
0.0164232 -0.016864 0.00919588
0.016978 -0.017908 0.00914775
0.0173495 -0.0188085 0.00910972
0.0175241 -0.019449 0.00908542
0.0174901 -0.0198151 0.00908137
0.0172838 -0.0198663 0.00908081
0.0168936 -0.0196326 0.00909965
0.0163262 -0.0190617 0.00912866
0.0155889 -0.0181396 0.00914569
0.0147906 -0.017047 0.00916527
0.0138172 -0.0156429 0.00917081
0.0126743 -0.0139889 0.00913448
0.0114114 -0.0121388 0.00905551
0.0100788 -0.010146 0.00891893
0.00875176 -0.00806633 0.00875023
0.00751856 -0.00596176 0.00851816
0.00638237 -0.00376063 0.00821965
0.00580379 -0.00204652 0.00790488
0.00549181 -0.000565037 0.007568
0.00541026 0.000599784 0.00724097
0.00554248 0.00142566 0.00695087
0.00554199 0.00233547 0.00670421
0.0056717 0.00290381 0.00648679
0.00586621 0.00315937 0.00629712
0.00613448 0.00325216 0.00612238
0.00648122 0.00325199 0.00594216
0.00687224 0.00321375 0.00573148
0.00727453 0.00309531 0.00550988
0.0079349 0.00273845 0.0053167
0.00841088 0.00261717 0.00516373
0.00891042 0.00250127 0.00506008
0.00939203 0.00234845 0.00502054
0.00989156 0.00213145 0.00508227
0.0103922 0.0018758 0.0052479
0.0108851 0.00156786 0.00548481
0.0113904 0.00117104 0.00576582
0.0119321 0.000703096 0.00606448
0.0124987 0.000264875 0.00634389
0.0130743 -0.000168357 0.00660217
0.0136598 -0.000602466 0.00685496
0.0142005 -0.00107248 0.00710044
0.0146892 -0.00159303 0.00734876
0.0150984 -0.00220392 0.00756089
0.0154385 -0.00290688 0.0077781
0.0157228 -0.00371534 0.00799035
0.0159323 -0.00462923 0.00817093
0.0161259 -0.00563614 0.00833516
0.016324 -0.00667607 0.00849404
0.016513 -0.00774796 0.00867085
0.0167007 -0.00882879 0.00888055
0.016871 -0.00992726 0.00914858
0.0170364 -0.0110249 0.00950565
0.0171792 -0.0121075 0.00994918
0.0172893 -0.0131243 0.0104606
0.0173235 -0.0140467 0.0110563
0.0172794 -0.0148639 0.0117207
0.0171497 -0.0155356 0.012429
0.0169716 -0.0160765 0.0131801
0.0167643 -0.016461 0.0139457
0.0165628 -0.0167297 0.0147274
0.016379 -0.0168796 0.0155179
0.0162326 -0.0169362 0.0162714
0.0161518 -0.0168777 0.0169782
0.0161586 -0.0167183 0.017645
0.0162457 -0.016461 0.0182486
0.0164136 -0.0161128 0.0187892
0.0166492 -0.0157066 0.0192486
0.0169417 -0.0152977 0.0196276
0.0172909 -0.0148515 0.0199245
0.0177066 -0.0143744 0.0201353
0.0181843 -0.0139144 0.020255
0.0187012 -0.0134798 0.0202612
0.0192534 -0.0130966 0.0201706
0.0198336 -0.012742 0.020023
0.0204522 -0.0124508 0.0198039
0.0210847 -0.0122221 0.0194992
0.0217041 -0.01208 0.0191446
0.0223055 -0.0120043 0.0187492
0.0228716 -0.0119835 0.0183117
0.0234027 -0.0120146 0.0178314
0.0238886 -0.0120979 0.0173382
0.0243105 -0.0122304 0.0168454
0.0246851 -0.012389 0.0163611
0.0250127 -0.012559 0.0158739
0.025291 -0.0127717 0.0153822
0.0255094 -0.0130131 0.0148997
0.0256919 -0.0132895 0.0144011
0.0258478 -0.0135682 0.0139133
0.0259712 -0.013855 0.0134139
0.0260765 -0.0141726 0.0129141
0.0261519 -0.0144913 0.012432
0.0262334 -0.0148184 0.0119709
0.0263145 -0.0151244 0.0115529
0.0263845 -0.0154324 0.0111717
0.0264472 -0.0157248 0.0108413
0.026497 -0.0160274 0.0105756
0.0265322 -0.0163569 0.0103671
0.0265574 -0.0167085 0.0101819
0.0265908 -0.0170895 0.0100177
0.0266061 -0.0174521 0.0099074
0.02661 -0.0177971 0.00984937
0.0266272 -0.0181243 0.00983221
0.0266514 -0.0184582 0.00984078
0.0266612 -0.0188183 0.0098657
0.0266671 -0.0192163 0.0099156
0.0266771 -0.0196166 0.00997887
0.0266758 -0.0199913 0.0100414
0.0266847 -0.0203197 0.010126
0.0267034 -0.0205778 0.0102462
0.0267666 -0.0207532 0.0103755
0.0268871 -0.0208529 0.0105303
0.0270648 -0.0209006 0.0107114
0.0272927 -0.0208876 0.0109104
0.0275798 -0.020832 0.011124
0.0278741 -0.0207345 0.0113458
0.0281811 -0.0206194 0.0115627
0.0284814 -0.0204664 0.0117492
0.028759 -0.0202964 0.0119171
0.0289975 -0.0201134 0.0120462
0.0292226 -0.0199401 0.0121452
0.0294278 -0.0198274 0.0122241
0.0296232 -0.0197639 0.0123039
0.0298208 -0.019723 0.0124053
0.0300061 -0.0196613 0.0125478
0.0301599 -0.0195672 0.0127098
0.0302722 -0.0194377 0.0128977
0.0303058 -0.019296 0.0130971
0.0302639 -0.0191353 0.0132761
0.0301122 -0.0190044 0.0134359
0.0298697 -0.0188608 0.013569
0.0295935 -0.0186881 0.0136836
0.0292965 -0.0185039 0.0137911
0.0289987 -0.0183226 0.0138841
0.0287611 -0.018116 0.0139902
0.028575 -0.0179142 0.0141156
0.0284113 -0.0177169 0.014235
0.0282698 -0.0175015 0.0143308
0.0281393 -0.0172299 0.0143813
0.0280223 -0.0169459 0.0143418
0.0279496 -0.0166887 0.0142004
0.027995 -0.0162981 0.0139584
0.0281061 -0.0158675 0.0136146
0.0282589 -0.0153564 0.0131826
0.0284731 -0.0147502 0.0126757
0.0287171 -0.0140093 0.0121306
0.0289433 -0.0132014 0.0115633
0.0290256 -0.0124301 0.01098
0.0289038 -0.0117331 0.0104342
0.0287321 -0.010983 0.00990739
0.0281308 -0.0104964 0.0093749
0.0272874 -0.0101939 0.00884398
0.0262383 -0.010141 0.00834242
0.0250386 -0.0103106 0.00787431
0.0237201 -0.01063 0.00745594
0.0223218 -0.0110677 0.00713569
0.0208867 -0.011604 0.00691362
0.0194616 -0.0122146 0.00675772
0.0181183 -0.0128347 0.00666665
0.0168993 -0.0134915 0.00659977
0.0157277 -0.0142533 0.00655701
0.014859 -0.0149911 0.00650813
0.0142035 -0.0157659 0.00644773
0.01376 -0.016516 0.0063769
0.0134958 -0.0171687 0.00629396
0.0133734 -0.0176942 0.00619325
0.0133919 -0.0180163 0.00608624
0.0135888 -0.0180328 0.00597278
0.0139907 -0.0177025 0.0058553
0.0144667 -0.0172741 0.00573658
0.0151561 -0.0165143 0.00561408
0.0160353 -0.015465 0.00551292
0.0170711 -0.0141537 0.00544949
0.0182188 -0.0126014 0.00543393
0.0194054 -0.0108605 0.00546105
0.0205487 -0.00899615 0.00553842
0.0215822 -0.00711257 0.00571525
0.0224562 -0.00529107 0.00594685
0.0231205 -0.00355588 0.00623329
0.0235858 -0.00191688 0.00659073
0.0239022 -0.000405379 0.00699698
0.0240953 0.000890834 0.00745401
0.024173 0.00191941 0.00793228
0.0242051 0.00266503 0.00843674
0.0242295 0.00313943 0.00895927
0.024253 0.00338164 0.00948247
0.0242571 0.00346446 0.00998921
0.0242475 0.00344976 0.01049
0.0242063 0.00339276 0.0109903
0.0241491 0.00327722 0.0114863
0.024098 0.00310186 0.0119688
0.0241126 0.0028696 0.012413
0.0241949 0.00259623 0.0128083
0.0243337 0.00226272 0.0131625
0.0245236 0.00188298 0.0134981
0.0247676 0.00147353 0.0138222
0.0250567 0.00105827 0.0141281
0.0253512 0.000653976 0.0143897
0.0256467 0.000235948 0.0146519
0.0259289 -0.000187498 0.0148981
0.0261927 -0.000642789 0.0151223
0.0264814 -0.00110245 0.0153185
0.0267984 -0.00160597 0.0154813
0.0271547 -0.00214128 0.0156143
0.0275364 -0.00274074 0.0157114
0.0279141 -0.00337643 0.0157939
0.0282783 -0.00406438 0.0158556
0.0286211 -0.00478214 0.0158767
0.0289623 -0.00549998 0.0158415
0.0292913 -0.00619569 0.0157641
0.029619 -0.00687958 0.0156157
0.0299599 -0.00753319 0.0153756
0.0303114 -0.00817693 0.0150288
0.0307032 -0.00878763 0.0145637
0.0311263 -0.00936438 0.0139934
0.0315667 -0.00986146 0.0133046
0.032009 -0.01028 0.0125037
0.0324678 -0.0105482 0.0116231
0.03291 -0.0106831 0.0106809
0.0333512 -0.0107239 0.00968834
0.0337919 -0.0107073 0.0086773
0.034212 -0.0106045 0.00765751
0.0346321 -0.0103998 0.00663606
0.0350177 -0.0101139 0.00562991
0.0353772 -0.00974305 0.00465416
0.0356795 -0.00926285 0.0037374
0.0359686 -0.0086851 0.00287061
0.0361592 -0.00803652 0.0020799
0.0363144 -0.00735034 0.00135947
0.0364344 -0.00661422 0.000708102
0.0364872 -0.00583649 0.000134917
0.0365058 -0.00500813 -0.000352817
0.0364799 -0.00418769 -0.000754153
0.0364211 -0.00336849 -0.00107673
0.0363536 -0.00261085 -0.00132063
0.0362761 -0.00189039 -0.00148111
0.0361975 -0.00120436 -0.00155336
0.0361297 -0.000557345 -0.0015513
0.0360981 3.85255e-05 -0.00150105
0.0360906 0.000539563 -0.00141523
0.0361351 0.000899002 -0.00127422
0.0362333 0.00117337 -0.00107987
0.0363792 0.00139423 -0.000861862
0.0365852 0.00160571 -0.000615795
0.0367988 0.00177666 -0.00033182
0.0370151 0.00192638 7.88221e-06
0.0372989 0.00203488 0.000395608
0.0375641 0.00212353 0.000824193
0.0378486 0.00220746 0.00127022
0.0381634 0.00230782 0.00173778
0.0384974 0.00237446 0.00221708
0.0388749 0.00241114 0.00269066
0.0392935 0.00243259 0.00317223
0.0397219 0.0024705 0.00369106
0.040155 0.00252964 0.00420095
0.0405394 0.00257953 0.00467061
0.0409524 0.00253802 0.0051077
0.0413422 0.00246202 0.00552164
0.0417221 0.00236703 0.0059041
0.0421006 0.0022848 0.00625421
0.0425441 0.00215258 0.00655092
0.0429854 0.0020067 0.00678524
0.0434723 0.00184158 0.00696435
0.0439616 0.00165897 0.00710497
0.0444456 0.00145393 0.00720496
0.0449357 0.00129453 0.00726985
0.0453952 0.00110039 0.00731653
0.0457927 0.000834341 0.0073406
0.0461434 0.000518627 0.00733768
0.046413 0.000221021 0.00732311
0.046652 -3.91587e-05 0.0073131
0.0468293 -0.000245075 0.00730298
0.0469269 -0.000391594 0.00728349
0.0470117 -0.000522132 0.00729234
0.0469848 -0.000631193 0.00729376
0.04692 -0.000775502 0.00728108
0.0467321 -0.000938737 0.0072905
0.0464641 -0.00113196 0.00729479
0.0461196 -0.0013209 0.00728621
0.0457378 -0.00147797 0.00724418
0.0453056 -0.00163345 0.00716448
0.0448552 -0.00179627 0.0070759
0.0444083 -0.0019668 0.00695151
0.0439226 -0.00222663 0.00682076
0.043471 -0.00250339 0.00667523
0.0430169 -0.00276478 0.00648538
0.0425966 -0.00303202 0.00626038
0.0422394 -0.00329907 0.00599703
0.0419022 -0.00360132 0.00570726
0.0416024 -0.00388464 0.00539142
0.0413662 -0.00415848 0.00505714
0.0411451 -0.00442045 0.0046964
0.0409677 -0.00465906 0.00431526
0.0408075 -0.00491792 0.00391106
0.0406184 -0.00519064 0.00349049
0.0404436 -0.00547615 0.00305641
0.0402015 -0.00577809 0.00265389
0.0399357 -0.00609385 0.0022899
0.0394959 -0.00623632 0.0019675
0.0390687 -0.00636018 0.00169555
0.0387213 -0.00663254 0.00148162
0.038411 -0.00687055 0.00134889
0.0381418 -0.00707416 0.00127714
0.0378651 -0.00722424 0.00126124
0.037652 -0.00738772 0.00126643
0.0374441 -0.00752397 0.00129453
0.037273 -0.00765704 0.00135652
0.0370751 -0.00778207 0.00143092
0.0368278 -0.00790579 0.00150611
0.0365443 -0.00801281 0.001593
0.0362467 -0.00807764 0.00169619
0.0359769 -0.00814085 0.00183368
0.0357509 -0.00821657 0.0020067
0.0355838 -0.00828906 0.00222733
0.0355592 -0.00844226 0.00248973
0.035645 -0.00866755 0.00276403
0.0358197 -0.00902752 0.00303789
0.0361535 -0.00943272 0.0032832
0.0364905 -0.00983553 0.0035001
0.0368441 -0.010244 0.00367965
0.0372024 -0.0106824 0.00382905
0.0374568 -0.0111113 0.00394276
0.0376195 -0.011464 0.00405112
0.0376188 -0.0117335 0.00415808
0.0374514 -0.0119509 0.00425325
0.0370874 -0.0120028 0.0043404
0.0365195 -0.0118131 0.00442691
0.0356713 -0.0111144 0.00450446
0.0346937 -0.0101665 0.0045822
0.0336495 -0.00893229 0.00464253
0.0325922 -0.00741997 0.00467421
0.0315357 -0.00568879 0.00469061
0.0304395 -0.00374585 0.00468882
0.0293906 -0.00166782 0.00466673
0.0284078 0.000406305 0.00460968
0.0276472 0.00211448 0.00451519
0.026935 0.00364141 0.00437072
0.0262801 0.0049958 0.00417293
0.0257126 0.006162 0.00390972
0.0252311 0.00712513 0.00358866
0.0248869 0.00783987 0.00322082
0.0246952 0.008329 0.00285878
0.0246329 0.00856003 0.00249665
0.0242896 0.00888082 0.00210716
0.0241265 0.00891789 0.00173015
0.0241291 0.00875616 0.00134337
0.024274 0.00846651 0.000936987
0.0248664 0.00784734 0.000547834
0.0255558 0.00713391 0.000200165
0.0262952 0.00638907 -9.89157e-05
0.0270153 0.0056691 -0.000338615
0.0274247 0.00515918 -0.000479892
0.0278023 0.00461329 -0.000518037
0.0281289 0.00403428 -0.000466007
0.028405 0.00346957 -0.000335758
0.0286574 0.00292661 -0.000133282
0.0288332 0.00241752 0.000118983
0.0289478 0.00193166 0.000407137
0.0290207 0.00143601 0.000730977
0.0290622 0.000915177 0.00109885
0.0290826 0.000341687 0.00146907
0.0290744 -0.000277487 0.00185252
0.0290284 -0.000935608 0.00222114
0.0289431 -0.00161946 0.00259336
0.0288098 -0.00231437 0.00297927
0.0286342 -0.00301462 0.00337931
0.0283853 -0.00372805 0.00382147
0.0280711 -0.0044822 0.00428531
0.0276966 -0.00525982 0.0047779
0.0273131 -0.00607389 0.00526542
0.0269352 -0.00692491 0.00575889
0.0265691 -0.00779605 0.00623823
0.0262587 -0.00862483 0.00670592
0.0260045 -0.00941528 0.00715246
0.0258 -0.0101496 0.00759798
0.025652 -0.0108196 0.00806944
0.0255316 -0.011386 0.00853921
0.0254221 -0.0118711 0.00903387
0.0253008 -0.0122538 0.00954166
0.0251769 -0.0125527 0.0100481
0.0250487 -0.0127884 0.010546
0.0249371 -0.0129619 0.0110053
0.0248767 -0.0130956 0.0114108
0.0248738 -0.0131934 0.0117576
0.0249657 -0.0132238 0.0120452
0.0251793 -0.0131863 0.0122491
0.0254741 -0.0130693 0.0123709
0.0258398 -0.0129323 0.0124149
0.0262338 -0.0127997 0.0123958
0.026668 -0.012634 0.0123071
0.0271024 -0.0124513 0.0121535
0.0275404 -0.0123035 0.0119311
0.0279821 -0.0122031 0.0116461
0.0284369 -0.0121524 0.0112996
0.0289014 -0.0121162 0.0109006
0.0293627 -0.0121093 0.0104707
0.0298114 -0.0121402 0.0100121
0.0302439 -0.0121764 0.00954348
0.0306741 -0.0122279 0.00905383
0.0310849 -0.012267 0.0085688
0.0314373 -0.0123537 0.00810408
0.0317222 -0.0124712 0.00766918
0.031968 -0.0126165 0.00726808
0.0321835 -0.0127841 0.00691493
0.0323536 -0.0129417 0.00657932
0.032487 -0.0130773 0.00623866
0.0325905 -0.0132098 0.00590065
0.032659 -0.0132939 0.00557307
0.0326873 -0.0133735 0.00525673
0.0326612 -0.013441 0.00496552
0.0326099 -0.0135305 0.00470066
0.0325427 -0.0136253 0.00445781
0.0324781 -0.0137215 0.00426322
0.0324373 -0.0138102 0.00412026
0.0324045 -0.013933 0.00403081
0.0323701 -0.0140414 0.00399415
0.0323797 -0.0141214 0.00400648
0.0324262 -0.0141709 0.00404628
0.032456 -0.0142441 0.00413011
0.0324891 -0.0143363 0.00425179
0.0325299 -0.0144571 0.00437081
0.0325567 -0.0145996 0.0045164
0.0325667 -0.0147939 0.00468594
0.032558 -0.0150256 0.00487855
0.0325499 -0.0153014 0.0050626
0.0325452 -0.0155714 0.00523539
0.0325678 -0.0158634 0.00543231
0.0326194 -0.0161444 0.00563492
0.0327057 -0.0163921 0.00584039
0.0328182 -0.0165997 0.00607327
0.0329688 -0.0167841 0.00630973
0.0331427 -0.0169099 0.00655086
0.0333285 -0.0169688 0.00676722
0.0335345 -0.0169491 0.00696806
0.0337666 -0.0168546 0.00716419
0.0340144 -0.0166951 0.00736191
0.0342673 -0.0165126 0.00756165
0.0345025 -0.0163417 0.00775341
0.0347424 -0.0161752 0.00794201
0.0349335 -0.016041 0.00811887
0.0350567 -0.015948 0.00827328
0.0351024 -0.0158753 0.00840942
0.0350591 -0.0157843 0.00852686
0.0349424 -0.0156349 0.00860165
0.0347737 -0.0154482 0.00864938
0.0345671 -0.0152394 0.00869344
0.0343408 -0.0150618 0.00873275
0.0340945 -0.0149112 0.00876953
0.0338256 -0.0148139 0.0088164
0.0335083 -0.0147449 0.00887457
0.0331303 -0.0146338 0.00892677
0.0326978 -0.0144568 0.00895938
0.0321882 -0.0142239 0.00894709
0.03163 -0.0139496 0.00889699
0.0310605 -0.0136481 0.00880247
0.0305023 -0.0133572 0.00867422
0.0299986 -0.0130797 0.00848664
0.0295861 -0.012777 0.00825601
0.0292352 -0.0124646 0.00798775
0.0289687 -0.0121446 0.00768605
0.0287735 -0.0118297 0.00736494
0.0286451 -0.0114977 0.00699618
0.0285372 -0.0111127 0.00657164
0.0284802 -0.0107331 0.00607907
0.0285745 -0.0102558 0.00551256
0.0287181 -0.0097577 0.00484976
0.0288785 -0.00920567 0.00413681
0.0289988 -0.00855668 0.00339531
0.0289896 -0.00788482 0.00266531
0.0288244 -0.00728158 0.00197455
0.0285269 -0.0065647 0.0013526
0.0279114 -0.00623618 0.000807479
0.0270683 -0.00612413 0.000346949
0.0260276 -0.00628113 -2.25148e-05
0.0248217 -0.00670558 -0.000294087
0.0234947 -0.00730661 -0.000493637
0.0221175 -0.00801346 -0.000622512
0.0207342 -0.0087762 -0.000672703
0.0194509 -0.00955191 -0.000666039
0.0181993 -0.0103835 -0.000611246
0.0172177 -0.011166 -0.000531446
0.0163751 -0.0119366 -0.000426251
0.0156635 -0.0127251 -0.000308793
0.0150916 -0.0135392 -0.000209717
0.0146842 -0.0143102 -0.000105032
0.0144451 -0.0149165 2.83283e-05
0.014413 -0.0152695 0.000204033
0.0143779 -0.0155796 0.000421639
0.0146196 -0.0154952 0.000691718
0.0151719 -0.0149866 0.00095497
0.0159505 -0.0140816 0.00116697
0.0169109 -0.0128306 0.00132055
0.0179862 -0.0113331 0.00140541
0.0191143 -0.00967723 0.00143656
0.0202019 -0.00796367 0.0014379
0.0212083 -0.00627555 0.00145814
0.0221126 -0.00466853 0.00153957
0.0228939 -0.00313527 0.00170384
0.0235303 -0.00164519 0.00195271
0.0240384 -0.000187686 0.00228127
0.0244271 0.00118079 0.00266868
0.0246959 0.00233978 0.0030759
0.024864 0.00319186 0.00349525
0.0249144 0.00375559 0.00392414
0.0248361 0.0040153 0.00435018
0.0246419 0.00402268 0.00474311
0.0243729 0.00382493 0.00511464
0.0240254 0.00353444 0.00549675
0.023625 0.00316453 0.00590221
0.0232161 0.00277315 0.00632945
0.0228603 0.00235868 0.00676732
0.022581 0.00191679 0.00722358
0.0223942 0.0014294 0.00770129
0.0222962 0.000914501 0.00818648
0.0222674 0.000393522 0.00863621
0.0222731 -0.000123581 0.00904577
0.0222805 -0.000660239 0.0094309
0.02228 -0.00122916 0.00977556
0.0223101 -0.00181945 0.0101051
0.0224014 -0.00242423 0.0104254
0.0225551 -0.00304756 0.0107417
0.0228093 -0.00372322 0.0110369
0.0231697 -0.00443957 0.0113399
0.0236153 -0.00518675 0.0116351
0.0241079 -0.00593776 0.0119269
0.0246416 -0.0067476 0.0121909
0.0251609 -0.00759759 0.0124173
0.0256551 -0.00845063 0.0125768
0.0261259 -0.00930263 0.0126665
0.0265886 -0.0101503 0.0126717
0.0270304 -0.0109966 0.0125975
0.0274911 -0.0118196 0.0124482
0.0279694 -0.0125959 0.0121952
0.0284738 -0.013323 0.0118359
0.02898 -0.0139624 0.0113709
0.0294824 -0.0145314 0.0108001
0.0299807 -0.0149873 0.010161
0.0304702 -0.0153173 0.00943858
0.0309502 -0.0155374 0.00865022
0.0314107 -0.0156722 0.00779196
0.0318643 -0.0157042 0.00691109
0.0322906 -0.0156329 0.00601219
0.0326917 -0.0154909 0.005106
0.0330486 -0.0152855 0.0042095
0.0333757 -0.0149988 0.00333413
0.0336435 -0.0146262 0.00249078
0.0338588 -0.0141897 0.00167095
0.0340095 -0.0136781 0.000906443
0.0340723 -0.013118 0.000202835
0.0340934 -0.0124973 -0.000424834
0.0340701 -0.0118785 -0.000995226
0.0340208 -0.0112775 -0.00149862
0.0339427 -0.0106778 -0.00193428
0.033839 -0.0100827 -0.00229954
0.0337365 -0.00952625 -0.00256454
0.0336503 -0.00898919 -0.00274207
0.0336195 -0.00853173 -0.00283713
0.0336038 -0.00815377 -0.0028748
0.0336278 -0.00784038 -0.00283029
0.0336893 -0.00760553 -0.00271252
0.0338111 -0.00744261 -0.00254809
0.0339861 -0.00735285 -0.00237193
0.0341855 -0.00736262 -0.00216773
0.0344604 -0.00735716 -0.00192629
0.0347608 -0.00736008 -0.00163449
0.0350895 -0.00740594 -0.0013142
0.0354613 -0.00750598 -0.00097638
0.0358601 -0.00760317 -0.000607635
0.0362749 -0.00768581 -0.000200644
0.0367448 -0.00772495 0.000236926
0.0371973 -0.00777654 0.000700801
0.0376459 -0.00779497 0.00119156
0.0381099 -0.00783119 0.00170454
0.0385573 -0.00789928 0.00221761
0.0389959 -0.00799909 0.00274435
0.0394762 -0.00810316 0.00326065
0.0399291 -0.00817619 0.00375781
0.0403631 -0.00820693 0.00421946
0.0408281 -0.00821911 0.00465677
0.0412987 -0.00820357 0.00503288
0.0418226 -0.00819939 0.00538811
0.0423059 -0.00820798 0.00568672
0.0427944 -0.00827325 0.00593186
0.0432825 -0.00839421 0.00613664
0.0437628 -0.00849394 0.00629138
0.0442416 -0.00859046 0.00643621
0.0446753 -0.00867602 0.00656521
0.0451295 -0.00874437 0.00667149
0.0455344 -0.00885355 0.00675721
0.0458977 -0.00895592 0.00681245
0.0462141 -0.00900077 0.00685361
0.0464702 -0.00901455 0.00689065
0.0466741 -0.00901347 0.00691465
0.046812 -0.00900463 0.00692577
0.0469056 -0.00907796 0.00691344
0.0469224 -0.00917145 0.00689533
0.0469184 -0.00927413 0.00685858
0.0468626 -0.00935099 0.00679277
0.0467915 -0.00944541 0.00671831
0.046661 -0.0095624 0.00661528
0.0465112 -0.00969841 0.00651268
0.0463366 -0.00985175 0.0063916
0.0461586 -0.0100444 0.00625979
0.0459397 -0.0102451 0.00611861
0.045713 -0.0104634 0.00596964
0.0455089 -0.0106614 0.00580735
0.0453089 -0.010849 0.00562283
0.0451278 -0.0110235 0.00541498
0.0449685 -0.0112486 0.00518893
0.0448304 -0.0114645 0.00493367
0.0446817 -0.0116989 0.00467594
0.0445172 -0.0119496 0.00440117
0.0443782 -0.0122306 0.004122
0.0442333 -0.0124907 0.00384529
0.0440702 -0.0127338 0.00358267
0.04391 -0.0130179 0.0033424
0.0437093 -0.0132989 0.0031134
0.0435179 -0.0135842 0.00289507
0.0433086 -0.0138519 0.00271517
0.0430762 -0.0141005 0.00257829
0.042858 -0.0143152 0.00248607
0.0426234 -0.0145492 0.00245265
0.0423853 -0.0147471 0.00243571
0.0421228 -0.0148961 0.00241302
0.0418762 -0.0149489 0.00239281
0.0416085 -0.0150082 0.00238858
0.0413287 -0.0151014 0.00239521
0.0410561 -0.0151859 0.0024018
0.0407809 -0.0152392 0.00243
0.0406224 -0.0152121 0.00248338
0.04056 -0.0151057 0.0025446
0.0405936 -0.015029 0.00264765
0.0407827 -0.0149784 0.00279471
0.0410805 -0.0149747 0.00296394
0.0414724 -0.0150344 0.00314926
0.041946 -0.0152037 0.00333539
0.0425102 -0.0154282 0.00349329
0.0431104 -0.0156786 0.00357482
0.0436865 -0.0159518 0.00361239
0.0442588 -0.0162413 0.00362685
0.0447285 -0.0165054 0.00359855
0.0450317 -0.0167366 0.00356433
0.0452094 -0.0169893 0.0035353
0.0452666 -0.0172329 0.00352124
0.0451576 -0.0173468 0.00352981
0.0449375 -0.0173158 0.00356974
0.0446055 -0.0170758 0.00362489
0.0441709 -0.0165877 0.00368893
0.0435031 -0.0156018 0.00375643
0.0427458 -0.0143607 0.00379872
0.0418986 -0.0128445 0.00384035
0.0409638 -0.0111151 0.00386706
0.0399155 -0.00917506 0.00388909
0.0387557 -0.0071135 0.00388995
0.0375135 -0.00497766 0.00386697
0.0362306 -0.00281991 0.00380684
0.0349437 -0.000743698 0.00369285
0.0340034 0.000739369 0.00351259
0.0332227 0.00202745 0.00327253
0.0326208 0.00306848 0.00300232
0.0322011 0.00384332 0.00270284
0.0319824 0.00436605 0.00240334
0.0319034 0.00462547 0.00212214
0.0319495 0.00462306 0.00184005
0.0317439 0.00469643 0.00155674
0.0317169 0.00452117 0.00122718
0.0318405 0.00422814 0.000875446
0.0320779 0.00383138 0.000502035
0.0327254 0.0030563 0.00014163
0.0334046 0.00221524 -0.000190143
0.0340823 0.00138119 -0.000469172
0.0347028 0.000538096 -0.000679876
0.0350599 -0.000115194 -0.000779745
0.0353707 -0.000801333 -0.000784638
0.0356639 -0.00150178 -0.000702577
0.0359707 -0.00219847 -0.000544091
0.036254 -0.00286731 -0.000329723
0.0365127 -0.00348947 -6.79202e-05
0.0367177 -0.00409461 0.00023147
0.0368626 -0.00470431 0.0005417
0.0368969 -0.00537557 0.000863033
0.0368445 -0.0060881 0.00119571
0.0366895 -0.00683936 0.00150751
0.0364819 -0.00759459 0.00180908
0.0362382 -0.00833539 0.00213092
0.0359532 -0.00907274 0.00247896
0.0356245 -0.00983197 0.00286094
0.0353075 -0.0105694 0.00326776
0.0349623 -0.0113473 0.00370902
0.0345986 -0.0121403 0.00416042
0.0341963 -0.0129416 0.00461485
0.0337677 -0.0137474 0.00504519
0.0333227 -0.0145439 0.00545688
0.0328952 -0.0153258 0.00587245
0.0325133 -0.0160434 0.00628856
0.032174 -0.0166878 0.00669805
0.0318896 -0.0172371 0.00710627
0.0316659 -0.0177143 0.00751959
0.0314883 -0.0180889 0.00793767
0.0313497 -0.0183826 0.00837254
0.0312438 -0.0185943 0.00880884
0.0311498 -0.0187939 0.00919923
0.0310634 -0.0189524 0.00953739
0.0310166 -0.0190828 0.00984352
0.0310088 -0.0191372 0.0100884
0.0310353 -0.0191236 0.0102604
0.0311259 -0.0190368 0.0103418
0.0312903 -0.0189663 0.0103477
0.0315179 -0.0188778 0.0102703
0.0318186 -0.0188039 0.0101224
0.0321871 -0.0187337 0.00990168
0.0325994 -0.0187102 0.00961542
0.0330246 -0.0187154 0.0092716
0.0334524 -0.0187661 0.00888193
0.0338592 -0.0188108 0.0084415
0.0342419 -0.0188685 0.0079622
0.0345962 -0.0189452 0.0074734
0.0349358 -0.0190522 0.00698316
0.0352509 -0.0191822 0.0064848
0.0355409 -0.0193544 0.00596504
0.0357992 -0.0195762 0.00544747
0.0360329 -0.0198576 0.00494609
0.0362288 -0.0201473 0.00445821
0.0363753 -0.0204369 0.00400146
0.0364715 -0.0206919 0.00357073
0.0365162 -0.0209151 0.00317671
0.0365432 -0.021117 0.00282034
0.0365414 -0.021272 0.00248865
0.0365097 -0.0214165 0.00218114
0.0364639 -0.0215499 0.00190192
0.0363742 -0.0216869 0.00163999
0.036272 -0.0218081 0.00141234
0.0361643 -0.0219149 0.0012098
0.0360481 -0.021987 0.0010394
0.035954 -0.0220495 0.000926236
0.0358369 -0.0220871 0.000875357
0.0357323 -0.0221151 0.000873164
0.0356421 -0.0220831 0.000930544
0.0355451 -0.0220855 0.00102626
0.0354132 -0.0221265 0.00113801
0.0352839 -0.0222257 0.0012789
0.0351569 -0.0223282 0.00144494
0.0350095 -0.0224495 0.00163574
0.0348339 -0.0225477 0.00183855
0.0346501 -0.0226474 0.00203093
0.0344652 -0.0227343 0.00222438
0.0342844 -0.0228333 0.00243092
0.0341186 -0.0229164 0.00265179
0.0339608 -0.023038 0.00288541
0.0338144 -0.0231814 0.00312921
0.0337021 -0.0232932 0.00339789
0.0336006 -0.0233323 0.00368207
0.0335061 -0.0232526 0.00398496
0.033428 -0.0230684 0.00431584
0.0333714 -0.0227935 0.00465576
0.0333271 -0.0224743 0.00497909
0.0332453 -0.0221422 0.00528957
0.033133 -0.0218453 0.00557509
0.0329833 -0.0215735 0.00583747
0.0327844 -0.0213353 0.0060839
0.0325529 -0.0211084 0.00629814
0.0322961 -0.0208533 0.00649127
0.0320209 -0.0205495 0.00665899
0.0317464 -0.0201985 0.00681852
0.0314705 -0.019843 0.00697215
0.0311977 -0.0195225 0.00713465
0.0308864 -0.019234 0.00731413
0.0305285 -0.0189779 0.00749468
0.0300851 -0.0187306 0.0076748
0.0295753 -0.0184611 0.00782056
0.0289907 -0.0181393 0.00792976
0.0283314 -0.0177832 0.0079834
0.027634 -0.0174339 0.00799387
0.0269581 -0.0170985 0.00796865
0.0263114 -0.016733 0.00790756
0.0257179 -0.0163683 0.00782974
0.0251824 -0.0160185 0.00774346
0.0247068 -0.0156383 0.00764915
0.0242846 -0.0152593 0.00753959
0.0238762 -0.0148912 0.00738764
0.0234801 -0.014524 0.00718213
0.0232185 -0.0140095 0.00691405
0.0229869 -0.0134492 0.00656562
0.0228209 -0.0129202 0.0061454
0.0226818 -0.0123922 0.00567085
0.0225504 -0.0117649 0.00513554
0.0223655 -0.011017 0.00456798
0.0220412 -0.0102112 0.00399275
0.0215157 -0.00944453 0.00341457
0.0208903 -0.00854558 0.00285593
0.0198517 -0.00804791 0.0023519
0.0185706 -0.00775969 0.00191392
0.0170944 -0.00771856 0.00154919
0.0154728 -0.00794859 0.00128869
0.0137681 -0.00841754 0.0011348
0.0120355 -0.00903867 0.00108567
0.0103139 -0.00971108 0.00112452
0.00869441 -0.010375 0.00123823
0.00711586 -0.0110228 0.00141326
0.00576854 -0.0116836 0.0015959
0.00454809 -0.0123751 0.00177026
0.00343081 -0.0131829 0.00192649
0.00242873 -0.0140826 0.00204737
0.0015616 -0.0150637 0.00214659
0.000859585 -0.0160121 0.00225171
0.000389824 -0.0167493 0.00242764
-0.000142677 -0.0175169 0.00267338
-0.000407387 -0.0178403 0.00299631
-0.000298549 -0.0176772 0.00337289
0.000302446 -0.0167905 0.00375231
0.00111896 -0.0156329 0.00407493
0.00215747 -0.0141047 0.00430572
0.00331714 -0.0123325 0.00443069
0.00451216 -0.0104328 0.00447815
0.00563651 -0.00853354 0.0044681
0.00647579 -0.00705556 0.00446289
0.00714279 -0.00569542 0.00450806
0.0076099 -0.00441686 0.0046328
0.00805911 -0.00285017 0.00484288
0.00835366 -0.00137049 0.00514095
0.00849527 -0.000105488 0.00550668
0.00846312 0.000895791 0.00592386
0.00833935 0.0016296 0.00636856
0.00812956 0.00206244 0.00681504
0.00778661 0.00223555 0.00725507
0.00708785 0.00189649 0.00768698
0.0065444 0.00166741 0.00811735
0.00592464 0.00137323 0.00857505
0.00526621 0.00101456 0.00903981
0.00461229 0.000652884 0.00949749
0.00399696 0.000285066 0.00997547
0.00345137 -8.80433e-05 0.0104512
0.003003 -0.000480179 0.0109064
0.00262157 -0.000912835 0.0113596
0.00225742 -0.00140937 0.0118153
0.00189604 -0.00192573 0.0122421
0.00155142 -0.00243681 0.0126581
0.00120032 -0.00293521 0.0130549
0.000857256 -0.00343036 0.0134316
0.000563779 -0.0039616 0.0138066
0.000370785 -0.00447798 0.0141596
0.000293011 -0.00499221 0.0144923
0.000334767 -0.00555602 0.014789
0.000454487 -0.00619271 0.0150613
0.000615331 -0.00689679 0.0152974
0.000800584 -0.00766755 0.0155064
0.00100105 -0.00851115 0.0156766
0.00122172 -0.0093872 0.0158168
0.00146079 -0.010306 0.0158999
0.00169922 -0.0112288 0.0159233
0.00195135 -0.0121327 0.0158502
0.00222228 -0.0130146 0.0156703
0.00251022 -0.0138849 0.0153896
0.00283242 -0.0147177 0.0149997
0.00315701 -0.0154708 0.014512
0.00348302 -0.0161408 0.0139219
0.00380724 -0.0167218 0.0132385
0.00410609 -0.0171891 0.0124783
0.0043751 -0.0175461 0.011656
0.00458516 -0.0178136 0.0107645
0.00479039 -0.0179516 0.00984434
0.00494312 -0.0180446 0.00891772
0.00505013 -0.0180672 0.00799477
0.00510572 -0.0180348 0.00709834
0.00513598 -0.0178939 0.00624066
0.0050909 -0.0176707 0.00544159
0.00497119 -0.0173813 0.00469701
0.00477913 -0.0170149 0.00402312
0.0045164 -0.0166166 0.00341652
0.00418637 -0.0162067 0.00286503
0.00379819 -0.0157688 0.00238137
0.00334077 -0.0152884 0.00196934
0.00284279 -0.0148064 0.00163879
0.00234481 -0.0143408 0.00137289
0.00184053 -0.0139297 0.00119317
0.00137291 -0.0135964 0.00110569
0.000930947 -0.0133188 0.00108843
0.0005388 -0.0130841 0.00114347
0.000216874 -0.0128964 0.00125632
-4.6802e-05 -0.012763 0.00142088
-0.000232854 -0.0126843 0.00162794
-0.000354171 -0.0126805 0.00187458
-0.000367522 -0.012751 0.00212755
-0.000297257 -0.0128489 0.00240869
-0.000227171 -0.012993 0.00271661
-9.64891e-05 -0.0131365 0.00305041
7.73478e-05 -0.0132959 0.00341542
0.000286755 -0.0134487 0.00380206
0.000516815 -0.0136177 0.00419667
0.000798178 -0.013793 0.00460155
0.00112698 -0.0139666 0.00501604
0.00148115 -0.014148 0.00544862
0.00186971 -0.0143647 0.00589735
0.00229872 -0.0145933 0.00634197
0.00273272 -0.0148117 0.00677606
0.00312775 -0.0149559 0.00721513
0.00351605 -0.0151056 0.0076383
0.00390456 -0.0152781 0.00803949
0.00430139 -0.0154788 0.00838627
0.00467843 -0.0156879 0.00867409
0.00505808 -0.0159406 0.0089252
0.00547428 -0.0162462 0.00913108
0.00590172 -0.0165865 0.00928298
0.00635829 -0.0169043 0.0093674
0.00680001 -0.0172286 0.00942726
0.00722188 -0.0174985 0.0094582
0.00764995 -0.0177578 0.00947469
0.00804526 -0.018 0.00947263
0.00843075 -0.0182527 0.00943419
0.00878111 -0.0185557 0.00937525
0.00908248 -0.0188539 0.00931896
0.00935962 -0.0191102 0.00926001
0.00956521 -0.019318 0.00919963
0.00972395 -0.0194537 0.00916906
0.00986109 -0.0195385 0.00914736
0.00994237 -0.0195573 0.00913257
0.0100146 -0.0195523 0.00914084
0.0100672 -0.0195828 0.00914479
0.0100779 -0.0196663 0.00912193
0.0100644 -0.0198195 0.00908682
0.0100279 -0.0200346 0.00902971
0.00998135 -0.0202338 0.00897335
0.00993851 -0.0203764 0.0089114
0.00986931 -0.0204613 0.0088526
0.00980859 -0.0205486 0.00880777
0.00978631 -0.0206345 0.00877496
0.0098023 -0.0207187 0.00873389
0.00985014 -0.0208257 0.00870282
0.00993258 -0.0209693 0.00867846
0.0100752 -0.0211105 0.00865287
0.0102477 -0.0212379 0.00863357
0.0104831 -0.0213609 0.00863607
0.0107908 -0.0214784 0.00864493
0.0110827 -0.0215773 0.00867726
0.0114138 -0.0216756 0.00869573
0.0117167 -0.0217665 0.00870777
0.0120291 -0.0218438 0.00871795
0.0123282 -0.021897 0.00872683
0.0126026 -0.0219219 0.0087629
0.0128151 -0.0219137 0.00883297
0.0130255 -0.0218731 0.00896234
0.013212 -0.0218061 0.00913653
0.0133733 -0.0216965 0.00937683
0.0135613 -0.021555 0.0096644
0.0136915 -0.0214066 0.00995695
0.0138512 -0.0212768 0.0102501
0.0139933 -0.0211533 0.010575
0.0140074 -0.0208359 0.0109484
0.01409 -0.0205698 0.0113479
0.0141838 -0.0202265 0.0117491
0.0142761 -0.0198358 0.0121365
0.0144256 -0.0195092 0.0125155
0.0146103 -0.0192976 0.0128636
0.0148705 -0.019239 0.0131574
0.0152718 -0.0193002 0.0133723
0.0157435 -0.0194446 0.0134873
0.0162963 -0.0196907 0.0135064
0.0168979 -0.0199916 0.013496
0.0175313 -0.0203037 0.013441
0.018147 -0.020605 0.0133466
0.0187138 -0.0209192 0.01323
0.0192392 -0.0212528 0.0130835
0.019629 -0.0215693 0.012928
0.0198616 -0.0218497 0.012744
0.0199603 -0.0220454 0.0125173
0.0199168 -0.022106 0.0122544
0.0194895 -0.0216965 0.0119407
0.0189156 -0.0210522 0.0115886
0.018196 -0.020107 0.0111982
0.0173776 -0.018875 0.0107902
0.0164805 -0.0174962 0.0103785
0.0155172 -0.0158313 0.00998617
0.0145412 -0.0140201 0.00961746
0.0134253 -0.0119202 0.009274
0.0123245 -0.0096532 0.00891072
0.0112803 -0.00738218 0.00851109
0.0102685 -0.00521733 0.00805068
0.00934059 -0.00321447 0.00753494
0.00849303 -0.00142627 0.00695249
0.00816091 -0.00035799 0.00631778
0.00800086 0.000420692 0.00568686
0.00769639 0.00135296 0.00507143
0.00751476 0.00202945 0.00448385
0.00747101 0.00246338 0.00393762
0.00754948 0.00263137 0.00342427
0.00773182 0.00258698 0.00292345
0.00797122 0.00239457 0.00243123
0.00828196 0.00212411 0.0019782
0.0086634 0.00179093 0.001573
0.00910483 0.0014 0.00126248
0.00957067 0.000941254 0.00102006
0.0100383 0.000424131 0.000863581
0.0104886 -0.000113343 0.000850493
0.0108961 -0.000577902 0.000960971
0.0112236 -0.000977357 0.00117187
0.0114953 -0.00131227 0.00144795
0.0117555 -0.00160101 0.00179752
0.011988 -0.0018727 0.00220819
0.0122136 -0.00215881 0.00267539
0.012427 -0.00243872 0.00317258
0.0126079 -0.00272682 0.00369907
0.0126938 -0.00302266 0.00422322
0.0126416 -0.00335085 0.00471812
0.0125008 -0.00367996 0.00521122
0.0124291 -0.00413849 0.00568758
0.0121289 -0.00442618 0.00615704
0.0118113 -0.00473283 0.00666012
0.0115035 -0.00507222 0.00718183
0.0112438 -0.00547264 0.00772092
0.0110438 -0.00594009 0.00825245
0.0108858 -0.00644182 0.00878597
0.0107219 -0.00696094 0.0093324
0.0105348 -0.00746405 0.00988864
0.0103141 -0.0079308 0.0104712
0.0100451 -0.00833067 0.0110739
0.00976004 -0.00866476 0.0116691
0.00946324 -0.00891245 0.0122751
0.00917154 -0.00909612 0.0128752
0.00891372 -0.00923734 0.0134887
0.00870076 -0.00934432 0.0141001
0.00855552 -0.00939413 0.0146985
0.00846561 -0.00936228 0.0152593
0.00845129 -0.00923003 0.0157737
0.00851404 -0.00901443 0.0162214
0.00863696 -0.00873762 0.0166259
0.00882508 -0.00843339 0.01696
0.00907203 -0.00809122 0.0172251
0.00935302 -0.00774301 0.0174006
0.00966328 -0.00738508 0.0175038
0.0100127 -0.00702129 0.0175361
0.0103936 -0.00665483 0.0174878
0.0107966 -0.00627534 0.0173746
0.0111823 -0.00591023 0.0172193
0.0115385 -0.00555861 0.0170217
0.011885 -0.00522765 0.0167804
0.0122104 -0.00493418 0.0164713
0.0125095 -0.00468109 0.016133
0.0127889 -0.00446681 0.0157862
0.0130534 -0.00429464 0.0154333
0.0132992 -0.00414989 0.0150917
0.0135204 -0.00404371 0.0147767
0.0136978 -0.00398227 0.0144507
0.0138442 -0.00390752 0.014137
0.0139569 -0.00381821 0.0138353
0.0140236 -0.00370423 0.0135411
0.0140414 -0.00360858 0.0132667
0.0140342 -0.00352844 0.0129903
0.0140253 -0.00345412 0.012731
0.0140323 -0.00338606 0.0124598
0.0140395 -0.00333364 0.0121763
0.0140307 -0.00331242 0.0119108
0.0140456 -0.00329178 0.0116865
0.0140848 -0.00327955 0.0114849
0.0141237 -0.00329114 0.0113279
0.0141671 -0.00329096 0.0111858
0.0142098 -0.00327202 0.0110874
0.0142558 -0.00326026 0.0110078
0.014284 -0.0032906 0.0109925
0.0143098 -0.00338656 0.0110269
0.0143616 -0.00349981 0.0110871
0.0144123 -0.00363929 0.0111737
0.0144621 -0.00378812 0.0113163
0.0145392 -0.00394222 0.0115094
0.0146175 -0.00409934 0.011725
0.0146999 -0.004287 0.0119484
0.0148105 -0.00450831 0.0121844
0.0149411 -0.00473791 0.0124206
0.0151142 -0.00496946 0.0126498
0.0152999 -0.00523233 0.0128833
0.0155134 -0.00549994 0.0131413
0.0157654 -0.00571531 0.0133929
0.0160443 -0.00583141 0.0136187
0.0163531 -0.00585802 0.0138255
0.0166778 -0.00579438 0.0139962
0.0170189 -0.0056972 0.0141339
0.0173771 -0.00561286 0.0142564
0.0177355 -0.0055802 0.0143515
0.0180982 -0.00557711 0.0144351
0.0184763 -0.00557988 0.0144707
0.0188603 -0.00555722 0.0144992
0.0192317 -0.0055036 0.0145168
0.0196106 -0.00546193 0.0145424
0.0199785 -0.00541254 0.0145757
0.0203179 -0.00536836 0.0146098
0.0206259 -0.00534907 0.0146338
0.020879 -0.00536728 0.01465
0.0210624 -0.00538137 0.0146503
0.0211549 -0.00537369 0.0146165
0.0211649 -0.00534021 0.0145539
0.0211009 -0.00529907 0.0144557
0.0210203 -0.00524972 0.0143292
0.0209485 -0.00520768 0.0142028
0.02089 -0.00513553 0.0140974
0.020859 -0.0050031 0.01401
0.0208463 -0.00481874 0.0139314
0.0208328 -0.00460776 0.0138577
0.0207972 -0.0043736 0.0137755
0.020736 -0.00411747 0.0136604
0.0206448 -0.00383062 0.0135046
0.0205406 -0.00349108 0.013287
0.0204579 -0.00315005 0.0130016
0.0204636 -0.00268218 0.0126583
0.0205046 -0.00220996 0.0122613
0.0206148 -0.00167086 0.0118024
0.0207413 -0.000952228 0.0113077
0.0207879 -0.000116017 0.0107587
0.0206108 0.000752177 0.0101693
0.0201342 0.0015867 0.00955707
0.0197068 0.00269463 0.00895286
0.0186374 0.00311338 0.00838314
0.0172731 0.0031764 0.00788227
0.0156848 0.00288456 0.00746021
0.0139272 0.00225831 0.00713396
0.0120568 0.00130759 0.00692671
0.0101372 0.000108207 0.00689068
0.00820862 -0.00126585 0.00702086
0.0063167 -0.0027907 0.00726303
0.00451826 -0.00447136 0.00758077
0.0027092 -0.00632048 0.00794245
0.00125516 -0.008146 0.00830514
6.81782e-05 -0.00994412 0.00863247
-0.00084758 -0.0116914 0.00890199
-0.00150209 -0.0133173 0.00911037
-0.00189469 -0.0147601 0.0092858
-0.00201558 -0.0159016 0.0094741
-0.00185438 -0.0166937 0.00970428
-0.00142551 -0.0170475 0.0099745
-0.000975829 -0.0172834 0.0102693
-0.000255154 -0.0170348 0.0105499
0.000876344 -0.0160589 0.0107822
0.00220668 -0.014747 0.0109509
0.00374168 -0.0132072 0.0110514
0.00544202 -0.0113184 0.0110989
0.00720449 -0.00919504 0.0111094
0.00891189 -0.00700627 0.0111199
0.0104626 -0.00488101 0.011163
0.0114434 -0.00331857 0.0112419
0.0120965 -0.00197123 0.011379
0.012419 -0.000846624 0.0116011
0.0127334 0.000471999 0.0118924
0.0128042 0.00160219 0.0122412
0.0126903 0.00253497 0.0126162
0.0124814 0.00322926 0.012991
0.011886 0.00324825 0.0133534
0.0112386 0.00302808 0.0137259
0.0105503 0.00259123 0.0140964
0.0098317 0.00197848 0.0144782
0.00909922 0.00125751 0.0148503
0.00849946 0.000744406 0.0152277
0.00789453 0.000171586 0.0156096
0.00732248 -0.000422899 0.0159894
0.00681599 -0.00100039 0.0163667
0.0063841 -0.00157506 0.0167498
0.00600759 -0.00219646 0.0171006
0.00568859 -0.00284093 0.0174281
0.00542312 -0.00348925 0.0177548
0.00518144 -0.00414302 0.0180855
0.00495588 -0.00479713 0.0184249
0.00476486 -0.00545613 0.01876
0.00461041 -0.00611457 0.0191066
0.0045302 -0.00678769 0.0194683
0.00454791 -0.00749797 0.0198388
0.00465945 -0.00828228 0.0202129
0.00484266 -0.00912071 0.0205952
0.00507959 -0.010035 0.0209616
0.00534216 -0.0110109 0.0213235
0.0056013 -0.0120181 0.0216692
0.00586832 -0.0130826 0.0219746
0.00613078 -0.0141764 0.0221984
0.00639539 -0.0152979 0.022347
0.00663828 -0.0164244 0.022402
0.00688388 -0.0175391 0.0223448
0.00713449 -0.0186414 0.022133
0.00739735 -0.0196711 0.0218116
0.00768498 -0.0205984 0.0213454
0.0080064 -0.0214228 0.0207556
0.00834709 -0.0221641 0.020061
0.00870104 -0.0227997 0.0192772
0.00903684 -0.0233229 0.0184262
0.00934463 -0.0237396 0.0175148
0.0096397 -0.0240595 0.0165838
0.00989138 -0.0242898 0.0156377
0.0101072 -0.0243992 0.0147097
0.0102671 -0.0243685 0.0137904
0.0103873 -0.0241719 0.0128979
0.0104064 -0.0238374 0.0120445
0.0103751 -0.0234397 0.0112333
0.0102631 -0.022947 0.0104735
0.0100606 -0.0223747 0.00976889
0.0097754 -0.0217815 0.00914006
0.00945818 -0.0211784 0.00858268
0.00909692 -0.0205753 0.00808407
0.00869771 -0.0199482 0.00768356
0.00826758 -0.0193016 0.00738045
0.00785329 -0.0186942 0.00720147
0.00748341 -0.0181213 0.00712898
0.00714791 -0.017628 0.00714531
0.00684202 -0.0172325 0.00724178
0.00655867 -0.016915 0.0074027
0.00636011 -0.0166648 0.00762901
0.00621271 -0.0164587 0.00788993
0.00613808 -0.0163213 0.00817719
0.00612937 -0.0162593 0.00847017
0.00618191 -0.0162349 0.0087884
0.00630065 -0.0162412 0.00910501
0.00646887 -0.016277 0.00943632
0.00669037 -0.0163554 0.00979168
0.00695691 -0.0164408 0.0101638
0.00725495 -0.0165427 0.0105377
0.0075504 -0.016632 0.0109303
0.00791619 -0.0167335 0.0113374
0.008282 -0.0168351 0.0117515
0.00870715 -0.0169334 0.0121658
0.00911884 -0.0169984 0.0125664
0.00955593 -0.0170727 0.0129623
0.0100087 -0.0171952 0.0133422
0.0104647 -0.0173854 0.0137019
0.0109254 -0.0175692 0.014038
0.0113698 -0.0177372 0.0143132
0.0117801 -0.0179035 0.0145453
0.0122119 -0.0180936 0.0147376
0.0126531 -0.0182748 0.0148556
0.0130886 -0.0184798 0.0149377
0.0135136 -0.0187268 0.014988
0.0139393 -0.0190076 0.015009
0.014389 -0.0193162 0.0150123
0.0148478 -0.0196416 0.0150044
0.0153064 -0.0199839 0.015
0.015707 -0.0203451 0.015012
0.0161215 -0.0207028 0.0150112
0.0164478 -0.0210428 0.0150005
0.0167377 -0.0213362 0.0150076
0.016954 -0.0215912 0.0150378
0.0170963 -0.0217815 0.0150903
0.0171973 -0.021927 0.0151584
0.0172436 -0.022057 0.0152098
0.0172248 -0.0221809 0.0152592
0.0171694 -0.0223376 0.0153047
0.0170609 -0.0225343 0.0153356
0.016924 -0.0228066 0.0153771
0.0167575 -0.0230867 0.0154238
0.0165612 -0.0233641 0.0154849
0.0163653 -0.0236194 0.0155614
0.0161894 -0.023843 0.0156494
0.0160426 -0.0240336 0.0157321
0.0159177 -0.0242069 0.0158036
0.0158253 -0.0243881 0.0158522
0.0157166 -0.0246045 0.0158829
0.0156391 -0.0248309 0.0158918
0.0155341 -0.0250752 0.0158765
0.0154835 -0.0252953 0.0158565
0.0154579 -0.0254969 0.0158136
0.0154608 -0.0256458 0.0157599
0.0154844 -0.0257484 0.0156902
0.015565 -0.0258302 0.0156324
0.0156439 -0.0258984 0.0155909
0.0157872 -0.0259646 0.0155659
0.0159171 -0.026009 0.0155643
0.0159993 -0.0260095 0.0155912
0.016121 -0.025975 0.0156285
0.0162247 -0.025913 0.0156922
0.0162924 -0.0258534 0.015768
0.0163015 -0.0257603 0.0158659
0.0161497 -0.0254749 0.0159891
0.0159749 -0.0251231 0.0161166
0.0157942 -0.0247492 0.0163031
0.0156222 -0.0242987 0.0165348
0.0154817 -0.0237913 0.0168265
0.0153643 -0.0233098 0.0171369
0.0154017 -0.0228316 0.0174384
0.0156012 -0.0224384 0.0177239
0.0159461 -0.0222004 0.0179797
0.0163708 -0.0220929 0.0181697
0.0169174 -0.022081 0.0182789
0.0175303 -0.0221602 0.0183184
0.018238 -0.0223386 0.0182894
0.0189671 -0.0226257 0.018212
0.0197036 -0.023061 0.0181127
0.0205245 -0.0236562 0.0180059
0.0212539 -0.0243307 0.0178714
0.0218961 -0.0251019 0.0177121
0.0224617 -0.0259275 0.0175258
0.0227876 -0.0266283 0.0172972
0.0229962 -0.0272411 0.0170523
0.0230573 -0.0277342 0.016795
0.0229826 -0.0280043 0.0165065
0.0227543 -0.0280118 0.0161876
0.0223618 -0.027757 0.0158549
0.0219132 -0.0274262 0.0155304
0.0211682 -0.0266899 0.0152151
0.0203118 -0.0258119 0.0149227
0.0193071 -0.0246543 0.0146477
0.018196 -0.0232128 0.0143849
0.0170003 -0.0215678 0.0141184
0.0157427 -0.019807 0.0138471
0.0144652 -0.0180189 0.0135725
0.013243 -0.0162479 0.0132805
0.0120397 -0.0144358 0.0129481
0.0108728 -0.0125648 0.0125776
0.0102009 -0.0112573 0.012187
0.00968523 -0.0102137 0.0117965
0.00897533 -0.00899876 0.0114426
0.00848872 -0.00811715 0.0111077
0.00820211 -0.0075867 0.0108213
0.00811819 -0.00738896 0.0105721
0.008223 -0.00744527 0.0103508
0.0084501 -0.007618 0.0101504
0.00874579 -0.00782279 0.0099528
0.00908664 -0.00800575 0.00976291
0.00948596 -0.00821483 0.00958659
0.0099507 -0.00852178 0.00945584
0.0104479 -0.00898576 0.00936673
0.0109698 -0.00951952 0.00935536
0.0115193 -0.0100521 0.00940853
0.0120575 -0.010549 0.0095345
0.01256 -0.0110296 0.00971054
0.013032 -0.0114979 0.0099498
0.0134888 -0.011999 0.0102408
0.0139087 -0.0125746 0.0105656
0.0142856 -0.0131845 0.0108852
0.0146202 -0.0138258 0.0111747
0.0148804 -0.0144435 0.0114591
0.0150758 -0.01507 0.0117349
0.0151547 -0.015735 0.012001
0.0151134 -0.016418 0.0122586
0.0149495 -0.0170996 0.012492
0.0146343 -0.017813 0.0127361
0.0142245 -0.0185501 0.0129946
0.0137527 -0.0193569 0.0132524
0.0132562 -0.0201952 0.0135249
0.012758 -0.0210824 0.0138196
0.0122949 -0.021952 0.014138
0.0118279 -0.0228114 0.0144788
0.011367 -0.0236105 0.014864
0.0109008 -0.0243645 0.0152928
0.0104424 -0.0250244 0.0157793
0.00996459 -0.025589 0.0163162
0.0094716 -0.0260097 0.0168907
0.00897818 -0.0263624 0.0174836
0.00849217 -0.0266127 0.0180862
0.0080272 -0.0267795 0.0186831
0.00761003 -0.0268013 0.0192332
0.00728831 -0.0267369 0.0197668
0.0070721 -0.0265663 0.0202515
0.00697683 -0.0263521 0.0206907
0.00700931 -0.0260647 0.0210588
0.00716882 -0.02575 0.0213687
0.00741586 -0.0254148 0.0216362
0.00773743 -0.0250878 0.0218523
0.00813083 -0.0247563 0.02198
0.00860464 -0.0244062 0.0220496
0.00910933 -0.0240141 0.0220362
0.00961869 -0.0236439 0.021952
0.0101293 -0.023313 0.0218012
0.0106629 -0.0230294 0.0215783
0.0112047 -0.022799 0.0212991
0.0117258 -0.0226457 0.0209917
0.0122156 -0.0225615 0.0206544
0.0126695 -0.0225158 0.0202648
0.0130695 -0.0225371 0.0198562
0.0134051 -0.0226097 0.0194394
0.0136543 -0.0227475 0.0190156
0.0138436 -0.0228775 0.0186147
0.0139518 -0.0229891 0.0182005
0.0139801 -0.02308 0.017798
0.0139329 -0.0231795 0.0173984
0.0138261 -0.0233075 0.0170382
0.0136648 -0.0234424 0.0166733
0.013464 -0.0236006 0.0163015
0.0132388 -0.0237638 0.0159205
0.0129802 -0.0239253 0.0155257
0.012708 -0.0240815 0.0151425
0.0124164 -0.0242313 0.0147781
0.0121048 -0.0243467 0.0144599
0.0118014 -0.0244305 0.0141757
0.0115024 -0.0244586 0.0139363
0.0112204 -0.0244871 0.0137399
0.0109779 -0.0245172 0.0135882
0.0107526 -0.0245645 0.0134702
0.0105461 -0.0246085 0.0134086
0.0103461 -0.0246771 0.0133995
0.0101838 -0.0247784 0.0134488
0.0100557 -0.024862 0.0135095
0.00995732 -0.0249608 0.0135886
0.00986475 -0.025014 0.0136964
0.00980553 -0.0250525 0.0138484
0.00975134 -0.0250424 0.0140425
0.00970414 -0.0250268 0.0142559
0.00967378 -0.025027 0.0144873
0.00966176 -0.0250357 0.0147321
0.00969603 -0.0250304 0.0149904
0.00976938 -0.0249793 0.0152852
0.00988264 -0.0248245 0.0155871
0.0100448 -0.0245757 0.0159185
0.0102551 -0.0242307 0.016268
0.0104964 -0.0238719 0.0166458
0.0107071 -0.0235144 0.0170405
0.010883 -0.0232254 0.0174374
0.0110427 -0.0229984 0.0178234
0.0111797 -0.0228082 0.0181826
0.0112867 -0.0226193 0.0185013
0.0113659 -0.0224369 0.0187843
0.0114372 -0.0222387 0.0190317
0.0114852 -0.022038 0.0192583
0.0115348 -0.0218375 0.0194839
0.0115675 -0.0216704 0.0197173
0.0115824 -0.0215412 0.0199525
0.0115763 -0.0214693 0.0202079
0.0115305 -0.0214211 0.0204493
0.0114043 -0.0214042 0.0206523
0.0112208 -0.0213525 0.0208285
0.0109934 -0.0212427 0.0209563
0.0107223 -0.0210703 0.0210373
0.0104349 -0.0208804 0.0210521
0.0101857 -0.0206504 0.0210285
0.00997733 -0.0204188 0.020977
0.00981006 -0.0201925 0.020923
