%roll pitch yaw
0.0159266 0.00167864 -0.423009
0.0165137 0.000905394 -0.42314
0.0168762 0.00037157 -0.423184
0.0172648 -7.63453e-05 -0.423138
0.0176694 -0.000482162 -0.42302
0.0180553 -0.000910402 -0.422833
0.0184292 -0.00138166 -0.422564
0.0188221 -0.00188624 -0.422233
0.0191523 -0.00247051 -0.421888
0.0193742 -0.00308612 -0.421557
0.0195158 -0.00364883 -0.421228
0.0195554 -0.00417781 -0.420903
0.0194945 -0.00467768 -0.420568
0.0193985 -0.00521807 -0.420226
0.0192726 -0.00579486 -0.419861
0.0191723 -0.00645514 -0.419464
0.0190555 -0.00721128 -0.419029
0.0189212 -0.00803584 -0.418578
0.0187372 -0.00891015 -0.418097
0.0184963 -0.00980345 -0.417598
0.0181848 -0.0106926 -0.417101
0.0178376 -0.0115604 -0.416612
0.0174951 -0.0123901 -0.416127
0.0171723 -0.0131915 -0.415646
0.0168969 -0.0139739 -0.415144
0.0166488 -0.0146854 -0.41463
0.0164649 -0.0153227 -0.414125
0.0163311 -0.0158994 -0.41363
0.0162317 -0.0163979 -0.41314
0.0161539 -0.0168309 -0.412642
0.0160813 -0.0172024 -0.41216
0.0160242 -0.0175109 -0.41169
0.0160046 -0.017739 -0.411246
0.0160014 -0.0179105 -0.410848
0.0160503 -0.0180097 -0.410523
0.016175 -0.0180497 -0.410287
0.0163756 -0.0180421 -0.410136
0.0166639 -0.0179999 -0.410057
0.0170003 -0.0179591 -0.410035
0.0174002 -0.0179332 -0.410082
0.0178401 -0.0178869 -0.410192
0.018331 -0.0178621 -0.410361
0.0188472 -0.0178647 -0.410575
0.0193831 -0.0179008 -0.410837
0.0199068 -0.0179595 -0.411165
0.0204114 -0.0180156 -0.411535
0.0208857 -0.0180839 -0.411956
0.021322 -0.018155 -0.412404
0.0217364 -0.0182275 -0.412869
0.022125 -0.0182891 -0.413335
0.0224643 -0.0183832 -0.413796
0.0227568 -0.0185426 -0.414223
0.0230018 -0.0187404 -0.414633
0.0231897 -0.0189608 -0.415041
0.0233161 -0.0191719 -0.415454
0.0233804 -0.0193783 -0.415867
0.0234102 -0.0195879 -0.41626
0.0234155 -0.0197896 -0.416656
0.0233623 -0.0199689 -0.417031
0.023257 -0.0201315 -0.417379
0.0231528 -0.0202838 -0.417704
0.0230335 -0.0204495 -0.418
0.0229067 -0.0206119 -0.418261
0.0228152 -0.0208015 -0.418474
0.0227043 -0.0210119 -0.418652
0.0225949 -0.0212219 -0.418789
0.0225093 -0.0214208 -0.418903
0.022405 -0.0216141 -0.41897
0.0222616 -0.0218367 -0.419023
0.022142 -0.0220769 -0.419056
0.0220404 -0.0223043 -0.419056
0.0219516 -0.022533 -0.419016
0.0219009 -0.0227843 -0.418924
0.0218916 -0.023068 -0.418799
0.0219023 -0.0234268 -0.418641
0.0219405 -0.0238536 -0.418481
0.0220138 -0.0243142 -0.418298
0.0221022 -0.0247561 -0.4181
0.0221747 -0.0251593 -0.417897
0.0222447 -0.0255143 -0.41767
0.0223074 -0.0258176 -0.417436
0.0223692 -0.0260652 -0.417189
0.0224372 -0.0262859 -0.416952
0.0225063 -0.0264691 -0.416734
0.0226015 -0.0266268 -0.416512
0.0227451 -0.0267544 -0.41631
0.0228951 -0.026865 -0.416108
0.0230522 -0.0269358 -0.415886
0.0232215 -0.0269725 -0.415636
0.0233426 -0.0269929 -0.415364
0.023422 -0.0270154 -0.415088
0.0234563 -0.0270896 -0.414822
0.0233854 -0.0271943 -0.414566
0.0232279 -0.0272929 -0.414328
0.0229936 -0.0273559 -0.414116
0.0227165 -0.0273947 -0.413933
0.0224172 -0.0273864 -0.413773
0.0220945 -0.0273902 -0.41361
0.0217701 -0.0274406 -0.413431
0.0214564 -0.0274931 -0.41324
0.0211024 -0.0275205 -0.413053
0.0207138 -0.0275129 -0.412893
0.0202893 -0.0274692 -0.412765
0.0198164 -0.0273684 -0.412661
0.0193464 -0.0272192 -0.412608
0.0188755 -0.027047 -0.412622
0.0184351 -0.0268802 -0.4127
0.0180598 -0.0267311 -0.412817
0.0177609 -0.026547 -0.412946
0.0175316 -0.0263448 -0.413115
0.0173624 -0.0261079 -0.413317
0.0172506 -0.0258387 -0.413574
0.0171891 -0.0255755 -0.413901
0.0171489 -0.0253377 -0.414307
0.017196 -0.0249453 -0.414832
0.0172688 -0.0245265 -0.415444
0.0173697 -0.0240446 -0.416133
0.0174858 -0.0234688 -0.416854
0.017635 -0.0228662 -0.417565
0.0177151 -0.0223057 -0.418242
0.0176873 -0.0218051 -0.418853
0.0175258 -0.0214305 -0.41939
0.0171246 -0.0212652 -0.419857
0.016533 -0.021263 -0.42025
0.0157647 -0.0214171 -0.42058
0.0148201 -0.0217224 -0.42086
0.0137485 -0.0221301 -0.421089
0.012587 -0.0225598 -0.42126
0.0113962 -0.0229883 -0.421365
0.0102866 -0.0234514 -0.421423
0.00914838 -0.0240583 -0.421436
0.00814048 -0.0246905 -0.421376
0.00730308 -0.0253075 -0.421257
0.0068085 -0.0256687 -0.421063
0.00648373 -0.0259063 -0.42081
0.00632865 -0.0260109 -0.42054
0.00634821 -0.0259149 -0.420269
0.00654584 -0.0255646 -0.41999
0.00690326 -0.0249377 -0.419733
0.00739134 -0.0240329 -0.419486
0.0079985 -0.0228497 -0.41926
0.00871627 -0.0214535 -0.419068
0.00957203 -0.0198397 -0.418868
0.0105363 -0.0180706 -0.418664
0.0115693 -0.0161863 -0.418441
0.0126208 -0.0142185 -0.418214
0.0133512 -0.0126253 -0.417952
0.0139374 -0.0111721 -0.417613
0.0143623 -0.00987134 -0.417183
0.0146148 -0.00873967 -0.416653
0.0146947 -0.00784385 -0.416053
0.0146142 -0.00725307 -0.415395
0.0143753 -0.0070105 -0.414692
0.0143795 -0.00661071 -0.413984
0.0142064 -0.0064792 -0.413283
0.0138861 -0.00658166 -0.41263
0.013425 -0.00693575 -0.412024
0.0126598 -0.00777037 -0.411486
0.0118989 -0.00868405 -0.41099
0.0111787 -0.00967399 -0.410529
0.010508 -0.0107334 -0.410103
0.0100312 -0.0115589 -0.40972
0.00959397 -0.0124402 -0.409355
0.00917927 -0.0133626 -0.409024
0.00880056 -0.0143042 -0.408722
0.00845025 -0.0152624 -0.408477
0.00809459 -0.0162174 -0.408264
0.00772167 -0.0171483 -0.4081
0.00738833 -0.0180829 -0.407971
0.00709789 -0.019012 -0.407877
0.00686705 -0.0199284 -0.407827
0.00672229 -0.0208516 -0.40781
0.00668695 -0.0217275 -0.407809
0.00675476 -0.0226128 -0.407845
0.00690296 -0.0234916 -0.407931
0.00698466 -0.0245156 -0.408034
0.0071197 -0.025533 -0.408159
0.00729166 -0.0265118 -0.408311
0.00746879 -0.0274653 -0.408512
0.00763689 -0.0284081 -0.408779
0.0077655 -0.0293143 -0.409119
0.0078615 -0.0301604 -0.409527
0.0079771 -0.0309488 -0.409996
0.00827663 -0.0316083 -0.410546
0.00860325 -0.0322047 -0.411177
0.00895299 -0.0327585 -0.411889
0.00931418 -0.0332524 -0.412678
0.00972149 -0.0337097 -0.413537
0.010099 -0.0341236 -0.414442
0.0104257 -0.0344897 -0.415373
0.0107193 -0.0347818 -0.416315
0.0109821 -0.0349877 -0.417246
0.0111865 -0.0350939 -0.418159
0.011325 -0.0350956 -0.419032
0.0113869 -0.0349914 -0.419879
0.0113748 -0.034827 -0.420698
0.0112728 -0.0346207 -0.421479
0.0110444 -0.0344057 -0.422208
0.0107263 -0.0341716 -0.422874
0.0103227 -0.0339522 -0.423459
0.0098412 -0.0337626 -0.423956
0.00931436 -0.0335833 -0.42436
0.00874881 -0.0333873 -0.42466
0.00813713 -0.0332212 -0.424858
0.00756735 -0.0330739 -0.42497
0.00706362 -0.0329795 -0.42499
0.00659187 -0.0329836 -0.424938
0.00617219 -0.0330577 -0.42484
0.00581454 -0.0331973 -0.424701
0.00548984 -0.0334069 -0.424506
0.00519903 -0.0337031 -0.424266
0.00489951 -0.0340448 -0.423999
0.00461943 -0.0343969 -0.423734
0.00437077 -0.0347392 -0.423469
0.00419154 -0.035081 -0.423189
0.00408261 -0.0354856 -0.422876
0.0040371 -0.0359063 -0.422526
0.0040481 -0.0363458 -0.422141
0.0041469 -0.0367618 -0.421715
0.00431247 -0.0371233 -0.421279
0.00454644 -0.037457 -0.42082
0.00483444 -0.0377335 -0.420352
0.00520186 -0.0379375 -0.419903
0.00553348 -0.0381488 -0.419451
0.00582171 -0.0384063 -0.419015
0.00608332 -0.0386807 -0.418594
0.00639052 -0.0389568 -0.418209
0.00667808 -0.0392308 -0.41787
0.00698461 -0.0394878 -0.417578
0.00735675 -0.0397269 -0.417296
0.00781161 -0.039943 -0.417049
0.00828851 -0.0401168 -0.416851
0.0087646 -0.0403046 -0.416694
0.0092949 -0.0405451 -0.416555
0.00984444 -0.0408395 -0.41645
0.0103691 -0.0411617 -0.416385
0.010797 -0.0414948 -0.416345
0.0111613 -0.0418185 -0.416318
0.0114917 -0.0421381 -0.416293
0.0117551 -0.0424233 -0.41627
0.0119285 -0.0426832 -0.416243
0.0120887 -0.0429141 -0.41622
0.0122096 -0.0430644 -0.416195
0.0122754 -0.0431474 -0.416148
0.0123196 -0.0432398 -0.416097
0.0123239 -0.0434113 -0.416045
0.0122269 -0.0436441 -0.415992
0.0120379 -0.0439026 -0.415943
0.0118282 -0.0441644 -0.415893
0.0115655 -0.0444126 -0.41586
0.011211 -0.0446604 -0.415834
0.0108772 -0.0448903 -0.415834
0.0105577 -0.0451006 -0.41587
0.0102131 -0.0453379 -0.415935
0.00984395 -0.0456141 -0.416023
0.00956723 -0.0459279 -0.416104
0.00926535 -0.0462561 -0.416192
0.00901834 -0.0465757 -0.416268
0.00883807 -0.0468955 -0.416341
0.00868832 -0.0471933 -0.416421
0.00857743 -0.0474803 -0.416523
0.0085222 -0.0477857 -0.416664
0.00844704 -0.0480864 -0.416835
0.00840338 -0.0483195 -0.417041
0.00840644 -0.0484659 -0.417277
0.00838455 -0.0485305 -0.417543
0.00843805 -0.0484982 -0.417829
0.00850457 -0.0483741 -0.418105
0.00853273 -0.0482016 -0.418376
0.0085628 -0.048012 -0.418658
0.00857927 -0.0478423 -0.4189
0.00854548 -0.047677 -0.419124
0.00850928 -0.0474833 -0.419341
0.00843953 -0.0472489 -0.419523
0.00831288 -0.0470006 -0.419663
0.00820437 -0.0467484 -0.419771
0.00803111 -0.0464882 -0.419835
0.0078161 -0.0462172 -0.419838
0.00759827 -0.0459038 -0.419773
0.00739469 -0.045529 -0.419656
0.00712366 -0.0451761 -0.419482
0.00692985 -0.0449171 -0.419278
0.00678408 -0.0447486 -0.419098
0.00663571 -0.0447218 -0.418973
0.00656344 -0.0448705 -0.4189
0.00661308 -0.045188 -0.418895
0.00665531 -0.045598 -0.418934
0.00672426 -0.0460568 -0.418994
0.0069358 -0.0465539 -0.419069
0.00718426 -0.0470338 -0.419129
0.00742905 -0.0474541 -0.419176
0.00767017 -0.0478007 -0.419214
0.00783076 -0.0480601 -0.419252
0.00789918 -0.0482036 -0.419306
0.00783892 -0.0482382 -0.419397
0.00762027 -0.0481595 -0.419505
0.0072685 -0.0479181 -0.419631
0.00681825 -0.0474796 -0.419774
0.00621529 -0.046832 -0.419945
0.00550332 -0.0459562 -0.420136
0.0046726 -0.0448031 -0.420367
0.00371163 -0.0433516 -0.420617
0.00259111 -0.0416435 -0.420883
0.00127744 -0.0397317 -0.421165
-0.000203699 -0.0376537 -0.421462
-0.00179913 -0.0354425 -0.421775
-0.00341721 -0.0331722 -0.422113
-0.00500619 -0.0309246 -0.42249
-0.0062068 -0.0291687 -0.422914
-0.00719157 -0.027579 -0.423425
-0.00793158 -0.0261646 -0.423998
-0.00869041 -0.024509 -0.424649
-0.00913319 -0.0231656 -0.425364
-0.00939447 -0.0221758 -0.426143
-0.00953045 -0.0215242 -0.426985
-0.00956714 -0.0211989 -0.427885
-0.00955953 -0.0211214 -0.428812
-0.00955433 -0.0211896 -0.429754
-0.00949553 -0.0214009 -0.430695
-0.00934775 -0.0217773 -0.431632
-0.00913213 -0.0223089 -0.432552
-0.00889723 -0.0229064 -0.433407
-0.00866529 -0.0235043 -0.434186
-0.00843109 -0.0241058 -0.434875
-0.00820481 -0.0247652 -0.435479
-0.00801615 -0.0254682 -0.435989
-0.00786685 -0.0261736 -0.436361
-0.00778434 -0.0268208 -0.43662
-0.00781706 -0.0274311 -0.436778
-0.00791427 -0.028033 -0.436818
-0.00809249 -0.0286791 -0.436786
-0.00839401 -0.0293621 -0.436703
-0.00881069 -0.0300403 -0.436591
-0.00934325 -0.0307259 -0.436436
-0.0099869 -0.0313672 -0.436229
-0.0107279 -0.0319615 -0.435949
-0.0115584 -0.032496 -0.435598
-0.0124552 -0.0330335 -0.435175
-0.0133578 -0.0335933 -0.434667
-0.0142895 -0.0342085 -0.434062
-0.0151982 -0.0348325 -0.433369
-0.0160903 -0.0354926 -0.432622
-0.0169495 -0.0361167 -0.431813
-0.0175511 -0.0367027 -0.430954
-0.0181472 -0.0371936 -0.430061
-0.0187279 -0.0375721 -0.429143
-0.0194814 -0.0378645 -0.428172
-0.0202477 -0.0380734 -0.427167
-0.0210246 -0.0381254 -0.42612
-0.0217853 -0.0380738 -0.425054
-0.0225208 -0.0379132 -0.423985
-0.0232106 -0.0376861 -0.422923
-0.0238464 -0.037416 -0.421851
-0.0243786 -0.0370877 -0.420809
-0.0248128 -0.0367121 -0.419797
-0.0251506 -0.0363109 -0.418841
-0.025414 -0.0358842 -0.417943
-0.0256137 -0.035444 -0.417097
-0.0257458 -0.0349823 -0.41631
-0.0258021 -0.0344907 -0.415592
-0.0258159 -0.0340017 -0.414971
-0.0258105 -0.0335622 -0.414447
-0.025654 -0.0331958 -0.414023
-0.025599 -0.0328468 -0.413686
-0.0255401 -0.0325521 -0.413436
-0.0254845 -0.032341 -0.413271
-0.0254161 -0.0321681 -0.413162
-0.025352 -0.0320476 -0.413118
-0.0253272 -0.0319689 -0.41314
-0.0253466 -0.0319207 -0.413224
-0.0253995 -0.0319229 -0.413371
-0.0254959 -0.0319365 -0.413575
-0.0256374 -0.0319316 -0.413805
-0.0258148 -0.0319272 -0.414071
-0.0260278 -0.0319081 -0.41437
-0.0262851 -0.0318504 -0.4147
-0.0265872 -0.031809 -0.415068
-0.0269524 -0.0317773 -0.415473
-0.027393 -0.0317585 -0.415932
-0.0278708 -0.0317604 -0.41644
-0.0284053 -0.0317513 -0.416959
-0.0289944 -0.031683 -0.417483
-0.0295941 -0.0315763 -0.418024
-0.0302052 -0.0314066 -0.418556
-0.0308234 -0.0312072 -0.419072
-0.0313965 -0.0310128 -0.419559
-0.0319772 -0.0308245 -0.42002
-0.0325456 -0.0306417 -0.420445
-0.0330846 -0.0304732 -0.42084
-0.0336218 -0.0303116 -0.421219
-0.0341834 -0.0301137 -0.421564
-0.0347129 -0.0298798 -0.421879
-0.0352083 -0.0296374 -0.422162
-0.035688 -0.0293918 -0.42242
-0.0361164 -0.0291468 -0.42264
-0.0364899 -0.0288959 -0.422833
-0.0368079 -0.0286388 -0.423029
-0.0370497 -0.0283995 -0.423203
-0.0372029 -0.0281633 -0.423349
-0.0372917 -0.027882 -0.423461
-0.0373 -0.0275222 -0.42357
-0.0372286 -0.0270846 -0.423667
-0.0371013 -0.0265817 -0.423759
-0.0369033 -0.0260373 -0.42383
-0.0366201 -0.0254419 -0.423873
-0.0362775 -0.0248565 -0.423892
-0.0358671 -0.02432 -0.423874
-0.0354079 -0.0238086 -0.423803
-0.0349067 -0.0233264 -0.423691
-0.0343462 -0.0228863 -0.423553
-0.0337865 -0.0224494 -0.42337
-0.0332242 -0.0219925 -0.423179
-0.0326672 -0.0214906 -0.422972
-0.0321283 -0.0209488 -0.422742
-0.0315908 -0.0204385 -0.422489
-0.0310622 -0.0199784 -0.422203
-0.030579 -0.0195901 -0.4219
-0.0301087 -0.0192648 -0.421589
-0.0296359 -0.0189639 -0.42127
-0.0292038 -0.0186595 -0.42094
-0.0287872 -0.0183361 -0.420605
-0.0283824 -0.018 -0.420235
-0.0279812 -0.0176418 -0.419849
-0.0275783 -0.0172711 -0.419459
-0.0271605 -0.0168957 -0.41906
-0.0267196 -0.016513 -0.418685
-0.0262672 -0.016112 -0.41833
-0.025788 -0.0156817 -0.418005
-0.0252822 -0.0151982 -0.417721
-0.0247637 -0.0146922 -0.417489
-0.0242241 -0.0141576 -0.417293
-0.0236615 -0.013611 -0.417158
-0.0231014 -0.0130303 -0.417087
-0.0225385 -0.012421 -0.417088
-0.021964 -0.0117646 -0.417153
-0.0213706 -0.0111118 -0.417257
-0.0207708 -0.0104743 -0.417399
-0.0201776 -0.00985308 -0.417566
-0.0195501 -0.00924359 -0.417748
-0.0188808 -0.00862186 -0.417944
-0.0181944 -0.00800793 -0.418154
-0.0174892 -0.00740063 -0.418388
-0.016731 -0.00676288 -0.418653
-0.0158745 -0.00597966 -0.41896
-0.015043 -0.00515991 -0.419334
-0.0142868 -0.00431408 -0.419795
-0.0137131 -0.00348641 -0.420335
-0.0132916 -0.00284156 -0.420918
-0.0130171 -0.00243103 -0.42151
-0.0128634 -0.00217882 -0.422047
-0.0127843 -0.00201028 -0.422496
-0.0124771 -0.00182087 -0.422842
-0.0121489 -0.00167202 -0.423087
-0.0117757 -0.00153021 -0.423283
-0.0113323 -0.0013414 -0.423442
-0.0108608 -0.00110134 -0.423614
-0.0102395 -0.000682324 -0.423771
-0.00947405 -9.81983e-05 -0.42391
-0.00861293 0.000607746 -0.424018
-0.00766332 0.00140089 -0.42409
-0.0066393 0.00226658 -0.424108
-0.00559737 0.00324694 -0.424069
-0.00455283 0.00433926 -0.423966
-0.00352786 0.00547092 -0.423814
-0.00256075 0.00658639 -0.423623
-0.00164424 0.00765658 -0.423388
-0.000724354 0.00867129 -0.423113
0.000166184 0.00956666 -0.422828
0.00102871 0.0102954 -0.422533
0.00189334 0.0108936 -0.422223
0.00274785 0.011366 -0.421893
0.00357332 0.0117222 -0.42157
0.00434296 0.0119824 -0.421252
0.00501219 0.0121591 -0.420912
0.00554884 0.0122411 -0.420555
0.00599753 0.0121526 -0.420189
0.00639185 0.0118971 -0.419819
0.00651727 0.0113193 -0.419434
0.00660733 0.0107431 -0.419073
0.00683927 0.0103814 -0.418712
0.00701435 0.01003 -0.418348
0.00714201 0.00973894 -0.418004
0.00723919 0.00950574 -0.417688
0.00734672 0.00933038 -0.41741
0.00745028 0.00921872 -0.417185
0.00758167 0.00913716 -0.417017
0.00776557 0.00908092 -0.41688
0.00802203 0.0090395 -0.416777
0.00835388 0.00898201 -0.416687
0.00876567 0.00893017 -0.416585
0.00925616 0.00883654 -0.416469
0.00980284 0.00872553 -0.416344
0.0103962 0.00856424 -0.416239
0.0110374 0.00834725 -0.41617
0.0117355 0.00808756 -0.41614
0.0124684 0.00773255 -0.41615
0.0132342 0.00731183 -0.416193
0.0140573 0.00682919 -0.416264
0.0149259 0.00628892 -0.416374
0.0158376 0.00571991 -0.416529
0.0167654 0.00514682 -0.416747
0.0176757 0.00458025 -0.417024
0.0185362 0.00403152 -0.417348
0.0193674 0.00351789 -0.417719
0.0201583 0.00302531 -0.418138
0.0208932 0.0025634 -0.418606
0.0215722 0.00211621 -0.419114
0.022225 0.00171147 -0.419659
0.0228533 0.00135795 -0.420228
0.0234732 0.0011135 -0.42082
0.0240614 0.000971601 -0.421442
0.0246316 0.000888439 -0.422098
0.0251951 0.000854899 -0.422756
0.0256984 0.000877747 -0.42339
0.0261215 0.00096581 -0.424004
0.0264897 0.00108752 -0.424594
0.0268029 0.00128988 -0.425142
0.027047 0.00157349 -0.425648
0.027238 0.00190734 -0.426123
0.0274003 0.00226807 -0.426542
0.0275752 0.00269061 -0.426924
0.0277157 0.0031848 -0.427251
0.0277906 0.00370744 -0.427518
0.0278503 0.00423845 -0.427722
0.0279211 0.00478121 -0.427877
0.0279741 0.0052999 -0.427978
0.0279797 0.00577543 -0.428018
0.0280124 0.00622308 -0.428001
0.0280762 0.00666442 -0.427951
0.0281751 0.00710659 -0.427867
0.0283003 0.00753601 -0.427737
0.0284418 0.0079465 -0.427575
0.0286374 0.00833184 -0.427393
0.0288883 0.00870163 -0.427219
0.0291574 0.00904035 -0.427042
0.0294175 0.00935324 -0.426871
0.0297183 0.00964926 -0.426681
0.0300592 0.00995647 -0.426486
0.0304598 0.01026 -0.42628
0.030913 0.0105524 -0.426059
0.0314009 0.0108133 -0.425835
0.0319178 0.0110818 -0.425599
0.0324941 0.0114319 -0.42537
0.0331172 0.011785 -0.425145
0.0337771 0.0120891 -0.424923
0.0344082 0.0123431 -0.424709
0.0350151 0.0125446 -0.42453
0.0356184 0.0127341 -0.424398
0.0362122 0.0128825 -0.424301
0.0367954 0.0129738 -0.424233
0.0373979 0.0129957 -0.424197
0.0379754 0.0130113 -0.424201
0.0385322 0.0130652 -0.424209
0.039056 0.013108 -0.424187
0.0395447 0.0131225 -0.424159
0.0399946 0.0130481 -0.42416
0.0404054 0.0129618 -0.424185
0.0407781 0.0128051 -0.42421
0.0411264 0.0126181 -0.42425
0.0414183 0.0124334 -0.424291
0.0416295 0.0122705 -0.424315
0.0417458 0.0121676 -0.424321
0.0418194 0.0121035 -0.424305
0.0419072 0.0120845 -0.424268
0.0419638 0.0120931 -0.424234
0.0419483 0.0120611 -0.424221
0.0419078 0.0119412 -0.424238
0.0418398 0.0118026 -0.424255
0.0417662 0.0116484 -0.424302
0.0416952 0.0115167 -0.424389
0.0416424 0.0114153 -0.424494
0.0415706 0.0113139 -0.424602
0.0414973 0.0111866 -0.424718
0.0414577 0.0110852 -0.424846
0.0414441 0.0109566 -0.424988
0.0414326 0.0108259 -0.425164
0.041515 0.0107125 -0.425373
0.0416077 0.0106189 -0.425598
0.041704 0.0105001 -0.425846
0.0418579 0.0103617 -0.426093
0.0420115 0.0102532 -0.42636
0.0422083 0.0101741 -0.426629
0.0424074 0.0101062 -0.426901
0.0425868 0.0100769 -0.427162
0.0428104 0.0100104 -0.427419
0.0430038 0.00990233 -0.427674
0.0431355 0.00973743 -0.427921
0.0432645 0.00956083 -0.428146
0.0433626 0.00940307 -0.428317
0.0434359 0.00922102 -0.428435
0.0434506 0.00901728 -0.428498
0.0434914 0.00881192 -0.428484
0.0434909 0.00860433 -0.4284
0.0434921 0.0084232 -0.428266
0.0435322 0.00827696 -0.4281
0.04354 0.00811403 -0.42789
0.0436017 0.00795171 -0.42766
0.0436664 0.00778261 -0.427428
0.0437244 0.00763169 -0.427197
0.0437464 0.00752122 -0.426979
0.0438298 0.0074237 -0.426791
0.0439723 0.00729572 -0.426607
0.0441391 0.00715655 -0.426394
0.0444556 0.00695328 -0.42616
0.0449086 0.0066471 -0.425896
0.0454884 0.00628131 -0.425604
0.046217 0.00586104 -0.425303
0.0470307 0.00544653 -0.425058
0.0478305 0.00502215 -0.424898
0.0485569 0.00458915 -0.424824
0.0492364 0.00417468 -0.424831
0.0497484 0.00382605 -0.424877
0.0501103 0.00346932 -0.424959
0.0503715 0.00311947 -0.425009
0.0504816 0.00286276 -0.42503
0.0504469 0.00278077 -0.425005
0.0503045 0.00286379 -0.424956
0.0500189 0.00315916 -0.424917
0.049556 0.00368349 -0.424886
0.0489466 0.00446601 -0.424859
0.0480735 0.00570276 -0.424843
0.0471115 0.00718242 -0.424814
0.0460677 0.00884177 -0.424785
0.0449933 0.0106361 -0.424749
0.0438979 0.0124682 -0.424684
0.0427279 0.014484 -0.42463
0.0416149 0.0164393 -0.424607
0.0405177 0.0182969 -0.424624
0.0394726 0.0200612 -0.424718
0.0387533 0.0213042 -0.424868
0.0381665 0.0223072 -0.42506
0.0376974 0.023078 -0.425304
0.0373798 0.0236812 -0.425562
0.0371621 0.0241229 -0.425829
0.0370305 0.0243908 -0.426091
0.0370076 0.0244912 -0.426347
0.0370685 0.0244456 -0.426619
0.0369414 0.0245043 -0.426927
0.0368598 0.0245069 -0.427284
0.0368617 0.0245231 -0.427656
0.0369369 0.0246116 -0.428009
0.0371084 0.0247511 -0.42834
0.0376656 0.0247429 -0.428615
0.0382882 0.0247342 -0.428862
0.0389726 0.0247273 -0.429036
0.0396451 0.0247215 -0.42914
0.0400792 0.0248772 -0.429171
0.0404758 0.0249639 -0.429142
0.0408325 0.0249844 -0.429082
0.0411823 0.0249724 -0.428991
0.0415441 0.024898 -0.428916
0.0418951 0.0247416 -0.428881
0.0422212 0.0244812 -0.428861
0.0424965 0.0241628 -0.42884
0.0427017 0.0237608 -0.428795
0.0428532 0.0232888 -0.428709
0.0429421 0.0227146 -0.428557
0.0429983 0.0219722 -0.428336
0.043056 0.0211153 -0.428045
0.0430957 0.0201653 -0.427678
0.0431428 0.0191978 -0.427251
0.0431758 0.0182054 -0.426771
0.043154 0.0171941 -0.426224
0.0432868 0.0162156 -0.425605
0.0433694 0.015332 -0.424921
0.0434233 0.0145392 -0.424206
0.0434602 0.0138418 -0.423441
0.0434986 0.0132634 -0.422622
0.0435569 0.0128202 -0.421773
0.0435047 0.0124877 -0.420898
0.04348 0.0122677 -0.419998
0.043525 0.0121277 -0.419086
0.0436041 0.0121041 -0.418193
0.0437046 0.0121914 -0.417299
0.0438266 0.0123763 -0.416419
0.0439541 0.012647 -0.415595
0.0441104 0.0130014 -0.414829
0.0443118 0.0134027 -0.414148
0.0445736 0.0138157 -0.413551
0.0448928 0.0142283 -0.413034
0.0452761 0.0146673 -0.412629
0.0457112 0.0151383 -0.412326
0.046211 0.0155833 -0.412114
0.0467725 0.0160258 -0.411993
0.0473594 0.0164519 -0.411954
0.0479665 0.0168542 -0.411978
0.0485758 0.0172468 -0.41207
0.0491915 0.0175745 -0.412199
0.0498132 0.017849 -0.412386
0.0504298 0.0180689 -0.412639
0.0510262 0.0182371 -0.412946
0.0515991 0.0183556 -0.413292
0.0521331 0.0184275 -0.413676
0.0526311 0.0184381 -0.414091
0.0530837 0.0184088 -0.414536
0.0534965 0.0183327 -0.415007
0.0538885 0.0182369 -0.415497
0.0542554 0.0181201 -0.415992
0.0545948 0.0179741 -0.416488
0.0548976 0.0178207 -0.416966
0.0551439 0.0176717 -0.417448
0.0553578 0.0175278 -0.417926
0.0555386 0.0173931 -0.418374
0.0556742 0.0172562 -0.418778
0.0557867 0.0171342 -0.419149
0.0558774 0.0170049 -0.419467
0.0559344 0.0168953 -0.419744
0.0560032 0.0168152 -0.419964
0.056079 0.0167471 -0.420107
0.0561349 0.0166567 -0.420178
0.0561979 0.0165822 -0.420197
0.0562537 0.0165394 -0.420159
0.0562906 0.0165187 -0.42005
0.0563258 0.0164693 -0.419874
0.0563503 0.0163846 -0.419674
0.0563621 0.0162701 -0.419456
0.0563701 0.0161372 -0.419198
0.0563712 0.016015 -0.418911
0.0563702 0.0159698 -0.418604
0.0563624 0.0159902 -0.418278
0.0563415 0.0160678 -0.417935
0.0563409 0.0162139 -0.417582
0.0563423 0.0164004 -0.417198
0.0563689 0.01662 -0.416788
0.0564106 0.016881 -0.416359
0.0564801 0.0171947 -0.415922
0.0565757 0.0175723 -0.415476
0.0566626 0.0179767 -0.415048
0.0567116 0.0184013 -0.414639
0.0567286 0.0188257 -0.414258
0.0566888 0.0192327 -0.41391
0.0565758 0.0195989 -0.413583
0.0564187 0.0199198 -0.413285
0.0561916 0.0202008 -0.41302
0.0559506 0.0204363 -0.412788
0.0556895 0.0206187 -0.412587
0.0554 0.0207651 -0.412389
0.0550904 0.0208729 -0.412195
0.0547571 0.0209331 -0.412001
0.0543674 0.020951 -0.411819
0.0539151 0.0209398 -0.41166
0.0533792 0.0209319 -0.411546
0.0527574 0.0209306 -0.411459
0.052049 0.0209278 -0.411411
0.0513104 0.0209103 -0.411417
0.0505772 0.0208597 -0.411475
0.0498711 0.0207818 -0.411578
0.049254 0.0206986 -0.411716
0.0487861 0.0207058 -0.411894
0.0483622 0.0207212 -0.412121
0.0479622 0.0208751 -0.412424
0.0475094 0.0213464 -0.412847
0.0469189 0.0220954 -0.413414
0.0460974 0.0229599 -0.414102
0.0449857 0.023824 -0.414893
0.0438139 0.0249552 -0.415735
0.0421286 0.0254414 -0.416578
0.0401861 0.0256298 -0.417385
0.0381025 0.0254961 -0.418129
0.0359246 0.0249885 -0.418832
0.0337025 0.0240583 -0.419509
0.0314175 0.0227468 -0.42014
0.0291108 0.0210014 -0.420742
0.0268143 0.0187769 -0.421328
0.0244613 0.0159239 -0.42187
0.0220136 0.0124235 -0.422371
0.0196446 0.00839411 -0.422805
0.0172339 0.00381802 -0.423167
0.015513 3.7863e-05 -0.423483
0.014212 -0.00309182 -0.423786
0.0132871 -0.00558755 -0.42411
0.0126759 -0.00761355 -0.424513
0.0123134 -0.00932089 -0.425027
0.0122086 -0.0107163 -0.425648
0.0123244 -0.01168 -0.426348
0.012599 -0.012232 -0.427126
0.0129833 -0.0124342 -0.427909
0.0134796 -0.0122054 -0.428632
0.0141142 -0.0113702 -0.42931
0.0149147 -0.00982144 -0.429886
0.0157516 -0.00800035 -0.430359
0.0168449 -0.00555771 -0.430731
0.0180544 -0.00262846 -0.43104
0.0192225 0.000431304 -0.431307
0.0202548 0.00346211 -0.431511
0.0210818 0.00627814 -0.431644
0.0219112 0.00930342 -0.431672
0.0223452 0.0119761 -0.431569
0.0223684 0.0142774 -0.431281
0.0220717 0.0162816 -0.430786
0.021538 0.0179589 -0.430128
0.0208308 0.0192841 -0.429364
0.0200079 0.0202681 -0.428531
0.0191158 0.0209274 -0.427676
0.0182404 0.0212437 -0.426827
0.0174242 0.0212061 -0.425981
0.0166545 0.0208624 -0.425133
0.0159215 0.0203569 -0.424248
0.0152555 0.0197801 -0.423316
0.0146501 0.0192157 -0.42234
0.0140905 0.0186783 -0.421348
0.0136185 0.0181684 -0.420348
0.0132323 0.0176357 -0.419373
0.0129077 0.0170623 -0.418416
0.0126562 0.0164559 -0.41747
0.0125155 0.0158721 -0.416544
0.0124522 0.0152839 -0.415628
0.0124478 0.0146927 -0.414694
0.0124953 0.0141083 -0.413747
0.012561 0.0136036 -0.412796
0.0126349 0.013107 -0.411849
0.0127283 0.0125583 -0.410932
0.0128697 0.011942 -0.410083
0.0130208 0.0112825 -0.409312
0.0131919 0.0105709 -0.408624
0.0133659 0.00981508 -0.408011
0.0135541 0.00899501 -0.407476
0.0137073 0.00808349 -0.407023
0.0138357 0.00708533 -0.406679
0.0139705 0.00603287 -0.40649
0.0140898 0.00493809 -0.406457
0.01419 0.00383398 -0.406598
0.0142621 0.00272941 -0.40691
0.0142848 0.00161825 -0.407404
0.0143066 0.000551327 -0.40806
0.0143562 -0.000447814 -0.408848
0.0144008 -0.00135786 -0.409777
0.014459 -0.00216695 -0.410823
0.0145415 -0.00287503 -0.411957
0.0146275 -0.00347934 -0.413178
0.0146655 -0.00395932 -0.414457
0.0145682 -0.00422556 -0.415755
0.0144619 -0.00433478 -0.417067
0.0143062 -0.00430981 -0.418363
0.0141362 -0.00421409 -0.419628
0.0139218 -0.00401874 -0.420828
0.0136563 -0.00374141 -0.421967
0.0133122 -0.00339457 -0.423043
0.0129243 -0.00300863 -0.424039
0.0125409 -0.00256958 -0.424946
0.0121072 -0.00210206 -0.425788
0.0116301 -0.00159185 -0.426522
0.0111769 -0.00108643 -0.427162
0.0107891 -0.000563906 -0.427716
0.0104379 -5.96387e-05 -0.428155
0.0100975 0.000389216 -0.428497
0.00983136 0.000744536 -0.428732
0.0096658 0.00102759 -0.428871
0.00956944 0.00124655 -0.428933
0.00950704 0.00138311 -0.428932
0.00951763 0.00145411 -0.428869
0.00962435 0.00145024 -0.428739
0.00980649 0.00137753 -0.428567
0.0100303 0.00126816 -0.428336
0.0103282 0.00111001 -0.42806
0.0106925 0.000897518 -0.427723
0.011094 0.000669905 -0.42732
0.0114773 0.000418059 -0.426871
0.0118796 0.000161207 -0.426375
0.012321 -7.94501e-05 -0.425849
0.0127545 -0.00032109 -0.425305
0.0132239 -0.000546797 -0.424743
0.0136827 -0.000770276 -0.424146
0.0141672 -0.00100957 -0.423556
0.0146513 -0.0012608 -0.422977
0.0151579 -0.00154649 -0.422408
0.0156675 -0.00190573 -0.42185
0.0161998 -0.00228777 -0.421339
0.0167502 -0.00266288 -0.420858
0.0172892 -0.0030355 -0.420399
0.0178554 -0.00342757 -0.419992
0.0184897 -0.00384478 -0.41962
0.0191583 -0.00426562 -0.419312
0.0198018 -0.00472623 -0.41907
0.0204231 -0.00525197 -0.418855
0.0210677 -0.00582241 -0.418667
0.0217201 -0.00639193 -0.418513
0.0223434 -0.00697732 -0.418389
0.0229751 -0.00756864 -0.418302
0.0236468 -0.00814468 -0.418232
0.0242926 -0.00868898 -0.418162
0.0248991 -0.00923896 -0.418104
0.0254729 -0.00975763 -0.418035
0.0259835 -0.0102707 -0.417946
0.0264302 -0.0107509 -0.417849
0.0268636 -0.0112518 -0.417747
0.0272127 -0.0116919 -0.417631
0.0275102 -0.0121242 -0.417504
0.0277935 -0.0125369 -0.417382
0.0280755 -0.0129456 -0.417277
0.0283207 -0.0133989 -0.417193
0.0285971 -0.013914 -0.417114
0.0288367 -0.0144744 -0.417065
0.0290296 -0.0150714 -0.417009
0.0292159 -0.0156342 -0.41697
0.0294519 -0.0161942 -0.416929
0.0296622 -0.01673 -0.416886
0.0299421 -0.0172553 -0.416847
0.0302839 -0.0177716 -0.416838
0.030633 -0.0183174 -0.416841
0.0309837 -0.0188887 -0.416859
0.0313902 -0.0194582 -0.416878
0.0317797 -0.0200527 -0.416904
0.0321854 -0.0206217 -0.416942
0.0325965 -0.0211594 -0.416979
0.0329835 -0.0216613 -0.417042
0.033321 -0.0221306 -0.417129
0.0336227 -0.0225806 -0.417219
0.0338129 -0.0229896 -0.417294
0.0339664 -0.0233375 -0.417353
0.0340906 -0.023626 -0.417381
0.0341677 -0.023851 -0.417357
0.0342294 -0.0240374 -0.41728
0.0343618 -0.0242164 -0.417168
0.034448 -0.0243923 -0.417026
0.0345656 -0.0245327 -0.416866
0.0347779 -0.0245966 -0.416687
0.0349402 -0.0245956 -0.4165
0.0351357 -0.0245897 -0.416335
0.0353448 -0.0245949 -0.416164
0.0355384 -0.0245949 -0.415989
0.0357353 -0.0245743 -0.415803
0.0359988 -0.024566 -0.4156
0.0363496 -0.0246678 -0.415373
0.0368106 -0.0249348 -0.415138
0.0374467 -0.0253133 -0.414922
0.0381898 -0.025761 -0.414727
0.0390063 -0.026246 -0.414567
0.0398679 -0.0267662 -0.414464
0.0407227 -0.0272525 -0.414435
0.0414585 -0.0277097 -0.414461
0.042127 -0.0281372 -0.414523
0.0426982 -0.0285074 -0.414578
0.0430811 -0.0288012 -0.414603
0.0433053 -0.0289798 -0.414604
0.043395 -0.028992 -0.414598
0.0433269 -0.028808 -0.414585
0.0431331 -0.0284237 -0.414581
0.0428208 -0.0278049 -0.414583
0.042284 -0.0269133 -0.4146
0.0415162 -0.0256887 -0.414636
0.04056 -0.0241143 -0.414675
0.0394311 -0.0222541 -0.414717
0.038228 -0.0201985 -0.414762
0.0370288 -0.0180899 -0.414829
0.0359208 -0.0159602 -0.414898
0.0349218 -0.0138335 -0.414964
0.0337907 -0.0112974 -0.415065
0.0331462 -0.00931402 -0.415214
0.0327039 -0.00763823 -0.415434
0.0324132 -0.0063702 -0.415733
0.0322847 -0.00550561 -0.416114
0.0322898 -0.00500256 -0.41656
0.0324556 -0.00480843 -0.417044
0.0328235 -0.00483591 -0.417566
0.0334016 -0.00505608 -0.418104
0.0337415 -0.00513171 -0.418624
0.0342765 -0.00545754 -0.419111
0.0353014 -0.00629689 -0.419571
0.0363791 -0.00726907 -0.419964
0.0374703 -0.00837089 -0.420261
0.0385644 -0.0095996 -0.420466
0.0396369 -0.0109273 -0.420562
0.0406807 -0.0122815 -0.420554
0.0414558 -0.0134023 -0.420464
0.0421692 -0.0145275 -0.420288
0.0428036 -0.0157037 -0.420043
0.0433764 -0.0169309 -0.419751
0.043853 -0.018171 -0.419439
0.0443061 -0.0193628 -0.419096
0.0446932 -0.0204991 -0.418705
0.0450426 -0.0215642 -0.41828
0.0453777 -0.0225758 -0.417831
0.0456286 -0.0236027 -0.417336
0.0458099 -0.0246476 -0.416803
0.0458286 -0.0256984 -0.416263
0.0456866 -0.0267185 -0.415715
0.0455574 -0.0278011 -0.415172
0.0453489 -0.0288199 -0.414663
0.0450705 -0.0297763 -0.414167
0.0447938 -0.0306633 -0.413688
0.0445479 -0.0315147 -0.41321
0.0441502 -0.0322468 -0.412726
0.043847 -0.0329362 -0.412237
0.0435946 -0.0336007 -0.411746
0.0434132 -0.034242 -0.411259
0.0432477 -0.0348175 -0.410787
0.0430652 -0.0353094 -0.41033
0.0428586 -0.0357451 -0.409891
0.0426183 -0.0360844 -0.409463
0.0423759 -0.0363286 -0.409066
0.0421645 -0.0364881 -0.408695
0.0420117 -0.0366064 -0.408385
0.0419691 -0.03665 -0.408141
0.04204 -0.0366762 -0.407966
0.0422696 -0.036703 -0.407873
0.0426492 -0.0367325 -0.40786
0.0431402 -0.0367947 -0.407935
0.0437133 -0.0368863 -0.408108
0.0443473 -0.0369603 -0.408372
0.0450232 -0.0370311 -0.408721
0.0457149 -0.0371196 -0.40915
0.0464291 -0.0372646 -0.409643
0.0471515 -0.0374613 -0.410202
0.04788 -0.0377185 -0.410808
0.0485987 -0.0380445 -0.411461
0.0492997 -0.0384251 -0.412139
0.0499886 -0.038875 -0.412836
0.0506657 -0.0393606 -0.413539
0.0513086 -0.0398799 -0.414235
0.0519047 -0.0404481 -0.414907
0.0524315 -0.0410344 -0.415549
0.052891 -0.0416239 -0.41618
0.0532846 -0.0421994 -0.416764
0.0536161 -0.042752 -0.417294
0.0538634 -0.0433033 -0.417787
0.0542048 -0.0437462 -0.418246
0.0544947 -0.0441441 -0.418691
0.0546252 -0.0445777 -0.419126
0.0547262 -0.0449576 -0.41954
0.0547773 -0.04531 -0.419921
0.0548026 -0.0456081 -0.420261
0.0548514 -0.045883 -0.420565
0.0549089 -0.0461579 -0.420819
0.0549636 -0.0464028 -0.421038
0.0550407 -0.0466014 -0.42123
0.0551257 -0.0467235 -0.421414
0.055219 -0.0467971 -0.421581
0.0553284 -0.0468623 -0.421751
0.0554427 -0.0469221 -0.421922
0.0555391 -0.0469732 -0.422087
0.0556178 -0.0470184 -0.422256
0.0557022 -0.0470421 -0.4224
0.0557892 -0.0470548 -0.422519
0.0558505 -0.0470363 -0.422605
0.0559296 -0.0469753 -0.422649
0.0560414 -0.0468877 -0.422664
0.0561602 -0.0467948 -0.422641
0.0563055 -0.0467065 -0.422594
0.0564769 -0.046567 -0.422536
0.0566483 -0.0463881 -0.422468
0.0568153 -0.0461336 -0.42243
0.0569922 -0.0457822 -0.42242
0.0571627 -0.0453477 -0.42244
0.0573495 -0.0448245 -0.422499
0.057568 -0.0442517 -0.42259
0.0577884 -0.0436825 -0.4227
0.0580611 -0.0431492 -0.422814
0.0583928 -0.0426593 -0.422906
0.0587528 -0.0422177 -0.42297
0.059137 -0.041819 -0.423017
0.0595546 -0.0414216 -0.423018
0.0599638 -0.040989 -0.422989
0.0603741 -0.0405242 -0.42295
0.0607465 -0.0400385 -0.422906
0.0610852 -0.0395734 -0.422871
0.0613998 -0.0391595 -0.422852
0.0616777 -0.0387943 -0.42284
0.0619011 -0.0384727 -0.422823
0.062105 -0.0381511 -0.422782
0.0622837 -0.0377942 -0.422706
0.0624574 -0.0374022 -0.422586
0.0626185 -0.0370026 -0.422411
0.0627575 -0.0366043 -0.422177
0.0628918 -0.0361832 -0.421915
0.0630114 -0.0357536 -0.42163
0.063144 -0.0353271 -0.42133
0.0634133 -0.034708 -0.421041
0.0636951 -0.0340218 -0.4208
0.0640003 -0.0332223 -0.42064
0.0643381 -0.0322598 -0.420591
0.0646836 -0.0310762 -0.420657
0.0650143 -0.029735 -0.420814
0.0652275 -0.028376 -0.421032
0.0652787 -0.0270632 -0.421277
0.0651055 -0.0258092 -0.421526
0.0646701 -0.0246842 -0.421774
0.0641599 -0.0235033 -0.422006
0.0632614 -0.0228683 -0.422187
0.0621731 -0.0224944 -0.422308
0.0609405 -0.0223348 -0.422392
0.0595695 -0.0224023 -0.42246
0.0580831 -0.0226795 -0.422484
0.0565262 -0.0231315 -0.422451
0.0549156 -0.0237621 -0.422367
0.0532698 -0.0245711 -0.422227
0.0516244 -0.0255776 -0.422019
0.0500229 -0.02672 -0.421725
0.0485372 -0.0279358 -0.421338
0.0472679 -0.0291237 -0.420875
0.046261 -0.0302136 -0.420375
0.0455789 -0.0312136 -0.419883
0.0452292 -0.0321743 -0.41946
0.045023 -0.0331382 -0.419128
0.0452538 -0.0340167 -0.418909
0.0457422 -0.0347967 -0.418807
0.0464569 -0.0355075 -0.418793
0.0473275 -0.0361459 -0.418805
0.0482544 -0.0366758 -0.418875
0.0491824 -0.0369889 -0.419012
0.0501238 -0.0369978 -0.419241
0.0510893 -0.0367148 -0.419545
0.0521099 -0.0362113 -0.419906
0.0531919 -0.0355112 -0.42029
0.0543585 -0.034581 -0.420642
0.0555296 -0.0334775 -0.420918
0.0566759 -0.0322921 -0.42103
0.057736 -0.0310666 -0.420952
0.058605 -0.0298363 -0.42072
0.0592368 -0.028616 -0.420335
0.0596115 -0.0274577 -0.419843
0.0597386 -0.0264235 -0.419301
0.0596403 -0.025643 -0.418735
0.0593953 -0.025154 -0.418178
0.05906 -0.0248951 -0.417623
0.0587863 -0.0244417 -0.417073
0.0585489 -0.0241368 -0.416509
0.0583076 -0.0241867 -0.415889
0.0581482 -0.0242869 -0.415226
0.0580278 -0.0244122 -0.414506
0.0579196 -0.0245556 -0.413744
0.0577899 -0.0247806 -0.412968
0.0576102 -0.0251657 -0.412183
0.0574055 -0.0257003 -0.411418
0.0572474 -0.0260714 -0.410653
0.057111 -0.0265603 -0.40988
0.0570284 -0.027151 -0.409082
0.0569729 -0.0277878 -0.408212
0.0569471 -0.0285015 -0.407241
0.0569468 -0.0292797 -0.406163
0.0569339 -0.0300851 -0.404988
0.0568842 -0.0309529 -0.403727
0.0568197 -0.0318777 -0.402431
0.0567708 -0.0328055 -0.401104
0.0567577 -0.0337177 -0.399775
0.0568265 -0.0345939 -0.398485
0.0569846 -0.0354685 -0.397261
0.057244 -0.0362623 -0.396089
0.0576647 -0.0369798 -0.394992
0.0582033 -0.0377122 -0.39397
0.058893 -0.0384309 -0.393028
0.0595521 -0.0391152 -0.392188
0.0602092 -0.0397253 -0.391477
0.0608572 -0.0402669 -0.390891
0.0615451 -0.0407359 -0.390465
0.0622785 -0.0411662 -0.390205
0.0630077 -0.0415266 -0.390143
0.0637283 -0.0418594 -0.390262
0.0644453 -0.0421012 -0.390547
0.0651375 -0.0422396 -0.39097
0.0658681 -0.0422415 -0.39153
0.0666502 -0.0420785 -0.392179
0.0674538 -0.0417486 -0.392934
0.0684056 -0.0413307 -0.393772
0.0693071 -0.0408439 -0.394672
0.0701024 -0.040211 -0.39564
0.0707045 -0.0394425 -0.396666
0.0711829 -0.0386075 -0.397741
0.0715658 -0.0377672 -0.398855
0.0718726 -0.0368509 -0.399963
0.0721307 -0.0358504 -0.401074
0.0723562 -0.0348162 -0.402192
0.0724784 -0.0338015 -0.403301
0.0725473 -0.0328403 -0.404427
0.0726119 -0.0319015 -0.405559
0.0726863 -0.0309429 -0.406674
0.0728074 -0.0300294 -0.407788
0.0729701 -0.0291858 -0.408928
0.0731583 -0.0284297 -0.410078
0.073369 -0.0277768 -0.411243
0.0736602 -0.0272336 -0.412419
0.0740321 -0.0268093 -0.413608
0.0744581 -0.0264293 -0.414799
0.0749301 -0.0260806 -0.415983
0.0754631 -0.025754 -0.417148
0.0760631 -0.0254564 -0.418286
0.0767825 -0.0251968 -0.419379
0.0775926 -0.0250017 -0.420435
0.0784629 -0.024867 -0.421431
0.0794112 -0.0248541 -0.422379
0.0803605 -0.0249346 -0.423293
0.0813628 -0.0250926 -0.424145
0.0823942 -0.0252558 -0.424937
0.0834685 -0.025404 -0.425673
0.084559 -0.0255544 -0.426353
0.0857385 -0.0257225 -0.42697
0.0869415 -0.0259653 -0.42756
0.0881473 -0.026262 -0.428144
0.0892789 -0.0265865 -0.428711
0.0903808 -0.0268996 -0.429262
0.091524 -0.0272264 -0.429799
0.0926451 -0.0276342 -0.430333
0.0936906 -0.0280805 -0.430863
0.0946465 -0.0285348 -0.431376
0.0955723 -0.0289743 -0.431854
0.0965024 -0.0294057 -0.43231
0.0973638 -0.0298183 -0.432748
0.0981654 -0.0302226 -0.433161
0.0989521 -0.0305925 -0.433558
0.0996728 -0.0308137 -0.433941
0.100367 -0.0309306 -0.434305
0.101018 -0.0310676 -0.434664
0.101577 -0.0310951 -0.43499
0.102019 -0.0310594 -0.435293
0.102354 -0.0310033 -0.435602
0.102632 -0.0309866 -0.435933
0.102866 -0.0310003 -0.436303
0.103048 -0.0310082 -0.436693
0.103156 -0.0309629 -0.437095
0.103239 -0.0309575 -0.437521
0.103378 -0.0309864 -0.437974
0.103537 -0.0311032 -0.438433
0.103709 -0.0312015 -0.43887
0.103917 -0.0313211 -0.439284
0.104173 -0.0314137 -0.439679
0.104511 -0.0315474 -0.440098
0.104885 -0.0316889 -0.440544
0.10522 -0.0319174 -0.44103
0.105575 -0.0321438 -0.441555
0.105925 -0.032369 -0.442124
0.10625 -0.0325515 -0.442725
0.106589 -0.0327124 -0.443332
0.107012 -0.0328284 -0.443949
0.107503 -0.0329141 -0.444582
0.108028 -0.0329696 -0.445229
0.10866 -0.0329964 -0.445849
0.109335 -0.0330094 -0.446425
0.109954 -0.0330106 -0.446938
0.110618 -0.0329924 -0.447386
0.111281 -0.0329477 -0.447781
0.111892 -0.0329295 -0.448132
0.112429 -0.0329521 -0.448466
0.112949 -0.0330451 -0.448795
0.113461 -0.0332275 -0.449141
0.113888 -0.0334743 -0.449486
0.114272 -0.0337856 -0.449815
0.11468 -0.0341677 -0.450086
0.115122 -0.0346018 -0.450253
0.115542 -0.035056 -0.45033
0.116015 -0.0355397 -0.450335
0.116553 -0.0361171 -0.450263
0.117143 -0.0367524 -0.450119
0.11763 -0.0373078 -0.449917
0.118055 -0.0378525 -0.449682
0.118467 -0.0383616 -0.449428
0.118845 -0.0388149 -0.449174
0.119219 -0.0391881 -0.448917
0.119543 -0.0394711 -0.448641
0.119878 -0.0396832 -0.44833
0.120198 -0.0398313 -0.447956
0.120535 -0.0399318 -0.447525
0.120988 -0.0401918 -0.447055
0.121422 -0.0404011 -0.446529
0.121905 -0.0405297 -0.445961
0.122369 -0.040586 -0.445372
0.122809 -0.0405313 -0.444773
0.12318 -0.0403326 -0.444186
0.123407 -0.0399786 -0.443623
0.123541 -0.0394594 -0.44309
0.123401 -0.0385566 -0.442597
0.123149 -0.0375066 -0.442138
0.122789 -0.0363479 -0.441699
0.122369 -0.0350376 -0.441253
0.121878 -0.0335813 -0.4408
0.121304 -0.0319702 -0.440325
0.120656 -0.0302371 -0.439864
0.119961 -0.0285168 -0.43944
0.119256 -0.0269461 -0.439036
0.118623 -0.0255579 -0.438659
0.118119 -0.0242991 -0.438316
0.117728 -0.0231625 -0.438033
0.117417 -0.0221261 -0.437795
0.11717 -0.0211587 -0.4376
0.116909 -0.0201821 -0.437461
0.116555 -0.0191454 -0.437377
0.116085 -0.0179995 -0.437351
0.11547 -0.0166806 -0.437363
0.114711 -0.0152168 -0.437411
0.113817 -0.0136337 -0.437482
0.112764 -0.0118083 -0.437558
0.111794 -0.0101523 -0.437608
0.111012 -0.00858817 -0.437635
0.11059 -0.00717094 -0.437635
0.110614 -0.00590925 -0.43758
0.111051 -0.00472701 -0.437438
0.111788 -0.00351502 -0.437268
0.112761 -0.00224622 -0.437134
0.113864 -0.000918652 -0.437127
0.114959 0.00052726 -0.437333
0.115915 0.00214072 -0.437785
0.116623 0.00386818 -0.438529
0.116999 0.00565255 -0.439593
0.117042 0.00743255 -0.440976
0.116791 0.00916122 -0.442645
0.116236 0.011229 -0.444542
0.115726 0.0126907 -0.446633
0.115226 0.0139106 -0.448865
0.114861 0.0148196 -0.451169
0.114687 0.0153609 -0.453513
0.11473 0.0155139 -0.455886
0.114971 0.0152187 -0.458279
0.115334 0.0144786 -0.460719
0.115757 0.0133651 -0.463228
0.116171 0.0119097 -0.465839
0.116528 0.0101269 -0.468584
0.116832 0.00804111 -0.471392
0.117069 0.0056585 -0.47423
0.117264 0.00298775 -0.477057
0.117476 1.44733e-05 -0.479814
0.117752 -0.00322849 -0.482451
0.118193 -0.00665453 -0.484919
0.118428 -0.0101534 -0.487149
0.119328 -0.0136785 -0.489134
0.120476 -0.017111 -0.490818
0.121839 -0.0203585 -0.492177
0.123378 -0.0233253 -0.493211
0.125059 -0.025946 -0.493963
0.126784 -0.0281845 -0.494423
0.1285 -0.0299999 -0.494601
0.130107 -0.0313773 -0.494473
0.131572 -0.0322867 -0.494006
0.132904 -0.0327221 -0.493223
0.13413 -0.0327575 -0.492135
0.135276 -0.032462 -0.490782
0.136417 -0.0318418 -0.489194
0.137548 -0.0309342 -0.487425
0.138701 -0.0297991 -0.485494
0.139865 -0.0284876 -0.48344
0.140992 -0.0270316 -0.481279
0.141952 -0.0254526 -0.479023
0.142813 -0.0237225 -0.476715
0.143536 -0.0218998 -0.47436
0.144123 -0.0200351 -0.472004
0.144588 -0.018168 -0.469684
0.144966 -0.0163938 -0.467428
0.145288 -0.0147888 -0.46526
0.145589 -0.0133735 -0.463229
0.145829 -0.0124058 -0.461346
0.146145 -0.011401 -0.459597
0.146496 -0.0105903 -0.45798
0.146701 -0.0102403 -0.456529
0.146858 -0.0101058 -0.45525
0.147171 -0.00995856 -0.454136
0.147465 -0.00997383 -0.453205
0.147523 -0.0102973 -0.452464
0.147578 -0.0107632 -0.451893
0.147757 -0.0112232 -0.45149
0.147804 -0.011846 -0.451237
0.147898 -0.0125316 -0.451112
0.148042 -0.013298 -0.451122
0.14822 -0.0141274 -0.451243
0.148459 -0.0149801 -0.451442
0.148748 -0.0158458 -0.451726
0.149234 -0.0167678 -0.452125
0.149789 -0.017653 -0.452622
0.150407 -0.0184543 -0.45325
0.151075 -0.0191214 -0.453989
0.151787 -0.0196666 -0.454804
0.152519 -0.0201024 -0.455661
0.153235 -0.0204325 -0.45653
0.15394 -0.0206523 -0.457388
0.154643 -0.0207292 -0.458219
0.15525 -0.020412 -0.45902
0.155812 -0.0198813 -0.459824
0.156339 -0.019176 -0.46062
0.15683 -0.0182936 -0.461395
0.157245 -0.0172299 -0.462165
0.157631 -0.0160315 -0.462919
0.157952 -0.0147026 -0.463637
0.158171 -0.0132712 -0.464304
0.158324 -0.0118011 -0.464906
0.15838 -0.0103376 -0.465456
0.158333 -0.00887755 -0.465938
0.158173 -0.00731691 -0.466378
0.157867 -0.00552718 -0.466799
0.15739 -0.00330792 -0.467213
0.15669 -0.000664618 -0.467628
0.155704 0.00221076 -0.468056
0.154332 0.00502721 -0.46848
0.15253 0.00768805 -0.468908
0.150257 0.0101551 -0.469328
0.147525 0.0124058 -0.469718
0.144363 0.0143436 -0.470085
0.140855 0.0159626 -0.470473
0.13712 0.0173628 -0.470924
0.133694 0.0188557 -0.471509
0.130257 0.0202733 -0.472227
0.126658 0.0214675 -0.473061
0.123222 0.0226657 -0.473977
0.120034 0.0238852 -0.474926
0.117185 0.0252157 -0.475832
0.114735 0.0267043 -0.47667
0.112735 0.0283196 -0.47743
0.111142 0.0300534 -0.478132
0.109858 0.0319088 -0.478816
0.10876 0.0338047 -0.479491
0.107752 0.0356205 -0.480146
0.106759 0.0373588 -0.480737
0.105712 0.0390655 -0.481254
0.104588 0.040676 -0.48162
0.103409 0.0420666 -0.481767
0.102177 0.0432076 -0.481645
0.100919 0.0441225 -0.481232
0.099686 0.0448169 -0.480517
0.0984506 0.0452283 -0.479497
0.0972384 0.0452802 -0.478194
0.0960263 0.0449281 -0.476635
0.0947235 0.0441167 -0.474819
0.0933131 0.0428301 -0.472783
0.0917776 0.0410895 -0.470549
0.0900022 0.0389791 -0.468157
0.0879853 0.0365426 -0.465646
0.0856942 0.0337746 -0.463083
0.0831374 0.030732 -0.460518
0.0803294 0.0275307 -0.457987
0.0773253 0.0242147 -0.455523
0.0744828 0.0211552 -0.453172
0.0712485 0.0176665 -0.450923
0.0679794 0.0141308 -0.448808
0.0646586 0.0106039 -0.446865
0.0612463 0.00713912 -0.445101
0.0576809 0.00370241 -0.44358
0.0539216 0.000255625 -0.442398
0.0500171 -0.00318707 -0.441624
0.0461402 -0.00650586 -0.441269
0.042527 -0.00938504 -0.441285
0.0393768 -0.0116036 -0.441561
0.0367723 -0.0131725 -0.441958
0.0347152 -0.01431 -0.442392
0.0330481 -0.0150652 -0.442878
0.0313981 -0.0156326 -0.443433
0.029707 -0.0160733 -0.444099
0.0278122 -0.0165056 -0.444946
0.025618 -0.0170493 -0.446037
0.0231167 -0.0176613 -0.447337
0.0203276 -0.0182442 -0.448816
0.0173589 -0.0187278 -0.450368
0.0141837 -0.0190471 -0.451898
0.0109956 -0.0192984 -0.453332
0.00784185 -0.0195246 -0.454635
0.00476141 -0.0197873 -0.455743
0.00177762 -0.0200763 -0.456664
-0.0011654 -0.0204357 -0.457393
-0.00413145 -0.0209502 -0.457891
-0.00711511 -0.0216282 -0.458193
-0.010148 -0.0222645 -0.458324
-0.0132823 -0.023035 -0.458312
-0.0164708 -0.0239535 -0.458202
-0.0196639 -0.0250064 -0.458052
-0.0228331 -0.0261596 -0.457896
-0.0260119 -0.0274309 -0.45771
-0.0288984 -0.028974 -0.457465
-0.031623 -0.0306647 -0.457158
-0.0343537 -0.0324145 -0.456774
-0.0368352 -0.0341896 -0.45633
-0.0390631 -0.0359343 -0.45583
-0.0411492 -0.0376783 -0.455266
-0.0430997 -0.0394369 -0.454649
-0.0449747 -0.0412002 -0.45402
-0.0467899 -0.0429607 -0.453399
-0.048439 -0.0445909 -0.452814
-0.0499848 -0.046151 -0.45228
-0.051436 -0.0475235 -0.451803
-0.0528618 -0.0488235 -0.45138
-0.0542826 -0.0500335 -0.450994
-0.0557181 -0.0511226 -0.450653
-0.0570857 -0.0520861 -0.450353
-0.0584665 -0.0529142 -0.450097
-0.0598987 -0.0535838 -0.449893
-0.0613799 -0.0541158 -0.449735
-0.062874 -0.0544505 -0.449631
-0.0644183 -0.0546276 -0.449555
-0.0660168 -0.0546356 -0.449494
-0.0675994 -0.0547608 -0.449473
-0.0692183 -0.0547483 -0.449485
-0.0708499 -0.05467 -0.449545
-0.0724489 -0.0544624 -0.449665
-0.0740955 -0.0541455 -0.44982
-0.0757628 -0.0537319 -0.450044
-0.0774279 -0.0532087 -0.450316
-0.079098 -0.0525547 -0.450666
-0.0807763 -0.0517544 -0.451072
-0.0823973 -0.0507775 -0.451532
-0.0839645 -0.0496874 -0.452037
-0.0852795 -0.0482829 -0.452563
-0.0865938 -0.0469196 -0.453133
-0.0878697 -0.0456359 -0.453725
-0.0890886 -0.0444047 -0.454331
-0.0902844 -0.043224 -0.454951
-0.091466 -0.0421294 -0.455568
-0.0926325 -0.0411461 -0.456185
-0.0937674 -0.040298 -0.456773
-0.0950808 -0.0397551 -0.457306
-0.0963616 -0.0393163 -0.457802
-0.0976198 -0.0389829 -0.458273
-0.0988758 -0.0387872 -0.458709
-0.100102 -0.0387246 -0.459122
-0.101336 -0.0387657 -0.45951
-0.102564 -0.0389305 -0.45988
-0.103798 -0.0391727 -0.460231
-0.104998 -0.0394939 -0.460543
-0.106158 -0.0399057 -0.460814
-0.107269 -0.0403933 -0.461028
-0.108343 -0.0409438 -0.461184
-0.10938 -0.0415491 -0.46129
-0.110382 -0.042231 -0.461347
-0.111324 -0.0430033 -0.461377
-0.112146 -0.043827 -0.461397
-0.112952 -0.0446384 -0.461425
-0.11373 -0.0454202 -0.461469
-0.114462 -0.0461773 -0.46149
-0.115094 -0.0469359 -0.461496
-0.115666 -0.0476599 -0.461499
-0.116203 -0.0483943 -0.461479
-0.116684 -0.0490747 -0.461448
-0.117153 -0.0497016 -0.461412
-0.117615 -0.0502452 -0.461365
-0.118046 -0.0506996 -0.461281
-0.118401 -0.051083 -0.461173
-0.118758 -0.0514024 -0.461049
-0.11915 -0.0516308 -0.460881
-0.119509 -0.0517643 -0.460678
-0.11994 -0.0517623 -0.46043
-0.120385 -0.0516281 -0.46012
-0.120791 -0.0514027 -0.459769
-0.121252 -0.0511118 -0.459383
-0.121731 -0.0507905 -0.45895
-0.12218 -0.0504404 -0.458454
-0.122659 -0.0500511 -0.457898
-0.12318 -0.0495794 -0.457306
-0.123705 -0.049022 -0.456694
-0.124252 -0.0484212 -0.456044
-0.124875 -0.0477812 -0.455344
-0.125535 -0.0469771 -0.454616
-0.126168 -0.0461302 -0.45385
-0.126873 -0.0452056 -0.453028
-0.127553 -0.0441741 -0.452146
-0.128179 -0.0429509 -0.451204
-0.128725 -0.0414413 -0.450193
-0.129152 -0.0396462 -0.449091
-0.129406 -0.0377073 -0.447906
-0.129482 -0.0357746 -0.446647
-0.129339 -0.0339485 -0.445334
-0.128926 -0.032251 -0.444
-0.128247 -0.0306995 -0.442671
-0.127336 -0.0292977 -0.44135
-0.12616 -0.0280349 -0.440019
-0.124699 -0.0269089 -0.438654
-0.123 -0.0258966 -0.437189
-0.121139 -0.0249971 -0.435586
-0.1192 -0.0242029 -0.43382
-0.117561 -0.023155 -0.431878
-0.11595 -0.0220787 -0.429841
-0.114214 -0.0213451 -0.427718
-0.112593 -0.0206621 -0.425557
-0.111075 -0.0200589 -0.4234
-0.109661 -0.019577 -0.421276
-0.108311 -0.0192402 -0.4192
-0.107017 -0.0190565 -0.417186
-0.105772 -0.0189214 -0.415224
-0.104562 -0.0188198 -0.413324
-0.103363 -0.018738 -0.411502
-0.1022 -0.0187138 -0.409776
-0.10107 -0.0187846 -0.408175
-0.0999905 -0.0189874 -0.406764
-0.0989301 -0.0192391 -0.405606
-0.0979433 -0.0195135 -0.404717
-0.0971326 -0.0197794 -0.404112
-0.0964753 -0.0200664 -0.403777
-0.095947 -0.0204963 -0.403671
-0.0955054 -0.0212118 -0.403788
-0.0950354 -0.0222442 -0.404084
-0.0943945 -0.0235636 -0.404568
-0.0935635 -0.025119 -0.405242
-0.0926898 -0.0264332 -0.406092
-0.0914447 -0.0285307 -0.407133
-0.0900008 -0.0309437 -0.40837
-0.08839 -0.0336696 -0.409767
-0.08669 -0.0366239 -0.411254
-0.0849999 -0.0397978 -0.412775
-0.0833438 -0.0432226 -0.414265
-0.0817998 -0.0467975 -0.415687
-0.080402 -0.0502408 -0.417049
-0.0791742 -0.0532878 -0.418365
-0.0781208 -0.0558375 -0.41968
-0.0772101 -0.0579588 -0.421037
-0.0764428 -0.0597399 -0.422448
-0.0758495 -0.061153 -0.423894
-0.0753953 -0.0623067 -0.425342
-0.0749961 -0.0633503 -0.426749
-0.0746717 -0.0642394 -0.428096
-0.074412 -0.0650172 -0.429355
-0.0741945 -0.0656814 -0.430519
-0.0739723 -0.0661522 -0.431617
-0.073762 -0.0663832 -0.432707
-0.0734959 -0.0663926 -0.43385
-0.0732195 -0.066195 -0.435045
-0.0730262 -0.0657416 -0.436288
-0.0727984 -0.0651549 -0.437623
-0.0724778 -0.0646345 -0.439064
-0.0721695 -0.0640366 -0.440615
-0.0718203 -0.0635245 -0.44229
-0.0714716 -0.0630988 -0.444063
-0.0711098 -0.0627208 -0.445907
-0.0707218 -0.0624441 -0.447796
-0.0702253 -0.0624012 -0.449746
-0.0696593 -0.0624823 -0.451759
-0.0690287 -0.0627101 -0.453804
-0.0683057 -0.063082 -0.455865
-0.0675174 -0.0636062 -0.457967
-0.066666 -0.0642874 -0.460102
-0.0658251 -0.0649288 -0.462271
-0.0649744 -0.0657107 -0.464476
-0.064102 -0.0666409 -0.46672
-0.063219 -0.0677242 -0.469017
-0.0623431 -0.0689131 -0.471344
-0.0615063 -0.0701503 -0.473691
-0.0606902 -0.0714592 -0.476056
-0.0599111 -0.0728071 -0.478426
-0.0591853 -0.0741585 -0.48082
-0.0585523 -0.0754941 -0.483224
-0.0579826 -0.0767845 -0.48563
-0.0574993 -0.0780034 -0.488027
-0.0570996 -0.0791246 -0.490393
-0.0567859 -0.0801182 -0.492679
-0.0565764 -0.0809524 -0.494869
-0.0564422 -0.0816071 -0.496917
-0.0564031 -0.0821144 -0.498815
-0.056468 -0.0824786 -0.500587
-0.0566231 -0.0827327 -0.502217
-0.0568917 -0.0828861 -0.503696
-0.057251 -0.0829389 -0.505006
-0.0576908 -0.0829363 -0.506173
-0.0581968 -0.0828843 -0.507232
-0.0587209 -0.0827733 -0.508178
-0.059242 -0.0826112 -0.509029
-0.0596103 -0.0824268 -0.509827
-0.0599426 -0.082216 -0.510573
-0.0602333 -0.0819945 -0.51126
-0.0604919 -0.0818 -0.511899
-0.0607248 -0.0816328 -0.512495
-0.0609162 -0.0814678 -0.513016
-0.061061 -0.0813319 -0.513459
-0.0611389 -0.0812105 -0.513836
-0.0611466 -0.081093 -0.51414
-0.0612982 -0.0809967 -0.514369
-0.0613806 -0.0809113 -0.514545
-0.0614032 -0.0808357 -0.514651
-0.0613676 -0.080787 -0.514691
-0.061316 -0.0807724 -0.514684
-0.061257 -0.0807987 -0.514627
-0.0612042 -0.0808568 -0.514549
-0.061144 -0.0809166 -0.514435
-0.0611738 -0.0810182 -0.51428
-0.0612825 -0.0811638 -0.514103
-0.0614725 -0.0813666 -0.513868
-0.0617297 -0.0816485 -0.513594
-0.0620302 -0.0820053 -0.513285
-0.0623996 -0.0824407 -0.512944
-0.0628226 -0.082951 -0.512552
-0.0632806 -0.0835218 -0.51209
-0.0637848 -0.0841144 -0.511579
-0.0644217 -0.0847923 -0.511028
-0.0650908 -0.0855479 -0.510427
-0.0658309 -0.0863435 -0.509794
-0.0666393 -0.0872133 -0.509143
-0.0674502 -0.0881538 -0.508508
-0.0681696 -0.0890807 -0.507878
-0.0688617 -0.0900784 -0.507237
-0.0694978 -0.0910912 -0.506606
-0.070056 -0.092109 -0.505992
-0.0705225 -0.0931571 -0.505392
-0.0709196 -0.0942203 -0.504773
-0.0712354 -0.0952768 -0.504121
-0.0715025 -0.0962963 -0.503471
-0.0717123 -0.097261 -0.502804
-0.0718603 -0.0981479 -0.502119
-0.071973 -0.0989437 -0.501442
-0.0720293 -0.0996232 -0.50077
-0.0721834 -0.100359 -0.500069
-0.0722987 -0.101004 -0.499321
-0.0723447 -0.101556 -0.498543
-0.072325 -0.102017 -0.497726
-0.0722708 -0.102436 -0.496865
-0.0721534 -0.102796 -0.495976
-0.0719783 -0.103095 -0.495051
-0.0717939 -0.103313 -0.494095
-0.0716003 -0.103469 -0.493111
-0.0713637 -0.103564 -0.492111
-0.071074 -0.10361 -0.491106
-0.0707469 -0.103662 -0.490076
-0.0703761 -0.103715 -0.489031
-0.0699273 -0.103781 -0.487968
-0.0694201 -0.103886 -0.48691
-0.0688801 -0.10401 -0.485859
-0.0683059 -0.104191 -0.484781
-0.0676872 -0.104417 -0.483702
-0.0670614 -0.104682 -0.482604
-0.0664683 -0.104969 -0.48152
-0.0658974 -0.105299 -0.480449
-0.0653311 -0.105663 -0.479371
-0.0647721 -0.106034 -0.478323
-0.064225 -0.106425 -0.477278
-0.0636565 -0.106773 -0.476247
-0.0630686 -0.107058 -0.475239
-0.0624655 -0.107292 -0.474261
-0.061836 -0.107486 -0.473296
-0.06117 -0.107646 -0.472353
-0.0604701 -0.107774 -0.471444
-0.0597374 -0.107795 -0.470616
-0.0589649 -0.107635 -0.469903
-0.0581633 -0.107313 -0.469326
-0.0573881 -0.106937 -0.468905
-0.05664 -0.10662 -0.468635
-0.0559223 -0.106418 -0.468492
-0.0552235 -0.106395 -0.468462
-0.0545735 -0.106521 -0.468528
-0.0538822 -0.106741 -0.468655
-0.053133 -0.106977 -0.468815
-0.052343 -0.107194 -0.469005
-0.0515004 -0.107413 -0.469249
-0.0505765 -0.107652 -0.469551
-0.0495742 -0.107756 -0.469917
-0.0486134 -0.107918 -0.47034
-0.0477104 -0.108121 -0.470827
-0.0468859 -0.108329 -0.471383
-0.0461503 -0.108473 -0.472015
-0.0454736 -0.108479 -0.472687
-0.0448159 -0.108313 -0.473371
