%roll pitch yaw
0.0165642 0.00383234 -0.26928
0.0168611 0.00333922 -0.26937
0.0171869 0.00289494 -0.269371
0.0175101 0.00248067 -0.269275
0.0178305 0.00205547 -0.269103
0.0181521 0.00160368 -0.268853
0.0184677 0.0011313 -0.268553
0.0187724 0.000619622 -0.268215
0.018996 9.68448e-05 -0.267859
0.0191396 -0.000402398 -0.267479
0.0192208 -0.000885291 -0.267098
0.019243 -0.00136267 -0.266734
0.0192121 -0.00183771 -0.266366
0.0191547 -0.00236491 -0.265978
0.0190859 -0.00297364 -0.265585
0.0189846 -0.00366991 -0.265158
0.0188595 -0.00444681 -0.264728
0.0186912 -0.00528601 -0.264302
0.0184598 -0.00614305 -0.263865
0.0181779 -0.00700259 -0.263421
0.0178566 -0.00785131 -0.262958
0.0175121 -0.0086858 -0.26248
0.0171832 -0.00949368 -0.261994
0.0168925 -0.0102657 -0.261508
0.0166392 -0.0110008 -0.261009
0.0164316 -0.01166 -0.260519
0.0162724 -0.0122554 -0.260041
0.0161374 -0.0127644 -0.259583
0.0160143 -0.0132102 -0.25914
0.015894 -0.013592 -0.258703
0.0157959 -0.013891 -0.258253
0.015734 -0.0141189 -0.257821
0.0156847 -0.0142728 -0.257447
0.0156701 -0.0143518 -0.257135
0.0156979 -0.0143661 -0.2569
0.0158099 -0.0143289 -0.256747
0.0160015 -0.0142397 -0.256645
0.0162903 -0.0141106 -0.25659
0.0166518 -0.013998 -0.256592
0.0170629 -0.0139224 -0.256661
0.0175087 -0.0138538 -0.256783
0.0179755 -0.0137624 -0.25697
0.0184578 -0.0136995 -0.257243
0.0189253 -0.013642 -0.257575
0.0193644 -0.0135894 -0.257943
0.0197957 -0.0135303 -0.258338
0.0201952 -0.0134777 -0.258748
0.0205425 -0.0134481 -0.25918
0.0208737 -0.0134368 -0.259607
0.021196 -0.0134293 -0.260016
0.0214835 -0.0134737 -0.2604
0.0217197 -0.0135883 -0.260776
0.0219036 -0.0137399 -0.261136
0.0220364 -0.0139113 -0.261499
0.0221233 -0.0140582 -0.26186
0.0221378 -0.0141959 -0.262213
0.0220995 -0.014324 -0.262559
0.0220299 -0.0144361 -0.262893
0.0219379 -0.0145417 -0.263198
0.0218138 -0.0146602 -0.263493
0.021697 -0.0148081 -0.263757
0.0215909 -0.0149602 -0.26398
0.0214893 -0.0151399 -0.264166
0.0214009 -0.0153277 -0.26432
0.0212939 -0.0155199 -0.26444
0.0211905 -0.015713 -0.264525
0.0210918 -0.0158823 -0.264576
0.0209824 -0.0160713 -0.264606
0.0208376 -0.0162755 -0.264597
0.0206926 -0.0164904 -0.26453
0.0205384 -0.0167308 -0.264419
0.0203957 -0.0169982 -0.26427
0.0202722 -0.0173136 -0.264103
0.0201697 -0.0176517 -0.263931
0.0201026 -0.0180115 -0.263751
0.0200675 -0.0184162 -0.26356
0.0200542 -0.0188383 -0.263344
0.0200535 -0.0192445 -0.263106
0.0200671 -0.0196076 -0.262847
0.0200872 -0.0199453 -0.26258
0.020125 -0.0202542 -0.262318
0.0201703 -0.0205165 -0.26206
0.0202053 -0.020749 -0.261809
0.0202348 -0.0209145 -0.261593
0.0202678 -0.0210024 -0.261402
0.0203109 -0.0210621 -0.261277
0.0203466 -0.0210855 -0.261171
0.0204089 -0.0210894 -0.261094
0.0204785 -0.0210959 -0.26102
0.0205589 -0.0211381 -0.260926
0.0206083 -0.0212197 -0.260794
0.020666 -0.0213303 -0.260641
0.020691 -0.0214609 -0.260478
0.0206759 -0.021545 -0.260324
0.0205626 -0.0215587 -0.260217
0.0203867 -0.0215387 -0.26015
0.0201349 -0.0215389 -0.26012
0.0198252 -0.0215756 -0.260134
0.0194597 -0.0216247 -0.260175
0.019099 -0.0216997 -0.260223
0.0187471 -0.0217774 -0.260256
0.0184064 -0.02182 -0.260277
0.0180549 -0.0218116 -0.26029
0.0177076 -0.0217347 -0.260317
0.0173261 -0.021613 -0.260351
0.016908 -0.0214663 -0.260415
0.0164562 -0.0213158 -0.260521
0.0160233 -0.0211352 -0.260679
0.0155849 -0.0209191 -0.260908
0.0151774 -0.0206918 -0.261203
0.0148115 -0.020437 -0.261534
0.0145276 -0.0201739 -0.261883
0.0143142 -0.0199262 -0.262248
0.014152 -0.0197106 -0.262624
0.0140399 -0.0195096 -0.263022
0.0140482 -0.0191733 -0.263464
0.0140636 -0.0188086 -0.26396
0.0140853 -0.0183683 -0.264501
0.0140807 -0.0179172 -0.265103
0.0140598 -0.0174506 -0.265714
0.0139413 -0.0170409 -0.266273
0.0136749 -0.0166648 -0.26676
0.0132576 -0.0164815 -0.267159
0.0126675 -0.0164495 -0.267483
0.0119126 -0.0165727 -0.267707
0.0110134 -0.0168671 -0.267863
0.0100068 -0.0172842 -0.267958
0.0089517 -0.0177801 -0.267997
0.00791113 -0.0183051 -0.267981
0.00694269 -0.0188105 -0.267927
0.00593851 -0.0194004 -0.267818
0.00510321 -0.0199743 -0.267658
0.00458787 -0.0204214 -0.267468
0.00422545 -0.0208145 -0.26725
0.00399828 -0.0211429 -0.267024
0.00389411 -0.0213451 -0.266782
0.00389651 -0.0213526 -0.266508
0.00400727 -0.0211331 -0.266204
0.00422641 -0.0206527 -0.265886
0.0044724 -0.0200595 -0.265558
0.00489587 -0.0191024 -0.265249
0.00548818 -0.0177997 -0.264974
0.00626185 -0.0162061 -0.264741
0.00721629 -0.0144119 -0.264553
0.00828142 -0.0124949 -0.264389
0.00936559 -0.010548 -0.264227
0.0103883 -0.00864795 -0.264051
0.0112797 -0.00685353 -0.263812
0.0119989 -0.00519244 -0.263503
0.0125204 -0.00370583 -0.26313
0.0128661 -0.00243291 -0.26273
0.0130414 -0.00142996 -0.262305
0.0130927 -0.000728632 -0.261879
0.0130122 -0.000349148 -0.261467
0.0128274 -0.000267855 -0.26107
0.012589 -0.00046854 -0.260707
0.0123066 -0.000915532 -0.260356
0.011962 -0.00149164 -0.259993
0.0115786 -0.00215083 -0.25961
0.0111559 -0.00283748 -0.259244
0.0107039 -0.00358932 -0.258885
0.0102408 -0.00439287 -0.258548
0.00979837 -0.00524857 -0.258266
0.00938436 -0.00612673 -0.25802
0.00902227 -0.00701561 -0.257794
0.00872597 -0.00789044 -0.257586
0.00848119 -0.00875241 -0.257406
0.0082843 -0.00960445 -0.257228
0.00813876 -0.010461 -0.257046
0.00804225 -0.0113123 -0.256893
0.00799751 -0.0121449 -0.256768
0.00802052 -0.0129884 -0.256676
0.00811984 -0.0138403 -0.256618
0.00829387 -0.0146973 -0.25658
0.00856206 -0.015558 -0.256564
0.00872865 -0.0165621 -0.256567
0.00893131 -0.0175694 -0.256609
0.00915878 -0.0185902 -0.256682
0.00954972 -0.0195095 -0.256763
0.00978646 -0.020529 -0.256876
0.0101883 -0.0214306 -0.25705
0.010584 -0.0223056 -0.257293
0.0110047 -0.0231172 -0.257608
0.011461 -0.0238907 -0.257989
0.0118957 -0.0246161 -0.25846
0.0123261 -0.0252967 -0.259023
0.0127374 -0.0259216 -0.259664
0.0131423 -0.0264601 -0.260372
0.0135018 -0.0269032 -0.261128
0.0138406 -0.0272371 -0.261931
0.0141574 -0.0274432 -0.262756
0.0144326 -0.0275492 -0.263572
0.0146829 -0.0275691 -0.264375
0.0149108 -0.0275382 -0.265149
0.0150501 -0.0274541 -0.265889
0.0151381 -0.0273259 -0.266568
0.0151528 -0.0271487 -0.267179
0.0150926 -0.0269276 -0.267708
0.0149617 -0.0266938 -0.26816
0.0147481 -0.0264466 -0.26854
0.0144887 -0.0261861 -0.268853
0.014162 -0.0258653 -0.26909
0.0138033 -0.0255222 -0.269244
0.0134232 -0.0251865 -0.26933
0.0130663 -0.0249199 -0.269365
0.0127311 -0.0247137 -0.269366
0.012391 -0.0245887 -0.269321
0.0121124 -0.0245175 -0.269208
0.0118787 -0.0244839 -0.269037
0.0117202 -0.024465 -0.268833
0.0116379 -0.0245274 -0.268589
0.0116354 -0.0246535 -0.268324
0.0117382 -0.0248287 -0.268018
0.011889 -0.0250201 -0.267696
0.0121038 -0.0252173 -0.26735
0.0123451 -0.0254341 -0.266992
0.012671 -0.0256511 -0.26661
0.013021 -0.025874 -0.266214
0.0134128 -0.0260941 -0.265826
0.0138621 -0.0262927 -0.265437
0.0143233 -0.0265305 -0.265037
0.0148366 -0.0267663 -0.264624
0.0153466 -0.0269685 -0.264215
0.0159288 -0.0271641 -0.263822
0.0164872 -0.027346 -0.263407
0.0170303 -0.0275677 -0.262989
0.0175999 -0.0278091 -0.262575
0.0181983 -0.0280344 -0.262204
0.0187645 -0.0282534 -0.261853
0.0193391 -0.0284973 -0.261545
0.0198965 -0.0287386 -0.261297
0.0204903 -0.0289777 -0.261116
0.0210383 -0.0291858 -0.260984
0.021586 -0.0294223 -0.260882
0.0221376 -0.0297046 -0.260816
0.022668 -0.0300145 -0.260785
0.0231494 -0.0303309 -0.260772
0.0236151 -0.0306594 -0.260771
0.0239972 -0.0309777 -0.260784
0.0243666 -0.0312753 -0.260804
0.0246658 -0.0315264 -0.260816
0.0249257 -0.0317382 -0.260833
0.0251602 -0.031934 -0.260826
0.0252988 -0.0320862 -0.260814
0.025427 -0.0322308 -0.260785
0.025453 -0.0324006 -0.260751
0.0254527 -0.0326044 -0.260726
0.0253869 -0.032811 -0.260708
0.0253255 -0.0329473 -0.260704
0.0252308 -0.033087 -0.260714
0.0251096 -0.0332746 -0.260758
0.0249839 -0.0334937 -0.260831
0.0247962 -0.0337254 -0.260923
0.024659 -0.0339746 -0.261038
0.0244955 -0.0342314 -0.26117
0.0243463 -0.0344845 -0.261312
0.0242118 -0.0347437 -0.261456
0.0241422 -0.0349844 -0.261621
0.0240758 -0.035234 -0.261799
0.024074 -0.0355121 -0.261973
0.0240667 -0.0358042 -0.262148
0.0241053 -0.0360913 -0.262303
0.0241768 -0.0363309 -0.262461
0.0242905 -0.0365393 -0.262604
0.0244383 -0.0367199 -0.262737
0.0245867 -0.0368995 -0.262858
0.024735 -0.0370767 -0.262983
0.024822 -0.0372463 -0.263103
0.0249075 -0.0373614 -0.263232
0.0249659 -0.0373841 -0.263361
0.0250068 -0.0373116 -0.26348
0.025002 -0.0371559 -0.263585
0.0249536 -0.0369671 -0.263648
0.0248885 -0.0367767 -0.263663
0.0247989 -0.0366019 -0.263659
0.0247109 -0.036444 -0.263605
0.0246301 -0.0362843 -0.2635
0.0245636 -0.0360561 -0.263353
0.0244776 -0.0358147 -0.263174
0.0244128 -0.0355784 -0.262975
0.0243548 -0.0353671 -0.262739
0.0242551 -0.0351774 -0.262486
0.0241053 -0.035032 -0.262222
0.0239131 -0.0348963 -0.261944
0.0236896 -0.0347563 -0.261657
0.0234381 -0.0345394 -0.261341
0.0232073 -0.034276 -0.261004
0.0230385 -0.034042 -0.260634
0.0229039 -0.0338106 -0.260228
0.0228223 -0.0336067 -0.259795
0.0227321 -0.0334887 -0.259359
0.0226886 -0.0334749 -0.258912
0.0225357 -0.0334981 -0.258481
0.0223251 -0.0335067 -0.258061
0.0220384 -0.0335068 -0.257661
0.0216689 -0.0334444 -0.257281
0.021182 -0.0332066 -0.25694
0.0205662 -0.0327632 -0.256618
0.0198366 -0.0320616 -0.256312
0.0189393 -0.0311002 -0.256024
0.017895 -0.0299191 -0.255755
0.016699 -0.0285481 -0.255557
0.0153477 -0.0270324 -0.255452
0.0139277 -0.025373 -0.255426
0.0125208 -0.0236257 -0.255464
0.0112134 -0.0218284 -0.255578
0.010012 -0.0200336 -0.255752
0.00901957 -0.018212 -0.255958
0.00787532 -0.015996 -0.256203
0.00693033 -0.013811 -0.256478
0.00620136 -0.011891 -0.256771
0.00603752 -0.0108608 -0.257107
0.0060301 -0.0101705 -0.2575
0.00578224 -0.00944535 -0.257933
0.0056205 -0.00898614 -0.258408
0.00554441 -0.00870801 -0.258938
0.00553286 -0.00853728 -0.259509
0.00557821 -0.00843563 -0.260114
0.00567512 -0.00839138 -0.260735
0.00581308 -0.00843305 -0.261339
0.00600085 -0.00862592 -0.261914
0.00623564 -0.00894267 -0.262438
0.00651334 -0.00938103 -0.26291
0.00683616 -0.00987363 -0.263307
0.00720565 -0.010354 -0.26359
0.00760697 -0.0108611 -0.263758
0.00796076 -0.0114164 -0.263826
0.00825219 -0.0120558 -0.263829
0.00843826 -0.0127412 -0.263771
0.00851589 -0.0134071 -0.263675
0.00842945 -0.0140624 -0.263567
0.00823642 -0.0146453 -0.263445
0.00796093 -0.0151904 -0.263285
0.00762911 -0.0157435 -0.263085
0.00727351 -0.0163601 -0.262835
0.00691053 -0.0170797 -0.26253
0.00648518 -0.0178788 -0.262163
0.00618618 -0.0188214 -0.261779
0.00581858 -0.0197364 -0.261358
0.00540308 -0.0205919 -0.260892
0.00493401 -0.0214199 -0.260372
0.00442678 -0.0222067 -0.259797
0.0036527 -0.0228916 -0.259168
0.00287152 -0.0235617 -0.258488
0.00209644 -0.0241934 -0.257749
0.00135983 -0.0247621 -0.25697
0.000654518 -0.0252161 -0.256182
-5.97496e-06 -0.025553 -0.25539
-0.000617151 -0.0257877 -0.254575
-0.0011652 -0.0259188 -0.253741
-0.0016862 -0.0259503 -0.252872
-0.00217491 -0.0258897 -0.25199
-0.00262776 -0.0257675 -0.251138
-0.00303317 -0.0256038 -0.250336
-0.00337346 -0.0253647 -0.249598
-0.00361313 -0.0250513 -0.24895
-0.00375325 -0.0246888 -0.248401
-0.00380974 -0.0242877 -0.247941
-0.00377857 -0.0238948 -0.247562
-0.00364009 -0.0234916 -0.247273
-0.00342022 -0.0230999 -0.247091
-0.00316363 -0.0227531 -0.246995
-0.0028688 -0.0224474 -0.246973
-0.00252346 -0.022162 -0.247018
-0.00202578 -0.0218714 -0.247134
-0.00151275 -0.0215981 -0.247298
-0.00100809 -0.021335 -0.247501
-0.000642902 -0.0211005 -0.247746
-0.000322123 -0.0208981 -0.248038
-3.30231e-05 -0.0207626 -0.248379
0.000197198 -0.0207131 -0.248753
0.000366151 -0.0207216 -0.249155
0.000477351 -0.0207549 -0.249583
0.000519007 -0.0207926 -0.25004
0.000496146 -0.0208235 -0.250523
0.000510094 -0.0208072 -0.251017
0.000471991 -0.0207696 -0.251496
0.000389522 -0.0207019 -0.251968
0.000136464 -0.0206759 -0.252435
-0.000169452 -0.0206313 -0.252901
-0.000501257 -0.0205794 -0.253348
-0.000851357 -0.0205425 -0.253775
-0.00120215 -0.020498 -0.254185
-0.00156662 -0.0204511 -0.254577
-0.00192139 -0.0203756 -0.25493
-0.00229551 -0.0202629 -0.255248
-0.00265233 -0.0201165 -0.255551
-0.00301796 -0.0199432 -0.255818
-0.00338942 -0.0197424 -0.256023
-0.00376499 -0.0195447 -0.256184
-0.00411382 -0.0193663 -0.256296
-0.0044289 -0.019214 -0.256368
-0.00470925 -0.019069 -0.25639
-0.00493515 -0.0189182 -0.256378
-0.00510721 -0.0187696 -0.256337
-0.00524012 -0.0186146 -0.256284
-0.00533138 -0.0184376 -0.256227
-0.00537435 -0.0182504 -0.256154
-0.00537029 -0.0180616 -0.256067
-0.00531489 -0.0178518 -0.255938
-0.00519272 -0.0175706 -0.255773
-0.00502581 -0.0172441 -0.255595
-0.00480046 -0.0168827 -0.255418
-0.0045373 -0.0164881 -0.255238
-0.00422373 -0.0160995 -0.255035
-0.00387308 -0.0156975 -0.254805
-0.00348199 -0.0152967 -0.254565
-0.00307435 -0.0149119 -0.254302
-0.00261428 -0.0145297 -0.253998
-0.00213573 -0.0141592 -0.253679
-0.00166689 -0.0137758 -0.253357
-0.00122061 -0.0134321 -0.253058
-0.000803424 -0.0131305 -0.25277
-0.000431757 -0.0128557 -0.252509
-0.000101671 -0.0126072 -0.252262
0.000184251 -0.0123787 -0.252039
0.000432531 -0.0121681 -0.251819
0.000648985 -0.0119861 -0.251591
0.000848674 -0.0118509 -0.251367
0.00103629 -0.011751 -0.251143
0.00123406 -0.0116354 -0.250908
0.00142482 -0.011476 -0.250659
0.00159467 -0.0112647 -0.250397
0.00172732 -0.0110014 -0.250129
0.00185331 -0.0107168 -0.249866
0.00196724 -0.0104414 -0.249639
0.00205677 -0.010184 -0.249484
0.00214175 -0.00987889 -0.249407
0.00222535 -0.00953582 -0.249399
0.00229525 -0.00914963 -0.249453
0.00236635 -0.00874411 -0.249564
0.00248858 -0.00832136 -0.249717
0.00264027 -0.00787293 -0.249914
0.00283628 -0.00740685 -0.250113
0.00307297 -0.00692051 -0.250293
0.00333273 -0.00644967 -0.250501
0.00360891 -0.00598908 -0.25074
0.0038765 -0.00556001 -0.251005
0.00414465 -0.00509663 -0.251322
0.00451474 -0.00450033 -0.251687
0.0048703 -0.00385699 -0.252128
0.00520475 -0.00317854 -0.252615
0.00549736 -0.00254227 -0.253105
0.00569 -0.00202122 -0.253533
0.0057035 -0.00159282 -0.253885
0.00557474 -0.00131838 -0.254145
0.0053448 -0.00123536 -0.254321
0.00497221 -0.00128078 -0.254407
0.00448814 -0.00144063 -0.254432
0.00395813 -0.00168795 -0.254414
0.00344004 -0.00197397 -0.254374
0.00299017 -0.00225307 -0.254312
0.00252814 -0.00257345 -0.254226
0.00219905 -0.00283034 -0.254111
0.00202067 -0.00302629 -0.25399
0.00209122 -0.00307661 -0.253854
0.00227898 -0.00299004 -0.253687
0.00258118 -0.00275431 -0.253482
0.00298415 -0.002363 -0.253267
0.00348519 -0.00176605 -0.253024
0.00403468 -0.000945922 -0.252757
0.00471865 0.000125036 -0.252464
0.0055261 0.00138076 -0.252177
0.00641887 0.00278003 -0.251914
0.00732939 0.00429667 -0.251684
0.00825431 0.00585368 -0.251484
0.00914516 0.00733333 -0.251303
0.00995409 0.00861273 -0.251115
0.0106754 0.009683 -0.250906
0.0113329 0.0105409 -0.250652
0.0119281 0.0112356 -0.250348
0.0124421 0.011776 -0.249996
0.0128911 0.0121408 -0.249615
0.0132536 0.0123208 -0.249211
0.0134656 0.0123479 -0.248782
0.0135912 0.0122526 -0.248356
0.0136481 0.0119907 -0.247936
0.0136214 0.0115928 -0.247524
0.0135179 0.0110505 -0.247097
0.0133828 0.0104422 -0.246678
0.0132462 0.00982214 -0.246271
0.0131331 0.00922934 -0.245896
0.0130242 0.00868156 -0.245568
0.0129108 0.00819773 -0.245296
0.0128041 0.00776083 -0.245083
0.0127226 0.00734843 -0.24492
0.0126689 0.00693784 -0.244833
0.0126768 0.00649973 -0.244789
0.0127769 0.00605042 -0.244774
0.0129896 0.00561978 -0.244794
0.0132884 0.00519544 -0.244823
0.0136635 0.0047812 -0.244832
0.0140838 0.00435649 -0.244845
0.0145457 0.00392372 -0.244875
0.0150285 0.00343644 -0.244921
0.0154971 0.00291385 -0.245009
0.0159651 0.00233499 -0.245154
0.01645 0.00175159 -0.245353
0.016928 0.00117055 -0.245605
0.0174209 0.000601079 -0.245889
0.0179477 2.45755e-05 -0.246205
0.0184798 -0.000555442 -0.246562
0.0190278 -0.00111676 -0.246954
0.0195557 -0.00165443 -0.247395
0.0200366 -0.002165 -0.24788
0.0205073 -0.00262233 -0.248397
0.0209249 -0.00300881 -0.248966
0.0213167 -0.00333347 -0.249576
0.0216807 -0.00358887 -0.250213
0.02201 -0.00377695 -0.250884
0.0223302 -0.00390119 -0.251572
0.0226134 -0.00396876 -0.252265
0.0228839 -0.00396696 -0.252939
0.02314 -0.00388715 -0.253592
0.0233516 -0.00371599 -0.254217
0.0235199 -0.00346697 -0.254773
0.023648 -0.0031721 -0.255267
0.0237198 -0.00283424 -0.255707
0.0237565 -0.00244722 -0.256086
0.0237148 -0.00205504 -0.256387
0.0236447 -0.0016735 -0.256632
0.0235321 -0.00127406 -0.256817
0.0233886 -0.000873018 -0.256915
0.0232008 -0.000498081 -0.256957
0.0230123 -0.000105146 -0.256912
0.0228328 0.000278601 -0.256816
0.0226338 0.000617869 -0.256679
0.0224553 0.000918576 -0.256513
0.022332 0.00115976 -0.256317
0.0222543 0.00137711 -0.256095
0.0222418 0.00155699 -0.255865
0.0222786 0.00169444 -0.255643
0.022378 0.00180593 -0.255409
0.0225576 0.00190007 -0.255156
0.022775 0.00199848 -0.254901
0.0230515 0.00205405 -0.254653
0.023356 0.00208944 -0.254395
0.0237012 0.00212959 -0.254158
0.0240681 0.00219518 -0.253947
0.0244706 0.00228166 -0.25374
0.0249287 0.00237664 -0.253536
0.0254251 0.00248833 -0.253337
0.0259365 0.00259356 -0.253136
0.0264708 0.00268527 -0.252944
0.0269867 0.00274227 -0.252771
0.02749 0.0027449 -0.252625
0.0279946 0.0027197 -0.252498
0.0284938 0.00267959 -0.252409
0.0289437 0.00260404 -0.252358
0.0293935 0.00250363 -0.252327
0.0298365 0.00235283 -0.252327
0.030257 0.00221242 -0.252339
0.0306292 0.00203283 -0.252353
0.0309839 0.00183428 -0.252384
0.0312936 0.00159371 -0.252423
0.0315899 0.00132693 -0.252473
0.0318913 0.00102532 -0.25253
0.0321803 0.0006694 -0.252618
0.0323459 0.000245249 -0.252718
0.0324948 -0.000188505 -0.25281
0.032602 -0.000671117 -0.252896
0.0326827 -0.0011369 -0.252948
0.0326965 -0.00154288 -0.252957
0.0327172 -0.00182942 -0.252926
0.0326953 -0.00210229 -0.252869
0.0326684 -0.0024073 -0.252821
0.0325597 -0.00273063 -0.2528
0.0324395 -0.00308008 -0.252773
0.0322816 -0.00344861 -0.252746
0.0321517 -0.00384132 -0.252718
0.0319807 -0.00422465 -0.252704
0.0318568 -0.00463874 -0.2527
0.0317182 -0.00503429 -0.252698
0.0316017 -0.00538287 -0.25269
0.0314965 -0.00568439 -0.252699
0.0314265 -0.00602983 -0.252733
0.0313683 -0.00641628 -0.252783
0.0312779 -0.00676935 -0.252845
0.0312596 -0.00710649 -0.252923
0.0312195 -0.00741333 -0.253003
0.0312093 -0.00775874 -0.253086
0.0312059 -0.00809437 -0.253173
0.0312005 -0.00841837 -0.253264
0.0312146 -0.00873669 -0.253335
0.0312516 -0.00903605 -0.253404
0.031327 -0.00930998 -0.253455
0.0313877 -0.00958374 -0.253487
0.031424 -0.00984279 -0.253482
0.031441 -0.0101021 -0.253431
0.0314625 -0.0103 -0.253335
0.0314482 -0.0104823 -0.253217
0.0313702 -0.0105987 -0.253085
0.0312534 -0.010711 -0.252955
0.0310713 -0.0108198 -0.252807
0.0308452 -0.0108878 -0.252623
0.0305515 -0.0109372 -0.252416
0.0303063 -0.0109896 -0.252202
0.0300417 -0.0110629 -0.251961
0.0298181 -0.011174 -0.251651
0.0296475 -0.0112908 -0.251328
0.0295117 -0.0113811 -0.250978
0.029537 -0.0114442 -0.250587
0.0296464 -0.0115908 -0.250186
0.0298103 -0.0118604 -0.249808
0.0300788 -0.0122278 -0.249472
0.0304329 -0.0127343 -0.249175
0.0308499 -0.013309 -0.248964
0.0312551 -0.013897 -0.248822
0.0316968 -0.0145185 -0.248742
0.0320947 -0.0151604 -0.248704
0.0324327 -0.0157615 -0.248691
0.0326818 -0.0163446 -0.248694
0.0328371 -0.0168953 -0.248716
0.0328571 -0.0173747 -0.24873
0.0327851 -0.0177192 -0.248721
0.0326213 -0.0179293 -0.248722
0.0323639 -0.0179629 -0.248755
0.0319768 -0.0177419 -0.248819
0.0314082 -0.017222 -0.248914
0.030542 -0.0161322 -0.249031
0.029538 -0.0147443 -0.249154
0.0284179 -0.0131222 -0.249311
0.0272018 -0.0113278 -0.249489
0.0259821 -0.00945897 -0.24969
0.0248016 -0.00756348 -0.249911
0.0234839 -0.00543864 -0.250165
0.0222631 -0.00333611 -0.250472
0.0211153 -0.00135832 -0.250839
0.0204031 9.66091e-06 -0.251244
0.0198207 0.0011629 -0.251675
0.0193495 0.00209796 -0.252124
0.0190103 0.00275868 -0.252577
0.0188239 0.00314056 -0.253033
0.0188463 0.00327557 -0.253489
0.0186524 0.00356427 -0.253958
0.018656 0.00363562 -0.254435
0.0188737 0.00347711 -0.254919
0.0195758 0.00289758 -0.25539
0.0203329 0.00224663 -0.255833
0.0211256 0.00156772 -0.256201
0.0219328 0.000851262 -0.256462
0.0227081 9.16996e-05 -0.256611
0.0234469 -0.000705302 -0.256628
0.0241406 -0.00150273 -0.25655
0.0245847 -0.00212815 -0.256377
0.0249942 -0.00274475 -0.256111
0.0254126 -0.00332622 -0.255794
0.0258318 -0.0038622 -0.255455
0.0264263 -0.00455173 -0.255083
0.0269871 -0.00528077 -0.254682
0.0273652 -0.00593236 -0.254254
0.0276056 -0.00658791 -0.253819
0.0277208 -0.00721627 -0.253377
0.0276786 -0.0077991 -0.252912
0.0274879 -0.00836482 -0.252468
0.0271675 -0.00891343 -0.252018
0.026779 -0.00945792 -0.251541
0.0263616 -0.0100524 -0.251045
0.0259553 -0.0106972 -0.250549
0.0255881 -0.0113895 -0.250049
0.0252436 -0.0121138 -0.24955
0.0248624 -0.0128044 -0.249077
0.0244355 -0.0134538 -0.248615
0.0239556 -0.0140642 -0.248149
0.0234265 -0.0146115 -0.24768
0.0228536 -0.0151064 -0.247188
0.0222867 -0.0155323 -0.246667
0.0217332 -0.0158801 -0.24614
0.0212385 -0.016154 -0.245624
0.0207954 -0.0163291 -0.245123
0.0204415 -0.0164521 -0.244643
0.0201783 -0.0165082 -0.244182
0.0200059 -0.0164968 -0.243739
0.0198871 -0.0164331 -0.243354
0.0198239 -0.0163335 -0.243007
0.0198297 -0.0161993 -0.242719
0.0198908 -0.0160437 -0.242519
0.0200033 -0.0158485 -0.242399
0.020122 -0.0156565 -0.242359
0.0203094 -0.0154602 -0.24242
0.020572 -0.0152486 -0.242564
0.020919 -0.0150694 -0.242777
0.0213316 -0.0149075 -0.243057
0.0218294 -0.0147964 -0.243394
0.0223853 -0.0147175 -0.243775
0.0229869 -0.0146838 -0.244196
0.023587 -0.0147073 -0.244654
0.0241555 -0.0147532 -0.245124
0.0246819 -0.0148234 -0.245607
0.0251522 -0.0148879 -0.24607
0.0255469 -0.0149601 -0.246539
0.0258414 -0.0150551 -0.246986
0.0260685 -0.0151734 -0.247404
0.0262346 -0.0152891 -0.247792
0.0263451 -0.0154121 -0.248175
0.0263918 -0.0155385 -0.248532
0.0263977 -0.0156452 -0.248839
0.0263479 -0.0157379 -0.249138
0.026196 -0.0158107 -0.249439
0.0259726 -0.0158275 -0.249719
0.0256926 -0.0158069 -0.249947
0.0253717 -0.0157518 -0.250148
0.0250298 -0.0156617 -0.25029
0.0247071 -0.0155603 -0.250379
0.0243661 -0.0154597 -0.250424
0.0240481 -0.0153643 -0.250419
0.0237546 -0.015251 -0.250384
0.02348 -0.0151562 -0.250332
0.0232141 -0.0150843 -0.250281
0.0229835 -0.0150105 -0.250187
0.0227772 -0.0149176 -0.250042
0.0225836 -0.0148151 -0.249875
0.0224257 -0.0147564 -0.249699
0.0223253 -0.0147442 -0.249523
0.0222826 -0.0147871 -0.249348
0.0222781 -0.0148854 -0.249173
0.0223281 -0.0150305 -0.249005
0.0224333 -0.0151683 -0.248827
0.0225685 -0.0152573 -0.24866
0.022745 -0.0152925 -0.248481
0.0229392 -0.015266 -0.248296
0.0231571 -0.0151897 -0.248108
0.0233826 -0.0150675 -0.247919
0.0236231 -0.0148897 -0.247734
0.0238713 -0.0147105 -0.24756
0.0241463 -0.0145387 -0.2474
0.0244255 -0.0143784 -0.247229
0.0247229 -0.0141846 -0.247039
0.0250029 -0.0139501 -0.246821
0.0252679 -0.013713 -0.246578
0.0254988 -0.0134842 -0.246312
0.0256879 -0.0133163 -0.246034
0.0258048 -0.0131836 -0.24577
0.0258527 -0.0130605 -0.24555
0.0257988 -0.0129201 -0.245366
0.0256427 -0.0127328 -0.245211
0.0254082 -0.0125388 -0.245072
0.0251225 -0.0123486 -0.244953
0.0248079 -0.0121683 -0.244839
0.024475 -0.0120069 -0.244721
0.0241487 -0.0118672 -0.2446
0.0238153 -0.0117197 -0.244467
0.0234509 -0.0115199 -0.244326
0.0230445 -0.0112373 -0.244209
0.0225791 -0.0108827 -0.244128
0.022083 -0.0104937 -0.244084
0.0215423 -0.0101048 -0.244102
0.0210337 -0.00971647 -0.24418
0.0205536 -0.00930366 -0.244348
0.0201411 -0.00886752 -0.244581
0.0198128 -0.00839151 -0.24488
0.019571 -0.00789766 -0.245223
0.0194027 -0.00742958 -0.245583
0.0192833 -0.00697646 -0.245989
0.0192004 -0.00653503 -0.246437
0.0191311 -0.00609132 -0.246928
0.0190545 -0.00563488 -0.247469
0.0190044 -0.00518197 -0.248073
0.0191123 -0.0046022 -0.248739
0.0192595 -0.00402632 -0.249446
0.0193965 -0.00336612 -0.250187
0.0194722 -0.00266472 -0.250945
0.0194566 -0.00201347 -0.251672
0.0192415 -0.00134485 -0.252348
0.0189461 -0.000948922 -0.252928
0.0185207 -0.000744966 -0.253394
0.0179771 -0.000746705 -0.253744
0.0173671 -0.00091451 -0.253985
0.0167254 -0.00120253 -0.254134
0.0160939 -0.00154915 -0.254196
0.0155048 -0.00192716 -0.254185
0.0149871 -0.00233494 -0.254148
0.0144018 -0.00275957 -0.254089
0.0139182 -0.00312198 -0.254011
0.0137108 -0.00337448 -0.253937
0.013637 -0.00358581 -0.253852
0.0136929 -0.00370971 -0.253713
0.0138858 -0.00364937 -0.253531
0.014225 -0.00333317 -0.253304
0.014694 -0.00275899 -0.25303
0.015195 -0.00197736 -0.252693
0.0158358 -0.000925879 -0.252332
0.0165771 0.000328031 -0.251976
0.0173994 0.00172149 -0.251657
0.0182827 0.00315472 -0.251398
0.0191993 0.00456853 -0.25117
0.0201174 0.00596588 -0.250929
0.0209877 0.00732778 -0.250672
0.0217927 0.00866704 -0.25039
0.0225245 0.00991467 -0.25008
0.0231738 0.0109539 -0.249735
0.023693 0.0117677 -0.249337
0.0240396 0.012382 -0.24892
0.0242292 0.0127954 -0.248473
0.024278 0.0129621 -0.24802
0.0240093 0.0125868 -0.247567
0.0238463 0.0123841 -0.247126
0.0236405 0.0120363 -0.246674
0.0234533 0.0116083 -0.246225
0.0232606 0.01114 -0.245772
0.0230648 0.0106915 -0.245338
0.0228716 0.0102505 -0.244916
0.022706 0.00983124 -0.244534
0.0225681 0.00943001 -0.244194
0.0224222 0.00900769 -0.243915
0.0223007 0.00855881 -0.243669
0.0222468 0.00807934 -0.243454
0.0222599 0.0075407 -0.243287
0.0223517 0.00697601 -0.24318
0.0225615 0.00641282 -0.243087
0.0228795 0.00584283 -0.242991
0.0232897 0.00524836 -0.242906
0.0237743 0.00465131 -0.242828
0.0243123 0.00399519 -0.242773
0.0248739 0.00329414 -0.242755
0.0254637 0.00255569 -0.242783
0.0260405 0.0017974 -0.242868
0.0266005 0.00101371 -0.243004
0.0271567 0.000220699 -0.243194
0.0277246 -0.000569759 -0.24343
0.0282898 -0.00136204 -0.243705
0.0288488 -0.00218516 -0.244015
0.0294277 -0.00297386 -0.244379
0.0299842 -0.00373084 -0.24479
0.030542 -0.00441511 -0.245268
0.0310472 -0.00502621 -0.245805
0.0315241 -0.00552206 -0.246397
0.0319673 -0.00596252 -0.247044
0.0323474 -0.00632074 -0.247741
0.0326974 -0.00660934 -0.248477
0.0330232 -0.00683344 -0.24923
0.0333193 -0.00697636 -0.24997
0.0336148 -0.00702873 -0.2507
0.0338714 -0.00694853 -0.251418
0.034106 -0.00675247 -0.252099
0.0343022 -0.00647471 -0.252713
0.0344658 -0.00614647 -0.253255
0.0345754 -0.0057606 -0.253731
0.0345767 -0.00534227 -0.254113
0.0345262 -0.00491827 -0.254425
0.0344188 -0.00451888 -0.254657
0.0342756 -0.00409413 -0.254807
0.0341159 -0.00362028 -0.254872
0.033909 -0.00312044 -0.254853
0.0337326 -0.00263319 -0.254754
0.0335864 -0.00216938 -0.254591
0.0334251 -0.00175585 -0.254379
0.0332915 -0.00138583 -0.254113
0.0331543 -0.00108904 -0.253801
0.0330587 -0.000844337 -0.253468
0.0330006 -0.000647849 -0.253112
0.0329886 -0.000513367 -0.252749
0.0330777 -0.000422117 -0.252378
0.0332313 -0.000343123 -0.251995
0.0334439 -0.00026289 -0.251603
0.0337392 -0.000191514 -0.251208
0.034108 -0.000152001 -0.250804
0.0345299 -0.000124526 -0.250406
0.0349899 -7.21126e-05 -0.25002
0.0354554 -2.52777e-05 -0.249673
0.0359763 4.10963e-05 -0.249336
0.0365279 0.000103886 -0.249029
0.0370975 0.000212387 -0.248737
0.0376813 0.000340033 -0.248453
0.0382803 0.000419307 -0.248189
0.0389039 0.000412511 -0.247971
0.0395267 0.000356326 -0.247783
0.0401376 0.000241119 -0.247608
0.0407302 9.30809e-05 -0.247465
0.0413048 -8.51478e-05 -0.247345
0.0418967 -0.00022 -0.247253
0.0424771 -0.00036116 -0.247196
0.0429951 -0.000459114 -0.247185
0.0434752 -0.000604504 -0.247197
0.0438926 -0.000801584 -0.247234
0.0443489 -0.00102028 -0.247292
0.0447293 -0.00130612 -0.247378
0.0450751 -0.00172233 -0.24748
0.0453499 -0.00220553 -0.247589
0.0456047 -0.00264914 -0.247694
0.0458242 -0.00303337 -0.247755
0.0460005 -0.0033523 -0.2478
0.0461151 -0.00358319 -0.247828
0.0462381 -0.0037608 -0.247837
0.0463182 -0.00393182 -0.247828
0.0463727 -0.00421651 -0.247831
0.0463448 -0.00460365 -0.247844
0.0463073 -0.00499563 -0.247874
0.0462069 -0.0053178 -0.247904
0.046081 -0.00561557 -0.247948
0.0459583 -0.00590646 -0.248006
0.0458064 -0.00618123 -0.248076
0.0457005 -0.00641836 -0.248163
0.0455999 -0.00666148 -0.248242
0.0455232 -0.00693981 -0.248328
0.0454704 -0.00722683 -0.248411
0.045398 -0.00752339 -0.248501
0.0453777 -0.00779701 -0.248616
0.0453272 -0.00806413 -0.24875
0.0453097 -0.00831583 -0.248898
0.0452531 -0.00855801 -0.249078
0.0452109 -0.00881292 -0.249258
0.0451391 -0.00908501 -0.249425
0.0451007 -0.00936852 -0.249578
0.0450746 -0.00965098 -0.249717
0.045036 -0.00992545 -0.249836
0.045003 -0.0102084 -0.249925
0.0449444 -0.0104826 -0.249987
0.044917 -0.0107497 -0.250025
0.0448989 -0.0109926 -0.250022
0.0448816 -0.0111912 -0.249971
0.0448334 -0.0113483 -0.2499
0.0448074 -0.0114732 -0.2498
0.0447422 -0.0115703 -0.249668
0.0446055 -0.0116549 -0.249538
0.0444826 -0.0117407 -0.249409
0.0443268 -0.0118018 -0.249287
0.0441988 -0.0118566 -0.249172
0.0441026 -0.011912 -0.249047
0.0441519 -0.011918 -0.248881
0.0442962 -0.0118617 -0.248661
0.0445932 -0.0118104 -0.248391
0.0450375 -0.0118296 -0.248077
0.0455865 -0.0120025 -0.247748
0.0462409 -0.0122514 -0.247444
0.0469409 -0.0125958 -0.247173
0.047724 -0.013033 -0.246986
0.0484586 -0.0135282 -0.246904
0.0491505 -0.0140385 -0.246905
0.0497496 -0.0145945 -0.246959
0.0502503 -0.01514 -0.247041
0.0505995 -0.0156751 -0.247125
0.0508131 -0.0161791 -0.247163
0.050939 -0.0166709 -0.247167
0.0509517 -0.0170503 -0.247128
0.0507295 -0.0170022 -0.247069
0.0505864 -0.0170553 -0.247021
0.050355 -0.016836 -0.246964
0.0498115 -0.0160487 -0.24693
0.0491424 -0.0149984 -0.246938
0.0483373 -0.0136704 -0.24698
0.0473857 -0.0120856 -0.247033
0.046331 -0.0102669 -0.247057
0.0451079 -0.00818458 -0.247077
0.0438201 -0.005967 -0.247102
0.0425363 -0.00369876 -0.247158
0.041372 -0.00148106 -0.247264
0.0405601 0.000239164 -0.24741
0.0399335 0.00171576 -0.247622
0.0394826 0.00289406 -0.247855
0.0392161 0.00378812 -0.248097
0.0390943 0.00441953 -0.24831
0.0391091 0.00476243 -0.248511
0.0392531 0.004822 -0.248726
0.0392112 0.00497792 -0.248962
0.0393076 0.0049397 -0.249225
0.0395624 0.00474392 -0.249536
0.0399493 0.00440879 -0.24987
0.0406514 0.00372672 -0.250198
0.0413444 0.00301004 -0.250524
0.0420156 0.00227227 -0.250802
0.0424023 0.00173733 -0.251014
0.042812 0.00115071 -0.251134
0.0432168 0.000517627 -0.25118
0.0436178 -0.000162857 -0.251153
0.0439845 -0.000856128 -0.251055
0.0443401 -0.00152854 -0.250882
0.0446256 -0.00219868 -0.250659
0.0448626 -0.00286806 -0.250407
0.0450184 -0.00354873 -0.250118
0.0451259 -0.00425755 -0.249814
0.0451383 -0.00497575 -0.249505
0.0450932 -0.00570366 -0.24919
0.0449691 -0.00647536 -0.248855
0.0447931 -0.00723447 -0.248507
0.0445685 -0.00802214 -0.248124
0.0442946 -0.00883739 -0.247724
0.0439829 -0.00969679 -0.247302
0.0436466 -0.0106027 -0.246847
0.0433112 -0.0115014 -0.246368
0.0429984 -0.0124185 -0.245889
0.0427114 -0.0133806 -0.245407
0.0424682 -0.0143568 -0.244926
0.0422758 -0.0152787 -0.244444
0.0421304 -0.0160814 -0.243953
0.0419929 -0.0167829 -0.243432
0.0418779 -0.0173689 -0.24288
0.0417604 -0.017834 -0.242307
0.0416645 -0.018204 -0.241734
0.0415522 -0.0184965 -0.241148
0.0414677 -0.018754 -0.240582
0.0414025 -0.0189805 -0.240049
0.0414073 -0.0191478 -0.239575
0.0414648 -0.0192272 -0.239172
0.0415837 -0.0192189 -0.238843
0.0417607 -0.0191397 -0.238591
0.0420205 -0.0190088 -0.238422
0.0423374 -0.0188472 -0.238336
0.0427001 -0.0187067 -0.238332
0.0430841 -0.018577 -0.238395
0.0434873 -0.0184591 -0.238567
0.04389 -0.0183837 -0.238803
0.0442808 -0.0183608 -0.239118
0.0446668 -0.0183521 -0.239507
0.0450647 -0.018361 -0.23996
0.0454737 -0.0183685 -0.240442
0.045888 -0.0184258 -0.240965
0.0462967 -0.0185266 -0.24152
0.0467106 -0.0186773 -0.242072
0.0471108 -0.0188806 -0.242622
0.0474909 -0.0191029 -0.243184
0.0478089 -0.0193595 -0.243736
0.0480892 -0.0196412 -0.244254
0.0483224 -0.0199247 -0.244764
0.048496 -0.0202128 -0.245272
0.0486318 -0.020484 -0.245752
0.0487286 -0.0207351 -0.246204
0.0488104 -0.02098 -0.246645
0.0488855 -0.0212033 -0.247079
0.0489497 -0.0214118 -0.247489
0.0489794 -0.0216203 -0.247856
0.0489909 -0.0217933 -0.248188
0.0490018 -0.0219335 -0.248497
0.0490042 -0.0220591 -0.248765
0.0490024 -0.0221809 -0.248957
0.0490012 -0.0222809 -0.249085
0.0489852 -0.0223755 -0.24918
0.0489978 -0.0224682 -0.249218
0.0490031 -0.0225691 -0.249218
0.0489778 -0.0226698 -0.249193
0.0489192 -0.02277 -0.249144
0.0488682 -0.0228563 -0.24907
0.0488156 -0.0229113 -0.248983
0.0487321 -0.0229977 -0.248892
0.0486322 -0.0231307 -0.248777
0.0485382 -0.023285 -0.248657
0.048472 -0.0234468 -0.248513
0.048403 -0.0235757 -0.248375
0.0483445 -0.023667 -0.248219
0.0482655 -0.023697 -0.248049
0.0481855 -0.0236515 -0.247856
0.0481029 -0.0235505 -0.247649
0.0480107 -0.0233706 -0.247436
0.0479613 -0.0231299 -0.247181
0.0479168 -0.022805 -0.24689
0.0479003 -0.0224307 -0.246572
0.0478929 -0.0220489 -0.246242
0.0478859 -0.0216618 -0.245917
0.0478393 -0.0212667 -0.24558
0.0477551 -0.0208634 -0.245245
0.04762 -0.020446 -0.244927
0.0474529 -0.0200204 -0.244632
0.0472648 -0.0195974 -0.24439
0.047077 -0.019181 -0.244189
0.0468929 -0.0187881 -0.243998
0.0467317 -0.0184331 -0.243825
0.0465598 -0.0181007 -0.243657
0.0463878 -0.0177544 -0.243481
0.0461798 -0.0173946 -0.243301
0.045941 -0.0170315 -0.243126
0.0456481 -0.0166577 -0.242958
0.045273 -0.0162906 -0.24281
0.0448405 -0.0159242 -0.242671
0.0444053 -0.0155322 -0.242565
0.0439705 -0.0151005 -0.242516
0.043547 -0.0146645 -0.242511
0.0431751 -0.0142409 -0.242531
0.0428949 -0.0138211 -0.242587
0.0426851 -0.013409 -0.242673
0.0425512 -0.0130227 -0.242766
0.0425628 -0.0125173 -0.242892
0.0425738 -0.0120037 -0.243063
0.0425949 -0.0113893 -0.243329
0.0425868 -0.0105919 -0.243705
0.0425102 -0.00961379 -0.244181
0.042253 -0.00855399 -0.244757
0.0417385 -0.00751746 -0.245397
0.0409534 -0.00655571 -0.24606
0.0398735 -0.00576476 -0.246693
0.0385625 -0.00528195 -0.247282
0.0370431 -0.0051335 -0.247799
0.035405 -0.00527098 -0.248215
0.0336347 -0.00567915 -0.248521
0.0317845 -0.00628919 -0.248693
0.029886 -0.00706725 -0.248726
0.0279548 -0.00797868 -0.248637
0.0260289 -0.00905194 -0.248462
0.0241595 -0.0102922 -0.248211
0.0224205 -0.011615 -0.247908
0.0207102 -0.0129953 -0.247568
0.0194608 -0.0143447 -0.24723
0.0185256 -0.0157199 -0.246937
0.0178704 -0.0171145 -0.246704
0.0174438 -0.0184629 -0.246536
0.0171859 -0.0196771 -0.246421
0.0170776 -0.0206428 -0.246317
0.0171382 -0.0212787 -0.246184
0.0174129 -0.0215002 -0.246017
0.0177441 -0.0216029 -0.245834
0.0183152 -0.0212565 -0.245685
0.0191442 -0.0204745 -0.245605
0.0202345 -0.0191241 -0.245588
0.0214674 -0.0175861 -0.245612
0.0227959 -0.0157165 -0.245642
0.0241207 -0.013621 -0.245662
0.0253562 -0.011424 -0.245644
0.0264227 -0.00925083 -0.245558
0.0272472 -0.00717541 -0.245377
0.0277657 -0.00526301 -0.245094
0.0279561 -0.00357013 -0.244705
0.0278639 -0.00207379 -0.244227
0.0275728 -0.000765885 -0.243725
0.0271811 0.000320233 -0.243236
0.0267203 0.00114445 -0.242778
0.0262006 0.00173994 -0.242357
0.0255253 0.0017045 -0.24197
0.025055 0.00177399 -0.241579
0.0246016 0.00164885 -0.24119
0.0241156 0.00141276 -0.240769
0.0236323 0.00114241 -0.240316
0.0231845 0.000833974 -0.239835
0.0227568 0.000484757 -0.239345
0.0223722 9.85527e-05 -0.23887
0.022042 -0.000336231 -0.238399
0.021763 -0.000831828 -0.237935
0.0215246 -0.00137364 -0.237502
0.0213357 -0.00197187 -0.237094
0.0212084 -0.00258706 -0.236697
0.0211587 -0.00323139 -0.23629
0.0211729 -0.00389839 -0.23584
0.0212428 -0.00459489 -0.235365
0.0213688 -0.00532139 -0.234866
0.021561 -0.0060894 -0.234337
0.0218072 -0.00692857 -0.233822
0.0221045 -0.00782726 -0.233318
0.0224486 -0.00876332 -0.232847
0.0227971 -0.00975006 -0.232436
0.0231506 -0.0107759 -0.232123
0.0234886 -0.011831 -0.231861
0.0237835 -0.0129157 -0.231702
0.0240819 -0.0140544 -0.231652
0.0243678 -0.0151985 -0.231714
0.0246305 -0.0163177 -0.231909
0.02492 -0.0173513 -0.232235
0.025212 -0.0183026 -0.23268
0.0255325 -0.0191505 -0.233251
0.0258508 -0.0199327 -0.233921
0.0261838 -0.0206147 -0.234696
0.0265438 -0.0211932 -0.235559
0.0268852 -0.0216614 -0.236484
0.0272345 -0.0220159 -0.237444
0.0275423 -0.022195 -0.238423
0.02777 -0.0222293 -0.239415
0.0279556 -0.0221109 -0.240424
0.0280369 -0.0218541 -0.241406
0.0280465 -0.0214664 -0.242363
0.0279914 -0.0210107 -0.243291
0.0278435 -0.0205184 -0.244165
0.0276505 -0.019983 -0.244975
0.0273954 -0.0193879 -0.245703
0.0271149 -0.0187498 -0.246343
0.0268679 -0.0180884 -0.246892
0.0266177 -0.0174005 -0.247341
0.0263328 -0.0167026 -0.247677
0.0260812 -0.0160112 -0.24792
0.0258468 -0.0153622 -0.248076
0.0256599 -0.014807 -0.248123
0.0255132 -0.0143636 -0.248097
0.0253744 -0.0140325 -0.247999
0.0253072 -0.0137683 -0.247854
0.0252969 -0.0135646 -0.247645
0.0253321 -0.0134566 -0.247396
0.0254482 -0.0134003 -0.247099
0.0256668 -0.0133958 -0.246758
0.0259366 -0.0134322 -0.246387
0.0262789 -0.0134977 -0.245971
0.0266348 -0.0136147 -0.245515
0.0270537 -0.0137705 -0.245032
0.0274736 -0.0139638 -0.244502
0.0279085 -0.0141992 -0.243945
0.0283688 -0.0144256 -0.243378
0.0288057 -0.0146457 -0.242784
0.0292543 -0.0148492 -0.24219
0.0296938 -0.0150294 -0.241576
0.0301309 -0.0152104 -0.240955
0.0305763 -0.0154233 -0.240361
0.0310728 -0.0156762 -0.239783
0.0315082 -0.0159265 -0.239235
0.0319405 -0.0161744 -0.238717
0.0323586 -0.0164779 -0.238252
0.0328422 -0.0168344 -0.237848
0.0333191 -0.0172304 -0.237508
0.0337685 -0.0176492 -0.23722
0.0342281 -0.0180762 -0.236974
0.0346523 -0.0184905 -0.236761
0.0351252 -0.0188742 -0.2366
0.0355463 -0.0192869 -0.236474
0.0359907 -0.0196943 -0.236394
0.0363953 -0.0201344 -0.236328
0.036772 -0.0205611 -0.236286
0.0371488 -0.0209827 -0.23624
0.0374413 -0.0213979 -0.236173
0.0377246 -0.0217541 -0.236107
0.0379198 -0.0220071 -0.23604
0.0381059 -0.0222284 -0.235985
0.0381629 -0.0224582 -0.235946
0.0381818 -0.0226856 -0.235917
0.0381158 -0.0229582 -0.235915
0.0379998 -0.0232548 -0.235941
0.0378583 -0.0236075 -0.236004
0.0376233 -0.0240172 -0.236093
0.0374023 -0.0243894 -0.236222
0.0371736 -0.0247221 -0.236344
0.0369493 -0.0249856 -0.236445
0.0367786 -0.0252019 -0.236552
0.0365603 -0.0253628 -0.236667
0.0364208 -0.0255528 -0.236796
0.0362762 -0.0258113 -0.236945
0.0361385 -0.0261185 -0.237112
0.0359941 -0.026404 -0.237308
0.0358725 -0.0266857 -0.237527
0.0357683 -0.0269255 -0.237758
0.0356483 -0.0271218 -0.238004
0.0355655 -0.0273079 -0.238269
0.035481 -0.027514 -0.238535
0.0353937 -0.0277412 -0.238795
0.0352928 -0.0279813 -0.23904
0.0351682 -0.0282163 -0.239281
0.0350436 -0.0284105 -0.23947
0.0349136 -0.0285332 -0.239611
0.0347735 -0.0286007 -0.239735
0.0346234 -0.0286224 -0.239829
0.0344837 -0.0286289 -0.239859
0.0343223 -0.0285823 -0.239858
0.0341685 -0.0285052 -0.23982
0.0339148 -0.028412 -0.23976
0.0336732 -0.02831 -0.23971
0.033363 -0.028197 -0.239634
0.0330406 -0.0281053 -0.239508
0.0327009 -0.0280381 -0.239333
0.0323804 -0.0279601 -0.239106
0.0321506 -0.0278895 -0.238827
0.0320005 -0.0278871 -0.238503
0.031999 -0.0279832 -0.238163
0.0320657 -0.0281977 -0.23783
0.0322601 -0.02854 -0.237531
0.0325308 -0.0290137 -0.237287
0.0328405 -0.0295065 -0.237099
0.0331553 -0.0300233 -0.236964
0.0334583 -0.0305526 -0.236867
0.0337318 -0.0310329 -0.236801
0.0339115 -0.0314431 -0.236744
0.0340102 -0.0318087 -0.236713
0.0339678 -0.032144 -0.236693
0.0338148 -0.0323455 -0.236657
0.0335142 -0.0323737 -0.236622
0.0331082 -0.0322167 -0.236602
0.0325876 -0.0318466 -0.2366
0.0319567 -0.0312215 -0.236616
0.0312052 -0.0303517 -0.236681
0.0302788 -0.0291535 -0.23679
0.0291654 -0.0276349 -0.236934
0.0278999 -0.0258588 -0.237113
0.0264438 -0.023888 -0.23733
0.0249936 -0.0219288 -0.237584
0.0235576 -0.0199275 -0.237867
0.0222176 -0.0179228 -0.238194
0.0206445 -0.0155653 -0.238561
0.0192221 -0.0132729 -0.238989
0.018024 -0.0111815 -0.239515
0.0170384 -0.00943267 -0.240134
0.0166652 -0.00864317 -0.240832
0.0161988 -0.00778032 -0.241583
0.0159105 -0.00725345 -0.242353
0.0156823 -0.00699265 -0.243138
0.0155501 -0.00695072 -0.24392
0.0154975 -0.00705599 -0.244676
0.0155439 -0.00728487 -0.245382
0.0156527 -0.00760312 -0.246062
0.0158258 -0.00806002 -0.246689
0.0160451 -0.00870839 -0.247229
0.0162858 -0.00944219 -0.247681
0.016534 -0.0101923 -0.248021
0.0168036 -0.0109327 -0.24826
0.0170743 -0.0116995 -0.248367
0.017339 -0.0124953 -0.248339
0.0175905 -0.0133012 -0.248208
0.0178087 -0.0141185 -0.24799
0.0179625 -0.0149146 -0.247682
0.0180556 -0.015668 -0.247309
0.0180748 -0.0163591 -0.246868
0.0179922 -0.0170386 -0.246365
0.0177872 -0.0177295 -0.245813
0.0174933 -0.0184472 -0.245227
0.0171137 -0.0191455 -0.244622
0.0166526 -0.0198359 -0.243993
0.0161277 -0.0205031 -0.243368
0.0157638 -0.02125 -0.242712
0.015382 -0.0219579 -0.242028
0.0149648 -0.0226131 -0.241316
0.0145014 -0.0232189 -0.240581
0.0137879 -0.0237431 -0.239803
0.0130355 -0.0242256 -0.238991
0.0122426 -0.0247063 -0.238167
0.0114301 -0.0251304 -0.237335
0.0106228 -0.0254767 -0.236494
0.00983191 -0.0257201 -0.235663
0.00906687 -0.0258762 -0.234867
0.00834698 -0.0259618 -0.234086
0.00766439 -0.0259749 -0.233315
0.00703074 -0.0259126 -0.232555
0.00646004 -0.0257933 -0.231837
0.00595707 -0.0256213 -0.231157
0.00548672 -0.0254069 -0.230538
0.00507048 -0.0251215 -0.229994
0.00474171 -0.0247706 -0.229525
0.0045024 -0.0243949 -0.229161
0.00435061 -0.0240618 -0.228887
0.00428854 -0.0237786 -0.228715
0.00433417 -0.0235239 -0.228646
0.00448269 -0.02326 -0.228669
0.00471345 -0.0230394 -0.228782
0.00499537 -0.0228725 -0.228973
0.00533508 -0.0227061 -0.229236
0.00571364 -0.0225527 -0.229567
0.00609417 -0.0224349 -0.229967
0.00647066 -0.0223556 -0.23038
0.00683385 -0.0223208 -0.230849
0.0071745 -0.0223217 -0.231346
0.00747399 -0.0223817 -0.231839
0.0077014 -0.0225201 -0.232356
0.00786032 -0.0226768 -0.232896
0.0079593 -0.0228028 -0.233428
0.00799685 -0.0228933 -0.233952
0.00797986 -0.0229266 -0.234468
0.00800886 -0.0228647 -0.234989
0.00787345 -0.022844 -0.235473
0.00764711 -0.0227924 -0.235929
0.0073401 -0.0227373 -0.236358
0.00696731 -0.0226878 -0.236745
0.0065281 -0.0226253 -0.237092
0.00604225 -0.0225256 -0.237405
0.00549578 -0.022393 -0.237691
0.00495175 -0.0221874 -0.237949
0.0043852 -0.0218887 -0.238161
0.00383897 -0.0215212 -0.238311
0.00330512 -0.0211582 -0.238424
0.00279439 -0.0208023 -0.238491
0.00230987 -0.0204794 -0.238502
0.00182843 -0.0201626 -0.23848
0.00135214 -0.0198418 -0.238441
0.000878884 -0.019526 -0.23837
0.000429986 -0.0192046 -0.238271
9.82803e-06 -0.0188738 -0.238159
-0.000351593 -0.0185248 -0.238035
-0.000654422 -0.0181675 -0.237884
-0.00088796 -0.0178278 -0.237723
-0.00105652 -0.0175112 -0.237554
-0.00117271 -0.017227 -0.237367
-0.00120892 -0.0169393 -0.237167
-0.00119041 -0.0166176 -0.236959
-0.00110065 -0.0162316 -0.236752
-0.000982025 -0.015775 -0.236555
-0.000830933 -0.0152365 -0.236358
-0.000643818 -0.0146652 -0.236154
-0.00041986 -0.0140988 -0.235928
-0.000174795 -0.0135803 -0.235682
9.39992e-05 -0.0131235 -0.235423
0.000399005 -0.0127051 -0.235151
0.000710988 -0.012299 -0.23486
0.00101722 -0.0118904 -0.23457
0.00127515 -0.0114725 -0.234287
0.00149375 -0.0110529 -0.234012
0.0016506 -0.0106347 -0.233752
0.0017629 -0.0102101 -0.233485
0.0018331 -0.00984947 -0.233222
0.0018725 -0.00955362 -0.232992
0.00185401 -0.00932125 -0.23278
0.00181138 -0.00910501 -0.232587
0.00172885 -0.00886402 -0.232412
0.00163694 -0.00856295 -0.232232
0.00152231 -0.0081934 -0.232048
0.00139191 -0.00780882 -0.231861
0.0012555 -0.00741242 -0.231688
0.00112682 -0.00700335 -0.231522
0.000990973 -0.00657651 -0.231363
0.000850053 -0.00612363 -0.231242
0.000713966 -0.0056141 -0.23117
0.000601525 -0.0050597 -0.231141
0.000484969 -0.00449135 -0.231191
0.000371137 -0.00391189 -0.231334
0.000287113 -0.00329728 -0.231538
0.000218829 -0.00263172 -0.2318
0.000170166 -0.00194698 -0.232107
0.000174056 -0.00126826 -0.232436
0.000238156 -0.000613387 -0.232779
0.000500267 0.0001306 -0.233125
0.000797929 0.000882046 -0.233488
0.00108488 0.00165571 -0.233886
0.00130204 0.0024799 -0.234347
0.00139503 0.00329869 -0.234843
0.00127743 0.00409757 -0.23537
0.000963187 0.00480211 -0.235888
0.000444855 0.00530171 -0.236338
-0.000265205 0.00549444 -0.236685
-0.00113793 0.00541088 -0.236903
-0.00208972 0.00509003 -0.237018
-0.0030842 0.00459146 -0.23704
-0.00401536 0.00397354 -0.236993
-0.00482687 0.00328925 -0.236899
-0.00562163 0.00256553 -0.236781
-0.0061125 0.0017968 -0.236658
-0.00642017 0.000996136 -0.236546
-0.0065584 0.000178531 -0.236433
-0.00656907 -0.000607851 -0.236323
-0.00647059 -0.00125953 -0.236204
-0.00631075 -0.00168187 -0.236069
-0.00608844 -0.00183565 -0.235901
-0.00593581 -0.00185385 -0.235712
-0.00561227 -0.00149307 -0.235532
-0.00509588 -0.0007161 -0.235366
-0.00429825 0.000365015 -0.235183
-0.00334834 0.00159723 -0.235
-0.00230786 0.00287642 -0.234812
-0.00107011 0.004455 -0.23462
0.000173464 0.00597107 -0.234389
0.00131265 0.007359 -0.234125
0.0022635 0.00860384 -0.233838
0.00300523 0.00969921 -0.233519
0.00356512 0.0106149 -0.233186
0.00395384 0.0113133 -0.232847
0.00417394 0.0118319 -0.232526
0.00423135 0.0122299 -0.232204
0.00419422 0.0124892 -0.231901
0.00408872 0.0125573 -0.231612
0.00388443 0.0123957 -0.231316
0.00359243 0.0120501 -0.230968
0.00323758 0.0115961 -0.23061
0.00282519 0.0111376 -0.23025
0.00234114 0.0106931 -0.2299
0.00182544 0.0102957 -0.229578
0.00128907 0.00989222 -0.229272
0.000786273 0.00949585 -0.229003
0.000339765 0.00909471 -0.228768
-6.66146e-05 0.00866381 -0.228579
-0.000419905 0.00824462 -0.228441
-0.000723174 0.00784005 -0.228321
-0.000977031 0.00744965 -0.228226
-0.00119437 0.00707949 -0.228145
-0.00136651 0.00673377 -0.228093
-0.00145884 0.00639754 -0.228077
-0.00146763 0.00601402 -0.228086
-0.00141417 0.00557722 -0.228101
-0.00128114 0.00505512 -0.228131
-0.00109622 0.00448679 -0.228168
-0.000829695 0.00388999 -0.228212
-0.000496693 0.00325323 -0.228272
-0.000141409 0.00258421 -0.228362
0.000198685 0.00190393 -0.228491
0.000504974 0.00119743 -0.228652
0.000780126 0.00049753 -0.228861
0.00103799 -0.000218211 -0.229133
0.00125641 -0.00093217 -0.229473
0.00146416 -0.0016426 -0.229852
0.00165273 -0.0022735 -0.230288
0.00180868 -0.00283275 -0.230761
0.00197351 -0.00331909 -0.231314
0.00215298 -0.00373973 -0.231909
0.00232311 -0.00407898 -0.232531
0.00249389 -0.00437136 -0.233172
0.00263559 -0.00459569 -0.233783
0.00275101 -0.00475795 -0.23438
0.00280808 -0.00483515 -0.234937
0.00280237 -0.00484079 -0.235471
0.00274968 -0.00475676 -0.235962
0.00261483 -0.00460813 -0.236414
0.00243011 -0.00439367 -0.23683
0.00218929 -0.00412575 -0.237197
0.00189667 -0.00385648 -0.237513
0.00158479 -0.00357746 -0.237766
0.00122804 -0.00325908 -0.237959
0.000842739 -0.0028618 -0.238102
0.000441672 -0.00243258 -0.238148
3.56009e-05 -0.00203471 -0.238121
-0.000357314 -0.00168492 -0.23803
-0.000749747 -0.00137703 -0.237878
-0.00113928 -0.00111226 -0.237691
-0.00151309 -0.00085179 -0.237468
-0.00186902 -0.000612508 -0.237221
-0.00216706 -0.000390716 -0.236965
-0.00241856 -0.000216742 -0.236682
-0.00260099 -6.1551e-05 -0.236386
-0.00271156 5.87736e-05 -0.236083
-0.00278781 0.000103711 -0.235773
-0.0028165 9.44635e-05 -0.235497
-0.00282395 5.23201e-05 -0.235255
-0.00276818 -1.84665e-05 -0.235031
-0.00271012 -7.56084e-05 -0.234823
-0.00260193 -0.000145137 -0.234636
-0.00245519 -0.000187745 -0.234435
-0.00225842 -0.000203419 -0.23422
-0.00201961 -0.000210378 -0.234006
-0.0017624 -0.000233798 -0.233819
-0.0015324 -0.000304185 -0.233673
-0.00129382 -0.00045141 -0.233566
-0.00103733 -0.000634184 -0.233486
-0.000755821 -0.000832954 -0.233415
-0.00048325 -0.00101779 -0.23335
-0.000211923 -0.00122529 -0.233314
9.97057e-05 -0.0014744 -0.233306
0.000467405 -0.00174524 -0.233332
0.000792053 -0.00203749 -0.233382
0.00114432 -0.00234147 -0.233469
0.00151761 -0.00269741 -0.233577
0.00190199 -0.0031136 -0.233711
0.00227057 -0.00358598 -0.233879
0.00262288 -0.00410045 -0.234069
0.00294322 -0.00460972 -0.234245
0.00328701 -0.00508601 -0.234394
0.0035696 -0.00554894 -0.234532
0.00382672 -0.00600558 -0.234635
0.00404075 -0.00646476 -0.234712
0.00421898 -0.0068912 -0.234753
0.00431714 -0.00726877 -0.234774
0.00438543 -0.00759637 -0.234781
0.00436519 -0.007898 -0.23474
0.00434716 -0.00813978 -0.234656
0.00426648 -0.00835296 -0.234546
0.00420465 -0.00853425 -0.2344
0.00410417 -0.00872268 -0.234242
0.00402069 -0.00893064 -0.234064
0.00390247 -0.00916781 -0.233877
0.00380928 -0.00940997 -0.23369
0.00369169 -0.00961348 -0.233512
0.00360257 -0.00976747 -0.23335
0.00354144 -0.00988945 -0.233197
0.00352678 -0.00999859 -0.233064
0.00355995 -0.0101393 -0.23293
0.0036111 -0.0103303 -0.232805
0.00373672 -0.0105654 -0.232682
0.00390451 -0.0108044 -0.232576
0.0041316 -0.0110238 -0.232466
0.00439152 -0.0111991 -0.232333
0.00470814 -0.0113589 -0.232194
0.00505962 -0.0115237 -0.23204
0.00539064 -0.0116876 -0.231889
0.00575953 -0.0118439 -0.231742
0.00608034 -0.0119953 -0.231621
0.00643456 -0.0121121 -0.231509
0.00668075 -0.0121745 -0.231386
0.00691048 -0.01224 -0.231225
0.00702342 -0.012147 -0.231027
0.00714391 -0.0120366 -0.230759
0.00727114 -0.0118344 -0.230412
0.00738508 -0.0114707 -0.229985
0.00754189 -0.0109941 -0.2295
0.0077511 -0.0104953 -0.228996
0.00811701 -0.0100309 -0.228517
0.00861693 -0.00960235 -0.228104
0.00914949 -0.00905884 -0.227735
0.00997298 -0.0087416 -0.227429
0.0109637 -0.00857708 -0.227185
0.0120888 -0.00867698 -0.226992
0.0133895 -0.00909255 -0.226862
0.0147796 -0.00975248 -0.226798
0.016246 -0.0106131 -0.226809
0.0176588 -0.0116558 -0.22689
0.0189646 -0.0128836 -0.227044
0.0202796 -0.0142836 -0.227271
0.021206 -0.0157042 -0.227514
0.0219406 -0.0171782 -0.227762
0.0224886 -0.0186682 -0.228018
0.0228802 -0.0200859 -0.22828
0.0231522 -0.0213784 -0.228532
0.0233099 -0.0225263 -0.228767
0.0233238 -0.0234739 -0.229003
0.0231652 -0.0240667 -0.22924
0.0228367 -0.0242294 -0.229444
0.0224426 -0.0242502 -0.229604
0.0217667 -0.0238299 -0.229717
0.0208127 -0.0230403 -0.229798
0.0196102 -0.0219142 -0.229829
0.0183113 -0.0204023 -0.229846
0.016988 -0.0186834 -0.22987
0.0156915 -0.0168569 -0.229917
0.0142572 -0.0147535 -0.229986
0.0130083 -0.0125667 -0.230104
0.0118798 -0.0103558 -0.230298
0.0112515 -0.00868242 -0.230526
0.0108283 -0.0072399 -0.230791
0.0106148 -0.00609342 -0.231064
0.0105811 -0.00523787 -0.231339
0.010716 -0.00463787 -0.231585
0.010986 -0.00431838 -0.231824
0.0113969 -0.00429471 -0.232046
0.0115838 -0.00425996 -0.232246
0.0119785 -0.00442066 -0.232437
0.0125055 -0.00465338 -0.232638
0.0130719 -0.00490268 -0.232895
0.0136257 -0.00518609 -0.233164
0.0141402 -0.00547902 -0.233424
0.0146178 -0.00584059 -0.233653
0.0150495 -0.00629705 -0.233853
0.0154929 -0.00685672 -0.23399
0.0160013 -0.00748867 -0.234066
0.0165831 -0.00815984 -0.234112
0.0171975 -0.00891 -0.234135
0.0178343 -0.0096754 -0.234146
0.0184346 -0.0104065 -0.234166
0.0189619 -0.0111573 -0.234208
0.0193874 -0.0119172 -0.234239
0.0197139 -0.01271 -0.234268
0.0199336 -0.0135505 -0.234303
0.0200913 -0.0144474 -0.23435
0.0202074 -0.0154218 -0.234428
0.0203122 -0.01649 -0.234504
0.0204073 -0.0176575 -0.234579
0.0204751 -0.018885 -0.234648
0.020662 -0.0202623 -0.234692
0.0207713 -0.0216354 -0.234673
0.020829 -0.0229884 -0.234562
0.0208146 -0.0243195 -0.234355
0.020723 -0.0256091 -0.234072
0.0204105 -0.0268387 -0.233709
0.020051 -0.0279963 -0.233262
0.0196523 -0.0290637 -0.23275
0.0192432 -0.0300064 -0.232162
0.01884 -0.0308228 -0.231518
0.0184643 -0.0315119 -0.230836
0.0181056 -0.0320772 -0.230103
0.0178011 -0.0325355 -0.229324
0.0175413 -0.0328562 -0.228535
0.0173342 -0.0330517 -0.227763
0.0171585 -0.0331419 -0.227026
0.0170368 -0.0331288 -0.226332
0.0169885 -0.0330093 -0.225703
0.0170138 -0.0328171 -0.225171
0.017137 -0.0325795 -0.224736
0.0173554 -0.0323192 -0.224379
0.017685 -0.0320822 -0.224112
0.0180885 -0.031864 -0.223952
0.0185706 -0.0316869 -0.223875
0.0191305 -0.031531 -0.223902
0.0197414 -0.0314052 -0.224018
0.0203687 -0.0313443 -0.22423
0.0210943 -0.0313502 -0.224514
0.0217978 -0.0314004 -0.224857
0.0224692 -0.0315169 -0.225253
0.023061 -0.0316965 -0.22569
0.0235995 -0.031904 -0.226159
0.0240724 -0.0321577 -0.226639
0.0244609 -0.0324569 -0.227134
0.0247798 -0.0327914 -0.227635
0.0250306 -0.03314 -0.228153
0.0252309 -0.0334939 -0.22867
0.0253572 -0.0338762 -0.2292
0.0254465 -0.0342931 -0.229719
0.0255423 -0.0346964 -0.230253
0.0255889 -0.0351098 -0.230794
0.0255063 -0.0355722 -0.231334
0.0253422 -0.0360061 -0.231894
0.0251171 -0.0364124 -0.23246
0.0248272 -0.036763 -0.232995
0.0245054 -0.0370797 -0.233497
0.024155 -0.0373722 -0.233943
0.0238003 -0.0376687 -0.234329
0.0234232 -0.0380266 -0.234669
0.0230448 -0.0383954 -0.234975
0.0226747 -0.0387463 -0.235248
0.0222832 -0.0391063 -0.235484
0.0218558 -0.0394347 -0.235687
0.021422 -0.0397358 -0.235859
0.021014 -0.0400151 -0.236026
0.0206112 -0.0402894 -0.236157
0.020218 -0.0405974 -0.236243
0.0198641 -0.0408971 -0.236282
0.0195565 -0.0412005 -0.236281
0.0192931 -0.0415247 -0.236271
0.0190544 -0.041839 -0.236229
0.0188436 -0.0421354 -0.236196
0.0186539 -0.042359 -0.236152
0.0185073 -0.0424851 -0.2361
0.0183912 -0.0425561 -0.236041
0.0183294 -0.0425645 -0.235995
0.0183203 -0.0425571 -0.235919
0.0183635 -0.0425663 -0.235824
0.0184577 -0.0425883 -0.235691
0.0185614 -0.042673 -0.23552
0.0186801 -0.0427613 -0.235324
0.0187661 -0.0428211 -0.235111
0.0187994 -0.0428251 -0.234902
0.018779 -0.0427778 -0.234703
0.0187107 -0.0427094 -0.234504
0.0186129 -0.0426531 -0.234283
0.0185055 -0.0426473 -0.23402
0.0183856 -0.0427177 -0.233734
0.0182681 -0.0428309 -0.233409
0.0180978 -0.0429459 -0.233035
0.0178919 -0.0430208 -0.232629
0.0175982 -0.0430144 -0.232224
0.0172363 -0.0429482 -0.231809
0.0168055 -0.0428403 -0.231382
0.0163286 -0.0427184 -0.230975
0.0158358 -0.042621 -0.230578
0.0153841 -0.0425158 -0.230219
0.0149835 -0.04241 -0.229854
