%roll pitch yaw
0.0155982 0.000570163 -0.155922
0.0153079 0.00104936 -0.156262
0.0151096 0.00127013 -0.156589
0.0150477 0.0012382 -0.156913
0.0151138 0.00100305 -0.157254
0.0153009 0.000647628 -0.15758
0.0155866 0.00021949 -0.157895
0.0159038 -0.00027788 -0.158178
0.0165187 -0.00108846 -0.15843
0.0168871 -0.00169778 -0.158616
0.0172668 -0.00229837 -0.158743
0.0176808 -0.00286836 -0.158793
0.0181014 -0.00339495 -0.158746
0.0185292 -0.00388478 -0.158653
0.0189324 -0.00437474 -0.158492
0.0193275 -0.0049035 -0.158247
0.0196905 -0.00546929 -0.15795
0.0199516 -0.00607824 -0.157637
0.0201447 -0.00669776 -0.157308
0.0202558 -0.00725826 -0.156982
0.0202952 -0.00782755 -0.156666
0.0202686 -0.00835961 -0.156354
0.02019 -0.00891701 -0.156048
0.0201 -0.00951891 -0.155737
0.0199536 -0.0101793 -0.155408
0.0197671 -0.0109493 -0.155057
0.0195134 -0.0117839 -0.154686
0.0192131 -0.012683 -0.154329
0.0188633 -0.0135778 -0.153986
0.0184943 -0.0144427 -0.153644
0.0181319 -0.0152932 -0.153302
0.0177998 -0.0161435 -0.152944
0.0175375 -0.0169657 -0.152554
0.017343 -0.017719 -0.152163
0.0171872 -0.0184311 -0.151773
0.0170675 -0.0190822 -0.151357
0.0169401 -0.0196639 -0.150915
0.0168127 -0.0201571 -0.150454
0.0166576 -0.0205644 -0.149983
0.0164988 -0.0209052 -0.149518
0.0163502 -0.0211728 -0.149062
0.0162535 -0.0213705 -0.148641
0.0162332 -0.0215227 -0.148275
0.0162944 -0.0216189 -0.148
0.0164505 -0.0217003 -0.147778
0.0167007 -0.0217114 -0.147634
0.0170083 -0.0216876 -0.147564
0.0173784 -0.0216327 -0.147538
0.0177843 -0.0215947 -0.147549
0.0182239 -0.0215481 -0.147623
0.0186809 -0.0215124 -0.147757
0.0191262 -0.021488 -0.147942
0.0195566 -0.0215086 -0.148181
0.0199728 -0.0215647 -0.148474
0.0203713 -0.0216264 -0.148827
0.0207586 -0.0217377 -0.149228
0.021115 -0.0218568 -0.149655
0.0214576 -0.0219965 -0.150092
0.0217768 -0.0221201 -0.150533
0.0220555 -0.0222621 -0.150955
0.0222657 -0.0224505 -0.151361
0.0224056 -0.0226673 -0.151746
0.022478 -0.0229117 -0.152136
0.0225102 -0.0231523 -0.152541
0.0224915 -0.0234062 -0.152942
0.0224492 -0.0236583 -0.153331
0.0223921 -0.0238711 -0.153716
0.0223354 -0.0240848 -0.154107
0.0222624 -0.0242855 -0.154477
0.0221802 -0.0244485 -0.154837
0.0220869 -0.024607 -0.155183
0.0219958 -0.0247484 -0.155488
0.0218722 -0.0249375 -0.155746
0.0217316 -0.0251635 -0.155967
0.0215866 -0.02537 -0.156152
0.0214484 -0.0255779 -0.156304
0.0212856 -0.0258117 -0.156426
0.0211397 -0.0260703 -0.156531
0.0210318 -0.0263038 -0.156604
0.0209467 -0.0265016 -0.156635
0.020883 -0.0267114 -0.156627
0.020836 -0.0269267 -0.156541
0.0208088 -0.0272016 -0.156399
0.0207938 -0.0275307 -0.15622
0.0207703 -0.0279341 -0.156035
0.0207302 -0.0283802 -0.155833
0.0206843 -0.0288017 -0.155638
0.0206299 -0.0292063 -0.155444
0.0205841 -0.0295415 -0.155252
0.0205393 -0.0298026 -0.155035
0.0205237 -0.0299863 -0.154809
0.0205095 -0.0301253 -0.154567
0.0205394 -0.0302507 -0.154314
0.0205915 -0.0303407 -0.154059
0.0206772 -0.0304359 -0.15381
0.0207564 -0.030511 -0.153556
0.0208218 -0.0305661 -0.153281
0.0208843 -0.0305759 -0.153003
0.0209119 -0.0305298 -0.152703
0.0209039 -0.0304906 -0.152397
0.0208515 -0.030479 -0.152102
0.0207603 -0.030543 -0.151834
0.0206008 -0.0306225 -0.151604
0.0203913 -0.0307072 -0.151423
0.0201568 -0.0307648 -0.151249
0.0199166 -0.0307804 -0.151076
0.0196817 -0.0307658 -0.150916
0.0194203 -0.0307301 -0.150749
0.019127 -0.030719 -0.150578
0.0187944 -0.0307257 -0.150411
0.018423 -0.030719 -0.150269
0.0180051 -0.0306825 -0.150165
0.0175252 -0.0305758 -0.150098
0.0170615 -0.0304202 -0.15009
0.0166213 -0.0302343 -0.150135
0.0162452 -0.0300571 -0.150217
0.0159664 -0.0298775 -0.150328
0.0157673 -0.0296594 -0.150485
0.0156306 -0.0294316 -0.150678
0.0155195 -0.0291573 -0.150907
0.0154294 -0.0288356 -0.151195
0.0153378 -0.0284927 -0.151522
0.0152387 -0.0282006 -0.151915
0.0151675 -0.0279097 -0.152383
0.0152106 -0.0274671 -0.152911
0.0153283 -0.0269997 -0.153513
0.0154778 -0.0264552 -0.154156
0.015668 -0.0258674 -0.154804
0.0158463 -0.0252865 -0.155433
0.0159413 -0.0247851 -0.15602
0.0159126 -0.0243596 -0.156519
0.0157365 -0.0240455 -0.156941
0.0153538 -0.0238694 -0.157295
0.0147743 -0.0238193 -0.157586
0.0140221 -0.0239013 -0.157813
0.0131256 -0.024088 -0.157992
0.0121392 -0.0243265 -0.158108
0.0111314 -0.0245612 -0.158177
0.0101554 -0.0247826 -0.158188
0.00911282 -0.0251285 -0.158149
0.00818545 -0.0255042 -0.158051
0.0074215 -0.0259084 -0.157884
0.00682442 -0.0262971 -0.157646
0.00655772 -0.0263984 -0.157359
0.00645417 -0.0263265 -0.157028
0.0065095 -0.0260927 -0.156656
0.00671227 -0.0256366 -0.156282
0.00707027 -0.0249297 -0.155934
0.00755329 -0.0239623 -0.15564
0.00811969 -0.0227495 -0.15541
0.00877297 -0.0213543 -0.155231
0.00951648 -0.0197578 -0.155073
0.0103281 -0.0180286 -0.154938
0.0111753 -0.0162147 -0.154816
0.0120329 -0.0143297 -0.154666
0.0127031 -0.0127247 -0.154456
0.0133047 -0.0111877 -0.15417
0.0137758 -0.00976168 -0.153816
0.0140957 -0.00850621 -0.153394
0.0142696 -0.00749792 -0.15292
0.0142935 -0.00684179 -0.152404
0.0145349 -0.00601787 -0.151875
0.0145913 -0.00556381 -0.151339
0.014513 -0.00538874 -0.150803
0.0143216 -0.0054552 -0.150298
0.0140195 -0.00573868 -0.149819
0.0134741 -0.00644652 -0.149373
0.0129306 -0.00723357 -0.148951
0.0124088 -0.00809214 -0.148551
0.0119328 -0.00899632 -0.148192
0.0116262 -0.00968894 -0.147872
0.0113593 -0.0104396 -0.14761
0.0111387 -0.0112159 -0.147393
0.0109694 -0.0120127 -0.147194
0.0108274 -0.0128378 -0.147027
0.0106723 -0.013654 -0.146902
0.0105392 -0.014452 -0.146798
0.0104744 -0.0151979 -0.146735
0.0104522 -0.0159071 -0.146726
0.0104874 -0.0166025 -0.146773
0.0106064 -0.0173124 -0.146865
0.0108177 -0.0180311 -0.146995
0.0111232 -0.0187426 -0.147146
0.0115157 -0.0194586 -0.147314
0.0118377 -0.0203192 -0.147474
0.0122147 -0.021134 -0.147641
0.012618 -0.0219052 -0.147837
0.0130049 -0.0226469 -0.148061
0.0133918 -0.0233607 -0.148319
0.013742 -0.024019 -0.148622
0.0142264 -0.0245632 -0.148988
0.0146921 -0.0250747 -0.14943
0.0151809 -0.0255526 -0.149956
0.0156561 -0.0259937 -0.150562
0.0161421 -0.0263661 -0.151239
0.0166421 -0.0266697 -0.151982
0.0171432 -0.0269225 -0.152775
0.0176364 -0.0271424 -0.153608
0.0180802 -0.0272839 -0.154455
0.0184865 -0.0273408 -0.155294
0.018843 -0.0273139 -0.156092
0.0191605 -0.027205 -0.15686
0.0194068 -0.0270143 -0.157589
0.0196015 -0.0267559 -0.158269
0.0197158 -0.02648 -0.158871
0.0197616 -0.0261968 -0.159422
0.0197219 -0.0258801 -0.159916
0.0195836 -0.025565 -0.160351
0.0193825 -0.0252507 -0.160697
0.0191237 -0.0249279 -0.160976
0.0188175 -0.0245874 -0.16117
0.0184649 -0.0242198 -0.161273
0.0181313 -0.0238575 -0.161306
0.0178373 -0.023506 -0.161263
0.0175893 -0.0232068 -0.16117
0.0173571 -0.0229614 -0.161017
0.0171846 -0.0227679 -0.160838
0.0170672 -0.0226317 -0.160634
0.0169998 -0.0225317 -0.16041
0.0169877 -0.0225147 -0.160183
0.0170244 -0.0225609 -0.159951
0.0171587 -0.022646 -0.159703
0.0173281 -0.0227332 -0.159433
0.0175538 -0.0228255 -0.159146
0.0178404 -0.0229194 -0.158842
0.0181886 -0.0230128 -0.158511
0.0186099 -0.0230735 -0.158176
0.0190495 -0.0230837 -0.157837
0.0195226 -0.0231057 -0.157497
0.0200431 -0.0230967 -0.157158
0.0205968 -0.0230472 -0.156824
0.0211521 -0.0229372 -0.156494
0.0217042 -0.0228016 -0.156185
0.0222476 -0.0227008 -0.155892
0.0227797 -0.0226775 -0.155601
0.0233137 -0.0226927 -0.155319
0.0238144 -0.0227376 -0.155053
0.0243039 -0.0227957 -0.1548
0.0247856 -0.0228835 -0.15457
0.025267 -0.0229647 -0.154387
0.0257642 -0.0229909 -0.154248
0.0262256 -0.0230402 -0.154144
0.0266892 -0.0231319 -0.154063
0.027131 -0.0233376 -0.154007
0.0275716 -0.0236164 -0.153987
0.0279918 -0.0239562 -0.153987
0.0283415 -0.0242992 -0.153987
0.0286747 -0.02462 -0.15397
0.0289788 -0.0249202 -0.153937
0.0292111 -0.0251855 -0.153882
0.0293723 -0.0253858 -0.153795
0.0294844 -0.0255336 -0.153712
0.0295213 -0.025647 -0.153621
0.0295043 -0.0257578 -0.153539
0.0294158 -0.0259075 -0.15346
0.0292661 -0.0260833 -0.153392
0.0290516 -0.0262579 -0.153343
0.0288376 -0.0264308 -0.153309
0.0285585 -0.0266476 -0.1533
0.0283257 -0.0269101 -0.153305
0.028045 -0.0272307 -0.153309
0.0277871 -0.027531 -0.153316
0.0275148 -0.0278034 -0.153346
0.0272866 -0.0280879 -0.153373
0.0270234 -0.0283679 -0.153394
0.0268128 -0.0286459 -0.153426
0.0265908 -0.0289087 -0.153473
0.0263909 -0.029187 -0.153557
0.0262068 -0.029465 -0.153687
0.0260871 -0.0297682 -0.153844
0.0259734 -0.0300426 -0.154028
0.0258608 -0.030257 -0.154234
0.0257923 -0.0304207 -0.154453
0.0257283 -0.0305503 -0.154671
0.0256917 -0.030668 -0.154893
0.0256252 -0.0307957 -0.1551
0.0255422 -0.0309019 -0.155279
0.0254498 -0.030981 -0.155413
0.0253696 -0.0310053 -0.155515
0.0252489 -0.030978 -0.155568
0.025163 -0.030874 -0.155571
0.0249983 -0.0307414 -0.155543
0.0248463 -0.0305911 -0.155502
0.0246431 -0.0304034 -0.155474
0.0244149 -0.0301885 -0.155437
0.0241658 -0.0299243 -0.155384
0.0238887 -0.029629 -0.155297
0.0235799 -0.0293568 -0.155167
0.0233117 -0.0291128 -0.155003
0.023044 -0.0288877 -0.154781
0.0228139 -0.0286603 -0.154515
0.0226172 -0.0284392 -0.154216
0.0224482 -0.0282579 -0.153903
0.0223132 -0.0280824 -0.153608
0.0221809 -0.0279333 -0.153321
0.0220498 -0.0278215 -0.153047
0.0219417 -0.0278336 -0.152805
0.021865 -0.0279603 -0.152594
0.021773 -0.0281922 -0.152407
0.0217384 -0.028549 -0.152244
0.0217041 -0.0288803 -0.152108
0.0216312 -0.0290803 -0.151996
0.021495 -0.0291478 -0.151899
0.0213049 -0.0291202 -0.151823
0.0209364 -0.0289094 -0.151776
0.0204163 -0.0285331 -0.151752
0.0197296 -0.0279671 -0.151762
0.0188841 -0.0271977 -0.151823
0.0178702 -0.0261847 -0.151954
0.0166694 -0.0247867 -0.152136
0.015431 -0.0231683 -0.152363
0.01417 -0.0213545 -0.152623
0.0129508 -0.019409 -0.152899
0.0118077 -0.017367 -0.153181
0.0107756 -0.0152909 -0.15347
0.00956443 -0.0128354 -0.153772
0.00841567 -0.010422 -0.154104
0.00740551 -0.00820912 -0.154483
0.00685079 -0.00687465 -0.154927
0.00644113 -0.00586164 -0.15544
0.00618065 -0.00519271 -0.155988
0.00610053 -0.00478987 -0.156546
0.00615406 -0.00464322 -0.157123
0.00591615 -0.00438901 -0.15768
0.00581138 -0.00430554 -0.158224
0.00579989 -0.00434597 -0.158748
0.00584573 -0.00446945 -0.159227
0.00595744 -0.00475634 -0.159647
0.00642992 -0.00550008 -0.159992
0.00691554 -0.00633351 -0.160277
0.00739369 -0.00714833 -0.160489
0.00761213 -0.00773347 -0.160612
0.007846 -0.00831242 -0.160645
0.00806989 -0.00896143 -0.160584
0.00832565 -0.00963571 -0.160454
0.00854611 -0.0103271 -0.160256
0.00871597 -0.0109965 -0.159991
0.00881723 -0.0116206 -0.159675
0.00881547 -0.0121869 -0.159302
0.00868511 -0.0127129 -0.158907
0.00844876 -0.0132357 -0.158482
0.00812245 -0.0137847 -0.158016
0.00771515 -0.0143674 -0.157526
0.00725689 -0.0149838 -0.157028
0.00693372 -0.0157619 -0.156529
0.00659129 -0.016531 -0.156025
0.00622722 -0.0172471 -0.155499
0.00581916 -0.0179194 -0.154942
0.0053577 -0.0185329 -0.15433
0.00463732 -0.0190281 -0.153689
0.00388368 -0.0195329 -0.153031
0.00308872 -0.0200211 -0.152379
0.00228097 -0.0205177 -0.151735
0.00150346 -0.0209526 -0.151123
0.000761648 -0.0213204 -0.150519
7.31967e-05 -0.0215705 -0.149926
-0.000539717 -0.0217725 -0.149328
-0.00108427 -0.02189 -0.148716
-0.00154356 -0.0219249 -0.148113
-0.00195188 -0.0218728 -0.147525
-0.00231568 -0.0217664 -0.146953
-0.00265552 -0.0216171 -0.14642
-0.00295072 -0.0213664 -0.145946
-0.00318583 -0.0210392 -0.145537
-0.00334797 -0.0206465 -0.145219
-0.00341315 -0.020231 -0.14499
-0.00340747 -0.019879 -0.144847
-0.00333014 -0.0195442 -0.144783
-0.00315734 -0.0192117 -0.144819
-0.00292078 -0.0188574 -0.144945
-0.0026287 -0.0185387 -0.145162
-0.00230836 -0.0182518 -0.145447
-0.00196025 -0.0179523 -0.14579
-0.00160428 -0.017651 -0.146172
-0.00128141 -0.0173457 -0.146565
-0.00100903 -0.0170754 -0.14697
-0.000791307 -0.0168198 -0.147386
-0.000607932 -0.0165928 -0.147804
-0.00048857 -0.0164561 -0.148224
-0.000441711 -0.0163893 -0.148643
-0.0004613 -0.0163622 -0.149085
-0.000536357 -0.0163246 -0.149522
-0.000675906 -0.0162699 -0.149952
-0.000865989 -0.0161829 -0.150365
-0.00110672 -0.0160522 -0.150754
-0.00140998 -0.0159015 -0.151118
-0.00175669 -0.0157089 -0.151457
-0.00215379 -0.0155329 -0.151755
-0.00258673 -0.0153856 -0.152028
-0.00304305 -0.0152535 -0.152267
-0.00352006 -0.0151318 -0.152474
-0.00399825 -0.0149952 -0.152654
-0.00446535 -0.0148624 -0.152795
-0.00491736 -0.0146638 -0.152896
-0.00534518 -0.0144166 -0.152966
-0.00576325 -0.0141513 -0.152994
-0.00614325 -0.0138904 -0.152976
-0.00647867 -0.0136481 -0.152926
-0.00679691 -0.0134404 -0.15282
-0.00709936 -0.0132719 -0.152683
-0.00733952 -0.0131418 -0.152502
-0.00753828 -0.0130373 -0.15229
-0.0076957 -0.0129467 -0.152078
-0.0078003 -0.012864 -0.151861
-0.00784897 -0.0127684 -0.151626
-0.00785034 -0.0126437 -0.151394
-0.00779488 -0.012508 -0.151145
-0.00771057 -0.0123846 -0.150897
-0.0075611 -0.0122752 -0.150638
-0.00737575 -0.012145 -0.150378
-0.00715241 -0.0119903 -0.150124
-0.00690639 -0.0117733 -0.149868
-0.00665266 -0.0114998 -0.149636
-0.00639039 -0.0112065 -0.149415
-0.00611819 -0.0108953 -0.149192
-0.00582656 -0.0105789 -0.148964
-0.00552831 -0.0102751 -0.148721
-0.00520547 -0.0100059 -0.148463
-0.00486713 -0.00974484 -0.148209
-0.00454417 -0.00951452 -0.147953
-0.00423753 -0.00932334 -0.147708
-0.00396046 -0.00914745 -0.147476
-0.00371654 -0.00897396 -0.147248
-0.00351326 -0.00878309 -0.147024
-0.00334324 -0.00860476 -0.146856
-0.00322599 -0.00847052 -0.146716
-0.00316001 -0.00837651 -0.146587
-0.00314012 -0.00830561 -0.146482
-0.00316757 -0.00824613 -0.146416
-0.00321356 -0.00812447 -0.146371
-0.00327952 -0.00793205 -0.146356
-0.0033404 -0.00772869 -0.146358
-0.00338484 -0.00753297 -0.14638
-0.00339328 -0.00734681 -0.14642
-0.00337091 -0.0071377 -0.14646
-0.0033393 -0.00688524 -0.146509
-0.00328086 -0.00658685 -0.146577
-0.00319616 -0.00624762 -0.146681
-0.00309433 -0.00588563 -0.146831
-0.00298429 -0.00551788 -0.147024
-0.0028585 -0.00512258 -0.147267
-0.00274786 -0.00466571 -0.147564
-0.00262815 -0.0042053 -0.147919
-0.00247289 -0.00375841 -0.148334
-0.00229043 -0.00333134 -0.14878
-0.00209628 -0.00293179 -0.149241
-0.00182085 -0.00253008 -0.14969
-0.00138465 -0.0020555 -0.150124
-0.000919727 -0.00151362 -0.150568
-0.000527832 -0.000959881 -0.151028
-0.0002641 -0.000456512 -0.15149
-0.00018026 -3.01489e-05 -0.151965
-0.000286887 0.000392166 -0.152421
-0.000544897 0.000557452 -0.152797
-0.000951036 0.000536641 -0.153084
-0.00147719 0.000334099 -0.153251
-0.00205449 9.61099e-07 -0.153318
-0.00262179 -0.000418347 -0.153312
-0.0031256 -0.000897268 -0.153257
-0.00366468 -0.00145661 -0.153197
-0.00406043 -0.00195129 -0.153141
-0.00433068 -0.00241605 -0.153118
-0.00436435 -0.00285931 -0.153114
-0.00426061 -0.00328048 -0.153093
-0.00404446 -0.00363081 -0.153051
-0.00372363 -0.00385217 -0.152972
-0.0033207 -0.00389356 -0.152843
-0.00298214 -0.00381432 -0.152673
-0.00253898 -0.00343977 -0.152483
-0.00194647 -0.00271587 -0.152274
-0.00118988 -0.00167127 -0.152062
-0.000264167 -0.000376176 -0.151861
0.000797944 0.00105285 -0.151656
0.00196379 0.00253605 -0.151453
0.00317333 0.00397708 -0.151247
0.0043143 0.00526014 -0.151042
0.00532457 0.00637154 -0.150826
0.00616336 0.00734369 -0.150581
0.00683096 0.00815443 -0.15033
0.0073149 0.00882945 -0.150068
0.00766278 0.00932847 -0.149809
0.00789359 0.00961435 -0.149572
0.00803822 0.00968645 -0.14935
0.00809415 0.00956188 -0.149116
0.00808622 0.00930189 -0.148861
0.00802152 0.00890645 -0.148585
0.00789528 0.00842501 -0.148278
0.00769376 0.00787194 -0.147954
0.0074462 0.00732772 -0.147629
0.00715183 0.00679111 -0.147314
0.00687638 0.00629769 -0.147019
0.00663497 0.00584275 -0.146774
0.0064253 0.00540609 -0.146581
0.00626942 0.00496115 -0.14642
0.00617648 0.00453047 -0.146283
0.00612627 0.00413233 -0.146165
0.00611203 0.00376845 -0.146069
0.00617351 0.00342136 -0.145995
0.00629501 0.00307615 -0.14594
0.00648607 0.00270879 -0.145909
0.00676847 0.00232873 -0.145878
0.00712339 0.00189237 -0.145852
0.00757067 0.00140838 -0.145844
0.00807804 0.000837628 -0.145852
0.008661 0.000201452 -0.145871
0.00928005 -0.000469021 -0.145905
0.00990182 -0.0011676 -0.145987
0.0105165 -0.00188305 -0.146094
0.0111235 -0.00259998 -0.146247
0.011689 -0.00332303 -0.146466
0.0122172 -0.0040254 -0.14675
0.0127412 -0.00474154 -0.147089
0.0132269 -0.00540998 -0.147483
0.0136762 -0.00604256 -0.14792
0.0141191 -0.00659424 -0.148433
0.0145714 -0.00708127 -0.149005
0.0150364 -0.00746634 -0.149625
0.0154761 -0.00778063 -0.1503
0.0159452 -0.00802871 -0.150999
0.0163786 -0.00821442 -0.151704
0.0167665 -0.00836189 -0.152403
0.0171052 -0.00847516 -0.153093
0.017368 -0.00850447 -0.153756
0.0175759 -0.00841594 -0.154383
0.0177314 -0.00828433 -0.154965
0.017824 -0.00805003 -0.155523
0.0178529 -0.00777916 -0.156043
0.0178617 -0.00747604 -0.156516
0.0178028 -0.00717851 -0.156927
0.0177288 -0.00683501 -0.157292
0.0176028 -0.00642907 -0.157591
0.017445 -0.00602243 -0.15782
0.0173015 -0.00564412 -0.157963
0.0171693 -0.00530018 -0.158019
0.0170079 -0.00500458 -0.15801
0.0168448 -0.00471555 -0.157921
0.0166913 -0.0044689 -0.15778
0.0165933 -0.004236 -0.157608
0.0165189 -0.00401992 -0.157409
0.0164985 -0.00381903 -0.157184
0.0165392 -0.00363369 -0.156958
0.016651 -0.00347334 -0.156725
0.0167876 -0.00332909 -0.156487
0.0169771 -0.0032048 -0.156251
0.0172176 -0.00311797 -0.155999
0.0175009 -0.00302259 -0.155731
0.0178445 -0.00290946 -0.155438
0.0182354 -0.00278657 -0.155151
0.0186532 -0.00266483 -0.154843
0.0190777 -0.00255524 -0.154521
0.0195742 -0.00240513 -0.154192
0.0200907 -0.00227124 -0.153888
0.0206401 -0.002161 -0.153596
0.0211934 -0.00204428 -0.153326
0.0217517 -0.00192398 -0.153084
0.0222917 -0.00183005 -0.152859
0.0228584 -0.00181008 -0.152659
0.023429 -0.00182371 -0.152473
0.023956 -0.00187254 -0.152319
0.0245275 -0.00194777 -0.152205
0.0251175 -0.00206829 -0.15212
0.0257304 -0.00221017 -0.15209
0.0263219 -0.00236965 -0.152079
0.0268802 -0.00253838 -0.152092
0.0274562 -0.0027338 -0.15214
0.0279874 -0.00296575 -0.152207
0.0285032 -0.00327132 -0.152276
0.0289381 -0.00370316 -0.152354
0.0293326 -0.00415409 -0.152441
0.029685 -0.0045168 -0.15252
0.0300289 -0.00480673 -0.152598
0.0303037 -0.00501676 -0.152655
0.0305309 -0.00517599 -0.152671
0.0307244 -0.00528014 -0.152667
0.0308854 -0.00543243 -0.152658
0.030976 -0.00566504 -0.152647
0.0310227 -0.00594902 -0.152643
0.0309811 -0.006199 -0.152633
0.0309014 -0.00639578 -0.152629
0.0307641 -0.00652008 -0.152624
0.0306333 -0.00662732 -0.152621
0.0304897 -0.00672556 -0.15262
0.0303351 -0.00683765 -0.15264
0.0301459 -0.00697588 -0.152667
0.0299799 -0.00715488 -0.152698
0.0298598 -0.00731601 -0.152727
0.0297329 -0.00750794 -0.152753
0.0296615 -0.00766977 -0.152781
0.029603 -0.00779637 -0.152809
0.0295993 -0.00788908 -0.152844
0.0296097 -0.00795564 -0.152901
0.0296717 -0.00805144 -0.152966
0.0297494 -0.00817445 -0.153038
0.0298502 -0.00828906 -0.153109
0.0299616 -0.00838766 -0.153196
0.0300872 -0.00846055 -0.153273
0.0301785 -0.00852023 -0.15336
0.0302773 -0.00856933 -0.153435
0.0303571 -0.00859488 -0.153495
0.0303708 -0.00859842 -0.15353
0.0303361 -0.00855482 -0.153533
0.030317 -0.00851337 -0.153508
0.0302736 -0.00844219 -0.153457
0.0302274 -0.00832235 -0.153356
0.0301855 -0.00818727 -0.153204
0.0301716 -0.00803619 -0.153009
0.0301835 -0.00791333 -0.152776
0.0302019 -0.0078237 -0.152521
0.0302243 -0.00777185 -0.152238
0.0302263 -0.00772877 -0.151924
0.030271 -0.00768876 -0.151582
0.0303287 -0.00768475 -0.151236
0.0304662 -0.00778742 -0.150904
0.0307034 -0.00801448 -0.150632
0.0310589 -0.00839536 -0.150435
0.0314605 -0.00883273 -0.150294
0.0319531 -0.00929397 -0.1502
0.0324476 -0.0097519 -0.150155
0.0329166 -0.0101819 -0.150133
0.0333264 -0.0106836 -0.150122
0.0337104 -0.0112045 -0.150105
0.0339756 -0.011665 -0.150073
0.034135 -0.0120264 -0.150041
0.0341705 -0.0122514 -0.150029
0.0339306 -0.0120908 -0.150031
0.0335491 -0.0116841 -0.150082
0.0330269 -0.0110708 -0.150169
0.0323598 -0.0102107 -0.150298
0.03159 -0.00909998 -0.150439
0.0307924 -0.00777006 -0.150558
0.0299714 -0.00619706 -0.150671
0.0290606 -0.00436243 -0.150784
0.0281516 -0.00236326 -0.1509
0.0272866 -0.000339238 -0.151009
0.0264407 0.00160374 -0.15115
0.0256231 0.00344379 -0.15133
0.0250434 0.00477407 -0.151555
0.0245448 0.00595215 -0.151801
0.0241168 0.00693494 -0.152057
0.0238269 0.0076784 -0.152334
0.0236893 0.00819429 -0.152609
0.0237456 0.00851445 -0.152898
0.0235927 0.00892592 -0.153185
0.02361 0.00906425 -0.153478
0.0237665 0.00898091 -0.153779
0.0240083 0.00876714 -0.154093
0.0243438 0.00853326 -0.154425
0.0247585 0.00829369 -0.154737
0.0252314 0.0080102 -0.155003
0.0257211 0.00763711 -0.155205
0.0264485 0.00701277 -0.155339
0.0268919 0.00657908 -0.155375
0.0273221 0.00618068 -0.155308
0.0277076 0.00582165 -0.155152
0.0280721 0.00548635 -0.154924
0.0284172 0.00514869 -0.154623
0.0287876 0.00476504 -0.154295
0.029131 0.00430912 -0.153966
0.0294062 0.00382672 -0.153642
0.0296084 0.00338242 -0.153295
0.0296912 0.00297598 -0.152939
0.0296747 0.00255027 -0.152566
0.0295535 0.00208085 -0.152174
0.0293894 0.0015657 -0.151761
0.0292131 0.00101163 -0.151331
0.0290325 0.000383344 -0.150886
0.028866 -0.00031833 -0.150443
0.0287021 -0.0010861 -0.150015
0.0285396 -0.00189386 -0.149598
0.0283544 -0.00266993 -0.149159
0.028122 -0.00341234 -0.148702
0.0278321 -0.00410635 -0.148189
0.0275329 -0.00478541 -0.147674
0.0272566 -0.00538659 -0.147158
0.0269728 -0.00592283 -0.146652
0.0267415 -0.00638601 -0.146125
0.0265603 -0.00675062 -0.145576
0.0264533 -0.00704869 -0.145015
0.0263929 -0.00728255 -0.144461
0.0263989 -0.00747162 -0.14393
0.0264345 -0.00759046 -0.14343
0.0264681 -0.00763392 -0.14299
0.0265034 -0.007593 -0.142606
0.0265684 -0.00746049 -0.142288
0.0266639 -0.00727507 -0.142028
0.0268167 -0.00704763 -0.141834
0.0270109 -0.00681293 -0.141733
0.0272965 -0.0065883 -0.141707
0.0276479 -0.00638422 -0.141756
0.0280698 -0.00619474 -0.141888
0.0285541 -0.00600112 -0.142078
0.0290862 -0.00582097 -0.142328
0.0296334 -0.00566086 -0.142639
0.0301926 -0.00550497 -0.143007
0.0307247 -0.0053734 -0.143396
0.0312278 -0.00527309 -0.143799
0.031678 -0.00519976 -0.144201
0.0320948 -0.00514798 -0.144597
0.0324778 -0.00514544 -0.145003
0.0328471 -0.00517219 -0.145398
0.03318 -0.00524423 -0.145785
0.0334706 -0.00534158 -0.146156
0.033704 -0.00545129 -0.146519
0.0338962 -0.00556805 -0.146873
0.0340248 -0.00567566 -0.147207
0.0340927 -0.00578008 -0.147518
0.0341152 -0.00587559 -0.147802
0.0341187 -0.00595626 -0.148067
0.0340758 -0.00604569 -0.148317
0.034012 -0.00614477 -0.148541
0.0339444 -0.00624921 -0.148736
0.0338728 -0.00637849 -0.148881
0.0338215 -0.00649943 -0.14899
0.0338034 -0.00661081 -0.149057
0.0337993 -0.00672064 -0.149081
0.0338182 -0.00681976 -0.149068
0.0338402 -0.0069125 -0.149026
0.03387 -0.00702206 -0.148934
0.0338602 -0.00718262 -0.14882
0.0338334 -0.00740257 -0.14866
0.0338063 -0.00767611 -0.148477
0.0337913 -0.00797335 -0.148298
0.0337832 -0.00829919 -0.148127
0.0338221 -0.00861848 -0.14795
0.0338987 -0.00890604 -0.147775
0.0339993 -0.00917095 -0.147575
0.034137 -0.00940791 -0.147369
0.0343073 -0.00967215 -0.147138
0.0344779 -0.0099576 -0.146917
0.0346644 -0.0102615 -0.146686
0.034858 -0.0105338 -0.146471
0.0350436 -0.0107289 -0.146266
0.0352105 -0.0108062 -0.146099
0.0353636 -0.0107672 -0.145951
0.0355086 -0.010646 -0.145844
0.0356325 -0.0105146 -0.145769
0.0357662 -0.0104163 -0.145713
0.0358874 -0.0103702 -0.145644
0.0360434 -0.0103586 -0.145572
0.0361816 -0.0103351 -0.145497
0.0363029 -0.0102893 -0.145407
0.0363667 -0.0101917 -0.14532
0.0363737 -0.0100429 -0.145243
0.0362885 -0.00989731 -0.145197
0.0361026 -0.00978786 -0.145155
0.0358079 -0.00970149 -0.145135
0.0353883 -0.00962432 -0.145168
0.0349188 -0.00955633 -0.145246
0.0344081 -0.00948889 -0.145334
0.0338976 -0.00939225 -0.145434
0.033392 -0.00924191 -0.145509
0.0328927 -0.00904932 -0.145561
0.032421 -0.00882194 -0.145584
0.0319337 -0.00858338 -0.14562
0.0314132 -0.00836056 -0.145688
0.0308795 -0.00812826 -0.145802
0.0303444 -0.00785227 -0.14599
0.0298027 -0.00757113 -0.146255
0.0292977 -0.00731123 -0.146592
0.0288557 -0.00704628 -0.146982
0.0284843 -0.00677377 -0.147415
0.0281808 -0.00650085 -0.147869
0.0279845 -0.00624445 -0.148334
0.0279837 -0.0058723 -0.148827
0.0280332 -0.00550035 -0.149349
0.0281104 -0.00504265 -0.149919
0.0281411 -0.00445178 -0.150545
0.0280565 -0.00378486 -0.151233
0.0278212 -0.0031634 -0.151951
0.0274634 -0.00241903 -0.152632
0.0268269 -0.00208785 -0.153236
0.0259757 -0.0019798 -0.153741
0.0249274 -0.0021549 -0.154141
0.0237372 -0.0025914 -0.154426
0.0224389 -0.00325558 -0.154608
0.0211048 -0.00408376 -0.154694
0.0197799 -0.0049738 -0.154706
0.0185258 -0.00588622 -0.154656
0.017254 -0.00683339 -0.154577
0.016228 -0.00768397 -0.154467
0.0153694 -0.00853217 -0.154381
0.0146654 -0.00945857 -0.154321
0.0141296 -0.0104066 -0.154268
0.013741 -0.0112702 -0.154203
0.0134929 -0.0119382 -0.154108
0.0131922 -0.0126269 -0.153952
0.013107 -0.0130153 -0.153738
0.013269 -0.0130103 -0.153478
0.0137188 -0.0125662 -0.153219
0.0144082 -0.0116672 -0.152988
0.0153017 -0.0103931 -0.152829
0.0163369 -0.00887353 -0.152752
0.0174543 -0.00722254 -0.152747
0.0185735 -0.00554711 -0.15277
0.0196044 -0.00391417 -0.152759
0.0205332 -0.00233776 -0.15269
0.0213372 -0.000807348 -0.152538
0.0219759 0.000691502 -0.152311
0.0224394 0.00215272 -0.152022
0.0227595 0.00354761 -0.151691
0.022979 0.00478126 -0.151302
0.0230972 0.00571931 -0.150872
0.0230782 0.00631665 -0.150426
0.0229526 0.00659122 -0.149956
0.022775 0.0065586 -0.149488
0.0225255 0.00625745 -0.148998
0.0221821 0.00581415 -0.1485
0.0217706 0.00530331 -0.147991
0.0213197 0.0048359 -0.147468
0.0208627 0.00439831 -0.146927
0.0204367 0.00398384 -0.146384
0.0200894 0.00352561 -0.145849
0.0198269 0.00298271 -0.145365
0.0196664 0.00237685 -0.144924
0.0196164 0.00173263 -0.144495
0.0196414 0.00105561 -0.144078
0.0197061 0.000354936 -0.143653
0.019809 -0.000344618 -0.143196
0.0199515 -0.00105745 -0.14273
0.0201243 -0.001771 -0.142291
0.0203495 -0.00250538 -0.141882
0.0206199 -0.00326691 -0.141529
0.0209412 -0.0040715 -0.141237
0.0213125 -0.00492646 -0.140998
0.0217441 -0.00581715 -0.140801
0.0222313 -0.00674129 -0.140634
0.022748 -0.00769721 -0.140505
0.023276 -0.00865441 -0.14044
0.0238025 -0.00964302 -0.140416
0.0242956 -0.0106475 -0.14046
0.0247831 -0.0116593 -0.140568
0.0252426 -0.0126354 -0.140766
0.0256865 -0.0135694 -0.141065
0.0261186 -0.0143933 -0.141478
0.0265523 -0.0151014 -0.141993
0.02698 -0.0157058 -0.14262
0.0274258 -0.0162389 -0.143351
0.0278665 -0.0166675 -0.14417
0.0283055 -0.0170186 -0.145046
0.0287361 -0.0172771 -0.145966
0.0291411 -0.0174421 -0.146923
0.0294807 -0.0174857 -0.147891
0.0297662 -0.0174267 -0.148842
0.0299949 -0.0172671 -0.149754
0.0301894 -0.017022 -0.150629
0.0303398 -0.0166695 -0.15145
0.0304532 -0.0162726 -0.152207
0.0304844 -0.0157991 -0.152892
0.0304659 -0.0153186 -0.1535
0.030421 -0.0148305 -0.154035
0.0303431 -0.0143365 -0.15451
0.0301744 -0.013802 -0.154922
0.0299906 -0.0132414 -0.155246
0.0297999 -0.0127231 -0.155481
0.0296505 -0.0122586 -0.155609
0.0295113 -0.0118766 -0.155648
0.0294059 -0.0115917 -0.155592
0.029353 -0.0113752 -0.155471
0.029367 -0.0112025 -0.155283
0.0294422 -0.0110774 -0.155034
0.0295996 -0.011033 -0.154754
0.0298403 -0.0110456 -0.154435
0.0301619 -0.0111011 -0.154097
0.0305227 -0.011193 -0.153721
0.0309261 -0.0113122 -0.153317
0.0313638 -0.0114206 -0.152866
0.0318336 -0.0115517 -0.152397
0.0323261 -0.0116893 -0.15191
0.032851 -0.0118323 -0.151396
0.033433 -0.0119718 -0.150878
0.0340197 -0.0120744 -0.150334
0.0346606 -0.0121695 -0.149768
0.0352866 -0.0122407 -0.149197
0.0359206 -0.0123264 -0.148611
0.0365265 -0.0124561 -0.148035
0.0371502 -0.0126294 -0.147499
0.0377275 -0.0127914 -0.146987
0.038277 -0.0129291 -0.146531
0.0387909 -0.0130691 -0.146133
0.0393457 -0.0132564 -0.145787
0.0398725 -0.0134804 -0.145483
0.0404068 -0.0137136 -0.145231
0.0409414 -0.0139573 -0.145008
0.0414592 -0.0142384 -0.144825
0.0419738 -0.0145239 -0.14469
0.0424751 -0.0147751 -0.14458
0.0429472 -0.0150183 -0.144502
0.0434095 -0.0153308 -0.144456
0.0438475 -0.0156662 -0.144437
0.0442195 -0.0159761 -0.144442
0.0445629 -0.0162633 -0.144449
0.0448267 -0.0165177 -0.144467
0.0450611 -0.0166945 -0.144508
0.0452827 -0.0168082 -0.144521
0.045437 -0.0168905 -0.144547
0.0455654 -0.0170044 -0.144593
0.0456412 -0.0171642 -0.144653
0.0457034 -0.0173821 -0.144742
0.0456859 -0.0176577 -0.144876
0.0456311 -0.0179975 -0.14502
0.0455201 -0.0182912 -0.145182
0.0454064 -0.0185323 -0.145358
0.0452359 -0.0187792 -0.145534
0.0450675 -0.0190287 -0.145723
0.044914 -0.0192264 -0.145936
0.0447664 -0.0194097 -0.146177
0.0446015 -0.0196366 -0.146433
0.04445 -0.0199551 -0.146714
0.0443226 -0.0202476 -0.147021
0.0442538 -0.0204979 -0.147349
0.0442229 -0.0207026 -0.147659
0.0442099 -0.0209085 -0.14797
0.0441874 -0.0211485 -0.148264
0.0441807 -0.0214268 -0.148541
0.0441736 -0.021742 -0.148813
0.0441385 -0.0220578 -0.149068
0.0440274 -0.0223268 -0.149298
0.0439324 -0.0225521 -0.149492
0.043772 -0.0227698 -0.149661
0.0436288 -0.0229546 -0.149764
0.0434114 -0.0230965 -0.149812
0.0432055 -0.0232021 -0.149813
0.0429942 -0.0232693 -0.149762
0.0427942 -0.0232971 -0.149654
0.042597 -0.0233178 -0.149502
0.0424899 -0.0233372 -0.149327
0.042385 -0.023334 -0.149128
0.042332 -0.0233358 -0.148916
0.0422767 -0.0233225 -0.148687
0.0422524 -0.0232968 -0.148451
0.0422288 -0.0232368 -0.148193
0.0422291 -0.0231933 -0.147923
0.042247 -0.0231655 -0.147639
0.0423485 -0.0231926 -0.147353
0.042532 -0.0232865 -0.147069
0.0428428 -0.0234296 -0.146794
0.0432965 -0.0236349 -0.146536
0.0438009 -0.0238442 -0.146308
0.0443212 -0.0240498 -0.146108
0.0448424 -0.0242439 -0.145946
0.0453036 -0.0243799 -0.14583
0.0456575 -0.0244642 -0.145756
0.0458966 -0.0245222 -0.145699
0.0459744 -0.0245195 -0.145625
0.0459482 -0.0243812 -0.145545
0.0457708 -0.0240364 -0.145458
0.0454712 -0.0234761 -0.145378
0.0449673 -0.0226746 -0.145321
0.0442534 -0.0216222 -0.145271
0.0432021 -0.0201095 -0.145215
0.0420123 -0.0183642 -0.145172
0.0407445 -0.0163609 -0.145136
0.0394413 -0.0141247 -0.145082
0.0381487 -0.01175 -0.145024
0.036729 -0.00908885 -0.144951
0.0354474 -0.00646239 -0.144892
0.0343 -0.00392877 -0.14489
0.0335492 -0.00225727 -0.144981
0.0329714 -0.000954004 -0.145158
0.0325004 1.24192e-05 -0.145408
0.0321504 0.000677081 -0.145697
0.0318821 0.00102347 -0.145999
0.0317209 0.00107073 -0.146305
0.0317263 0.000878643 -0.146606
0.0315373 0.000863267 -0.146912
0.0315651 0.000578796 -0.147237
0.0321415 -0.000242488 -0.147581
0.032834 -0.00117462 -0.147911
0.0335943 -0.00221893 -0.148201
0.0343979 -0.00337242 -0.148434
0.0352001 -0.00457898 -0.148595
0.0359891 -0.00577278 -0.148657
0.0367259 -0.00694179 -0.148617
0.0372349 -0.00790034 -0.148495
0.0376701 -0.0088581 -0.148307
0.0380442 -0.00983344 -0.148073
0.0383473 -0.0107811 -0.147815
0.0385961 -0.011658 -0.147539
0.0387599 -0.0124312 -0.147264
0.0390035 -0.0133386 -0.146972
0.0390728 -0.0140719 -0.146636
0.0390983 -0.0147949 -0.14627
0.0390694 -0.0155478 -0.145893
0.0389555 -0.0162965 -0.145516
0.0387551 -0.0170261 -0.145156
0.0386288 -0.0178719 -0.144803
0.0384172 -0.0186897 -0.144446
0.038142 -0.0194777 -0.144104
0.0378267 -0.0202617 -0.143785
0.0372998 -0.0209172 -0.143479
0.0367668 -0.0216001 -0.143193
0.0362705 -0.022291 -0.142926
0.035817 -0.0229432 -0.142689
0.035399 -0.0235819 -0.142457
0.0350317 -0.0241604 -0.142226
0.0346872 -0.024649 -0.141982
0.0343502 -0.0250558 -0.141729
0.0340194 -0.0253981 -0.141456
0.0336969 -0.0256814 -0.141161
0.033389 -0.0258703 -0.140875
0.0331006 -0.0260149 -0.140602
0.0328759 -0.0261419 -0.140352
0.0327141 -0.0262657 -0.140147
0.0326473 -0.0263922 -0.140018
0.0326861 -0.0264574 -0.139947
0.0328014 -0.0264635 -0.139949
0.032969 -0.0264472 -0.140019
0.0331792 -0.026451 -0.140161
0.033448 -0.0264571 -0.140363
0.0337431 -0.0264381 -0.140623
0.0340728 -0.0264539 -0.140931
0.0344208 -0.0265269 -0.141286
0.0348102 -0.0266617 -0.141683
0.0352443 -0.0268429 -0.142135
0.0356998 -0.0270528 -0.142626
0.0361599 -0.0273072 -0.143145
0.0365919 -0.0275643 -0.143664
0.0369977 -0.027826 -0.144172
0.0373663 -0.028106 -0.144676
0.0377039 -0.0284295 -0.14516
0.0379878 -0.0288272 -0.145611
0.0382145 -0.0292552 -0.146037
0.0384012 -0.0296855 -0.146425
0.0385568 -0.0301001 -0.146778
0.0386709 -0.0304808 -0.147114
0.0387455 -0.0308164 -0.147427
0.0387865 -0.031049 -0.147714
0.0387748 -0.0312407 -0.147971
0.038716 -0.0314144 -0.1482
0.0386083 -0.0315616 -0.148386
0.0384686 -0.0317018 -0.148522
0.0383164 -0.03182 -0.148654
0.0381747 -0.0319244 -0.148756
0.0380125 -0.0320086 -0.148816
0.0378657 -0.0320429 -0.148835
0.0377343 -0.0320138 -0.148811
0.0376428 -0.0319263 -0.148769
0.0375368 -0.0318374 -0.148699
0.0374179 -0.0317814 -0.148586
0.0372926 -0.031797 -0.148453
0.0371501 -0.0318386 -0.148308
0.0369921 -0.0318703 -0.148149
0.0368262 -0.031893 -0.147994
0.036669 -0.0318904 -0.147839
0.036542 -0.0318915 -0.147695
0.0364123 -0.0318687 -0.14754
0.0362837 -0.0318421 -0.147359
0.0361679 -0.0318375 -0.147162
0.0360686 -0.0318459 -0.146952
0.0359943 -0.0318168 -0.146747
0.0359616 -0.0317187 -0.146546
0.0359403 -0.0315224 -0.146321
0.0359346 -0.031215 -0.146063
0.0359347 -0.0308054 -0.145778
0.0359375 -0.030332 -0.145503
0.0359175 -0.0298433 -0.145222
0.0358651 -0.0293971 -0.144953
0.0357969 -0.02899 -0.144685
0.0356855 -0.0286127 -0.144413
0.0355627 -0.0282555 -0.144158
0.0354247 -0.027887 -0.143906
0.0352716 -0.027472 -0.143645
0.0351125 -0.0270084 -0.143378
0.0349571 -0.0265417 -0.143099
0.0347925 -0.0260974 -0.142799
0.0346007 -0.0257161 -0.142472
0.0343511 -0.0253871 -0.142163
0.0340098 -0.0250572 -0.14186
0.0335935 -0.0247143 -0.141582
0.0331162 -0.0243164 -0.141334
0.032609 -0.0238842 -0.14114
0.0320766 -0.0234601 -0.140974
0.0315565 -0.0230297 -0.140833
0.0310805 -0.0225975 -0.140702
0.0306586 -0.0221443 -0.140575
0.03029 -0.0216857 -0.140459
0.0299642 -0.0212005 -0.140349
0.0296775 -0.0206968 -0.140269
0.0294114 -0.0201874 -0.140249
0.0291738 -0.0196755 -0.140314
0.028976 -0.019162 -0.140464
0.0289205 -0.0185295 -0.1407
0.0289394 -0.0179132 -0.141019
0.029013 -0.0172747 -0.141414
0.0290878 -0.0164951 -0.141905
0.0290907 -0.0156041 -0.142454
0.0289035 -0.0146806 -0.143034
0.0284849 -0.0137562 -0.143645
0.0279595 -0.0125917 -0.144251
0.0269896 -0.0119656 -0.144806
0.0257746 -0.0116599 -0.145299
0.0243596 -0.0116594 -0.1457
0.0228211 -0.0119341 -0.145977
0.0211831 -0.0124437 -0.146108
0.0195024 -0.0130463 -0.146104
0.0178337 -0.0136619 -0.145984
0.0162387 -0.0142796 -0.145777
0.0147576 -0.0148849 -0.145539
0.0133505 -0.0154234 -0.145311
0.0121748 -0.0161062 -0.145131
0.0111376 -0.0169015 -0.14501
0.0102258 -0.0178324 -0.144942
0.00944978 -0.0188602 -0.144874
0.00884188 -0.0199183 -0.144775
0.00842064 -0.0208224 -0.14461
0.00821066 -0.0213993 -0.144341
0.00799907 -0.021899 -0.143999
0.00808082 -0.0219366 -0.143624
0.00858844 -0.0212711 -0.143283
0.00930975 -0.0202691 -0.14301
0.0102397 -0.019001 -0.142825
0.0113159 -0.0174688 -0.142726
0.012457 -0.0157682 -0.14272
0.0135736 -0.0140099 -0.142745
0.0145898 -0.0122839 -0.142747
0.0154766 -0.0106359 -0.142689
0.0159953 -0.00942106 -0.142569
0.0162858 -0.00826625 -0.142377
0.016559 -0.00679385 -0.142102
0.0166424 -0.00543416 -0.141765
0.0165473 -0.0042726 -0.141382
0.01633 -0.00338271 -0.140957
0.0160398 -0.00275873 -0.140526
0.0156916 -0.00239463 -0.140107
0.0152759 -0.0022642 -0.139693
0.0148023 -0.00235383 -0.13927
0.0142849 -0.00257225 -0.138843
0.0137406 -0.00286706 -0.138397
0.0131921 -0.00316064 -0.137923
0.0126761 -0.00346162 -0.137437
0.0122394 -0.00378575 -0.136942
0.0119106 -0.00416132 -0.136436
0.0116399 -0.00462178 -0.135932
0.0113912 -0.00513892 -0.135445
0.0111524 -0.00567009 -0.135003
0.0109299 -0.00621989 -0.134596
0.0107273 -0.00677666 -0.134185
0.0105634 -0.00734847 -0.133791
0.0104445 -0.0079194 -0.133411
0.0104051 -0.00850164 -0.133016
0.0104547 -0.00912191 -0.132635
0.0106303 -0.00976853 -0.132263
0.0109131 -0.0104834 -0.13191
0.0112643 -0.0112454 -0.131572
0.0116506 -0.01206 -0.131245
0.0120535 -0.0129056 -0.130949
0.0124299 -0.0137683 -0.130712
0.0127933 -0.0146516 -0.130538
0.0131367 -0.0155643 -0.130449
0.0134781 -0.0164795 -0.130434
0.0138367 -0.0173783 -0.130529
0.0142004 -0.0182455 -0.130724
0.0145774 -0.0190813 -0.131025
0.0149513 -0.0198295 -0.131441
0.0153545 -0.0204835 -0.131974
0.0157673 -0.021028 -0.132614
0.0161883 -0.0214792 -0.133349
0.0165794 -0.0218117 -0.134153
0.0169384 -0.0220736 -0.134985
0.0172465 -0.022246 -0.135838
0.0174647 -0.0223461 -0.136691
0.0176245 -0.0223748 -0.137554
0.0177069 -0.0223318 -0.138417
0.0177329 -0.0221566 -0.139263
0.0176957 -0.0219022 -0.140089
0.0176185 -0.0215858 -0.140871
0.0174788 -0.0211904 -0.141588
0.017303 -0.0207535 -0.142237
0.0170678 -0.0203246 -0.142807
0.0167985 -0.0198758 -0.143324
0.0164748 -0.0193854 -0.143769
0.0160859 -0.0188654 -0.144118
0.0157093 -0.0183756 -0.144407
0.0153399 -0.0179125 -0.144628
0.0150096 -0.0175036 -0.144768
0.0147292 -0.0171529 -0.144804
0.0144719 -0.0168899 -0.144777
0.0142931 -0.0167018 -0.144702
0.0141974 -0.0165672 -0.144582
0.0141855 -0.0164844 -0.144421
0.0142383 -0.0164396 -0.144237
0.0143572 -0.0164399 -0.144023
0.0145351 -0.0164861 -0.143744
0.0147714 -0.0165709 -0.143434
0.0150228 -0.0166996 -0.143087
0.0153625 -0.0168534 -0.142715
0.0157029 -0.0170121 -0.142322
0.0160891 -0.0171521 -0.141906
0.0164874 -0.0173081 -0.141464
0.0169433 -0.0174836 -0.140985
0.017404 -0.0176783 -0.140499
0.0178641 -0.0179036 -0.139993
0.0183871 -0.0181201 -0.13947
0.0188923 -0.0183108 -0.138966
0.0194263 -0.0184832 -0.138461
0.0199335 -0.0186696 -0.13797
0.0204565 -0.0188922 -0.137522
0.020994 -0.0191624 -0.137113
0.0215079 -0.0194395 -0.136748
0.0220496 -0.0197446 -0.136437
0.0225808 -0.0200972 -0.136187
0.0231517 -0.020446 -0.135978
0.0236611 -0.0208189 -0.135814
0.0241873 -0.0211863 -0.135663
0.0246842 -0.0215401 -0.135548
0.0251692 -0.021879 -0.135441
0.0256549 -0.0222193 -0.135345
0.0260766 -0.0225771 -0.135271
0.0264812 -0.0229631 -0.135211
0.026811 -0.0233618 -0.13517
0.0271183 -0.0237385 -0.135136
0.0273526 -0.0240863 -0.135095
0.0275133 -0.0243517 -0.13504
0.0276371 -0.024552 -0.134983
0.0276844 -0.0247138 -0.134928
0.0276987 -0.0248627 -0.134892
0.027663 -0.0250525 -0.134875
0.0276307 -0.0252908 -0.134879
0.0275184 -0.0255817 -0.134915
0.027402 -0.0259032 -0.13498
0.0272599 -0.0262047 -0.135059
0.0271608 -0.0264602 -0.135142
0.027042 -0.0266865 -0.135236
0.026938 -0.0268786 -0.135325
0.0268297 -0.0270421 -0.135429
0.0267455 -0.0272176 -0.135552
0.0266654 -0.0274279 -0.135721
0.0266028 -0.027645 -0.135933
0.0265446 -0.0278464 -0.136163
0.026526 -0.0280149 -0.136398
0.0265339 -0.0281737 -0.136617
0.0265882 -0.0282836 -0.136824
0.026667 -0.0284076 -0.137025
0.0268031 -0.0285635 -0.137206
0.0269365 -0.0287166 -0.137363
0.0270845 -0.0288514 -0.137508
0.0271853 -0.0289594 -0.137639
0.0272904 -0.0290256 -0.137752
0.0273402 -0.0290518 -0.137845
0.027373 -0.0290695 -0.137916
0.027324 -0.0290905 -0.137959
0.0272413 -0.0290553 -0.137955
0.027141 -0.0289839 -0.137898
0.0270279 -0.0288618 -0.137808
0.0269582 -0.0287254 -0.137678
0.0268769 -0.0285708 -0.137501
0.0268469 -0.0284262 -0.137308
0.0268028 -0.0282168 -0.13708
0.0267947 -0.0279924 -0.136802
0.0267713 -0.0277775 -0.136492
0.0267341 -0.0276333 -0.136166
0.0266199 -0.0275346 -0.135822
0.0265453 -0.0274968 -0.135422
0.0264778 -0.0275595 -0.135022
0.0264886 -0.0277135 -0.13467
0.0265295 -0.027971 -0.13436
0.0266937 -0.0283283 -0.134082
0.0269133 -0.0287182 -0.133841
0.0271293 -0.0291029 -0.133656
0.0272993 -0.0294592 -0.133524
0.0274163 -0.0297981 -0.133435
0.0274166 -0.0300522 -0.133388
0.0272928 -0.0302409 -0.133354
0.0270408 -0.0303524 -0.133336
0.0266957 -0.0303228 -0.133323
0.0262563 -0.0300775 -0.133333
0.0257274 -0.029597 -0.133368
0.0250856 -0.0288805 -0.133466
0.024297 -0.0278896 -0.133632
0.0233603 -0.0265976 -0.133863
0.0222429 -0.0250344 -0.134168
0.0209568 -0.0232357 -0.13453
0.0196306 -0.0213159 -0.134933
0.0183222 -0.0192849 -0.135358
0.0171091 -0.0172144 -0.135789
0.0156994 -0.0148507 -0.136228
0.0145007 -0.0125247 -0.136709
0.0134922 -0.0102656 -0.137267
0.0126751 -0.00821372 -0.137893
0.01241 -0.00712134 -0.138602
0.0119852 -0.00589186 -0.139341
0.0116339 -0.00503964 -0.140102
0.0113055 -0.00453012 -0.140886
0.0110585 -0.00435397 -0.14166
0.010921 -0.00439334 -0.142413
0.0108744 -0.00451791 -0.143148
0.0109288 -0.00470979 -0.143841
0.0110623 -0.00501028 -0.144479
0.0112592 -0.00549261 -0.145044
0.0115267 -0.0060963 -0.145526
0.0118296 -0.00675747 -0.145912
0.0121643 -0.00743977 -0.146176
0.01253 -0.00816297 -0.1463
0.0129247 -0.00892532 -0.1463
0.013282 -0.00967547 -0.146171
0.0135703 -0.0104267 -0.145941
0.0137586 -0.0111486 -0.145635
0.013852 -0.0118414 -0.145274
0.0138558 -0.0124662 -0.144848
0.0137608 -0.0130345 -0.14436
0.0136296 -0.0136069 -0.143823
0.0134426 -0.014179 -0.143254
0.0132189 -0.0148065 -0.142668
0.0129115 -0.0154422 -0.14206
0.0126795 -0.0161846 -0.141421
0.0123556 -0.0168577 -0.140739
0.0119463 -0.0174914 -0.140022
0.0114812 -0.0181064 -0.139273
0.0109589 -0.0186968 -0.138493
0.0102191 -0.0191651 -0.137691
0.00948038 -0.0196451 -0.136873
0.00875886 -0.0201608 -0.136044
0.0080682 -0.020644 -0.135219
0.00740429 -0.0210473 -0.134406
0.00677815 -0.0213476 -0.133601
0.00616916 -0.021557 -0.132818
0.00558138 -0.0216874 -0.132025
0.00498418 -0.0217232 -0.131232
0.00440766 -0.0216991 -0.130469
0.00387607 -0.0215988 -0.129717
0.00338076 -0.0214716 -0.129016
0.0029583 -0.0213128 -0.12838
0.00262704 -0.0210782 -0.127811
0.00241623 -0.0207839 -0.127319
0.0023291 -0.0204415 -0.126924
0.00236798 -0.0200954 -0.12666
0.00250799 -0.0197814 -0.126518
0.002698 -0.0194969 -0.126469
0.00294767 -0.0192365 -0.126505
0.00324885 -0.0189824 -0.126622
0.00358027 -0.0187419 -0.126846
0.00392659 -0.0185318 -0.127144
0.00429306 -0.0183237 -0.127495
0.00466468 -0.0181148 -0.127894
0.00502026 -0.0179068 -0.128351
0.00534654 -0.0177345 -0.128845
0.00563486 -0.0175999 -0.129372
0.00588983 -0.0175016 -0.1299
0.0060749 -0.0174669 -0.130416
0.0061687 -0.0175026 -0.130936
0.00617565 -0.0175835 -0.131452
0.00610779 -0.0176717 -0.131981
0.00596714 -0.017699 -0.132499
0.0057724 -0.0176759 -0.133007
0.00552044 -0.0176144 -0.133485
0.00522397 -0.0175115 -0.133928
0.00488127 -0.0174134 -0.13434
0.00449547 -0.0172981 -0.134735
0.00407409 -0.0172088 -0.135105
0.00362952 -0.0171329 -0.135438
0.0031765 -0.0170413 -0.135758
0.00272499 -0.016928 -0.13605
0.00227554 -0.016753 -0.136283
0.0018253 -0.0165215 -0.136469
0.0014103 -0.0162379 -0.136609
0.00100859 -0.0159394 -0.136699
0.000642295 -0.0156481 -0.136732
0.000309126 -0.0153754 -0.136719
2.57648e-05 -0.01512 -0.13665
-0.000237228 -0.0148993 -0.136549
-0.00046428 -0.0147069 -0.136427
-0.000628276 -0.0145018 -0.136265
-0.000737559 -0.0143214 -0.136084
-0.000792762 -0.0141585 -0.135923
-0.000799686 -0.0140059 -0.135749
-0.000765855 -0.0138383 -0.135552
-0.000699237 -0.0136733 -0.135347
-0.000627429 -0.0135344 -0.135127
-0.000521312 -0.0134195 -0.134889
-0.000385787 -0.0133028 -0.134639
-0.000211603 -0.0131284 -0.134383
-1.50951e-05 -0.01289 -0.134136
0.000196262 -0.0125834 -0.133886
0.000421124 -0.0122283 -0.133629
0.000647077 -0.0118631 -0.133376
0.000890107 -0.0115208 -0.133128
0.00114227 -0.0112163 -0.13286
0.00141813 -0.01094 -0.132594
0.00167675 -0.0107055 -0.132351
0.00191433 -0.0104973 -0.13212
0.00211905 -0.0103083 -0.131891
0.00230093 -0.0101237 -0.131645
0.00243436 -0.00989735 -0.131399
0.00251587 -0.00968046 -0.131166
0.00256242 -0.00950715 -0.130962
0.00257552 -0.00937868 -0.130795
0.00256509 -0.00927655 -0.130662
0.00248882 -0.00916083 -0.130555
0.00237783 -0.00902145 -0.130479
0.00225165 -0.00884517 -0.130442
0.00213598 -0.00862217 -0.13042
0.00202076 -0.00836581 -0.130409
0.00191463 -0.0080941 -0.130413
0.00185368 -0.00780811 -0.130429
0.00180577 -0.00750532 -0.130464
0.00177792 -0.007164 -0.130528
0.00177026 -0.00676611 -0.130626
0.00177558 -0.00631877 -0.130776
0.0017858 -0.00584946 -0.130962
0.00181495 -0.00533994 -0.131194
0.00186158 -0.00479748 -0.131486
0.00190628 -0.0042226 -0.131835
0.00197011 -0.00362475 -0.132244
0.00212577 -0.0030337 -0.132671
0.00244996 -0.00239379 -0.133129
0.00281505 -0.00176268 -0.133594
0.00316583 -0.00105012 -0.134064
0.00343816 -0.000260774 -0.134562
0.00352824 0.000563753 -0.135079
0.00336819 0.00135556 -0.135611
0.00293947 0.00199599 -0.136101
0.0022603 0.00237045 -0.13652
0.00135733 0.00241482 -0.136832
0.000282129 0.00215999 -0.137022
-0.00088938 0.00163085 -0.137096
-0.00211448 0.000859776 -0.137058
-0.00330305 -0.000106761 -0.136918
-0.00439915 -0.00121415 -0.136728
-0.00546161 -0.0023978 -0.136531
-0.00620775 -0.0035931 -0.136362
-0.00674505 -0.00478542 -0.136192
-0.00708162 -0.00593938 -0.13602
-0.00725617 -0.00705127 -0.135853
-0.00730872 -0.00806229 -0.135687
-0.00725607 -0.0089291 -0.135528
-0.00710855 -0.00956736 -0.135364
-0.006823 -0.00986937 -0.135193
-0.00655414 -0.0100209 -0.135008
-0.006052 -0.00971763 -0.134838
-0.00513882 -0.00882549 -0.134674
-0.00400482 -0.00763013 -0.13453
-0.00266444 -0.00607396 -0.134428
-0.00115357 -0.00426471 -0.134339
0.000420765 -0.00235204 -0.134259
0.00190696 -0.000521618 -0.134171
0.00318772 0.00119282 -0.134052
0.00421048 0.00273151 -0.133873
0.00498341 0.00405694 -0.133634
0.00550344 0.00512585 -0.133363
0.00577546 0.0059486 -0.133096
0.00583294 0.00653688 -0.132809
0.00574482 0.00688461 -0.132498
0.00554662 0.0070318 -0.132186
0.00529058 0.00696954 -0.13188
0.00499475 0.00671193 -0.131546
0.00463917 0.00629779 -0.131211
0.00420062 0.00576213 -0.13085
0.00370505 0.0051644 -0.130445
0.0031386 0.00451477 -0.130041
0.00256231 0.00386809 -0.129654
0.00201303 0.00319811 -0.129306
0.00153324 0.00250334 -0.128977
0.00111214 0.00178381 -0.12869
0.00070012 0.00103409 -0.128431
0.000306691 0.000283928 -0.128206
-5.02359e-05 -0.000423575 -0.127998
-0.000376018 -0.00112896 -0.127801
-0.000680161 -0.00181482 -0.127623
-0.00093542 -0.00249866 -0.127447
-0.00112443 -0.00318034 -0.127289
-0.00121941 -0.00391559 -0.127158
-0.00120442 -0.00467846 -0.127035
-0.00106723 -0.00550408 -0.126914
-0.000818364 -0.00638169 -0.126795
-0.000500376 -0.00729306 -0.126672
-0.000147007 -0.00821105 -0.126567
0.000205899 -0.00915567 -0.126499
0.000510616 -0.0101006 -0.12648
0.00079409 -0.0110823 -0.126509
0.0010537 -0.0120825 -0.126603
0.00128802 -0.0131091 -0.126803
0.00153105 -0.0140826 -0.127074
0.00177461 -0.0150494 -0.127431
0.00204051 -0.0159138 -0.127862
0.00233339 -0.0166739 -0.128367
0.00265414 -0.0173297 -0.128934
0.00299782 -0.0179012 -0.129542
0.00331611 -0.0183812 -0.130191
0.00358798 -0.0187969 -0.130851
0.0038124 -0.019148 -0.131495
0.00398085 -0.0194291 -0.132133
0.00404601 -0.0196226 -0.132754
0.00406923 -0.0197223 -0.133354
0.00399154 -0.0197327 -0.133914
0.00386833 -0.0196644 -0.134425
0.00370242 -0.0195118 -0.134886
0.00346871 -0.0193278 -0.135301
0.00316702 -0.0191386 -0.135658
0.00280291 -0.0189454 -0.135926
0.00240528 -0.0187085 -0.136113
0.00192192 -0.0184378 -0.136215
0.00140434 -0.0181681 -0.136227
0.000909242 -0.0179115 -0.136142
0.000427802 -0.01769 -0.135975
-7.10164e-05 -0.0175289 -0.135742
-0.000561279 -0.0174094 -0.135474
-0.00101001 -0.0173234 -0.135177
-0.00142697 -0.0172563 -0.134869
-0.00177139 -0.0172198 -0.134551
-0.00208973 -0.0172128 -0.134212
-0.00232257 -0.0172651 -0.133864
-0.00247047 -0.0173662 -0.13352
-0.00256754 -0.0175286 -0.133201
-0.00261784 -0.0177288 -0.132911
-0.00259607 -0.017932 -0.132625
-0.00250593 -0.0181047 -0.132344
-0.00236968 -0.0182626 -0.132059
-0.00216723 -0.0184105 -0.131786
-0.00196577 -0.0185603 -0.131508
-0.00173364 -0.0187273 -0.131228
-0.00144594 -0.0188618 -0.130931
-0.00115473 -0.0190067 -0.130654
-0.000811354 -0.0191985 -0.130408
-0.000475048 -0.0193962 -0.130203
-8.19571e-05 -0.0195722 -0.130015
0.000331412 -0.0197466 -0.129853
0.000763106 -0.0199715 -0.129724
0.00119106 -0.0202318 -0.129626
0.0016627 -0.0205295 -0.12955
0.00211228 -0.020839 -0.129521
0.00259573 -0.0211631 -0.129551
0.00305745 -0.0215136 -0.129615
0.00356685 -0.0218605 -0.129715
0.00402266 -0.022209 -0.129846
0.00446955 -0.0225821 -0.130006
0.00488459 -0.0229716 -0.13018
0.00529593 -0.0233394 -0.130367
0.00564552 -0.0237408 -0.130554
0.00596956 -0.0241847 -0.130725
0.00625428 -0.0246448 -0.130868
0.00649209 -0.0250929 -0.130966
0.00670853 -0.0254682 -0.131028
0.00687215 -0.0257608 -0.131058
0.00700497 -0.0259995 -0.131062
0.00709266 -0.0262287 -0.131047
0.00714432 -0.0264909 -0.131007
0.00714855 -0.0267936 -0.130965
0.00712021 -0.0271308 -0.130939
0.00705488 -0.0274724 -0.130926
0.00697131 -0.0277773 -0.130906
0.00683266 -0.0280253 -0.130906
0.00674668 -0.0282173 -0.130908
0.00664825 -0.0283896 -0.13089
0.00659171 -0.0285699 -0.130828
0.0065611 -0.0287727 -0.130746
0.00661419 -0.0289787 -0.130641
0.00669709 -0.029165 -0.13054
0.00683934 -0.029335 -0.130456
0.00698919 -0.0294821 -0.130366
0.00721437 -0.0295768 -0.13028
0.00746653 -0.0296371 -0.130197
0.00773869 -0.0297047 -0.130127
0.00801567 -0.0297663 -0.130062
0.00828612 -0.0298234 -0.130022
0.0085617 -0.02987 -0.129971
0.00885489 -0.0298871 -0.129922
0.00917122 -0.029879 -0.129832
0.00943042 -0.029828 -0.129692
0.00970752 -0.0297434 -0.129504
0.00989269 -0.029634 -0.129264
0.010085 -0.0295422 -0.128985
0.0101004 -0.0292843 -0.128656
0.0101197 -0.0289982 -0.128295
0.0100899 -0.0286458 -0.127906
0.0100927 -0.0282194 -0.127491
0.010074 -0.0277217 -0.12704
0.0100905 -0.0271931 -0.126593
0.0101719 -0.0266907 -0.126176
0.0103361 -0.0262195 -0.12581
0.0106354 -0.0258436 -0.125461
0.0110785 -0.0256289 -0.125147
0.0116717 -0.0255798 -0.124878
0.0123604 -0.0256565 -0.124677
0.0131884 -0.0258723 -0.124552
0.0140742 -0.0261944 -0.124511
0.0150091 -0.0266385 -0.124536
0.0159427 -0.0272128 -0.12462
0.0170039 -0.0279583 -0.124764
0.0179507 -0.0287826 -0.124974
0.0188217 -0.029631 -0.125235
0.0194204 -0.0303853 -0.125533
0.0199073 -0.0310433 -0.125861
0.0202495 -0.0316354 -0.126211
0.0204876 -0.0321142 -0.126595
0.0205734 -0.0323935 -0.126994
0.0204967 -0.0323911 -0.127394
0.0202001 -0.0321214 -0.1278
0.0197159 -0.031558 -0.128197
0.0190281 -0.0306721 -0.128582
0.0182567 -0.0296273 -0.128948
0.0172962 -0.028258 -0.129294
0.0161995 -0.026633 -0.129604
0.0149821 -0.0248446 -0.129905
0.0136842 -0.022983 -0.130191
0.0123727 -0.0211345 -0.130492
0.011091 -0.0192892 -0.130837
0.00982701 -0.0174242 -0.13119
0.00862345 -0.0155508 -0.131573
0.00792016 -0.0142752 -0.131994
0.00737581 -0.0132737 -0.132426
0.00663007 -0.0120661 -0.132832
0.00605171 -0.0111809 -0.133175
0.00572052 -0.0106343 -0.13347
0.00559035 -0.0104642 -0.13374
0.00564968 -0.0105894 -0.133995
0.00588977 -0.0108999 -0.134233
0.00626736 -0.0112634 -0.134473
0.00668552 -0.0115946 -0.134712
0.00710455 -0.0119499 -0.134918
0.00752945 -0.012386 -0.13509
0.00796143 -0.0129618 -0.135198
0.00837808 -0.0135953 -0.135243
0.0088424 -0.0142384 -0.135217
0.00933276 -0.0148553 -0.135134
0.00982453 -0.0154394 -0.134988
0.0103178 -0.0160618 -0.13476
0.0108135 -0.0166836 -0.134472
0.0112575 -0.0173393 -0.134151
0.0115978 -0.0180491 -0.133832
0.0118307 -0.018802 -0.133529
0.0119701 -0.0196183 -0.133253
0.0120318 -0.0204458 -0.132992
0.0120235 -0.0212904 -0.132755
0.0120936 -0.022291 -0.132507
0.0119632 -0.0231235 -0.132242
0.011758 -0.0239374 -0.131958
0.0115078 -0.0248126 -0.131632
0.0112129 -0.0257567 -0.13127
0.0108636 -0.0267709 -0.130857
0.0104496 -0.0278384 -0.130404
0.00996504 -0.0289281 -0.129946
0.00944782 -0.0299932 -0.129488
0.00890543 -0.0309701 -0.129022
0.00835833 -0.0318644 -0.128539
0.00781323 -0.0326347 -0.128008
0.00727824 -0.0332909 -0.127441
0.00675895 -0.0338277 -0.12683
0.00627478 -0.0342744 -0.12619
0.00585401 -0.0346577 -0.1255
0.00547487 -0.0349349 -0.124811
0.0051543 -0.0350942 -0.124135
0.00487507 -0.0351191 -0.123472
0.00466182 -0.035026 -0.122843
0.00452506 -0.0348448 -0.122258
0.00445865 -0.0346032 -0.121734
0.00447195 -0.0343411 -0.121299
0.00458489 -0.0340369 -0.120965
0.00477409 -0.0337688 -0.120707
0.00504477 -0.0335302 -0.120535
0.00538516 -0.033303 -0.120452
0.00578196 -0.033075 -0.120452
0.00621514 -0.0328456 -0.120553
0.00664711 -0.0326457 -0.120734
0.00708835 -0.032501 -0.120987
0.007519 -0.0324182 -0.12129
0.00794486 -0.0324315 -0.121634
0.00834202 -0.0324915 -0.122025
0.00872481 -0.0326244 -0.122438
0.00908229 -0.0328024 -0.122874
0.00939685 -0.0330407 -0.123329
0.00965714 -0.0333451 -0.123813
0.00985821 -0.0336668 -0.124312
0.00998592 -0.0340113 -0.124822
0.0100373 -0.0343598 -0.125358
0.010003 -0.0347147 -0.125916
0.00990937 -0.0350605 -0.126481
0.00976787 -0.0354098 -0.12704
0.0095824 -0.0357837 -0.127595
0.00936518 -0.0361541 -0.128162
0.00911487 -0.0365435 -0.128729
0.00882193 -0.0369245 -0.129282
0.00851777 -0.037284 -0.129814
0.00819766 -0.0375732 -0.13032
0.00786052 -0.0378366 -0.130792
0.0075057 -0.0380853 -0.131218
0.00716045 -0.0383054 -0.131568
0.0068186 -0.038495 -0.131862
0.00650169 -0.0386475 -0.132103
0.00618725 -0.0388426 -0.13229
0.00590721 -0.0390534 -0.132426
0.00565613 -0.0392571 -0.132495
0.00542664 -0.0394298 -0.132513
0.00519744 -0.0395741 -0.132522
0.00496081 -0.0397294 -0.132496
0.00472166 -0.0398698 -0.132425
0.0045028 -0.0399957 -0.132337
0.00427441 -0.0401006 -0.132235
0.00408475 -0.040175 -0.132136
0.00393657 -0.0402674 -0.132028
0.00385346 -0.040333 -0.131906
0.0038398 -0.0403466 -0.131764
0.0038977 -0.0402937 -0.13159
0.00401586 -0.0401555 -0.131398
0.00418011 -0.0399565 -0.131186
0.00437387 -0.0397225 -0.130937
0.00455413 -0.0395188 -0.130662
0.00473487 -0.0393651 -0.130374
0.00489782 -0.0392927 -0.1301
0.00506499 -0.0392575 -0.129841
0.00520535 -0.0392337 -0.129596
0.00533808 -0.0392045 -0.129379
0.00546411 -0.0391691 -0.129164
0.00558267 -0.0391371 -0.128934
0.00570609 -0.0390891 -0.128674
0.00581815 -0.0390769 -0.128397
0.00592848 -0.0390934 -0.128082
0.00600784 -0.03916 -0.127744
0.00604078 -0.0392685 -0.127394
0.00599841 -0.0393876 -0.127046
0.0058894 -0.0394967 -0.126717
0.0057379 -0.0395191 -0.12643
0.00555311 -0.0394711 -0.126167
0.00535014 -0.0393626 -0.125921
0.0051699 -0.0392331 -0.125688
0.0050603 -0.0391031 -0.125467
0.00498758 -0.0389499 -0.125244
0.00494101 -0.03875 -0.12501
0.0049068 -0.0384812 -0.12477
0.00485762 -0.0381455 -0.124548
0.00479377 -0.0377535 -0.124368
0.00470123 -0.0373157 -0.124246
0.00460596 -0.0368317 -0.124183
0.00449701 -0.0363026 -0.124176
0.00440786 -0.0357454 -0.124217
0.00436569 -0.0351644 -0.124302
0.00435961 -0.0345851 -0.124425
0.00442386 -0.034001 -0.124585
0.00452571 -0.0334106 -0.124787
0.00468518 -0.0328286 -0.125026
0.00496255 -0.0321476 -0.125314
0.00524332 -0.0314555 -0.125628
0.00539661 -0.0308436 -0.125959
0.00548707 -0.0303713 -0.126292
