%roll pitch yaw
0.0169125 0.000258285 -0.338796
0.0172384 -0.000288282 -0.338755
0.0175719 -0.000769336 -0.338634
0.0179127 -0.0012493 -0.338438
0.0182391 -0.00174787 -0.3382
0.0185509 -0.00226377 -0.337912
0.0187985 -0.00281469 -0.337578
0.0189824 -0.00338966 -0.337238
0.0190995 -0.00396657 -0.33691
0.0191386 -0.00455955 -0.336583
0.019108 -0.00513171 -0.336253
0.0190039 -0.00570517 -0.335888
0.0188789 -0.00629493 -0.335504
0.0187425 -0.006933 -0.335091
0.0185869 -0.0076461 -0.334629
0.0184208 -0.00845877 -0.334166
0.0182119 -0.00935402 -0.333711
0.0179706 -0.0102555 -0.333237
0.0176775 -0.0111414 -0.33275
0.0173469 -0.0120159 -0.332262
0.0169829 -0.0128732 -0.331771
0.0166448 -0.013721 -0.33129
0.0163448 -0.0145293 -0.330828
0.016064 -0.0152754 -0.330372
0.0158393 -0.0159646 -0.329892
0.0156586 -0.0165556 -0.329415
0.0154944 -0.0170623 -0.328937
0.0153422 -0.0174999 -0.328479
0.0152349 -0.0178616 -0.328006
0.0151493 -0.0181601 -0.327552
0.0150878 -0.018387 -0.327127
0.0150675 -0.0185724 -0.326752
0.0150868 -0.0186977 -0.326452
0.0151617 -0.0187766 -0.326236
0.0152981 -0.0187716 -0.326094
0.0155119 -0.0187374 -0.326033
0.0157918 -0.0186971 -0.32605
0.0161267 -0.0186565 -0.326115
0.0165177 -0.0186109 -0.326244
0.0169568 -0.0185843 -0.326438
0.0174264 -0.0185875 -0.326684
0.0179067 -0.0186368 -0.326974
0.018394 -0.0186863 -0.327314
0.0188773 -0.0187554 -0.327712
0.0193313 -0.0188475 -0.328149
0.0197462 -0.0189322 -0.328602
0.0201339 -0.0190129 -0.329058
0.0204808 -0.019078 -0.329503
0.0207817 -0.0191696 -0.329943
0.0210369 -0.0193224 -0.330398
0.0212313 -0.0195136 -0.33084
0.0213837 -0.0197133 -0.331262
0.0214782 -0.0199034 -0.331682
0.0215068 -0.0201076 -0.332093
0.0214998 -0.0203007 -0.332482
0.0214536 -0.0204742 -0.332844
0.0213505 -0.0206428 -0.333195
0.0212234 -0.0207959 -0.33353
0.0210648 -0.0209451 -0.333851
0.0209137 -0.0210841 -0.334149
0.0207772 -0.0212058 -0.334412
0.0206131 -0.0213639 -0.334644
0.0204534 -0.021549 -0.334829
0.0203003 -0.0217199 -0.334955
0.0201503 -0.0218944 -0.335037
0.0199813 -0.0220837 -0.335086
0.0197854 -0.0222938 -0.335117
0.0195997 -0.0225159 -0.335125
0.0194324 -0.0227287 -0.335099
0.0192722 -0.0229365 -0.335031
0.0191581 -0.0231581 -0.334927
0.0191038 -0.0234193 -0.334787
0.0190786 -0.0237334 -0.334626
0.0190694 -0.0241125 -0.334434
0.0190866 -0.0245431 -0.33422
0.0191181 -0.0249573 -0.333991
0.0191663 -0.0253571 -0.333778
0.0191736 -0.0256979 -0.333565
0.0191713 -0.0259696 -0.333343
0.0191826 -0.0261994 -0.333107
0.0191993 -0.0263891 -0.332892
0.0192449 -0.0265398 -0.332678
0.0192961 -0.0266653 -0.332462
0.0193917 -0.0267787 -0.332252
0.019509 -0.0268869 -0.332042
0.0196354 -0.0269608 -0.331837
0.0197685 -0.0269975 -0.331614
0.0198553 -0.0270004 -0.331368
0.0199222 -0.0270145 -0.331108
0.0199214 -0.027068 -0.330843
0.0198704 -0.0271631 -0.330606
0.019746 -0.0272639 -0.330398
0.0195573 -0.0273529 -0.330238
0.0193168 -0.0273966 -0.330117
0.0190427 -0.0274277 -0.330002
0.0187638 -0.0274524 -0.329893
0.0184723 -0.0274647 -0.329783
0.0181802 -0.0274901 -0.329662
0.0178816 -0.027531 -0.329515
0.0175546 -0.0275578 -0.329374
0.0171624 -0.027533 -0.329253
0.0167136 -0.0274484 -0.329177
0.0162518 -0.0272907 -0.329162
0.0157758 -0.0271021 -0.329196
0.015327 -0.0269398 -0.329288
0.014937 -0.0267729 -0.329428
0.0146329 -0.0265806 -0.329609
0.0143845 -0.026355 -0.329835
0.0141945 -0.0260712 -0.330063
0.0140558 -0.0257535 -0.330339
0.0139294 -0.025447 -0.330666
0.0137961 -0.025192 -0.331061
0.0136965 -0.0249715 -0.331522
0.0137091 -0.0245777 -0.332056
0.0137626 -0.0241358 -0.332674
0.013863 -0.0236124 -0.333323
0.0139838 -0.023064 -0.334005
0.014125 -0.0225397 -0.334672
0.0141892 -0.0220658 -0.335269
0.0141405 -0.0216802 -0.335785
0.0139725 -0.0214262 -0.336215
0.0136133 -0.0213188 -0.336573
0.013076 -0.0213464 -0.336869
0.0123538 -0.0214892 -0.33709
0.0114759 -0.021746 -0.337259
0.0105227 -0.0220642 -0.337374
0.00952499 -0.0223946 -0.337424
0.00856432 -0.0226933 -0.337427
0.00753492 -0.02312 -0.337381
0.00661378 -0.0235723 -0.337304
0.00585393 -0.0240557 -0.337185
0.00544657 -0.0243242 -0.337008
0.0052058 -0.0244609 -0.336753
0.00511906 -0.0244252 -0.336442
0.00514418 -0.0242178 -0.336088
0.00529401 -0.0237929 -0.335701
0.0055663 -0.0230944 -0.335333
0.00595394 -0.0221301 -0.335009
0.00640102 -0.0209994 -0.334711
0.00701111 -0.019605 -0.334469
0.00774652 -0.0180105 -0.334282
0.00859675 -0.0162906 -0.334118
0.00953856 -0.0144934 -0.333959
0.0105123 -0.0126226 -0.333808
0.011239 -0.0110646 -0.333621
0.0118514 -0.00959813 -0.333363
0.0123336 -0.00826908 -0.333037
0.0126484 -0.00713399 -0.332656
0.0127949 -0.00625278 -0.332219
0.0127913 -0.00570798 -0.331756
0.0129947 -0.00502615 -0.331278
0.013032 -0.00466776 -0.330786
0.0129475 -0.00457075 -0.330303
0.0127598 -0.00471676 -0.329834
0.012261 -0.00539724 -0.329401
0.011732 -0.00618533 -0.328999
0.0113551 -0.00677443 -0.328626
0.0109752 -0.00741997 -0.328296
0.0105936 -0.00814779 -0.327985
0.0102381 -0.00892666 -0.327703
0.00991171 -0.00976068 -0.327461
0.00962062 -0.0106352 -0.327252
0.00938858 -0.0115308 -0.327048
0.00919704 -0.0124359 -0.326862
0.00901156 -0.0133311 -0.326707
0.00884261 -0.0141915 -0.326571
0.00871187 -0.015031 -0.326482
0.00863439 -0.0158346 -0.326458
0.00862166 -0.0166235 -0.3265
0.00869719 -0.0174178 -0.326595
0.00887312 -0.0182179 -0.326729
0.00914022 -0.0190235 -0.326882
0.00937557 -0.0199688 -0.327034
0.00966124 -0.0208887 -0.327187
0.00998201 -0.0217928 -0.327346
0.0103504 -0.0226745 -0.32753
0.0107227 -0.023536 -0.327727
0.0110534 -0.0243658 -0.327956
0.0113705 -0.0251502 -0.328246
0.0118465 -0.0258332 -0.328596
0.0122895 -0.0264841 -0.32901
0.012752 -0.0271021 -0.329512
0.0132377 -0.0276618 -0.330101
0.0137283 -0.0281295 -0.33076
0.0141993 -0.0285457 -0.331492
0.0146805 -0.0289189 -0.332262
0.0151378 -0.0292302 -0.33306
0.0155309 -0.0294591 -0.333861
0.0158955 -0.0295905 -0.334637
0.016225 -0.029642 -0.335396
0.0164898 -0.0296079 -0.336124
0.0167007 -0.0294899 -0.336809
0.0168533 -0.0293052 -0.337452
0.0169248 -0.0290664 -0.338058
0.0169141 -0.0288032 -0.338595
0.0168471 -0.0285174 -0.33907
0.0167113 -0.0282217 -0.339474
0.0164937 -0.0279383 -0.339801
0.0162399 -0.0276404 -0.340052
0.015945 -0.0273349 -0.340219
0.0156029 -0.0270165 -0.340308
0.0152366 -0.0267025 -0.340297
0.0149266 -0.0264259 -0.340221
0.0146274 -0.0261765 -0.340091
0.014375 -0.0259826 -0.339911
0.0141743 -0.0258588 -0.339688
0.0140034 -0.0258014 -0.339439
0.0139104 -0.0257837 -0.339181
0.0139 -0.0258129 -0.338934
0.0139704 -0.025889 -0.338689
0.014095 -0.0259981 -0.338424
0.0143109 -0.0261379 -0.338127
0.0145864 -0.0262813 -0.3378
0.0148983 -0.0264401 -0.33747
0.0152472 -0.0266038 -0.337123
0.015673 -0.0267701 -0.336779
0.0161137 -0.0268911 -0.336417
0.016609 -0.0269767 -0.336059
0.017103 -0.0270394 -0.335708
0.0176386 -0.027064 -0.335375
0.0181924 -0.0270511 -0.33503
0.0187784 -0.0270352 -0.334697
0.0193722 -0.0270894 -0.334371
0.0199437 -0.0271944 -0.334043
0.0205473 -0.0272972 -0.333722
0.0210597 -0.0273835 -0.333412
0.0215497 -0.0274753 -0.333129
0.0220468 -0.0275905 -0.332891
0.022579 -0.0276599 -0.332711
0.0230851 -0.0276729 -0.33258
0.023598 -0.0277222 -0.332483
0.0240973 -0.0278434 -0.332409
0.0245916 -0.028055 -0.332345
0.0250668 -0.028322 -0.332301
0.0255268 -0.0286478 -0.332279
0.0259075 -0.0289899 -0.332276
0.0262776 -0.0293095 -0.332277
0.0266057 -0.029596 -0.332269
0.026876 -0.0298603 -0.332245
0.0271011 -0.030077 -0.3322
0.0272524 -0.0302316 -0.332149
0.0273454 -0.0303866 -0.332096
0.0274018 -0.0305688 -0.332056
0.0273665 -0.030813 -0.332047
0.0272655 -0.0310704 -0.332046
0.0271697 -0.0313047 -0.332053
0.0269941 -0.0315173 -0.332061
0.0268299 -0.0317528 -0.332087
0.0266592 -0.0320437 -0.332099
0.0264815 -0.032362 -0.332115
0.0263356 -0.0326604 -0.332141
0.0262098 -0.0329369 -0.332179
0.0260503 -0.0332526 -0.332242
0.0259133 -0.0336027 -0.332344
0.0257567 -0.0339391 -0.332471
0.0255941 -0.0342404 -0.332619
0.025489 -0.0345305 -0.33278
0.0253693 -0.0348381 -0.332948
0.0253257 -0.0351813 -0.333123
0.0253107 -0.0355032 -0.333293
0.0252693 -0.0357935 -0.333464
0.0252919 -0.0360245 -0.333641
0.0253465 -0.0362093 -0.333822
0.0253989 -0.0363702 -0.333976
0.025486 -0.0365487 -0.3341
0.0254998 -0.0367179 -0.334192
0.0255415 -0.0368129 -0.334262
0.025564 -0.0368274 -0.334337
0.0255671 -0.0367489 -0.334417
0.025563 -0.0366096 -0.334496
0.0255161 -0.0364026 -0.334573
0.0254006 -0.0361903 -0.334631
0.0252641 -0.0359721 -0.334659
0.0250485 -0.0357611 -0.334662
0.0248124 -0.0355137 -0.334621
0.0245785 -0.0352655 -0.334535
0.0243369 -0.03504 -0.33438
0.0241441 -0.0348418 -0.33417
0.0239656 -0.0346881 -0.333936
0.0238545 -0.0345479 -0.333669
0.0237366 -0.0344062 -0.333371
0.0235667 -0.0342615 -0.333064
0.0233919 -0.0341136 -0.332744
0.0231593 -0.0339141 -0.332401
0.0228741 -0.0336253 -0.332043
0.0225741 -0.0333255 -0.331664
0.0222727 -0.0330347 -0.33124
0.0219812 -0.0327997 -0.330784
0.0217426 -0.0325978 -0.330289
0.0215285 -0.0324821 -0.329776
0.021351 -0.0324025 -0.329265
0.0211384 -0.0323362 -0.328778
0.02085 -0.0322699 -0.328311
0.0205044 -0.0321699 -0.327888
0.0199934 -0.0319306 -0.327498
0.0193518 -0.0314955 -0.32713
0.0185488 -0.0308231 -0.326769
0.017556 -0.0298618 -0.326441
0.0163928 -0.0286229 -0.326145
0.0150869 -0.0271802 -0.325866
0.0136846 -0.025601 -0.325674
0.0122992 -0.0239391 -0.325579
0.0109842 -0.0221714 -0.325576
0.00979118 -0.020337 -0.325651
0.00876514 -0.0184775 -0.32577
0.00788922 -0.0166508 -0.325906
0.00686778 -0.0144587 -0.326048
0.0059852 -0.0123687 -0.326196
0.00561771 -0.0110507 -0.326365
0.0053974 -0.0100361 -0.326594
0.00534787 -0.00934584 -0.32689
0.00545348 -0.00894429 -0.327272
0.00530093 -0.00843111 -0.327706
0.00522297 -0.00807669 -0.328192
0.0052196 -0.00781449 -0.328734
0.00525881 -0.00765047 -0.329297
0.00533207 -0.00759158 -0.329859
0.00544881 -0.0076395 -0.330388
0.00584049 -0.0081167 -0.330877
0.00624761 -0.00868351 -0.33133
0.00667669 -0.00934631 -0.331729
0.00690033 -0.00978815 -0.332039
0.00713183 -0.010221 -0.332256
0.00739645 -0.0107161 -0.332382
0.00766256 -0.0113014 -0.332461
0.00789597 -0.0119538 -0.332486
0.00808537 -0.0126535 -0.332461
0.00817424 -0.0133552 -0.332383
0.00810901 -0.0140286 -0.332267
0.00792843 -0.0146638 -0.332148
0.00761866 -0.0153154 -0.332003
0.00721963 -0.0159759 -0.331818
0.00678847 -0.0166905 -0.331598
0.00636694 -0.0174864 -0.331347
0.00592753 -0.0183622 -0.331047
0.00565614 -0.0193698 -0.330693
0.00538699 -0.0203553 -0.330273
0.00506207 -0.0212838 -0.329802
0.00470231 -0.0221623 -0.329273
0.00428521 -0.0230003 -0.328683
0.00361432 -0.0237587 -0.328047
0.00289479 -0.0244823 -0.327376
0.00214007 -0.0251482 -0.326673
0.00141024 -0.0257671 -0.325948
0.000715539 -0.0262756 -0.325215
8.3574e-05 -0.0266536 -0.324469
-0.000496986 -0.0269202 -0.323711
-0.000987727 -0.0270843 -0.322946
-0.00144403 -0.0271577 -0.322162
-0.00184269 -0.0271519 -0.321368
-0.00219781 -0.0270605 -0.320587
-0.0025265 -0.026905 -0.319828
-0.00282747 -0.026651 -0.319133
-0.00306137 -0.0262991 -0.318518
-0.00322408 -0.0258888 -0.317997
-0.00331568 -0.0254653 -0.317597
-0.00333302 -0.0250398 -0.317289
-0.00326819 -0.0246224 -0.317074
-0.00312001 -0.0242152 -0.316941
-0.00291491 -0.0238425 -0.316889
-0.00265242 -0.023513 -0.316929
-0.00233509 -0.023217 -0.317053
-0.00187637 -0.0229289 -0.317256
-0.00141063 -0.0226708 -0.317507
-0.00106796 -0.0224328 -0.317794
-0.000739945 -0.0222152 -0.318127
-0.00042406 -0.0220303 -0.3185
-0.000165306 -0.0219041 -0.31889
4.45176e-05 -0.0218528 -0.319291
0.000205605 -0.0218452 -0.319718
0.000322701 -0.0218642 -0.320169
0.000398938 -0.0218923 -0.320634
0.000418816 -0.0219022 -0.321081
0.000389713 -0.0219148 -0.321544
0.000300844 -0.021911 -0.322011
0.000156542 -0.0218642 -0.322474
-4.40292e-05 -0.0218308 -0.322955
-0.000297623 -0.0218102 -0.323421
-0.000573007 -0.021794 -0.323859
-0.000884842 -0.0217756 -0.324272
-0.00120443 -0.0217522 -0.32464
-0.00152715 -0.0217111 -0.324987
-0.00187383 -0.0216445 -0.325298
-0.00220449 -0.0215362 -0.325558
-0.00253961 -0.021401 -0.325756
-0.00286632 -0.0212304 -0.325912
-0.00317967 -0.0210372 -0.326037
-0.00348945 -0.0208261 -0.326104
-0.0037993 -0.0206385 -0.32613
-0.0041161 -0.0204927 -0.326102
-0.00442692 -0.0203563 -0.326058
-0.00468244 -0.0202424 -0.325977
-0.00491211 -0.0201168 -0.325867
-0.00509903 -0.0199773 -0.32572
-0.00523591 -0.0198142 -0.325538
-0.00532328 -0.0196354 -0.325345
-0.005358 -0.019429 -0.325149
-0.00533861 -0.0191979 -0.324924
-0.005256 -0.0189272 -0.324675
-0.00509782 -0.0186192 -0.324415
-0.00491359 -0.0182563 -0.324163
-0.00466635 -0.0178486 -0.32392
-0.00437711 -0.0174248 -0.323676
-0.00405555 -0.0169992 -0.323406
-0.00368965 -0.016584 -0.323126
-0.00330595 -0.0161805 -0.322818
-0.00288489 -0.0157992 -0.322489
-0.00246233 -0.0154179 -0.32216
-0.00203921 -0.0150543 -0.321845
-0.00162772 -0.0147274 -0.321562
-0.00124104 -0.0144173 -0.321316
-0.000866987 -0.014124 -0.3211
-0.000552674 -0.0138505 -0.320925
-0.000277027 -0.0135932 -0.320776
-2.81403e-05 -0.0133649 -0.320647
0.000194022 -0.0131713 -0.320517
0.000410289 -0.0130239 -0.320389
0.000590765 -0.0129009 -0.320249
0.000763533 -0.0127592 -0.320103
0.000939273 -0.0125726 -0.319958
0.00108138 -0.0123268 -0.319799
0.00120175 -0.0120674 -0.319646
0.00131 -0.0117908 -0.319531
0.0014208 -0.0115196 -0.319439
0.00148433 -0.0112532 -0.319393
0.00155924 -0.010929 -0.319419
0.00162767 -0.010557 -0.319495
0.00168458 -0.0101555 -0.319609
0.00177197 -0.00974917 -0.319763
0.00189239 -0.00932425 -0.319945
0.00203862 -0.00886454 -0.320154
0.00222821 -0.00837836 -0.320356
0.00246897 -0.00787982 -0.32055
0.00273223 -0.00738781 -0.320764
0.00299074 -0.00691198 -0.320973
0.00326604 -0.00641786 -0.321217
0.00361634 -0.00579378 -0.321522
0.00398626 -0.00513636 -0.321887
0.00430911 -0.00447264 -0.32229
0.00455209 -0.00384464 -0.322706
0.00463921 -0.00329563 -0.323115
0.00455613 -0.00273881 -0.323497
0.00432071 -0.00245904 -0.323793
0.00391747 -0.00235616 -0.323993
0.00337199 -0.00242865 -0.324092
0.0027174 -0.00264655 -0.324084
0.00205244 -0.00297779 -0.32399
0.00141555 -0.0033701 -0.323868
0.000873048 -0.00376792 -0.323712
0.000371343 -0.00415181 -0.323584
2.9323e-06 -0.00448075 -0.323504
-0.00014863 -0.00478201 -0.323435
-0.000191924 -0.00508475 -0.323385
-0.000130605 -0.00530082 -0.323333
4.32399e-06 -0.00537888 -0.323248
0.000236122 -0.00528395 -0.323111
0.000448598 -0.00508489 -0.322923
0.00079923 -0.00463471 -0.322669
0.00131762 -0.0038646 -0.32237
0.00203806 -0.0027749 -0.322059
0.00292678 -0.00140408 -0.321776
0.00392003 0.000122824 -0.321534
0.00497307 0.00166921 -0.321331
0.00603827 0.00313705 -0.321177
0.00702252 0.00443184 -0.321031
0.00788404 0.00551146 -0.320864
0.00861577 0.00642814 -0.320662
0.009253 0.00718949 -0.320417
0.00979954 0.00780596 -0.320127
0.010237 0.0082929 -0.319812
0.0105809 0.00863535 -0.319475
0.0108379 0.00883493 -0.319154
0.0109904 0.00882853 -0.318823
0.0110438 0.00865844 -0.318486
0.0110205 0.00833348 -0.318167
0.0109419 0.00786488 -0.317822
0.0108192 0.00729362 -0.317447
0.0106578 0.00669364 -0.317054
0.0104802 0.00613416 -0.31666
0.0103221 0.00563096 -0.316292
0.0101926 0.00520274 -0.315967
0.0100964 0.0048387 -0.315706
0.0100169 0.00448368 -0.315518
0.00997784 0.00413121 -0.315387
0.0100031 0.00377788 -0.315301
0.0100879 0.00342457 -0.315251
0.0102535 0.00309673 -0.315213
0.0105181 0.00277049 -0.315171
0.010891 0.00241768 -0.315121
0.0113429 0.00207889 -0.315076
0.0118456 0.00174114 -0.315045
0.0123871 0.00139832 -0.315028
0.0129328 0.000997308 -0.31505
0.0134654 0.000538278 -0.315131
0.0139973 4.82446e-06 -0.315263
0.0145413 -0.000552629 -0.315445
0.0150743 -0.00112515 -0.315677
0.0156053 -0.00169868 -0.315959
0.0161537 -0.00228087 -0.316276
0.016746 -0.00285925 -0.31665
0.0173542 -0.00340498 -0.317044
0.0179252 -0.00392027 -0.317481
0.0184494 -0.00439042 -0.31796
0.0189293 -0.00480535 -0.318483
0.019362 -0.00515287 -0.319059
0.019757 -0.00543336 -0.319683
0.0201294 -0.00562746 -0.320332
0.0204438 -0.00576706 -0.32102
0.0207304 -0.00585048 -0.321729
0.0210167 -0.00589109 -0.32244
0.0212856 -0.00586749 -0.32315
0.0215235 -0.00576577 -0.323841
0.0217379 -0.00556227 -0.324512
0.0219224 -0.00527115 -0.325137
0.0220573 -0.00493144 -0.325709
0.0221363 -0.0045683 -0.32621
0.0221668 -0.00415557 -0.326634
0.0221587 -0.00373062 -0.326993
0.0221024 -0.00331382 -0.327319
0.0220147 -0.00290147 -0.327577
0.0218836 -0.00245905 -0.32776
0.021719 -0.00201959 -0.327873
0.0215611 -0.00158207 -0.327936
0.0214316 -0.00116443 -0.327946
0.0212933 -0.000818203 -0.327901
0.0211748 -0.000532473 -0.327811
0.0211291 -0.000285779 -0.327675
0.0211299 -5.86559e-05 -0.327511
0.0211826 0.000159775 -0.327341
0.0213241 0.000355426 -0.327144
0.0215439 0.000515601 -0.326935
0.0218201 0.000668026 -0.326705
0.0221388 0.000807027 -0.326463
0.0224774 0.000953878 -0.326218
0.0228675 0.00109095 -0.325952
0.023291 0.00121927 -0.325686
0.0237231 0.00133606 -0.325429
0.02419 0.00144755 -0.325161
0.0246836 0.00156148 -0.324884
0.0251978 0.0016816 -0.324616
0.0257527 0.00180319 -0.324361
0.0263159 0.00190783 -0.324116
0.0268559 0.00201771 -0.323856
0.0273943 0.00209737 -0.323612
0.0279454 0.00212211 -0.32339
0.0284923 0.00211729 -0.323198
0.028963 0.00210777 -0.323042
0.0293682 0.00209929 -0.322912
0.0297995 0.00203883 -0.322834
0.0302208 0.001928 -0.322787
0.0305861 0.00179282 -0.322771
0.0309324 0.00167338 -0.322776
0.0312487 0.00153903 -0.322785
0.0316079 0.00137793 -0.322811
0.0319408 0.0012084 -0.322836
0.0322108 0.00097644 -0.322868
0.0324535 0.000686843 -0.322893
0.0326853 0.000352145 -0.322926
0.0328995 -1.49544e-06 -0.322959
0.0330525 -0.000333326 -0.322986
0.0331618 -0.000623562 -0.323012
0.0332516 -0.000927443 -0.323034
0.0333286 -0.00119295 -0.323044
0.0333989 -0.00146507 -0.323055
0.0334024 -0.00171814 -0.323077
0.0334165 -0.00195046 -0.323112
0.0333949 -0.00223222 -0.32317
0.0333663 -0.00254531 -0.323233
0.03334 -0.00286797 -0.323284
0.033278 -0.0031744 -0.323338
0.033229 -0.00347869 -0.323409
0.0331912 -0.00374285 -0.323479
0.0331447 -0.00395676 -0.323555
0.0331708 -0.00418772 -0.323652
0.0331313 -0.00446775 -0.32375
0.0331173 -0.00473554 -0.323843
0.033121 -0.00497486 -0.323942
0.0330947 -0.00521827 -0.324055
0.0330806 -0.00547387 -0.324161
0.0331198 -0.00574873 -0.324273
0.03314 -0.00602917 -0.324375
0.0331661 -0.00628947 -0.324459
0.0332234 -0.00654962 -0.324537
0.0332933 -0.00678382 -0.324604
0.033376 -0.00701607 -0.324648
0.033391 -0.00723871 -0.324673
0.0333909 -0.00744046 -0.324671
0.0333556 -0.00759921 -0.324627
0.0332656 -0.00770198 -0.324552
0.0331512 -0.00776966 -0.324468
0.0329796 -0.00781973 -0.324357
0.032747 -0.00786226 -0.32423
0.0324877 -0.00792231 -0.324071
0.0321949 -0.00793708 -0.323862
0.0318819 -0.00792823 -0.323633
0.0316785 -0.00792442 -0.323376
0.0315027 -0.0079333 -0.323084
0.0313657 -0.00792537 -0.322759
0.0313261 -0.00791509 -0.322412
0.0313658 -0.00793185 -0.322064
0.0315719 -0.0080455 -0.321695
0.0318483 -0.00830443 -0.321346
0.032218 -0.00868929 -0.321038
0.0326963 -0.00917076 -0.320772
0.0332261 -0.00965425 -0.320576
0.0337587 -0.0101457 -0.320441
0.0343286 -0.0106604 -0.320365
0.0348104 -0.0111586 -0.320338
0.0352184 -0.0116543 -0.320327
0.0355444 -0.0121755 -0.320317
0.035744 -0.0126671 -0.32032
0.0358464 -0.0130681 -0.320315
0.0358027 -0.0133571 -0.320307
0.0356787 -0.0135032 -0.320313
0.0352287 -0.0131931 -0.320331
0.0346564 -0.0126538 -0.320353
0.0339659 -0.0118436 -0.32039
0.0331567 -0.0107117 -0.320445
0.0322071 -0.00933256 -0.320494
0.0311832 -0.00776692 -0.320549
0.0301016 -0.00607123 -0.320607
0.0288785 -0.0041448 -0.320681
0.0276467 -0.00209264 -0.320792
0.0264397 -3.89368e-05 -0.320938
0.0255563 0.00158783 -0.321154
0.0248213 0.00303369 -0.321408
0.024213 0.00428282 -0.321704
0.0237653 0.00532431 -0.322013
0.0234065 0.0061493 -0.322334
0.0231922 0.00671824 -0.322671
0.0231398 0.00703746 -0.323001
0.022883 0.00750272 -0.323342
0.0228704 0.00775617 -0.323681
0.0230851 0.00778351 -0.324043
0.0238237 0.00736574 -0.324442
0.024664 0.00687147 -0.324851
0.0255549 0.00635861 -0.325244
0.026177 0.00602185 -0.325572
0.0270804 0.00536915 -0.32584
0.0279403 0.00466853 -0.326009
0.0287637 0.00397575 -0.326072
0.029297 0.00348548 -0.326041
0.0297668 0.00301344 -0.325923
0.0301692 0.00253433 -0.325717
0.0305458 0.00207308 -0.325436
0.0310723 0.0014694 -0.325129
0.0314334 0.000971958 -0.324794
0.031774 0.000410947 -0.324449
0.0320673 -0.000155999 -0.324096
0.0322754 -0.000701207 -0.323743
0.0323685 -0.00120764 -0.32338
0.0322991 -0.00172672 -0.323017
0.0320909 -0.00226138 -0.322622
0.031761 -0.00285544 -0.322193
0.0313713 -0.00349889 -0.321767
0.0309545 -0.00417721 -0.321344
0.0305472 -0.00489703 -0.320918
0.0302152 -0.00563839 -0.3205
0.0299158 -0.00639452 -0.320084
0.0296357 -0.0071562 -0.31968
0.0293605 -0.00786892 -0.319258
0.0290776 -0.00851895 -0.318812
0.0287557 -0.0091128 -0.318351
0.0283937 -0.00965697 -0.317857
0.0280521 -0.010128 -0.317324
0.0277157 -0.0104963 -0.316767
0.0274254 -0.0107653 -0.316208
0.0271933 -0.0109918 -0.315663
0.0270605 -0.0111868 -0.315151
0.0270169 -0.0113289 -0.314671
0.0270595 -0.0114163 -0.314225
0.0271859 -0.0114423 -0.313841
0.027368 -0.0113889 -0.31352
0.0275712 -0.0112674 -0.313266
0.0278153 -0.0110753 -0.313062
0.0280932 -0.0108596 -0.312926
0.0283753 -0.0106531 -0.312864
0.0286939 -0.0104575 -0.312884
0.0290718 -0.0102717 -0.31298
0.0295243 -0.010096 -0.31316
0.0300397 -0.00994886 -0.313401
0.0306095 -0.00983757 -0.313715
0.0312314 -0.00975395 -0.314088
0.0318476 -0.00967715 -0.314495
0.0324264 -0.00962583 -0.31492
0.0329555 -0.00959582 -0.315344
0.0334523 -0.00959927 -0.315779
0.0338867 -0.00962989 -0.31622
0.0342281 -0.00969456 -0.316661
0.0344976 -0.00980757 -0.317102
0.0347048 -0.00994512 -0.317536
0.0348667 -0.0101032 -0.317943
0.0349846 -0.0102402 -0.318325
0.0350481 -0.0103441 -0.318694
0.0350692 -0.0104407 -0.319036
0.0350341 -0.0105137 -0.319347
0.0349391 -0.0105655 -0.31963
0.0348066 -0.010622 -0.319884
0.0346275 -0.0106712 -0.320111
0.0344234 -0.0107381 -0.320299
0.0342339 -0.0107967 -0.320462
0.0340441 -0.0108666 -0.320602
0.0339021 -0.010927 -0.320702
0.0337821 -0.0109579 -0.320751
0.0336887 -0.0109532 -0.320765
0.0336361 -0.0109276 -0.320751
0.0335784 -0.0109249 -0.320692
0.0335045 -0.0109606 -0.320603
0.0334759 -0.0110458 -0.320497
0.0334646 -0.011196 -0.320378
0.0334735 -0.011397 -0.320263
0.0335118 -0.0116313 -0.320144
0.0335933 -0.0118683 -0.320023
0.033717 -0.0120927 -0.319884
0.0338739 -0.0122811 -0.319714
0.0340624 -0.0124494 -0.319515
0.034283 -0.0126555 -0.319306
0.0345024 -0.0128788 -0.319088
0.0347205 -0.0130778 -0.318857
0.0349524 -0.0132328 -0.318645
0.0351522 -0.0133036 -0.318456
0.0353377 -0.0132747 -0.31827
0.0355147 -0.0131526 -0.3181
0.0356908 -0.0129529 -0.317951
0.035876 -0.0127491 -0.317803
0.0360552 -0.0125838 -0.317631
0.0362347 -0.0124691 -0.317429
0.036393 -0.0124085 -0.31722
0.0365066 -0.0123692 -0.316999
0.0365682 -0.0123061 -0.316771
0.0365174 -0.0121828 -0.316533
0.0363852 -0.0119909 -0.316321
0.0361473 -0.0117819 -0.316167
0.0358092 -0.0115874 -0.316051
0.0354073 -0.0114301 -0.315972
0.034954 -0.0113129 -0.315901
0.0344813 -0.011228 -0.315842
0.0340072 -0.0111329 -0.315785
0.0335503 -0.0109724 -0.315723
0.0330731 -0.0107439 -0.315654
0.0325511 -0.0104829 -0.315586
0.0320013 -0.0101924 -0.31554
0.0314199 -0.0098928 -0.315539
0.0308147 -0.00958202 -0.315593
0.0301863 -0.00925468 -0.315728
0.0296027 -0.00888757 -0.315943
0.0290761 -0.0085039 -0.316242
0.028601 -0.00812127 -0.316596
0.0282313 -0.00773996 -0.317001
0.0279683 -0.0073632 -0.317443
0.0277753 -0.00698133 -0.31791
0.027645 -0.00660375 -0.318417
0.0276034 -0.00622733 -0.318959
0.0276937 -0.00574266 -0.319547
0.0278304 -0.00522829 -0.320202
0.0279435 -0.00459437 -0.320931
0.0279812 -0.00386073 -0.321719
0.0278842 -0.00310718 -0.322534
0.0276622 -0.00221368 -0.323331
0.027174 -0.00169886 -0.324056
0.0264618 -0.00141399 -0.324704
0.0255663 -0.00139581 -0.325235
0.0245096 -0.00167443 -0.325631
0.0233229 -0.00221417 -0.325919
0.0220805 -0.00294845 -0.326084
0.020807 -0.00377447 -0.326136
0.0195609 -0.00464486 -0.326114
0.0182802 -0.00556192 -0.32605
0.0172123 -0.00642386 -0.325966
0.0162842 -0.00727549 -0.325896
0.0154961 -0.00817594 -0.325844
0.0148632 -0.00909125 -0.325796
0.0143963 -0.00993715 -0.325723
0.0141098 -0.0105814 -0.325619
0.0140338 -0.0109409 -0.325451
0.0139506 -0.0112475 -0.325207
0.0141329 -0.0111839 -0.324916
0.014597 -0.0107221 -0.324584
0.015303 -0.0098429 -0.324293
0.0161981 -0.00858848 -0.324082
0.0172402 -0.00708876 -0.323964
0.0183766 -0.00545769 -0.323913
0.0195163 -0.00378701 -0.323907
0.0205952 -0.00214333 -0.323893
0.0215552 -0.000603817 -0.323799
0.0223631 0.000847165 -0.323626
0.0230133 0.0022937 -0.323379
0.0235276 0.0037102 -0.323064
0.023915 0.00503193 -0.322709
0.024187 0.00616199 -0.322296
0.0243674 0.00702559 -0.321856
0.0244351 0.00757034 -0.321407
0.0243868 0.00779158 -0.320946
0.0242463 0.00771213 -0.320474
0.0240183 0.00737558 -0.320025
0.0237064 0.00691951 -0.319563
0.0233052 0.00640989 -0.319096
0.0228524 0.00595242 -0.318624
0.0223787 0.00552383 -0.318127
0.0219168 0.00511705 -0.317632
0.0215427 0.00468723 -0.317151
0.0212679 0.00419684 -0.316702
0.021112 0.00364566 -0.31629
0.0210713 0.00303526 -0.315916
0.021128 0.0023874 -0.315547
0.021221 0.00171154 -0.315175
0.0213364 0.00103683 -0.314791
0.0214769 0.000357228 -0.314393
0.0216478 -0.000314226 -0.313999
0.0218442 -0.000994478 -0.313663
0.0220983 -0.00173 -0.313373
0.0224187 -0.0025061 -0.313126
0.0228173 -0.00330314 -0.31292
0.0232637 -0.00413848 -0.312772
0.0237703 -0.00498869 -0.312674
0.0243171 -0.00587216 -0.312613
0.0248619 -0.0067691 -0.312585
0.0254018 -0.00769052 -0.312606
0.0259253 -0.00861279 -0.312677
0.0263907 -0.00952947 -0.312803
0.0268535 -0.0104203 -0.313001
0.0272947 -0.0112625 -0.313284
0.0277299 -0.0120125 -0.313662
0.0281351 -0.0126666 -0.314156
0.0285834 -0.0132123 -0.314763
0.0290441 -0.0136732 -0.315475
0.0294737 -0.0140609 -0.316233
0.0298961 -0.0143781 -0.317058
0.0303054 -0.0146145 -0.317927
0.0306462 -0.0147542 -0.318818
0.0309523 -0.0147681 -0.319685
0.0312071 -0.0146795 -0.320544
0.0314195 -0.0144942 -0.321367
0.0315973 -0.0142314 -0.322164
0.0317386 -0.0138926 -0.322884
0.0318292 -0.0134698 -0.323551
0.0318689 -0.0129751 -0.324161
0.03184 -0.0124714 -0.32472
0.031753 -0.0119844 -0.325208
0.0316218 -0.0115251 -0.325628
0.0314622 -0.011057 -0.325957
0.0312399 -0.0105876 -0.326209
0.0309927 -0.0101205 -0.326353
0.0307926 -0.00970841 -0.326405
0.0306184 -0.00936552 -0.326383
0.0304522 -0.00909965 -0.326285
0.0303544 -0.00889612 -0.326123
0.0303381 -0.00873813 -0.325916
0.0303873 -0.00862695 -0.325668
0.0304967 -0.00857322 -0.325378
0.0307037 -0.00856013 -0.325055
0.0309934 -0.0085619 -0.324698
0.031324 -0.00855803 -0.32432
0.0317217 -0.00858746 -0.323922
0.0321684 -0.00867375 -0.323502
0.0326177 -0.0088024 -0.323076
0.0330876 -0.00892973 -0.322647
0.0335976 -0.00904751 -0.322209
0.0341177 -0.00914069 -0.321759
0.0346743 -0.00916529 -0.32129
0.0352512 -0.0091844 -0.320809
0.0358854 -0.00920012 -0.320322
0.0364984 -0.00927675 -0.31984
0.0371039 -0.0094284 -0.319376
0.037734 -0.00958466 -0.318939
0.0382906 -0.00974326 -0.31854
0.0388119 -0.00991218 -0.318185
0.0393489 -0.0100882 -0.31787
0.0398604 -0.0102736 -0.317615
0.0403645 -0.0104622 -0.317408
0.0408251 -0.0106233 -0.317224
0.0412825 -0.0108053 -0.317049
0.0417857 -0.0110648 -0.316891
0.042261 -0.0112704 -0.316758
0.0427067 -0.0115138 -0.316677
0.0430624 -0.0117712 -0.316628
0.0434351 -0.0120316 -0.316596
0.0438062 -0.0123198 -0.316591
0.0441138 -0.0126524 -0.316602
0.0444191 -0.0129708 -0.316622
0.0446547 -0.0132415 -0.316645
0.0448695 -0.01344 -0.316677
0.045048 -0.013622 -0.316716
0.0451805 -0.0138448 -0.316793
0.0452845 -0.0141169 -0.316869
0.0453166 -0.0144331 -0.316972
0.0453463 -0.014757 -0.31708
0.0453365 -0.0150433 -0.317211
0.0452643 -0.0153695 -0.317359
0.0452243 -0.0156855 -0.317497
0.0451208 -0.0159969 -0.317622
0.0449818 -0.0162697 -0.317757
0.0448797 -0.0164803 -0.317912
0.0447967 -0.0167079 -0.318099
0.0446889 -0.0169785 -0.318314
0.0445741 -0.017314 -0.318539
0.0444884 -0.0176813 -0.318783
0.0443884 -0.0180088 -0.31905
0.044323 -0.0182581 -0.319325
0.0442692 -0.0184793 -0.319607
0.0442046 -0.0187222 -0.319876
0.0441681 -0.0190001 -0.320129
0.0441143 -0.0193094 -0.320366
0.0440656 -0.0196374 -0.320567
0.0440227 -0.0199551 -0.320732
0.0439396 -0.0202362 -0.320859
0.0438606 -0.0204828 -0.320955
0.0437456 -0.0207121 -0.321028
0.0435877 -0.0209127 -0.321082
0.0433976 -0.0210982 -0.321094
0.0431688 -0.0212436 -0.321059
0.0429152 -0.021348 -0.32099
0.0426668 -0.0214346 -0.320896
0.0424078 -0.0215323 -0.320768
0.0422058 -0.0216191 -0.320601
0.0420745 -0.0216842 -0.320384
0.041992 -0.021728 -0.32014
0.0419949 -0.0217367 -0.319906
0.042003 -0.0217134 -0.319677
0.0420756 -0.0216938 -0.319438
0.0422228 -0.0216861 -0.319174
0.0424315 -0.0217502 -0.318897
0.0427516 -0.0219314 -0.318606
0.043177 -0.0222385 -0.318322
0.0437476 -0.0225833 -0.318078
0.0443786 -0.0229672 -0.317874
0.0450209 -0.0233294 -0.317722
0.0456153 -0.0236726 -0.317649
0.0461133 -0.0239575 -0.317633
0.0464693 -0.0242092 -0.317681
0.0467384 -0.0244758 -0.317735
0.0468712 -0.0247014 -0.317776
0.0468995 -0.0247995 -0.317805
0.0468515 -0.0247195 -0.317809
0.046671 -0.0244591 -0.317806
0.0463827 -0.0239893 -0.317801
0.0459285 -0.0233032 -0.317825
0.0452363 -0.0223679 -0.317878
0.0442394 -0.02092 -0.317953
0.0431069 -0.0192204 -0.318033
0.0418623 -0.0172706 -0.318119
0.0405616 -0.0151489 -0.3182
0.0392777 -0.0129528 -0.318283
0.0378359 -0.0105087 -0.318371
0.0365378 -0.00806678 -0.318476
0.0356271 -0.00614961 -0.318638
0.0349098 -0.00450703 -0.318887
0.0343749 -0.0031822 -0.319206
0.0339802 -0.0021958 -0.319561
0.0337244 -0.00155198 -0.319956
0.0335819 -0.00122641 -0.320349
0.0335686 -0.00116233 -0.320733
0.0337424 -0.00133907 -0.321119
0.0337154 -0.00140765 -0.321512
0.0339196 -0.00168481 -0.321883
0.0346213 -0.00241648 -0.322243
0.0353938 -0.00323252 -0.322588
0.0362188 -0.00417063 -0.322888
0.0370383 -0.00525224 -0.323136
0.0378327 -0.00642375 -0.323294
0.0385738 -0.00758563 -0.323351
0.0390422 -0.00852833 -0.323282
0.0394755 -0.00950188 -0.323126
0.0398253 -0.0104996 -0.322873
0.040104 -0.0115236 -0.322539
0.0403631 -0.0125224 -0.322187
0.0405419 -0.0134491 -0.3218
0.0406806 -0.0143221 -0.3214
0.040921 -0.0153059 -0.320967
0.0409816 -0.0161256 -0.320512
0.0409904 -0.0169713 -0.320029
0.0409158 -0.0178215 -0.319522
0.0407529 -0.0186624 -0.319002
0.0404678 -0.0194814 -0.318474
0.0402466 -0.020427 -0.317949
0.0399345 -0.0213275 -0.317453
0.0395706 -0.0221765 -0.316942
0.039204 -0.0230023 -0.316448
0.038654 -0.0236998 -0.315978
0.0381618 -0.0244028 -0.315523
0.0377204 -0.0251183 -0.315093
0.0373561 -0.0258159 -0.314692
0.0370286 -0.0264939 -0.314297
0.0367248 -0.0271116 -0.313912
0.0364393 -0.0276511 -0.313544
0.0361399 -0.0280923 -0.313177
0.0358398 -0.0284341 -0.312797
0.035535 -0.0286743 -0.312431
0.0352515 -0.0288262 -0.312084
0.0350002 -0.0288986 -0.311769
0.0348164 -0.0289469 -0.311513
0.0347346 -0.0290026 -0.31131
0.0347457 -0.0290474 -0.311183
0.0348695 -0.0290772 -0.311144
0.0351147 -0.0291081 -0.3112
0.0354154 -0.0291058 -0.311342
0.0357469 -0.0290913 -0.311562
0.0360957 -0.0290684 -0.311849
0.0364668 -0.0290398 -0.312206
0.036835 -0.0290363 -0.31262
0.0372033 -0.0290833 -0.313101
0.0375901 -0.0291941 -0.313634
0.0379904 -0.0293513 -0.314201
0.0383964 -0.0295508 -0.314793
0.0388059 -0.0297795 -0.3154
0.0392043 -0.0300324 -0.316012
0.0396047 -0.0303072 -0.316604
0.039996 -0.030567 -0.317194
0.0403247 -0.0308608 -0.317769
0.0405874 -0.031205 -0.318308
0.0407717 -0.0315832 -0.318802
0.0408955 -0.0319788 -0.319261
0.0409783 -0.0323711 -0.319697
0.0410064 -0.0327414 -0.320122
0.0410079 -0.0330694 -0.320501
0.0409728 -0.0333276 -0.320849
0.0409005 -0.033521 -0.321158
0.0408155 -0.0336843 -0.32142
0.0407191 -0.0338315 -0.321641
0.0405978 -0.0339636 -0.321812
0.040488 -0.0340766 -0.321951
0.040359 -0.0341997 -0.322046
0.0402245 -0.0343107 -0.322088
0.0401057 -0.0343793 -0.322088
0.0399879 -0.0343701 -0.322076
0.0398983 -0.0342973 -0.322038
0.0398028 -0.0342476 -0.32199
0.0396964 -0.0342292 -0.321901
0.0396084 -0.0342312 -0.321794
0.0395038 -0.0342681 -0.321663
0.0393897 -0.0343055 -0.321503
0.039261 -0.0343568 -0.321334
0.0391336 -0.0344153 -0.321147
0.0390041 -0.0344264 -0.320968
0.0388894 -0.0344097 -0.320781
0.0387682 -0.0343847 -0.320607
0.0386799 -0.0343698 -0.320414
0.0386101 -0.0343383 -0.320187
0.0385422 -0.0342815 -0.319938
0.0385001 -0.0341611 -0.319661
0.0384449 -0.0339499 -0.319347
0.0384169 -0.0336174 -0.319013
0.0384098 -0.0331724 -0.318672
0.038383 -0.0326637 -0.318333
0.0383411 -0.032136 -0.318002
0.0382692 -0.0316337 -0.317688
0.0381926 -0.0311946 -0.317401
0.0380671 -0.0307861 -0.317137
0.0379348 -0.0303942 -0.316886
0.0378269 -0.0300115 -0.316623
0.0377158 -0.029591 -0.316355
0.0376263 -0.0291358 -0.316055
0.0375356 -0.0286519 -0.315744
0.0374338 -0.0281663 -0.315414
0.0373037 -0.0277273 -0.315081
0.0371022 -0.027319 -0.314756
0.0368429 -0.0269437 -0.31446
0.0364894 -0.0265897 -0.314194
0.0360986 -0.0262016 -0.313981
0.0356781 -0.0257568 -0.313791
0.0352449 -0.0252786 -0.313634
0.0348395 -0.0247852 -0.313486
0.0344814 -0.0242982 -0.313337
0.0341789 -0.0238258 -0.313206
0.0339028 -0.0233436 -0.313079
0.0336718 -0.0228347 -0.312974
0.0334518 -0.0222877 -0.312909
0.033234 -0.0217289 -0.312924
0.0330464 -0.0211655 -0.313016
0.0330078 -0.0204914 -0.313198
0.0330162 -0.0198203 -0.313453
0.0330866 -0.0191249 -0.313776
0.0331996 -0.0183388 -0.314173
0.0332918 -0.0173798 -0.314625
0.0332771 -0.0163271 -0.315129
0.0330201 -0.0152544 -0.315675
0.0325171 -0.0142325 -0.316247
0.0317164 -0.0133732 -0.316818
0.0306531 -0.0127712 -0.31735
0.029375 -0.012505 -0.317807
0.0279502 -0.0125749 -0.31816
0.0264083 -0.0129051 -0.318377
0.024795 -0.0134117 -0.31843
0.0231531 -0.0140053 -0.318328
0.0215254 -0.0146305 -0.318131
0.0199362 -0.0152797 -0.317852
0.0184533 -0.0159682 -0.31753
0.0170694 -0.0166267 -0.317208
0.0158919 -0.0174207 -0.316927
0.0148836 -0.0183019 -0.316721
0.0140397 -0.0192808 -0.316583
0.0133554 -0.0203346 -0.316474
0.0128156 -0.0214233 -0.316372
0.0124533 -0.0224265 -0.316252
0.0122984 -0.023111 -0.316052
0.0123592 -0.0233615 -0.315792
0.0124701 -0.0234534 -0.315511
0.0130086 -0.0228706 -0.315235
0.0137683 -0.0219752 -0.315031
0.0147028 -0.0208296 -0.314927
0.0158124 -0.0194444 -0.314919
0.0170246 -0.0178517 -0.314981
0.0182129 -0.0161172 -0.315063
0.0192989 -0.0143215 -0.315104
0.0202302 -0.0125121 -0.31506
0.0209958 -0.0107303 -0.314926
0.0215411 -0.00903512 -0.3147
0.0218407 -0.00746504 -0.314401
0.0218989 -0.00606553 -0.314045
0.0217737 -0.00487506 -0.313665
0.0214987 -0.00392841 -0.31328
0.0211341 -0.00322686 -0.312873
0.0207465 -0.00278194 -0.312468
0.0203439 -0.00252865 -0.312042
0.0199473 -0.00245932 -0.31157
0.0195485 -0.00255866 -0.311076
0.019141 -0.00271734 -0.310559
0.0187245 -0.00293573 -0.310038
0.0183155 -0.00320235 -0.309513
0.0179581 -0.00351904 -0.308991
0.0176618 -0.00388549 -0.308483
0.0174074 -0.00430576 -0.307986
0.0171647 -0.00481147 -0.307513
0.0169399 -0.00536997 -0.307051
0.0167389 -0.0059691 -0.30662
0.0165915 -0.0065998 -0.306209
0.0164983 -0.00724582 -0.3058
0.0164627 -0.00793263 -0.305381
0.0165049 -0.00862947 -0.304916
0.0166428 -0.00934802 -0.304444
0.0168396 -0.0100991 -0.303977
0.017081 -0.0108815 -0.303516
0.0173728 -0.0117251 -0.303094
0.017711 -0.0126095 -0.302735
0.0181081 -0.0135125 -0.302452
0.018533 -0.0144283 -0.302233
0.01893 -0.0153478 -0.302085
0.0193041 -0.016295 -0.302004
0.0196596 -0.0172636 -0.30199
0.0199915 -0.0182314 -0.302065
0.020335 -0.01919 -0.302265
0.0206897 -0.0200955 -0.302583
0.0210349 -0.0208922 -0.303014
0.0213628 -0.0215822 -0.303557
0.0217216 -0.0221383 -0.304216
0.0220965 -0.0225936 -0.304961
0.022484 -0.022946 -0.305776
0.0228898 -0.0232135 -0.306645
0.0232753 -0.0233907 -0.307566
0.0235934 -0.023478 -0.308509
0.0238509 -0.0234555 -0.309444
0.0240343 -0.0233369 -0.310375
0.0241513 -0.0231025 -0.311276
0.0241489 -0.0227529 -0.312134
0.0240923 -0.0223135 -0.312949
0.0239907 -0.0218222 -0.31372
0.023823 -0.0212811 -0.314412
0.0236078 -0.0207207 -0.315028
0.0234009 -0.0201574 -0.315571
0.0231924 -0.0195746 -0.316044
0.0229355 -0.0189742 -0.31643
0.022666 -0.0183889 -0.316732
0.0224009 -0.0178235 -0.316947
0.0221891 -0.0173269 -0.317054
0.0220045 -0.016906 -0.317084
0.0218258 -0.0165791 -0.317044
0.0217109 -0.0163202 -0.316939
0.0216496 -0.0161103 -0.316772
0.021632 -0.015962 -0.316568
0.0216611 -0.0159077 -0.316327
0.0217676 -0.0159256 -0.316048
0.0219209 -0.0159815 -0.31574
0.0221711 -0.0160679 -0.315406
0.0224483 -0.0161827 -0.315043
0.022779 -0.0163399 -0.314634
0.0231339 -0.0165173 -0.314174
0.0235014 -0.016698 -0.31368
0.0238744 -0.0169351 -0.313164
0.0242785 -0.0171891 -0.312632
0.0246899 -0.017455 -0.312101
0.0250916 -0.0176922 -0.311574
0.0255195 -0.0178841 -0.311042
0.0259446 -0.0180484 -0.310508
0.0263788 -0.0182182 -0.30997
0.0268395 -0.0184127 -0.309442
0.0273489 -0.0186355 -0.308964
0.0277911 -0.0188562 -0.308542
0.0282355 -0.0191254 -0.308195
0.0287521 -0.0194453 -0.307894
0.0292677 -0.0197785 -0.307635
0.029772 -0.0201267 -0.307419
0.0302691 -0.0204869 -0.307249
0.0307644 -0.0208262 -0.307114
0.031257 -0.0211176 -0.307021
0.0317511 -0.0213894 -0.306959
0.0322605 -0.0216697 -0.306908
0.0326933 -0.0219627 -0.306876
0.0331016 -0.0222611 -0.306843
0.0334606 -0.0225656 -0.306822
0.0337239 -0.0228404 -0.306824
0.0339736 -0.0230946 -0.306806
0.0341386 -0.0232879 -0.306765
0.0342584 -0.023451 -0.306717
0.0343142 -0.0236369 -0.306684
0.0342973 -0.0238445 -0.306671
0.0342593 -0.0240722 -0.306671
0.0341658 -0.0243254 -0.306678
0.0340038 -0.0246457 -0.306728
0.0338555 -0.0249837 -0.306785
0.0336411 -0.025308 -0.306847
0.0334148 -0.0256069 -0.306905
0.0332458 -0.025876 -0.306953
0.0330531 -0.0261018 -0.307004
0.032855 -0.0263173 -0.307069
0.0327307 -0.0265272 -0.307168
0.032563 -0.0267814 -0.3073
0.0324272 -0.0270454 -0.30746
0.032299 -0.0273344 -0.307633
0.0321656 -0.0276139 -0.307841
0.0320827 -0.0278545 -0.308069
0.0319755 -0.0280364 -0.308318
0.0319422 -0.0282011 -0.308562
0.03188 -0.0283644 -0.30879
0.0318029 -0.0285435 -0.309004
0.0317553 -0.0287161 -0.309177
0.0317296 -0.0288637 -0.30934
0.0316961 -0.0289635 -0.309479
0.0316853 -0.0290267 -0.309591
0.0316451 -0.0290815 -0.309687
0.0316179 -0.0290749 -0.309759
0.0315515 -0.0290155 -0.309813
0.0314029 -0.0289137 -0.309862
0.0312593 -0.0287564 -0.309903
0.0310252 -0.0285416 -0.309914
0.0307707 -0.0283287 -0.309891
0.030477 -0.0281596 -0.30982
0.0301732 -0.0280174 -0.309703
0.0299291 -0.0278684 -0.309536
0.0297335 -0.0277229 -0.309296
0.0296162 -0.0276063 -0.308991
0.0295689 -0.0275306 -0.308644
0.0295413 -0.027511 -0.308277
0.0295664 -0.0276426 -0.307928
0.0296838 -0.027926 -0.307619
0.0298101 -0.0283088 -0.307368
0.0299801 -0.0287534 -0.30716
0.0301801 -0.0292744 -0.307001
0.030385 -0.029776 -0.306867
0.0305666 -0.0302041 -0.306765
0.0306622 -0.0305686 -0.306693
0.0307152 -0.0308999 -0.306632
0.0306212 -0.0311692 -0.306581
0.0303825 -0.0313333 -0.30655
0.0300885 -0.0313535 -0.306526
0.0296583 -0.03118 -0.306524
0.0291344 -0.0307567 -0.30655
0.0285171 -0.0300853 -0.306608
0.0277367 -0.0291384 -0.306715
0.0267872 -0.0278984 -0.306879
0.0256776 -0.0263554 -0.307084
0.0243808 -0.0245516 -0.307356
0.0230097 -0.0226103 -0.307671
0.0216305 -0.0205715 -0.308006
0.0203116 -0.0184879 -0.308366
0.0187816 -0.0160814 -0.308745
0.017339 -0.0137021 -0.309171
0.0161195 -0.0114718 -0.309669
0.0151196 -0.00947198 -0.310237
0.0147106 -0.00844672 -0.310883
0.0145089 -0.00779876 -0.311599
0.0141582 -0.00700232 -0.312342
0.0138872 -0.0065183 -0.313111
0.0136755 -0.00632794 -0.313884
0.0135539 -0.00635651 -0.314647
0.0135173 -0.0065079 -0.315391
0.0135689 -0.00672421 -0.316104
0.0136798 -0.00704502 -0.316778
0.0138375 -0.00753787 -0.317371
0.0143372 -0.00843729 -0.317876
0.0148566 -0.0093695 -0.318295
0.0151007 -0.0100847 -0.318608
0.0153906 -0.0108029 -0.318791
0.0157393 -0.0115586 -0.318866
0.0160942 -0.0123311 -0.318814
0.0164001 -0.0131285 -0.318652
0.0166181 -0.0139198 -0.31837
0.0167221 -0.0146777 -0.318002
0.0167282 -0.0153945 -0.317551
0.016643 -0.0160456 -0.317036
0.016457 -0.0167033 -0.316503
0.0162175 -0.0173316 -0.315947
0.0159152 -0.0179938 -0.315347
0.0155253 -0.0186801 -0.314732
0.0150966 -0.0193585 -0.314107
0.0148194 -0.020123 -0.31346
0.0144761 -0.0208365 -0.312786
0.0140741 -0.0214981 -0.312085
0.0135996 -0.0221327 -0.311328
0.0128746 -0.0226785 -0.310526
0.0121105 -0.0231926 -0.309713
0.0113606 -0.0236845 -0.30889
0.0106221 -0.0241723 -0.308081
0.00989188 -0.0245952 -0.307288
0.009194 -0.0249342 -0.306518
0.00851392 -0.0251578 -0.305759
0.00785573 -0.0253312 -0.305004
0.00720709 -0.0254634 -0.304248
0.00659432 -0.0255018 -0.30348
0.00602019 -0.0254536 -0.302727
0.00548521 -0.0253691 -0.302017
0.00500128 -0.025237 -0.301357
0.00457734 -0.025046 -0.300762
0.00423166 -0.0247751 -0.300265
0.00399044 -0.0244472 -0.299866
0.00386867 -0.024104 -0.299578
0.00385081 -0.0238057 -0.299379
0.0039342 -0.0235693 -0.299288
0.00410493 -0.0233578 -0.2993
0.00435122 -0.0231465 -0.299398
0.00465055 -0.022935 -0.299587
0.004973 -0.0227554 -0.299842
0.0053202 -0.0225874 -0.300157
0.0056822 -0.0224186 -0.300537
0.00604133 -0.0222827 -0.300965
0.0063785 -0.0221953 -0.301421
0.00668594 -0.0221379 -0.301906
0.00698839 -0.0221351 -0.302411
0.00722085 -0.0221872 -0.302942
0.00738392 -0.0222956 -0.303494
0.00747629 -0.0224385 -0.304034
0.00750019 -0.0225542 -0.30455
0.00744692 -0.0226225 -0.305043
0.0073193 -0.0226463 -0.305544
0.00711155 -0.0226311 -0.306039
0.00685019 -0.0225871 -0.306517
0.00650701 -0.0225228 -0.306972
0.00609824 -0.0224828 -0.307394
0.00565493 -0.0224518 -0.307787
0.0051693 -0.0224119 -0.308164
0.00466662 -0.0223636 -0.308509
0.00412938 -0.0222767 -0.308829
0.00357602 -0.0221166 -0.309125
0.00305052 -0.0218664 -0.309352
0.00252823 -0.0215692 -0.30953
0.00203046 -0.0212459 -0.309656
0.00154003 -0.0209421 -0.309745
0.00106757 -0.0206602 -0.309775
0.000623573 -0.0203996 -0.309747
0.000203114 -0.0201772 -0.309684
-0.000176733 -0.0199716 -0.309608
-0.000521449 -0.0197745 -0.309517
-0.000820378 -0.0195605 -0.309393
-0.00108267 -0.0193299 -0.309253
-0.00128652 -0.0190949 -0.309095
-0.0014296 -0.0188583 -0.308927
-0.00150943 -0.0186406 -0.308747
-0.00154052 -0.0184728 -0.308539
-0.00153711 -0.0183225 -0.308323
-0.00148259 -0.0181371 -0.308086
-0.00140628 -0.0178931 -0.307857
-0.00129889 -0.0175633 -0.307648
-0.00116068 -0.0171737 -0.307451
-0.0010291 -0.0167152 -0.30723
-0.000847662 -0.016246 -0.306991
-0.000664044 -0.0158366 -0.306743
-0.000455279 -0.0154962 -0.306471
-0.000222688 -0.0151855 -0.306174
7.25073e-06 -0.0148877 -0.305857
0.000246237 -0.0146074 -0.30553
0.000449276 -0.0143343 -0.305214
0.000616388 -0.0140566 -0.304911
0.000726923 -0.0137744 -0.304622
0.000780442 -0.0134821 -0.304361
0.00079064 -0.0132388 -0.304121
0.000739218 -0.0130631 -0.303908
0.000667813 -0.0129293 -0.303739
0.000548385 -0.0128341 -0.3036
0.000402241 -0.0126943 -0.303488
0.000245738 -0.0124987 -0.303388
9.03255e-05 -0.012248 -0.303282
-6.15712e-05 -0.0119841 -0.303166
-0.000207563 -0.0117078 -0.303042
-0.000313195 -0.0114107 -0.302936
-0.000421538 -0.0110723 -0.302863
-0.000543366 -0.0106962 -0.302834
-0.00065129 -0.0102589 -0.30286
-0.000754464 -0.00978762 -0.302947
-0.000843709 -0.0092872 -0.303116
-0.000913932 -0.00876985 -0.303346
-0.000957089 -0.00821581 -0.303624
-0.000996616 -0.00763096 -0.303955
-0.00100293 -0.00702356 -0.30434
-0.000951275 -0.00638976 -0.304755
-0.000847724 -0.00577838 -0.305175
-0.000705595 -0.00518696 -0.305592
-0.000382895 -0.00448308 -0.305993
-3.11397e-05 -0.00376952 -0.306407
0.000278867 -0.00301303 -0.306873
0.000493939 -0.0022216 -0.307367
0.000574747 -0.00147303 -0.30789
0.000485074 -0.00056035 -0.308405
0.000176408 2.82054e-05 -0.308874
-0.000334375 0.000357957 -0.309254
-0.00102185 0.000390885 -0.309511
-0.00182186 0.000177325 -0.309625
-0.00268531 -0.000190909 -0.309632
-0.00351059 -0.000649117 -0.309543
-0.00428957 -0.0011732 -0.309394
-0.00495775 -0.00175565 -0.309229
-0.00563796 -0.00233525 -0.309064
-0.00614206 -0.00296477 -0.308913
-0.00631709 -0.00361593 -0.308781
-0.00631158 -0.00425655 -0.308617
-0.00614983 -0.00482557 -0.308425
-0.00587192 -0.00522762 -0.308215
-0.0055057 -0.00539734 -0.308009
-0.00506167 -0.00528789 -0.30779
-0.0046597 -0.00495934 -0.30756
-0.00410491 -0.0042584 -0.307315
-0.00338382 -0.00321999 -0.307071
-0.00245665 -0.0020336 -0.306843
-0.00142716 -0.000745386 -0.306614
-0.000355702 0.000557478 -0.306344
0.000680012 0.00177719 -0.30604
0.00190778 0.00331382 -0.305728
0.00299606 0.00462738 -0.3054
0.00387367 0.00568383 -0.305069
0.00451579 0.00650673 -0.304734
0.00493402 0.0071152 -0.304406
0.00513093 0.00751928 -0.304078
0.00515421 0.0077374 -0.303766
0.00506233 0.00776715 -0.303478
0.00489806 0.00764733 -0.303193
0.00467432 0.00740897 -0.302934
0.00437903 0.00702829 -0.302646
0.00404268 0.0065184 -0.302323
0.00363394 0.00591936 -0.301992
0.00314914 0.00528692 -0.301666
0.00260189 0.00469021 -0.301332
0.00204677 0.00412145 -0.301026
0.00151661 0.00356981 -0.300777
0.00102067 0.00300693 -0.300577
0.000587955 0.00240811 -0.300414
0.000232612 0.00179843 -0.300296
-7.28495e-05 0.00121181 -0.300211
-0.000326527 0.000676778 -0.300141
-0.000533474 0.000172508 -0.300093
-0.000667719 -0.000307587 -0.300066
-0.000753714 -0.000763189 -0.300067
-0.00074955 -0.00125172 -0.300074
-0.000664506 -0.00176879 -0.300092
-0.000488099 -0.00237094 -0.300115
-0.000232075 -0.00304881 -0.300144
0.000118915 -0.00380043 -0.300183
0.000538582 -0.00457942 -0.300233
0.000991868 -0.00535854 -0.300305
0.00143992 -0.0061289 -0.300391
0.00184807 -0.00693024 -0.300513
0.00220502 -0.00772096 -0.300683
0.0025323 -0.00851046 -0.300907
0.00284386 -0.00929594 -0.30119
0.00310759 -0.0100829 -0.301545
0.00332511 -0.0108301 -0.30197
0.00355126 -0.0114945 -0.302448
0.00376527 -0.0120735 -0.302982
0.00398821 -0.0125696 -0.303555
0.00420948 -0.0129985 -0.304158
0.00441874 -0.0133515 -0.304777
0.00461249 -0.0136493 -0.305381
0.0047854 -0.0138924 -0.305979
0.00489111 -0.0140629 -0.306571
0.0048876 -0.0141448 -0.307125
0.004803 -0.0141517 -0.30764
0.0046773 -0.0140929 -0.308088
0.00446375 -0.0139564 -0.308482
0.00417085 -0.013773 -0.308832
0.0038532 -0.0135701 -0.309151
0.00351087 -0.0133559 -0.309412
0.00312183 -0.0130993 -0.309619
0.00265823 -0.0127969 -0.309751
0.00218145 -0.0124953 -0.309803
0.00172848 -0.0122175 -0.309766
0.00127078 -0.0119874 -0.309656
0.000827384 -0.0117906 -0.309492
0.000409133 -0.0116306 -0.309271
7.70772e-06 -0.0114782 -0.309004
-0.000337961 -0.0113338 -0.308698
-0.000636893 -0.0111834 -0.308388
-0.00089417 -0.0110563 -0.308069
-0.00111182 -0.0109626 -0.307762
-0.0012352 -0.0109215 -0.307453
-0.00128645 -0.0109376 -0.307133
-0.00130906 -0.0109944 -0.306843
-0.00126124 -0.0110789 -0.306566
-0.00113109 -0.0111785 -0.306297
-0.000999376 -0.0112826 -0.306051
-0.000842586 -0.0113749 -0.305795
-0.000654844 -0.0114544 -0.305538
-0.000428183 -0.0115109 -0.305297
-0.000214288 -0.0115243 -0.305075
8.75503e-05 -0.0115457 -0.304877
0.000401119 -0.0116298 -0.304694
0.000716163 -0.0117767 -0.304537
0.00108993 -0.0119239 -0.304414
0.00145877 -0.012095 -0.304291
0.00181548 -0.0122855 -0.304185
0.0021856 -0.0125053 -0.30412
0.00260399 -0.0127608 -0.304093
0.00300038 -0.0130285 -0.304103
0.00339335 -0.0132925 -0.304152
0.00380674 -0.0135842 -0.304241
0.00422888 -0.0139329 -0.304359
0.00463215 -0.0143258 -0.304519
0.00504799 -0.0147372 -0.304686
0.00539916 -0.0151649 -0.304851
0.0057785 -0.0155728 -0.30501
0.00612963 -0.0159828 -0.305168
0.00640285 -0.016414 -0.30533
0.00668583 -0.0168379 -0.305472
0.00689565 -0.0172242 -0.30558
0.00706475 -0.0175831 -0.30565
0.0071748 -0.0178957 -0.305698
0.00721985 -0.0181854 -0.305715
0.00728153 -0.0184634 -0.305709
0.00726766 -0.0187557 -0.305664
0.007238 -0.0190658 -0.305597
0.00720728 -0.0193683 -0.305509
0.00712594 -0.0196563 -0.305407
0.00700007 -0.0198999 -0.30528
0.00693245 -0.0201271 -0.305163
0.00681371 -0.0203508 -0.30506
0.00669233 -0.0205829 -0.304974
0.00659589 -0.0208034 -0.304883
0.00651098 -0.0210064 -0.304779
0.0064592 -0.0211977 -0.304685
0.00652024 -0.0213573 -0.304594
0.00658154 -0.0214955 -0.304483
0.00674115 -0.021625 -0.304348
0.00694279 -0.0217933 -0.304238
0.00715463 -0.0219916 -0.304124
0.00740048 -0.0221631 -0.304006
0.00765138 -0.0223116 -0.303905
0.0079438 -0.0224315 -0.303824
0.00827247 -0.0225247 -0.303752
0.00855811 -0.0226172 -0.30365
0.00888588 -0.0227078 -0.303545
0.00913048 -0.0227907 -0.303414
0.00936742 -0.0228392 -0.303252
0.00957583 -0.0228382 -0.303072
0.0096236 -0.0226329 -0.302852
0.00970742 -0.0224106 -0.302568
0.00975074 -0.0221421 -0.302214
0.00978546 -0.0217799 -0.301808
0.00983287 -0.0212952 -0.301361
0.00988834 -0.0207736 -0.300898
0.0100345 -0.0202882 -0.300443
0.0102629 -0.0198126 -0.300018
0.010593 -0.0193858 -0.299679
0.0112031 -0.019095 -0.299385
0.011957 -0.0189149 -0.299155
0.0128581 -0.018921 -0.298963
0.0138935 -0.0191738 -0.298804
0.0150005 -0.0196626 -0.298687
0.0161759 -0.0203435 -0.298652
0.0173641 -0.0211406 -0.298697
0.0185228 -0.0220748 -0.298836
0.0197626 -0.0231676 -0.299058
0.0208447 -0.0243927 -0.299318
0.0216286 -0.0255969 -0.299613
0.022276 -0.0267827 -0.299906
0.0227655 -0.0279099 -0.30018
0.023131 -0.0289693 -0.300452
0.0233562 -0.029923 -0.300716
0.0233953 -0.0306258 -0.300966
0.0232725 -0.0309684 -0.301213
0.0228993 -0.0309371 -0.30149
0.0224621 -0.03086 -0.301742
0.0217647 -0.0303697 -0.301963
0.0208034 -0.0294601 -0.302143
0.0196369 -0.0280605 -0.302294
0.0183877 -0.0264169 -0.302404
0.0169977 -0.0245213 -0.302511
0.015582 -0.0224317 -0.302627
0.0142365 -0.0203091 -0.302744
0.0129272 -0.0182318 -0.302883
0.0117257 -0.0162501 -0.303084
0.0106418 -0.0143357 -0.303348
0.0100205 -0.0130045 -0.303661
0.00957565 -0.011899 -0.303984
0.00928906 -0.0110845 -0.304284
0.00916613 -0.0105847 -0.304565
0.00920492 -0.0103817 -0.304823
0.00906646 -0.0100926 -0.305047
0.00913575 -0.009998 -0.305251
0.00942786 -0.0100334 -0.30547
0.00986749 -0.0101734 -0.305702
0.0103898 -0.0104621 -0.305969
0.0109365 -0.0108728 -0.306266
0.0114696 -0.0113461 -0.306522
0.0119617 -0.0118381 -0.30674
0.0124166 -0.0123694 -0.306915
0.012899 -0.0129535 -0.307047
0.0133911 -0.0135809 -0.307118
0.0138954 -0.0142541 -0.30712
0.0144446 -0.015005 -0.307068
0.0150026 -0.0158228 -0.307002
0.015534 -0.0167087 -0.306948
0.0159684 -0.017642 -0.306904
0.0163031 -0.0186009 -0.306869
0.0165296 -0.0195612 -0.306851
0.0166606 -0.020517 -0.306846
0.0167316 -0.0214584 -0.306835
0.0167381 -0.0224493 -0.306807
0.0167024 -0.023486 -0.306764
0.0166204 -0.0245815 -0.306695
0.0165103 -0.0257448 -0.306599
0.016329 -0.0269932 -0.306475
0.0160561 -0.0283065 -0.306305
0.0158841 -0.0296628 -0.306091
0.015646 -0.0309854 -0.305819
0.0153696 -0.0322425 -0.305476
0.0150722 -0.0333973 -0.305069
0.0147781 -0.0344413 -0.304613
0.0142942 -0.0353734 -0.304098
0.0138347 -0.0362154 -0.30351
0.0133953 -0.0369605 -0.302861
0.0129592 -0.0375509 -0.302156
0.0125354 -0.03803 -0.301398
0.0121249 -0.0383649 -0.300602
0.0117656 -0.038591 -0.299812
0.0114609 -0.0387167 -0.299038
0.0112073 -0.0387342 -0.298316
0.0110278 -0.03865 -0.297635
0.010935 -0.038497 -0.297013
0.0109246 -0.0382798 -0.296474
0.011007 -0.0380253 -0.296034
0.0111721 -0.0377819 -0.295682
0.0114382 -0.0375636 -0.295404
0.0117701 -0.037362 -0.295222
0.0121428 -0.037174 -0.295156
0.01257 -0.0370216 -0.295169
0.0130357 -0.0369156 -0.295261
0.0135142 -0.0368751 -0.295427
0.0140073 -0.0369094 -0.295646
0.0145236 -0.0370314 -0.295911
0.0150191 -0.0372577 -0.296231
0.0154924 -0.0375444 -0.296623
0.0159539 -0.0378883 -0.297088
0.0163723 -0.0383159 -0.29761
0.016714 -0.0388045 -0.298157
0.0169907 -0.0393125 -0.298715
0.0171979 -0.0398203 -0.299263
0.0173244 -0.0403188 -0.299811
0.0173722 -0.0408384 -0.30036
0.0173392 -0.0413798 -0.300907
0.0172787 -0.0419161 -0.301473
0.0171674 -0.042481 -0.302049
0.0169966 -0.0430676 -0.302631
0.0167909 -0.0436245 -0.303222
0.0165168 -0.0441507 -0.303797
0.0162158 -0.044626 -0.304368
0.0158918 -0.0450127 -0.304902
0.0155288 -0.0453477 -0.305403
0.0151402 -0.045655 -0.305851
0.0147422 -0.045948 -0.306251
0.0143428 -0.0462393 -0.30661
0.0139326 -0.0465092 -0.306919
0.0135445 -0.0467994 -0.307186
0.0131573 -0.0471085 -0.307381
0.0127881 -0.0473688 -0.30754
0.0124383 -0.047573 -0.307662
0.0120772 -0.047762 -0.307737
0.0117104 -0.0479151 -0.307816
0.0113429 -0.0480608 -0.307884
0.0109944 -0.0482364 -0.307936
0.0106501 -0.0484355 -0.307978
0.010314 -0.0486626 -0.308004
0.0100124 -0.0489002 -0.307997
0.00975564 -0.0490778 -0.307978
0.00957851 -0.0491958 -0.307968
0.00948012 -0.0492011 -0.307955
0.00942387 -0.0491097 -0.30792
0.0094594 -0.0489741 -0.307872
0.00951051 -0.0488521 -0.3078
0.00955454 -0.0488017 -0.307718
0.00959334 -0.0488375 -0.307617
0.00962581 -0.0489392 -0.307517
0.00966054 -0.0490709 -0.307413
0.00967928 -0.0492038 -0.307322
0.00970123 -0.0492788 -0.307226
0.00975539 -0.0493154 -0.307122
0.00980418 -0.0493186 -0.306989
0.00985817 -0.0493334 -0.306835
0.00987633 -0.0493923 -0.306639
0.00985195 -0.0495084 -0.306372
0.00975816 -0.0496865 -0.30606
0.00956988 -0.0498869 -0.305736
0.00930257 -0.0500328 -0.305405
0.00895922 -0.050113 -0.30507
0.00857734 -0.0500849 -0.304709
0.00818147 -0.049958 -0.304328
0.00779237 -0.0497775 -0.30391
0.00744144 -0.0495481 -0.303467
0.0071383 -0.0492893 -0.30299
0.0068495 -0.0490034 -0.302483
0.00655436 -0.0486891 -0.301935
0.00625868 -0.0483272 -0.301383
0.00594899 -0.0479292 -0.300872
0.00561404 -0.0475164 -0.300433
0.00532235 -0.0471058 -0.30008
0.00508549 -0.0467101 -0.29982
0.00491912 -0.0463794 -0.299651
0.00482341 -0.0461022 -0.299562
