%roll pitch yaw
0.00615823 -0.00578583 -1.10836
0.00615982 -0.00579841 -1.10839
0.00615938 -0.0058129 -1.1084
0.00615225 -0.00583179 -1.10844
0.00615812 -0.00583422 -1.10849
0.006154 -0.00582421 -1.10853
0.00615154 -0.00581737 -1.10854
0.00614552 -0.00580455 -1.10855
0.00614133 -0.00578553 -1.10856
0.00613341 -0.00578143 -1.10858
0.00612764 -0.00578532 -1.10859
0.00612524 -0.00580257 -1.10861
0.00613231 -0.0058195 -1.10865
0.00613393 -0.00582984 -1.10869
0.00613925 -0.00584421 -1.10871
0.00613048 -0.00584705 -1.10874
0.00613724 -0.00583027 -1.10877
0.00613899 -0.00581382 -1.10878
0.00614876 -0.00579975 -1.10881
0.00615306 -0.0057821 -1.10884
0.00615641 -0.00576296 -1.10887
0.00615158 -0.00575861 -1.10891
0.00614039 -0.00577622 -1.10894
0.00613682 -0.0057896 -1.10897
0.00613848 -0.00580795 -1.109
0.00613786 -0.00581811 -1.10902
0.00614849 -0.00582909 -1.10906
0.00615855 -0.00583552 -1.10908
0.00615346 -0.00583285 -1.10909
0.00615878 -0.00581872 -1.10912
0.0061669 -0.00578913 -1.10913
0.00617815 -0.00577144 -1.10916
0.00618057 -0.00576378 -1.10918
0.00617769 -0.00576504 -1.1092
0.00618672 -0.00577356 -1.10923
0.00618953 -0.0057988 -1.10926
0.00619221 -0.00581649 -1.10928
0.00619202 -0.00582296 -1.10932
0.00618559 -0.00582522 -1.10934
0.00617876 -0.00581798 -1.10937
0.00617317 -0.00581809 -1.10941
0.00617457 -0.00580554 -1.10944
0.00618729 -0.00578925 -1.10945
0.00618842 -0.00577785 -1.10947
0.00619392 -0.00577143 -1.1095
0.0061903 -0.00576235 -1.10952
0.00618272 -0.00576595 -1.10955
0.00617514 -0.00578029 -1.10957
0.0061758 -0.00578626 -1.1096
0.00617791 -0.00580319 -1.10962
0.00617642 -0.00581517 -1.10965
0.00616972 -0.00581749 -1.10969
0.0061759 -0.00582092 -1.10972
0.0061745 -0.00581389 -1.10975
0.00617765 -0.00580681 -1.10977
0.00618712 -0.00579369 -1.1098
0.00618217 -0.00577505 -1.10983
0.00617799 -0.00577188 -1.10985
0.00617096 -0.00576517 -1.10987
0.00617951 -0.00577303 -1.10989
0.00617976 -0.00579298 -1.10991
0.00616197 -0.00580249 -1.10993
0.00616041 -0.00580701 -1.10994
0.00616195 -0.00579942 -1.10996
0.00616696 -0.00579974 -1.11
0.00615539 -0.00580535 -1.11002
0.00613959 -0.00579772 -1.11004
0.00612372 -0.0057827 -1.11006
0.00610188 -0.00576552 -1.11009
0.00609629 -0.00575595 -1.11011
0.00610188 -0.00576886 -1.11014
0.00610906 -0.00577497 -1.11018
0.00610972 -0.00577642 -1.11023
0.00610789 -0.00577433 -1.11027
0.00610271 -0.00576357 -1.11031
0.0061095 -0.00575813 -1.11036
0.00611867 -0.00574959 -1.11038
0.00613923 -0.00573689 -1.1104
0.00615105 -0.00572407 -1.11041
0.00615627 -0.00573022 -1.11044
0.00615676 -0.00573563 -1.11047
0.00615085 -0.00574798 -1.11049
0.00615566 -0.00576269 -1.1105
0.00615355 -0.00577442 -1.11053
0.00615167 -0.00579559 -1.11056
0.00615271 -0.00582314 -1.11057
0.00615284 -0.00583175 -1.11057
0.00614776 -0.00584102 -1.11058
0.00614585 -0.00584379 -1.1106
0.00615361 -0.005839 -1.11065
0.00616325 -0.00582837 -1.11069
0.00616191 -0.00580678 -1.11074
0.00615694 -0.00578232 -1.11078
0.00613814 -0.00575612 -1.11082
0.00613199 -0.0057365 -1.11085
0.00613361 -0.00573545 -1.11088
0.00612516 -0.00574429 -1.11092
0.00612517 -0.00576937 -1.11093
0.00612547 -0.00579722 -1.11094
0.00612668 -0.00581955 -1.11096
0.00612711 -0.00583081 -1.11099
0.00612971 -0.00582751 -1.11099
0.00612805 -0.0058248 -1.11101
0.006128 -0.00581948 -1.11103
0.00612615 -0.00579972 -1.11107
0.00612041 -0.00578421 -1.11112
0.0061195 -0.00576231 -1.11116
0.00612034 -0.00576049 -1.1112
0.00613013 -0.00576635 -1.11124
0.00614579 -0.00577873 -1.11127
0.00615246 -0.00580648 -1.11132
0.00615164 -0.00581828 -1.11136
0.00614163 -0.0058356 -1.11139
0.00613844 -0.0058435 -1.11141
0.00613644 -0.00582868 -1.1114
0.00614106 -0.00581108 -1.11141
0.00615023 -0.0057985 -1.11143
0.00615387 -0.00578185 -1.11146
0.00615496 -0.00576345 -1.11148
0.00615795 -0.0057612 -1.11151
0.00616016 -0.00577552 -1.11154
0.00615629 -0.00579272 -1.11157
0.00616333 -0.00580193 -1.11159
0.00617419 -0.005814 -1.11162
0.00617406 -0.00582608 -1.11166
0.00615647 -0.005836 -1.1117
0.0061434 -0.00582677 -1.11173
0.0061468 -0.00581653 -1.11176
0.00615255 -0.00580954 -1.11177
0.00615729 -0.00579562 -1.11179
0.00615445 -0.00578616 -1.11181
0.00614602 -0.00577697 -1.11185
0.00614426 -0.00578278 -1.1119
0.00614278 -0.00579684 -1.11193
0.00614775 -0.00580438 -1.11197
0.0061425 -0.00581826 -1.11199
0.00613419 -0.00582826 -1.11201
0.00612922 -0.00582613 -1.11203
0.00612995 -0.00583496 -1.11203
0.00613321 -0.00583999 -1.11205
0.00613149 -0.00583685 -1.11206
0.00613425 -0.0058181 -1.11208
0.00613396 -0.00579494 -1.11211
0.00612781 -0.0057793 -1.11216
0.00612098 -0.00576932 -1.1122
0.00613211 -0.00577775 -1.11225
0.00614107 -0.00579932 -1.1123
0.00614531 -0.00581393 -1.11235
0.0061472 -0.00582458 -1.11239
0.00614362 -0.00582572 -1.11241
0.00612364 -0.00583644 -1.11243
0.00610599 -0.0058406 -1.11245
0.00610196 -0.005829 -1.11248
0.00609903 -0.0058232 -1.11251
0.00610125 -0.00581588 -1.11254
0.00611603 -0.00580121 -1.11256
0.00612028 -0.00580093 -1.11256
0.00612568 -0.00581371 -1.11257
0.00612685 -0.005828 -1.11259
0.00613218 -0.00584441 -1.11262
0.00614929 -0.00586046 -1.11265
0.00615367 -0.00586672 -1.11269
0.00615581 -0.00586953 -1.11273
0.00615195 -0.00586586 -1.11276
0.00614193 -0.0058516 -1.11277
0.0061317 -0.0058387 -1.11278
0.00613027 -0.00582753 -1.11277
0.00613472 -0.00581721 -1.11278
0.00614327 -0.00581115 -1.11279
0.00615387 -0.00580612 -1.11283
0.00616028 -0.0058209 -1.11287
0.00616399 -0.00584269 -1.11292
0.00615874 -0.00585912 -1.11298
0.00615023 -0.00587162 -1.11301
0.00614554 -0.00587724 -1.11305
0.00613451 -0.00588057 -1.11309
0.00612128 -0.00587244 -1.11312
0.00611936 -0.00586217 -1.11315
0.00611553 -0.0058558 -1.11316
0.00610656 -0.00584267 -1.11318
0.00610268 -0.00582728 -1.11321
0.00609316 -0.00582437 -1.11325
0.00608756 -0.00581203 -1.11331
0.00608836 -0.00580971 -1.11336
0.00608774 -0.00581147 -1.11339
0.00608762 -0.00580129 -1.11343
0.00609363 -0.00579389 -1.11345
0.00610656 -0.00579013 -1.11347
0.00611423 -0.0057844 -1.11348
0.00611565 -0.00578045 -1.11349
0.00610178 -0.00576917 -1.11351
0.00609407 -0.00575968 -1.11356
0.0060956 -0.00574438 -1.1136
0.00609382 -0.00573988 -1.11361
0.00610004 -0.005749 -1.11362
0.00610677 -0.00576173 -1.11362
0.00610699 -0.0057854 -1.11364
0.00610759 -0.00580958 -1.11366
0.00610393 -0.00582974 -1.11366
0.00610128 -0.00584298 -1.11367
0.0060948 -0.00583747 -1.11367
0.00608997 -0.00583532 -1.11369
0.00609144 -0.00582455 -1.11373
0.00608485 -0.00581796 -1.11379
0.00607593 -0.00579826 -1.11383
0.00607447 -0.00579322 -1.11384
0.00607305 -0.00580639 -1.11387
0.006077 -0.00580736 -1.11389
0.00608397 -0.0057995 -1.11391
0.00608798 -0.00579064 -1.11393
0.00609823 -0.00577211 -1.11396
0.0061052 -0.00576275 -1.11399
0.00611906 -0.00577164 -1.11401
0.00612432 -0.00576717 -1.11404
0.00613185 -0.00575539 -1.11406
0.00612014 -0.00574579 -1.1141
0.00612202 -0.00574467 -1.11414
0.00612229 -0.00574245 -1.11418
0.00611422 -0.00574502 -1.11421
0.0061087 -0.0057546 -1.11424
0.00610442 -0.00576639 -1.11428
0.00610426 -0.00578728 -1.11431
0.00609999 -0.0058085 -1.11433
0.00610278 -0.0058106 -1.11435
0.0061013 -0.0058025 -1.11438
0.00610888 -0.0057862 -1.11438
0.00611406 -0.00577483 -1.1144
0.00612712 -0.00575668 -1.11442
0.0061434 -0.00573961 -1.11445
0.0061473 -0.00573404 -1.1145
0.00615084 -0.00572712 -1.11451
0.0061508 -0.00573938 -1.11453
0.0061488 -0.00573995 -1.11455
0.00614157 -0.00574201 -1.11456
0.00614328 -0.00575217 -1.11457
0.0061481 -0.00577053 -1.11462
0.00615779 -0.0057828 -1.11465
0.00616821 -0.005793 -1.11467
0.00618369 -0.00578438 -1.1147
0.00618995 -0.00577729 -1.11473
0.00618303 -0.00575838 -1.11475
0.0061821 -0.00574961 -1.11477
0.00617291 -0.00574456 -1.1148
0.0061709 -0.0057421 -1.11483
0.00616358 -0.00574039 -1.11488
0.00615387 -0.0057489 -1.11494
0.00614766 -0.00576698 -1.11499
0.00613751 -0.00579482 -1.11502
0.00614296 -0.00580692 -1.11504
0.00615117 -0.00580712 -1.11507
0.00615195 -0.00580411 -1.11508
0.00615685 -0.00580233 -1.11507
0.00616049 -0.00579282 -1.11509
0.00616066 -0.00578046 -1.11511
0.00615693 -0.00576748 -1.11514
0.00614383 -0.00575807 -1.11515
0.00613947 -0.00575228 -1.11515
0.0061414 -0.00575357 -1.11515
0.00613767 -0.00575188 -1.11515
0.00613464 -0.00577032 -1.11516
0.00614185 -0.00578467 -1.11519
0.00614273 -0.00578941 -1.11522
0.0061398 -0.00580036 -1.11525
0.00614773 -0.00580226 -1.1153
0.00615885 -0.00579726 -1.11535
0.00615969 -0.00578702 -1.11539
0.00615717 -0.00576997 -1.11544
0.00615686 -0.00575581 -1.11548
0.0061576 -0.00574174 -1.1155
0.00614763 -0.00573169 -1.11552
0.00614286 -0.00572965 -1.11554
0.00614028 -0.00574236 -1.11556
0.00612648 -0.00575714 -1.11559
0.00612263 -0.00578756 -1.11561
0.0061247 -0.0058196 -1.11563
0.00612394 -0.00583345 -1.11566
0.00611996 -0.00582672 -1.11569
0.00612157 -0.00582344 -1.11571
0.00611301 -0.0058264 -1.11576
0.00611802 -0.00583848 -1.11579
0.00611655 -0.00584985 -1.11583
0.0061065 -0.005863 -1.11584
0.00610244 -0.00586229 -1.11588
0.00610451 -0.00585125 -1.11591
0.00610277 -0.0058421 -1.11593
0.00609654 -0.0058274 -1.11594
0.00610302 -0.00580161 -1.11597
0.00611284 -0.00578467 -1.11599
0.00611753 -0.00576376 -1.11602
0.00612564 -0.00576659 -1.11605
0.00612876 -0.00578169 -1.11608
0.00612341 -0.00577862 -1.11611
0.00612661 -0.00577553 -1.11613
0.00613338 -0.00576379 -1.11615
0.00613711 -0.00575684 -1.11617
0.00614196 -0.00575341 -1.1162
0.00613706 -0.00575031 -1.11624
0.00613636 -0.00575469 -1.11628
0.00613679 -0.00576781 -1.11632
0.0061398 -0.00579489 -1.11636
0.00613527 -0.00581758 -1.1164
0.00613151 -0.00583178 -1.11642
0.00613781 -0.0058384 -1.11645
0.00614538 -0.00582998 -1.11647
0.00614383 -0.00581141 -1.1165
0.00614516 -0.00579301 -1.11652
0.00614089 -0.00576901 -1.11654
0.00614656 -0.00575905 -1.11656
0.00615376 -0.00574778 -1.11658
0.00615557 -0.00575901 -1.1166
0.00616194 -0.00576942 -1.11663
0.00615261 -0.00578644 -1.11666
0.00614748 -0.00582194 -1.11667
0.00614746 -0.00585173 -1.11668
0.0061331 -0.00587296 -1.11669
0.00612689 -0.00587587 -1.11671
0.00612659 -0.00586546 -1.11675
0.0061245 -0.00584729 -1.11678
0.00612301 -0.00582736 -1.1168
0.00612557 -0.00579553 -1.11684
0.00612335 -0.00576872 -1.11688
0.00611833 -0.00574367 -1.11693
0.00611063 -0.00573171 -1.11696
0.00611189 -0.00574258 -1.11699
0.00611617 -0.00575665 -1.11704
0.00612437 -0.00577227 -1.11707
0.0061352 -0.00576553 -1.11709
0.00613334 -0.00575838 -1.1171
0.00613363 -0.00575591 -1.11711
0.00612249 -0.0057494 -1.11713
0.00611545 -0.00574429 -1.11713
0.00611181 -0.00573511 -1.11715
0.00610411 -0.00573655 -1.11718
0.0061072 -0.00572781 -1.11722
0.00611257 -0.00571479 -1.11726
0.00612789 -0.00571563 -1.11729
0.00613337 -0.00571637 -1.11731
0.00613642 -0.00571961 -1.11732
0.00613873 -0.00573578 -1.11734
0.00614387 -0.00574206 -1.11736
0.00614257 -0.0057417 -1.11738
0.00613533 -0.00573929 -1.11739
0.00613558 -0.0057426 -1.11741
0.00612991 -0.00573919 -1.11744
0.00612954 -0.00573641 -1.11748
0.00612938 -0.00573023 -1.11752
0.00612096 -0.00572915 -1.11754
0.0061109 -0.00574557 -1.11756
0.00610496 -0.00576374 -1.11757
0.00609767 -0.00578349 -1.11759
0.00608842 -0.00579691 -1.11762
0.00608039 -0.00580663 -1.11765
0.00608065 -0.00582519 -1.11769
0.00608468 -0.00583097 -1.11772
0.00609575 -0.00583802 -1.11774
0.00610033 -0.0058468 -1.11777
0.00609009 -0.00585115 -1.1178
0.00608685 -0.00584088 -1.11784
0.00608967 -0.00582466 -1.11786
0.0060932 -0.00580674 -1.11789
0.00609133 -0.00579974 -1.11791
0.00609269 -0.00578061 -1.11792
0.0060899 -0.00576063 -1.11793
0.00608838 -0.00575194 -1.11795
0.00609298 -0.00575322 -1.11796
0.0061005 -0.0057598 -1.11797
0.00609518 -0.00575227 -1.118
0.0060875 -0.00575534 -1.11802
0.00607794 -0.0057846 -1.11804
0.00606176 -0.00581075 -1.11808
0.00606337 -0.00579931 -1.11811
0.006059 -0.00578705 -1.11815
0.00605436 -0.00578096 -1.11818
0.00605408 -0.00579085 -1.11821
0.00606648 -0.00579424 -1.11824
0.00607148 -0.00578565 -1.11827
0.0060694 -0.00576697 -1.1183
0.00606678 -0.00575395 -1.11833
0.00607181 -0.00575455 -1.11837
0.00606965 -0.00575224 -1.11842
0.00607179 -0.00575821 -1.11844
0.00607069 -0.00577478 -1.11847
0.00607569 -0.0057831 -1.11851
0.00606941 -0.00578407 -1.11855
0.00606263 -0.00578427 -1.11858
0.00605885 -0.00577835 -1.1186
0.00605191 -0.0057747 -1.11862
0.00606509 -0.00576212 -1.11865
0.00606557 -0.00574762 -1.11868
0.00606641 -0.00573122 -1.1187
0.00607065 -0.00572379 -1.11872
0.00607342 -0.0057237 -1.11873
0.00606762 -0.00571917 -1.11874
0.00606655 -0.00572513 -1.11875
0.00607732 -0.00573984 -1.11877
0.00608352 -0.00576774 -1.11879
0.00609967 -0.00575947 -1.11882
0.00610713 -0.00574379 -1.11886
0.00611038 -0.00574723 -1.1189
0.00611503 -0.00576108 -1.11893
0.00611378 -0.00577147 -1.11895
0.0061121 -0.0057775 -1.11895
0.00610287 -0.00577643 -1.11895
0.00609714 -0.00578322 -1.11898
0.00610637 -0.00578705 -1.11903
0.00610472 -0.00580337 -1.11908
0.0060972 -0.00581576 -1.11912
0.00609047 -0.0058158 -1.11914
0.00609768 -0.00581995 -1.11915
0.00609751 -0.005821 -1.11917
0.00608972 -0.00581493 -1.11918
0.00608334 -0.00581233 -1.1192
0.00608234 -0.00582063 -1.11921
0.00608208 -0.00581861 -1.11923
0.0060704 -0.00581201 -1.11925
0.0060614 -0.00579916 -1.11926
0.00604742 -0.00578625 -1.11929
0.00603616 -0.00578541 -1.11932
0.00603556 -0.00579396 -1.11936
0.0060308 -0.00579986 -1.11939
0.0060473 -0.00581617 -1.11942
0.00605782 -0.0058256 -1.11945
0.0060547 -0.00582122 -1.11947
0.00605299 -0.00580264 -1.11949
0.00605121 -0.00578398 -1.11951
0.00605695 -0.00576711 -1.11954
0.00606466 -0.00575544 -1.11958
0.00606395 -0.00574911 -1.11962
0.00607876 -0.00574788 -1.11968
0.00608308 -0.00575435 -1.11971
0.00607302 -0.00576653 -1.11973
0.00606328 -0.00578572 -1.11975
0.00605949 -0.0057905 -1.11974
0.00606052 -0.0057953 -1.11974
0.00606486 -0.00579675 -1.11974
0.0060635 -0.00577831 -1.11976
0.00606345 -0.00576081 -1.11979
0.00606689 -0.00574157 -1.11984
0.00606157 -0.00572757 -1.11987
0.00606178 -0.00573587 -1.1199
0.0060659 -0.00574059 -1.11993
0.006071 -0.00574921 -1.11995
0.00606943 -0.00576044 -1.11997
0.00606926 -0.00578287 -1.11999
0.00606894 -0.00579804 -1.12001
0.00607169 -0.00580157 -1.12004
0.00607044 -0.00579164 -1.12006
0.00608587 -0.00577246 -1.12009
0.00608694 -0.00575385 -1.12012
0.00607678 -0.00572779 -1.12014
0.00607194 -0.00571671 -1.12016
0.00608393 -0.00571889 -1.12017
0.00608543 -0.00571092 -1.12017
0.0060749 -0.00570902 -1.12018
0.00606615 -0.00569735 -1.12019
0.00605345 -0.00569697 -1.1202
0.00604836 -0.00570477 -1.12023
0.00605038 -0.00570402 -1.12026
0.00604033 -0.00570252 -1.12027
0.0060459 -0.00570264 -1.1203
0.00604294 -0.00571842 -1.12033
0.00604446 -0.00574681 -1.12037
0.00604614 -0.00576294 -1.1204
0.00603257 -0.00575322 -1.12044
0.00604154 -0.00573077 -1.12048
0.0060472 -0.0057413 -1.12051
0.00606279 -0.00574928 -1.12054
0.00606333 -0.00573614 -1.12056
0.00605273 -0.00571967 -1.12059
0.00604924 -0.00572399 -1.12059
0.006045 -0.0057366 -1.1206
0.00604649 -0.00573131 -1.12063
0.00604875 -0.00572929 -1.12066
0.00603797 -0.00573759 -1.12069
0.00603804 -0.00576535 -1.12072
0.00603086 -0.00576063 -1.12075
0.00603813 -0.00574548 -1.12078
0.00604326 -0.00574985 -1.12081
0.00604647 -0.00576602 -1.12083
0.0060558 -0.00577252 -1.12086
0.00604947 -0.0057592 -1.12089
0.00604921 -0.00575213 -1.12094
0.00604966 -0.00576863 -1.12097
0.0060405 -0.00577099 -1.12101
0.00604421 -0.00575623 -1.12102
0.00604178 -0.00575071 -1.12102
0.00604902 -0.00575591 -1.12104
0.00605084 -0.00577003 -1.12106
0.00604564 -0.00576368 -1.12107
0.00606017 -0.00575547 -1.12109
0.00605393 -0.00576348 -1.12113
0.00605571 -0.00578103 -1.12118
0.00605407 -0.0057796 -1.1212
0.00604806 -0.00576886 -1.12123
0.00604864 -0.00577562 -1.12126
0.00603941 -0.0057874 -1.12129
0.00604592 -0.0057873 -1.12132
0.00603773 -0.00577131 -1.12134
0.00603681 -0.00576329 -1.12137
0.00603767 -0.00577996 -1.12141
0.0060242 -0.00578397 -1.12143
0.00602798 -0.0057667 -1.12145
0.00602036 -0.00576233 -1.12148
0.00602971 -0.00576614 -1.1215
0.00604497 -0.00577277 -1.12153
0.00604766 -0.00575468 -1.12156
0.00606273 -0.00574773 -1.12158
0.00606197 -0.00576989 -1.1216
0.00606925 -0.00577519 -1.12163
0.00606556 -0.005766 -1.12166
0.00604897 -0.00575157 -1.12168
0.00605156 -0.00576266 -1.1217
0.00605017 -0.0057863 -1.12172
0.00605837 -0.00577284 -1.12174
0.00604595 -0.00576183 -1.12176
0.00603093 -0.0057619 -1.1218
0.00603054 -0.00577567 -1.12182
0.00602328 -0.00578613 -1.12184
0.00602462 -0.005779 -1.12186
0.00603178 -0.00578749 -1.12187
0.00603115 -0.00581087 -1.12189
0.00603631 -0.00582871 -1.12193
0.00604359 -0.00581328 -1.12196
0.00605206 -0.00578657 -1.12201
0.00606331 -0.00579913 -1.12206
0.00606568 -0.00582355 -1.1221
0.00608059 -0.00582612 -1.12212
0.00607604 -0.00581781 -1.12215
0.00607422 -0.00582752 -1.12218
0.00607574 -0.00584367 -1.1222
0.00606885 -0.00582642 -1.12223
0.00607128 -0.00579936 -1.12223
0.00605816 -0.005792 -1.12226
0.00605704 -0.00580249 -1.12229
0.00605418 -0.00580494 -1.12233
0.00604613 -0.00579474 -1.12235
0.00605937 -0.00578808 -1.12238
0.0060532 -0.00580311 -1.12241
0.0060575 -0.00580721 -1.12245
0.00606519 -0.00579482 -1.12249
0.0060682 -0.00579259 -1.12252
0.0060764 -0.00580874 -1.12254
0.00606914 -0.00582293 -1.12256
0.00607553 -0.00581367 -1.12257
0.00606837 -0.00580042 -1.12258
0.00606979 -0.00580275 -1.1226
0.00607541 -0.00581004 -1.12262
0.00607486 -0.00581505 -1.12264
0.00608275 -0.00579082 -1.12268
0.00608482 -0.00579118 -1.12273
0.00609162 -0.0058064 -1.12278
0.00609655 -0.00579753 -1.12281
0.00608524 -0.00578656 -1.12284
0.00608409 -0.00578125 -1.12285
0.00607672 -0.00579854 -1.12284
0.00607926 -0.00583042 -1.12283
0.00608177 -0.00582349 -1.12282
0.00608194 -0.00581501 -1.12284
0.00608234 -0.00581789 -1.12288
0.00608574 -0.00582434 -1.12292
0.00610087 -0.00581253 -1.12297
0.00610444 -0.00578976 -1.123
0.00610867 -0.00579817 -1.12303
0.00611323 -0.00580898 -1.12305
0.00610472 -0.00580473 -1.12305
0.00609985 -0.00578697 -1.12306
0.00608517 -0.00576106 -1.12309
0.00608696 -0.00574919 -1.12314
0.00608852 -0.00576297 -1.12319
0.00609708 -0.00578302 -1.12323
0.00608894 -0.00579816 -1.12325
0.00609687 -0.00578372 -1.12328
0.00610475 -0.0057794 -1.12331
0.00610088 -0.00578896 -1.12334
0.00609396 -0.00580463 -1.12336
0.0060848 -0.00580837 -1.12338
0.0060958 -0.00579228 -1.12341
0.00610283 -0.0057798 -1.12342
0.00610853 -0.00577271 -1.12344
0.006104 -0.00577923 -1.12345
0.00610273 -0.00577611 -1.12346
0.00611263 -0.00577717 -1.1235
0.00611 -0.00579153 -1.12354
0.00611259 -0.00581447 -1.12357
0.00611538 -0.00581883 -1.12361
0.00613588 -0.00580483 -1.12363
0.00614005 -0.0057932 -1.12365
0.00614248 -0.00578849 -1.12366
0.00612792 -0.00579929 -1.12369
0.00611065 -0.00581895 -1.12372
0.00609744 -0.00582473 -1.12375
0.00609785 -0.00580792 -1.12376
0.00609969 -0.00579637 -1.12376
0.00608897 -0.00578631 -1.12376
0.00608578 -0.00579458 -1.12378
0.0060765 -0.00581162 -1.12381
0.00608036 -0.00581889 -1.12384
0.00607296 -0.00580643 -1.12387
0.00607053 -0.00578556 -1.12392
0.00606842 -0.00576769 -1.12395
0.00606597 -0.00576227 -1.12396
0.00607029 -0.00575179 -1.124
0.00607515 -0.00576226 -1.12403
0.00607678 -0.00576532 -1.12407
0.0060808 -0.00577333 -1.12411
0.00608994 -0.00577714 -1.12413
0.00607777 -0.00576337 -1.12416
0.00607208 -0.00574479 -1.12416
0.00606756 -0.00573581 -1.12417
0.00605656 -0.00573278 -1.12418
0.0060501 -0.00573634 -1.1242
0.00605039 -0.00574198 -1.12422
0.00604737 -0.00576324 -1.12425
0.0060489 -0.00577583 -1.12428
0.00604537 -0.00576797 -1.12431
0.00604205 -0.00575733 -1.12437
0.00604606 -0.00574906 -1.1244
0.00605481 -0.00575035 -1.12443
0.00605534 -0.00576319 -1.12446
0.00605489 -0.00577781 -1.12449
0.00605039 -0.00579113 -1.12449
0.00604121 -0.00579489 -1.12451
0.00603638 -0.00579569 -1.12454
0.00603187 -0.0057866 -1.12457
0.00602181 -0.00575901 -1.12459
0.00601561 -0.00574058 -1.1246
0.00601685 -0.00572296 -1.12463
0.00602081 -0.00571209 -1.12465
0.00601712 -0.00571296 -1.12467
0.00601834 -0.00572114 -1.1247
0.00601731 -0.00573029 -1.12473
0.00601283 -0.00574067 -1.12477
0.00600608 -0.00575465 -1.12481
0.00600616 -0.00576371 -1.12484
0.00601063 -0.00576868 -1.12487
0.00601487 -0.00577972 -1.12491
0.00602322 -0.00578429 -1.12494
0.00602459 -0.00577767 -1.12495
0.00601798 -0.00576256 -1.12498
0.00601208 -0.0057417 -1.12501
0.00601391 -0.00572809 -1.12503
0.00601931 -0.00572057 -1.12506
0.00601192 -0.00571567 -1.1251
0.00600657 -0.00572339 -1.12514
0.00601373 -0.00572843 -1.12518
0.00601889 -0.00574592 -1.12522
0.00601829 -0.00575584 -1.12526
0.00602745 -0.00576557 -1.12528
0.0060315 -0.00577674 -1.12529
0.00603344 -0.00576903 -1.12531
0.00603409 -0.00575286 -1.12534
0.0060359 -0.00572655 -1.12536
0.00603556 -0.00570061 -1.12539
0.00602967 -0.00569269 -1.12542
0.00603359 -0.00569353 -1.12544
0.00604143 -0.00570332 -1.12546
0.00604883 -0.00571718 -1.12548
0.00605598 -0.00572918 -1.1255
0.00606333 -0.00573896 -1.12553
0.00606328 -0.00574534 -1.12556
0.00606285 -0.00574286 -1.12559
0.00606252 -0.0057409 -1.1256
0.00606299 -0.00573891 -1.12562
0.00606805 -0.00572443 -1.12564
0.00606771 -0.0057084 -1.12566
0.00605722 -0.00569906 -1.12569
0.00605893 -0.00569411 -1.12574
0.00606205 -0.00570314 -1.12577
0.00606539 -0.00572341 -1.1258
0.00606716 -0.00573256 -1.12583
0.00606364 -0.00574633 -1.12585
0.00606356 -0.00576352 -1.12588
0.00606626 -0.00577985 -1.12592
0.00607123 -0.00578975 -1.12594
0.00606458 -0.00578247 -1.12597
0.00606799 -0.00577667 -1.12599
0.00607513 -0.00576984 -1.12603
0.00608026 -0.00575702 -1.12606
0.00608567 -0.00575605 -1.12608
0.00608599 -0.00575532 -1.12611
0.00608966 -0.00575756 -1.12613
0.00608606 -0.0057724 -1.12614
0.00608288 -0.00578561 -1.12616
0.00607575 -0.00579244 -1.12616
0.00607559 -0.00580522 -1.12617
0.00607276 -0.00581696 -1.12619
0.00607254 -0.00581887 -1.12621
0.00607559 -0.00580379 -1.12623
0.00606892 -0.00578104 -1.12627
0.00605321 -0.00575384 -1.12631
0.00604462 -0.00573327 -1.12633
0.00604585 -0.00571778 -1.12635
0.00603998 -0.00571239 -1.12639
0.00604579 -0.00571911 -1.12641
0.00604776 -0.00573949 -1.12645
0.00605476 -0.00576512 -1.12649
0.00606224 -0.0057868 -1.12652
0.00606786 -0.00577705 -1.12655
0.006074 -0.00577425 -1.12659
0.00606973 -0.00577468 -1.12662
0.00606278 -0.00576914 -1.12667
0.00605474 -0.0057492 -1.12671
0.00604618 -0.0057401 -1.12672
0.0060466 -0.00572378 -1.12673
0.00604706 -0.00571784 -1.12675
0.00604928 -0.00572465 -1.12677
0.00604442 -0.00574248 -1.12678
0.00604504 -0.00575481 -1.1268
0.00604616 -0.00575873 -1.12683
0.0060576 -0.0057684 -1.12685
0.00606903 -0.00576883 -1.12688
0.00606742 -0.00577157 -1.1269
0.00606712 -0.00575238 -1.12693
0.00606881 -0.00573027 -1.12695
0.0060646 -0.00572475 -1.12699
0.00607021 -0.00572893 -1.12703
0.00606619 -0.00573405 -1.12706
0.00606456 -0.00572763 -1.12709
0.00605544 -0.00571725 -1.12712
0.00604287 -0.00570435 -1.12715
0.00604407 -0.00569845 -1.12716
0.00604617 -0.00569857 -1.12718
0.00605968 -0.00570729 -1.12721
0.00606917 -0.0057073 -1.12723
0.00608214 -0.00569578 -1.12726
0.00608382 -0.00570225 -1.12729
0.00608656 -0.00572403 -1.12731
0.0061006 -0.0057389 -1.12732
0.00609956 -0.00573364 -1.12734
0.0060954 -0.00571807 -1.12734
0.00609184 -0.00572106 -1.12736
0.00608805 -0.00573603 -1.12738
0.00608786 -0.00574971 -1.12738
0.00609169 -0.00575346 -1.1274
0.00608303 -0.00574114 -1.12742
0.00608527 -0.00572204 -1.12745
0.00607643 -0.00572226 -1.12749
0.00606961 -0.00571466 -1.12751
0.00606021 -0.00571931 -1.12754
0.00606369 -0.00574346 -1.12756
0.00606106 -0.00576724 -1.12759
0.00605749 -0.00579276 -1.12761
0.0060498 -0.00579752 -1.12764
0.00604401 -0.0057784 -1.12767
0.00603619 -0.00576776 -1.12769
0.00603886 -0.00576807 -1.12773
0.00604634 -0.0057663 -1.12777
0.00604056 -0.00576367 -1.1278
0.00603693 -0.00574858 -1.12784
0.00605034 -0.0057374 -1.12788
0.00606348 -0.00573453 -1.12791
0.00607541 -0.00574294 -1.12795
0.00609132 -0.00575711 -1.12797
0.0060931 -0.00577031 -1.12799
0.00608361 -0.00578239 -1.12801
0.00609017 -0.00578425 -1.12805
0.00610262 -0.00579185 -1.12809
0.00611623 -0.00579288 -1.12811
0.00612133 -0.00579501 -1.12814
0.00611958 -0.00580202 -1.12815
0.00611295 -0.00580863 -1.12817
0.00610613 -0.00580707 -1.12821
0.00610154 -0.00578419 -1.12826
0.00610275 -0.00575977 -1.1283
0.00609523 -0.00573863 -1.12834
0.00609113 -0.00571716 -1.12837
0.00608367 -0.00571825 -1.12842
0.00607684 -0.00572883 -1.12846
0.0060762 -0.00574248 -1.12848
0.00607147 -0.00576571 -1.12851
0.00606529 -0.00577595 -1.12853
0.00605841 -0.00576739 -1.12857
0.00605958 -0.00576897 -1.12861
0.0060695 -0.00576827 -1.12865
0.0060872 -0.00577032 -1.12869
0.00609756 -0.00577542 -1.12871
0.00609893 -0.00578306 -1.12874
0.00610178 -0.00579053 -1.12877
0.00610257 -0.00578721 -1.12879
0.00610492 -0.00578253 -1.12881
0.0060976 -0.00578856 -1.12884
0.00609216 -0.00578592 -1.12887
0.00608519 -0.00578127 -1.12889
0.0060746 -0.00576809 -1.12891
0.00606725 -0.00576518 -1.12894
0.00606284 -0.00575718 -1.12897
0.00606874 -0.00576458 -1.12899
0.00606502 -0.00576947 -1.129
0.00605932 -0.00576609 -1.12901
0.00605196 -0.00575888 -1.12903
0.00606096 -0.00574321 -1.12906
0.00607066 -0.00573093 -1.1291
0.0060756 -0.00572717 -1.12914
0.0060853 -0.0057276 -1.12916
0.00608963 -0.00573612 -1.1292
0.00609566 -0.00574335 -1.12923
0.00610274 -0.00575618 -1.12927
0.00610655 -0.00577195 -1.1293
0.00610842 -0.00577713 -1.12931
0.00611015 -0.00577841 -1.12932
0.00611545 -0.00577806 -1.12932
0.0061118 -0.00578813 -1.12932
0.0061064 -0.00579166 -1.12932
0.00610745 -0.00579006 -1.12935
0.00611561 -0.00577505 -1.12937
0.0061162 -0.00576301 -1.12941
0.00611733 -0.00574844 -1.12944
0.00612324 -0.00573123 -1.12948
0.00613567 -0.00571455 -1.12951
0.00614274 -0.00571593 -1.12953
0.00613449 -0.00572645 -1.12956
0.00612479 -0.00573951 -1.12959
0.00611603 -0.00575989 -1.1296
0.00610181 -0.00578511 -1.12961
0.00609624 -0.00578969 -1.12964
0.00609311 -0.00578537 -1.12967
0.0060861 -0.00576671 -1.12971
0.00609141 -0.00576316 -1.12975
0.00609279 -0.00576833 -1.12979
0.00609489 -0.00578194 -1.12982
0.00609246 -0.00578296 -1.12983
0.00609314 -0.00576838 -1.12984
0.00609399 -0.00576203 -1.12986
0.00609382 -0.00575011 -1.12991
0.0060869 -0.00574371 -1.12994
0.00608706 -0.00573124 -1.12997
0.00608658 -0.00573684 -1.13001
0.00608448 -0.00575279 -1.13004
0.00609197 -0.00576558 -1.13007
0.00609573 -0.00577428 -1.1301
0.00609155 -0.00578531 -1.13013
0.006081 -0.00577706 -1.13016
0.00607469 -0.00577316 -1.13018
0.00606872 -0.00576035 -1.1302
0.00606902 -0.00574933 -1.13022
0.00607254 -0.00574006 -1.13024
0.0060727 -0.00573224 -1.13026
0.00608229 -0.00573264 -1.13027
0.00608611 -0.00574296 -1.13028
0.00609705 -0.00575568 -1.1303
0.00609863 -0.00577404 -1.13032
0.00609187 -0.00579164 -1.13035
0.00609607 -0.00580252 -1.13037
0.00610092 -0.00581172 -1.1304
0.00610159 -0.00582657 -1.13042
0.00610109 -0.00582654 -1.13043
0.00610106 -0.005793 -1.13046
0.00608616 -0.00577139 -1.13048
0.00607452 -0.00574771 -1.13052
0.00607017 -0.00572275 -1.13055
0.0060726 -0.00572613 -1.13057
0.00607924 -0.00573025 -1.13059
0.00608497 -0.00574292 -1.1306
0.00608461 -0.00575755 -1.13062
0.00608778 -0.00575421 -1.13065
0.00609292 -0.00575323 -1.13067
0.00608383 -0.00574243 -1.13069
0.00607686 -0.00572411 -1.13073
0.00608379 -0.00570702 -1.13075
0.00609196 -0.00570243 -1.13077
0.00608533 -0.00569624 -1.1308
0.00608144 -0.00569222 -1.13084
0.00608117 -0.00569038 -1.13088
0.0060779 -0.00569272 -1.13092
0.00607491 -0.00570445 -1.13096
0.0060733 -0.00573246 -1.131
0.00607743 -0.00573522 -1.13103
0.0060856 -0.00572575 -1.13105
0.00609628 -0.00572785 -1.13109
0.00609292 -0.0057445 -1.13112
0.00609111 -0.00576354 -1.13115
0.00608861 -0.00575131 -1.13117
0.00609698 -0.00572956 -1.13119
0.00609659 -0.00573783 -1.1312
0.00608711 -0.00574267 -1.13123
0.00609632 -0.00574733 -1.13125
0.00608762 -0.00573441 -1.13128
0.00607443 -0.00571636 -1.1313
0.00605545 -0.00569859 -1.13133
0.0060465 -0.00567894 -1.13135
0.00604791 -0.00567709 -1.13138
0.00604165 -0.00568476 -1.13143
0.00603621 -0.00570735 -1.13146
0.00603135 -0.00572711 -1.1315
0.00601526 -0.00573811 -1.13153
0.00600943 -0.0057522 -1.13156
0.00601004 -0.00576203 -1.13157
0.00601547 -0.00577148 -1.1316
0.00601503 -0.00576871 -1.13161
0.00601666 -0.00575611 -1.13162
0.00602764 -0.00573832 -1.13163
0.00603666 -0.00571441 -1.13166
0.00604566 -0.00569007 -1.13167
0.00604546 -0.00568097 -1.13169
0.00604231 -0.00569296 -1.13172
0.00603802 -0.00571367 -1.13175
0.00602761 -0.00572743 -1.13178
0.00602344 -0.00574335 -1.13182
0.00602949 -0.0057479 -1.13188
0.00603906 -0.00574805 -1.13193
0.00604955 -0.00575381 -1.13197
0.00605736 -0.0057444 -1.13199
0.00605945 -0.00572858 -1.13199
0.00606309 -0.00571224 -1.132
0.0060641 -0.00570151 -1.13201
0.00606037 -0.00570527 -1.13201
0.00605426 -0.0057131 -1.13203
0.0060417 -0.00572372 -1.13206
0.00603109 -0.00574011 -1.13208
0.00603617 -0.0057572 -1.13212
0.00604335 -0.00576939 -1.13215
0.00605675 -0.00576435 -1.13218
0.00607231 -0.00574973 -1.13221
0.00607553 -0.00573796 -1.13224
0.00607268 -0.00572235 -1.13226
0.00606635 -0.00571845 -1.1323
0.00605743 -0.00572561 -1.13235
0.00605816 -0.00572775 -1.13239
0.00606599 -0.0057475 -1.13242
0.00606519 -0.00576313 -1.13245
0.00606736 -0.0057831 -1.13246
0.00606065 -0.0057925 -1.13248
0.00604874 -0.00578851 -1.13251
0.00604548 -0.00578568 -1.13254
0.00604989 -0.00577181 -1.13256
0.00605266 -0.00575555 -1.13258
0.00606162 -0.00574029 -1.13259
0.00606506 -0.00573129 -1.13261
0.00606845 -0.00572853 -1.13263
0.00606361 -0.00572869 -1.13265
0.00606384 -0.00573958 -1.1327
0.00607514 -0.0057548 -1.13275
0.00608402 -0.00576033 -1.13279
0.0060728 -0.00576928 -1.13283
0.00607209 -0.00576378 -1.13286
0.00606845 -0.00576083 -1.13289
0.00606188 -0.00574954 -1.13291
0.00606409 -0.00572993 -1.13294
0.00606705 -0.00571296 -1.13296
0.00606811 -0.00571468 -1.13298
0.0060585 -0.00571642 -1.13301
0.00605852 -0.00572933 -1.13306
0.00606389 -0.00574072 -1.13312
0.00606482 -0.00576553 -1.13317
0.0060633 -0.00577677 -1.1332
0.00606745 -0.00578799 -1.13322
0.00607396 -0.0057966 -1.13326
0.00607963 -0.00579432 -1.13329
0.00608078 -0.00579044 -1.13332
0.00608303 -0.00577691 -1.13336
0.0060866 -0.00575962 -1.13339
0.00608119 -0.00574596 -1.13342
0.00607988 -0.00574114 -1.13346
0.0060789 -0.00574499 -1.13351
0.00608157 -0.00574347 -1.13356
0.00608322 -0.00573609 -1.13359
0.00608435 -0.00572279 -1.13359
0.00609219 -0.00570801 -1.13359
0.00609922 -0.00570178 -1.13359
0.00610454 -0.00570047 -1.1336
0.00611126 -0.00571461 -1.13362
0.00610725 -0.0057398 -1.13365
0.00609849 -0.00575629 -1.13369
0.00609771 -0.00576395 -1.13373
0.00609699 -0.00576428 -1.13376
0.00609479 -0.00576492 -1.1338
0.00610047 -0.00575883 -1.13383
0.00610457 -0.00573971 -1.13384
0.00610928 -0.00572448 -1.13385
0.00611767 -0.00571017 -1.13386
0.00612014 -0.00571463 -1.13387
0.00612578 -0.00573713 -1.13388
0.00611865 -0.00574863 -1.1339
0.00611602 -0.00575425 -1.13391
0.0061198 -0.00575074 -1.13392
0.00612807 -0.0057318 -1.13393
0.00612872 -0.00572094 -1.13395
0.00612183 -0.00571822 -1.13398
0.00611498 -0.00571517 -1.134
0.00611485 -0.00571626 -1.13402
0.00609862 -0.00572244 -1.13405
0.00609031 -0.00574258 -1.13407
0.00609562 -0.00576344 -1.1341
0.00610128 -0.00577848 -1.13412
0.00609827 -0.00578346 -1.13415
0.00609774 -0.00578873 -1.13416
0.00609389 -0.00579987 -1.13419
0.00609014 -0.00578531 -1.13422
0.00609492 -0.00576162 -1.13424
0.00608648 -0.00576004 -1.13426
0.00607319 -0.00577595 -1.13428
0.00605597 -0.00578985 -1.13431
0.00605166 -0.00578241 -1.13434
0.00606267 -0.00577579 -1.13437
0.00607067 -0.00579387 -1.13441
0.00609493 -0.0058173 -1.13445
0.00609 -0.00581645 -1.13447
0.00608899 -0.00578914 -1.1345
0.00608386 -0.00577361 -1.13453
0.00608185 -0.00579389 -1.13456
0.00608144 -0.00580603 -1.13458
0.00608322 -0.00578871 -1.1346
0.00610145 -0.00576058 -1.13461
0.00609074 -0.00575997 -1.13462
0.00609333 -0.00578773 -1.13464
0.00609648 -0.00579215 -1.13465
0.00609589 -0.00578161 -1.13466
0.00609247 -0.00575887 -1.13468
0.00607944 -0.00576991 -1.13471
0.0060761 -0.00577869 -1.13474
0.00606601 -0.0057701 -1.13477
0.00605342 -0.00575996 -1.1348
0.00603463 -0.00575809 -1.13483
0.00603302 -0.00575996 -1.13485
0.00603408 -0.00578121 -1.13487
0.00603925 -0.0057761 -1.1349
0.00604274 -0.00575634 -1.13492
0.00604054 -0.00575027 -1.13496
0.00605323 -0.00574849 -1.13498
0.00605255 -0.0057639 -1.135
0.00605184 -0.00576497 -1.13503
0.00605797 -0.00575565 -1.13505
0.00606632 -0.00576177 -1.13507
0.00607546 -0.00577377 -1.13511
0.00607222 -0.00577927 -1.13514
0.00607318 -0.00577371 -1.13519
0.00606639 -0.00575397 -1.13524
0.00607046 -0.00574225 -1.13527
0.00606871 -0.00573838 -1.13529
0.00607589 -0.00574282 -1.13531
0.0060757 -0.00573118 -1.13534
0.00606985 -0.00572085 -1.13539
0.00607167 -0.00570786 -1.13542
0.00607573 -0.00569787 -1.13545
0.0060751 -0.00569991 -1.13547
0.00607309 -0.00571864 -1.13548
0.00607505 -0.00574028 -1.13551
0.00608074 -0.00575595 -1.13555
0.00610349 -0.00576923 -1.13559
0.00611633 -0.00577111 -1.13561
0.00612025 -0.00576948 -1.13563
0.0061162 -0.00576642 -1.13565
0.006111 -0.00576457 -1.13567
0.00610275 -0.00575058 -1.13569
0.00611075 -0.00573497 -1.1357
0.00611818 -0.0057181 -1.13574
0.00611824 -0.00571615 -1.1358
0.00611928 -0.00571781 -1.13584
0.00611293 -0.0057313 -1.13587
0.00610293 -0.00575106 -1.1359
0.00609578 -0.0057703 -1.13593
0.00609588 -0.00578 -1.13596
0.00609764 -0.00578288 -1.13601
0.00609979 -0.00576853 -1.13604
0.00609386 -0.00574604 -1.13607
0.00609131 -0.00572476 -1.1361
0.00609583 -0.00570282 -1.13612
0.00609556 -0.00569635 -1.13613
0.00609121 -0.00568744 -1.13616
0.00608735 -0.00569601 -1.13619
0.00608673 -0.0057144 -1.13621
0.00607512 -0.0057331 -1.13622
0.00607172 -0.00574968 -1.13623
0.00606965 -0.00574493 -1.13624
0.00606419 -0.00574096 -1.13627
0.00606327 -0.00575052 -1.13631
0.00605748 -0.00575943 -1.13635
0.00605504 -0.00575514 -1.13639
0.00604577 -0.00571874 -1.13642
0.00605195 -0.00568768 -1.13646
0.00605531 -0.00568536 -1.13649
0.00606028 -0.00569939 -1.13652
0.00606807 -0.00569676 -1.13654
0.0060747 -0.00568042 -1.13658
0.0060761 -0.00568001 -1.1366
0.00606842 -0.00569575 -1.13661
0.00606225 -0.00571051 -1.13662
0.00605087 -0.00570789 -1.13665
0.00605287 -0.00569089 -1.13667
0.00605261 -0.00568027 -1.13672
0.00605206 -0.00568423 -1.13677
0.00605163 -0.00570241 -1.13681
0.00606334 -0.00570927 -1.13684
0.00605756 -0.00570429 -1.13686
0.00606068 -0.00569122 -1.1369
0.00605737 -0.005676 -1.13693
0.00605111 -0.00566831 -1.13695
0.00604692 -0.0056741 -1.13697
0.00604651 -0.00568443 -1.137
0.00604262 -0.00569551 -1.13704
0.00604006 -0.00569759 -1.13707
0.00604315 -0.00569091 -1.13708
0.00603952 -0.0056874 -1.13708
0.00603839 -0.00569245 -1.13709
0.00603697 -0.00569946 -1.13709
0.00604229 -0.00570355 -1.1371
0.00605253 -0.00570226 -1.13711
0.00606309 -0.0056909 -1.13712
0.00607301 -0.00567733 -1.13713
0.00606609 -0.00566822 -1.13716
0.00606364 -0.00565206 -1.1372
0.006062 -0.0056453 -1.13723
0.00605713 -0.00567247 -1.13727
0.00605724 -0.00570186 -1.13731
0.00606235 -0.00569986 -1.13735
0.00606667 -0.00569196 -1.13739
0.00605947 -0.00568978 -1.13743
0.00606013 -0.00569869 -1.13746
0.00606077 -0.0057084 -1.1375
0.00607367 -0.00570293 -1.13753
0.00607593 -0.00569156 -1.13755
0.00608144 -0.00567721 -1.13755
0.00609188 -0.00566945 -1.13758
0.00609614 -0.00565115 -1.1376
0.00609797 -0.00564332 -1.13762
0.00609693 -0.00563028 -1.13764
0.00608537 -0.00562852 -1.13764
0.0060896 -0.00563724 -1.13765
0.00609312 -0.00565278 -1.13767
0.00608922 -0.0056691 -1.13769
0.00608003 -0.00569287 -1.13771
0.00608169 -0.0057065 -1.13771
0.00608576 -0.00571313 -1.13773
0.00608433 -0.00571068 -1.13778
0.00608902 -0.00571404 -1.13782
0.0060912 -0.00572639 -1.13785
0.00609164 -0.00572907 -1.13789
0.00609191 -0.00572606 -1.13793
0.00609013 -0.00571363 -1.13798
0.00608594 -0.00570061 -1.13801
0.00607996 -0.00568445 -1.13804
0.00607814 -0.00567529 -1.13806
0.00607407 -0.00566421 -1.13808
0.00606136 -0.00567158 -1.1381
0.00606138 -0.00568169 -1.13812
0.00606731 -0.00569887 -1.13816
0.00606327 -0.00572211 -1.13818
0.00606337 -0.00573815 -1.13821
0.00606106 -0.00574364 -1.13824
0.00605499 -0.00573763 -1.13826
0.00604112 -0.00571904 -1.13828
0.00603496 -0.00568976 -1.1383
0.00603053 -0.00567134 -1.13833
0.00603362 -0.00566155 -1.13837
0.00604653 -0.00566163 -1.13839
0.00605438 -0.00567432 -1.13842
0.00605891 -0.0056869 -1.13846
0.00605152 -0.00570032 -1.13848
0.00604417 -0.00571366 -1.13851
0.00604141 -0.00571626 -1.13854
0.00603173 -0.00571589 -1.13857
0.00602587 -0.00570866 -1.13859
0.00602474 -0.00570634 -1.13861
0.00602912 -0.00569777 -1.13862
0.00602784 -0.00568434 -1.13863
0.00601935 -0.00567974 -1.13865
0.00601436 -0.00567662 -1.13868
0.00601983 -0.00568355 -1.1387
0.00601648 -0.00569326 -1.13873
0.00601748 -0.00571415 -1.13873
0.00602236 -0.00574331 -1.13875
0.00601648 -0.00575822 -1.13879
0.0060117 -0.00575465 -1.13884
0.00600994 -0.00574088 -1.13887
0.00602227 -0.00571335 -1.13891
0.00602833 -0.00569288 -1.13895
0.00602757 -0.00567974 -1.139
0.00602238 -0.0056765 -1.13904
0.00601595 -0.00568823 -1.13907
0.00600824 -0.00569552 -1.1391
0.00601577 -0.00570633 -1.13914
0.00601706 -0.00572302 -1.13918
0.00602034 -0.00573525 -1.13921
0.00602346 -0.00574713 -1.13922
0.0060306 -0.005752 -1.13925
0.00603845 -0.00574788 -1.13927
0.00604001 -0.00573617 -1.1393
0.00604113 -0.00572325 -1.13931
0.00604794 -0.00571645 -1.13933
0.00604699 -0.00571138 -1.13935
0.00603753 -0.00571832 -1.13938
0.0060407 -0.00572129 -1.13939
0.00605103 -0.00572323 -1.13941
0.00604563 -0.00571467 -1.13944
0.00604278 -0.00570659 -1.13947
0.00604688 -0.00570742 -1.1395
0.00604831 -0.00573121 -1.13952
0.00605218 -0.00575216 -1.13955
0.00604441 -0.00574571 -1.13958
0.00604197 -0.00572584 -1.13961
0.00603519 -0.00572011 -1.13964
0.00602122 -0.00573265 -1.13967
0.00602993 -0.00572628 -1.1397
0.00604056 -0.00571223 -1.13972
0.00604282 -0.00571344 -1.13975
0.00605476 -0.00574521 -1.13977
0.00605672 -0.00576882 -1.13979
0.00605831 -0.00575272 -1.13981
0.00605935 -0.00573747 -1.13981
0.00607078 -0.00575358 -1.13982
0.00607226 -0.0057692 -1.13985
0.00606678 -0.00576203 -1.13988
0.00606135 -0.00573972 -1.13989
0.00605367 -0.00573907 -1.13993
0.00605939 -0.00574989 -1.13996
0.00607083 -0.00574961 -1.13998
0.00607687 -0.00575638 -1.14002
0.00607812 -0.00575618 -1.14006
0.00606798 -0.00574765 -1.14009
0.00606099 -0.00573265 -1.14012
0.00605647 -0.00572083 -1.14014
0.00604929 -0.00573079 -1.14016
0.00604504 -0.00574928 -1.14018
0.00603829 -0.00577064 -1.14021
0.00603828 -0.00578766 -1.14022
0.00604144 -0.00580109 -1.14025
0.00604966 -0.00580847 -1.14027
0.00606169 -0.00580112 -1.1403
0.00606149 -0.00579592 -1.14031
0.00606049 -0.00578444 -1.14035
0.00607067 -0.00577033 -1.14039
0.00607661 -0.00577127 -1.14042
0.00607263 -0.00577947 -1.14044
0.00607072 -0.00578634 -1.14048
0.00606916 -0.00580361 -1.14051
0.00606604 -0.00582044 -1.14054
0.00606226 -0.00583575 -1.14056
0.0060675 -0.00583468 -1.14058
0.00607191 -0.0058321 -1.1406
0.00606685 -0.00582675 -1.14062
0.00606583 -0.00579719 -1.14064
0.00606641 -0.00576488 -1.14067
0.00605817 -0.00573718 -1.14069
0.00606258 -0.00572923 -1.14073
0.00606071 -0.00573597 -1.14075
0.00605609 -0.00575119 -1.14077
0.00604902 -0.00577106 -1.1408
0.00605157 -0.00578358 -1.14083
0.00605628 -0.00579921 -1.14088
0.00605898 -0.0058095 -1.14093
0.00605875 -0.00579447 -1.14095
0.00604802 -0.00577561 -1.14096
0.00604294 -0.00575833 -1.14097
0.00604399 -0.00574387 -1.14099
0.0060407 -0.00574556 -1.14099
0.00603873 -0.00575592 -1.14101
0.00603488 -0.00577 -1.14102
0.00602875 -0.00577781 -1.14105
0.00602815 -0.00578482 -1.14106
0.00602392 -0.0058047 -1.14109
0.00601688 -0.00581759 -1.14112
0.00600709 -0.00582177 -1.14115
0.00600032 -0.00581396 -1.14117
0.00600157 -0.00579501 -1.1412
0.00601026 -0.0057715 -1.14123
0.00601816 -0.00575203 -1.14126
0.00601548 -0.00575069 -1.14131
0.00600884 -0.00575131 -1.14135
0.0060031 -0.00576183 -1.14138
0.00599927 -0.00578207 -1.14143
0.00599851 -0.00579749 -1.14146
0.00599903 -0.00581185 -1.14149
0.00599699 -0.00580954 -1.14153
0.00599715 -0.00580013 -1.14158
0.00598946 -0.00579042 -1.14164
0.00599019 -0.00578082 -1.14166
0.00599381 -0.00578038 -1.14168
0.00600216 -0.00578846 -1.14169
0.00601289 -0.00579558 -1.14171
0.00601503 -0.00581741 -1.14173
0.00601069 -0.00583262 -1.14175
0.00601749 -0.00584424 -1.14177
0.0060201 -0.00584585 -1.14181
0.00602148 -0.00583452 -1.14185
0.00601535 -0.00583217 -1.14188
0.00601837 -0.00582042 -1.14192
0.00602465 -0.00580244 -1.14194
0.00603005 -0.00578615 -1.14196
0.00603318 -0.00578158 -1.14197
0.00603465 -0.00579137 -1.14199
0.00603681 -0.00580571 -1.14201
0.00602729 -0.00582559 -1.14203
0.00602187 -0.00584039 -1.14206
0.00602312 -0.00585073 -1.14209
0.00602524 -0.0058434 -1.14212
0.00602528 -0.00583469 -1.14215
0.00602839 -0.00581633 -1.14218
0.00602007 -0.00579416 -1.14222
0.00601632 -0.0057747 -1.14224
0.00602156 -0.0057738 -1.14228
0.00602464 -0.00577201 -1.14231
0.00602485 -0.00577903 -1.14235
0.00601598 -0.00579514 -1.14238
0.00601157 -0.00581051 -1.14241
0.00601451 -0.00582938 -1.14244
0.00600802 -0.0058382 -1.14247
0.00599285 -0.00583697 -1.14249
0.00598439 -0.00582538 -1.14252
0.00598066 -0.00580414 -1.14255
0.00598486 -0.00579226 -1.14258
0.00598355 -0.00577761 -1.14261
0.00599008 -0.00577944 -1.14264
0.00599803 -0.00578921 -1.14265
0.00600902 -0.0058041 -1.14268
0.00601755 -0.00582424 -1.1427
0.00601735 -0.00583888 -1.14274
0.00601147 -0.00584474 -1.14278
0.00600794 -0.00583597 -1.1428
0.00600385 -0.00580609 -1.14282
0.00599985 -0.00578284 -1.14283
0.00599289 -0.00576552 -1.14285
0.00597816 -0.00576327 -1.14286
0.00597898 -0.00576217 -1.14288
0.00598652 -0.0057638 -1.1429
0.00599378 -0.00578871 -1.14292
0.00598893 -0.00581928 -1.14295
0.00599297 -0.00583467 -1.14299
0.00599543 -0.00584068 -1.14304
0.00599328 -0.00583458 -1.14309
0.00599401 -0.00582565 -1.14312
0.0059974 -0.0058139 -1.14315
0.00599509 -0.00579939 -1.14318
0.00599575 -0.00578735 -1.1432
0.00600016 -0.00579507 -1.14324
0.0060061 -0.00580304 -1.14326
0.00601075 -0.00581209 -1.14328
0.00601647 -0.00581917 -1.14329
0.0060085 -0.0058233 -1.14328
0.0060028 -0.00581291 -1.14328
0.00600244 -0.00579953 -1.14329
0.00600011 -0.00577402 -1.1433
0.00599658 -0.00576177 -1.14332
0.005991 -0.00576786 -1.14335
0.00598579 -0.00577457 -1.14338
0.00598015 -0.00578691 -1.14343
0.00597467 -0.00579596 -1.14349
0.00597772 -0.00580251 -1.14353
0.00597782 -0.0058043 -1.14357
0.00598989 -0.00578523 -1.14359
0.00599574 -0.00577127 -1.14362
0.00599307 -0.00575758 -1.14367
0.00599051 -0.00574777 -1.14371
0.00599205 -0.00575269 -1.14375
0.0059993 -0.005759 -1.14379
0.00600567 -0.00576266 -1.14381
0.00600413 -0.00577881 -1.14381
0.00600972 -0.00580665 -1.14383
0.00600794 -0.00582621 -1.14384
0.00600189 -0.00583182 -1.14386
0.00599719 -0.00581469 -1.14389
0.00599335 -0.00579689 -1.1439
0.00599725 -0.00577395 -1.14391
0.00600093 -0.0057622 -1.14391
0.00600779 -0.0057534 -1.14391
0.0060169 -0.00576014 -1.14392
0.0060232 -0.00576639 -1.14393
0.00602527 -0.00578316 -1.14395
0.00602382 -0.00580461 -1.14397
0.00601892 -0.00581601 -1.144
0.00601643 -0.00580661 -1.14403
0.00601071 -0.00579255 -1.14406
0.00600771 -0.0057713 -1.14411
0.00600285 -0.00574896 -1.14415
0.00600537 -0.00575287 -1.14417
0.00600469 -0.0057578 -1.14418
0.00601397 -0.00576713 -1.1442
0.00601292 -0.00576749 -1.14422
0.00600528 -0.00577847 -1.14425
0.00599568 -0.00578932 -1.14427
0.00599761 -0.00578693 -1.14428
0.00600626 -0.00578241 -1.14431
0.00601442 -0.00576801 -1.14433
0.00601083 -0.00575372 -1.14436
0.00601326 -0.00574205 -1.14439
0.00602171 -0.00573114 -1.14443
0.00602914 -0.00573555 -1.14446
0.00602894 -0.00574781 -1.1445
0.00602797 -0.00576734 -1.14455
0.00602504 -0.00579091 -1.1446
0.00602723 -0.00580785 -1.14465
0.00602999 -0.00581889 -1.14467
0.00602348 -0.0058103 -1.1447
0.00602181 -0.00579592 -1.14472
0.0060275 -0.00576971 -1.14473
0.00603115 -0.00574114 -1.14475
0.00602476 -0.00572541 -1.14476
0.00600804 -0.00571698 -1.14479
0.00599374 -0.00572638 -1.1448
0.00599039 -0.00573923 -1.14484
0.0059827 -0.00575395 -1.14488
0.00598097 -0.00577648 -1.14492
0.00598063 -0.00579556 -1.14494
0.00598056 -0.00580288 -1.14495
0.00597581 -0.00580986 -1.14497
0.00597308 -0.00580204 -1.14499
0.00596917 -0.00579532 -1.14502
0.0059696 -0.00577988 -1.14505
0.0059735 -0.00576473 -1.14507
0.00597459 -0.00575803 -1.1451
0.00596864 -0.00575758 -1.14514
0.00597067 -0.00576883 -1.14516
0.00597089 -0.00578512 -1.14517
0.0059827 -0.00580372 -1.14519
0.00599763 -0.00581907 -1.14521
0.00599967 -0.00582371 -1.14523
0.00599073 -0.00582628 -1.14526
0.00598503 -0.0058229 -1.14528
0.00598636 -0.00581255 -1.1453
0.0059807 -0.00580301 -1.14533
0.0059805 -0.0057903 -1.14535
0.00597365 -0.00578955 -1.14537
0.00597594 -0.0057953 -1.14538
0.00597788 -0.00580309 -1.1454
0.00599105 -0.00582082 -1.14542
0.00600472 -0.00583665 -1.14544
0.00601 -0.00585659 -1.14546
0.00601603 -0.0058748 -1.14548
0.0060201 -0.00587509 -1.14548
0.00602208 -0.00587325 -1.1455
0.00601995 -0.00585702 -1.14553
0.00601278 -0.00583789 -1.14556
0.00599895 -0.00581437 -1.14557
0.00598722 -0.0057963 -1.14559
0.00597744 -0.00579122 -1.14564
0.0059717 -0.00580043 -1.14569
0.00596778 -0.00581424 -1.14575
0.00596521 -0.00583996 -1.14579
0.00597885 -0.00586184 -1.14581
0.005986 -0.00587655 -1.14584
0.00598813 -0.00587255 -1.14586
0.00598513 -0.00585905 -1.14587
0.00597886 -0.00583817 -1.14589
0.00597758 -0.00582797 -1.14592
0.00597632 -0.00581472 -1.14595
0.00598096 -0.00580646 -1.14598
0.00598506 -0.00581272 -1.146
0.00599156 -0.00581608 -1.14603
0.00598851 -0.00582676 -1.14605
0.00598665 -0.00584682 -1.14608
0.00598901 -0.00585962 -1.14612
0.00599222 -0.0058797 -1.14614
0.0059917 -0.00588309 -1.14615
0.00599412 -0.00587287 -1.14617
0.0060005 -0.00585752 -1.14621
0.00599969 -0.00584213 -1.14624
0.00600357 -0.00582392 -1.14625
0.00600245 -0.00582342 -1.14626
0.00600902 -0.00582748 -1.14628
0.00602332 -0.00584366 -1.14629
0.00603475 -0.00586609 -1.14628
0.00604025 -0.00588048 -1.14629
0.00603394 -0.00587975 -1.14632
0.00601801 -0.00587375 -1.14636
0.00601773 -0.00586407 -1.1464
0.00602157 -0.00585598 -1.14642
0.0060284 -0.00585014 -1.14647
0.00603624 -0.00585411 -1.14653
0.00604093 -0.00586264 -1.14658
0.00603975 -0.00587667 -1.14662
0.00604326 -0.00588557 -1.14665
0.00604732 -0.00590732 -1.14668
0.00605631 -0.00592598 -1.1467
0.00606331 -0.00593181 -1.14672
0.00605168 -0.00592403 -1.14675
0.00603578 -0.00590976 -1.14677
0.00603526 -0.00588546 -1.14679
0.00603711 -0.00586851 -1.1468
0.00603291 -0.0058492 -1.14681
0.00603626 -0.00585123 -1.14682
0.00604287 -0.00586732 -1.14683
0.00604003 -0.00588653 -1.14685
0.00604733 -0.0059041 -1.14688
0.00605838 -0.00591376 -1.14691
0.00606211 -0.00591896 -1.14693
0.00606469 -0.00592289 -1.14695
0.00607401 -0.00591216 -1.14698
0.00607455 -0.00589613 -1.14701
0.00606748 -0.00587246 -1.14702
0.00605773 -0.00585784 -1.14704
0.00605876 -0.00584859 -1.14706
0.00605605 -0.00585593 -1.14708
0.0060482 -0.00586235 -1.1471
0.00603423 -0.00586736 -1.14713
0.00603208 -0.00587461 -1.14716
0.00602418 -0.0058805 -1.14719
0.00602002 -0.00587038 -1.14722
0.00601916 -0.0058596 -1.14726
0.00602275 -0.00584667 -1.14729
0.00602214 -0.00583323 -1.14733
0.00602159 -0.00582755 -1.14737
0.00602385 -0.00582909 -1.14742
0.00602245 -0.00585154 -1.14747
0.0060179 -0.00586026 -1.14751
0.00601215 -0.00586902 -1.14754
0.00600718 -0.00588136 -1.14756
0.00600913 -0.00587795 -1.14759
0.00600968 -0.00585774 -1.14762
0.00601152 -0.00584215 -1.14765
0.00601866 -0.00581457 -1.14767
0.00601904 -0.00580526 -1.14769
0.00601779 -0.00580194 -1.1477
0.00602086 -0.00580305 -1.14773
0.00602017 -0.00581183 -1.14776
0.00601897 -0.00583196 -1.14781
0.00601957 -0.00585783 -1.14785
0.00601816 -0.00586366 -1.14789
0.00601831 -0.00586256 -1.14792
0.00601459 -0.00585246 -1.14796
0.00602669 -0.00583533 -1.148
0.0060357 -0.0058164 -1.14803
0.00603793 -0.0057992 -1.14805
0.00604023 -0.00580736 -1.14806
0.00603789 -0.00582826 -1.14808
0.00604453 -0.00585034 -1.14812
0.0060499 -0.00587015 -1.14816
0.00605306 -0.0058809 -1.14819
0.00604492 -0.00588713 -1.14822
0.00603929 -0.00587598 -1.14825
0.00603651 -0.00585848 -1.14827
0.00603448 -0.00583585 -1.14828
0.00604031 -0.00581484 -1.14832
0.00605057 -0.00581146 -1.14835
0.00605437 -0.00580888 -1.14838
0.00605512 -0.0058114 -1.14841
0.00605409 -0.00582508 -1.14844
0.00605106 -0.0058415 -1.14848
0.00605451 -0.00585215 -1.14853
0.00605551 -0.00585507 -1.14855
0.00606136 -0.00584144 -1.14857
0.00606552 -0.00582337 -1.1486
0.00607253 -0.00580675 -1.14863
0.00607619 -0.00579424 -1.14866
0.00607743 -0.00580304 -1.14869
0.00608344 -0.00581772 -1.14869
0.0060866 -0.00583316 -1.1487
0.00608242 -0.00584151 -1.14873
0.00607131 -0.00582933 -1.14877
0.00606609 -0.00580143 -1.14881
0.00606432 -0.0057849 -1.14883
0.00606647 -0.00578897 -1.14884
0.0060621 -0.00580085 -1.14886
0.00605263 -0.00581581 -1.14889
0.00604574 -0.00582429 -1.14891
0.00604132 -0.00582218 -1.14894
0.00604589 -0.00581514 -1.14896
0.00605383 -0.00579666 -1.14898
0.00605943 -0.00579557 -1.149
0.0060555 -0.00579773 -1.14902
0.0060406 -0.0058007 -1.14905
0.00603518 -0.00581872 -1.14907
0.00603253 -0.00583424 -1.14909
0.00602854 -0.00584203 -1.1491
0.006027 -0.00583639 -1.14913
0.00603237 -0.00582784 -1.14917
0.00604355 -0.0058177 -1.1492
0.00605293 -0.00580309 -1.14924
0.00605517 -0.00579741 -1.14928
0.00605768 -0.00579402 -1.14931
0.00606249 -0.00578971 -1.14934
0.00605843 -0.00580477 -1.14937
0.00605258 -0.00582515 -1.14939
0.00605958 -0.0058379 -1.14941
0.00606743 -0.00584937 -1.14943
0.00607275 -0.00584931 -1.14943
0.0060725 -0.00583986 -1.14947
0.00607522 -0.00582352 -1.14951
0.00607492 -0.00580461 -1.14954
0.00608111 -0.00579212 -1.14956
0.00608136 -0.005787 -1.14958
0.00607771 -0.00579984 -1.1496
0.00607509 -0.00581681 -1.14962
0.00607153 -0.00583493 -1.14965
0.0060665 -0.00584652 -1.14968
0.00606448 -0.00585231 -1.14972
0.00606685 -0.00584937 -1.14976
0.00607411 -0.00583719 -1.14979
0.00607445 -0.00581319 -1.14982
0.00607015 -0.00580008 -1.14986
0.00606218 -0.00578888 -1.1499
0.00605784 -0.00577882 -1.14994
0.00604934 -0.00577972 -1.14997
0.00603852 -0.00578551 -1.15001
0.00603485 -0.00580382 -1.15004
0.00603363 -0.00581327 -1.15005
0.00603792 -0.00581707 -1.15007
0.00604462 -0.00581561 -1.1501
0.00604745 -0.00580606 -1.15013
0.00604123 -0.00578933 -1.15015
0.00604244 -0.00576931 -1.15016
0.00604847 -0.00575354 -1.15017
0.00605549 -0.00575084 -1.15019
0.00605704 -0.00575373 -1.15021
0.00604784 -0.00577131 -1.15025
0.00602973 -0.00579113 -1.15028
0.00601966 -0.00580984 -1.15031
0.00601394 -0.00581817 -1.15034
0.0060143 -0.00581826 -1.1504
0.00601468 -0.00579944 -1.15044
0.00602426 -0.00578206 -1.15046
0.0060389 -0.00576821 -1.15048
0.00604552 -0.00576244 -1.1505
0.00604319 -0.00576106 -1.15052
0.00604608 -0.00576755 -1.15054
0.00605671 -0.00577954 -1.15056
0.00605912 -0.00578651 -1.15058
0.00605052 -0.00579435 -1.15061
0.00604108 -0.00579215 -1.15065
0.00603392 -0.00579134 -1.15069
0.00602472 -0.00578127 -1.15071
0.00601376 -0.00576215 -1.15075
0.00601994 -0.00574761 -1.15077
0.00602885 -0.00574475 -1.15079
0.0060417 -0.0057532 -1.15081
0.00604632 -0.00576989 -1.15084
0.00603977 -0.00579441 -1.15087
0.00604147 -0.00580687 -1.15088
0.0060503 -0.00580795 -1.1509
0.00605238 -0.00580523 -1.15092
0.00604545 -0.00580116 -1.15095
0.00604417 -0.00578597 -1.15098
0.00603575 -0.00576709 -1.15102
0.00603265 -0.00575967 -1.15105
0.00602625 -0.005759 -1.15105
0.00601757 -0.00576681 -1.15105
0.00600946 -0.00578591 -1.15107
0.0060105 -0.00581189 -1.15107
0.00601547 -0.00582266 -1.15109
0.00602286 -0.00582598 -1.15112
0.00603079 -0.00581908 -1.15114
0.00603555 -0.00579889 -1.15118
0.00604907 -0.0057865 -1.15122
0.00605443 -0.0057698 -1.15127
0.00605343 -0.00576144 -1.15129
0.00604456 -0.00576769 -1.15131
0.00603698 -0.00577581 -1.15133
0.00603011 -0.00578222 -1.15135
0.00603021 -0.0057893 -1.15137
0.00602566 -0.00579768 -1.15142
0.00602187 -0.00579511 -1.15146
0.00601579 -0.00578066 -1.15148
0.0060159 -0.00575923 -1.15151
0.00602287 -0.00574074 -1.15153
0.00601973 -0.00573255 -1.15155
0.006009 -0.00573927 -1.15156
0.00600696 -0.00574856 -1.15159
0.00600694 -0.00576685 -1.15161
0.00600569 -0.00578625 -1.15162
0.00600917 -0.00579535 -1.15164
0.00601018 -0.0057952 -1.15166
0.0060061 -0.00577718 -1.15168
0.00601023 -0.00576188 -1.15171
0.00601443 -0.00574916 -1.15174
0.00602569 -0.00573643 -1.15178
0.00602846 -0.0057348 -1.15181
0.00604095 -0.005746 -1.15184
0.00605396 -0.00576132 -1.15187
0.00605952 -0.00578394 -1.1519
0.00606151 -0.00580166 -1.15193
0.00604599 -0.00581955 -1.15197
0.00603671 -0.0058254 -1.15197
0.00603363 -0.00582006 -1.15198
0.00603075 -0.00580708 -1.15199
0.00602551 -0.00578707 -1.15202
0.00602584 -0.00578392 -1.15205
0.00603054 -0.00577621 -1.15209
0.00603858 -0.00576836 -1.15213
0.00603457 -0.00576769 -1.15217
0.00602531 -0.00577808 -1.15219
0.00600873 -0.00579318 -1.15223
0.00599767 -0.00579885 -1.15227
0.00599836 -0.00580221 -1.15229
0.00600705 -0.0057987 -1.15233
0.00600998 -0.0057896 -1.15236
0.00601393 -0.00578368 -1.1524
0.00601595 -0.00576737 -1.15242
0.00601288 -0.0057607 -1.15245
0.00601563 -0.0057574 -1.15247
0.00602365 -0.00576275 -1.1525
0.00603044 -0.00577751 -1.15253
0.0060299 -0.00578766 -1.15254
0.00602436 -0.00580084 -1.15255
0.00603106 -0.00579464 -1.15257
0.00604042 -0.00578141 -1.15259
0.00605039 -0.00576783 -1.15261
0.00605627 -0.00575584 -1.15263
0.00605909 -0.00575476 -1.15267
0.00605956 -0.0057659 -1.15271
0.00606226 -0.00578136 -1.15273
0.00605869 -0.00578154 -1.15275
0.00605355 -0.00578501 -1.15277
0.00605963 -0.00578885 -1.15278
0.00605786 -0.00579572 -1.15279
0.00605153 -0.00579718 -1.1528
0.00605411 -0.00578868 -1.15282
0.0060546 -0.00577453 -1.15287
0.00604972 -0.00575657 -1.15292
0.00604796 -0.00575265 -1.15296
0.00605225 -0.0057622 -1.15299
0.00605697 -0.00577839 -1.15302
0.00604786 -0.00579591 -1.15305
0.00604262 -0.00580456 -1.15307
0.00603699 -0.00581265 -1.1531
0.00603878 -0.00580736 -1.15314
0.00603456 -0.00579447 -1.15318
0.00603317 -0.00578931 -1.15321
0.00602886 -0.00577345 -1.15324
0.00602787 -0.0057618 -1.15325
0.00604153 -0.00574333 -1.15326
0.00605356 -0.00574068 -1.15328
0.00606161 -0.00574343 -1.15329
0.00605926 -0.00575286 -1.1533
0.00604678 -0.00577027 -1.15331
0.00604245 -0.00577491 -1.15334
0.00603483 -0.00576876 -1.15338
0.0060339 -0.00576561 -1.15341
0.00604371 -0.00576307 -1.15344
0.00604718 -0.00576406 -1.15347
0.00604818 -0.00575095 -1.15351
0.00603562 -0.00574805 -1.15354
0.0060203 -0.00575192 -1.15356
0.00601571 -0.00576275 -1.15359
0.00601248 -0.00578121 -1.15363
0.00601847 -0.00578643 -1.15365
0.00602237 -0.00579356 -1.15367
0.0060201 -0.00579231 -1.15369
0.00602125 -0.00579283 -1.15369
0.00601657 -0.00578691 -1.1537
0.00600982 -0.00577462 -1.15372
0.00601383 -0.00575587 -1.15375
0.00601074 -0.00574315 -1.15378
0.00601438 -0.00574027 -1.1538
0.00601727 -0.00575039 -1.15383
0.00601847 -0.00576647 -1.15386
0.00601773 -0.00578345 -1.15389
0.00601996 -0.00579263 -1.1539
0.00601532 -0.00580224 -1.15393
0.00601471 -0.00579545 -1.15395
0.00601625 -0.00577972 -1.15398
0.00601394 -0.00576388 -1.15401
0.00600187 -0.00574393 -1.15402
0.00598993 -0.00573802 -1.15403
0.00598046 -0.00574116 -1.15405
0.00597547 -0.00575577 -1.15409
0.00597944 -0.00577664 -1.15412
0.00598693 -0.00579911 -1.15415
0.005992 -0.00580369 -1.15417
0.00599864 -0.00580568 -1.15421
0.00600154 -0.00579508 -1.15423
0.00600255 -0.00577981 -1.15426
0.00601523 -0.0057613 -1.15429
0.00602484 -0.00574082 -1.15432
0.00602575 -0.00573681 -1.15435
0.00602387 -0.00574459 -1.15437
0.00602319 -0.00576807 -1.15439
0.00602283 -0.00579388 -1.15443
0.00602229 -0.00579383 -1.15447
0.00602605 -0.00578817 -1.15452
0.00603203 -0.00578094 -1.15455
0.00603779 -0.00577334 -1.1546
0.00604716 -0.0057655 -1.15464
0.00605159 -0.00575245 -1.15467
0.00605527 -0.00574142 -1.15468
0.00605346 -0.00574317 -1.1547
0.0060584 -0.00575506 -1.15471
0.00604947 -0.0057667 -1.15473
0.00605157 -0.00576503 -1.15476
0.00605489 -0.0057749 -1.15479
0.00606202 -0.00577205 -1.15483
0.00606906 -0.00576454 -1.15485
0.00606859 -0.00575349 -1.15487
0.00606555 -0.00573335 -1.15489
0.00605895 -0.00571841 -1.15491
0.00605101 -0.00571231 -1.15494
0.0060457 -0.00571414 -1.15497
0.00603435 -0.00573135 -1.155
0.0060276 -0.00574667 -1.15503
0.00603565 -0.00576849 -1.15505
0.00604389 -0.00577917 -1.15505
0.00605394 -0.00577005 -1.15508
0.00605195 -0.00575619 -1.15511
0.00604259 -0.00573184 -1.15513
0.0060373 -0.00571404 -1.15515
0.00603579 -0.0057014 -1.15518
0.00604392 -0.00570002 -1.1552
0.0060453 -0.00571791 -1.15521
0.00603617 -0.00573115 -1.15523
0.00602891 -0.00575116 -1.15524
0.00602991 -0.00577066 -1.15524
0.00603627 -0.00577441 -1.15525
0.00604623 -0.00577633 -1.15529
0.00605707 -0.00576957 -1.15533
0.00605598 -0.00575643 -1.15537
0.00605303 -0.0057436 -1.15542
0.00605434 -0.00573089 -1.15547
0.00606741 -0.00573664 -1.1555
0.00607066 -0.00574684 -1.15554
0.00607138 -0.00575571 -1.15557
0.00606895 -0.00577048 -1.15562
0.00606573 -0.00577788 -1.15565
0.00605896 -0.00578916 -1.15568
0.00605546 -0.00577681 -1.1557
0.00605739 -0.0057648 -1.15573
0.00606341 -0.00574927 -1.15576
0.00607106 -0.00572928 -1.15578
0.00607027 -0.00572172 -1.1558
0.00606108 -0.00573312 -1.15582
0.00606796 -0.00575148 -1.15585
0.00607046 -0.00577643 -1.1559
0.00607247 -0.00579582 -1.15594
0.00607001 -0.00580295 -1.15597
0.00607351 -0.00579853 -1.15601
0.00607407 -0.00577713 -1.15604
0.00606013 -0.00576328 -1.15604
0.00605582 -0.00575256 -1.15604
0.00605093 -0.00575276 -1.15604
0.00604197 -0.00575308 -1.15606
0.00603513 -0.00575683 -1.1561
0.0060354 -0.00576687 -1.15614
0.0060434 -0.0057722 -1.15619
0.00605638 -0.00578035 -1.15623
0.0060672 -0.00577618 -1.15626
0.00608404 -0.00577017 -1.15629
0.00609455 -0.00575962 -1.15632
0.00608822 -0.00573806 -1.15634
0.00609198 -0.00573309 -1.15635
0.00609563 -0.00572994 -1.15637
0.0060987 -0.00574387 -1.1564
0.00609399 -0.00575682 -1.15642
0.00608832 -0.00576869 -1.15643
0.006082 -0.00577781 -1.15646
0.0060719 -0.00577394 -1.1565
0.00607385 -0.00575728 -1.15653
0.0060745 -0.00574135 -1.15657
0.00607187 -0.00572378 -1.15659
0.00607631 -0.00572187 -1.1566
0.00607653 -0.0057354 -1.1566
0.00607497 -0.0057618 -1.15662
0.0060783 -0.00577781 -1.15665
0.0060824 -0.00577911 -1.15669
0.00608048 -0.00577866 -1.15672
0.00607579 -0.00577009 -1.15676
0.00607708 -0.00575965 -1.15678
0.00608306 -0.00574889 -1.15679
0.00608661 -0.00575054 -1.15681
0.00608068 -0.00575491 -1.15683
0.00607305 -0.00576217 -1.15683
0.00607406 -0.00576586 -1.15685
0.00608048 -0.00575369 -1.15688
0.00608125 -0.00573611 -1.15691
0.00607103 -0.00572671 -1.15696
0.0060668 -0.00572562 -1.157
0.00606946 -0.00573434 -1.15702
0.00606574 -0.0057486 -1.15704
0.00606814 -0.00576234 -1.15705
0.00606653 -0.00577916 -1.15707
0.006054 -0.00578817 -1.1571
0.00603933 -0.00578427 -1.15712
0.00603146 -0.00577415 -1.15714
0.0060338 -0.00575539 -1.15716
0.00603691 -0.00574566 -1.15719
0.00602711 -0.00574714 -1.15722
0.00602155 -0.00575858 -1.15726
0.00602837 -0.0057813 -1.1573
0.00604221 -0.00579352 -1.15732
0.00604364 -0.0057919 -1.15734
0.00604217 -0.00577929 -1.15737
0.00604219 -0.00575919 -1.1574
0.00603535 -0.00573767 -1.15744
0.00603506 -0.00572632 -1.15746
0.00603985 -0.00573169 -1.15748
0.00604725 -0.00575315 -1.15751
0.0060587 -0.00577146 -1.15754
0.00606648 -0.00578674 -1.15756
0.00606947 -0.00578458 -1.15759
0.00607252 -0.00576803 -1.15761
0.00608074 -0.00574449 -1.15764
0.00607919 -0.00572996 -1.15766
0.00607518 -0.00574254 -1.15768
0.00608108 -0.00575657 -1.15771
0.00608225 -0.00576653 -1.15774
0.00607657 -0.00576972 -1.1578
0.00606986 -0.00576633 -1.15785
0.00606079 -0.00575446 -1.15789
0.00606628 -0.00572972 -1.15792
0.00607567 -0.00571458 -1.15795
0.00607764 -0.00570431 -1.15797
0.0060746 -0.00569587 -1.15798
0.00607352 -0.00569524 -1.158
0.00608252 -0.00571487 -1.15804
0.00608056 -0.00573553 -1.15808
0.00608225 -0.00575484 -1.15811
0.00607694 -0.00575405 -1.15814
0.00606908 -0.00572978 -1.15816
0.00607833 -0.00571717 -1.15819
0.00607875 -0.00572641 -1.15823
0.00608153 -0.00574269 -1.15825
0.0060683 -0.00573944 -1.15827
0.00606582 -0.00572334 -1.15829
0.00606576 -0.00571514 -1.15831
0.00607466 -0.00573304 -1.15834
0.00607583 -0.00575152 -1.15836
0.00607589 -0.00573786 -1.15838
0.00607086 -0.00571547 -1.15839
0.00606534 -0.00570834 -1.15842
0.0060807 -0.00571863 -1.15844
0.00606572 -0.00573565 -1.15845
0.0060678 -0.00574202 -1.15848
0.006069 -0.0057339 -1.1585
0.00606597 -0.00571738 -1.15854
0.00607409 -0.0057188 -1.15857
0.00606598 -0.00574047 -1.15861
0.00607005 -0.00574728 -1.15863
0.00607513 -0.00573758 -1.15866
0.00607633 -0.0057219 -1.15867
0.00607312 -0.00571978 -1.1587
0.00606692 -0.00573623 -1.15872
0.00604929 -0.00576109 -1.15875
0.00606079 -0.00576289 -1.15877
0.00605198 -0.00574155 -1.15878
0.00605512 -0.0057294 -1.15879
0.0060494 -0.00573712 -1.1588
0.0060452 -0.00574651 -1.15883
0.00605332 -0.00574752 -1.15887
0.00604756 -0.00573093 -1.1589
0.00605128 -0.00571956 -1.15892
0.00605106 -0.00573245 -1.15895
0.00604722 -0.00574794 -1.15898
0.00603416 -0.00575169 -1.15902
0.00602693 -0.00574191 -1.15906
0.00602188 -0.00572174 -1.15908
0.00603991 -0.00572994 -1.15911
0.00604699 -0.0057472 -1.15913
0.00605139 -0.00574847 -1.15915
0.00604431 -0.00574776 -1.15915
0.00602313 -0.0057227 -1.15917
0.00602216 -0.00572415 -1.15919
0.0060152 -0.00574838 -1.15921
0.00602875 -0.00577301 -1.15922
0.00603793 -0.00577236 -1.15924
0.00604928 -0.00575641 -1.15926
0.00605617 -0.00574749 -1.15927
0.00605952 -0.00575499 -1.1593
0.00605754 -0.00576486 -1.15934
0.00605183 -0.00575363 -1.15938
0.00605922 -0.00573611 -1.15941
0.00606245 -0.00572613 -1.15943
0.00607376 -0.0057378 -1.15943
0.00606827 -0.00575567 -1.15943
0.00607038 -0.0057619 -1.15946
0.0060697 -0.00573197 -1.15949
0.00606743 -0.00572463 -1.15952
0.00606972 -0.00573892 -1.15954
0.00606617 -0.00575439 -1.15955
0.00606776 -0.00575987 -1.15958
0.00605842 -0.00574007 -1.1596
0.0060677 -0.00574448 -1.15962
0.00606568 -0.00575552 -1.15965
0.00606503 -0.00576721 -1.15967
0.00606991 -0.00576107 -1.15969
0.00607115 -0.0057382 -1.15972
0.00606585 -0.00572352 -1.15977
0.00606264 -0.00573466 -1.1598
0.00606831 -0.00574796 -1.15984
0.00606767 -0.00575523 -1.15987
0.0060676 -0.00574162 -1.15992
0.0060646 -0.00572411 -1.15997
0.006062 -0.00572917 -1.16
0.00605648 -0.00574257 -1.16004
0.00606177 -0.00573968 -1.16008
0.00607235 -0.00573274 -1.16012
0.00606275 -0.00571454 -1.16015
0.00605242 -0.00571435 -1.16016
0.00603376 -0.00572521 -1.16017
0.00603213 -0.00574156 -1.1602
0.00602195 -0.00572393 -1.16021
0.00602497 -0.00571129 -1.16023
0.00602774 -0.00572045 -1.16027
0.0060359 -0.00574612 -1.1603
0.00603568 -0.00576963 -1.16033
0.00603676 -0.00576297 -1.16035
0.00604364 -0.00573517 -1.16038
0.00605288 -0.00572193 -1.1604
0.00606576 -0.00574051 -1.16042
0.0060618 -0.00575346 -1.16045
0.00605911 -0.00574061 -1.16049
0.00605469 -0.00572992 -1.16051
0.00605548 -0.00572425 -1.16052
0.00606417 -0.00572542 -1.16052
0.00606666 -0.00574082 -1.16055
0.00607788 -0.00574265 -1.16058
0.00607946 -0.00572007 -1.16061
0.00608473 -0.0057119 -1.16065
0.00608559 -0.00571457 -1.16067
0.00607477 -0.00573093 -1.16069
0.00606668 -0.00573672 -1.16071
0.00605753 -0.00571798 -1.16073
0.00606314 -0.00572877 -1.16077
0.00605305 -0.00574862 -1.16082
0.00605066 -0.00575606 -1.16087
