%roll pitch yaw
0.00471343 0.0158352 -0.288887
0.00544683 0.0152853 -0.290018
0.0063141 0.0147267 -0.29119
0.00728567 0.014174 -0.292383
0.00832007 0.0136109 -0.293557
0.00932321 0.0129845 -0.294719
0.0100964 0.0125257 -0.295848
0.0107969 0.0119964 -0.296944
0.0113961 0.011395 -0.297993
0.0118893 0.0107633 -0.298977
0.0122633 0.0101255 -0.299904
0.0125317 0.00950115 -0.300777
0.0127016 0.00886717 -0.301596
0.0127823 0.00821359 -0.30235
0.0128559 0.00750917 -0.303027
0.0129502 0.00672244 -0.303641
0.0130612 0.00585952 -0.30419
0.0131688 0.00497839 -0.304662
0.0132161 0.00409949 -0.305021
0.0132424 0.00319653 -0.305272
0.0132197 0.00228514 -0.305416
0.013152 0.00138493 -0.305459
0.0129959 0.000506882 -0.305408
0.0127692 -0.000373652 -0.305288
0.0124892 -0.00124763 -0.305089
0.0121599 -0.00210676 -0.304828
0.0118031 -0.00293457 -0.304484
0.0114493 -0.00368963 -0.304071
0.0111369 -0.00437477 -0.303564
0.0108916 -0.00497982 -0.302962
0.0107258 -0.00551423 -0.302261
0.0106636 -0.00596936 -0.301482
0.0106462 -0.00635306 -0.300623
0.010661 -0.00665488 -0.299721
0.0106715 -0.00689653 -0.298807
0.0106422 -0.00707629 -0.297897
0.0105694 -0.00720211 -0.297008
0.0104484 -0.00730523 -0.296154
0.0103017 -0.00738048 -0.295367
0.0101451 -0.00744255 -0.294643
0.0100286 -0.0075163 -0.293985
0.00999984 -0.00760804 -0.293366
0.0100724 -0.00771056 -0.292793
0.0102542 -0.0078248 -0.292272
0.010542 -0.00796821 -0.291825
0.0109281 -0.00814909 -0.291454
0.0113642 -0.00838485 -0.291153
0.0118168 -0.00864811 -0.290893
0.0122809 -0.00895907 -0.29067
0.0127308 -0.00929391 -0.290507
0.0131331 -0.00965721 -0.290428
0.0134726 -0.0100649 -0.290398
0.0137836 -0.0105265 -0.290413
0.0140413 -0.0110267 -0.290451
0.0142492 -0.0115383 -0.290495
0.0144454 -0.0120573 -0.290511
0.0146135 -0.0125789 -0.290522
0.0147523 -0.0131005 -0.290521
0.0148516 -0.0136001 -0.290515
0.0148627 -0.0140913 -0.290531
0.0147928 -0.0145519 -0.290564
0.0146299 -0.0149587 -0.290589
0.0143804 -0.0153127 -0.290614
0.0140339 -0.0156028 -0.290638
0.013639 -0.0158516 -0.290655
0.0132142 -0.0160724 -0.290646
0.0127881 -0.0162818 -0.290618
0.0123742 -0.0164846 -0.290607
0.0119793 -0.0166779 -0.290607
0.0116116 -0.0168508 -0.290631
0.0112512 -0.0170123 -0.290659
0.010904 -0.0171724 -0.290703
0.0105721 -0.0173281 -0.290745
0.0102714 -0.0174542 -0.290787
0.00999884 -0.017537 -0.290857
0.00974721 -0.0175618 -0.29094
0.00952491 -0.0175137 -0.291042
0.00934335 -0.0174272 -0.291142
0.00918855 -0.0173437 -0.291243
0.00904988 -0.017301 -0.291344
0.00893179 -0.0173002 -0.291443
0.00880547 -0.0173583 -0.291574
0.00867869 -0.017484 -0.291728
0.00854118 -0.017631 -0.291878
0.008375 -0.0177865 -0.292039
0.00817297 -0.0179038 -0.292216
0.00792814 -0.0179875 -0.2924
0.00764066 -0.0180597 -0.292591
0.00732185 -0.0181241 -0.292793
0.00697203 -0.0181892 -0.292974
0.00662568 -0.0182966 -0.293139
0.00631006 -0.0184545 -0.293297
0.00603339 -0.0186483 -0.29344
0.00578788 -0.0188686 -0.29356
0.00555182 -0.0190759 -0.293687
0.00533336 -0.01924 -0.293793
0.00509199 -0.0193307 -0.293896
0.00481222 -0.0193441 -0.294005
0.00447825 -0.019323 -0.294133
0.00409734 -0.0193096 -0.294282
0.00367741 -0.0193466 -0.294455
0.00322445 -0.0194193 -0.29465
0.00278052 -0.0195172 -0.294861
0.00235289 -0.0195983 -0.295066
0.00194197 -0.0196136 -0.295272
0.00153958 -0.0195415 -0.295471
0.00115005 -0.0194073 -0.295676
0.000802898 -0.0192558 -0.295849
0.000473152 -0.0191307 -0.296019
0.00016447 -0.0190294 -0.296188
-0.00017654 -0.0189407 -0.296384
-0.000569802 -0.0188381 -0.296606
-0.00103105 -0.0187269 -0.296877
-0.00157095 -0.0185988 -0.297204
-0.00215188 -0.0184564 -0.297585
-0.00274032 -0.0182821 -0.297989
-0.00329141 -0.018069 -0.29842
-0.00376356 -0.0178343 -0.29886
-0.0041494 -0.0175889 -0.299283
-0.00446988 -0.0173715 -0.299697
-0.00475191 -0.017235 -0.300129
-0.00501639 -0.0172231 -0.300574
-0.00528849 -0.0173073 -0.301032
-0.00560684 -0.0174513 -0.301489
-0.00598929 -0.017631 -0.301958
-0.00642382 -0.0178676 -0.302424
-0.00688637 -0.0181687 -0.302868
-0.00734786 -0.0185017 -0.303251
-0.00780641 -0.0188313 -0.303584
-0.00823358 -0.0191609 -0.303876
-0.00861794 -0.0194855 -0.304149
-0.00899399 -0.0198209 -0.30441
-0.00940128 -0.0201641 -0.304665
-0.00983362 -0.0205525 -0.304913
-0.0102569 -0.0209836 -0.30514
-0.0106865 -0.0213949 -0.305308
-0.0107288 -0.021249 -0.30541
-0.0105917 -0.020786 -0.305428
-0.0104726 -0.0203162 -0.305375
-0.0100157 -0.0193943 -0.305251
-0.00902675 -0.017772 -0.305113
-0.00777066 -0.0158261 -0.304971
-0.00631512 -0.0136123 -0.304864
-0.00473949 -0.011221 -0.304792
-0.00313346 -0.00871465 -0.304764
-0.00153073 -0.00620071 -0.304763
-2.72133e-05 -0.0037088 -0.304736
0.0013326 -0.00122233 -0.304698
0.00234513 0.00100206 -0.304621
0.00313383 0.00308034 -0.304478
0.00372114 0.00495684 -0.30427
0.00413496 0.00659443 -0.303998
0.00440763 0.00795279 -0.30365
0.0045412 0.00901783 -0.303241
0.0045676 0.00978628 -0.30275
0.00479172 0.0107103 -0.302187
0.00489793 0.0112797 -0.301545
0.00488993 0.0115636 -0.300825
0.00450601 0.011427 -0.300037
0.0039769 0.0112299 -0.299215
0.00333827 0.0109885 -0.298348
0.0026303 0.010694 -0.297466
0.00187702 0.0103604 -0.296592
0.00121509 0.0102204 -0.295722
0.00058488 0.0100167 -0.294859
-8.98666e-06 0.00972937 -0.294029
-0.000560113 0.00940373 -0.293247
-0.00103868 0.00906759 -0.292511
-0.00138762 0.00871771 -0.291849
-0.00154676 0.00835855 -0.291284
-0.00154476 0.00793682 -0.290798
-0.0014405 0.00745287 -0.290381
-0.00120105 0.006902 -0.289998
-0.000834036 0.00631314 -0.289654
-0.000414848 0.00574095 -0.289339
4.60704e-05 0.00516821 -0.289125
0.000482108 0.00459448 -0.289018
0.000949191 0.00400269 -0.289012
0.00144362 0.00340096 -0.289128
0.00177197 0.00267558 -0.289353
0.00214026 0.00197303 -0.289671
0.00256392 0.00132726 -0.29006
0.00305228 0.000764016 -0.290501
0.00359379 0.000283773 -0.291005
0.00432809 -0.000101636 -0.291558
0.00507258 -0.000442877 -0.292159
0.00579435 -0.000724521 -0.292827
0.00646867 -0.000933311 -0.293544
0.00707992 -0.00109579 -0.294316
0.00759177 -0.00123163 -0.295179
0.00803049 -0.00132468 -0.296097
0.00839301 -0.00136767 -0.297063
0.00870446 -0.00134338 -0.298067
0.00898699 -0.00126965 -0.299111
0.00925153 -0.00115045 -0.300157
0.00950213 -0.000977749 -0.301158
0.00973529 -0.000785901 -0.302111
0.00995214 -0.000601101 -0.303009
0.0101216 -0.000442394 -0.303843
0.0102321 -0.000319813 -0.304594
0.0102878 -0.000232967 -0.305259
0.0102735 -0.000144349 -0.305839
0.0101664 -5.28082e-05 -0.306345
0.0100113 1.37808e-05 -0.306778
0.00983021 2.40825e-05 -0.307143
0.00962283 -2.01785e-05 -0.307459
0.00937031 -0.000109385 -0.307721
0.00910707 -0.000220125 -0.307915
0.00884771 -0.000371592 -0.308068
0.00864763 -0.000563108 -0.308185
0.00847314 -0.000772768 -0.308282
0.0083364 -0.00100248 -0.308352
0.00825246 -0.00125153 -0.308408
0.0082311 -0.00150925 -0.308469
0.00828028 -0.0017867 -0.308534
0.0084037 -0.0020481 -0.308624
0.00861933 -0.00229341 -0.308714
0.00892554 -0.00252815 -0.308815
0.00929514 -0.00273063 -0.308941
0.00973822 -0.00290566 -0.3091
0.0102463 -0.00304353 -0.3093
0.0108146 -0.00314834 -0.309518
0.0114314 -0.00322464 -0.309732
0.0120696 -0.00326858 -0.309931
0.0127121 -0.00326117 -0.310133
0.0133424 -0.00318445 -0.31033
0.0139418 -0.0030564 -0.310533
0.0145322 -0.00289553 -0.310751
0.0150747 -0.00271992 -0.310971
0.0155609 -0.00253312 -0.311164
0.0159625 -0.0023447 -0.311331
0.0163127 -0.00218035 -0.311454
0.0166048 -0.00204363 -0.311572
0.0168135 -0.00190608 -0.31166
0.0169396 -0.00175298 -0.311703
0.0170031 -0.00156244 -0.311711
0.0170433 -0.00131469 -0.3117
0.0170359 -0.00104736 -0.311685
0.016956 -0.000826301 -0.311667
0.0168477 -0.000653684 -0.311629
0.0167472 -0.000562505 -0.311591
0.0166328 -0.000591072 -0.311563
0.0165104 -0.000700475 -0.31154
0.0163915 -0.000858133 -0.311534
0.016286 -0.00100262 -0.31152
0.0161886 -0.00111665 -0.311517
0.0161396 -0.00118271 -0.311528
0.0161358 -0.00125416 -0.311547
0.0161209 -0.00132677 -0.311575
0.0161214 -0.00139875 -0.311616
0.016174 -0.0015053 -0.311679
0.0162598 -0.00164832 -0.311763
0.0163754 -0.00178175 -0.31186
0.016482 -0.00187194 -0.311984
0.0165989 -0.00193256 -0.312108
0.0167762 -0.00196466 -0.31224
0.0169911 -0.00189698 -0.312366
0.0172011 -0.00179827 -0.312507
0.0174228 -0.00171181 -0.312656
0.0176774 -0.00169227 -0.31282
0.0179931 -0.00170406 -0.312987
0.0183073 -0.0017193 -0.313167
0.0186281 -0.00176359 -0.313342
0.0189664 -0.00181593 -0.313485
0.0193086 -0.00182412 -0.313598
0.0196781 -0.00177712 -0.313679
0.0200361 -0.0017613 -0.313728
0.0203883 -0.00177821 -0.31372
0.0207336 -0.00180053 -0.313675
0.021076 -0.00181735 -0.313572
0.021457 -0.00187985 -0.313421
0.02188 -0.00191778 -0.313234
0.0222838 -0.00194975 -0.313013
0.0226348 -0.00198723 -0.312754
0.0229548 -0.00197775 -0.312432
0.0232313 -0.00189124 -0.312047
0.0234481 -0.00177482 -0.311613
0.0236075 -0.0017056 -0.311131
0.0236989 -0.00174643 -0.310604
0.0237609 -0.00192801 -0.310061
0.0238464 -0.00225381 -0.309531
0.0239463 -0.00265321 -0.309037
0.024056 -0.00306968 -0.308594
0.0242098 -0.00349498 -0.308204
0.0244196 -0.00394491 -0.307829
0.0246843 -0.00445155 -0.307464
0.024955 -0.00502922 -0.307115
0.0252347 -0.00564026 -0.306806
0.0255497 -0.00629736 -0.306548
0.025889 -0.00700834 -0.306327
0.026178 -0.00775807 -0.306158
0.026467 -0.00855964 -0.306037
0.0267891 -0.00937374 -0.305939
0.0271272 -0.0101831 -0.305864
0.0274434 -0.0109661 -0.305839
0.0277485 -0.0117059 -0.305868
0.0276521 -0.0118799 -0.305933
0.0273781 -0.0117138 -0.306026
0.0268487 -0.0111057 -0.306161
0.0260426 -0.0100624 -0.306313
0.0249591 -0.00863686 -0.306485
0.0236485 -0.00685893 -0.306663
0.0221614 -0.00479016 -0.306809
0.0205184 -0.00251614 -0.306921
0.0188122 -0.000131244 -0.307014
0.017096 0.00231825 -0.307103
0.015447 0.00481076 -0.307204
0.0139289 0.00730872 -0.307342
0.012735 0.00958082 -0.307535
0.0117103 0.0116993 -0.307795
0.0108517 0.0136161 -0.30815
0.0101586 0.0152914 -0.308602
0.00960699 0.0167144 -0.309152
0.00918337 0.0178704 -0.309794
0.00886349 0.0187545 -0.310538
0.00866612 0.0193605 -0.311369
0.00833085 0.0200348 -0.312289
0.00817342 0.0203507 -0.313264
0.00824201 0.0204568 -0.314286
0.00847368 0.0204604 -0.315329
0.0091548 0.0202305 -0.316411
0.00994827 0.0199723 -0.317515
0.0108191 0.0197018 -0.318647
0.0117697 0.0194363 -0.319803
0.0127717 0.0191703 -0.320948
0.0137564 0.0189171 -0.322067
0.0145048 0.0188792 -0.323152
0.0151451 0.0188462 -0.324186
0.0156549 0.0187787 -0.325152
0.0160616 0.0186491 -0.326051
0.0163787 0.0184767 -0.326879
0.0165941 0.0182605 -0.327622
0.0167625 0.0179826 -0.32831
0.0170824 0.0174288 -0.328983
0.0174307 0.0167927 -0.329612
0.0177559 0.0160846 -0.330181
0.0178668 0.0154916 -0.330702
0.0179219 0.0147966 -0.331156
0.017875 0.0140056 -0.331532
0.0176836 0.0131305 -0.331797
0.0175511 0.0121097 -0.331944
0.0172998 0.0111014 -0.331981
0.0169712 0.0101492 -0.33193
0.0165997 0.00926197 -0.331768
0.0162001 0.00841983 -0.331493
0.0155911 0.00761024 -0.331113
0.0150215 0.00683515 -0.330622
0.014525 0.00610941 -0.33003
0.0140867 0.00544629 -0.329344
0.0136737 0.00486953 -0.328584
0.0132765 0.00440427 -0.327728
0.0128748 0.00407442 -0.326799
0.0124591 0.00385686 -0.325791
0.0120322 0.00374674 -0.324731
0.0116123 0.00370002 -0.323631
0.0112284 0.00369759 -0.32254
0.0109198 0.00373479 -0.321473
0.0106808 0.00381797 -0.320434
0.0105347 0.00394474 -0.319453
0.0104863 0.00408599 -0.318533
0.0105415 0.00424898 -0.317683
0.0107363 0.00440233 -0.316911
0.0110332 0.00454716 -0.316205
0.011411 0.00468187 -0.315565
0.011857 0.00479416 -0.314989
0.0123676 0.00487833 -0.314494
0.0129231 0.0049263 -0.314106
0.013507 0.0049432 -0.313793
0.0140861 0.00492534 -0.313548
0.014657 0.00488402 -0.313383
0.0152237 0.00482235 -0.313293
0.0157732 0.00472894 -0.313211
0.0162975 0.00459624 -0.313144
0.0168245 0.00441727 -0.313059
0.0173236 0.00421852 -0.312957
0.0177736 0.00398842 -0.312839
0.018151 0.00373168 -0.31274
0.0184255 0.00343205 -0.312647
0.01858 0.00312365 -0.31258
0.0186276 0.00286387 -0.312532
0.0185491 0.00265305 -0.312491
0.018369 0.00248781 -0.312459
0.0181281 0.00235669 -0.312409
0.0178268 0.00227879 -0.31234
0.0174755 0.00222827 -0.312244
0.0171044 0.00217419 -0.312141
0.0167096 0.0020992 -0.31204
0.0163252 0.00202156 -0.311934
0.0159453 0.00197198 -0.311855
0.0155701 0.00197468 -0.31181
0.0151976 0.00202318 -0.31178
0.0148425 0.00211472 -0.311774
0.0145211 0.00225744 -0.311781
0.0142486 0.00244206 -0.31181
0.0140033 0.0026294 -0.311842
0.0138046 0.00283087 -0.31188
0.0136476 0.00302437 -0.311932
0.0135227 0.00318036 -0.312013
0.0134415 0.00328457 -0.312114
0.0133878 0.0033618 -0.312258
0.0133442 0.00341753 -0.312424
0.0133164 0.00347346 -0.312616
0.0133096 0.00355144 -0.312826
0.01331 0.0036515 -0.313027
0.0133071 0.00378492 -0.313209
0.0133071 0.00390356 -0.313366
0.0132903 0.00398878 -0.313509
0.0132701 0.00403214 -0.313644
0.0132412 0.00402532 -0.313795
0.01319 0.00399178 -0.313945
0.0131143 0.00397422 -0.314086
0.0130201 0.00400346 -0.314232
0.0128906 0.00409669 -0.314355
0.0127338 0.00424416 -0.314451
0.0125653 0.00440953 -0.314542
0.0123936 0.00455533 -0.314624
0.0122265 0.00466644 -0.314666
0.0120536 0.00473914 -0.314686
0.0118934 0.00480458 -0.314704
0.0117233 0.00487634 -0.314717
0.0114937 0.00499496 -0.314747
0.0112259 0.00517998 -0.314779
0.0109023 0.00539019 -0.314823
0.0105164 0.0055931 -0.314904
0.0100513 0.00574241 -0.315019
0.00954783 0.00583617 -0.315177
0.00903529 0.00590466 -0.315377
0.00849104 0.00599493 -0.315599
0.00792251 0.00612159 -0.315831
0.00738217 0.00631023 -0.316075
0.00688569 0.00652217 -0.316326
0.00641796 0.00669589 -0.316589
0.00603272 0.00678741 -0.316891
0.00561027 0.00684062 -0.317204
0.00513883 0.00687173 -0.317538
0.00459981 0.00693662 -0.317879
0.00394671 0.00695812 -0.318262
0.00317624 0.00687949 -0.318656
0.00234075 0.00655412 -0.319069
0.00143955 0.00608387 -0.319468
0.000503274 0.0054696 -0.319842
-0.00043787 0.00472827 -0.320159
-0.00136095 0.00390001 -0.320426
-0.00224171 0.00299384 -0.320638
-0.00303537 0.00201414 -0.32083
-0.00371415 0.000970144 -0.320993
-0.00446624 -0.000224732 -0.321138
-0.00513876 -0.0014753 -0.321279
-0.00574425 -0.00273411 -0.321396
-0.00632886 -0.00397847 -0.321505
-0.00675039 -0.00498605 -0.321625
-0.00717271 -0.00589574 -0.321733
-0.00759692 -0.00670664 -0.321872
-0.00801075 -0.00741776 -0.322039
-0.00838523 -0.00802036 -0.322223
-0.00869834 -0.00845164 -0.322432
-0.00887652 -0.00861562 -0.322606
-0.00880764 -0.0083845 -0.32274
-0.00841151 -0.00767523 -0.322837
-0.0078693 -0.0068525 -0.322909
-0.00679608 -0.00530437 -0.322965
-0.00544506 -0.00341439 -0.323022
-0.00393368 -0.00126457 -0.323106
-0.00239759 0.00104254 -0.323195
-0.000969638 0.00340054 -0.323286
0.000357643 0.00583461 -0.323361
0.00146301 0.00823401 -0.323405
0.00233829 0.0105829 -0.323435
0.00300752 0.0128502 -0.323439
0.00333262 0.0147009 -0.323391
0.00352873 0.0163609 -0.323306
0.0036587 0.017786 -0.323128
0.00376926 0.0189514 -0.322862
0.00386697 0.0198473 -0.322509
0.00395322 0.0204501 -0.322063
0.00398546 0.0207703 -0.321525
0.00414414 0.0211979 -0.320903
0.00420431 0.0213105 -0.320205
0.00411295 0.0211911 -0.319445
0.00386809 0.0209491 -0.318653
0.00345752 0.0206813 -0.317853
0.00293563 0.0204191 -0.317041
0.00235667 0.0201955 -0.316223
0.00175566 0.0199829 -0.315399
0.00116006 0.0197595 -0.314567
0.000613804 0.0194718 -0.31375
0.000130024 0.0191425 -0.312959
-0.000256197 0.0188127 -0.312221
-0.00054662 0.0184793 -0.311541
-0.00074081 0.0181334 -0.310913
-0.000823884 0.0177796 -0.310327
-0.000799361 0.017396 -0.309772
-0.000712227 0.0169733 -0.309282
-0.000629374 0.0165002 -0.308834
-0.000584906 0.0159911 -0.308411
-0.000561386 0.0154572 -0.308043
-0.000611787 0.0148884 -0.307756
-0.000698916 0.0142787 -0.307537
-0.000784957 0.0136149 -0.307403
-0.000846651 0.0129166 -0.307341
-0.000859136 0.012223 -0.307364
-0.00080826 0.0115357 -0.307446
-0.000685204 0.0108936 -0.307595
-0.000519141 0.0103142 -0.307817
-0.000321515 0.00979083 -0.308104
-0.000107599 0.00929893 -0.308459
7.14413e-05 0.00882779 -0.308903
0.000191979 0.00834906 -0.309423
0.000238838 0.00789009 -0.310025
0.000182192 0.00746739 -0.310723
5.12239e-05 0.00710831 -0.311505
-0.000102959 0.00682432 -0.312375
-0.00027252 0.00661672 -0.313287
-0.000406978 0.00646829 -0.31425
-0.000494625 0.00637038 -0.31524
-0.000512098 0.00631614 -0.316227
-0.000483011 0.0063075 -0.31718
-0.000426369 0.00632749 -0.31809
-0.000344569 0.00636067 -0.318954
-0.000282983 0.00638312 -0.319772
-0.000291862 0.00639916 -0.320534
-0.000359152 0.0064019 -0.321253
-0.000504634 0.00637005 -0.321925
-0.000713395 0.00630777 -0.322553
-0.000972952 0.00621226 -0.323129
-0.00125376 0.00609149 -0.323651
-0.00152084 0.00594967 -0.324116
-0.00177254 0.00581519 -0.32455
-0.00201472 0.00567483 -0.324931
-0.00220979 0.00551128 -0.325244
-0.0023362 0.00530137 -0.32551
-0.00242269 0.00503367 -0.325737
-0.00248823 0.00471044 -0.325937
-0.00254575 0.00436177 -0.3261
-0.0026065 0.00397772 -0.326241
-0.00266621 0.00357134 -0.32637
-0.00272979 0.00314986 -0.326519
-0.0027796 0.00271502 -0.32667
-0.00280243 0.00231294 -0.326837
-0.00276876 0.00194219 -0.327007
-0.00271558 0.00159232 -0.327175
-0.00263039 0.00126288 -0.327331
-0.00245321 0.000993527 -0.327481
-0.00225179 0.000789548 -0.327636
-0.00205736 0.000574672 -0.327787
-0.00184646 0.00031082 -0.327936
-0.00163345 2.32473e-05 -0.328071
-0.00145285 -0.000237258 -0.328204
-0.00130627 -0.000471925 -0.328321
-0.00116977 -0.000647936 -0.328442
-0.00106093 -0.000782353 -0.328559
-0.000953747 -0.000915163 -0.328666
-0.000847069 -0.00105409 -0.328787
-0.000701481 -0.00116315 -0.328907
-0.000524922 -0.00128075 -0.329017
-0.000361329 -0.00138327 -0.329108
-0.000215875 -0.00143661 -0.329176
-6.27922e-05 -0.00147148 -0.329254
0.000133835 -0.00152664 -0.329336
0.000331121 -0.00160701 -0.329384
0.000530865 -0.0017076 -0.329413
0.000747885 -0.00186466 -0.329427
0.000984162 -0.00212488 -0.329455
0.0012414 -0.00244031 -0.32949
0.00149841 -0.00274521 -0.329522
0.00179667 -0.00302141 -0.329553
0.00207201 -0.00327795 -0.329557
0.00234984 -0.00351869 -0.329551
0.00266542 -0.00377371 -0.329498
0.00297321 -0.00407146 -0.329418
0.00324959 -0.0044379 -0.329333
0.00356294 -0.00484327 -0.329222
0.00383657 -0.00525142 -0.329113
0.00405489 -0.0055999 -0.328987
0.00427799 -0.00592857 -0.328861
0.00448015 -0.00625422 -0.328743
0.00468038 -0.00657116 -0.32864
0.00486722 -0.00689325 -0.328549
0.00504272 -0.00724656 -0.328457
0.0052133 -0.0076215 -0.328355
0.00540437 -0.00797492 -0.328233
0.00563898 -0.00828138 -0.328095
0.00583681 -0.00854234 -0.327947
0.00606082 -0.00874939 -0.327787
0.00631739 -0.00890393 -0.327603
0.00658813 -0.00903112 -0.327402
0.00685684 -0.0091599 -0.327214
0.00712383 -0.00935188 -0.327036
0.00738711 -0.00956069 -0.32685
0.00766334 -0.00972182 -0.32668
0.00793233 -0.00982076 -0.326519
0.00820681 -0.00981689 -0.326328
0.00850132 -0.00974872 -0.326118
0.00879352 -0.00972708 -0.325875
0.00912859 -0.00984771 -0.32562
0.00957867 -0.0100899 -0.325354
0.0100833 -0.0104064 -0.325074
0.010627 -0.0107818 -0.324793
0.0112242 -0.0111971 -0.324532
0.0118704 -0.011645 -0.324315
0.0124752 -0.0121463 -0.324141
0.0130841 -0.0127495 -0.324018
0.0136617 -0.0134308 -0.32395
0.0141923 -0.0141748 -0.323944
0.0146714 -0.0150024 -0.323973
0.0151385 -0.0158612 -0.324025
0.0157461 -0.0169157 -0.324108
0.0162769 -0.017988 -0.324197
0.0167657 -0.019034 -0.324284
0.0172289 -0.020029 -0.324384
0.0176553 -0.0209624 -0.324473
0.0178621 -0.021628 -0.32455
0.0180365 -0.0222553 -0.324593
0.018174 -0.0228157 -0.324612
0.0182834 -0.0233131 -0.32462
0.0183015 -0.0236735 -0.32462
0.0181448 -0.0237987 -0.324625
0.0177343 -0.023532 -0.324682
0.0170045 -0.0228089 -0.324786
0.0159582 -0.0216454 -0.324935
0.0148002 -0.0203945 -0.32509
0.0133293 -0.0187586 -0.325187
0.0116065 -0.0168149 -0.325245
0.00976191 -0.014663 -0.325253
0.00788822 -0.0123727 -0.325226
0.00608379 -0.0100061 -0.3252
0.00443191 -0.00761299 -0.3252
0.00295565 -0.005191 -0.325239
0.00187383 -0.00295578 -0.325323
0.00104277 -0.000826239 -0.325461
0.000443937 0.00111484 -0.32568
2.76895e-05 0.00281096 -0.326017
-0.000214132 0.00424462 -0.326463
-0.000306162 0.00543042 -0.32703
-0.000258776 0.00635487 -0.327739
-9.84081e-05 0.00698573 -0.328561
0.000157192 0.00728319 -0.329483
0.000233092 0.00771966 -0.330484
0.000501703 0.00778337 -0.331535
0.00125735 0.00724977 -0.332617
0.00216428 0.00654715 -0.33371
0.00318426 0.00571578 -0.334804
0.00424857 0.00476784 -0.335867
0.00531238 0.00371349 -0.336892
0.00632426 0.00255677 -0.337874
0.00725052 0.00132791 -0.338799
0.00794625 0.000251826 -0.339689
0.00850207 -0.000837374 -0.340523
0.00892456 -0.00189316 -0.341318
0.0091893 -0.00291001 -0.342016
0.00931473 -0.00388002 -0.342615
0.00948749 -0.00498224 -0.343117
0.00962505 -0.00605473 -0.34355
0.0097185 -0.00713232 -0.343901
0.00977336 -0.00824023 -0.34418
0.00960385 -0.00927492 -0.344392
0.00943357 -0.0102745 -0.344543
0.0092213 -0.011198 -0.344636
0.00892461 -0.0120484 -0.344693
0.00877436 -0.012947 -0.344686
0.00855919 -0.013797 -0.344615
0.00830449 -0.0145886 -0.344494
0.00801365 -0.0153285 -0.344332
0.00767697 -0.0160198 -0.3441
0.00731584 -0.0166347 -0.343819
0.00694143 -0.0171902 -0.343483
0.00640609 -0.0176659 -0.343102
0.00590769 -0.0180727 -0.342668
0.00547669 -0.0184308 -0.342189
0.0051175 -0.0187446 -0.341661
0.00482619 -0.019028 -0.341099
0.00462175 -0.0192894 -0.340525
0.00445096 -0.019521 -0.33995
0.00429724 -0.0197416 -0.339366
0.00414492 -0.0199369 -0.33881
0.00398516 -0.0201067 -0.3383
0.00382771 -0.0202632 -0.33783
0.00367457 -0.0204221 -0.337395
0.00354996 -0.0205908 -0.337002
0.0034858 -0.0208039 -0.336644
0.00348981 -0.0210459 -0.336344
0.00360236 -0.0213447 -0.336102
0.0038057 -0.021712 -0.335924
0.00410181 -0.0221286 -0.335803
0.00447667 -0.022595 -0.335742
0.00490634 -0.0231225 -0.335742
0.0053547 -0.0236827 -0.335798
0.00579377 -0.0242599 -0.335877
0.00622263 -0.0248397 -0.335979
0.00661286 -0.0254347 -0.336092
0.0069575 -0.0260642 -0.336203
0.0072302 -0.0267268 -0.336299
0.00744391 -0.0274174 -0.336373
0.00760421 -0.0281316 -0.33644
0.00768614 -0.0288347 -0.336476
0.00770174 -0.0295108 -0.336483
0.00764894 -0.0301215 -0.336446
0.00750653 -0.0306664 -0.336375
0.00728389 -0.0311238 -0.336272
0.00700752 -0.0314972 -0.336147
0.00667281 -0.0318281 -0.335993
0.00629062 -0.0321535 -0.335801
0.00587696 -0.0324629 -0.335585
0.00543126 -0.0327462 -0.33535
0.00498538 -0.0329837 -0.335116
0.00453071 -0.0331914 -0.334896
0.00406893 -0.033355 -0.334686
0.00363145 -0.0334547 -0.334496
0.00321479 -0.0334801 -0.334335
0.00282141 -0.0334415 -0.334196
0.00249202 -0.0333618 -0.334059
0.00222955 -0.0332736 -0.333927
0.00204194 -0.0332007 -0.333804
0.00192093 -0.033156 -0.33372
0.00186408 -0.0331192 -0.333684
0.0018617 -0.0330681 -0.333681
0.00189886 -0.0329921 -0.333725
0.00196447 -0.0328834 -0.333827
0.00204951 -0.0327779 -0.333952
0.0021307 -0.0326862 -0.334106
0.00220248 -0.0326226 -0.334283
0.0022641 -0.0325743 -0.334484
0.00231427 -0.0325284 -0.334695
0.00233787 -0.0325035 -0.334912
0.00234632 -0.0325267 -0.335106
0.00235054 -0.0325754 -0.335308
0.00236738 -0.0326391 -0.335522
0.00238777 -0.0327272 -0.335723
0.00241071 -0.0328446 -0.335888
0.00243547 -0.0329534 -0.336038
0.00244122 -0.0330347 -0.336162
0.00240807 -0.0330764 -0.336267
0.00234097 -0.0330839 -0.336348
0.00222096 -0.0330722 -0.336416
0.00203271 -0.033049 -0.336464
0.00177551 -0.0330523 -0.336531
0.00148357 -0.0330804 -0.336597
0.00116796 -0.0331191 -0.336693
0.000855915 -0.0331541 -0.336795
0.000538343 -0.0331313 -0.336881
0.000262372 -0.0330215 -0.336952
3.08319e-05 -0.0328171 -0.336995
-0.000171268 -0.0325673 -0.337029
-0.000353132 -0.0323175 -0.337055
-0.000544631 -0.0321079 -0.337087
-0.000744541 -0.031938 -0.337135
-0.000996716 -0.0317844 -0.337229
-0.00130634 -0.0316221 -0.33736
-0.00166761 -0.0314199 -0.337537
-0.00209517 -0.0311409 -0.337773
-0.00256245 -0.0307849 -0.338068
-0.0030193 -0.0303863 -0.338403
-0.00343778 -0.0300006 -0.33875
-0.00378378 -0.0296597 -0.339081
-0.00404803 -0.029365 -0.33942
-0.00421745 -0.0290895 -0.339772
-0.00431289 -0.0287552 -0.340134
-0.00434 -0.0283382 -0.340522
-0.0043445 -0.0278696 -0.340933
-0.004352 -0.0273892 -0.341356
-0.0043783 -0.0269084 -0.341845
-0.0044346 -0.0264614 -0.342402
-0.00455328 -0.0260791 -0.342997
-0.00470173 -0.0257686 -0.343617
-0.00487159 -0.0255491 -0.344229
-0.00503446 -0.0254069 -0.344822
-0.00517057 -0.0253095 -0.345366
-0.00529139 -0.0252636 -0.345853
-0.00540418 -0.0252738 -0.346275
-0.00552725 -0.0253376 -0.346666
-0.00567958 -0.0254575 -0.347022
-0.00588258 -0.0256308 -0.347329
-0.00614229 -0.0258664 -0.347617
-0.00646214 -0.0261609 -0.347863
-0.00683536 -0.0265276 -0.348062
-0.00723345 -0.026889 -0.348211
-0.00757235 -0.0271055 -0.348291
-0.0077289 -0.0270143 -0.348292
-0.00760134 -0.0265035 -0.348218
-0.00715299 -0.0255102 -0.348095
-0.00609686 -0.023768 -0.347933
-0.0047472 -0.0217059 -0.347738
-0.00316065 -0.0193572 -0.347548
-0.00142793 -0.0167934 -0.34739
0.000371513 -0.0141243 -0.347257
0.00215724 -0.0114556 -0.347149
0.00391872 -0.00870509 -0.347046
0.00557417 -0.00598084 -0.346926
0.00690441 -0.00352322 -0.346778
0.00798323 -0.00120088 -0.34658
0.00883891 0.000947386 -0.346322
0.00948289 0.00286966 -0.346026
0.00994854 0.00451807 -0.345687
0.010254 0.00584236 -0.345312
0.0104297 0.0068384 -0.344903
0.0107956 0.00802793 -0.344421
0.0110352 0.00890796 -0.343883
0.0111414 0.00948436 -0.343277
0.0111144 0.00980479 -0.342621
0.0107391 0.0096876 -0.341908
0.0102768 0.00951666 -0.341135
0.00972286 0.00932093 -0.340334
0.00909308 0.00906128 -0.33951
0.00843138 0.00870614 -0.338666
0.00775977 0.00830004 -0.337834
0.00716168 0.00811859 -0.337056
0.00662681 0.00790242 -0.336335
0.00619632 0.0076366 -0.335692
0.00589382 0.00733349 -0.335141
0.00573883 0.00700775 -0.334659
0.00577589 0.00667264 -0.334228
0.00596568 0.00631897 -0.33383
0.00628262 0.00593999 -0.333503
0.0066908 0.00550489 -0.333248
0.00720168 0.00501874 -0.333052
0.00780224 0.00454177 -0.332942
0.00845533 0.0040838 -0.332931
0.0091436 0.00363713 -0.333002
0.00990402 0.00316082 -0.33315
0.0105638 0.00258723 -0.333388
0.0112778 0.00208692 -0.333697
0.0120582 0.00163517 -0.334069
0.0128926 0.00124509 -0.334499
0.0137571 0.000924051 -0.33499
0.0146486 0.00068367 -0.335537
0.0155144 0.000516528 -0.336154
0.0165357 0.000479616 -0.336827
0.0175103 0.00050945 -0.337571
0.0184304 0.000603774 -0.338376
0.0192593 0.000756962 -0.33925
0.0200142 0.000933786 -0.340163
0.0207071 0.0011338 -0.3411
0.0213743 0.00135695 -0.342072
0.0219784 0.00165486 -0.34305
0.022554 0.00202146 -0.343989
0.0230913 0.00244139 -0.344892
0.0235882 0.00289358 -0.34574
0.0240314 0.0033191 -0.346521
0.0243804 0.00371287 -0.347251
0.0246583 0.00406802 -0.34792
0.0248324 0.0043713 -0.348529
0.0249007 0.00463276 -0.349051
0.0248565 0.00487614 -0.34949
0.0247442 0.00510115 -0.349845
0.0245814 0.00525422 -0.350118
0.0243776 0.00533052 -0.350319
0.0241445 0.0053822 -0.350476
0.0239068 0.00542647 -0.350571
0.0236834 0.00545154 -0.350624
0.0234693 0.00547079 -0.350661
0.0232939 0.00545522 -0.350681
0.0231412 0.00538677 -0.350694
0.0230235 0.0052577 -0.350723
0.0229384 0.00510997 -0.350782
0.0229363 0.00496173 -0.350882
0.0230236 0.00480496 -0.35101
0.0231989 0.00466337 -0.351156
0.0234871 0.00457903 -0.351313
0.0238788 0.00459826 -0.351477
0.0243723 0.00467401 -0.351678
0.0249701 0.00473549 -0.351906
0.0256507 0.00476966 -0.352172
0.026403 0.00482451 -0.352456
0.0271592 0.00493352 -0.35276
0.0279071 0.0050955 -0.353108
0.0286675 0.00531321 -0.353465
0.0294076 0.00558753 -0.353821
0.0301062 0.00592109 -0.35417
0.0307525 0.00625399 -0.354508
0.0313392 0.00658977 -0.354826
0.0319032 0.00690823 -0.355113
0.0323737 0.00721198 -0.355399
0.0327719 0.00748497 -0.355655
0.0330667 0.00779033 -0.355867
0.0332835 0.00812581 -0.356041
0.0334214 0.00846395 -0.356169
0.0334496 0.00876509 -0.35627
0.0333993 0.00902171 -0.356366
0.0332647 0.00923103 -0.356447
0.0330649 0.00942428 -0.356532
0.0328097 0.00959564 -0.356614
0.0325269 0.00971163 -0.356712
0.0322341 0.00973855 -0.356796
0.0319432 0.00967603 -0.356878
0.0316604 0.00957934 -0.356944
0.0314082 0.00952915 -0.357
0.0311987 0.00949385 -0.357064
0.031029 0.0094673 -0.357111
0.0308625 0.00944573 -0.357183
0.0307249 0.00940692 -0.357289
0.0306157 0.00936662 -0.357435
0.0304624 0.00931561 -0.35761
0.0303182 0.00925767 -0.357792
0.0302431 0.009198 -0.357994
0.0301625 0.00911473 -0.358217
0.0301101 0.00905965 -0.358454
0.0301284 0.00905959 -0.358686
0.0301996 0.00909275 -0.3589
0.0302607 0.00914065 -0.359091
0.0303894 0.00917165 -0.359257
0.0305758 0.00918795 -0.359416
0.0307686 0.00923238 -0.35956
0.0309797 0.0092896 -0.359701
0.031201 0.0093751 -0.359815
0.0314413 0.00947413 -0.359901
0.0317076 0.00956114 -0.35997
0.0319679 0.00961053 -0.360027
0.0322208 0.00968476 -0.360069
0.0324616 0.00980624 -0.360076
0.0326908 0.00994166 -0.360022
0.0329362 0.0100535 -0.359902
0.0331688 0.0100979 -0.359737
0.0333498 0.0100907 -0.359521
0.0335659 0.0100059 -0.359247
0.0338193 0.00987771 -0.358925
0.0341039 0.0096732 -0.358588
0.0344356 0.00940656 -0.358232
0.0347879 0.00908183 -0.357866
0.0352144 0.00871054 -0.357466
0.035749 0.00828134 -0.357066
0.0361733 0.0076676 -0.356671
0.0365814 0.00692304 -0.356293
0.0369565 0.006048 -0.355937
0.0372896 0.00508503 -0.355628
0.0376003 0.0040874 -0.355377
0.0378685 0.00306775 -0.355172
0.0382816 0.0019267 -0.355012
0.0387121 0.000732967 -0.354877
0.0391083 -0.000487642 -0.354778
0.0394866 -0.0016953 -0.354705
0.0398414 -0.00285808 -0.354653
0.0402287 -0.00396081 -0.35461
0.0404964 -0.00478395 -0.354566
0.0407709 -0.00550053 -0.354524
0.0410043 -0.0061355 -0.354484
0.0411697 -0.00661268 -0.354446
0.0411973 -0.00682366 -0.35444
0.0410036 -0.00664264 -0.354478
0.0405304 -0.00597857 -0.354559
0.0397558 -0.00482149 -0.354696
0.0389188 -0.00353144 -0.354857
0.0377969 -0.00184583 -0.355041
0.0364289 0.000141346 -0.355225
0.0348623 0.00236737 -0.355403
0.0332009 0.00477598 -0.355558
0.0315325 0.0072931 -0.355699
0.0299301 0.00986456 -0.355826
0.0284722 0.0124402 -0.355944
0.0271762 0.0149722 -0.35607
0.026209 0.0171027 -0.356225
0.0254131 0.0190102 -0.356425
0.0247989 0.0207202 -0.356732
0.024318 0.0222107 -0.357145
0.0239589 0.0234412 -0.357681
0.0237011 0.0243522 -0.358337
0.023534 0.024919 -0.359097
0.0234497 0.0251675 -0.359978
0.0231977 0.025481 -0.360945
0.0230527 0.0255368 -0.36199
0.0230894 0.0254169 -0.363079
0.023298 0.0252235 -0.364224
0.0236908 0.0250047 -0.365414
0.0242542 0.0247757 -0.366637
0.0249478 0.024547 -0.3679
0.025879 0.0242465 -0.369197
0.0268288 0.0240484 -0.370518
0.0275941 0.0241161 -0.371854
0.0282871 0.0242528 -0.373198
0.0288944 0.0243966 -0.374514
0.0294081 0.0245211 -0.3758
0.0298306 0.0246001 -0.37703
0.0301653 0.0245935 -0.378191
0.0304456 0.0244986 -0.379286
0.0306982 0.024325 -0.380332
0.0309272 0.0240652 -0.381339
0.0311814 0.0236778 -0.382308
0.0314711 0.0231219 -0.38322
0.0317558 0.0224372 -0.38407
0.032035 0.0216471 -0.384848
0.0323151 0.0207633 -0.385519
0.0325322 0.0197631 -0.386068
0.0326417 0.0186435 -0.386493
0.0326384 0.0174437 -0.386792
0.0325292 0.016217 -0.386959
0.0323143 0.0149904 -0.386979
0.0320394 0.0137766 -0.386863
0.0317527 0.0125827 -0.386608
0.0314971 0.0114342 -0.386194
0.0312963 0.0103302 -0.385626
0.0311415 0.00930274 -0.384924
0.0310361 0.00834279 -0.384111
0.0309641 0.00748972 -0.383178
0.0309064 0.00676556 -0.382144
0.0308378 0.00617235 -0.381012
0.0307651 0.00569884 -0.379784
0.0306701 0.00535274 -0.378496
0.0305639 0.00511927 -0.377186
0.0304605 0.00495774 -0.375883
0.0303892 0.00486741 -0.374599
0.0304076 0.00481747 -0.373351
0.0305044 0.00479591 -0.372142
0.0306915 0.00478987 -0.371012
0.030969 0.00481403 -0.369946
0.0313565 0.00486192 -0.368943
0.0318499 0.004923 -0.368002
0.0324307 0.00500027 -0.367136
0.0331022 0.00506014 -0.366345
0.0338374 0.0051029 -0.365615
0.034625 0.00512253 -0.365023
0.035444 0.00510745 -0.364536
0.036249 0.0050481 -0.364153
0.0370458 0.00494197 -0.363858
0.0378328 0.00477948 -0.36364
0.0385958 0.00458481 -0.363453
0.039351 0.00436453 -0.363295
0.0401038 0.00410965 -0.363164
0.0408139 0.0038111 -0.363049
0.0414796 0.00346338 -0.362996
0.0420692 0.00307472 -0.36299
0.0425496 0.0026707 -0.363013
0.0429218 0.00225076 -0.36308
0.0431836 0.00185495 -0.363197
0.0433269 0.00148132 -0.363349
0.0433708 0.00113558 -0.363498
0.0433306 0.000813982 -0.363655
0.0432176 0.000543458 -0.363797
0.0430564 0.000314947 -0.363925
0.0428562 0.000131636 -0.364015
0.0426292 -2.5514e-05 -0.36408
0.0424121 -0.000188109 -0.364153
0.0421845 -0.000369686 -0.364245
0.0419382 -0.000551438 -0.364347
0.0417039 -0.000707021 -0.364463
0.0414683 -0.000812277 -0.364601
0.0412062 -0.000847667 -0.364749
0.0409341 -0.000807334 -0.364916
0.0406491 -0.00069582 -0.365107
0.0403575 -0.000543803 -0.365314
0.0400865 -0.000394891 -0.36551
0.0398404 -0.000271683 -0.365667
0.0396166 -0.000203856 -0.36583
0.0394307 -0.000182244 -0.365999
0.0392678 -0.000200304 -0.366171
0.0391399 -0.000239136 -0.366318
0.0390313 -0.000287198 -0.366451
0.0389227 -0.000291502 -0.36659
0.0388209 -0.000243257 -0.366713
0.0386924 -0.000152328 -0.366791
0.0385283 -5.66261e-05 -0.366868
0.038332 -5.95023e-07 -0.36695
0.0380949 -3.00215e-06 -0.367046
0.0378464 -4.8636e-05 -0.367159
0.0376043 -0.000120282 -0.367257
0.0373785 -0.000180013 -0.36733
0.0371842 -0.000187875 -0.367381
0.0369967 -0.000128356 -0.367395
0.0368136 -1.33386e-05 -0.367378
0.0366331 0.000117263 -0.367357
0.0364126 0.000226958 -0.367323
0.0361215 0.00029816 -0.367323
0.0357115 0.000328221 -0.36735
0.035221 0.000333495 -0.367424
0.0346507 0.000350666 -0.367561
0.0340853 0.000518651 -0.367735
0.0335076 0.00072361 -0.367934
0.032936 0.000945333 -0.368164
0.0324164 0.00117634 -0.36841
0.0319188 0.00143946 -0.368669
0.0314073 0.00174229 -0.368953
0.0308412 0.00203605 -0.369257
0.0302486 0.00239875 -0.369575
0.0295087 0.00263901 -0.369902
0.028598 0.00271276 -0.370245
0.0273619 0.00244349 -0.370613
0.0259462 0.0020158 -0.370979
0.0243711 0.00144207 -0.371347
0.0226892 0.000705309 -0.371717
0.0209713 -0.000186156 -0.372087
0.0192856 -0.0012426 -0.372445
0.0176962 -0.00246726 -0.372749
0.01623 -0.0038604 -0.372997
0.0148921 -0.00537554 -0.373177
0.0136802 -0.00696063 -0.373327
0.0124433 -0.00867738 -0.373481
0.0113243 -0.0104551 -0.373634
0.0102962 -0.0122316 -0.373814
0.00945977 -0.0137488 -0.374009
0.00865603 -0.015132 -0.374253
0.00786089 -0.0163682 -0.374528
0.00709029 -0.0174448 -0.374857
0.00637833 -0.018348 -0.375225
0.00574472 -0.0190569 -0.375627
0.00501136 -0.0198998 -0.376081
0.00437472 -0.02065 -0.37655
0.00403859 -0.0209341 -0.377045
0.00382834 -0.0209867 -0.377524
0.00377283 -0.0207239 -0.377971
0.00367735 -0.0205431 -0.378384
0.00386638 -0.0199167 -0.378745
0.00441077 -0.0188367 -0.379066
0.00527962 -0.0173125 -0.379349
0.00640437 -0.015429 -0.37961
0.00769945 -0.0132399 -0.379863
0.00898148 -0.0109742 -0.380111
0.0101171 -0.00870101 -0.380348
0.0110613 -0.00645116 -0.380587
0.01185 -0.00414475 -0.380805
0.0124156 -0.00185746 -0.381002
0.0127895 0.00038796 -0.381137
0.0128836 0.00230348 -0.381188
0.0128868 0.00403175 -0.381153
0.0128286 0.00554672 -0.381002
0.012743 0.0068131 -0.38074
0.0126414 0.00781305 -0.380381
0.0125102 0.0085369 -0.37989
0.0123141 0.00899848 -0.379277
0.0122231 0.00961214 -0.37858
0.0120538 0.00996648 -0.377804
0.0118048 0.0101275 -0.376975
0.0114749 0.0101278 -0.376121
0.0111038 0.00998688 -0.375251
0.0107095 0.00972378 -0.374378
0.0101911 0.0091599 -0.373526
0.00971483 0.00854674 -0.3727
0.00929477 0.00789404 -0.371901
0.00904505 0.00743435 -0.37115
0.00884657 0.00697404 -0.370467
0.00868504 0.00647072 -0.369843
0.00860006 0.00594653 -0.369301
0.00858145 0.00543744 -0.368841
0.00860656 0.00493904 -0.368452
0.00866945 0.00443167 -0.368126
0.00879007 0.00388402 -0.367838
0.00892889 0.00331523 -0.36758
0.00908004 0.00275069 -0.367362
0.00919814 0.00219038 -0.367195
0.00926646 0.00161143 -0.367078
0.0092893 0.0010694 -0.367014
0.00923204 0.000523065 -0.367034
0.00911535 -5.20251e-05 -0.367116
0.00896374 -0.000626672 -0.367259
0.00878399 -0.00118728 -0.36747
0.00861139 -0.00170782 -0.367739
0.00844798 -0.00216451 -0.368073
0.00828746 -0.00255684 -0.368454
0.00815767 -0.00289228 -0.368892
0.00805073 -0.00320104 -0.369401
0.00795637 -0.00348901 -0.369969
0.0078775 -0.00374956 -0.370592
0.00780092 -0.00397522 -0.37127
0.00773311 -0.00412677 -0.371992
0.00768276 -0.00422037 -0.372764
0.00765441 -0.00427488 -0.373593
0.00766475 -0.0042672 -0.37448
0.0077058 -0.00421359 -0.375388
0.00777871 -0.00415963 -0.3763
0.00792992 -0.00409234 -0.377198
0.00813541 -0.00401332 -0.378059
0.00837993 -0.00391025 -0.378891
0.00864791 -0.00380051 -0.379683
0.00888908 -0.00368921 -0.380415
0.00910512 -0.00359993 -0.381102
0.00929314 -0.0035535 -0.38172
0.00942948 -0.00352416 -0.382271
0.00951878 -0.00353335 -0.382751
0.00957866 -0.00361326 -0.383172
0.00958186 -0.00377577 -0.383523
0.00956288 -0.00398707 -0.383821
0.00951639 -0.00419869 -0.38405
0.00944865 -0.00440963 -0.384245
0.00939079 -0.00461331 -0.384401
0.00933115 -0.00484234 -0.384529
0.00927682 -0.00511359 -0.384626
0.00925083 -0.00543593 -0.384678
0.00921783 -0.00581832 -0.384729
0.00920938 -0.00623655 -0.384771
0.00924512 -0.00666499 -0.384823
0.00929354 -0.00706496 -0.384868
0.00934169 -0.00742188 -0.384908
0.00939562 -0.00772076 -0.384961
0.00952462 -0.00798097 -0.385007
0.0097057 -0.00827478 -0.385046
0.00992491 -0.00860375 -0.385106
0.0101701 -0.00892567 -0.385163
0.0104242 -0.0092399 -0.385219
0.0106945 -0.009545 -0.3853
0.0109835 -0.00980417 -0.385407
0.0112901 -0.00998731 -0.385519
0.0116107 -0.0101323 -0.385623
0.0118865 -0.0102655 -0.385722
0.0121721 -0.0103796 -0.385824
0.0124688 -0.0104962 -0.385928
0.0127568 -0.0106357 -0.38603
0.0130212 -0.0108066 -0.386113
0.0132657 -0.0109773 -0.386184
0.0135064 -0.0111428 -0.386248
0.01372 -0.011277 -0.386299
0.01394 -0.0113549 -0.386351
0.0141615 -0.01139 -0.386422
0.0143764 -0.0114463 -0.386496
0.014619 -0.0115509 -0.386563
0.0148435 -0.0117196 -0.386641
0.0150415 -0.0119509 -0.386729
0.015265 -0.0122471 -0.386805
0.0154976 -0.0125693 -0.386856
0.015695 -0.0129331 -0.386875
0.0158771 -0.0133285 -0.386865
0.0160789 -0.0137498 -0.38683
0.01625 -0.0141976 -0.386761
0.0164126 -0.0146368 -0.386673
0.0165722 -0.0150429 -0.386577
0.0166748 -0.0154437 -0.386476
0.0167329 -0.0158482 -0.386353
0.0167581 -0.0162309 -0.386228
0.0167662 -0.0165764 -0.386102
0.016733 -0.0168994 -0.385992
0.0166671 -0.0172165 -0.38587
0.0166049 -0.017511 -0.385738
0.0165597 -0.0177979 -0.385613
0.0164634 -0.0180603 -0.385484
0.0163759 -0.0182197 -0.385356
0.0163367 -0.0182932 -0.385244
0.0163314 -0.0183604 -0.385136
0.0163413 -0.0184649 -0.385038
0.0163535 -0.0185648 -0.384944
0.0163901 -0.0186574 -0.384847
0.0165248 -0.0187455 -0.384772
0.0166496 -0.0187958 -0.384702
0.0167481 -0.0188054 -0.384623
0.0169136 -0.0188007 -0.384541
0.0171184 -0.0188444 -0.384463
0.0173636 -0.018906 -0.384385
0.0176164 -0.0189327 -0.384298
0.0178215 -0.0189839 -0.384217
0.018019 -0.0190115 -0.384133
0.0182059 -0.0189994 -0.384034
0.0183614 -0.0189325 -0.383901
0.0185014 -0.0188537 -0.383712
0.0186063 -0.0187621 -0.383474
0.018749 -0.0186814 -0.383194
0.0189772 -0.0187041 -0.382876
0.0192552 -0.0188874 -0.382552
0.0195843 -0.0192204 -0.382264
0.0199466 -0.0196391 -0.382021
0.0202527 -0.0201379 -0.381846
0.0205099 -0.0206757 -0.381731
0.0207245 -0.0212152 -0.381653
0.0208928 -0.0217476 -0.381585
0.0210396 -0.0222998 -0.381513
0.0211718 -0.022839 -0.381432
0.0213229 -0.0233775 -0.381348
0.0214781 -0.0239475 -0.381262
0.0216267 -0.0245463 -0.381159
0.0217865 -0.0251453 -0.381071
0.0219779 -0.0257286 -0.380993
0.022134 -0.0262416 -0.380939
0.0219469 -0.0261453 -0.380923
0.0215638 -0.0257133 -0.380946
0.0208967 -0.0248839 -0.381013
0.020217 -0.0240043 -0.381121
0.0189993 -0.0224609 -0.381275
0.0175348 -0.0206443 -0.381463
0.0158674 -0.0185564 -0.381602
0.0140976 -0.0162698 -0.381695
0.0122816 -0.0138855 -0.381734
0.0104596 -0.0114655 -0.381744
0.00875421 -0.00906597 -0.381762
0.00723537 -0.00666824 -0.381823
0.00602377 -0.00442954 -0.381961
0.0049966 -0.00230505 -0.382214
0.00414353 -0.000329284 -0.382587
0.0034569 0.00145169 -0.383088
0.00289796 0.00302744 -0.383701
0.00248357 0.00436097 -0.384416
0.00224743 0.00540805 -0.385222
0.00223818 0.00610612 -0.386124
0.00209157 0.00696179 -0.387094
0.00217511 0.00746196 -0.388123
0.00243544 0.00770632 -0.389216
0.00317937 0.00739278 -0.39034
0.00404974 0.00689609 -0.391477
0.00501555 0.00622701 -0.39258
0.00603995 0.00541134 -0.393656
0.00706238 0.00447912 -0.394674
0.00802964 0.00345642 -0.395607
0.00887432 0.00237142 -0.396466
0.00945279 0.00148582 -0.397253
0.00990213 0.000521232 -0.397966
0.0102117 -0.000532752 -0.398597
0.0103992 -0.00159663 -0.399148
0.0105224 -0.00261197 -0.399621
0.0106109 -0.00352923 -0.400023
0.0108245 -0.00445099 -0.400326
0.0109815 -0.0053255 -0.400529
0.0110794 -0.00617627 -0.400648
0.0109365 -0.00690905 -0.400669
0.0107119 -0.0076608 -0.400636
0.0103364 -0.00843775 -0.400569
0.00978368 -0.00922241 -0.400456
0.00928256 -0.0100366 -0.400297
0.00871721 -0.0107595 -0.400136
0.00811628 -0.0113815 -0.399951
0.00753368 -0.0119059 -0.399732
0.0069926 -0.0123613 -0.399454
0.00651571 -0.0127697 -0.399099
0.00610685 -0.0131314 -0.398682
0.00577143 -0.01345 -0.398201
0.0052833 -0.0136944 -0.397678
0.00483092 -0.0139104 -0.397116
0.0043845 -0.0140912 -0.396506
0.00394482 -0.0142115 -0.395887
0.0036249 -0.0143344 -0.395259
0.00329453 -0.0144413 -0.394668
0.00297699 -0.0145501 -0.394117
0.00272589 -0.0146832 -0.393617
0.00255591 -0.0148075 -0.393165
0.00229865 -0.0149046 -0.392754
0.00212441 -0.0150183 -0.392389
0.00203364 -0.0151338 -0.392058
0.0020537 -0.0152825 -0.391755
0.00216899 -0.0154544 -0.391486
0.00237065 -0.0156733 -0.391273
0.0026459 -0.0159304 -0.391117
0.00296441 -0.0162398 -0.391001
0.00332193 -0.0166136 -0.390961
0.00369981 -0.0170424 -0.390973
0.00406308 -0.0175193 -0.39103
0.00442074 -0.0180198 -0.391141
0.004783 -0.0185357 -0.391298
0.00514738 -0.0190397 -0.391467
0.00552107 -0.019563 -0.391627
0.00589209 -0.0201045 -0.391735
0.006239 -0.0206742 -0.391804
0.00655095 -0.0212485 -0.391808
0.00679003 -0.021822 -0.391763
0.00692192 -0.0223557 -0.391696
0.0069587 -0.0228353 -0.391616
0.00687552 -0.0232274 -0.391528
0.00665844 -0.023508 -0.39143
0.00634031 -0.0236832 -0.391333
0.00595295 -0.0238144 -0.391198
0.00549301 -0.0239219 -0.391041
0.00501572 -0.0240072 -0.390847
0.00455498 -0.0240504 -0.390619
0.00411895 -0.0240435 -0.390367
0.00370735 -0.0239852 -0.390095
0.0033336 -0.0238807 -0.389816
0.00298649 -0.0237125 -0.389548
0.00266708 -0.023467 -0.389298
0.00236063 -0.0231551 -0.389051
0.00208796 -0.0227988 -0.388838
0.00186026 -0.0224502 -0.388652
0.00167767 -0.0221323 -0.388502
0.00153415 -0.0218444 -0.388392
0.00145186 -0.0215698 -0.388324
0.00142988 -0.0213023 -0.388289
0.0014675 -0.0210395 -0.388286
0.00155657 -0.0207652 -0.388323
0.00170339 -0.0204922 -0.388369
0.00188311 -0.0202114 -0.388439
0.0020782 -0.0199193 -0.388527
0.00228683 -0.0196256 -0.38863
0.00247491 -0.019355 -0.388732
0.00263868 -0.0191359 -0.388853
0.00277666 -0.0189772 -0.388977
0.00289678 -0.0188717 -0.389119
0.00297704 -0.0187806 -0.389271
0.00303622 -0.0187129 -0.389426
0.00310258 -0.0186587 -0.389567
0.00318831 -0.0186045 -0.389686
0.00325275 -0.0185264 -0.389779
0.00331372 -0.0184247 -0.389831
0.00338304 -0.0182722 -0.389833
0.00343316 -0.0181143 -0.389795
0.003419 -0.0179919 -0.389757
0.00335044 -0.017892 -0.389738
0.00322555 -0.0178043 -0.389733
0.00302826 -0.0177364 -0.38978
0.00274696 -0.0176592 -0.389841
0.00241154 -0.0175146 -0.38991
0.00207712 -0.0172755 -0.389984
0.00175967 -0.0169854 -0.390037
0.00146889 -0.0166767 -0.390064
0.00122843 -0.0163835 -0.390081
0.00102547 -0.0161204 -0.39011
0.000855954 -0.0158695 -0.390151
0.00069064 -0.0155951 -0.39021
0.000497794 -0.0152997 -0.390307
0.000253705 -0.014959 -0.390448
-6.40625e-05 -0.0145753 -0.39065
-0.000422867 -0.0141751 -0.3909
-0.000816817 -0.013791 -0.391208
-0.00122114 -0.0134294 -0.391576
-0.00162202 -0.0130736 -0.391981
-0.00198375 -0.0127004 -0.392423
-0.00226997 -0.0123063 -0.392883
-0.00245569 -0.0118922 -0.393345
-0.0025587 -0.0114633 -0.393783
-0.00256541 -0.0110022 -0.394204
-0.00250239 -0.0105148 -0.394641
-0.00242852 -0.0100364 -0.395106
-0.00240218 -0.00963565 -0.395618
-0.00245184 -0.00935073 -0.396186
-0.00258625 -0.00921771 -0.396764
-0.00283741 -0.00922685 -0.39734
-0.00316903 -0.00937406 -0.397875
-0.00354316 -0.00962755 -0.398354
-0.00392376 -0.0099291 -0.398769
-0.00428818 -0.0102371 -0.399109
-0.00463439 -0.0105111 -0.399374
-0.00497646 -0.0107659 -0.399577
-0.005323 -0.0110195 -0.399757
-0.00569586 -0.0113411 -0.399952
-0.00609326 -0.0117387 -0.400131
-0.006521 -0.0122127 -0.400267
-0.00696848 -0.0126771 -0.400345
-0.0073374 -0.0130205 -0.40033
-0.00724574 -0.0126792 -0.40024
-0.0069015 -0.0119106 -0.400089
-0.00626596 -0.0107005 -0.39987
-0.00533284 -0.00909698 -0.399628
-0.00410173 -0.00713724 -0.399402
-0.00265903 -0.00490404 -0.399207
-0.00109933 -0.00254951 -0.399083
0.000488847 -6.59739e-05 -0.399001
0.00206896 0.00237418 -0.398948
0.00355449 0.00473416 -0.398895
0.00488507 0.00702543 -0.398804
0.00605166 0.00924198 -0.398655
0.00689159 0.0110634 -0.398435
0.00755865 0.012716 -0.398172
0.00806902 0.0141648 -0.397856
0.00846727 0.0153483 -0.397495
0.00877757 0.0162559 -0.397101
0.00926771 0.0173492 -0.396672
0.00966122 0.0182095 -0.396189
0.00997122 0.0188319 -0.395651
0.0101717 0.0192439 -0.395049
0.0102314 0.019495 -0.394415
0.0101516 0.0196774 -0.393756
0.00994201 0.0198603 -0.393072
0.00960155 0.0200431 -0.392353
0.00916512 0.0202252 -0.39161
0.00866024 0.0204177 -0.390854
0.00810783 0.0206418 -0.390098
0.007568 0.0208473 -0.389355
0.00708042 0.021023 -0.388645
0.00669519 0.02116 -0.387994
0.00643248 0.0212277 -0.387413
0.00633394 0.0212274 -0.386884
0.0064098 0.0211452 -0.386394
0.00660421 0.0210129 -0.385937
0.00689719 0.0208528 -0.385494
0.0072405 0.0206463 -0.385067
0.00758498 0.020394 -0.384679
0.00792858 0.0200692 -0.384355
0.00827224 0.0197042 -0.384107
0.00862777 0.0193103 -0.383967
0.00900457 0.0188906 -0.383934
0.00942938 0.0184461 -0.384005
0.009919 0.0179857 -0.384184
0.0104987 0.017531 -0.384453
0.0111553 0.0171007 -0.384795
0.0118441 0.0167018 -0.385177
0.0125686 0.0163642 -0.385582
0.0133222 0.0160706 -0.386037
0.0140649 0.0158189 -0.386543
0.0147779 0.0156008 -0.387141
0.0153887 0.0154351 -0.387826
0.015914 0.0153376 -0.388595
0.0163586 0.0153208 -0.389449
0.0167295 0.0153724 -0.390378
0.0170555 0.0154937 -0.391379
0.0173451 0.0156671 -0.392443
0.0176482 0.0158524 -0.393515
0.0179599 0.016069 -0.394556
0.0182817 0.0163026 -0.395549
0.0186008 0.0165727 -0.396499
0.0188795 0.0168716 -0.397395
0.0191125 0.0172001 -0.398223
0.0192854 0.0175317 -0.398975
0.0193775 0.0178648 -0.399665
0.0193964 0.0181713 -0.400318
0.0192938 0.0184262 -0.400918
0.0191128 0.0186452 -0.40146
0.0188561 0.0188173 -0.401947
0.0185786 0.0189528 -0.402392
0.0182711 0.019082 -0.402783
0.0179865 0.0192199 -0.403108
0.0177423 0.0193491 -0.403381
0.0175417 0.0194372 -0.403601
0.0173952 0.0194772 -0.403798
0.0173113 0.0194838 -0.403966
0.0172673 0.0194586 -0.404113
0.0172356 0.0193889 -0.404256
0.0172101 0.0192757 -0.404412
0.0172301 0.0191319 -0.404597
0.0173159 0.0189705 -0.404809
0.0174293 0.018825 -0.405024
0.0175938 0.0187148 -0.405252
0.0178302 0.018643 -0.405479
0.0181371 0.0186121 -0.405723
0.0185157 0.0186378 -0.40597
0.0189314 0.018687 -0.406231
0.0193674 0.018726 -0.406501
0.0198415 0.0187559 -0.40676
0.0202805 0.0187723 -0.407012
0.020682 0.0187777 -0.407276
0.0210327 0.0187811 -0.407521
0.0213334 0.018816 -0.407735
0.0216025 0.0188803 -0.407936
0.0218187 0.0189769 -0.408129
0.021986 0.0190968 -0.408323
0.0221111 0.0192558 -0.408483
0.0222435 0.0193904 -0.4086
0.0223393 0.0195185 -0.408704
0.0223978 0.0196283 -0.408796
0.0224318 0.0196798 -0.408853
0.0224482 0.019685 -0.408883
0.0224496 0.0196717 -0.408907
0.0224766 0.0196179 -0.408934
0.0224937 0.0195156 -0.408967
0.0224875 0.019423 -0.408984
0.02249 0.0193764 -0.408984
0.022527 0.0193417 -0.408985
0.0226018 0.0192772 -0.408972
0.0226902 0.0191073 -0.408956
0.022796 0.0188535 -0.408945
0.0229314 0.018573 -0.408946
0.0230965 0.0182822 -0.408952
0.0232452 0.0179835 -0.408967
0.0233409 0.01773 -0.408969
0.0234435 0.0175418 -0.409001
0.0235602 0.017375 -0.40903
0.0236582 0.0171962 -0.409044
0.0237268 0.0170007 -0.40907
0.0237802 0.016804 -0.409099
0.0238437 0.0166117 -0.409123
0.0239423 0.0164171 -0.409116
0.0240098 0.0162661 -0.409095
0.0240902 0.0161818 -0.40906
0.0241969 0.0160988 -0.409008
0.0243345 0.0159746 -0.408939
0.0244782 0.0157901 -0.408853
0.0246442 0.0155617 -0.408748
0.0248328 0.01536 -0.408653
0.0250239 0.0151884 -0.408559
0.025202 0.0150281 -0.408437
0.0253602 0.014887 -0.408286
0.0255268 0.0147628 -0.408106
0.0257109 0.0146132 -0.407897
0.0258189 0.0144297 -0.407651
0.0259396 0.0142096 -0.407383
0.0261811 0.0140295 -0.407092
0.0265014 0.0137803 -0.406798
0.0269019 0.0134411 -0.406486
0.0274049 0.0130509 -0.406167
0.0280094 0.0126141 -0.405858
0.0285921 0.0120019 -0.405556
0.0292244 0.0112696 -0.405285
0.0298338 0.0104478 -0.405074
0.0303876 0.00954852 -0.404907
0.0308515 0.00854089 -0.404777
0.0312209 0.00744641 -0.40471
0.0315411 0.00630724 -0.404703
0.031838 0.00511926 -0.404716
0.0322356 0.00379087 -0.404748
0.032581 0.00241756 -0.404779
0.0329169 0.00103513 -0.404833
0.033249 -0.000319415 -0.4049
0.0334532 -0.00140882 -0.404942
0.0336613 -0.00238256 -0.404966
0.0338637 -0.00326902 -0.404959
0.0340872 -0.00407522 -0.404921
0.034277 -0.00477968 -0.40486
0.034362 -0.00533049 -0.404791
0.0342839 -0.00565114 -0.404737
0.0339683 -0.00560801 -0.404733
0.0333584 -0.00511589 -0.404776
0.0326933 -0.00450842 -0.404871
0.0317328 -0.0033922 -0.404985
0.0304885 -0.00184349 -0.405097
0.0290073 4.37605e-05 -0.40521
0.0273504 0.00227352 -0.405297
0.0256795 0.00458267 -0.40536
0.02404 0.00696646 -0.405395
0.0225152 0.00937015 -0.405415
0.021178 0.0117725 -0.405442
0.020055 0.0141611 -0.405483
0.0191572 0.0165147 -0.405559
0.018621 0.0184551 -0.405698
0.0182157 0.020215 -0.405918
0.0179013 0.0217323 -0.406221
0.0176332 0.0229559 -0.40664
0.0173801 0.0238428 -0.407212
0.0171581 0.0243877 -0.407932
0.017003 0.0246225 -0.408781
0.0166882 0.0249156 -0.409718
0.0165134 0.0249522 -0.410724
0.0165102 0.0248212 -0.411764
0.0167143 0.0245979 -0.412828
0.017104 0.0242927 -0.413919
0.0176484 0.0239565 -0.415028
0.0184999 0.0235091 -0.416196
0.0194082 0.0231326 -0.417406
0.020338 0.0228361 -0.418651
0.0210879 0.0227756 -0.419925
0.0217586 0.0227307 -0.421178
0.0222961 0.0226375 -0.422394
0.0227037 0.0224649 -0.423568
0.0230042 0.0222425 -0.424677
0.0232073 0.0219628 -0.425735
0.0233393 0.0216236 -0.426759
0.0234538 0.0211918 -0.427738
0.0235982 0.020665 -0.428667
0.0238052 0.0200623 -0.429527
0.0240352 0.0193668 -0.430321
0.0242718 0.0185624 -0.431046
0.0244767 0.0176667 -0.431682
0.0246237 0.0167161 -0.432222
0.0246433 0.0156987 -0.432655
0.0245296 0.0146031 -0.432954
0.0242693 0.0134743 -0.433143
0.0239326 0.0123436 -0.433235
0.0235425 0.0112245 -0.433213
0.0231541 0.0101199 -0.433067
0.0227961 0.00906684 -0.432785
0.0224849 0.00809272 -0.432372
0.0222235 0.00719112 -0.431825
0.0219845 0.00635959 -0.431156
0.0217829 0.00559569 -0.430375
0.0215894 0.00492566 -0.42951
0.0213827 0.00434407 -0.428546
0.0211701 0.00388047 -0.4275
0.0209297 0.00354878 -0.426401
0.0206707 0.00334038 -0.425252
0.0204232 0.00321862 -0.4241
0.0202131 0.00315836 -0.422949
0.0200846 0.00312911 -0.421807
0.0200371 0.00312967 -0.420724
0.020082 0.00312654 -0.419704
0.0202161 0.00310758 -0.418764
0.0204505 0.00308727 -0.417879
0.0207657 0.00305814 -0.417061
0.0211697 0.00301944 -0.416331
0.0216577 0.00298157 -0.415676
0.0221964 0.00295818 -0.415104
0.0227982 0.00291531 -0.414648
0.0234347 0.0028398 -0.414283
0.0240586 0.00270274 -0.414006
0.0246792 0.00252492 -0.413782
0.0252723 0.00229667 -0.413597
0.025864 0.00200909 -0.413445
0.0264344 0.00167819 -0.413315
0.0269826 0.00132143 -0.413184
0.0274709 0.000939746 -0.413097
0.0279324 0.000540718 -0.413021
0.0283021 0.000145983 -0.412968
0.0285702 -0.000238214 -0.412931
0.0287306 -0.000588459 -0.41291
0.0287709 -0.000901914 -0.412901
0.0287176 -0.00121845 -0.412919
0.0285696 -0.00154162 -0.412947
0.0283332 -0.00184486 -0.412963
0.0280341 -0.00212921 -0.412959
0.0276817 -0.00240075 -0.412959
0.0272915 -0.00264486 -0.412968
0.0269034 -0.00285293 -0.412985
0.0265122 -0.0030137 -0.413001
0.0261293 -0.00312228 -0.41299
0.0257583 -0.0031754 -0.412995
0.0253989 -0.00318775 -0.413002
0.0250525 -0.00316689 -0.413034
0.0247196 -0.00313831 -0.413084
0.0243935 -0.00313327 -0.413163
0.0240963 -0.00313926 -0.413278
0.0237864 -0.00313044 -0.41341
0.023475 -0.00310393 -0.413555
0.0231877 -0.00305865 -0.413707
0.0229282 -0.00300818 -0.413866
0.0226962 -0.00295564 -0.414016
0.0225123 -0.00290031 -0.414155
0.0223643 -0.00284441 -0.414268
0.0222269 -0.00279824 -0.414389
