%roll pitch yaw
0.00526589 0.0145522 -0.304069
0.0060244 0.0139751 -0.305188
0.00690334 0.0133637 -0.306337
0.00787861 0.0127493 -0.307486
0.00889618 0.0121178 -0.308633
0.00971136 0.0116576 -0.309761
0.0104857 0.0111224 -0.310844
0.0111778 0.0105135 -0.31188
0.0117715 0.00985639 -0.312862
0.0122345 0.00918643 -0.313791
0.012583 0.00853889 -0.314662
0.012814 0.00792183 -0.315478
0.0129578 0.00730183 -0.316225
0.0130632 0.00665574 -0.316921
0.0131608 0.00593395 -0.317564
0.0132516 0.00517162 -0.31813
0.01334 0.00436656 -0.318612
0.0134599 0.00353632 -0.319006
0.0135638 0.00269688 -0.319307
0.0135937 0.0018546 -0.319537
0.0135596 0.00102626 -0.319686
0.0134683 0.000198712 -0.31975
0.0133023 -0.000628085 -0.319729
0.0130396 -0.00144766 -0.319643
0.0126924 -0.00227082 -0.319484
0.0123089 -0.00307522 -0.319267
0.0119104 -0.00382246 -0.318969
0.0115327 -0.00448316 -0.318573
0.0112162 -0.00508717 -0.318091
0.010973 -0.00563064 -0.317518
0.010811 -0.00611981 -0.316865
0.0107451 -0.00654101 -0.316127
0.0107246 -0.00688468 -0.315328
0.0107223 -0.00717144 -0.314503
0.0107127 -0.00741367 -0.313657
0.0106287 -0.0076078 -0.312837
0.0104961 -0.00776051 -0.31204
0.0102991 -0.00787074 -0.311271
0.0101032 -0.00796081 -0.31057
0.00992862 -0.00805182 -0.309917
0.00982186 -0.00813796 -0.309313
0.00979569 -0.00822752 -0.308737
0.00987703 -0.00833091 -0.308226
0.0100823 -0.00843675 -0.30778
0.0104028 -0.00857838 -0.307411
0.0107998 -0.00877741 -0.307094
0.0112351 -0.00903143 -0.306836
0.0117013 -0.00932688 -0.30662
0.0121685 -0.00966488 -0.306468
0.012586 -0.0100188 -0.306396
0.0129589 -0.0104009 -0.306367
0.0132863 -0.0108237 -0.306363
0.0135676 -0.0112935 -0.306393
0.0138008 -0.011786 -0.306441
0.014002 -0.0122877 -0.306481
0.0141787 -0.0128057 -0.30651
0.014333 -0.013334 -0.30652
0.0144688 -0.0138442 -0.306507
0.014538 -0.0143257 -0.306484
0.0145333 -0.0147555 -0.306473
0.0144313 -0.0151454 -0.30647
0.0142304 -0.0154961 -0.306463
0.0139319 -0.0157925 -0.306465
0.0135467 -0.0160251 -0.306457
0.0131175 -0.0162236 -0.306433
0.0126636 -0.0164023 -0.306387
0.0121858 -0.0165684 -0.306334
0.0117199 -0.0167275 -0.306268
0.0112782 -0.0168815 -0.306215
0.0108646 -0.017026 -0.306181
0.0104585 -0.017158 -0.30617
0.0100745 -0.017291 -0.306187
0.00969037 -0.0174206 -0.306204
0.00934217 -0.0175273 -0.306223
0.00904999 -0.0175948 -0.306261
0.00876811 -0.0176069 -0.306313
0.00851549 -0.0175577 -0.306367
0.0083091 -0.0174709 -0.306431
0.0081408 -0.0173859 -0.306497
0.00799446 -0.0173416 -0.30659
0.00786746 -0.0173432 -0.306702
0.00775869 -0.0174086 -0.306839
0.00763552 -0.0175381 -0.30698
0.00749567 -0.0176976 -0.30713
0.0073308 -0.0178609 -0.307271
0.00712102 -0.017983 -0.307433
0.00686388 -0.0180723 -0.307596
0.00655927 -0.0181468 -0.307786
0.00622253 -0.0182175 -0.307984
0.00586763 -0.0183139 -0.308179
0.0055115 -0.0184623 -0.308365
0.00518727 -0.0186436 -0.308544
0.00490638 -0.0188711 -0.3087
0.00464693 -0.0190998 -0.308835
0.00440002 -0.0193023 -0.30895
0.00417045 -0.0194453 -0.309063
0.00391796 -0.0194915 -0.309172
0.00363035 -0.0194664 -0.309285
0.00328738 -0.0194224 -0.309409
0.00289649 -0.0194141 -0.309548
0.00246816 -0.0194612 -0.3097
0.00200535 -0.0195457 -0.309876
0.00153313 -0.0196423 -0.31008
0.00105532 -0.0197018 -0.310306
0.000595712 -0.0196696 -0.310533
0.000150573 -0.0195385 -0.310774
-0.000246152 -0.0193574 -0.310982
-0.000600601 -0.0191746 -0.311147
-0.000930381 -0.0190298 -0.311309
-0.00125293 -0.0189222 -0.311475
-0.00159932 -0.0188185 -0.31166
-0.00197458 -0.01869 -0.311885
-0.00242629 -0.0185334 -0.312161
-0.00294995 -0.0183646 -0.312495
-0.00352529 -0.0181828 -0.312868
-0.00410936 -0.0179716 -0.313277
-0.0046701 -0.0177365 -0.31371
-0.00516024 -0.0174804 -0.314161
-0.00556942 -0.0172132 -0.314625
-0.00591374 -0.0169869 -0.315096
-0.00619897 -0.0168488 -0.315557
-0.00645558 -0.016835 -0.316019
-0.00672184 -0.0169076 -0.316485
-0.00703093 -0.0170238 -0.316951
-0.00740224 -0.0171815 -0.317403
-0.0078188 -0.0174041 -0.317853
-0.00829728 -0.0176952 -0.318282
-0.00877847 -0.0180289 -0.318688
-0.009248 -0.0183734 -0.319071
-0.00967519 -0.0187138 -0.319412
-0.0100778 -0.0190382 -0.319707
-0.010465 -0.0193646 -0.319955
-0.0108521 -0.0197044 -0.320177
-0.0112644 -0.0200935 -0.320398
-0.0116777 -0.0205185 -0.320631
-0.0120997 -0.0209331 -0.320822
-0.0121196 -0.0208013 -0.320943
-0.0119743 -0.0203546 -0.320985
-0.0115723 -0.019507 -0.320929
-0.0108898 -0.0182625 -0.320811
-0.00991655 -0.0166375 -0.320653
-0.00867108 -0.0146671 -0.320486
-0.00720831 -0.012422 -0.320359
-0.00562405 -0.0100028 -0.320276
-0.00401505 -0.00745628 -0.320222
-0.00242399 -0.00489178 -0.320194
-0.000917097 -0.0023389 -0.320175
0.000453081 0.00019863 -0.320133
0.00149832 0.00243282 -0.32002
0.00233117 0.00449956 -0.319846
0.00295471 0.00635298 -0.319613
0.00339666 0.00795969 -0.31932
0.00366284 0.00928411 -0.318965
0.00379849 0.0103348 -0.318543
0.00384184 0.0110881 -0.318049
0.00408391 0.0119877 -0.317488
0.00422797 0.0125391 -0.316839
0.0042508 0.0128168 -0.316098
0.00413968 0.0129529 -0.315303
0.00367153 0.0127943 -0.31446
0.00307902 0.012588 -0.313602
0.00238224 0.0123381 -0.312735
0.00163175 0.0120443 -0.311872
0.000859781 0.0117211 -0.311006
0.000220167 0.0115708 -0.310167
-0.000376459 0.0113637 -0.309348
-0.000933702 0.0111271 -0.308565
-0.0014082 0.010857 -0.307841
-0.00176021 0.0105736 -0.307202
-0.00194827 0.0102731 -0.306634
-0.00197887 0.00991261 -0.306139
-0.00187636 0.00949218 -0.305716
-0.00163422 0.0090163 -0.305327
-0.00128588 0.00848338 -0.304956
-0.000873859 0.00794464 -0.304611
-0.000431607 0.0073743 -0.304334
2.2989e-05 0.00679808 -0.304145
0.000501804 0.00621079 -0.304074
0.000990888 0.00561629 -0.304123
0.00129984 0.0048809 -0.304297
0.00163509 0.00415713 -0.304577
0.00201624 0.00347604 -0.304932
0.00245976 0.00285738 -0.305375
0.00295732 0.00232351 -0.305892
0.00363859 0.00191638 -0.306454
0.00436853 0.00154958 -0.307051
0.00507274 0.00123316 -0.307705
0.00575373 0.000980165 -0.308413
0.00638106 0.000786246 -0.309185
0.00693257 0.000630355 -0.310033
0.00741166 0.000540232 -0.310965
0.00780293 0.000518175 -0.311967
0.00815251 0.000564088 -0.313019
0.00844257 0.000666365 -0.314085
0.00868233 0.000800947 -0.315133
0.00892186 0.000966888 -0.316159
0.00912563 0.00113853 -0.317137
0.00931366 0.00131368 -0.318072
0.00947406 0.00147006 -0.318934
0.00958011 0.00161824 -0.319703
0.00963358 0.00176591 -0.320386
0.00962246 0.00189322 -0.320991
0.00952006 0.00200267 -0.321517
0.00936577 0.00205716 -0.321983
0.00918108 0.00205763 -0.32239
0.0089703 0.00201162 -0.322731
0.00869421 0.00195366 -0.323011
0.00841041 0.00187692 -0.323253
0.00813357 0.00176792 -0.323429
0.007888 0.00162312 -0.323589
0.00767546 0.00146947 -0.323716
0.00749018 0.00127901 -0.323825
0.00735697 0.001077 -0.323914
0.00732533 0.000872438 -0.323991
0.0073502 0.000673883 -0.324061
0.00743095 0.000489612 -0.324127
0.00759932 0.0002848 -0.324222
0.00785682 3.39462e-05 -0.324352
0.0081734 -0.000186334 -0.324492
0.00855757 -0.000352038 -0.324655
0.00900531 -0.000488308 -0.324825
0.00951388 -0.000574774 -0.325006
0.0100915 -0.000591069 -0.325199
0.0107074 -0.000561304 -0.325407
0.011304 -0.000504769 -0.325642
0.0119172 -0.000408712 -0.325865
0.0125227 -0.000289594 -0.326082
0.0130937 -0.000167578 -0.326291
0.0136236 -6.0775e-05 -0.326509
0.0141164 3.15485e-05 -0.326715
0.0145275 0.000146043 -0.326878
0.0148967 0.000303581 -0.327014
0.015183 0.00045967 -0.327131
0.0153946 0.000622839 -0.327214
0.0155712 0.000831797 -0.327282
0.015672 0.00107288 -0.327335
0.0157385 0.00132138 -0.327378
0.0157722 0.00152067 -0.327403
0.0157341 0.0016379 -0.327412
0.0156604 0.00171623 -0.327418
0.0155592 0.00175611 -0.327401
0.0154438 0.0017627 -0.32738
0.0153238 0.00171352 -0.327339
0.0152182 0.00160986 -0.327302
0.0151196 0.00150457 -0.327272
0.015031 0.0014361 -0.327271
0.0149615 0.00139934 -0.327275
0.0149097 0.00133018 -0.327285
0.0149315 0.0012036 -0.327305
0.0149777 0.00105552 -0.327337
0.0150472 0.000891401 -0.327395
0.0150883 0.000671868 -0.327497
0.0151153 0.000476629 -0.327615
0.0152079 0.00038099 -0.327738
0.0153603 0.000365711 -0.327851
0.0155526 0.000369403 -0.327959
0.0157522 0.000409819 -0.328067
0.01596 0.000505793 -0.328193
0.0162141 0.000569145 -0.328341
0.0164779 0.000569268 -0.328505
0.016801 0.000583856 -0.328683
0.0171204 0.00062381 -0.32886
0.0174264 0.000666069 -0.329024
0.0177516 0.000724616 -0.329169
0.0181034 0.000785022 -0.329282
0.0185191 0.000831997 -0.32936
0.0189041 0.000816551 -0.329422
0.0192844 0.000734381 -0.329438
0.0196634 0.000647971 -0.329404
0.0200468 0.00058264 -0.329332
0.0204471 0.000551712 -0.329222
0.0208499 0.000547096 -0.329032
0.0212613 0.00054496 -0.328798
0.0216127 0.000555067 -0.328516
0.0219652 0.000595173 -0.328178
0.0223005 0.000656287 -0.327784
0.0226037 0.000692757 -0.327341
0.0228479 0.000616208 -0.326889
0.0230176 0.000402932 -0.326448
0.0231757 5.78887e-05 -0.326011
0.0233278 -0.000363662 -0.325598
0.0235459 -0.00083179 -0.325219
0.0237699 -0.00134014 -0.324854
0.0240408 -0.00189398 -0.324501
0.0243674 -0.00249976 -0.324164
0.0247059 -0.00317603 -0.323843
0.0250691 -0.00391422 -0.323543
0.0254115 -0.00467402 -0.323306
0.0257625 -0.00546174 -0.323107
0.0260904 -0.00630616 -0.322946
0.0263973 -0.00717722 -0.322825
0.0267172 -0.00804915 -0.322731
0.0270527 -0.00888694 -0.322668
0.0273981 -0.00971172 -0.322651
0.0277196 -0.0105294 -0.322681
0.0280088 -0.0113064 -0.322729
0.0279142 -0.0115323 -0.322814
0.0276363 -0.0114245 -0.322933
0.0271024 -0.0108836 -0.323096
0.0262906 -0.00984797 -0.323247
0.0252274 -0.00834902 -0.3234
0.0239224 -0.00646302 -0.323534
0.0224341 -0.00429465 -0.323637
0.0208219 -0.00193287 -0.323728
0.0191568 0.00052869 -0.323834
0.0174915 0.00302756 -0.323951
0.0159077 0.00550541 -0.324073
0.0145811 0.00782719 -0.32421
0.0134435 0.0100251 -0.324388
0.0124889 0.012056 -0.324615
0.0116879 0.0139075 -0.324918
0.011023 0.0155696 -0.3253
0.010466 0.0170075 -0.325774
0.0100123 0.0181703 -0.326343
0.00969314 0.0190311 -0.327019
0.00952633 0.0195607 -0.327802
0.00925676 0.0201276 -0.328658
0.00917078 0.0203861 -0.329559
0.0092322 0.0204679 -0.330524
0.00944767 0.0204401 -0.331511
0.00981147 0.0203217 -0.332517
0.0105439 0.0199889 -0.333577
0.0113725 0.0196362 -0.334683
0.0122683 0.0193225 -0.335828
0.0130483 0.0192382 -0.336982
0.0138061 0.0191909 -0.338125
0.0145165 0.0191241 -0.339248
0.0151179 0.0190252 -0.340347
0.0155568 0.0189106 -0.341364
0.0158788 0.0187834 -0.342298
0.0161249 0.0185976 -0.34317
0.0163246 0.0183439 -0.343977
0.0164826 0.0180207 -0.34472
0.0166253 0.0176611 -0.345422
0.0167755 0.0172508 -0.346077
0.0169235 0.0167506 -0.346679
0.0170031 0.016124 -0.34722
0.0170093 0.0153893 -0.347683
0.0169237 0.0145692 -0.348068
0.0167354 0.0136849 -0.348365
0.0166103 0.0126491 -0.34855
0.0163787 0.0116442 -0.348644
0.0160809 0.0107054 -0.348634
0.0155366 0.00986328 -0.348504
0.0149909 0.00901983 -0.348243
0.0144631 0.00818947 -0.347883
0.013969 0.00741452 -0.347438
0.0135052 0.00672413 -0.346891
0.0130793 0.00610299 -0.34625
0.0126741 0.00556875 -0.3455
0.0122864 0.00513083 -0.344665
0.0118942 0.00479651 -0.343745
0.0115013 0.00456622 -0.342747
0.0111113 0.00442382 -0.341701
0.0107539 0.00435186 -0.340627
0.0104297 0.00432758 -0.339549
0.0101499 0.00436554 -0.338496
0.00994055 0.00445923 -0.337488
0.0097965 0.00459008 -0.336528
0.00975177 0.00475509 -0.335625
0.00978575 0.00493343 -0.334799
0.00992096 0.0051241 -0.334032
0.0101522 0.00530317 -0.333326
0.0104773 0.0054606 -0.3327
0.0108594 0.00559077 -0.332157
0.0112985 0.00567325 -0.331678
0.0117902 0.0057054 -0.3313
0.0123239 0.00571417 -0.331016
0.0128761 0.00567143 -0.3308
0.0134142 0.00560216 -0.330644
0.0139378 0.00550813 -0.330534
0.0144436 0.00538258 -0.330448
0.0149286 0.00521447 -0.330356
0.0153766 0.00501273 -0.330249
0.0157875 0.00478258 -0.330134
0.0161612 0.00451757 -0.330007
0.0164562 0.00423067 -0.329897
0.0166687 0.00394079 -0.329823
0.0167899 0.00366916 -0.329786
0.0167983 0.00341667 -0.329775
0.0166987 0.00319977 -0.32975
0.0165026 0.00302472 -0.329708
0.0162277 0.00287811 -0.329668
0.015893 0.0027681 -0.329608
0.0155134 0.0026781 -0.329519
0.0151129 0.00257468 -0.32941
0.0147001 0.00245323 -0.3293
0.0142902 0.00232736 -0.329193
0.0138753 0.00223522 -0.329088
0.0134754 0.00218343 -0.32901
0.0130878 0.00218337 -0.328959
0.0127347 0.00224364 -0.328925
0.0124168 0.00235884 -0.328906
0.0121225 0.00250292 -0.328917
0.0118684 0.00267129 -0.328951
0.011642 0.00282902 -0.329005
0.0114499 0.00296914 -0.32907
0.0113037 0.00308895 -0.329166
0.0111749 0.00317409 -0.329274
0.0110687 0.00322732 -0.329402
0.0109975 0.00327846 -0.329565
0.0109237 0.00332688 -0.32974
0.0108772 0.00340088 -0.32991
0.0108345 0.00351337 -0.330079
0.0107935 0.00361477 -0.330249
0.0107587 0.003696 -0.330392
0.0107153 0.00374342 -0.330517
0.0106693 0.00375381 -0.330634
0.0106041 0.00371888 -0.330752
0.010509 0.0036634 -0.330868
0.0103996 0.00362673 -0.330989
0.0102697 0.00364654 -0.331103
0.0100965 0.00373173 -0.331224
0.00989208 0.00386631 -0.331334
0.00965555 0.00401487 -0.331431
0.00940187 0.00413618 -0.331522
0.0091312 0.00419991 -0.331609
0.00886794 0.00422658 -0.33167
0.00861409 0.00424328 -0.331714
0.00836288 0.00428569 -0.331765
0.00809624 0.00438819 -0.331811
0.00779502 0.00454977 -0.331853
0.00747398 0.00475066 -0.331909
0.00710659 0.0049484 -0.332021
0.00667661 0.00509852 -0.332167
0.0061809 0.00519093 -0.332347
0.00564165 0.00525414 -0.332587
0.00503516 0.00532068 -0.332843
0.00440616 0.00539373 -0.333119
0.00378774 0.00549379 -0.333437
0.00320918 0.00562611 -0.333785
0.00268563 0.00575491 -0.334128
0.00219799 0.00586219 -0.334464
0.00184346 0.00589154 -0.334802
0.00149094 0.0058691 -0.335164
0.0011232 0.00580353 -0.335522
0.000650203 0.00573367 -0.335903
7.96186e-05 0.00563376 -0.336282
-0.000578374 0.00548281 -0.33668
-0.00127002 0.00514987 -0.337081
-0.00201465 0.00469401 -0.337491
-0.00280866 0.00412014 -0.337894
-0.00361322 0.00346167 -0.338246
-0.0043884 0.0027289 -0.338543
-0.00511155 0.001931 -0.338774
-0.00575742 0.00107675 -0.338964
-0.00634014 0.000155094 -0.339122
-0.00703189 -0.000912375 -0.339241
-0.00764101 -0.00202268 -0.339345
-0.0081859 -0.00313078 -0.339438
-0.00871224 -0.00420284 -0.339517
-0.00906249 -0.00504265 -0.33959
-0.00942195 -0.00581615 -0.33968
-0.00980731 -0.00650944 -0.33978
-0.0101957 -0.00710141 -0.339891
-0.0105355 -0.00755976 -0.340012
-0.0107364 -0.00776647 -0.340112
-0.0107144 -0.0075955 -0.340195
-0.0103944 -0.00697252 -0.340254
-0.00973499 -0.00588571 -0.34028
-0.00873669 -0.00437104 -0.340278
-0.00742369 -0.00251816 -0.340262
-0.00590317 -0.00040808 -0.340267
-0.00430159 0.00184883 -0.340273
-0.00272904 0.00421589 -0.3403
-0.00125935 0.00657466 -0.340321
2.70371e-05 0.00888448 -0.340339
0.00108149 0.0111315 -0.34034
0.00190841 0.0133207 -0.340301
0.00233718 0.0151398 -0.340226
0.00257283 0.0168 -0.340104
0.00268833 0.0182427 -0.339917
0.00274875 0.0194403 -0.339667
0.0027789 0.0203611 -0.339336
0.00280883 0.0209999 -0.338929
0.00282435 0.0213412 -0.338387
0.00299784 0.0217686 -0.337746
0.00310183 0.0218914 -0.337017
0.00309257 0.0218141 -0.336222
0.00292959 0.0216305 -0.335388
0.00259178 0.0214245 -0.334524
0.00211482 0.0212169 -0.33365
0.0013703 0.0208308 -0.332787
0.000715046 0.0206723 -0.331926
7.96754e-05 0.0204984 -0.331076
-0.000497073 0.0202665 -0.330223
-0.000991626 0.0199982 -0.329394
-0.00138043 0.0197105 -0.32861
-0.00168184 0.0194102 -0.327881
-0.00189605 0.0191001 -0.327212
-0.00199326 0.018758 -0.326595
-0.00201735 0.0183722 -0.326025
-0.00197664 0.0179251 -0.325495
-0.0018655 0.0174308 -0.325005
-0.00173202 0.0168815 -0.324547
-0.00163458 0.0162822 -0.32412
-0.0015699 0.0156507 -0.323752
-0.00152334 0.0150143 -0.32345
-0.00150688 0.0143666 -0.323234
-0.00150822 0.0136774 -0.323122
-0.00150744 0.0129496 -0.323097
-0.00146772 0.012219 -0.323181
-0.00138198 0.011517 -0.323339
-0.00124983 0.0108393 -0.323572
-0.00107114 0.0102242 -0.323878
-0.000843463 0.00964657 -0.324249
-0.000619578 0.00911526 -0.32469
-0.000418864 0.00861781 -0.325212
-0.000256974 0.00814378 -0.325812
-0.000143533 0.0076877 -0.326495
-0.000107679 0.00728977 -0.327277
-0.000130829 0.00694032 -0.328148
-0.000211104 0.00664745 -0.329079
-0.000303002 0.00643183 -0.330076
-0.000388975 0.00628255 -0.331105
-0.000452827 0.00618913 -0.332141
-0.000493207 0.0061358 -0.33316
-0.000491303 0.00611541 -0.334148
-0.000452663 0.00610812 -0.335104
-0.000419611 0.00610235 -0.336001
-0.000416228 0.00609016 -0.336845
-0.000458701 0.00605112 -0.337617
-0.000563066 0.00600043 -0.338305
-0.000728762 0.00595747 -0.338942
-0.000955527 0.00589303 -0.339526
-0.00122438 0.00580605 -0.340061
-0.00150176 0.00568874 -0.340537
-0.00181667 0.00557061 -0.340957
-0.0021365 0.00544112 -0.34133
-0.00239531 0.00528814 -0.341662
-0.00259635 0.00510557 -0.341953
-0.00275398 0.00490527 -0.342198
-0.00285994 0.00464018 -0.342398
-0.00291576 0.00430531 -0.342578
-0.00292308 0.00393662 -0.342748
-0.00290655 0.00356132 -0.342905
-0.00288314 0.00316591 -0.34305
-0.00282299 0.0027468 -0.343212
-0.00271272 0.00237457 -0.343371
-0.00260155 0.00205535 -0.343531
-0.00248167 0.0017675 -0.343687
-0.0023024 0.00148993 -0.343853
-0.00206727 0.0012421 -0.344022
-0.0017992 0.00102791 -0.344195
-0.00150999 0.000804648 -0.34436
-0.00122303 0.000558275 -0.344522
-0.000964779 0.000307226 -0.344645
-0.000727328 7.81796e-05 -0.344755
-0.000516335 -0.000100424 -0.34486
-0.000317995 -0.000244743 -0.344951
-0.000144576 -0.000366644 -0.345021
2.34079e-05 -0.000489726 -0.345093
0.000199535 -0.00057696 -0.345169
0.000347147 -0.000642381 -0.345236
0.000475368 -0.000680504 -0.345298
0.000620708 -0.000723894 -0.345367
0.000783014 -0.000786774 -0.345416
0.000923655 -0.000869106 -0.345442
0.00107666 -0.000958122 -0.34545
0.00125268 -0.00106496 -0.345443
0.00145382 -0.00120315 -0.345428
0.00166273 -0.0013857 -0.345419
0.00186967 -0.00162878 -0.345413
0.00209145 -0.00190011 -0.345414
0.00232122 -0.00214774 -0.345431
0.00256177 -0.00237151 -0.345435
0.00284767 -0.00258514 -0.345428
0.00310196 -0.0028556 -0.345393
0.0033723 -0.00317288 -0.345329
0.0036753 -0.00351235 -0.345255
0.0039534 -0.00382549 -0.345179
0.00424377 -0.00412069 -0.345091
0.00449847 -0.00443153 -0.345015
0.00476435 -0.00473257 -0.344949
0.00499178 -0.00499103 -0.344881
0.00517184 -0.00521028 -0.344809
0.00536833 -0.00546131 -0.34474
0.00556828 -0.00573595 -0.344695
0.00581959 -0.00605045 -0.344658
0.0060226 -0.00636106 -0.344608
0.00625785 -0.00665303 -0.344536
0.00656199 -0.0069264 -0.344453
0.0068708 -0.00714863 -0.344364
0.00717719 -0.00731914 -0.344246
0.00747574 -0.00746164 -0.344117
0.00784242 -0.0076086 -0.343983
0.00817467 -0.00775823 -0.343859
0.00849052 -0.00790748 -0.343725
0.00882168 -0.00804058 -0.343586
0.00916934 -0.00812324 -0.343442
0.00952798 -0.00813963 -0.343282
0.00983304 -0.00806407 -0.343092
0.010158 -0.00796135 -0.342869
0.0104916 -0.00792065 -0.34262
0.0108998 -0.00802732 -0.34233
0.0113606 -0.00825803 -0.342019
0.0118148 -0.00858776 -0.341721
0.0123175 -0.00899583 -0.341439
0.0128585 -0.00945097 -0.341168
0.0134953 -0.00992395 -0.340935
0.0140254 -0.0104308 -0.340734
0.014553 -0.01101 -0.34058
0.0150576 -0.0116518 -0.340469
0.0155003 -0.0123388 -0.340416
0.0159338 -0.0130958 -0.340395
0.0163298 -0.0138916 -0.340394
0.0169034 -0.014887 -0.340423
0.0174072 -0.0159222 -0.340475
0.0178734 -0.0169484 -0.340542
0.018306 -0.0179183 -0.340603
0.0187114 -0.0188482 -0.34067
0.019095 -0.0197593 -0.340735
0.0192317 -0.0204206 -0.340793
0.0193691 -0.021048 -0.34082
0.0194499 -0.0216035 -0.340827
0.0194534 -0.0220301 -0.340826
0.0193163 -0.0222079 -0.340856
0.0189532 -0.0219974 -0.340913
0.0182971 -0.0213332 -0.341012
0.017286 -0.0202306 -0.341129
0.0161868 -0.0190251 -0.341249
0.0146698 -0.0171953 -0.341363
0.0130176 -0.0152671 -0.341434
0.0112313 -0.013109 -0.341446
0.00940182 -0.0108083 -0.341433
0.0076526 -0.00841055 -0.341404
0.00603437 -0.00598693 -0.341392
0.0045821 -0.00353984 -0.341417
0.0035295 -0.00128642 -0.341529
0.00268433 0.000836287 -0.341719
0.00202362 0.00278488 -0.341982
0.00155466 0.00451536 -0.342348
0.00126029 0.00599592 -0.342821
0.00110626 0.00721396 -0.343427
0.00111103 0.00814926 -0.344143
0.00127151 0.00878361 -0.344973
0.0015373 0.00908298 -0.345903
0.0016313 0.00948149 -0.346918
0.00189491 0.00953113 -0.348004
0.00266163 0.00904106 -0.34913
0.00358183 0.00841544 -0.350268
0.00461819 0.00765486 -0.351383
0.0057253 0.00677264 -0.352481
0.00682286 0.00577513 -0.353533
0.0078806 0.00467067 -0.354536
0.00883595 0.00349036 -0.355491
0.00956963 0.00249775 -0.356393
0.0101744 0.00148586 -0.357241
0.0106397 0.000487961 -0.358036
0.0109571 -0.000470446 -0.358757
0.0111443 -0.00139999 -0.359393
0.0113931 -0.00245568 -0.359929
0.0115999 -0.00349804 -0.360367
0.0117735 -0.00457582 -0.360727
0.0119077 -0.00568026 -0.361024
0.0117872 -0.00666584 -0.361251
0.0116214 -0.00761282 -0.361415
0.0114144 -0.00852077 -0.361535
0.0111332 -0.00939175 -0.361609
0.0109716 -0.0103075 -0.361606
0.0107373 -0.0111671 -0.361542
0.0104709 -0.0119721 -0.361419
0.0101719 -0.0127078 -0.36125
0.00984725 -0.0133966 -0.361035
0.00951201 -0.0140275 -0.360773
0.00917883 -0.0145883 -0.360448
0.00866945 -0.0150547 -0.360075
0.00819853 -0.0154859 -0.359639
0.00777339 -0.0158816 -0.359145
0.00740163 -0.0162475 -0.358596
0.00711732 -0.016595 -0.358013
0.00689306 -0.0169099 -0.357412
0.00670377 -0.0171819 -0.3568
0.00654549 -0.0174015 -0.356194
0.00640938 -0.0175876 -0.355616
0.00627676 -0.017741 -0.355067
0.00613397 -0.0178705 -0.354577
0.0060069 -0.0179957 -0.354132
0.00590972 -0.0181575 -0.353731
0.00589083 -0.018359 -0.353368
0.00595912 -0.018636 -0.353055
0.00612304 -0.0189759 -0.352786
0.00637418 -0.0193564 -0.352587
0.00669772 -0.0197878 -0.352468
0.00709404 -0.020255 -0.352423
0.00753532 -0.0207433 -0.352433
0.0080253 -0.0212528 -0.352487
0.00852409 -0.0217947 -0.352585
0.00900789 -0.0223636 -0.352693
0.00944246 -0.0229612 -0.352793
0.00984964 -0.0235948 -0.352891
0.0101764 -0.0242577 -0.35299
0.0104282 -0.0249405 -0.353066
0.0106135 -0.025624 -0.353114
0.0107186 -0.0262951 -0.353148
0.0107489 -0.0269317 -0.353182
0.0106935 -0.0275157 -0.353169
0.0105676 -0.0280383 -0.35311
0.0103647 -0.0284921 -0.353025
0.0100898 -0.0288973 -0.352915
0.00976525 -0.0292831 -0.352785
0.00938289 -0.0296577 -0.352635
0.00896121 -0.0300121 -0.352475
0.00852742 -0.0303023 -0.352293
0.00807414 -0.0305307 -0.352117
0.00763226 -0.0307013 -0.351951
0.00717711 -0.0308194 -0.35178
0.00673214 -0.0308616 -0.351611
0.00630651 -0.0308551 -0.351442
0.00591674 -0.0308216 -0.35128
0.00559322 -0.0307768 -0.351125
0.0053203 -0.0307464 -0.351013
0.00511733 -0.0307407 -0.350918
0.004983 -0.0307386 -0.350858
0.00491409 -0.0307269 -0.350835
0.00489462 -0.0306609 -0.350852
0.00491571 -0.0305409 -0.350902
0.00497445 -0.0303998 -0.351013
0.0050437 -0.0302657 -0.351153
0.00512436 -0.0301524 -0.351312
0.00519127 -0.0300655 -0.351468
0.00523601 -0.029989 -0.351636
0.00526734 -0.0299435 -0.351803
0.00526577 -0.0299394 -0.351969
0.00523673 -0.0299756 -0.35216
0.00520006 -0.0300489 -0.35237
0.00516808 -0.0301422 -0.352573
0.00512738 -0.0302312 -0.352761
0.00509387 -0.0303286 -0.352926
0.00508313 -0.0304201 -0.353061
0.00505749 -0.0304995 -0.353165
0.00499934 -0.0305539 -0.353253
0.00491837 -0.0305872 -0.353339
0.00477996 -0.0306313 -0.353406
0.0045696 -0.0306839 -0.353469
0.00429799 -0.0307673 -0.353543
0.00395934 -0.0308532 -0.353639
0.00360036 -0.0309297 -0.353752
0.00321898 -0.030975 -0.353883
0.00283915 -0.0309329 -0.354007
0.00249639 -0.0308021 -0.354111
0.00218677 -0.0306236 -0.354177
0.00191537 -0.0304326 -0.354214
0.00166628 -0.0302738 -0.354245
0.00144885 -0.0301531 -0.354291
0.00122305 -0.0300389 -0.354366
0.00094684 -0.0299046 -0.354484
0.000591531 -0.0297203 -0.354648
0.000176902 -0.0294633 -0.354865
-0.000305606 -0.0291451 -0.355101
-0.000825716 -0.0288131 -0.355386
-0.00133682 -0.0284963 -0.355712
-0.00181025 -0.0282085 -0.356063
-0.00221343 -0.0279306 -0.35644
-0.0025428 -0.0276548 -0.356805
-0.00277982 -0.0273658 -0.357158
-0.00295266 -0.0270334 -0.357513
-0.00304165 -0.0266599 -0.357875
-0.00308837 -0.0262383 -0.358265
-0.00313484 -0.025794 -0.358701
-0.00321366 -0.025358 -0.359202
-0.00334362 -0.0249533 -0.359766
-0.00348652 -0.0245972 -0.36037
-0.00367588 -0.0243324 -0.360989
-0.00387148 -0.0241458 -0.36159
-0.00407695 -0.0239979 -0.36217
-0.00427327 -0.0239102 -0.362698
-0.00446702 -0.0238868 -0.363169
-0.00466075 -0.0239361 -0.363567
-0.00484594 -0.024044 -0.363923
-0.0050804 -0.0241864 -0.364264
-0.00534849 -0.0243759 -0.364577
-0.00565274 -0.0246251 -0.364873
-0.00600365 -0.0249466 -0.365135
-0.00642493 -0.0253463 -0.365361
-0.00684484 -0.0257347 -0.365511
-0.0072009 -0.0259621 -0.365589
-0.00735926 -0.0258782 -0.365583
-0.0072443 -0.0253557 -0.365515
-0.00680654 -0.0243507 -0.365379
-0.00601917 -0.0228843 -0.365205
-0.00471441 -0.0208092 -0.365012
-0.00318799 -0.0184731 -0.364824
-0.00151361 -0.0159421 -0.364649
0.000234646 -0.0133298 -0.364531
0.00195749 -0.0107473 -0.364447
0.00365285 -0.00812095 -0.364366
0.00523271 -0.00548744 -0.364266
0.00667077 -0.00284059 -0.364128
0.00774499 -0.000524412 -0.363933
0.00860209 0.00161413 -0.363678
0.00925591 0.00351164 -0.363365
0.00972824 0.0051328 -0.363003
0.0100605 0.00645286 -0.362582
0.0102529 0.00746881 -0.362131
0.0106021 0.00867617 -0.361643
0.0108015 0.00959082 -0.361093
0.0108691 0.010205 -0.360452
0.0108159 0.0105678 -0.359746
0.0104145 0.0104772 -0.358999
0.00991655 0.0103182 -0.35821
0.0093348 0.01014 -0.35739
0.00882549 0.0101386 -0.356571
0.00813342 0.00977269 -0.355742
0.00743939 0.00933726 -0.354921
0.00681487 0.00912861 -0.354123
0.00623635 0.0088867 -0.353366
0.00578653 0.00861351 -0.352699
0.00547003 0.00832014 -0.352136
0.00529267 0.0080012 -0.351663
0.00528884 0.00765986 -0.351243
0.00545327 0.0072694 -0.350873
0.00575094 0.0068233 -0.350562
0.00612197 0.00633498 -0.350306
0.00658272 0.00581405 -0.350094
0.00710406 0.00530462 -0.34995
0.0076895 0.00481301 -0.349876
0.0083396 0.00434101 -0.349934
0.0090434 0.00388302 -0.350094
0.00964277 0.00334174 -0.350343
0.0103103 0.00284168 -0.350678
0.0110429 0.00238759 -0.351074
0.0118396 0.00199216 -0.351511
0.01267 0.00168031 -0.352
0.0135202 0.00145281 -0.352543
0.0143625 0.0012975 -0.353148
0.0153541 0.0012556 -0.353805
0.0162864 0.00125935 -0.354534
0.017154 0.00131341 -0.355338
0.0179405 0.00140971 -0.3562
0.0186709 0.00153006 -0.35712
0.0193343 0.00170734 -0.35807
0.0199596 0.00192823 -0.359029
0.020544 0.0021984 -0.360001
0.0211063 0.00251602 -0.360962
0.02163 0.00287157 -0.361881
0.022126 0.00325047 -0.362743
0.0225576 0.00361029 -0.363551
0.0229157 0.00394776 -0.364298
0.0231717 0.00424439 -0.36498
0.0233174 0.00450227 -0.36559
0.023376 0.00471615 -0.366125
0.0233206 0.00491601 -0.366587
0.02317 0.00509409 -0.366974
0.0229721 0.00523059 -0.367298
0.0227649 0.00533641 -0.36754
0.0225321 0.00542043 -0.367726
0.0222755 0.00549094 -0.367847
0.0220356 0.00551513 -0.367922
0.021822 0.00550879 -0.367971
0.0216053 0.00544135 -0.367999
0.0214315 0.00532939 -0.368014
0.0213003 0.00518041 -0.368037
0.0212127 0.00502623 -0.368085
0.021205 0.00487074 -0.368154
0.0212557 0.0047449 -0.368259
0.0214084 0.00462319 -0.368393
0.0216948 0.004541 -0.368543
0.022085 0.00451338 -0.368716
0.0225434 0.00451822 -0.368903
0.0231186 0.00452748 -0.369123
0.0237658 0.00455188 -0.369396
0.0244656 0.00459647 -0.369692
0.025206 0.00465323 -0.370005
0.0259423 0.00474232 -0.370334
0.0266848 0.0048978 -0.370678
0.0274095 0.00512441 -0.371017
0.0281059 0.00539353 -0.371359
0.0287535 0.00569391 -0.371687
0.0293572 0.00601938 -0.371983
0.0299139 0.0063553 -0.37226
0.030372 0.00667077 -0.372518
0.0307639 0.00695208 -0.372749
0.0310464 0.00720275 -0.372955
0.031273 0.00745797 -0.373114
0.0314163 0.00773459 -0.373225
0.0314496 0.00804868 -0.373309
0.0314124 0.0083423 -0.37338
0.0312992 0.0086213 -0.37343
0.0311083 0.00884064 -0.373489
0.0308925 0.00901175 -0.373564
0.030614 0.00908124 -0.373631
0.0303231 0.0090356 -0.373692
0.0300652 0.00892062 -0.373747
0.0298214 0.0087975 -0.373775
0.0296374 0.00870168 -0.373786
0.0294581 0.00861214 -0.373796
0.029308 0.00854013 -0.373824
0.0291868 0.00848012 -0.373894
0.0290473 0.00839311 -0.373988
0.0289492 0.0082707 -0.3741
0.0288257 0.00814519 -0.374259
0.0287403 0.00806353 -0.374457
0.0286475 0.00800353 -0.374665
0.0285485 0.00798095 -0.374852
0.0284995 0.00802584 -0.375024
0.028526 0.00812642 -0.375195
0.028637 0.00823094 -0.37538
0.0287271 0.00828538 -0.37556
0.0288379 0.00835472 -0.37572
0.029029 0.00846082 -0.375874
0.0292287 0.00856082 -0.37602
0.029453 0.00862349 -0.376146
0.0296716 0.00867053 -0.37626
0.0299463 0.00872076 -0.376368
0.0302199 0.00874803 -0.376463
0.0304899 0.00875873 -0.376565
0.030779 0.0087883 -0.376644
0.0309989 0.0088364 -0.376691
0.0312245 0.00889957 -0.376678
0.0314578 0.00895214 -0.376613
0.031701 0.00900677 -0.376475
0.0319018 0.009032 -0.376287
0.0321062 0.00895896 -0.376036
0.0323886 0.00882637 -0.375731
0.0326681 0.00864026 -0.375395
0.032979 0.00841094 -0.375034
0.0333193 0.00813085 -0.374681
0.0337125 0.00778375 -0.374319
0.0341623 0.00737383 -0.373939
0.0346218 0.00686367 -0.373551
0.034965 0.00612867 -0.373177
0.0352638 0.00525308 -0.372806
0.0355851 0.00431289 -0.372479
0.0360426 0.00329923 -0.372204
0.0364791 0.00221908 -0.37198
0.0369003 0.00107102 -0.371813
0.0373101 -7.04878e-05 -0.371672
0.037739 -0.00120427 -0.371552
0.0381369 -0.00232782 -0.371453
0.0385221 -0.00342635 -0.371385
0.038879 -0.00444035 -0.37132
0.0392572 -0.00538907 -0.371266
0.0396766 -0.00631581 -0.371207
0.0398919 -0.00689961 -0.371141
0.0400629 -0.0073454 -0.371108
0.0400938 -0.00753709 -0.37109
0.0399049 -0.0073609 -0.371112
0.0394306 -0.00671844 -0.371174
0.0386373 -0.0056023 -0.371268
0.0375752 -0.00406049 -0.371385
0.0364634 -0.00240559 -0.371532
0.0349922 -0.000283547 -0.371685
0.0333733 0.00203798 -0.371812
0.0316983 0.00446706 -0.371926
0.0300129 0.00698985 -0.372021
0.0284022 0.00954096 -0.372117
0.0269009 0.0120848 -0.372208
0.0255564 0.0145915 -0.372322
0.0245956 0.0167166 -0.372485
0.0237931 0.0186193 -0.372705
0.0231672 0.020301 -0.373028
0.0227051 0.0217507 -0.373456
0.0223821 0.0229509 -0.373972
0.0221626 0.0238589 -0.37459
0.0220435 0.0244408 -0.37533
0.0219949 0.0246966 -0.376186
0.0217793 0.0249943 -0.377172
0.0216853 0.0250374 -0.378243
0.0217582 0.024939 -0.37934
0.0220204 0.0247723 -0.38048
0.0224589 0.0245593 -0.381672
0.0230483 0.0243264 -0.382888
0.0237545 0.0240984 -0.384121
0.0246917 0.023807 -0.38539
0.0256566 0.0235999 -0.38668
0.0264474 0.023655 -0.38798
0.0271549 0.0237574 -0.389278
0.027764 0.0238567 -0.390558
0.0282741 0.0239389 -0.391786
0.0286868 0.0239629 -0.392971
0.0289933 0.0239139 -0.394096
0.0292388 0.023801 -0.395161
0.0294517 0.0236073 -0.396179
0.0296446 0.0233016 -0.39715
0.0298847 0.0228551 -0.398065
0.0301543 0.0222686 -0.398937
0.0304316 0.0215772 -0.399739
0.0306899 0.0207997 -0.40046
0.0309271 0.0199139 -0.401076
0.0310957 0.0189348 -0.401564
0.0311738 0.0178578 -0.40192
0.0311444 0.0167014 -0.402141
0.0309921 0.015495 -0.402225
0.0307454 0.0142826 -0.402169
0.0304638 0.013083 -0.401986
0.0302012 0.0119117 -0.401666
0.0299454 0.0107778 -0.40123
0.0297593 0.00971257 -0.400651
0.0296257 0.00870777 -0.399932
0.029539 0.00777308 -0.399073
0.0294932 0.0069384 -0.398096
0.02945 0.00622532 -0.397014
0.0294128 0.00565813 -0.395836
0.0293533 0.00522079 -0.394591
0.029292 0.00490505 -0.393302
0.029211 0.00470119 -0.391997
0.029135 0.00458521 -0.390681
0.0291154 0.00453026 -0.389384
0.029163 0.00448611 -0.388151
0.0292959 0.00446086 -0.386966
0.0295103 0.0044441 -0.385849
0.029843 0.00444983 -0.384806
0.0302635 0.00449177 -0.383835
0.0307647 0.00455479 -0.382941
0.0313481 0.00462506 -0.382128
0.0320236 0.00467663 -0.381387
0.0327621 0.0047128 -0.380736
0.0335586 0.0047185 -0.38019
0.0343677 0.00468722 -0.379752
0.0351558 0.00461774 -0.379399
0.0359733 0.00449847 -0.379135
0.0367702 0.00431921 -0.378934
0.0375554 0.00407968 -0.378764
0.0383209 0.00379857 -0.378623
0.0390546 0.00348747 -0.378506
0.0397664 0.00315004 -0.378417
0.0404052 0.00277609 -0.378355
0.0409507 0.00237385 -0.378342
0.0413918 0.00194224 -0.378372
0.0417164 0.00151115 -0.378455
0.0419311 0.00109736 -0.378582
0.0420378 0.000682565 -0.378729
0.0420579 0.000297069 -0.378886
0.0420092 -4.87191e-05 -0.379032
0.0419091 -0.000348583 -0.379154
0.0417561 -0.000574893 -0.379268
0.0415576 -0.000735928 -0.379371
0.0413505 -0.000875238 -0.379441
0.0411191 -0.0010248 -0.379508
0.040904 -0.00119258 -0.379575
0.0406789 -0.00137566 -0.379646
0.0404478 -0.00153923 -0.379742
0.0402274 -0.00165926 -0.379867
0.0399867 -0.00172572 -0.380014
0.0397495 -0.00173219 -0.380182
0.039506 -0.00166871 -0.380371
0.0392804 -0.00153938 -0.380573
0.039057 -0.00138795 -0.380762
0.0388615 -0.00125654 -0.380956
0.0387201 -0.0011711 -0.381151
0.0386163 -0.00114117 -0.381318
0.0385422 -0.00115121 -0.381462
0.0384945 -0.00120204 -0.381592
0.0384479 -0.00126115 -0.381707
0.0384 -0.00129855 -0.381799
0.0383506 -0.00128684 -0.381886
0.038271 -0.0012182 -0.381984
0.0381521 -0.00112117 -0.382077
0.0379967 -0.00103593 -0.382156
0.0377929 -0.000992743 -0.382235
0.0375732 -0.00100849 -0.382309
0.0373586 -0.00108149 -0.382371
0.0371616 -0.00119726 -0.382412
0.0369998 -0.00128099 -0.38243
0.0368357 -0.00129975 -0.382421
0.0366695 -0.0012582 -0.382387
0.0364748 -0.00116906 -0.382338
0.03625 -0.00104695 -0.382296
0.0359543 -0.000924624 -0.382296
0.0355461 -0.000852557 -0.382325
0.0350557 -0.000840734 -0.382396
0.0344947 -0.000849557 -0.382519
0.0339621 -0.000722903 -0.382684
0.033427 -0.000534753 -0.382904
0.0329481 -0.000336591 -0.383159
0.0325058 -0.000133058 -0.38343
0.0320915 9.62268e-05 -0.383706
0.0316821 0.000366572 -0.383998
0.0312283 0.000651224 -0.384314
0.0306697 0.000888395 -0.384644
0.030063 0.00116519 -0.384996
0.029286 0.00128545 -0.385375
0.0281965 0.0010886 -0.385776
0.0269407 0.000740857 -0.386179
0.0255183 0.000261453 -0.386571
0.0239815 -0.000368725 -0.386949
0.022385 -0.00116153 -0.387323
0.0207871 -0.00212797 -0.387685
0.0192526 -0.00326143 -0.38801
0.0178254 -0.00455425 -0.388291
0.0165215 -0.00597985 -0.388506
0.0153293 -0.00749429 -0.388688
0.0141245 -0.00911612 -0.388838
0.0130164 -0.0108108 -0.388992
0.0119841 -0.0125255 -0.389156
0.0110188 -0.0142202 -0.38931
0.0102156 -0.0156277 -0.389484
0.00941279 -0.0168904 -0.389701
0.00861379 -0.0180014 -0.38997
0.00786557 -0.0189374 -0.390282
0.00719786 -0.019686 -0.390638
0.00642538 -0.0205355 -0.391039
0.00575752 -0.0212812 -0.391473
0.00539124 -0.021553 -0.391922
0.00514663 -0.0216112 -0.392359
0.0050753 -0.0213708 -0.392782
0.00497235 -0.0212082 -0.393159
0.00518753 -0.0206055 -0.393489
0.0057633 -0.0195312 -0.393769
0.00666798 -0.0180138 -0.394015
0.00785197 -0.0161245 -0.394227
0.00920099 -0.0139159 -0.39442
0.0105386 -0.0116207 -0.394623
0.0117578 -0.0093216 -0.394825
0.0127777 -0.00704252 -0.395051
0.01363 -0.00471713 -0.395278
0.0142518 -0.00244562 -0.395475
0.014681 -0.000205564 -0.395606
0.014821 0.00169544 -0.395669
0.0148626 0.00342081 -0.395635
0.0148271 0.00492578 -0.395502
0.0147479 0.00617874 -0.395274
0.0146376 0.0071796 -0.394936
0.0144687 0.0079087 -0.394489
0.0142274 0.00837336 -0.393931
0.0140996 0.00899276 -0.393283
0.013917 0.00935441 -0.392553
0.0136555 0.00951157 -0.391777
0.0133242 0.00949588 -0.390953
0.0129645 0.00932876 -0.390096
0.012616 0.00904163 -0.389236
0.0121436 0.00843745 -0.388376
0.0117051 0.00779552 -0.387566
0.0113175 0.00713281 -0.386803
0.0110899 0.00666305 -0.386085
0.0109168 0.00616573 -0.385434
0.0107943 0.00563276 -0.384875
0.0107407 0.00509947 -0.384387
0.0107593 0.00456049 -0.383967
0.0108232 0.0040238 -0.383614
0.0109389 0.00348567 -0.383311
0.011097 0.0029242 -0.383059
0.0112694 0.00233264 -0.382854
0.0114553 0.00173241 -0.382679
0.0115839 0.00114971 -0.382526
0.0116564 0.000569602 -0.382422
0.0116581 -5.85868e-08 -0.382373
0.0115913 -0.000548231 -0.382387
0.0114683 -0.00109061 -0.382474
0.0113167 -0.0016298 -0.382618
0.0111485 -0.00217181 -0.382827
0.010983 -0.00267662 -0.383095
0.0108479 -0.00312935 -0.383404
0.0107349 -0.00352557 -0.383772
0.0106636 -0.00385878 -0.384178
0.0106004 -0.0041378 -0.384651
0.0105476 -0.00438689 -0.385168
0.0105168 -0.0045823 -0.385749
0.0104875 -0.00472818 -0.386396
0.0104536 -0.00483439 -0.387117
0.0104237 -0.00487914 -0.387889
0.0104084 -0.00486653 -0.388708
0.0104435 -0.004814 -0.389558
0.0105222 -0.00473548 -0.390424
0.0106608 -0.00463402 -0.391276
0.0108571 -0.00448456 -0.392115
0.011106 -0.00431256 -0.392938
0.0113956 -0.00414168 -0.393716
0.0116905 -0.00399734 -0.394454
0.0119708 -0.00387451 -0.395131
0.0122382 -0.00379007 -0.395751
0.0124756 -0.00374946 -0.396316
0.0126397 -0.00373263 -0.396813
0.0127312 -0.00373946 -0.397221
0.0127953 -0.00380769 -0.397567
0.0128228 -0.00392369 -0.397872
0.0128392 -0.00409956 -0.398133
0.0128177 -0.00429171 -0.398343
0.0127659 -0.00452312 -0.39853
0.0127324 -0.00480034 -0.398662
0.0127054 -0.00509133 -0.398769
0.0126661 -0.00540801 -0.398852
0.0126516 -0.00576219 -0.398916
0.01266 -0.00613624 -0.398973
0.0127058 -0.00651738 -0.39903
0.0127727 -0.00689488 -0.399085
0.0128433 -0.00724832 -0.399138
0.0129152 -0.00759456 -0.399183
0.0130238 -0.00794419 -0.399231
0.0131776 -0.00828688 -0.399291
0.0133422 -0.00858778 -0.39937
0.0135185 -0.00889416 -0.399449
0.0137364 -0.00921906 -0.399528
0.0140189 -0.0095174 -0.399624
0.0142973 -0.00978345 -0.399725
0.0145844 -0.0100012 -0.39982
0.0148909 -0.0102042 -0.39993
0.0151734 -0.0103904 -0.400038
0.0154604 -0.0105478 -0.40014
0.015761 -0.0106888 -0.400243
0.0160412 -0.0108126 -0.400357
0.0162913 -0.010951 -0.40047
0.0165153 -0.0111101 -0.400561
0.0167352 -0.0112417 -0.400667
0.0169696 -0.0113439 -0.400749
0.0171801 -0.0114423 -0.400818
0.0173885 -0.0115366 -0.400891
0.0175954 -0.0116004 -0.400973
0.0177925 -0.0116877 -0.401065
0.0180129 -0.0118252 -0.401149
0.0182007 -0.0119926 -0.401225
0.0183935 -0.0122006 -0.40132
0.0186136 -0.0124523 -0.4014
0.0187982 -0.0127453 -0.401472
0.0189779 -0.0130474 -0.401512
0.0191236 -0.0133529 -0.401504
0.0192506 -0.0136705 -0.401464
0.0194073 -0.0140154 -0.401381
0.0195225 -0.0143774 -0.40129
0.0196137 -0.0147312 -0.401203
0.0196525 -0.0150838 -0.401106
0.019636 -0.0154122 -0.401008
0.019647 -0.0157089 -0.400925
0.0196047 -0.0159999 -0.40083
0.0195479 -0.016307 -0.40071
0.0194361 -0.0166466 -0.400571
0.0193121 -0.0169844 -0.400443
0.0192191 -0.0172806 -0.400318
0.0191394 -0.0175822 -0.400191
0.0190975 -0.017839 -0.400084
0.0190334 -0.017996 -0.399995
0.0190096 -0.0181287 -0.399932
0.0189689 -0.018241 -0.399866
0.0189484 -0.0183294 -0.399792
0.0189721 -0.0184045 -0.399739
0.0190374 -0.0184594 -0.399687
0.0191436 -0.0184256 -0.399627
0.019233 -0.0183748 -0.399557
0.0193673 -0.0183547 -0.399483
0.019503 -0.0182996 -0.399408
0.0196916 -0.0182559 -0.399316
0.0199122 -0.0182773 -0.399221
0.0201277 -0.018353 -0.39912
0.0203462 -0.0184433 -0.399008
0.0205054 -0.0185191 -0.398896
0.0206694 -0.0185705 -0.398777
0.0207567 -0.0185661 -0.398619
0.0208148 -0.0185103 -0.398402
0.0208876 -0.0184853 -0.398138
0.0210131 -0.0185428 -0.397818
0.0212252 -0.0187071 -0.397478
0.0214543 -0.0189747 -0.397138
0.0217223 -0.0193073 -0.396814
0.0219799 -0.019735 -0.396565
0.022237 -0.020235 -0.396377
0.0224213 -0.0207352 -0.396225
0.0225305 -0.021235 -0.396109
0.022599 -0.0217635 -0.396013
0.0226674 -0.0223391 -0.395918
0.022791 -0.0229278 -0.395833
0.022926 -0.0235187 -0.395735
0.0230647 -0.0241368 -0.39562
0.0232231 -0.0247694 -0.395509
0.0234055 -0.0253858 -0.395409
0.02356 -0.0259336 -0.395357
0.0233345 -0.0258967 -0.395356
0.0229485 -0.0255062 -0.395375
0.0222772 -0.0246951 -0.395447
0.0213296 -0.0234683 -0.39557
0.0200891 -0.0218954 -0.395723
0.0185976 -0.020019 -0.395875
0.0169386 -0.0178843 -0.396004
0.0151525 -0.0155304 -0.396073
0.0133033 -0.013105 -0.396116
0.0114586 -0.0106606 -0.396146
0.00975061 -0.00823711 -0.396173
0.0082247 -0.00583416 -0.396234
0.00702135 -0.00359849 -0.396356
0.0060108 -0.00146866 -0.39658
0.00516529 0.000529228 -0.396899
0.0044767 0.0023523 -0.397355
0.00391435 0.0039488 -0.397915
0.0034779 0.00527946 -0.398603
0.00320935 0.0063113 -0.39941
0.00313105 0.00701934 -0.400319
0.0028992 0.00788503 -0.401304
0.00292417 0.00840349 -0.402323
0.0031517 0.00866772 -0.403363
0.0039045 0.0084226 -0.404416
0.004792 0.00798777 -0.405481
0.00578502 0.00737896 -0.406542
0.00683211 0.00660822 -0.407575
0.00789484 0.00571075 -0.408549
0.00889614 0.004738 -0.40945
0.00976891 0.00369684 -0.410264
0.0103652 0.00285302 -0.411025
0.0107953 0.001906 -0.411733
0.0110922 0.000881507 -0.412363
0.0112605 -0.000169164 -0.412903
0.0113491 -0.00119453 -0.413367
0.0113928 -0.00212188 -0.413756
0.0115565 -0.00303572 -0.414059
0.0117259 -0.00390398 -0.414276
0.0118519 -0.0047888 -0.414385
0.0117273 -0.005557 -0.414402
0.0114929 -0.00631942 -0.414363
0.0111154 -0.00709966 -0.414289
0.0105813 -0.00791293 -0.414178
0.0100616 -0.00875017 -0.41404
0.00943362 -0.00949425 -0.413877
0.00876564 -0.0101331 -0.413674
0.00810646 -0.0106987 -0.413437
0.00748283 -0.0112076 -0.413154
0.00694281 -0.0116531 -0.412807
0.00648546 -0.0120545 -0.412409
0.0061007 -0.0124105 -0.411958
0.00558342 -0.0126989 -0.411439
0.00511709 -0.0129599 -0.41087
0.00466754 -0.0131753 -0.410267
0.00421588 -0.0133411 -0.409627
0.00386334 -0.0134997 -0.40899
0.0034956 -0.0136291 -0.4084
0.00313992 -0.0137421 -0.407854
0.00283141 -0.0138604 -0.407361
0.00258211 -0.0140016 -0.406911
0.00225523 -0.0141027 -0.406508
0.00203199 -0.0142093 -0.406148
0.00192343 -0.0143266 -0.405834
0.00192485 -0.0144624 -0.40555
0.00203598 -0.0146257 -0.405315
0.00224486 -0.0148417 -0.405106
0.00251402 -0.0151058 -0.404954
0.00283107 -0.0154312 -0.404877
0.00316742 -0.0158024 -0.404856
0.00349679 -0.0162277 -0.40489
0.00383066 -0.0166996 -0.404985
0.00414026 -0.0171748 -0.405141
0.00444162 -0.0176494 -0.405344
0.00473101 -0.0181251 -0.405554
0.00504558 -0.0186251 -0.405729
0.00536201 -0.0191459 -0.405884
0.00567267 -0.0196831 -0.406011
0.00593578 -0.0202424 -0.406066
0.0061339 -0.0207981 -0.406063
0.00623842 -0.021312 -0.406023
0.00623829 -0.0217589 -0.405962
0.00612507 -0.0221195 -0.405879
0.00588773 -0.022374 -0.40578
0.00553886 -0.0225406 -0.405665
0.00508832 -0.0226673 -0.405523
0.00457689 -0.0227736 -0.405353
0.00404344 -0.0228671 -0.40513
0.00351456 -0.0229162 -0.40488
0.00301814 -0.022898 -0.404616
0.00257843 -0.022828 -0.404337
0.00217636 -0.0226731 -0.404054
0.00180415 -0.0224517 -0.403783
0.0014429 -0.0221712 -0.403508
0.00109729 -0.0218397 -0.40326
0.000769054 -0.0214731 -0.403028
0.000476606 -0.0211215 -0.402822
0.000234991 -0.0207933 -0.402633
3.66422e-05 -0.0205057 -0.402478
-0.000107211 -0.0202094 -0.402366
-0.000202211 -0.0199174 -0.402306
-0.000234271 -0.0196172 -0.402289
-0.000214675 -0.0193033 -0.402291
-0.00013412 -0.0189893 -0.402301
-1.1619e-05 -0.0186787 -0.402312
0.000126335 -0.018373 -0.40235
0.000277328 -0.0180835 -0.402409
0.000411705 -0.0178276 -0.402475
0.000517587 -0.0176283 -0.402547
0.000599778 -0.0174785 -0.40262
0.000634038 -0.0173759 -0.402712
0.000634381 -0.0173 -0.40283
0.000603587 -0.0172332 -0.402952
0.000583801 -0.0171545 -0.403085
0.000576585 -0.0170686 -0.403214
0.000573249 -0.0169726 -0.403313
0.000597572 -0.0168549 -0.403364
0.000631914 -0.0167058 -0.403363
0.000656263 -0.0165737 -0.403334
0.000629915 -0.0164785 -0.403281
0.000557304 -0.0164033 -0.40323
0.000441384 -0.0163506 -0.403219
0.00027994 -0.0162816 -0.403258
2.23633e-05 -0.0161884 -0.403323
-0.000281088 -0.0160287 -0.40341
-0.000622288 -0.0157859 -0.40352
-0.000984575 -0.0155028 -0.403621
-0.00133353 -0.0152087 -0.403725
-0.00164029 -0.0149506 -0.403824
-0.00188111 -0.0147204 -0.403904
-0.00210291 -0.014485 -0.403983
-0.00231273 -0.0142339 -0.404065
-0.00252463 -0.0139451 -0.404174
-0.00275451 -0.0136052 -0.404323
-0.00301574 -0.0132286 -0.404525
-0.00331965 -0.0128345 -0.40477
-0.00366053 -0.0124542 -0.405056
-0.00401815 -0.0120992 -0.405404
-0.00440453 -0.0117403 -0.405796
-0.00478916 -0.0113705 -0.406222
-0.0051223 -0.0109685 -0.40667
-0.00539379 -0.0105399 -0.407145
-0.00555941 -0.010109 -0.407626
-0.00564538 -0.00967027 -0.408108
-0.00565739 -0.00923091 -0.408586
-0.00560547 -0.0088195 -0.409072
-0.00555915 -0.0084839 -0.409559
-0.00552164 -0.00822865 -0.410079
-0.00556096 -0.00805674 -0.410625
-0.00568857 -0.00796509 -0.411187
-0.00591864 -0.00800998 -0.411726
-0.00624511 -0.00819572 -0.412261
-0.00661371 -0.00847426 -0.412729
-0.00698229 -0.00878913 -0.413121
-0.0073255 -0.00910882 -0.413416
-0.00764929 -0.00941237 -0.413635
-0.00794937 -0.00969836 -0.413815
-0.00826636 -0.0100136 -0.413973
-0.00860382 -0.0103907 -0.414139
-0.00898712 -0.0108465 -0.41429
-0.00938388 -0.0113197 -0.414424
-0.00940455 -0.0113016 -0.414497
-0.00925316 -0.0109749 -0.414502
-0.00885183 -0.0102307 -0.414433
-0.00816082 -0.00907269 -0.414291
-0.00717855 -0.00751249 -0.414079
-0.00591939 -0.00559396 -0.413852
-0.00443276 -0.00338903 -0.413649
-0.0028124 -0.00101975 -0.413499
-0.00116112 0.00137332 -0.413408
0.000488181 0.00386028 -0.41334
0.00206009 0.00629207 -0.413263
0.00348002 0.00864221 -0.413151
0.00473408 0.0108842 -0.412976
0.0056271 0.012743 -0.412736
0.00631786 0.0144515 -0.412454
0.00682853 0.0159489 -0.412137
0.00722319 0.0171872 -0.411782
0.00753152 0.0181583 -0.411391
0.00802717 0.0193071 -0.410965
0.00844656 0.0201908 -0.410497
0.00879772 0.0208344 -0.40995
0.00905928 0.0212556 -0.409323
0.00919671 0.0215383 -0.408632
0.00920043 0.0217715 -0.40791
0.0090455 0.0219835 -0.407177
0.00873814 0.0221808 -0.40644
0.00829293 0.0223852 -0.405702
0.00774157 0.0226008 -0.404963
0.00716375 0.0228407 -0.404224
0.00661581 0.0230849 -0.403472
0.00613697 0.0233015 -0.402723
0.00574269 0.0234678 -0.401998
0.00546589 0.0235748 -0.401331
0.0053328 0.0236366 -0.400718
0.0053262 0.0236341 -0.400191
0.00544209 0.0235603 -0.399731
0.00566443 0.0234268 -0.399311
0.00596994 0.0232142 -0.398899
0.00632323 0.0229462 -0.398505
0.00668643 0.0226175 -0.398144
0.00705382 0.0222351 -0.397834
0.00742198 0.0218023 -0.397599
0.00779149 0.0213262 -0.397476
0.00820594 0.0208371 -0.397476
0.00865765 0.020362 -0.397597
0.00917475 0.019902 -0.397813
0.0097571 0.0194756 -0.398115
0.0103945 0.0190612 -0.39848
0.011083 0.0186687 -0.398881
0.0118194 0.0182987 -0.399333
0.0125591 0.0179755 -0.399855
0.0132693 0.0177068 -0.400457
0.0139201 0.0175018 -0.401137
0.0145198 0.0173636 -0.401889
0.0150629 0.017284 -0.402737
0.0155111 0.0172473 -0.40369
0.0159103 0.0172734 -0.404715
0.0162551 0.0173525 -0.405796
0.016577 0.0174864 -0.4069
0.0168984 0.0176707 -0.407985
0.0171959 0.0179066 -0.409038
0.0174779 0.0181911 -0.410033
0.0177298 0.0184903 -0.410966
0.0179466 0.018837 -0.411818
0.0181031 0.0192076 -0.412629
0.0181901 0.019546 -0.413391
0.0182075 0.0198654 -0.414076
0.0181116 0.0201526 -0.414705
0.0179512 0.0203875 -0.41528
0.0177309 0.0205836 -0.415798
0.017463 0.0207596 -0.416242
0.0171328 0.0209356 -0.416631
0.0167952 0.0210839 -0.416967
0.0164945 0.02121 -0.417254
0.016231 0.0213083 -0.417507
0.0160185 0.0213553 -0.417738
0.0158622 0.0213389 -0.417942
0.0157441 0.0212824 -0.418128
0.0156679 0.0211978 -0.418302
0.0156509 0.0210717 -0.418469
0.015671 0.0209249 -0.418653
0.0157672 0.0207602 -0.418843
0.0158944 0.0206279 -0.419038
0.016061 0.0205153 -0.419242
0.0163093 0.0204117 -0.419444
0.0166241 0.0203563 -0.41967
0.0169883 0.0203585 -0.419926
0.0174064 0.0203851 -0.420189
0.0178372 0.0204005 -0.420468
0.0183148 0.0204132 -0.420739
0.018755 0.0204115 -0.421005
0.019172 0.0204086 -0.421252
0.019538 0.0204416 -0.421488
0.0198987 0.020514 -0.421694
0.0202087 0.020613 -0.421878
0.0204749 0.0207376 -0.422053
0.0207072 0.0208822 -0.422217
0.0208932 0.0210394 -0.422359
0.0210511 0.0212156 -0.422468
0.0211621 0.0213759 -0.422551
0.0212396 0.02153 -0.422597
0.0212799 0.0216473 -0.422639
0.0212918 0.0217222 -0.422664
0.0213006 0.0217706 -0.422668
0.0213197 0.0217892 -0.422668
0.0213374 0.0217643 -0.422665
0.0213575 0.0217157 -0.422667
0.021373 0.0216628 -0.42266
0.021429 0.0215876 -0.422644
0.0214767 0.0214942 -0.422633
0.021545 0.0213416 -0.422623
0.0216295 0.0211364 -0.422603
0.0217129 0.0208931 -0.422583
0.021819 0.0206594 -0.422579
0.0219353 0.020483 -0.422602
0.0220236 0.0203532 -0.422635
0.0220924 0.0202153 -0.422669
0.0221584 0.0200845 -0.4227
0.0222291 0.0199421 -0.422738
0.0223204 0.0197579 -0.422755
0.0223975 0.0195505 -0.422783
0.0224534 0.0193904 -0.422809
0.0225274 0.0192963 -0.422798
0.0226501 0.0192164 -0.422771
0.0228065 0.0191312 -0.422738
0.0229378 0.019054 -0.422678
0.0230731 0.0189791 -0.422612
0.0232576 0.0188888 -0.422554
0.0234753 0.0187696 -0.422483
0.0237417 0.0186414 -0.422402
0.0239717 0.018516 -0.422306
0.0241914 0.0184113 -0.42219
0.0244325 0.018288 -0.42205
0.0246525 0.0181211 -0.42187
0.0248155 0.0179201 -0.421661
0.0249783 0.017682 -0.421435
0.0252225 0.0173842 -0.421199
0.02555 0.0171036 -0.42096
0.0259419 0.016797 -0.420702
0.0264247 0.0164216 -0.420411
0.0270003 0.0159447 -0.420106
0.027623 0.0153122 -0.419811
0.028284 0.0146114 -0.419547
0.0289576 0.0138285 -0.419312
0.0295864 0.0129365 -0.419126
0.0301642 0.0119494 -0.418988
0.0306736 0.0108661 -0.418893
0.0310853 0.00969478 -0.418845
0.031455 0.00842916 -0.418836
0.0319319 0.0070334 -0.418863
0.0323768 0.00559438 -0.418908
0.0327619 0.00410908 -0.418938
0.0330959 0.00262406 -0.418974
0.0332895 0.00137913 -0.419003
0.0335056 0.000252799 -0.418994
0.0337647 -0.000802415 -0.418973
0.034002 -0.00179064 -0.418904
0.0342582 -0.00264175 -0.418791
0.0344663 -0.00333358 -0.418676
0.0345771 -0.00383765 -0.41858
0.0345185 -0.00408401 -0.4185
0.0342115 -0.00394184 -0.418467
0.0336263 -0.0033404 -0.418499
0.0329749 -0.00267505 -0.418572
0.0320342 -0.0015344 -0.418652
0.0308216 4.61444e-06 -0.418753
0.0293553 0.00185396 -0.418843
0.0277204 0.00400609 -0.41891
0.0260891 0.00626497 -0.418955
0.024534 0.00858495 -0.418959
0.0231717 0.0109154 -0.418948
0.0219096 0.013328 -0.418945
0.0208544 0.0157772 -0.418958
0.0201703 0.0179437 -0.41898
0.019682 0.0199113 -0.419045
0.0193125 0.0216226 -0.419212
0.0190172 0.0230817 -0.419499
0.0187691 0.0242596 -0.419923
0.0185381 0.0251279 -0.420483
0.01832 0.0256807 -0.421174
0.0181342 0.0259149 -0.421988
0.0180601 0.0259178 -0.422887
0.0178967 0.0259978 -0.423837
0.0179033 0.0259031 -0.42482
0.0181063 0.0256876 -0.425835
0.0185033 0.0254035 -0.426884
0.0192626 0.0249999 -0.428005
0.0201186 0.0246339 -0.429177
0.0210302 0.0243429 -0.430366
0.0219686 0.0241189 -0.431593
0.0228919 0.0239373 -0.432839
0.0235823 0.0239761 -0.43409
0.0241466 0.0239805 -0.435298
0.024585 0.0239087 -0.436462
0.0249011 0.0237636 -0.437591
0.0251225 0.0235423 -0.438673
0.0253113 0.0232634 -0.439688
0.0254992 0.0229267 -0.440657
0.0257125 0.0224839 -0.441604
0.0259319 0.0219387 -0.44253
0.0261906 0.0213063 -0.443393
0.0265067 0.0205644 -0.444174
0.0267963 0.0196992 -0.444851
0.026994 0.0187499 -0.445439
0.0270562 0.0177227 -0.445927
0.0269901 0.0166103 -0.446286
0.0268165 0.015467 -0.446536
0.0265548 0.0143214 -0.446662
0.0262584 0.0131746 -0.446678
0.0259457 0.0120454 -0.446575
0.0256595 0.0109706 -0.446332
0.0254167 0.00994783 -0.445934
0.0252257 0.00897445 -0.445423
0.0250446 0.00806147 -0.444792
0.0248937 0.00721295 -0.444026
0.0247633 0.00645592 -0.443156
0.0246338 0.00580589 -0.442184
0.0244934 0.00529336 -0.441125
0.024314 0.00492736 -0.440009
0.0241336 0.00468682 -0.438847
0.023948 0.0045483 -0.437668
0.0237926 0.00446456 -0.436502
0.0237102 0.00443103 -0.435372
0.0236811 0.00441257 -0.434289
0.0237304 0.0043818 -0.433267
0.0238615 0.00434576 -0.432299
0.0241201 0.00431174 -0.431393
0.0244826 0.00429219 -0.430562
0.0249234 0.00428278 -0.429785
0.0254477 0.00429348 -0.429079
0.0260338 0.00430267 -0.428457
0.0266847 0.00428328 -0.427912
0.0273484 0.0042301 -0.427439
0.0280212 0.00412628 -0.427043
0.0286738 0.00398874 -0.426735
0.0293254 0.00380245 -0.426508
0.0299559 0.00355269 -0.426321
0.0305698 0.00325825 -0.426165
0.0311403 0.00292508 -0.426039
0.0316613 0.00256731 -0.42592
0.0321491 0.00219091 -0.425817
0.0325513 0.00181 -0.425745
0.0328412 0.00143544 -0.4257
0.0330255 0.00105864 -0.425663
0.0331037 0.000697605 -0.425633
0.0330983 0.000336396 -0.425631
0.0329829 -3.57986e-05 -0.425654
0.0327894 -0.000395718 -0.42568
0.0325244 -0.00072881 -0.425713
0.0322167 -0.00102113 -0.425739
0.031867 -0.00128474 -0.425765
0.0314931 -0.0015009 -0.42577
0.0311307 -0.00167081 -0.425767
0.0307556 -0.00179542 -0.425771
0.0303791 -0.00189411 -0.425784
0.0300207 -0.00196263 -0.425798
0.0296811 -0.00203395 -0.425842
0.0293554 -0.00210454 -0.425912
0.0290297 -0.00217255 -0.426028
0.0287065 -0.00223876 -0.426171
0.0283922 -0.00227811 -0.426326
0.0280966 -0.00227519 -0.4265
0.0278352 -0.00224394 -0.426698
0.0276065 -0.00220018 -0.4269
0.0274088 -0.00214989 -0.427088
0.0272413 -0.00210271 -0.427242
0.0271267 -0.00206958 -0.427393
0.0270278 -0.00206767 -0.427525
