%roll pitch yaw
0.00460482 0.0164845 -2.29562
0.00538325 0.0158964 -2.29672
0.00629702 0.0152794 -2.29785
0.00731042 0.0146542 -2.299
0.00834311 0.014022 -2.30016
0.00933218 0.0133653 -2.30132
0.0100777 0.0128976 -2.30245
0.0107274 0.0123704 -2.30352
0.0112866 0.0117799 -2.30454
0.0117235 0.011131 -2.30551
0.0120659 0.0104407 -2.30639
0.0123112 0.00975294 -2.30721
0.0124602 0.00908829 -2.30798
0.0125529 0.00841561 -2.30869
0.0126338 0.00767631 -2.30933
0.0126902 0.00684009 -2.30989
0.0127304 0.00592478 -2.31037
0.0127658 0.00500057 -2.31076
0.0127531 0.00407013 -2.31107
0.0126753 0.00314449 -2.3113
0.0125413 0.00224972 -2.31142
0.0123437 0.00140606 -2.31144
0.0120788 0.000595094 -2.3114
0.0117714 -0.000244078 -2.31127
0.0114399 -0.00108631 -2.31106
0.0110877 -0.00189593 -2.31076
0.0107309 -0.0026681 -2.31039
0.0103783 -0.00338772 -2.30993
0.0100395 -0.00403541 -2.3094
0.00975549 -0.00460874 -2.30878
0.00952735 -0.0050879 -2.30808
0.00936679 -0.00548219 -2.30733
0.00926303 -0.0058056 -2.30651
0.00919058 -0.00604578 -2.30564
0.00911756 -0.00622259 -2.30478
0.0090514 -0.00635591 -2.30393
0.00896795 -0.00647144 -2.30309
0.00887115 -0.0065772 -2.3023
0.00876125 -0.00665945 -2.30157
0.00866374 -0.00672958 -2.30088
0.0086152 -0.00678583 -2.30027
0.00862903 -0.00684486 -2.29972
0.00873073 -0.00692465 -2.29924
0.00893411 -0.00702026 -2.29882
0.00923876 -0.00713673 -2.29844
0.0096298 -0.00728983 -2.29813
0.0100771 -0.00748965 -2.2979
0.0105441 -0.00774202 -2.29771
0.0110063 -0.00804874 -2.29758
0.0114402 -0.00837372 -2.2975
0.0118408 -0.00873134 -2.29748
0.0121724 -0.00913361 -2.2975
0.0124567 -0.0095887 -2.29755
0.0126873 -0.0100728 -2.29759
0.0128842 -0.0105673 -2.29764
0.0130399 -0.0110654 -2.29769
0.0131533 -0.0115503 -2.29772
0.0132423 -0.0120262 -2.29774
0.0132643 -0.0124925 -2.29774
0.0132218 -0.0129447 -2.29773
0.0131106 -0.0133758 -2.29772
0.0129048 -0.013772 -2.29771
0.0126119 -0.0141231 -2.2977
0.0122296 -0.0144063 -2.29768
0.0118043 -0.0146356 -2.29766
0.0113539 -0.0148239 -2.2976
0.0109094 -0.0150053 -2.29754
0.0104936 -0.0151791 -2.29748
0.0100943 -0.0153519 -2.29739
0.00972751 -0.0155202 -2.29732
0.00937542 -0.0156664 -2.29727
0.0090431 -0.0157985 -2.29725
0.00872983 -0.0159127 -2.29723
0.00844061 -0.0159983 -2.29723
0.00817495 -0.0160393 -2.29726
0.00791817 -0.0160317 -2.2973
0.00767895 -0.0159673 -2.29735
0.00747797 -0.0158643 -2.29742
0.00731772 -0.0157589 -2.29749
0.00717701 -0.0156851 -2.29757
0.00703702 -0.0156523 -2.29765
0.00692084 -0.0156999 -2.29777
0.00681227 -0.0158216 -2.2979
0.00670602 -0.0159722 -2.29804
0.00656929 -0.0160912 -2.2982
0.00637813 -0.0161666 -2.29837
0.00614779 -0.0162104 -2.29855
0.00587678 -0.0162326 -2.29873
0.00558638 -0.0162391 -2.29892
0.00527011 -0.0162569 -2.29911
0.00496468 -0.0163139 -2.29929
0.00470792 -0.0164365 -2.29944
0.00450226 -0.0166037 -2.29957
0.00431969 -0.0167995 -2.29968
0.00416615 -0.0169788 -2.29977
0.00400456 -0.0171086 -2.29987
0.0038086 -0.0171711 -2.29998
0.00356303 -0.0171469 -2.30013
0.00325287 -0.0171048 -2.30029
0.00289532 -0.0170715 -2.30045
0.00246938 -0.017098 -2.30065
0.00202193 -0.0171627 -2.30086
0.0015593 -0.0172374 -2.30105
0.00112281 -0.0172891 -2.30125
0.000692964 -0.0172734 -2.30145
0.000279371 -0.017188 -2.30164
-0.000107046 -0.01703 -2.30182
-0.000457455 -0.0168414 -2.30199
-0.000793059 -0.0166871 -2.30216
-0.00113721 -0.0165717 -2.30233
-0.00150311 -0.0164795 -2.30253
-0.00192574 -0.0163637 -2.30276
-0.00242036 -0.0162256 -2.30305
-0.0029745 -0.0160778 -2.3034
-0.00357219 -0.0159212 -2.3038
-0.0041607 -0.0157557 -2.3042
-0.00470015 -0.0155589 -2.30463
-0.00518251 -0.0153424 -2.30507
-0.00558655 -0.0151298 -2.30554
-0.00592517 -0.0149567 -2.30599
-0.006204 -0.0148786 -2.30644
-0.00644889 -0.014896 -2.30687
-0.00670433 -0.0149879 -2.3073
-0.00700177 -0.0151253 -2.30774
-0.00736588 -0.0153221 -2.30821
-0.00776163 -0.0155817 -2.30867
-0.00818848 -0.0158976 -2.30913
-0.00862984 -0.016258 -2.30953
-0.0090789 -0.0166335 -2.30987
-0.00948912 -0.0169911 -2.31017
-0.00985662 -0.0173494 -2.31042
-0.0102206 -0.0177172 -2.31066
-0.01061 -0.01809 -2.31089
-0.0110321 -0.0185053 -2.31113
-0.0114573 -0.0189481 -2.31133
-0.0119024 -0.0193714 -2.31151
-0.0119466 -0.0192496 -2.31162
-0.0118199 -0.0188149 -2.31165
-0.0117299 -0.0183775 -2.3116
-0.0113143 -0.0174777 -2.31149
-0.010352 -0.0158797 -2.31134
-0.00911811 -0.0139762 -2.3112
-0.00766857 -0.0118089 -2.31108
-0.00608329 -0.00945603 -2.311
-0.00445458 -0.00703701 -2.31096
-0.00285162 -0.00453768 -2.31093
-0.00132622 -0.00204209 -2.31091
4.31997e-05 0.000444373 -2.31087
0.00108959 0.00265472 -2.31079
0.0019158 0.004702 -2.31067
0.00252979 0.00655211 -2.31047
0.00295659 0.0081529 -2.3102
0.00322705 0.00949512 -2.30986
0.00339102 0.0105596 -2.30945
0.00346332 0.011329 -2.30896
0.00373148 0.012245 -2.30838
0.00390511 0.012814 -2.30771
0.00396161 0.013105 -2.30697
0.00387045 0.0132533 -2.3062
0.00341169 0.0131012 -2.30538
0.00282617 0.0128952 -2.30454
0.002133 0.0126342 -2.30367
0.00137455 0.0123382 -2.30279
0.000590688 0.0119963 -2.3019
-5.62141e-05 0.0118338 -2.30102
-0.000660935 0.011613 -2.30017
-0.0012271 0.011354 -2.29934
-0.00172089 0.0110625 -2.29857
-0.00210883 0.010773 -2.29789
-0.00232043 0.0104721 -2.2973
-0.00236682 0.010104 -2.29677
-0.00227703 0.00967282 -2.29631
-0.00207103 0.00919476 -2.29588
-0.00176113 0.00864838 -2.2955
-0.00138207 0.00806821 -2.29516
-0.00097061 0.00747621 -2.29487
-0.000553642 0.00687775 -2.29468
-0.000112673 0.00625612 -2.29458
0.00033075 0.00562621 -2.2946
0.000609151 0.00487274 -2.29473
0.000930743 0.00415332 -2.29496
0.00131288 0.00348813 -2.29529
0.00176827 0.00289754 -2.29569
0.00226745 0.00237125 -2.29614
0.00298416 0.00195336 -2.29665
0.00374969 0.00157345 -2.29721
0.00449737 0.00122329 -2.29785
0.00520834 0.000911309 -2.29855
0.00584296 0.000637891 -2.29932
0.00639413 0.000390585 -2.30017
0.00685817 0.000211925 -2.30111
0.00722943 0.000109642 -2.30213
0.00756776 8.1932e-05 -2.30318
0.00786912 0.000123695 -2.30424
0.00815427 0.000213093 -2.30531
0.00840974 0.000341501 -2.30635
0.00864748 0.00048129 -2.30736
0.00886076 0.000611815 -2.30831
0.00904178 0.000728129 -2.30919
0.00917768 0.000829393 -2.30998
0.00923583 0.000933224 -2.31068
0.00922531 0.00103337 -2.31131
0.00913615 0.0011292 -2.31187
0.00898035 0.00119424 -2.31235
0.00879121 0.00121282 -2.31277
0.00855452 0.00117902 -2.31313
0.00829035 0.00109809 -2.31344
0.00801201 0.00095785 -2.31369
0.00774031 0.00079783 -2.3139
0.00749547 0.000603103 -2.31406
0.0072923 0.000385141 -2.3142
0.00715265 0.000143418 -2.31431
0.00706266 -0.000121332 -2.31441
0.00703867 -0.000383468 -2.3145
0.00708573 -0.00064159 -2.31457
0.00719455 -0.000894354 -2.31466
0.00739649 -0.00114444 -2.31476
0.00765079 -0.00141188 -2.31487
0.00801462 -0.00167276 -2.31502
0.00844613 -0.00189946 -2.31515
0.00891958 -0.00208474 -2.31529
0.00948321 -0.00220348 -2.31546
0.0100639 -0.00225216 -2.31565
0.0106895 -0.00223503 -2.31585
0.0113133 -0.00216428 -2.31606
0.0119366 -0.00204053 -2.31625
0.0125619 -0.00189217 -2.31643
0.0131608 -0.00174812 -2.31662
0.0137076 -0.00164618 -2.31682
0.0142134 -0.00154027 -2.31698
0.0146417 -0.00141597 -2.31711
0.0150404 -0.00126732 -2.31721
0.0153619 -0.00107298 -2.31728
0.0155967 -0.000848544 -2.31735
0.0157953 -0.000591999 -2.31739
0.0158981 -0.000303833 -2.3174
0.015979 -2.81915e-05 -2.3174
0.0160086 0.000188179 -2.31739
0.0159908 0.000322756 -2.31738
0.0159481 0.000383244 -2.31735
0.015887 0.000368178 -2.31731
0.0158298 0.000303074 -2.31727
0.0157475 0.000186642 -2.31724
0.0156867 5.94362e-05 -2.31722
0.015647 -6.39391e-05 -2.31721
0.0156131 -0.000136622 -2.31719
0.0156132 -0.000150149 -2.31719
0.0156318 -0.000123016 -2.31722
0.0156615 -0.000126092 -2.31726
0.015667 -0.00020293 -2.31731
0.015725 -0.000355245 -2.31738
0.0158093 -0.000505847 -2.31748
0.015934 -0.000666627 -2.31761
0.0160494 -0.000851215 -2.31773
0.0161856 -0.000985975 -2.31787
0.0163472 -0.00107785 -2.31799
0.0165379 -0.00113621 -2.31811
0.0168255 -0.00116032 -2.31824
0.0171004 -0.00113483 -2.31838
0.0173794 -0.00111297 -2.31854
0.0176628 -0.00111406 -2.31869
0.0179946 -0.00110376 -2.31885
0.0183468 -0.00105661 -2.31901
0.0187026 -0.00098742 -2.31915
0.0190616 -0.000915509 -2.31927
0.0194154 -0.000845823 -2.31936
0.0198193 -0.000817618 -2.31941
0.0201949 -0.000877175 -2.31944
0.0205719 -0.000969647 -2.31941
0.0209492 -0.00107784 -2.31933
0.0213694 -0.00114559 -2.31918
0.0218137 -0.00121202 -2.319
0.0222113 -0.00130161 -2.31879
0.0226201 -0.00138138 -2.31852
0.0229885 -0.0013937 -2.3182
0.0233364 -0.0013094 -2.31782
0.0235969 -0.00117885 -2.31739
0.023816 -0.0011205 -2.3169
0.0240122 -0.00120972 -2.31639
0.0241582 -0.00143092 -2.3159
0.0242906 -0.00178762 -2.31541
0.0243919 -0.00225095 -2.31496
0.0245445 -0.00276307 -2.31455
0.0247327 -0.00330188 -2.31417
0.0249683 -0.00385183 -2.31382
0.0252405 -0.0044297 -2.31349
0.0255382 -0.00503287 -2.31317
0.0258814 -0.005654 -2.31288
0.0262141 -0.00628185 -2.3126
0.026536 -0.00697145 -2.31236
0.0268099 -0.00768989 -2.31216
0.0271222 -0.00844844 -2.31201
0.0274499 -0.00922489 -2.31187
0.0277928 -0.0100064 -2.31176
0.0281392 -0.0107839 -2.31169
0.0284602 -0.0115072 -2.31167
0.0284113 -0.0116737 -2.31169
0.0281444 -0.0115303 -2.31176
0.0276628 -0.0109689 -2.31188
0.0268929 -0.00994328 -2.31201
0.0258534 -0.00849389 -2.31217
0.0245793 -0.00668917 -2.31231
0.0230906 -0.00459966 -2.31243
0.021463 -0.00229913 -2.31254
0.0197486 0.000113416 -2.31262
0.0180247 0.00259006 -2.31269
0.0163624 0.00510002 -2.31277
0.0147891 0.00763587 -2.31287
0.0135221 0.00997417 -2.31303
0.0124771 0.012153 -2.31327
0.0116259 0.0141082 -2.31359
0.0109415 0.0158082 -2.31403
0.0104106 0.0172575 -2.31456
0.00998897 0.0184602 -2.3152
0.00967989 0.0193877 -2.31595
0.00946194 0.0200048 -2.31678
0.00937772 0.0203116 -2.31772
0.00916543 0.0206481 -2.31871
0.00918296 0.0207665 -2.31975
0.00940299 0.0207736 -2.32084
0.010054 0.0205527 -2.32196
0.0108404 0.0202934 -2.32312
0.0117065 0.0200143 -2.32431
0.0126499 0.0197386 -2.32551
0.0136359 0.0194452 -2.32672
0.0146198 0.0191446 -2.32792
0.0155688 0.018853 -2.3291
0.0162646 0.0187938 -2.33024
0.0168398 0.0187185 -2.33131
0.0172636 0.0185913 -2.33231
0.0175626 0.0184116 -2.33323
0.0177847 0.0181838 -2.33407
0.0179312 0.0179113 -2.33486
0.018038 0.0175694 -2.33559
0.0183058 0.0169298 -2.33626
0.0186194 0.0162066 -2.33687
0.0187774 0.0156072 -2.33744
0.018889 0.0149128 -2.33794
0.0189372 0.0141165 -2.33835
0.0188911 0.013215 -2.33867
0.0187056 0.0122664 -2.33888
0.0185595 0.011229 -2.33897
0.0182859 0.0102267 -2.33894
0.0179286 0.0092546 -2.33881
0.0175243 0.00830982 -2.33857
0.0171236 0.0073913 -2.33821
0.0165416 0.00652725 -2.33774
0.0160219 0.00574367 -2.33717
0.0155762 0.00503938 -2.33649
0.0152046 0.00442973 -2.33572
0.0148612 0.0039368 -2.33486
0.0145438 0.00356249 -2.33392
0.0142219 0.00330617 -2.3329
0.0138592 0.00315317 -2.33182
0.0134629 0.00306804 -2.3307
0.0130525 0.00303168 -2.32956
0.0126915 0.00304541 -2.32842
0.0124105 0.00311615 -2.32731
0.0122429 0.00323439 -2.32624
0.0121803 0.00339294 -2.32524
0.0122498 0.00358518 -2.32432
0.0124446 0.00378074 -2.32347
0.0127834 0.00396893 -2.32269
0.0132232 0.00412674 -2.32198
0.0137513 0.00423943 -2.32134
0.0143264 0.0043067 -2.32081
0.0149244 0.0043361 -2.32037
0.0155356 0.00434596 -2.32002
0.0161457 0.00432926 -2.31976
0.0167323 0.00428562 -2.31956
0.0172966 0.00422635 -2.31943
0.017849 0.00413709 -2.31934
0.0183981 0.00402187 -2.31925
0.0189454 0.0038722 -2.31915
0.0194575 0.00367659 -2.31905
0.0199484 0.00344597 -2.31893
0.0203828 0.00318513 -2.31881
0.0207103 0.00291828 -2.31873
0.0209322 0.00263784 -2.3187
0.0210271 0.00239135 -2.31866
0.0209994 0.00217803 -2.31863
0.0208483 0.00198545 -2.3186
0.0206012 0.00182226 -2.31857
0.0203033 0.00169101 -2.31853
0.0199633 0.00157937 -2.31846
0.0195999 0.00146565 -2.31837
0.0192257 0.00133863 -2.31828
0.0188486 0.00121436 -2.31818
0.018483 0.00113067 -2.31811
0.0181249 0.00111204 -2.31806
0.0177833 0.00116963 -2.31803
0.0174604 0.00129498 -2.31801
0.0171745 0.00145125 -2.318
0.0169108 0.0016349 -2.31797
0.0166806 0.00182262 -2.318
0.0164865 0.00199811 -2.31806
0.0163081 0.00216162 -2.31814
0.0161782 0.00231018 -2.31824
0.0160847 0.00244061 -2.31838
0.0160016 0.00256273 -2.31854
0.0159255 0.00266924 -2.31871
0.0158745 0.00277183 -2.3189
0.0158258 0.00289672 -2.31907
0.0157773 0.00305625 -2.31925
0.015743 0.00321847 -2.31942
0.0157006 0.00334113 -2.31955
0.015648 0.00341542 -2.31967
0.015577 0.00345881 -2.31981
0.0154876 0.00347756 -2.31996
0.0153552 0.00348933 -2.32011
0.0152093 0.0035193 -2.32027
0.0150393 0.00360278 -2.32043
0.0148513 0.00375103 -2.32056
0.0146775 0.00392821 -2.32067
0.0145189 0.00409543 -2.32076
0.0143896 0.00422159 -2.32081
0.0142588 0.00431787 -2.32085
0.0141264 0.00440116 -2.32085
0.013982 0.00449636 -2.32085
0.0137917 0.00464466 -2.32087
0.0135322 0.00485442 -2.32092
0.0132134 0.00511721 -2.321
0.0128371 0.0053698 -2.32111
0.0123935 0.00555643 -2.32127
0.0118843 0.00568138 -2.32145
0.0113465 0.00576099 -2.32163
0.0107926 0.00582371 -2.32182
0.010234 0.00593513 -2.32203
0.00971376 0.00611414 -2.32226
0.0092328 0.00635001 -2.32249
0.00878346 0.00656843 -2.32274
0.00836779 0.00668717 -2.323
0.00791369 0.00674955 -2.3233
0.00740333 0.00678009 -2.32364
0.00680887 0.00679373 -2.32401
0.00610709 0.00684716 -2.3244
0.00529202 0.00681746 -2.32482
0.00440347 0.00656263 -2.32526
0.00343336 0.00616414 -2.32568
0.00243529 0.00562887 -2.32606
0.00142188 0.00496013 -2.32638
0.00043991 0.00419536 -2.32666
-0.000497889 0.00334595 -2.3269
-0.00136057 0.00242009 -2.3271
-0.00213421 0.00140782 -2.32726
-0.00299774 0.000263119 -2.32739
-0.00374904 -0.000949843 -2.3275
-0.00441984 -0.00219415 -2.32758
-0.00505125 -0.00345148 -2.32766
-0.00568457 -0.00469501 -2.32775
-0.00615348 -0.0056943 -2.32787
-0.00662528 -0.00660175 -2.32801
-0.00710692 -0.00739568 -2.32818
-0.00757593 -0.00807859 -2.32836
-0.00801081 -0.00861336 -2.32853
-0.00834317 -0.00898331 -2.3287
-0.00851323 -0.00909692 -2.32884
-0.00844355 -0.0088224 -2.32897
-0.00832259 -0.0084902 -2.32908
-0.00781245 -0.00766267 -2.32913
-0.00676536 -0.00610388 -2.32918
-0.00544577 -0.00418972 -2.32923
-0.00398726 -0.00200676 -2.32927
-0.00249482 0.000335249 -2.32933
-0.00108928 0.00270867 -2.3294
0.00022197 0.00515511 -2.32948
0.00132385 0.00755882 -2.32954
0.00220902 0.00989872 -2.32958
0.00291301 0.012142 -2.32958
0.003266 0.0139668 -2.32953
0.00348284 0.0156095 -2.32942
0.00362265 0.0170251 -2.32924
0.00373068 0.0182053 -2.32899
0.00381223 0.0191036 -2.32865
0.0038614 0.0197162 -2.32822
0.00385041 0.0200459 -2.32769
0.00397552 0.0205055 -2.32706
0.00399241 0.0206806 -2.32638
0.00387857 0.0206156 -2.32563
0.00362826 0.0204138 -2.32485
0.00323275 0.020171 -2.32406
0.0027399 0.0199324 -2.32324
0.00218605 0.0197099 -2.32241
0.00158698 0.0195116 -2.32156
0.000969992 0.0193094 -2.32072
0.000368894 0.0190594 -2.31989
-0.00016838 0.0187452 -2.31911
-0.000598667 0.0184228 -2.31838
-0.000915321 0.0180909 -2.3177
-0.001106 0.0177765 -2.31707
-0.00117775 0.0174444 -2.31646
-0.00112465 0.0170829 -2.3159
-0.0010281 0.0166731 -2.31537
-0.000965631 0.0162172 -2.3149
-0.00094128 0.0157245 -2.31449
-0.000953713 0.0152115 -2.31417
-0.00101671 0.0146592 -2.31393
-0.00111009 0.0140868 -2.31376
-0.00120794 0.0134715 -2.31368
-0.00126789 0.0128424 -2.31368
-0.00127477 0.0122115 -2.31375
-0.00120183 0.0115784 -2.31388
-0.00107382 0.0109689 -2.31407
-0.000891971 0.0104082 -2.31431
-0.000686436 0.00991545 -2.31463
-0.0004885 0.00946853 -2.31503
-0.000339506 0.0090406 -2.3155
-0.000276737 0.0086326 -2.31607
-0.00029835 0.00824923 -2.31673
-0.000412268 0.00788903 -2.31748
-0.000587321 0.00754525 -2.3183
-0.000785374 0.00724013 -2.3192
-0.000968196 0.0070097 -2.32015
-0.00108651 0.00687477 -2.32113
-0.0011362 0.00681429 -2.32213
-0.00113323 0.0067989 -2.32311
-0.00106069 0.00678689 -2.32409
-0.000977218 0.00676704 -2.32503
-0.000888658 0.0067611 -2.32593
-0.000829874 0.00672939 -2.3268
-0.000839825 0.00668363 -2.32762
-0.00089739 0.0066202 -2.3284
-0.00103551 0.0065434 -2.32913
-0.00122823 0.00648184 -2.3298
-0.00148614 0.00642204 -2.3304
-0.00174635 0.00633946 -2.33093
-0.00199029 0.00621711 -2.33141
-0.00223019 0.00608572 -2.33187
-0.00243978 0.00592606 -2.33225
-0.00260731 0.00574364 -2.33257
-0.00273967 0.00552298 -2.33283
-0.00286504 0.00525933 -2.33303
-0.00298785 0.00493973 -2.3332
-0.00311375 0.00458851 -2.33336
-0.00321588 0.00421575 -2.33349
-0.00335465 0.00382479 -2.33364
-0.00346938 0.0034018 -2.33379
-0.00357145 0.00295756 -2.33395
-0.00364143 0.00255019 -2.33411
-0.00365018 0.00220028 -2.33427
-0.00362792 0.00189688 -2.33441
-0.00355069 0.00163685 -2.33455
-0.00339894 0.00138581 -2.33468
-0.00320781 0.0011534 -2.3348
-0.0030063 0.000926035 -2.33492
-0.00283306 0.00070928 -2.33505
-0.00266171 0.000459123 -2.33519
-0.00248437 0.000197389 -2.33534
-0.00234417 -4.49755e-06 -2.33548
-0.00222467 -0.000180298 -2.33561
-0.00214712 -0.000370831 -2.33571
-0.00203301 -0.000533843 -2.33581
-0.00189943 -0.000653575 -2.33592
-0.00172867 -0.000771264 -2.33604
-0.00154654 -0.000857095 -2.33616
-0.00136586 -0.000889225 -2.33625
-0.00115729 -0.000897452 -2.33633
-0.000945974 -0.000923791 -2.33638
-0.000709029 -0.000960975 -2.33642
-0.000486334 -0.00100192 -2.33643
-0.000278627 -0.00105752 -2.33645
-2.38991e-05 -0.00115455 -2.33646
0.000215189 -0.00133285 -2.33649
0.000470888 -0.00157645 -2.33651
0.000721117 -0.0018262 -2.33653
0.00102265 -0.00206042 -2.33655
0.00134704 -0.00233333 -2.33653
0.00166168 -0.00267552 -2.33649
0.00201764 -0.00308782 -2.33642
0.00235311 -0.00354144 -2.33633
0.00269251 -0.00400769 -2.33623
0.00300853 -0.00443907 -2.33613
0.00331823 -0.00485496 -2.336
0.00360296 -0.00521295 -2.33586
0.00386765 -0.00551 -2.33572
0.00410232 -0.00577726 -2.33559
0.00425944 -0.00601407 -2.33547
0.00439104 -0.00626345 -2.33536
0.00449982 -0.00656614 -2.33525
0.00468175 -0.00689615 -2.33514
0.00486315 -0.00720932 -2.33501
0.00505006 -0.00749087 -2.33488
0.00524225 -0.00775797 -2.33472
0.00544089 -0.00798581 -2.33456
0.00571918 -0.00815586 -2.33438
0.00597515 -0.00831118 -2.3342
0.00621101 -0.0084352 -2.33402
0.006413 -0.00857818 -2.33387
0.00668399 -0.00870125 -2.33371
0.00693646 -0.00876972 -2.33356
0.00707612 -0.00868206 -2.3334
0.00729184 -0.0086007 -2.33321
0.00755652 -0.00849509 -2.333
0.00792256 -0.0084701 -2.33277
0.0083228 -0.00862222 -2.33251
0.00879593 -0.00893367 -2.33224
0.00932189 -0.00928801 -2.33198
0.0099486 -0.00964884 -2.33176
0.0106552 -0.0100638 -2.33154
0.0112776 -0.0105215 -2.33135
0.0119205 -0.0110501 -2.33118
0.01255 -0.0116541 -2.33107
0.013212 -0.01234 -2.33102
0.0138216 -0.0130871 -2.33102
0.014354 -0.0138512 -2.33105
0.0147946 -0.0146677 -2.33111
0.0153871 -0.0157157 -2.33118
0.0159695 -0.0168162 -2.33127
0.0164982 -0.0179019 -2.33135
0.016969 -0.0189564 -2.33143
0.01735 -0.019966 -2.33151
0.0175046 -0.0206914 -2.33157
0.0176581 -0.0213831 -2.33159
0.0178111 -0.0220042 -2.33157
0.0179359 -0.0225244 -2.33154
0.0179462 -0.0228933 -2.33151
0.017805 -0.0230037 -2.3315
0.0173913 -0.0227352 -2.33154
0.0166918 -0.0220162 -2.3316
0.0158932 -0.0212461 -2.33168
0.0147503 -0.0200432 -2.33177
0.0132933 -0.0184457 -2.33183
0.0116066 -0.0165404 -2.33186
0.00978066 -0.0143997 -2.33184
0.00791912 -0.0120982 -2.3318
0.00614287 -0.00972192 -2.33175
0.0045141 -0.00732207 -2.33172
0.00306961 -0.00488074 -2.33173
0.00203651 -0.00263614 -2.33181
0.00123876 -0.000524218 -2.33194
0.000662427 0.00140185 -2.33217
0.000260484 0.00312864 -2.33248
4.4133e-06 0.00463286 -2.33289
-9.55405e-05 0.00587649 -2.33342
-4.72357e-05 0.00684695 -2.33407
0.000115489 0.007515 -2.33487
0.000380646 0.00783915 -2.33577
0.000473514 0.00828459 -2.33675
0.000743771 0.00835185 -2.33781
0.00150061 0.00781614 -2.3389
0.00239632 0.00711478 -2.34
0.00340114 0.00627074 -2.3411
0.00445873 0.00529721 -2.34218
0.00551334 0.0041863 -2.3432
0.00651651 0.00298023 -2.34418
0.00742254 0.00172179 -2.3451
0.00810838 0.000638275 -2.34599
0.00867544 -0.000447626 -2.34683
0.0091182 -0.00149945 -2.34759
0.00939851 -0.00251601 -2.34828
0.00956151 -0.00350069 -2.34888
0.009789 -0.00459827 -2.3494
0.00995955 -0.00567908 -2.34982
0.0100867 -0.00676183 -2.35015
0.0101689 -0.00786519 -2.3504
0.0100425 -0.0088635 -2.35059
0.00991371 -0.00981693 -2.35073
0.00972268 -0.0107131 -2.35082
0.00963315 -0.0116661 -2.35087
0.00947781 -0.0125768 -2.35085
0.00930047 -0.0134405 -2.35078
0.00908607 -0.0142463 -2.35068
0.00883037 -0.0149881 -2.35053
0.00855383 -0.015673 -2.35032
0.00826092 -0.0162696 -2.35006
0.00796936 -0.0167772 -2.34977
0.007483 -0.0171989 -2.34943
0.00702539 -0.0175691 -2.34901
0.00660719 -0.0178948 -2.34854
0.00625101 -0.0181886 -2.34801
0.00596584 -0.0184631 -2.34746
0.00575802 -0.0187123 -2.34689
0.00558946 -0.0189379 -2.34632
0.00544542 -0.0191443 -2.34576
0.00532971 -0.0193255 -2.34522
0.00519819 -0.0194595 -2.34474
0.00507437 -0.0195825 -2.34431
0.00495093 -0.0196937 -2.34393
0.00485539 -0.0198209 -2.3436
0.00481927 -0.0199981 -2.34331
0.00484183 -0.0202367 -2.34307
0.00495792 -0.0205468 -2.34289
0.00515738 -0.0209169 -2.34276
0.00544904 -0.0213419 -2.3427
0.00581902 -0.0218046 -2.3427
0.00624367 -0.0223132 -2.34273
0.00669862 -0.022831 -2.34281
0.0071546 -0.0233615 -2.34294
0.00759331 -0.0239163 -2.34307
0.00799377 -0.0245077 -2.3432
0.00835746 -0.0251288 -2.34332
0.00867187 -0.0257913 -2.34343
0.00890163 -0.0264811 -2.34352
0.00906064 -0.0271774 -2.34359
0.00915101 -0.0278662 -2.34364
0.00915428 -0.028513 -2.34365
0.00909434 -0.029102 -2.34364
0.00895536 -0.0296285 -2.34358
0.00875818 -0.0301007 -2.34349
0.00850585 -0.0305059 -2.34337
0.00819688 -0.0308678 -2.34323
0.00784364 -0.0312059 -2.34305
0.00744155 -0.031529 -2.34283
0.00702047 -0.031827 -2.3426
0.00658359 -0.0320494 -2.34237
0.00612634 -0.0322152 -2.34214
0.00567145 -0.0323301 -2.34193
0.00521908 -0.0323887 -2.34173
0.0048073 -0.0323781 -2.34154
0.00442509 -0.0323162 -2.34138
0.0041026 -0.0322282 -2.34122
0.00383967 -0.0321496 -2.34107
0.00364015 -0.0321034 -2.34095
0.00352704 -0.0320768 -2.34084
0.00345039 -0.0320495 -2.34078
0.0034423 -0.0319845 -2.34075
0.00347968 -0.0318804 -2.34077
0.00353936 -0.0317619 -2.34084
0.00361782 -0.031662 -2.34094
0.00368021 -0.0315755 -2.34108
0.00373565 -0.0315007 -2.34123
0.00378391 -0.0314291 -2.34139
0.00380922 -0.0313545 -2.34157
0.0038058 -0.0313174 -2.34176
0.00380494 -0.0313339 -2.34196
0.00380583 -0.0313999 -2.34215
0.00381613 -0.031482 -2.34234
0.00383221 -0.0315841 -2.34252
0.00384374 -0.0316991 -2.34267
0.00385633 -0.031811 -2.34281
0.00384528 -0.0318969 -2.34293
0.00377869 -0.0319406 -2.34302
0.00366164 -0.0319482 -2.34311
0.00348649 -0.0319489 -2.3432
0.00325567 -0.0319567 -2.34328
0.00297154 -0.0319897 -2.34337
0.00264481 -0.0320364 -2.34346
0.002313 -0.0320866 -2.34356
0.0019861 -0.0320997 -2.34367
0.00166608 -0.0320399 -2.34378
0.00139558 -0.0319111 -2.34385
0.00114644 -0.0317237 -2.3439
0.000931601 -0.0314947 -2.34394
0.000716135 -0.0312773 -2.34397
0.000508061 -0.0310973 -2.34401
0.000258474 -0.0309423 -2.3441
-5.95107e-05 -0.030784 -2.34423
-0.000446274 -0.030589 -2.34441
-0.00087931 -0.0303375 -2.34464
-0.00136571 -0.0300334 -2.34492
-0.00186175 -0.0296798 -2.34523
-0.00234133 -0.0293118 -2.34558
-0.00275836 -0.0289609 -2.34595
-0.00309412 -0.0286394 -2.34632
-0.00334532 -0.0283381 -2.34667
-0.00350979 -0.0280192 -2.34703
-0.0035992 -0.0276571 -2.34739
-0.00364136 -0.0272173 -2.34776
-0.00368433 -0.0267285 -2.34817
-0.00375156 -0.0262315 -2.34864
-0.00386195 -0.0257573 -2.34917
-0.00399746 -0.0253246 -2.34974
-0.00417013 -0.0249529 -2.35034
-0.00435977 -0.0246665 -2.35097
-0.00453361 -0.02446 -2.35158
-0.00467994 -0.0243266 -2.35213
-0.00478836 -0.0242361 -2.35264
-0.00488745 -0.0241985 -2.3531
-0.00499422 -0.0242162 -2.35352
-0.00512549 -0.0242801 -2.35392
-0.00531486 -0.0243996 -2.35428
-0.00555673 -0.024576 -2.35461
-0.00585554 -0.0248097 -2.35491
-0.00619416 -0.0251054 -2.35517
-0.00658458 -0.0254831 -2.3554
-0.00699947 -0.0258418 -2.35556
-0.00736877 -0.0260631 -2.35561
-0.00755414 -0.0259834 -2.35558
-0.00746074 -0.0254888 -2.35549
-0.00702707 -0.024519 -2.35534
-0.00599446 -0.0228047 -2.35514
-0.00467136 -0.0207698 -2.35492
-0.00311141 -0.0184538 -2.3547
-0.00141458 -0.0159262 -2.35452
0.00035401 -0.0132816 -2.35438
0.00212147 -0.0106446 -2.35428
0.00384964 -0.00792427 -2.35419
0.00546398 -0.00523112 -2.35407
0.00679215 -0.00278538 -2.35391
0.00788546 -0.000474678 -2.3537
0.00874368 0.00166128 -2.35343
0.00940165 0.00356212 -2.35309
0.00988103 0.00517594 -2.35273
0.0101977 0.00648122 -2.35233
0.0103657 0.00747673 -2.35189
0.0107226 0.00868216 -2.35137
0.0109344 0.00959444 -2.35079
0.0110224 0.0102109 -2.35017
0.0109928 0.010559 -2.34948
0.0106026 0.0104349 -2.34874
0.0101229 0.0102447 -2.34796
0.00956246 0.0100509 -2.34714
0.00891574 0.00979585 -2.3463
0.0082228 0.00944565 -2.34545
0.00750941 0.00903272 -2.34461
0.00687968 0.0088598 -2.34381
0.00630448 0.00864963 -2.34308
0.00586554 0.00838984 -2.34243
0.00555621 0.00809319 -2.34187
0.00538098 0.00775611 -2.34137
0.00538061 0.00741075 -2.34094
0.00556272 0.00702764 -2.34055
0.00589286 0.00660652 -2.3402
0.00630627 0.00616023 -2.33992
0.00680241 0.00567739 -2.33973
0.00735614 0.00520306 -2.33962
0.00797497 0.00473855 -2.33961
0.00865051 0.00428247 -2.3397
0.00937107 0.00380784 -2.3399
0.0100227 0.00323598 -2.34018
0.0107286 0.00269791 -2.34052
0.0114802 0.00221111 -2.34091
0.0122978 0.00177638 -2.34136
0.0131527 0.0014313 -2.34187
0.0140249 0.00116986 -2.34245
0.0148796 0.000999017 -2.34308
0.0159025 0.00094975 -2.34377
0.0168585 0.000957825 -2.34453
0.0177374 0.00101808 -2.34535
0.018536 0.0011186 -2.34621
0.0192607 0.00123028 -2.34713
0.0199253 0.00138513 -2.3481
0.0205674 0.00159055 -2.34909
0.0211654 0.00185694 -2.35007
0.021738 0.00220188 -2.35103
0.0222693 0.00258114 -2.35197
0.0227402 0.00295926 -2.35285
0.0231646 0.00331583 -2.35369
0.0234846 0.00365344 -2.35447
0.0237248 0.00397428 -2.35518
0.0238559 0.00426005 -2.35581
0.0238917 0.00448642 -2.35636
0.023823 0.00468321 -2.35683
0.0236876 0.00482792 -2.35721
0.023501 0.00493488 -2.35752
0.023305 0.00500611 -2.35778
0.0230772 0.00506057 -2.35797
0.0228184 0.00511684 -2.3581
0.0225841 0.00513974 -2.35818
0.0223758 0.00514394 -2.35823
0.0222025 0.0051009 -2.35825
0.0220304 0.00501363 -2.35826
0.0219173 0.00488247 -2.35829
0.0218594 0.00474266 -2.35832
0.0218628 0.0046064 -2.35838
0.0219495 0.00446618 -2.35849
0.0221268 0.00434271 -2.3586
0.0224181 0.00426924 -2.35871
0.0228315 0.00426647 -2.35886
0.0233077 0.00430515 -2.35902
0.0238913 0.00436341 -2.35921
0.0245619 0.00443324 -2.35944
0.0252859 0.00452959 -2.35971
0.0260407 0.00466682 -2.36001
0.0267775 0.00483384 -2.36033
0.0275251 0.00506422 -2.36064
0.0282708 0.00534086 -2.36096
0.0289776 0.00564519 -2.36127
0.0296405 0.00595405 -2.36158
0.0302495 0.00626848 -2.36187
0.0308149 0.00654966 -2.36214
0.0312897 0.00681779 -2.36239
0.0316821 0.00707156 -2.36258
0.0319864 0.00732725 -2.36276
0.0322006 0.00759444 -2.36291
0.0323383 0.00787653 -2.36303
0.0323865 0.00813392 -2.36312
0.0323298 0.00835264 -2.3632
0.0322268 0.00855062 -2.36329
0.0320588 0.00873648 -2.3634
0.0318635 0.00889635 -2.36349
0.0316123 0.00899 -2.36357
0.031365 0.00900036 -2.36364
0.0311087 0.00897477 -2.36367
0.0308641 0.00895056 -2.36368
0.0306823 0.00893882 -2.36368
0.0305055 0.00890582 -2.3637
0.0303725 0.00888523 -2.36373
0.0302394 0.00884622 -2.36378
0.0301233 0.00876597 -2.36387
0.0300189 0.00863288 -2.364
0.0298997 0.00847 -2.36416
0.029803 0.00829305 -2.36435
0.0297117 0.00812616 -2.36456
0.0296577 0.0079969 -2.36475
0.0296386 0.00792775 -2.36493
0.0296762 0.00793479 -2.36512
0.0297378 0.00801552 -2.3653
0.0298306 0.0081129 -2.36546
0.0299785 0.00820343 -2.36561
0.0301374 0.00828387 -2.36575
0.0303103 0.00837095 -2.36587
0.0304775 0.00846618 -2.36599
0.0307244 0.008543 -2.3661
0.030979 0.0086183 -2.36618
0.0312176 0.00865372 -2.36626
0.0314607 0.00866248 -2.36633
0.0317151 0.00866843 -2.36636
0.0319726 0.00870672 -2.36634
0.032207 0.0087705 -2.36629
0.0324534 0.00883041 -2.36616
0.0326648 0.00886466 -2.36601
0.0328894 0.00887288 -2.36579
0.0331064 0.00883374 -2.3655
0.0333287 0.00876962 -2.36517
0.0336153 0.0086456 -2.36482
0.0339359 0.00838987 -2.36446
0.034299 0.00804074 -2.36409
0.0346742 0.00764608 -2.36371
0.0351418 0.00718933 -2.36332
0.0356655 0.00661113 -2.36293
0.0360932 0.00583764 -2.36254
0.0364817 0.00497239 -2.36218
0.0368195 0.00404712 -2.36184
0.0371442 0.00309547 -2.36155
0.0375763 0.00205404 -2.3613
0.0379842 0.000972398 -2.3611
0.0383625 -0.000114153 -2.36096
0.0387546 -0.00123589 -2.36086
0.0391559 -0.00235661 -2.36077
0.0395607 -0.00343352 -2.36069
0.0399355 -0.00446565 -2.36064
0.0402892 -0.00547377 -2.3606
0.0406996 -0.00646147 -2.36055
0.0409127 -0.00712776 -2.36052
0.0410828 -0.00764957 -2.36049
0.041112 -0.00790789 -2.36046
0.0409325 -0.00776996 -2.36046
0.0404819 -0.00712616 -2.36052
0.0397278 -0.00596517 -2.36064
0.0389425 -0.00467349 -2.3608
0.0378593 -0.00299112 -2.36098
0.0365311 -0.00100496 -2.36115
0.035011 0.00123324 -2.3613
0.0333767 0.00364998 -2.36141
0.0317149 0.0061843 -2.36151
0.030105 0.00876921 -2.3616
0.0286333 0.0113497 -2.36166
0.0273283 0.0138762 -2.36176
0.0263465 0.0160086 -2.36191
0.025523 0.0179242 -2.36213
0.0248505 0.0196179 -2.36242
0.0243342 0.0210813 -2.36281
0.0239513 0.022311 -2.36331
0.0236876 0.0232627 -2.36391
0.0235191 0.023897 -2.36463
0.0234652 0.0241923 -2.36545
0.0232756 0.0245531 -2.36637
0.0231862 0.024635 -2.36736
0.0232331 0.0245425 -2.36843
0.0234583 0.0243796 -2.36954
0.023855 0.0241642 -2.37071
0.0244033 0.02392 -2.37191
0.0251007 0.0236876 -2.37314
0.0260443 0.0233926 -2.37441
0.0270073 0.0231857 -2.37571
0.0277859 0.0232396 -2.37705
0.0284832 0.0233211 -2.37841
0.0291124 0.023393 -2.37975
0.029648 0.0234541 -2.38104
0.0301174 0.0234876 -2.38227
0.0305162 0.0234806 -2.38341
0.0308475 0.0233934 -2.38449
0.0311479 0.0232087 -2.38553
0.0314164 0.0228986 -2.3865
0.0316686 0.022477 -2.38745
0.0319343 0.0219271 -2.38836
0.0322206 0.0212526 -2.38921
0.0324629 0.0204432 -2.39
0.0326934 0.0195055 -2.39069
0.0328875 0.0184544 -2.39126
0.0330146 0.0173075 -2.3917
0.0330579 0.0160826 -2.392
0.033001 0.0148078 -2.39215
0.0328456 0.0135232 -2.39218
0.0326009 0.0122459 -2.39205
0.0323155 0.0110163 -2.39179
0.0320512 0.00984076 -2.39139
0.0318352 0.00873074 -2.39083
0.0316727 0.00767137 -2.39014
0.0315604 0.0066915 -2.38931
0.0314922 0.00582316 -2.38837
0.0314538 0.00506699 -2.38733
0.0314177 0.00444966 -2.38619
0.0313705 0.0039648 -2.38497
0.0313182 0.00360081 -2.3837
0.0312508 0.00334967 -2.38238
0.0311882 0.00319258 -2.38107
0.0311625 0.0030869 -2.37976
0.0311828 0.00301856 -2.37847
0.0312793 0.00298549 -2.37725
0.0314668 0.00299732 -2.3761
0.031777 0.00305098 -2.37502
0.0321903 0.00311909 -2.37402
0.0327019 0.00318125 -2.37309
0.033313 0.0032482 -2.37222
0.034013 0.00330439 -2.37146
0.0347675 0.00335351 -2.3708
0.0355548 0.00336907 -2.37023
0.0363677 0.0033489 -2.36976
0.0371809 0.00327445 -2.36939
0.0379737 0.0031642 -2.36911
0.0387376 0.00302086 -2.3689
0.0395017 0.00280386 -2.36873
0.040241 0.00255056 -2.3686
0.0409495 0.00227656 -2.36849
0.0416452 0.00197441 -2.36839
0.0423114 0.00163038 -2.36833
0.0429224 0.00126301 -2.36831
0.0434528 0.000864671 -2.36833
0.0438949 0.00045216 -2.3684
0.0442172 4.36072e-05 -2.3685
0.044413 -0.000373199 -2.36863
0.0444862 -0.000770943 -2.36877
0.044459 -0.00112221 -2.36892
0.0443718 -0.00143829 -2.36905
0.0442182 -0.00171792 -2.36917
0.0440131 -0.00195624 -2.36925
0.0438058 -0.00215299 -2.36931
0.0436035 -0.00233783 -2.36937
0.0434012 -0.00254712 -2.36944
0.0431974 -0.00276132 -2.36952
0.0429908 -0.00294316 -2.36963
0.0427765 -0.00304264 -2.36974
0.0425441 -0.00306498 -2.36988
0.0422924 -0.00301024 -2.37001
0.0420125 -0.00289837 -2.37014
0.041727 -0.00273427 -2.37026
0.0414475 -0.00256732 -2.37038
0.0411985 -0.00245354 -2.37051
0.0409622 -0.00239551 -2.37064
0.0407574 -0.00237834 -2.37077
0.0405791 -0.00239604 -2.37088
0.0404065 -0.00243434 -2.37098
0.0402534 -0.00246561 -2.37109
0.0400947 -0.00244401 -2.37119
0.0399444 -0.00236082 -2.37129
0.0397804 -0.00223281 -2.37138
0.0396005 -0.00210072 -2.37149
0.039383 -0.00200836 -2.3716
0.0391515 -0.00196337 -2.37172
0.0389069 -0.00197145 -2.37184
0.0386688 -0.00200415 -2.37196
0.0384483 -0.00202257 -2.37207
0.0382429 -0.00200708 -2.37215
0.0380523 -0.00195633 -2.37221
0.0378408 -0.00185353 -2.37224
0.0376118 -0.00171731 -2.37226
0.0373279 -0.0015698 -2.37231
0.0369712 -0.00144699 -2.37238
0.0365411 -0.00136497 -2.37247
0.0360471 -0.0013097 -2.37262
0.0355252 -0.00124812 -2.3728
0.0350474 -0.0010485 -2.37302
0.0345883 -0.000810944 -2.37326
0.0341434 -0.000566827 -2.37351
0.0337235 -0.000313363 -2.37377
0.0333041 -2.54898e-05 -2.37404
0.0328356 0.000319345 -2.37431
0.0322724 0.000662084 -2.37463
0.0316684 0.00105251 -2.37497
0.0309021 0.00130493 -2.37532
0.0299637 0.00138474 -2.37569
0.0287149 0.00111522 -2.37607
0.0273031 0.000701883 -2.37646
0.0257576 0.000144662 -2.37682
0.0241155 -0.000564505 -2.37718
0.0224474 -0.00143046 -2.37752
0.0208163 -0.00246527 -2.37781
0.01926 -0.00369375 -2.37808
0.0177938 -0.00506546 -2.37827
0.0164265 -0.00654972 -2.37841
0.0151703 -0.00811364 -2.3785
0.0139164 -0.00980673 -2.37859
0.0127578 -0.0115497 -2.37869
0.0116946 -0.0133002 -2.37882
0.0108104 -0.0148052 -2.37898
0.00994616 -0.0161846 -2.3792
0.00910869 -0.0174058 -2.37947
0.0083113 -0.018466 -2.37981
0.00759154 -0.0193455 -2.38018
0.00696827 -0.0200406 -2.38059
0.00624471 -0.0208882 -2.38103
0.00580927 -0.0213104 -2.38149
0.00546404 -0.0215649 -2.38196
0.00524855 -0.021558 -2.38243
0.00492727 -0.0217004 -2.38289
0.00483627 -0.0214971 -2.38331
0.00504848 -0.0208546 -2.3837
0.00560597 -0.0197499 -2.38403
0.00648383 -0.0182055 -2.3843
0.00761641 -0.0162985 -2.38455
0.0088925 -0.0141434 -2.38479
0.0101806 -0.0118746 -2.38504
0.0113373 -0.00959468 -2.38529
0.0123003 -0.00733512 -2.38551
0.0131001 -0.00501424 -2.38573
0.0136857 -0.00273043 -2.38589
0.0140702 -0.000493976 -2.38601
0.0141617 0.00139014 -2.38604
0.0141481 0.00309846 -2.38599
0.0140637 0.00459713 -2.38582
0.0139292 0.00585496 -2.38555
0.0137568 0.00684439 -2.38516
0.0135318 0.00757554 -2.38468
0.0132356 0.00805639 -2.3841
0.0128861 0.00828933 -2.38344
0.0126709 0.00862635 -2.38269
0.0123929 0.00876545 -2.38188
0.0120512 0.00876399 -2.38103
0.0116971 0.00863711 -2.38017
0.0113542 0.00838573 -2.37929
0.0108804 0.0078259 -2.37843
0.0104179 0.00723154 -2.37762
0.00996208 0.00659829 -2.37684
0.00965295 0.00616788 -2.37615
0.00940067 0.00571788 -2.37554
0.00920085 0.00521581 -2.37501
0.00910016 0.00469483 -2.37454
0.00909882 0.00418053 -2.37412
0.00916431 0.00367872 -2.37375
0.00929635 0.00317599 -2.3734
0.00948926 0.00264398 -2.3731
0.00968886 0.00209287 -2.37283
0.00987132 0.00155212 -2.37261
0.0100166 0.00102417 -2.37244
0.0100834 0.000497571 -2.37234
0.0100415 -3.01915e-05 -2.37231
0.00993798 -0.000573257 -2.37235
0.00978737 -0.0011203 -2.37247
0.00962127 -0.00165356 -2.37264
0.00946164 -0.00215943 -2.37286
0.00931051 -0.00264016 -2.37311
0.00918162 -0.00306676 -2.3734
0.00907243 -0.00345821 -2.37377
0.00900857 -0.00380483 -2.37417
0.00895348 -0.00410292 -2.37463
0.00889719 -0.00437588 -2.37517
0.00883808 -0.00460073 -2.37577
0.00874977 -0.00480662 -2.37645
0.00867533 -0.00499091 -2.3772
0.00859776 -0.00511492 -2.378
0.00852232 -0.00519122 -2.37885
0.00849584 -0.00521887 -2.37974
0.00853906 -0.00520502 -2.38064
0.00862933 -0.00516005 -2.38156
0.00879365 -0.00507759 -2.38243
0.00899976 -0.00497499 -2.38326
0.00925513 -0.00485466 -2.38406
0.00952105 -0.00473845 -2.38482
0.00975834 -0.00462543 -2.38554
0.00998051 -0.00454501 -2.38621
0.0101528 -0.0044941 -2.38683
0.0102697 -0.00445703 -2.38738
0.0103153 -0.00441859 -2.38786
0.0103297 -0.00442343 -2.38828
0.0103157 -0.00449007 -2.38863
0.0102784 -0.00461644 -2.38893
0.0102417 -0.0047744 -2.38918
0.0101892 -0.00495943 -2.38937
0.0101273 -0.00515616 -2.3895
0.0100709 -0.0053891 -2.38961
0.0100371 -0.00568081 -2.3897
0.0100431 -0.00602028 -2.38977
0.0100463 -0.00639914 -2.38983
0.0100837 -0.00679098 -2.38988
0.0101484 -0.0071785 -2.38995
0.0102348 -0.00755085 -2.38999
0.0103089 -0.00790534 -2.39003
0.0103944 -0.00824245 -2.39009
0.0105628 -0.00857006 -2.39015
0.0107848 -0.00889013 -2.39023
0.0109937 -0.00923671 -2.39031
0.0112162 -0.00957519 -2.39038
0.0114979 -0.00987193 -2.39043
0.0118322 -0.0101389 -2.39049
0.0121719 -0.0104123 -2.39055
0.0124549 -0.0106532 -2.39059
0.0127538 -0.0108333 -2.39065
0.0130685 -0.0109952 -2.3907
0.0133909 -0.0111557 -2.39077
0.0136676 -0.0113198 -2.39085
0.0139383 -0.0114647 -2.39094
0.0142215 -0.0115842 -2.39101
0.0144623 -0.0116699 -2.39106
0.0147194 -0.0117565 -2.39111
0.0149441 -0.0118566 -2.39114
0.0151601 -0.0119827 -2.39117
0.01539 -0.012114 -2.3912
0.0156564 -0.0122543 -2.39123
0.0158982 -0.0124256 -2.39127
0.0161157 -0.0125978 -2.39133
0.0163314 -0.0127942 -2.39139
0.0165354 -0.0130314 -2.39143
0.0167402 -0.0133318 -2.39144
0.0169271 -0.0136973 -2.39143
0.0170608 -0.0140864 -2.3914
0.0172319 -0.0144815 -2.39135
0.01738 -0.0148625 -2.39128
0.0175082 -0.0152275 -2.39118
0.0176158 -0.0155793 -2.39109
0.0177151 -0.0159174 -2.39101
0.0177786 -0.0162343 -2.39092
0.0177702 -0.0165076 -2.39083
0.0177856 -0.0167687 -2.39073
0.0177408 -0.0170702 -2.39062
0.017684 -0.0174114 -2.39054
0.0176064 -0.017757 -2.39044
0.0175522 -0.0180797 -2.39034
0.0175173 -0.0183567 -2.39024
0.0174488 -0.0185895 -2.39014
0.017424 -0.0187749 -2.39006
0.0174185 -0.0188992 -2.38998
0.017429 -0.0189663 -2.38991
0.017414 -0.0190074 -2.38986
0.0174835 -0.019032 -2.38981
0.0176033 -0.0190341 -2.38974
0.0177274 -0.0189814 -2.38967
0.0178609 -0.0189071 -2.38958
0.0180183 -0.0188874 -2.38951
0.0182566 -0.0189041 -2.38941
0.0184917 -0.0189139 -2.38931
0.0187353 -0.0189737 -2.3892
0.0189463 -0.0191001 -2.3891
0.019162 -0.0192126 -2.389
0.0193688 -0.0192574 -2.38888
0.0195398 -0.0192183 -2.38873
0.0196711 -0.0191326 -2.38854
0.0197652 -0.019018 -2.3883
0.0198955 -0.0189346 -2.38801
0.0200558 -0.0189708 -2.3877
0.0203102 -0.0191308 -2.38738
0.0206265 -0.0194181 -2.38708
0.0209452 -0.0198203 -2.38682
0.0212434 -0.020322 -2.38662
0.0215005 -0.0208785 -2.38648
0.0217466 -0.0214556 -2.38637
0.0218982 -0.0220248 -2.3863
0.0220235 -0.0226109 -2.38622
0.0221186 -0.0231716 -2.38614
0.0222573 -0.0237503 -2.38604
0.0224247 -0.0243361 -2.38593
0.0225953 -0.0248833 -2.38582
0.0228115 -0.0254251 -2.38573
0.0230054 -0.0259623 -2.38568
0.0229385 -0.0260609 -2.38565
0.0227347 -0.0259546 -2.38564
0.0223638 -0.0255449 -2.38569
0.0216977 -0.0247595 -2.38579
0.0207382 -0.0236025 -2.38594
0.0195134 -0.0221006 -2.38611
0.0180604 -0.0202932 -2.38628
0.0164388 -0.0182197 -2.38641
0.0146759 -0.0159394 -2.3865
0.0128636 -0.013566 -2.38653
0.011076 -0.0111356 -2.38654
0.00939533 -0.00870607 -2.38655
0.00789453 -0.00632277 -2.38663
0.00672776 -0.00409663 -2.38678
0.00575467 -0.0019665 -2.38702
0.0049285 3.5105e-05 -2.38735
0.0042448 0.00186295 -2.38781
0.00369406 0.00348258 -2.3884
0.00328006 0.00482321 -2.38911
0.00301487 0.00586726 -2.38991
0.00293698 0.0065768 -2.39082
0.00272605 0.00742441 -2.39181
0.00277381 0.00793546 -2.39286
0.00301537 0.00818294 -2.39395
0.0037499 0.00791579 -2.39508
0.00463769 0.00746047 -2.3962
0.00562997 0.00683321 -2.39732
0.00668072 0.0060572 -2.3984
0.00775121 0.00516687 -2.39943
0.00873956 0.0042033 -2.40041
0.00960227 0.00317458 -2.40131
0.010202 0.00234193 -2.40213
0.0106327 0.00141938 -2.40288
0.0109329 0.000402995 -2.40356
0.0111023 -0.000637509 -2.40415
0.011167 -0.00165328 -2.40466
0.0112041 -0.00258668 -2.40509
0.0113734 -0.00350604 -2.40545
0.0115485 -0.00439634 -2.40569
0.0116866 -0.00530564 -2.40584
0.0115725 -0.00606447 -2.40588
0.0113471 -0.00683258 -2.40585
0.0109769 -0.00763736 -2.40576
0.0104405 -0.00849282 -2.40565
0.00992618 -0.0093716 -2.40552
0.0093063 -0.0101444 -2.40536
0.00866104 -0.010788 -2.40518
0.00801431 -0.0113484 -2.40496
0.00741759 -0.0118389 -2.40468
0.00690049 -0.0122738 -2.40434
0.00647161 -0.012656 -2.40393
0.00612273 -0.0129968 -2.40345
0.00563012 -0.0132691 -2.40292
0.00518158 -0.0135048 -2.40233
0.0047497 -0.0136977 -2.40171
0.00431643 -0.0138459 -2.40106
0.00398534 -0.0139787 -2.40041
0.00363729 -0.0140786 -2.3998
0.00330159 -0.0141768 -2.39923
0.00300172 -0.0142798 -2.39871
0.00278226 -0.014402 -2.39824
0.00248248 -0.0144879 -2.39781
0.0022837 -0.0145844 -2.39741
0.00219128 -0.0146723 -2.39706
0.00220476 -0.0147867 -2.39676
0.00232311 -0.0149255 -2.39651
0.00251654 -0.0151127 -2.3963
0.00278405 -0.0153572 -2.39615
0.00308709 -0.0156666 -2.39606
0.0034168 -0.01604 -2.39603
0.00374674 -0.016458 -2.39606
0.0040794 -0.0169161 -2.39614
0.00441572 -0.0173863 -2.39629
0.00473312 -0.017868 -2.39649
0.00504124 -0.0183435 -2.39669
0.00535889 -0.0188345 -2.39689
0.00568698 -0.0193483 -2.39707
0.00597336 -0.0199051 -2.39721
0.00620665 -0.0204801 -2.39728
0.0063725 -0.0210598 -2.39728
0.00649048 -0.0216054 -2.39726
0.00648757 -0.0220824 -2.39721
0.00636699 -0.0224505 -2.39714
0.00612061 -0.022708 -2.39704
0.00576065 -0.0228653 -2.39693
0.00531869 -0.022977 -2.39683
0.00480442 -0.0230643 -2.39668
0.00426499 -0.0231353 -2.39649
0.00373129 -0.0231805 -2.39626
0.00321736 -0.0231684 -2.396
0.00274908 -0.0231098 -2.39574
0.00230935 -0.0229867 -2.39546
0.00190344 -0.0227953 -2.39518
0.00151379 -0.022537 -2.39493
0.00114662 -0.0222143 -2.39471
0.000813699 -0.0218576 -2.39449
0.000510429 -0.0215115 -2.39429
0.000252274 -0.0211927 -2.39414
3.0801e-05 -0.0209056 -2.39401
-0.000134373 -0.0206392 -2.39391
-0.000230455 -0.0203633 -2.39384
-0.000269191 -0.0200726 -2.39381
-0.000235099 -0.0197649 -2.3938
-0.00015154 -0.0194517 -2.39381
-3.31375e-05 -0.0191377 -2.39386
0.000102116 -0.0188258 -2.39393
0.000237156 -0.0185313 -2.394
0.000362244 -0.0182551 -2.39408
0.000458805 -0.0180339 -2.39417
0.00051305 -0.0178867 -2.39427
0.00053267 -0.0177854 -2.39439
0.000533377 -0.0177259 -2.39452
0.000510229 -0.0176818 -2.39466
0.000498377 -0.0176369 -2.39479
0.000488111 -0.0175885 -2.39491
0.000504342 -0.0175162 -2.39501
0.000523448 -0.0174129 -2.39505
0.00054604 -0.0172754 -2.39506
0.000549329 -0.0171326 -2.39503
0.000493277 -0.0170236 -2.39499
0.000395339 -0.0169419 -2.39497
0.000238747 -0.0168714 -2.39497
2.32595e-05 -0.0168047 -2.39499
-0.000279927 -0.0167298 -2.39503
-0.000641037 -0.0166094 -2.39509
-0.00101763 -0.016411 -2.39518
-0.00140183 -0.0161465 -2.39524
-0.0017578 -0.015876 -2.39531
-0.00206795 -0.0156195 -2.39536
-0.00231938 -0.0153793 -2.3954
-0.00255143 -0.015148 -2.39545
-0.00278267 -0.014896 -2.39551
-0.00302989 -0.0146134 -2.3956
-0.00329352 -0.0142873 -2.39572
-0.00359126 -0.0139098 -2.39592
-0.00392956 -0.0135116 -2.39619
-0.00431681 -0.0131292 -2.39651
-0.0047164 -0.0127817 -2.39687
-0.00512333 -0.0124581 -2.39726
-0.00551243 -0.0121253 -2.39771
-0.00585043 -0.0117532 -2.39818
-0.00611395 -0.0113499 -2.39867
-0.00628046 -0.0109314 -2.39917
-0.00637845 -0.0105102 -2.39966
-0.00639831 -0.010083 -2.40015
-0.00637491 -0.00966621 -2.40064
-0.00634653 -0.00932089 -2.40116
-0.00633578 -0.00906339 -2.40171
-0.00640535 -0.00890675 -2.40227
-0.00655918 -0.00884017 -2.40284
-0.00682576 -0.00887792 -2.40342
-0.00716837 -0.00904801 -2.40395
-0.00755662 -0.00931988 -2.40443
-0.00794255 -0.00963724 -2.40483
-0.00830941 -0.00996963 -2.40514
-0.00864302 -0.0102859 -2.40538
-0.00895934 -0.0105842 -2.40559
-0.00929873 -0.0108805 -2.40578
-0.00965708 -0.0112303 -2.40597
-0.0100469 -0.0116395 -2.40615
-0.0104388 -0.0120889 -2.4063
-0.0107542 -0.0124229 -2.40639
-0.0105898 -0.0120847 -2.40639
-0.0101732 -0.0113399 -2.4063
-0.00948615 -0.010174 -2.40614
-0.00851726 -0.00862552 -2.40591
-0.00727463 -0.00672737 -2.40567
-0.0058098 -0.0045331 -2.40548
-0.00420196 -0.00216776 -2.40534
-0.00254432 0.00022345 -2.40524
-0.000904274 0.00271583 -2.40516
0.000662402 0.00517336 -2.40506
0.00207522 0.00758842 -2.40494
0.00319586 0.0096581 -2.40476
0.00410562 0.0115467 -2.40452
0.00480168 0.0132419 -2.40422
0.00532869 0.0147383 -2.40388
0.00571202 0.0160028 -2.40351
0.00599791 0.0170016 -2.40312
0.00621276 0.0177266 -2.40268
0.00659778 0.0186054 -2.40217
0.00692017 0.0192309 -2.40161
0.00714647 0.0196333 -2.40096
0.00723863 0.0198994 -2.40029
0.00720431 0.0200929 -2.39958
0.00701861 0.0202637 -2.39885
0.00667036 0.0204279 -2.39812
0.00603614 0.0204121 -2.3974
0.00534415 0.0204175 -2.39668
0.00472879 0.0206345 -2.39595
0.00414362 0.0208498 -2.3952
0.00362026 0.0210455 -2.39444
0.00317834 0.0211926 -2.39371
0.00283619 0.0212732 -2.39304
0.00264111 0.021313 -2.39244
0.00258748 0.0212906 -2.39191
0.00263276 0.0212007 -2.39144
0.00281951 0.0210462 -2.391
0.00309079 0.0208244 -2.39058
0.00342253 0.0205538 -2.39017
0.00378466 0.0202105 -2.38981
0.00414164 0.0198124 -2.3895
0.00448224 0.0193792 -2.38928
0.00482455 0.0189196 -2.38919
0.00521645 0.0184344 -2.38921
0.00566503 0.0179372 -2.38934
0.00616952 0.0174339 -2.38957
0.00674299 0.0169513 -2.38988
0.00739045 0.0164871 -2.39027
0.00808577 0.0160479 -2.39071
0.0088333 0.0156405 -2.39121
0.00956353 0.0152873 -2.39179
0.0102901 0.0150082 -2.39242
0.0109593 0.0148119 -2.39313
0.011563 0.0146856 -2.3939
0.0121165 0.0146148 -2.39478
0.012575 0.0145978 -2.39575
0.0129841 0.0146175 -2.39677
0.0133427 0.0146888 -2.39786
0.0136778 0.0148066 -2.39898
0.0140011 0.0149786 -2.40011
0.0142798 0.0151869 -2.4012
0.0145456 0.015452 -2.40221
0.0147911 0.0157229 -2.40314
0.0149787 0.0160261 -2.404
0.0151061 0.01635 -2.4048
0.0151694 0.016661 -2.40553
0.0151431 0.016946 -2.4062
0.0150274 0.0172042 -2.40681
0.014844 0.0174105 -2.40735
0.0145827 0.0175777 -2.40783
0.0142661 0.0177251 -2.40826
0.0138984 0.0178744 -2.40863
0.0135141 0.0180207 -2.40896
0.0131704 0.0181446 -2.40925
0.0128611 0.0182416 -2.40951
0.0126166 0.0182901 -2.40974
0.012433 0.0182932 -2.40995
0.0122876 0.0182454 -2.41015
0.0121884 0.0181654 -2.41032
0.0121287 0.0180495 -2.4105
0.012137 0.0178894 -2.4107
0.0122084 0.0176927 -2.41091
0.0123388 0.0175159 -2.41114
0.0125579 0.0173633 -2.41138
0.0128364 0.0172531 -2.4116
0.0131939 0.0171723 -2.41184
0.0136013 0.0171433 -2.41211
0.0140124 0.0171757 -2.41239
0.0144477 0.0172342 -2.41266
0.0149271 0.0172808 -2.41289
0.0154125 0.0172958 -2.41312
0.0158594 0.0173335 -2.41335
0.0162877 0.0173923 -2.41357
0.016697 0.017454 -2.41376
0.0170514 0.0175459 -2.41393
0.0173665 0.0176648 -2.41407
0.01765 0.0177849 -2.4142
0.0178713 0.0179156 -2.41432
0.0180528 0.0180759 -2.41443
0.0181961 0.0182598 -2.41453
0.0182915 0.0184577 -2.41461
0.0183548 0.0186055 -2.41467
0.0183679 0.0186996 -2.4147
0.0184022 0.0187587 -2.41471
0.0184213 0.0187977 -2.41469
0.0184342 0.018802 -2.41467
0.0184666 0.018784 -2.41465
0.0184762 0.0187612 -2.41462
0.0185113 0.0187292 -2.4146
0.018565 0.0186623 -2.41456
0.0186134 0.0185393 -2.41451
0.0186798 0.0183534 -2.41447
0.0187602 0.0181147 -2.41443
0.0188647 0.0178483 -2.4144
0.0189179 0.0176006 -2.4144
0.0189657 0.0174424 -2.41441
0.0190003 0.0173249 -2.41442
0.0190624 0.017242 -2.41444
0.0191476 0.0171715 -2.41445
0.0192423 0.017082 -2.41448
0.0193582 0.0169579 -2.41449
0.0194374 0.0168821 -2.41452
0.0195215 0.0168399 -2.41454
0.0196578 0.0167937 -2.41454
0.0198579 0.0167477 -2.41453
0.0200714 0.0167079 -2.41452
0.020261 0.0166328 -2.4145
0.0204833 0.016493 -2.41447
0.0207434 0.0163184 -2.41445
0.0210351 0.0161247 -2.41442
0.0212825 0.0159702 -2.41438
0.0215265 0.0158643 -2.41431
0.0217937 0.0157795 -2.4142
0.0220924 0.0156992 -2.41407
0.0223307 0.0155798 -2.41389
0.02258 0.0154082 -2.41368
0.0228976 0.0151778 -2.41344
0.0233194 0.0149595 -2.41317
0.0238099 0.0147143 -2.41288
0.0243639 0.0144008 -2.41262
0.0250159 0.0139796 -2.41235
0.0256301 0.0133591 -2.4121
0.0262359 0.0126413 -2.41187
0.026827 0.0118339 -2.41167
0.0273537 0.0109038 -2.4115
0.027858 0.00983722 -2.41137
0.0282664 0.00867765 -2.41129
0.0286363 0.00747853 -2.41124
0.0289627 0.00625382 -2.41122
0.0294252 0.00492982 -2.4112
0.0298475 0.00356654 -2.41121
0.0302102 0.00219305 -2.41122
0.0305544 0.000794728 -2.41122
0.0307733 -0.000407464 -2.41122
0.0310307 -0.00151637 -2.4112
0.0312854 -0.00253723 -2.41114
0.0315317 -0.00350161 -2.41105
0.0317735 -0.00435908 -2.41096
0.0319598 -0.00507695 -2.41086
0.0320647 -0.00563479 -2.41077
0.0320003 -0.00593301 -2.41067
0.0317153 -0.0058357 -2.4106
0.0311344 -0.00525608 -2.41061
0.0305065 -0.00457399 -2.41064
0.0296139 -0.00338709 -2.41069
0.0284502 -0.00177525 -2.41077
0.0270681 0.000138581 -2.41087
0.0255027 0.00234169 -2.41093
0.0239494 0.00462512 -2.41097
0.0224688 0.00695551 -2.41098
0.021037 0.00935131 -2.41095
0.0198024 0.0117858 -2.41093
0.0188013 0.0142291 -2.41089
0.0181471 0.0163781 -2.41089
0.017635 0.0183411 -2.41097
0.0172234 0.0200752 -2.41116
0.0168786 0.0215413 -2.41146
0.0165823 0.0227266 -2.41191
0.0163011 0.0236115 -2.41251
0.0160311 0.0241669 -2.41324
0.0158374 0.0244269 -2.41409
0.0157602 0.0244608 -2.41503
0.0156166 0.0245707 -2.41601
0.0156678 0.0244995 -2.41702
0.015918 0.024298 -2.41806
0.0163636 0.024009 -2.41915
0.0171575 0.0235851 -2.42029
0.0180366 0.0231896 -2.42149
0.0189622 0.0228483 -2.42273
0.0199253 0.0225673 -2.42402
0.0208578 0.0223217 -2.4253
0.0215383 0.0222918 -2.42656
0.0220959 0.0222033 -2.42779
0.0225246 0.0220483 -2.42896
0.0228469 0.0218379 -2.43007
0.0230791 0.0215758 -2.43112
0.0232465 0.0212451 -2.43213
0.0233939 0.0208477 -2.43312
0.0236104 0.0203786 -2.43405
0.0238709 0.0198555 -2.43494
0.0241401 0.0192126 -2.43574
0.024408 0.0184645 -2.43647
0.0246286 0.0176375 -2.4371
0.0247855 0.0167329 -2.43763
0.0248137 0.015734 -2.43804
0.0247233 0.0146662 -2.43831
0.024531 0.0135626 -2.43846
0.0242457 0.0124324 -2.4385
0.0239172 0.0113093 -2.43844
0.0235918 0.0102303 -2.43827
0.0233051 0.00918691 -2.43799
0.0230383 0.00820745 -2.43758
0.0228213 0.00730232 -2.43705
0.0226436 0.00647584 -2.43641
0.022493 0.0057231 -2.43565
0.0223578 0.00505369 -2.43479
0.0222164 0.00446894 -2.43383
0.0220741 0.00401553 -2.43278
0.0219107 0.00368183 -2.43168
0.0217454 0.00346667 -2.43052
0.0215999 0.00333615 -2.42936
0.0214922 0.00326728 -2.42822
0.0214554 0.00322651 -2.42713
0.0214894 0.00321744 -2.42609
0.0216008 0.00322524 -2.4251
0.0218032 0.00322309 -2.42418
0.0220816 0.00321824 -2.42332
0.0224401 0.00321383 -2.42253
0.0228853 0.0032033 -2.42182
0.0234059 0.00318813 -2.42117
0.0239732 0.00316659 -2.42061
0.0245847 0.00311899 -2.42013
0.0252283 0.00305216 -2.41972
0.0258857 0.00291925 -2.41938
0.0265399 0.0027517 -2.4191
0.0271825 0.00253177 -2.41889
0.0277964 0.00227149 -2.41873
0.0283896 0.00195895 -2.41859
0.028943 0.00161567 -2.41847
0.0294486 0.00125531 -2.41838
0.0298839 0.000887438 -2.41829
0.0302448 0.000530113 -2.41822
0.0305099 0.000179382 -2.41817
0.0306839 -0.000161309 -2.41814
0.0307634 -0.000490843 -2.41812
0.0307415 -0.000812095 -2.41812
0.0306356 -0.00114442 -2.41813
0.0304576 -0.00148379 -2.41815
0.030212 -0.00180055 -2.41815
0.0299109 -0.00208066 -2.41816
0.0295586 -0.00232181 -2.41818
0.0291928 -0.00253405 -2.41819
0.0288209 -0.00269276 -2.4182
0.0284727 -0.00281036 -2.41819
0.0281299 -0.00288015 -2.4182
0.0277857 -0.0029141 -2.41823
0.0274618 -0.00294578 -2.41826
0.0271768 -0.00298875 -2.4183
0.0269025 -0.00303414 -2.41838
0.0266257 -0.00308063 -2.41848
0.0263573 -0.0031095 -2.41862
0.0260997 -0.00310798 -2.41877
0.025857 -0.00307356 -2.41894
0.0256525 -0.00304096 -2.4191
0.0254632 -0.00299689 -2.41924
0.0253281 -0.00294322 -2.41937
0.0252219 -0.0029018 -2.41949
0.0251303 -0.00288846 -2.4196
